<?xml version="1.0" encoding="UTF-8"?>
<testsuite xmlns:xsi="http://www.w3.org/2001/XMLSchema-instance" xsi:noNamespaceSchemaLocation="https://maven.apache.org/surefire/maven-surefire-plugin/xsd/surefire-test-report-3.0.xsd" version="3.0" name="TestSuite" time="2,437.552" tests="41" errors="0" skipped="0" failures="19">
  <properties>
    <property name="awt.toolkit" value="sun.awt.X11.XToolkit"/>
    <property name="tests.url" value="http://tdev.clarolab.com/"/>
    <property name="java.specification.version" value="1.8"/>
    <property name="file.encoding.pkg" value="sun.io"/>
    <property name="sun.cpu.isalist" value=""/>
    <property name="org.uncommons.reportng.frames" value="true"/>
    <property name="sun.jnu.encoding" value="UTF-8"/>
    <property name="org.uncommons.reportng.escape-output" value="false"/>
    <property name="java.class.path" value="/var/jenkins_home/workspace/TTriage Test Selenium/target/test-classes:/var/jenkins_home/workspace/TTriage Test Selenium/target/classes:/var/jenkins_home/.m2/repository/com/clarolab/selenium/pages-framework/1.1/pages-framework-1.1.jar:/var/jenkins_home/.m2/repository/org/apache/httpcomponents/httpclient/4.3.2/httpclient-4.3.2.jar:/var/jenkins_home/.m2/repository/commons-logging/commons-logging/1.1.3/commons-logging-1.1.3.jar:/var/jenkins_home/.m2/repository/org/apache/httpcomponents/httpcore/4.3.2/httpcore-4.3.2.jar:/var/jenkins_home/.m2/repository/org/slf4j/slf4j-api/1.7.7/slf4j-api-1.7.7.jar:/var/jenkins_home/.m2/repository/com/google/code/findbugs/jsr305/3.0.0/jsr305-3.0.0.jar:/var/jenkins_home/.m2/repository/com/google/guava/guava/18.0/guava-18.0.jar:/var/jenkins_home/.m2/repository/io/appium/java-client/2.1.0/java-client-2.1.0.jar:/var/jenkins_home/.m2/repository/cglib/cglib/3.1/cglib-3.1.jar:/var/jenkins_home/.m2/repository/org/ow2/asm/asm/4.2/asm-4.2.jar:/var/jenkins_home/.m2/repository/org/codehaus/jackson/jackson-mapper-asl/1.9.13/jackson-mapper-asl-1.9.13.jar:/var/jenkins_home/.m2/repository/org/codehaus/jackson/jackson-core-asl/1.9.13/jackson-core-asl-1.9.13.jar:/var/jenkins_home/.m2/repository/org/testng/testng/6.8.8/testng-6.8.8.jar:/var/jenkins_home/.m2/repository/org/beanshell/bsh/2.0b4/bsh-2.0b4.jar:/var/jenkins_home/.m2/repository/com/beust/jcommander/1.27/jcommander-1.27.jar:/var/jenkins_home/.m2/repository/org/seleniumhq/selenium/selenium-api/2.45.0/selenium-api-2.45.0.jar:/var/jenkins_home/.m2/repository/com/google/code/gson/gson/2.3.1/gson-2.3.1.jar:/var/jenkins_home/.m2/repository/org/seleniumhq/selenium/selenium-java/2.45.0/selenium-java-2.45.0.jar:/var/jenkins_home/.m2/repository/org/seleniumhq/selenium/selenium-chrome-driver/2.45.0/selenium-chrome-driver-2.45.0.jar:/var/jenkins_home/.m2/repository/org/seleniumhq/selenium/selenium-htmlunit-driver/2.45.0/selenium-htmlunit-driver-2.45.0.jar:/var/jenkins_home/.m2/repository/net/sourceforge/htmlunit/htmlunit/2.15/htmlunit-2.15.jar:/var/jenkins_home/.m2/repository/xalan/xalan/2.7.1/xalan-2.7.1.jar:/var/jenkins_home/.m2/repository/xalan/serializer/2.7.1/serializer-2.7.1.jar:/var/jenkins_home/.m2/repository/commons-collections/commons-collections/3.2.1/commons-collections-3.2.1.jar:/var/jenkins_home/.m2/repository/org/apache/commons/commons-lang3/3.3.2/commons-lang3-3.3.2.jar:/var/jenkins_home/.m2/repository/org/apache/httpcomponents/httpmime/4.3.3/httpmime-4.3.3.jar:/var/jenkins_home/.m2/repository/net/sourceforge/htmlunit/htmlunit-core-js/2.15/htmlunit-core-js-2.15.jar:/var/jenkins_home/.m2/repository/xerces/xercesImpl/2.11.0/xercesImpl-2.11.0.jar:/var/jenkins_home/.m2/repository/xml-apis/xml-apis/1.4.01/xml-apis-1.4.01.jar:/var/jenkins_home/.m2/repository/net/sourceforge/nekohtml/nekohtml/1.9.21/nekohtml-1.9.21.jar:/var/jenkins_home/.m2/repository/net/sourceforge/cssparser/cssparser/0.9.14/cssparser-0.9.14.jar:/var/jenkins_home/.m2/repository/org/w3c/css/sac/1.3/sac-1.3.jar:/var/jenkins_home/.m2/repository/org/eclipse/jetty/jetty-websocket/8.1.15.v20140411/jetty-websocket-8.1.15.v20140411.jar:/var/jenkins_home/.m2/repository/org/eclipse/jetty/jetty-util/8.1.15.v20140411/jetty-util-8.1.15.v20140411.jar:/var/jenkins_home/.m2/repository/org/eclipse/jetty/jetty-io/8.1.15.v20140411/jetty-io-8.1.15.v20140411.jar:/var/jenkins_home/.m2/repository/org/eclipse/jetty/jetty-http/8.1.15.v20140411/jetty-http-8.1.15.v20140411.jar:/var/jenkins_home/.m2/repository/org/seleniumhq/selenium/selenium-firefox-driver/2.45.0/selenium-firefox-driver-2.45.0.jar:/var/jenkins_home/.m2/repository/org/seleniumhq/selenium/selenium-ie-driver/2.45.0/selenium-ie-driver-2.45.0.jar:/var/jenkins_home/.m2/repository/org/seleniumhq/selenium/selenium-safari-driver/2.45.0/selenium-safari-driver-2.45.0.jar:/var/jenkins_home/.m2/repository/org/seleniumhq/selenium/selenium-support/2.45.0/selenium-support-2.45.0.jar:/var/jenkins_home/.m2/repository/org/webbitserver/webbit/0.4.14/webbit-0.4.14.jar:/var/jenkins_home/.m2/repository/io/netty/netty/3.5.2.Final/netty-3.5.2.Final.jar:/var/jenkins_home/.m2/repository/org/seleniumhq/selenium/selenium-leg-rc/2.45.0/selenium-leg-rc-2.45.0.jar:/var/jenkins_home/.m2/repository/org/seleniumhq/selenium/selenium-remote-driver/2.45.0/selenium-remote-driver-2.45.0.jar:/var/jenkins_home/.m2/repository/cglib/cglib-nodep/2.1_3/cglib-nodep-2.1_3.jar:/var/jenkins_home/.m2/repository/org/apache/commons/commons-exec/1.1/commons-exec-1.1.jar:/var/jenkins_home/.m2/repository/net/java/dev/jna/jna/3.4.0/jna-3.4.0.jar:/var/jenkins_home/.m2/repository/net/java/dev/jna/platform/3.4.0/platform-3.4.0.jar:/var/jenkins_home/.m2/repository/com/codeborne/selenide/4.2.1/selenide-4.2.1.jar:/var/jenkins_home/.m2/repository/net/lightbody/bmp/browsermob-core/2.1.2/browsermob-core-2.1.2.jar:/var/jenkins_home/.m2/repository/net/lightbody/bmp/littleproxy/1.1.0-beta-bmp-13/littleproxy-1.1.0-beta-bmp-13.jar:/var/jenkins_home/.m2/repository/com/fasterxml/jackson/core/jackson-core/2.7.5/jackson-core-2.7.5.jar:/var/jenkins_home/.m2/repository/com/fasterxml/jackson/core/jackson-databind/2.7.5/jackson-databind-2.7.5.jar:/var/jenkins_home/.m2/repository/com/fasterxml/jackson/core/jackson-annotations/2.7.5/jackson-annotations-2.7.5.jar:/var/jenkins_home/.m2/repository/net/sf/uadetector/uadetector-resources/2014.10/uadetector-resources-2014.10.jar:/var/jenkins_home/.m2/repository/net/sf/uadetector/uadetector-core/0.9.22/uadetector-core-0.9.22.jar:/var/jenkins_home/.m2/repository/net/sf/qualitycheck/quality-check/1.3/quality-check-1.3.jar:/var/jenkins_home/.m2/repository/javax/annotation/jsr250-api/1.0/jsr250-api-1.0.jar:/var/jenkins_home/.m2/repository/dnsjava/dnsjava/2.1.7/dnsjava-2.1.7.jar:/var/jenkins_home/.m2/repository/org/slf4j/jcl-over-slf4j/1.7.21/jcl-over-slf4j-1.7.21.jar:/var/jenkins_home/.m2/repository/com/jcraft/jzlib/1.1.3/jzlib-1.1.3.jar:/var/jenkins_home/.m2/repository/io/netty/netty-all/4.0.39.Final/netty-all-4.0.39.Final.jar:/var/jenkins_home/.m2/repository/org/bouncycastle/bcprov-jdk15on/1.54/bcprov-jdk15on-1.54.jar:/var/jenkins_home/.m2/repository/org/bouncycastle/bcpkix-jdk15on/1.54/bcpkix-jdk15on-1.54.jar:/var/jenkins_home/.m2/repository/net/lightbody/bmp/mitm/2.1.2/mitm-2.1.2.jar:/var/jenkins_home/.m2/repository/com/codeborne/phantomjsdriver/1.3.0/phantomjsdriver-1.3.0.jar:/var/jenkins_home/.m2/repository/commons-codec/commons-codec/1.10/commons-codec-1.10.jar:/var/jenkins_home/.m2/repository/org/json/json/20180813/json-20180813.jar:/var/jenkins_home/.m2/repository/com/googlecode/json-simple/json-simple/1.1.1/json-simple-1.1.1.jar:/var/jenkins_home/.m2/repository/junit/junit/4.10/junit-4.10.jar:/var/jenkins_home/.m2/repository/org/hamcrest/hamcrest-core/1.1/hamcrest-core-1.1.jar:/var/jenkins_home/.m2/repository/com/browserstack/browserstack-local-java/1.0.3/browserstack-local-java-1.0.3.jar:/var/jenkins_home/.m2/repository/commons-io/commons-io/1.3.2/commons-io-1.3.2.jar:/var/jenkins_home/.m2/repository/org/projectlombok/lombok/1.18.4/lombok-1.18.4.jar:"/>
    <property name="java.vm.vendor" value="Oracle Corporation"/>
    <property name="sun.arch.data.model" value="64"/>
    <property name="tests.webDriverPath" value=""/>
    <property name="org.uncommons.reportng.title" value="T-triage UI Test Results"/>
    <property name="java.vendor.url" value="http://java.oracle.com/"/>
    <property name="selenium.hub" value="BROWSERSTACK"/>
    <property name="user.timezone" value=""/>
    <property name="java.vm.specification.version" value="1.8"/>
    <property name="os.name" value="Linux"/>
    <property name="sun.java.launcher" value="SUN_STANDARD"/>
    <property name="HUB_SERVER" value="BROWSERSTACK"/>
    <property name="sun.boot.library.path" value="/usr/lib/jvm/java-8-openjdk-amd64/jre/lib/amd64"/>
    <property name="sun.java.command" value="/var/jenkins_home/workspace/TTriage Test Selenium/target/surefire/surefirebooter645069864279540637.jar /var/jenkins_home/workspace/TTriage Test Selenium/target/surefire 2019-04-25T18-05-50_772-jvmRun1 surefire1126542799229510053tmp surefire_02406896354857517978tmp"/>
    <property name="surefire.test.class.path" value="/var/jenkins_home/workspace/TTriage Test Selenium/target/test-classes:/var/jenkins_home/workspace/TTriage Test Selenium/target/classes:/var/jenkins_home/.m2/repository/com/clarolab/selenium/pages-framework/1.1/pages-framework-1.1.jar:/var/jenkins_home/.m2/repository/org/apache/httpcomponents/httpclient/4.3.2/httpclient-4.3.2.jar:/var/jenkins_home/.m2/repository/commons-logging/commons-logging/1.1.3/commons-logging-1.1.3.jar:/var/jenkins_home/.m2/repository/org/apache/httpcomponents/httpcore/4.3.2/httpcore-4.3.2.jar:/var/jenkins_home/.m2/repository/org/slf4j/slf4j-api/1.7.7/slf4j-api-1.7.7.jar:/var/jenkins_home/.m2/repository/com/google/code/findbugs/jsr305/3.0.0/jsr305-3.0.0.jar:/var/jenkins_home/.m2/repository/com/google/guava/guava/18.0/guava-18.0.jar:/var/jenkins_home/.m2/repository/io/appium/java-client/2.1.0/java-client-2.1.0.jar:/var/jenkins_home/.m2/repository/cglib/cglib/3.1/cglib-3.1.jar:/var/jenkins_home/.m2/repository/org/ow2/asm/asm/4.2/asm-4.2.jar:/var/jenkins_home/.m2/repository/org/codehaus/jackson/jackson-mapper-asl/1.9.13/jackson-mapper-asl-1.9.13.jar:/var/jenkins_home/.m2/repository/org/codehaus/jackson/jackson-core-asl/1.9.13/jackson-core-asl-1.9.13.jar:/var/jenkins_home/.m2/repository/org/testng/testng/6.8.8/testng-6.8.8.jar:/var/jenkins_home/.m2/repository/org/beanshell/bsh/2.0b4/bsh-2.0b4.jar:/var/jenkins_home/.m2/repository/com/beust/jcommander/1.27/jcommander-1.27.jar:/var/jenkins_home/.m2/repository/org/seleniumhq/selenium/selenium-api/2.45.0/selenium-api-2.45.0.jar:/var/jenkins_home/.m2/repository/com/google/code/gson/gson/2.3.1/gson-2.3.1.jar:/var/jenkins_home/.m2/repository/org/seleniumhq/selenium/selenium-java/2.45.0/selenium-java-2.45.0.jar:/var/jenkins_home/.m2/repository/org/seleniumhq/selenium/selenium-chrome-driver/2.45.0/selenium-chrome-driver-2.45.0.jar:/var/jenkins_home/.m2/repository/org/seleniumhq/selenium/selenium-htmlunit-driver/2.45.0/selenium-htmlunit-driver-2.45.0.jar:/var/jenkins_home/.m2/repository/net/sourceforge/htmlunit/htmlunit/2.15/htmlunit-2.15.jar:/var/jenkins_home/.m2/repository/xalan/xalan/2.7.1/xalan-2.7.1.jar:/var/jenkins_home/.m2/repository/xalan/serializer/2.7.1/serializer-2.7.1.jar:/var/jenkins_home/.m2/repository/commons-collections/commons-collections/3.2.1/commons-collections-3.2.1.jar:/var/jenkins_home/.m2/repository/org/apache/commons/commons-lang3/3.3.2/commons-lang3-3.3.2.jar:/var/jenkins_home/.m2/repository/org/apache/httpcomponents/httpmime/4.3.3/httpmime-4.3.3.jar:/var/jenkins_home/.m2/repository/net/sourceforge/htmlunit/htmlunit-core-js/2.15/htmlunit-core-js-2.15.jar:/var/jenkins_home/.m2/repository/xerces/xercesImpl/2.11.0/xercesImpl-2.11.0.jar:/var/jenkins_home/.m2/repository/xml-apis/xml-apis/1.4.01/xml-apis-1.4.01.jar:/var/jenkins_home/.m2/repository/net/sourceforge/nekohtml/nekohtml/1.9.21/nekohtml-1.9.21.jar:/var/jenkins_home/.m2/repository/net/sourceforge/cssparser/cssparser/0.9.14/cssparser-0.9.14.jar:/var/jenkins_home/.m2/repository/org/w3c/css/sac/1.3/sac-1.3.jar:/var/jenkins_home/.m2/repository/org/eclipse/jetty/jetty-websocket/8.1.15.v20140411/jetty-websocket-8.1.15.v20140411.jar:/var/jenkins_home/.m2/repository/org/eclipse/jetty/jetty-util/8.1.15.v20140411/jetty-util-8.1.15.v20140411.jar:/var/jenkins_home/.m2/repository/org/eclipse/jetty/jetty-io/8.1.15.v20140411/jetty-io-8.1.15.v20140411.jar:/var/jenkins_home/.m2/repository/org/eclipse/jetty/jetty-http/8.1.15.v20140411/jetty-http-8.1.15.v20140411.jar:/var/jenkins_home/.m2/repository/org/seleniumhq/selenium/selenium-firefox-driver/2.45.0/selenium-firefox-driver-2.45.0.jar:/var/jenkins_home/.m2/repository/org/seleniumhq/selenium/selenium-ie-driver/2.45.0/selenium-ie-driver-2.45.0.jar:/var/jenkins_home/.m2/repository/org/seleniumhq/selenium/selenium-safari-driver/2.45.0/selenium-safari-driver-2.45.0.jar:/var/jenkins_home/.m2/repository/org/seleniumhq/selenium/selenium-support/2.45.0/selenium-support-2.45.0.jar:/var/jenkins_home/.m2/repository/org/webbitserver/webbit/0.4.14/webbit-0.4.14.jar:/var/jenkins_home/.m2/repository/io/netty/netty/3.5.2.Final/netty-3.5.2.Final.jar:/var/jenkins_home/.m2/repository/org/seleniumhq/selenium/selenium-leg-rc/2.45.0/selenium-leg-rc-2.45.0.jar:/var/jenkins_home/.m2/repository/org/seleniumhq/selenium/selenium-remote-driver/2.45.0/selenium-remote-driver-2.45.0.jar:/var/jenkins_home/.m2/repository/cglib/cglib-nodep/2.1_3/cglib-nodep-2.1_3.jar:/var/jenkins_home/.m2/repository/org/apache/commons/commons-exec/1.1/commons-exec-1.1.jar:/var/jenkins_home/.m2/repository/net/java/dev/jna/jna/3.4.0/jna-3.4.0.jar:/var/jenkins_home/.m2/repository/net/java/dev/jna/platform/3.4.0/platform-3.4.0.jar:/var/jenkins_home/.m2/repository/com/codeborne/selenide/4.2.1/selenide-4.2.1.jar:/var/jenkins_home/.m2/repository/net/lightbody/bmp/browsermob-core/2.1.2/browsermob-core-2.1.2.jar:/var/jenkins_home/.m2/repository/net/lightbody/bmp/littleproxy/1.1.0-beta-bmp-13/littleproxy-1.1.0-beta-bmp-13.jar:/var/jenkins_home/.m2/repository/com/fasterxml/jackson/core/jackson-core/2.7.5/jackson-core-2.7.5.jar:/var/jenkins_home/.m2/repository/com/fasterxml/jackson/core/jackson-databind/2.7.5/jackson-databind-2.7.5.jar:/var/jenkins_home/.m2/repository/com/fasterxml/jackson/core/jackson-annotations/2.7.5/jackson-annotations-2.7.5.jar:/var/jenkins_home/.m2/repository/net/sf/uadetector/uadetector-resources/2014.10/uadetector-resources-2014.10.jar:/var/jenkins_home/.m2/repository/net/sf/uadetector/uadetector-core/0.9.22/uadetector-core-0.9.22.jar:/var/jenkins_home/.m2/repository/net/sf/qualitycheck/quality-check/1.3/quality-check-1.3.jar:/var/jenkins_home/.m2/repository/javax/annotation/jsr250-api/1.0/jsr250-api-1.0.jar:/var/jenkins_home/.m2/repository/dnsjava/dnsjava/2.1.7/dnsjava-2.1.7.jar:/var/jenkins_home/.m2/repository/org/slf4j/jcl-over-slf4j/1.7.21/jcl-over-slf4j-1.7.21.jar:/var/jenkins_home/.m2/repository/com/jcraft/jzlib/1.1.3/jzlib-1.1.3.jar:/var/jenkins_home/.m2/repository/io/netty/netty-all/4.0.39.Final/netty-all-4.0.39.Final.jar:/var/jenkins_home/.m2/repository/org/bouncycastle/bcprov-jdk15on/1.54/bcprov-jdk15on-1.54.jar:/var/jenkins_home/.m2/repository/org/bouncycastle/bcpkix-jdk15on/1.54/bcpkix-jdk15on-1.54.jar:/var/jenkins_home/.m2/repository/net/lightbody/bmp/mitm/2.1.2/mitm-2.1.2.jar:/var/jenkins_home/.m2/repository/com/codeborne/phantomjsdriver/1.3.0/phantomjsdriver-1.3.0.jar:/var/jenkins_home/.m2/repository/commons-codec/commons-codec/1.10/commons-codec-1.10.jar:/var/jenkins_home/.m2/repository/org/json/json/20180813/json-20180813.jar:/var/jenkins_home/.m2/repository/com/googlecode/json-simple/json-simple/1.1.1/json-simple-1.1.1.jar:/var/jenkins_home/.m2/repository/junit/junit/4.10/junit-4.10.jar:/var/jenkins_home/.m2/repository/org/hamcrest/hamcrest-core/1.1/hamcrest-core-1.1.jar:/var/jenkins_home/.m2/repository/com/browserstack/browserstack-local-java/1.0.3/browserstack-local-java-1.0.3.jar:/var/jenkins_home/.m2/repository/commons-io/commons-io/1.3.2/commons-io-1.3.2.jar:/var/jenkins_home/.m2/repository/org/projectlombok/lombok/1.18.4/lombok-1.18.4.jar:"/>
    <property name="sun.cpu.endian" value="little"/>
    <property name="user.home" value="/var/jenkins_home"/>
    <property name="user.language" value="en"/>
    <property name="java.specification.vendor" value="Oracle Corporation"/>
    <property name="java.home" value="/usr/lib/jvm/java-8-openjdk-amd64/jre"/>
    <property name="basedir" value="/var/jenkins_home/workspace/TTriage Test Selenium"/>
    <property name="file.separator" value="/"/>
    <property name="line.separator" value="
"/>
    <property name="java.vm.specification.vendor" value="Oracle Corporation"/>
    <property name="java.specification.name" value="Java Platform API Specification"/>
    <property name="java.awt.graphicsenv" value="sun.awt.X11GraphicsEnvironment"/>
    <property name="org.uncommons.reportng.stylesheet" value="/var/jenkins_home/workspace/TTriage Test Selenium/etc/testng/report/stylesheet.css"/>
    <property name="surefire.real.class.path" value="/var/jenkins_home/workspace/TTriage Test Selenium/target/surefire/surefirebooter645069864279540637.jar"/>
    <property name="sun.boot.class.path" value="/usr/lib/jvm/java-8-openjdk-amd64/jre/lib/resources.jar:/usr/lib/jvm/java-8-openjdk-amd64/jre/lib/rt.jar:/usr/lib/jvm/java-8-openjdk-amd64/jre/lib/sunrsasign.jar:/usr/lib/jvm/java-8-openjdk-amd64/jre/lib/jsse.jar:/usr/lib/jvm/java-8-openjdk-amd64/jre/lib/jce.jar:/usr/lib/jvm/java-8-openjdk-amd64/jre/lib/charsets.jar:/usr/lib/jvm/java-8-openjdk-amd64/jre/lib/jfr.jar:/usr/lib/jvm/java-8-openjdk-amd64/jre/classes"/>
    <property name="sun.management.compiler" value="HotSpot 64-Bit Tiered Compilers"/>
    <property name="java.runtime.version" value="1.8.0_181-8u181-b13-2~deb9u1-b13"/>
    <property name="user.name" value="jenkins"/>
    <property name="path.separator" value=":"/>
    <property name="os.version" value="4.15.0-29-generic"/>
    <property name="java.endorsed.dirs" value="/usr/lib/jvm/java-8-openjdk-amd64/jre/lib/endorsed"/>
    <property name="java.runtime.name" value="OpenJDK Runtime Environment"/>
    <property name="file.encoding" value="UTF-8"/>
    <property name="tests.browser.path" value=""/>
    <property name="java.vm.name" value="OpenJDK 64-Bit Server VM"/>
    <property name="localRepository" value="/var/jenkins_home/.m2/repository"/>
    <property name="java.vendor.url.bug" value="http://bugreport.sun.com/bugreport/"/>
    <property name="java.io.tmpdir" value="/tmp"/>
    <property name="java.version" value="1.8.0_181"/>
    <property name="user.dir" value="/var/jenkins_home/workspace/TTriage Test Selenium"/>
    <property name="os.arch" value="amd64"/>
    <property name="java.vm.specification.name" value="Java Virtual Machine Specification"/>
    <property name="java.awt.printerjob" value="sun.print.PSPrinterJob"/>
    <property name="sun.os.patch.level" value="unknown"/>
    <property name="tests.browser" value="chrome"/>
    <property name="java.library.path" value="/usr/java/packages/lib/amd64:/usr/lib/x86_64-linux-gnu/jni:/lib/x86_64-linux-gnu:/usr/lib/x86_64-linux-gnu:/usr/lib/jni:/lib:/usr/lib"/>
    <property name="java.vm.info" value="mixed mode"/>
    <property name="java.vendor" value="Oracle Corporation"/>
    <property name="java.vm.version" value="25.181-b13"/>
    <property name="java.ext.dirs" value="/usr/lib/jvm/java-8-openjdk-amd64/jre/lib/ext:/usr/java/packages/lib/ext"/>
    <property name="sun.io.unicode.encoding" value="UnicodeLittle"/>
    <property name="java.class.version" value="52.0"/>
  </properties>
  <testcase name="testDisableConnector" classname="com.clarolab.AdminConsoleTest" time="27.22">
    <failure message="expected:&lt;[Circle]&gt; but was:&lt;[URL]&gt;" type="org.junit.ComparisonFailure"><![CDATA[org.junit.ComparisonFailure: expected:<[Circle]> but was:<[URL]>
	at com.clarolab.AdminConsoleTest.testDisableConnector(AdminConsoleTest.java:114)
]]></failure>
    <system-err><![CDATA[SLF4J: Failed to load class "org.slf4j.impl.StaticLoggerBinder".
SLF4J: Defaulting to no-operation (NOP) logger implementation
SLF4J: See http://www.slf4j.org/codes.html#StaticLoggerBinder for further details.
Apr 25, 2019 6:06:02 PM org.openqa.selenium.remote.RemoteWebDriver log
WARNING: Executing: setTimeout [44756a9900c2acee4036e1547789dba4af8b91e0, setTimeout {type=page load, ms=80000}]
Apr 25, 2019 6:06:02 PM org.openqa.selenium.remote.RemoteWebDriver log
WARNING: Executed: [44756a9900c2acee4036e1547789dba4af8b91e0, setTimeout {type=page load, ms=80000}]
Apr 25, 2019 6:06:02 PM org.openqa.selenium.remote.RemoteWebDriver log
WARNING: Executing: implicitlyWait [44756a9900c2acee4036e1547789dba4af8b91e0, implicitlyWait {ms=2000}]
Apr 25, 2019 6:06:02 PM org.openqa.selenium.remote.RemoteWebDriver log
WARNING: Executed: [44756a9900c2acee4036e1547789dba4af8b91e0, implicitlyWait {ms=2000}]
Apr 25, 2019 6:06:02 PM org.openqa.selenium.remote.RemoteWebDriver log
WARNING: Executing: get [44756a9900c2acee4036e1547789dba4af8b91e0, get {url=http://tdev.clarolab.com/}]
Apr 25, 2019 6:06:09 PM org.openqa.selenium.remote.RemoteWebDriver log
WARNING: Executed: [44756a9900c2acee4036e1547789dba4af8b91e0, get {url=http://tdev.clarolab.com/}]
Apr 25, 2019 6:06:09 PM org.openqa.selenium.remote.RemoteWebDriver log
WARNING: Executing: getCurrentUrl [44756a9900c2acee4036e1547789dba4af8b91e0, getCurrentUrl {}]
Apr 25, 2019 6:06:09 PM org.openqa.selenium.remote.RemoteWebDriver log
WARNING: Executed: [44756a9900c2acee4036e1547789dba4af8b91e0, getCurrentUrl {}]
Apr 25, 2019 6:06:09 PM org.openqa.selenium.remote.RemoteWebDriver log
WARNING: Executing: getCurrentUrl [44756a9900c2acee4036e1547789dba4af8b91e0, getCurrentUrl {}]
Apr 25, 2019 6:06:10 PM org.openqa.selenium.remote.RemoteWebDriver log
WARNING: Executed: [44756a9900c2acee4036e1547789dba4af8b91e0, getCurrentUrl {}]
Apr 25, 2019 6:06:10 PM org.openqa.selenium.remote.RemoteWebDriver log
WARNING: Executing: findElement [44756a9900c2acee4036e1547789dba4af8b91e0, findElement {using=id, value=loginForm}]
Apr 25, 2019 6:06:10 PM org.openqa.selenium.remote.RemoteWebDriver log
WARNING: Executed: [44756a9900c2acee4036e1547789dba4af8b91e0, findElement {using=id, value=loginForm}]
Apr 25, 2019 6:06:10 PM org.openqa.selenium.remote.RemoteWebDriver log
WARNING: Executing: findElement [44756a9900c2acee4036e1547789dba4af8b91e0, findElement {using=tag name, value=body}]
Apr 25, 2019 6:06:10 PM org.openqa.selenium.remote.RemoteWebDriver log
WARNING: Executed: [44756a9900c2acee4036e1547789dba4af8b91e0, findElement {using=tag name, value=body}]
Apr 25, 2019 6:06:10 PM org.openqa.selenium.remote.RemoteWebDriver log
WARNING: Executing: getElementText [44756a9900c2acee4036e1547789dba4af8b91e0, getElementText {id=1}]
Apr 25, 2019 6:06:11 PM org.openqa.selenium.remote.RemoteWebDriver log
WARNING: Executed: [44756a9900c2acee4036e1547789dba4af8b91e0, getElementText {id=1}]
Apr 25, 2019 6:06:11 PM org.openqa.selenium.remote.RemoteWebDriver log
WARNING: Executing: findElement [44756a9900c2acee4036e1547789dba4af8b91e0, findElement {using=tag name, value=body}]
Apr 25, 2019 6:06:11 PM org.openqa.selenium.remote.RemoteWebDriver log
WARNING: Executed: [44756a9900c2acee4036e1547789dba4af8b91e0, findElement {using=tag name, value=body}]
Apr 25, 2019 6:06:11 PM org.openqa.selenium.remote.RemoteWebDriver log
WARNING: Executing: getElementText [44756a9900c2acee4036e1547789dba4af8b91e0, getElementText {id=1}]
Apr 25, 2019 6:06:11 PM org.openqa.selenium.remote.RemoteWebDriver log
WARNING: Executed: [44756a9900c2acee4036e1547789dba4af8b91e0, getElementText {id=1}]
Apr 25, 2019 6:06:12 PM org.openqa.selenium.remote.RemoteWebDriver log
WARNING: Executing: findElement [44756a9900c2acee4036e1547789dba4af8b91e0, findElement {using=tag name, value=body}]
Apr 25, 2019 6:06:12 PM org.openqa.selenium.remote.RemoteWebDriver log
WARNING: Executed: [44756a9900c2acee4036e1547789dba4af8b91e0, findElement {using=tag name, value=body}]
Apr 25, 2019 6:06:12 PM org.openqa.selenium.remote.RemoteWebDriver log
WARNING: Executing: getElementText [44756a9900c2acee4036e1547789dba4af8b91e0, getElementText {id=1}]
Apr 25, 2019 6:06:13 PM org.openqa.selenium.remote.RemoteWebDriver log
WARNING: Executed: [44756a9900c2acee4036e1547789dba4af8b91e0, getElementText {id=1}]
Apr 25, 2019 6:06:13 PM org.openqa.selenium.remote.RemoteWebDriver log
WARNING: Executing: findElement [44756a9900c2acee4036e1547789dba4af8b91e0, findElement {using=id, value=email}]
Apr 25, 2019 6:06:13 PM org.openqa.selenium.remote.RemoteWebDriver log
WARNING: Executed: [44756a9900c2acee4036e1547789dba4af8b91e0, findElement {using=id, value=email}]
Apr 25, 2019 6:06:13 PM org.openqa.selenium.remote.RemoteWebDriver log
WARNING: Executing: sendKeysToElement [44756a9900c2acee4036e1547789dba4af8b91e0, sendKeysToElement {id=2, value=[Ljava.lang.CharSequence;@536dbea0}]
Apr 25, 2019 6:06:13 PM org.openqa.selenium.remote.RemoteWebDriver log
WARNING: Executed: [44756a9900c2acee4036e1547789dba4af8b91e0, sendKeysToElement {id=2, value=[Ljava.lang.CharSequence;@536dbea0}]
Apr 25, 2019 6:06:13 PM org.openqa.selenium.remote.RemoteWebDriver log
WARNING: Executing: findElement [44756a9900c2acee4036e1547789dba4af8b91e0, findElement {using=id, value=password}]
Apr 25, 2019 6:06:14 PM org.openqa.selenium.remote.RemoteWebDriver log
WARNING: Executed: [44756a9900c2acee4036e1547789dba4af8b91e0, findElement {using=id, value=password}]
Apr 25, 2019 6:06:14 PM org.openqa.selenium.remote.RemoteWebDriver log
WARNING: Executing: sendKeysToElement [44756a9900c2acee4036e1547789dba4af8b91e0, sendKeysToElement {id=3, value=[Ljava.lang.CharSequence;@747f281}]
Apr 25, 2019 6:06:14 PM org.openqa.selenium.remote.RemoteWebDriver log
WARNING: Executed: [44756a9900c2acee4036e1547789dba4af8b91e0, sendKeysToElement {id=3, value=[Ljava.lang.CharSequence;@747f281}]
Apr 25, 2019 6:06:14 PM org.openqa.selenium.remote.RemoteWebDriver log
WARNING: Executing: findElement [44756a9900c2acee4036e1547789dba4af8b91e0, findElement {using=id, value=internalLoginSubmit}]
Apr 25, 2019 6:06:14 PM org.openqa.selenium.remote.RemoteWebDriver log
WARNING: Executed: [44756a9900c2acee4036e1547789dba4af8b91e0, findElement {using=id, value=internalLoginSubmit}]
Apr 25, 2019 6:06:14 PM org.openqa.selenium.remote.RemoteWebDriver log
WARNING: Executing: isElementDisplayed [44756a9900c2acee4036e1547789dba4af8b91e0, isElementDisplayed {id=4}]
Apr 25, 2019 6:06:14 PM org.openqa.selenium.remote.RemoteWebDriver log
WARNING: Executed: [44756a9900c2acee4036e1547789dba4af8b91e0, isElementDisplayed {id=4}]
Apr 25, 2019 6:06:14 PM org.openqa.selenium.remote.RemoteWebDriver log
WARNING: Executing: isElementEnabled [44756a9900c2acee4036e1547789dba4af8b91e0, isElementEnabled {id=4}]
Apr 25, 2019 6:06:15 PM org.openqa.selenium.remote.RemoteWebDriver log
WARNING: Executed: [44756a9900c2acee4036e1547789dba4af8b91e0, isElementEnabled {id=4}]
Apr 25, 2019 6:06:15 PM org.openqa.selenium.remote.RemoteWebDriver log
WARNING: Executing: clickElement [44756a9900c2acee4036e1547789dba4af8b91e0, clickElement {id=4}]
Apr 25, 2019 6:06:15 PM org.openqa.selenium.remote.RemoteWebDriver log
WARNING: Executed: [44756a9900c2acee4036e1547789dba4af8b91e0, clickElement {id=4}]
Apr 25, 2019 6:06:15 PM org.openqa.selenium.remote.RemoteWebDriver log
WARNING: Executing: getCurrentUrl [44756a9900c2acee4036e1547789dba4af8b91e0, getCurrentUrl {}]
Apr 25, 2019 6:06:15 PM org.openqa.selenium.remote.RemoteWebDriver log
WARNING: Executed: [44756a9900c2acee4036e1547789dba4af8b91e0, getCurrentUrl {}]
Apr 25, 2019 6:06:15 PM org.openqa.selenium.remote.RemoteWebDriver log
WARNING: Executing: findElement [44756a9900c2acee4036e1547789dba4af8b91e0, findElement {using=class name, value=homeRoot}]
Apr 25, 2019 6:06:16 PM org.openqa.selenium.remote.RemoteWebDriver log
WARNING: Executed: [44756a9900c2acee4036e1547789dba4af8b91e0, findElement {using=class name, value=homeRoot}]
Apr 25, 2019 6:06:16 PM org.openqa.selenium.remote.RemoteWebDriver log
WARNING: Executing: findElement [44756a9900c2acee4036e1547789dba4af8b91e0, findElement {using=tag name, value=body}]
Apr 25, 2019 6:06:16 PM org.openqa.selenium.remote.RemoteWebDriver log
WARNING: Executed: [44756a9900c2acee4036e1547789dba4af8b91e0, findElement {using=tag name, value=body}]
Apr 25, 2019 6:06:16 PM org.openqa.selenium.remote.RemoteWebDriver log
WARNING: Executing: getElementText [44756a9900c2acee4036e1547789dba4af8b91e0, getElementText {id=1}]
Apr 25, 2019 6:06:17 PM org.openqa.selenium.remote.RemoteWebDriver log
WARNING: Executed: [44756a9900c2acee4036e1547789dba4af8b91e0, getElementText {id=1}]
Apr 25, 2019 6:06:17 PM org.openqa.selenium.remote.RemoteWebDriver log
WARNING: Executing: findElement [44756a9900c2acee4036e1547789dba4af8b91e0, findElement {using=tag name, value=body}]
Apr 25, 2019 6:06:18 PM org.openqa.selenium.remote.RemoteWebDriver log
WARNING: Executed: [44756a9900c2acee4036e1547789dba4af8b91e0, findElement {using=tag name, value=body}]
Apr 25, 2019 6:06:18 PM org.openqa.selenium.remote.RemoteWebDriver log
WARNING: Executing: getElementText [44756a9900c2acee4036e1547789dba4af8b91e0, getElementText {id=1}]
Apr 25, 2019 6:06:18 PM org.openqa.selenium.remote.RemoteWebDriver log
WARNING: Executed: [44756a9900c2acee4036e1547789dba4af8b91e0, getElementText {id=1}]
Apr 25, 2019 6:06:19 PM org.openqa.selenium.remote.RemoteWebDriver log
WARNING: Executing: findElement [44756a9900c2acee4036e1547789dba4af8b91e0, findElement {using=tag name, value=body}]
Apr 25, 2019 6:06:19 PM org.openqa.selenium.remote.RemoteWebDriver log
WARNING: Executed: [44756a9900c2acee4036e1547789dba4af8b91e0, findElement {using=tag name, value=body}]
Apr 25, 2019 6:06:19 PM org.openqa.selenium.remote.RemoteWebDriver log
WARNING: Executing: getElementText [44756a9900c2acee4036e1547789dba4af8b91e0, getElementText {id=1}]
Apr 25, 2019 6:06:20 PM org.openqa.selenium.remote.RemoteWebDriver log
WARNING: Executed: [44756a9900c2acee4036e1547789dba4af8b91e0, getElementText {id=1}]
Apr 25, 2019 6:06:20 PM org.openqa.selenium.remote.RemoteWebDriver log
WARNING: Executing: getCurrentUrl [44756a9900c2acee4036e1547789dba4af8b91e0, getCurrentUrl {}]
Apr 25, 2019 6:06:20 PM org.openqa.selenium.remote.RemoteWebDriver log
WARNING: Executed: [44756a9900c2acee4036e1547789dba4af8b91e0, getCurrentUrl {}]
Apr 25, 2019 6:06:20 PM org.openqa.selenium.remote.RemoteWebDriver log
WARNING: Executing: getCurrentUrl [44756a9900c2acee4036e1547789dba4af8b91e0, getCurrentUrl {}]
Apr 25, 2019 6:06:20 PM org.openqa.selenium.remote.RemoteWebDriver log
WARNING: Executed: [44756a9900c2acee4036e1547789dba4af8b91e0, getCurrentUrl {}]
Apr 25, 2019 6:06:20 PM org.openqa.selenium.remote.RemoteWebDriver log
WARNING: Executing: findElement [44756a9900c2acee4036e1547789dba4af8b91e0, findElement {using=class name, value=homeRoot}]
Apr 25, 2019 6:06:20 PM org.openqa.selenium.remote.RemoteWebDriver log
WARNING: Executed: [44756a9900c2acee4036e1547789dba4af8b91e0, findElement {using=class name, value=homeRoot}]
Apr 25, 2019 6:06:20 PM org.openqa.selenium.remote.RemoteWebDriver log
WARNING: Executing: get [44756a9900c2acee4036e1547789dba4af8b91e0, get {url=http://tdev.clarolab.com/admin/}]
Apr 25, 2019 6:06:22 PM org.openqa.selenium.remote.RemoteWebDriver log
WARNING: Executed: [44756a9900c2acee4036e1547789dba4af8b91e0, get {url=http://tdev.clarolab.com/admin/}]
Apr 25, 2019 6:06:22 PM org.openqa.selenium.remote.RemoteWebDriver log
WARNING: Executing: getCurrentUrl [44756a9900c2acee4036e1547789dba4af8b91e0, getCurrentUrl {}]
Apr 25, 2019 6:06:22 PM org.openqa.selenium.remote.RemoteWebDriver log
WARNING: Executed: [44756a9900c2acee4036e1547789dba4af8b91e0, getCurrentUrl {}]
Apr 25, 2019 6:06:22 PM org.openqa.selenium.remote.RemoteWebDriver log
WARNING: Executing: findElement [44756a9900c2acee4036e1547789dba4af8b91e0, findElement {using=class name, value=CenterList}]
Apr 25, 2019 6:06:23 PM org.openqa.selenium.remote.RemoteWebDriver log
WARNING: Executed: [44756a9900c2acee4036e1547789dba4af8b91e0, findElement {using=class name, value=CenterList}]
Apr 25, 2019 6:06:23 PM org.openqa.selenium.remote.RemoteWebDriver log
WARNING: Executing: findElements [44756a9900c2acee4036e1547789dba4af8b91e0, findElements {using=css selector, value=nav button}]
Apr 25, 2019 6:06:23 PM org.openqa.selenium.remote.RemoteWebDriver log
WARNING: Executed: [44756a9900c2acee4036e1547789dba4af8b91e0, findElements {using=css selector, value=nav button}]
Apr 25, 2019 6:06:23 PM org.openqa.selenium.remote.RemoteWebDriver log
WARNING: Executing: clickElement [44756a9900c2acee4036e1547789dba4af8b91e0, clickElement {id=10}]
Apr 25, 2019 6:06:23 PM org.openqa.selenium.remote.RemoteWebDriver log
WARNING: Executed: [44756a9900c2acee4036e1547789dba4af8b91e0, clickElement {id=10}]
Apr 25, 2019 6:06:23 PM org.openqa.selenium.remote.RemoteWebDriver log
WARNING: Executing: findElement [44756a9900c2acee4036e1547789dba4af8b91e0, findElement {using=tag name, value=body}]
Apr 25, 2019 6:06:23 PM org.openqa.selenium.remote.RemoteWebDriver log
WARNING: Executed: [44756a9900c2acee4036e1547789dba4af8b91e0, findElement {using=tag name, value=body}]
Apr 25, 2019 6:06:23 PM org.openqa.selenium.remote.RemoteWebDriver log
WARNING: Executing: getElementText [44756a9900c2acee4036e1547789dba4af8b91e0, getElementText {id=15}]
Apr 25, 2019 6:06:24 PM org.openqa.selenium.remote.RemoteWebDriver log
WARNING: Executed: [44756a9900c2acee4036e1547789dba4af8b91e0, getElementText {id=15}]
Apr 25, 2019 6:06:24 PM org.openqa.selenium.remote.RemoteWebDriver log
WARNING: Executing: findElement [44756a9900c2acee4036e1547789dba4af8b91e0, findElement {using=tag name, value=body}]
Apr 25, 2019 6:06:25 PM org.openqa.selenium.remote.RemoteWebDriver log
WARNING: Executed: [44756a9900c2acee4036e1547789dba4af8b91e0, findElement {using=tag name, value=body}]
Apr 25, 2019 6:06:25 PM org.openqa.selenium.remote.RemoteWebDriver log
WARNING: Executing: getElementText [44756a9900c2acee4036e1547789dba4af8b91e0, getElementText {id=15}]
Apr 25, 2019 6:06:26 PM org.openqa.selenium.remote.RemoteWebDriver log
WARNING: Executed: [44756a9900c2acee4036e1547789dba4af8b91e0, getElementText {id=15}]
Apr 25, 2019 6:06:26 PM org.openqa.selenium.remote.RemoteWebDriver log
WARNING: Executing: findElement [44756a9900c2acee4036e1547789dba4af8b91e0, findElement {using=tag name, value=body}]
Apr 25, 2019 6:06:26 PM org.openqa.selenium.remote.RemoteWebDriver log
WARNING: Executed: [44756a9900c2acee4036e1547789dba4af8b91e0, findElement {using=tag name, value=body}]
Apr 25, 2019 6:06:26 PM org.openqa.selenium.remote.RemoteWebDriver log
WARNING: Executing: getElementText [44756a9900c2acee4036e1547789dba4af8b91e0, getElementText {id=15}]
Apr 25, 2019 6:06:27 PM org.openqa.selenium.remote.RemoteWebDriver log
WARNING: Executed: [44756a9900c2acee4036e1547789dba4af8b91e0, getElementText {id=15}]
Apr 25, 2019 6:06:27 PM org.openqa.selenium.remote.RemoteWebDriver log
WARNING: Executing: findElement [44756a9900c2acee4036e1547789dba4af8b91e0, findElement {using=css selector, value=button[title='Deactivate']}]
Apr 25, 2019 6:06:28 PM org.openqa.selenium.remote.RemoteWebDriver log
WARNING: Executed: [44756a9900c2acee4036e1547789dba4af8b91e0, findElement {using=css selector, value=button[title='Deactivate']}]
Apr 25, 2019 6:06:28 PM org.openqa.selenium.remote.RemoteWebDriver log
WARNING: Executing: isElementDisplayed [44756a9900c2acee4036e1547789dba4af8b91e0, isElementDisplayed {id=16}]
Apr 25, 2019 6:06:28 PM org.openqa.selenium.remote.RemoteWebDriver log
WARNING: Executed: [44756a9900c2acee4036e1547789dba4af8b91e0, isElementDisplayed {id=16}]
Apr 25, 2019 6:06:28 PM org.openqa.selenium.remote.RemoteWebDriver log
WARNING: Executing: isElementEnabled [44756a9900c2acee4036e1547789dba4af8b91e0, isElementEnabled {id=16}]
Apr 25, 2019 6:06:28 PM org.openqa.selenium.remote.RemoteWebDriver log
WARNING: Executed: [44756a9900c2acee4036e1547789dba4af8b91e0, isElementEnabled {id=16}]
Apr 25, 2019 6:06:28 PM org.openqa.selenium.remote.RemoteWebDriver log
WARNING: Executing: findElements [44756a9900c2acee4036e1547789dba4af8b91e0, findElements {using=css selector, value=ul li div div > span}]
Apr 25, 2019 6:06:28 PM org.openqa.selenium.remote.RemoteWebDriver log
WARNING: Executed: [44756a9900c2acee4036e1547789dba4af8b91e0, findElements {using=css selector, value=ul li div div > span}]
Apr 25, 2019 6:06:28 PM org.openqa.selenium.remote.RemoteWebDriver log
WARNING: Executing: getElementText [44756a9900c2acee4036e1547789dba4af8b91e0, getElementText {id=17}]
Apr 25, 2019 6:06:29 PM org.openqa.selenium.remote.RemoteWebDriver log
WARNING: Executed: [44756a9900c2acee4036e1547789dba4af8b91e0, getElementText {id=17}]
Apr 25, 2019 6:06:29 PM org.openqa.selenium.remote.RemoteWebDriver log
WARNING: Executing: findElement [44756a9900c2acee4036e1547789dba4af8b91e0, findElement {using=css selector, value=button[title='Deactivate']}]
Apr 25, 2019 6:06:29 PM org.openqa.selenium.remote.RemoteWebDriver log
WARNING: Executed: [44756a9900c2acee4036e1547789dba4af8b91e0, findElement {using=css selector, value=button[title='Deactivate']}]
Apr 25, 2019 6:06:29 PM org.openqa.selenium.remote.RemoteWebDriver log
WARNING: Executing: isElementDisplayed [44756a9900c2acee4036e1547789dba4af8b91e0, isElementDisplayed {id=16}]
Apr 25, 2019 6:06:29 PM org.openqa.selenium.remote.RemoteWebDriver log
WARNING: Executed: [44756a9900c2acee4036e1547789dba4af8b91e0, isElementDisplayed {id=16}]
Apr 25, 2019 6:06:29 PM org.openqa.selenium.remote.RemoteWebDriver log
WARNING: Executing: isElementEnabled [44756a9900c2acee4036e1547789dba4af8b91e0, isElementEnabled {id=16}]
Apr 25, 2019 6:06:29 PM org.openqa.selenium.remote.RemoteWebDriver log
WARNING: Executed: [44756a9900c2acee4036e1547789dba4af8b91e0, isElementEnabled {id=16}]
Apr 25, 2019 6:06:29 PM org.openqa.selenium.remote.RemoteWebDriver log
WARNING: Executing: clickElement [44756a9900c2acee4036e1547789dba4af8b91e0, clickElement {id=16}]
Apr 25, 2019 6:06:30 PM org.openqa.selenium.remote.RemoteWebDriver log
WARNING: Executed: [44756a9900c2acee4036e1547789dba4af8b91e0, clickElement {id=16}]
Apr 25, 2019 6:06:30 PM org.openqa.selenium.remote.RemoteWebDriver log
WARNING: Executing: findElement [44756a9900c2acee4036e1547789dba4af8b91e0, findElement {using=tag name, value=body}]
Apr 25, 2019 6:06:30 PM org.openqa.selenium.remote.RemoteWebDriver log
WARNING: Executed: [44756a9900c2acee4036e1547789dba4af8b91e0, findElement {using=tag name, value=body}]
Apr 25, 2019 6:06:30 PM org.openqa.selenium.remote.RemoteWebDriver log
WARNING: Executing: getElementText [44756a9900c2acee4036e1547789dba4af8b91e0, getElementText {id=15}]
Apr 25, 2019 6:06:31 PM org.openqa.selenium.remote.RemoteWebDriver log
WARNING: Executed: [44756a9900c2acee4036e1547789dba4af8b91e0, getElementText {id=15}]
Apr 25, 2019 6:06:31 PM org.openqa.selenium.remote.RemoteWebDriver log
WARNING: Executing: findElement [44756a9900c2acee4036e1547789dba4af8b91e0, findElement {using=tag name, value=body}]
Apr 25, 2019 6:06:32 PM org.openqa.selenium.remote.RemoteWebDriver log
WARNING: Executed: [44756a9900c2acee4036e1547789dba4af8b91e0, findElement {using=tag name, value=body}]
Apr 25, 2019 6:06:32 PM org.openqa.selenium.remote.RemoteWebDriver log
WARNING: Executing: getElementText [44756a9900c2acee4036e1547789dba4af8b91e0, getElementText {id=15}]
Apr 25, 2019 6:06:32 PM org.openqa.selenium.remote.RemoteWebDriver log
WARNING: Executed: [44756a9900c2acee4036e1547789dba4af8b91e0, getElementText {id=15}]
Apr 25, 2019 6:06:32 PM org.openqa.selenium.remote.RemoteWebDriver log
WARNING: Executing: findElements [44756a9900c2acee4036e1547789dba4af8b91e0, findElements {using=css selector, value=ul li div div > span}]
Apr 25, 2019 6:06:33 PM org.openqa.selenium.remote.RemoteWebDriver log
WARNING: Executed: [44756a9900c2acee4036e1547789dba4af8b91e0, findElements {using=css selector, value=ul li div div > span}]
Apr 25, 2019 6:06:33 PM org.openqa.selenium.remote.RemoteWebDriver log
WARNING: Executing: isElementDisplayed [44756a9900c2acee4036e1547789dba4af8b91e0, isElementDisplayed {id=17}]
Apr 25, 2019 6:06:33 PM org.openqa.selenium.remote.RemoteWebDriver log
WARNING: Executed: [44756a9900c2acee4036e1547789dba4af8b91e0, isElementDisplayed {id=17}]
Apr 25, 2019 6:06:33 PM org.openqa.selenium.remote.RemoteWebDriver log
WARNING: Executing: isElementDisplayed [44756a9900c2acee4036e1547789dba4af8b91e0, isElementDisplayed {id=18}]
Apr 25, 2019 6:06:33 PM org.openqa.selenium.remote.RemoteWebDriver log
WARNING: Executed: [44756a9900c2acee4036e1547789dba4af8b91e0, isElementDisplayed {id=18}]
Apr 25, 2019 6:06:33 PM org.openqa.selenium.remote.RemoteWebDriver log
WARNING: Executing: isElementDisplayed [44756a9900c2acee4036e1547789dba4af8b91e0, isElementDisplayed {id=19}]
Apr 25, 2019 6:06:33 PM org.openqa.selenium.remote.RemoteWebDriver log
WARNING: Executed: [44756a9900c2acee4036e1547789dba4af8b91e0, isElementDisplayed {id=19}]
Apr 25, 2019 6:06:33 PM org.openqa.selenium.remote.RemoteWebDriver log
WARNING: Executing: isElementDisplayed [44756a9900c2acee4036e1547789dba4af8b91e0, isElementDisplayed {id=20}]
Apr 25, 2019 6:06:34 PM org.openqa.selenium.remote.RemoteWebDriver log
WARNING: Executed: [44756a9900c2acee4036e1547789dba4af8b91e0, isElementDisplayed {id=20}]
Apr 25, 2019 6:06:34 PM org.openqa.selenium.remote.RemoteWebDriver log
WARNING: Executing: isElementDisplayed [44756a9900c2acee4036e1547789dba4af8b91e0, isElementDisplayed {id=21}]
Apr 25, 2019 6:06:34 PM org.openqa.selenium.remote.RemoteWebDriver log
WARNING: Executed: [44756a9900c2acee4036e1547789dba4af8b91e0, isElementDisplayed {id=21}]
Apr 25, 2019 6:06:34 PM org.openqa.selenium.remote.RemoteWebDriver log
WARNING: Executing: isElementDisplayed [44756a9900c2acee4036e1547789dba4af8b91e0, isElementDisplayed {id=22}]
Apr 25, 2019 6:06:34 PM org.openqa.selenium.remote.RemoteWebDriver log
WARNING: Executed: [44756a9900c2acee4036e1547789dba4af8b91e0, isElementDisplayed {id=22}]
Apr 25, 2019 6:06:34 PM org.openqa.selenium.remote.RemoteWebDriver log
WARNING: Executing: isElementDisplayed [44756a9900c2acee4036e1547789dba4af8b91e0, isElementDisplayed {id=23}]
Apr 25, 2019 6:06:34 PM org.openqa.selenium.remote.RemoteWebDriver log
WARNING: Executed: [44756a9900c2acee4036e1547789dba4af8b91e0, isElementDisplayed {id=23}]
Apr 25, 2019 6:06:34 PM org.openqa.selenium.remote.RemoteWebDriver log
WARNING: Executing: isElementDisplayed [44756a9900c2acee4036e1547789dba4af8b91e0, isElementDisplayed {id=24}]
Apr 25, 2019 6:06:35 PM org.openqa.selenium.remote.RemoteWebDriver log
WARNING: Executed: [44756a9900c2acee4036e1547789dba4af8b91e0, isElementDisplayed {id=24}]
Apr 25, 2019 6:06:35 PM org.openqa.selenium.remote.RemoteWebDriver log
WARNING: Executing: isElementDisplayed [44756a9900c2acee4036e1547789dba4af8b91e0, isElementDisplayed {id=25}]
Apr 25, 2019 6:06:35 PM org.openqa.selenium.remote.RemoteWebDriver log
WARNING: Executed: [44756a9900c2acee4036e1547789dba4af8b91e0, isElementDisplayed {id=25}]
Apr 25, 2019 6:06:35 PM org.openqa.selenium.remote.RemoteWebDriver log
WARNING: Executing: isElementDisplayed [44756a9900c2acee4036e1547789dba4af8b91e0, isElementDisplayed {id=26}]
Apr 25, 2019 6:06:35 PM org.openqa.selenium.remote.RemoteWebDriver log
WARNING: Executed: [44756a9900c2acee4036e1547789dba4af8b91e0, isElementDisplayed {id=26}]
Apr 25, 2019 6:06:35 PM org.openqa.selenium.remote.RemoteWebDriver log
WARNING: Executing: isElementDisplayed [44756a9900c2acee4036e1547789dba4af8b91e0, isElementDisplayed {id=27}]
Apr 25, 2019 6:06:35 PM org.openqa.selenium.remote.RemoteWebDriver log
WARNING: Executed: [44756a9900c2acee4036e1547789dba4af8b91e0, isElementDisplayed {id=27}]
Apr 25, 2019 6:06:35 PM org.openqa.selenium.remote.RemoteWebDriver log
WARNING: Executing: isElementDisplayed [44756a9900c2acee4036e1547789dba4af8b91e0, isElementDisplayed {id=28}]
Apr 25, 2019 6:06:35 PM org.openqa.selenium.remote.RemoteWebDriver log
WARNING: Executed: [44756a9900c2acee4036e1547789dba4af8b91e0, isElementDisplayed {id=28}]
Apr 25, 2019 6:06:35 PM org.openqa.selenium.remote.RemoteWebDriver log
WARNING: Executing: isElementDisplayed [44756a9900c2acee4036e1547789dba4af8b91e0, isElementDisplayed {id=29}]
Apr 25, 2019 6:06:36 PM org.openqa.selenium.remote.RemoteWebDriver log
WARNING: Executed: [44756a9900c2acee4036e1547789dba4af8b91e0, isElementDisplayed {id=29}]
Apr 25, 2019 6:06:36 PM org.openqa.selenium.remote.RemoteWebDriver log
WARNING: Executing: isElementDisplayed [44756a9900c2acee4036e1547789dba4af8b91e0, isElementDisplayed {id=30}]
Apr 25, 2019 6:06:36 PM org.openqa.selenium.remote.RemoteWebDriver log
WARNING: Executed: [44756a9900c2acee4036e1547789dba4af8b91e0, isElementDisplayed {id=30}]
Apr 25, 2019 6:06:36 PM org.openqa.selenium.remote.RemoteWebDriver log
WARNING: Executing: isElementDisplayed [44756a9900c2acee4036e1547789dba4af8b91e0, isElementDisplayed {id=31}]
Apr 25, 2019 6:06:36 PM org.openqa.selenium.remote.RemoteWebDriver log
WARNING: Executed: [44756a9900c2acee4036e1547789dba4af8b91e0, isElementDisplayed {id=31}]
Apr 25, 2019 6:06:36 PM org.openqa.selenium.remote.RemoteWebDriver log
WARNING: Executing: isElementDisplayed [44756a9900c2acee4036e1547789dba4af8b91e0, isElementDisplayed {id=32}]
Apr 25, 2019 6:06:36 PM org.openqa.selenium.remote.RemoteWebDriver log
WARNING: Executed: [44756a9900c2acee4036e1547789dba4af8b91e0, isElementDisplayed {id=32}]
Apr 25, 2019 6:06:36 PM org.openqa.selenium.remote.RemoteWebDriver log
WARNING: Executing: isElementDisplayed [44756a9900c2acee4036e1547789dba4af8b91e0, isElementDisplayed {id=33}]
Apr 25, 2019 6:06:37 PM org.openqa.selenium.remote.RemoteWebDriver log
WARNING: Executed: [44756a9900c2acee4036e1547789dba4af8b91e0, isElementDisplayed {id=33}]
Apr 25, 2019 6:06:37 PM org.openqa.selenium.remote.RemoteWebDriver log
WARNING: Executing: isElementDisplayed [44756a9900c2acee4036e1547789dba4af8b91e0, isElementDisplayed {id=34}]
Apr 25, 2019 6:06:37 PM org.openqa.selenium.remote.RemoteWebDriver log
WARNING: Executed: [44756a9900c2acee4036e1547789dba4af8b91e0, isElementDisplayed {id=34}]
Apr 25, 2019 6:06:37 PM org.openqa.selenium.remote.RemoteWebDriver log
WARNING: Executing: isElementDisplayed [44756a9900c2acee4036e1547789dba4af8b91e0, isElementDisplayed {id=35}]
Apr 25, 2019 6:06:37 PM org.openqa.selenium.remote.RemoteWebDriver log
WARNING: Executed: [44756a9900c2acee4036e1547789dba4af8b91e0, isElementDisplayed {id=35}]
Apr 25, 2019 6:06:37 PM org.openqa.selenium.remote.RemoteWebDriver log
WARNING: Executing: isElementDisplayed [44756a9900c2acee4036e1547789dba4af8b91e0, isElementDisplayed {id=36}]
Apr 25, 2019 6:06:37 PM org.openqa.selenium.remote.RemoteWebDriver log
WARNING: Executed: [44756a9900c2acee4036e1547789dba4af8b91e0, isElementDisplayed {id=36}]
Apr 25, 2019 6:06:37 PM org.openqa.selenium.remote.RemoteWebDriver log
WARNING: Executing: isElementDisplayed [44756a9900c2acee4036e1547789dba4af8b91e0, isElementDisplayed {id=37}]
Apr 25, 2019 6:06:38 PM org.openqa.selenium.remote.RemoteWebDriver log
WARNING: Executed: [44756a9900c2acee4036e1547789dba4af8b91e0, isElementDisplayed {id=37}]
Apr 25, 2019 6:06:38 PM org.openqa.selenium.remote.RemoteWebDriver log
WARNING: Executing: isElementDisplayed [44756a9900c2acee4036e1547789dba4af8b91e0, isElementDisplayed {id=38}]
Apr 25, 2019 6:06:38 PM org.openqa.selenium.remote.RemoteWebDriver log
WARNING: Executed: [44756a9900c2acee4036e1547789dba4af8b91e0, isElementDisplayed {id=38}]
Apr 25, 2019 6:06:38 PM org.openqa.selenium.remote.RemoteWebDriver log
WARNING: Executing: findElements [44756a9900c2acee4036e1547789dba4af8b91e0, findElements {using=css selector, value=ul li div div > span}]
Apr 25, 2019 6:06:38 PM org.openqa.selenium.remote.RemoteWebDriver log
WARNING: Executed: [44756a9900c2acee4036e1547789dba4af8b91e0, findElements {using=css selector, value=ul li div div > span}]
Apr 25, 2019 6:06:38 PM org.openqa.selenium.remote.RemoteWebDriver log
WARNING: Executing: isElementDisplayed [44756a9900c2acee4036e1547789dba4af8b91e0, isElementDisplayed {id=19}]
Apr 25, 2019 6:06:38 PM org.openqa.selenium.remote.RemoteWebDriver log
WARNING: Executed: [44756a9900c2acee4036e1547789dba4af8b91e0, isElementDisplayed {id=19}]
Apr 25, 2019 6:06:38 PM org.openqa.selenium.remote.RemoteWebDriver log
WARNING: Executing: isElementDisplayed [44756a9900c2acee4036e1547789dba4af8b91e0, isElementDisplayed {id=20}]
Apr 25, 2019 6:06:38 PM org.openqa.selenium.remote.RemoteWebDriver log
WARNING: Executed: [44756a9900c2acee4036e1547789dba4af8b91e0, isElementDisplayed {id=20}]
Apr 25, 2019 6:06:38 PM org.openqa.selenium.remote.RemoteWebDriver log
WARNING: Executing: isElementDisplayed [44756a9900c2acee4036e1547789dba4af8b91e0, isElementDisplayed {id=21}]
Apr 25, 2019 6:06:39 PM org.openqa.selenium.remote.RemoteWebDriver log
WARNING: Executed: [44756a9900c2acee4036e1547789dba4af8b91e0, isElementDisplayed {id=21}]
Apr 25, 2019 6:06:39 PM org.openqa.selenium.remote.RemoteWebDriver log
WARNING: Executing: isElementDisplayed [44756a9900c2acee4036e1547789dba4af8b91e0, isElementDisplayed {id=22}]
Apr 25, 2019 6:06:39 PM org.openqa.selenium.remote.RemoteWebDriver log
WARNING: Executed: [44756a9900c2acee4036e1547789dba4af8b91e0, isElementDisplayed {id=22}]
Apr 25, 2019 6:06:39 PM org.openqa.selenium.remote.RemoteWebDriver log
WARNING: Executing: isElementDisplayed [44756a9900c2acee4036e1547789dba4af8b91e0, isElementDisplayed {id=23}]
Apr 25, 2019 6:06:39 PM org.openqa.selenium.remote.RemoteWebDriver log
WARNING: Executed: [44756a9900c2acee4036e1547789dba4af8b91e0, isElementDisplayed {id=23}]
Apr 25, 2019 6:06:39 PM org.openqa.selenium.remote.RemoteWebDriver log
WARNING: Executing: isElementDisplayed [44756a9900c2acee4036e1547789dba4af8b91e0, isElementDisplayed {id=24}]
Apr 25, 2019 6:06:39 PM org.openqa.selenium.remote.RemoteWebDriver log
WARNING: Executed: [44756a9900c2acee4036e1547789dba4af8b91e0, isElementDisplayed {id=24}]
Apr 25, 2019 6:06:39 PM org.openqa.selenium.remote.RemoteWebDriver log
WARNING: Executing: isElementDisplayed [44756a9900c2acee4036e1547789dba4af8b91e0, isElementDisplayed {id=25}]
Apr 25, 2019 6:06:39 PM org.openqa.selenium.remote.RemoteWebDriver log
WARNING: Executed: [44756a9900c2acee4036e1547789dba4af8b91e0, isElementDisplayed {id=25}]
Apr 25, 2019 6:06:39 PM org.openqa.selenium.remote.RemoteWebDriver log
WARNING: Executing: isElementDisplayed [44756a9900c2acee4036e1547789dba4af8b91e0, isElementDisplayed {id=26}]
Apr 25, 2019 6:06:40 PM org.openqa.selenium.remote.RemoteWebDriver log
WARNING: Executed: [44756a9900c2acee4036e1547789dba4af8b91e0, isElementDisplayed {id=26}]
Apr 25, 2019 6:06:40 PM org.openqa.selenium.remote.RemoteWebDriver log
WARNING: Executing: isElementDisplayed [44756a9900c2acee4036e1547789dba4af8b91e0, isElementDisplayed {id=27}]
Apr 25, 2019 6:06:40 PM org.openqa.selenium.remote.RemoteWebDriver log
WARNING: Executed: [44756a9900c2acee4036e1547789dba4af8b91e0, isElementDisplayed {id=27}]
Apr 25, 2019 6:06:40 PM org.openqa.selenium.remote.RemoteWebDriver log
WARNING: Executing: isElementDisplayed [44756a9900c2acee4036e1547789dba4af8b91e0, isElementDisplayed {id=28}]
Apr 25, 2019 6:06:40 PM org.openqa.selenium.remote.RemoteWebDriver log
WARNING: Executed: [44756a9900c2acee4036e1547789dba4af8b91e0, isElementDisplayed {id=28}]
Apr 25, 2019 6:06:40 PM org.openqa.selenium.remote.RemoteWebDriver log
WARNING: Executing: isElementDisplayed [44756a9900c2acee4036e1547789dba4af8b91e0, isElementDisplayed {id=29}]
Apr 25, 2019 6:06:40 PM org.openqa.selenium.remote.RemoteWebDriver log
WARNING: Executed: [44756a9900c2acee4036e1547789dba4af8b91e0, isElementDisplayed {id=29}]
Apr 25, 2019 6:06:40 PM org.openqa.selenium.remote.RemoteWebDriver log
WARNING: Executing: isElementDisplayed [44756a9900c2acee4036e1547789dba4af8b91e0, isElementDisplayed {id=30}]
Apr 25, 2019 6:06:41 PM org.openqa.selenium.remote.RemoteWebDriver log
WARNING: Executed: [44756a9900c2acee4036e1547789dba4af8b91e0, isElementDisplayed {id=30}]
Apr 25, 2019 6:06:41 PM org.openqa.selenium.remote.RemoteWebDriver log
WARNING: Executing: isElementDisplayed [44756a9900c2acee4036e1547789dba4af8b91e0, isElementDisplayed {id=31}]
Apr 25, 2019 6:06:41 PM org.openqa.selenium.remote.RemoteWebDriver log
WARNING: Executed: [44756a9900c2acee4036e1547789dba4af8b91e0, isElementDisplayed {id=31}]
Apr 25, 2019 6:06:41 PM org.openqa.selenium.remote.RemoteWebDriver log
WARNING: Executing: isElementDisplayed [44756a9900c2acee4036e1547789dba4af8b91e0, isElementDisplayed {id=32}]
Apr 25, 2019 6:06:41 PM org.openqa.selenium.remote.RemoteWebDriver log
WARNING: Executed: [44756a9900c2acee4036e1547789dba4af8b91e0, isElementDisplayed {id=32}]
Apr 25, 2019 6:06:41 PM org.openqa.selenium.remote.RemoteWebDriver log
WARNING: Executing: isElementDisplayed [44756a9900c2acee4036e1547789dba4af8b91e0, isElementDisplayed {id=33}]
Apr 25, 2019 6:06:41 PM org.openqa.selenium.remote.RemoteWebDriver log
WARNING: Executed: [44756a9900c2acee4036e1547789dba4af8b91e0, isElementDisplayed {id=33}]
Apr 25, 2019 6:06:41 PM org.openqa.selenium.remote.RemoteWebDriver log
WARNING: Executing: isElementDisplayed [44756a9900c2acee4036e1547789dba4af8b91e0, isElementDisplayed {id=34}]
Apr 25, 2019 6:06:42 PM org.openqa.selenium.remote.RemoteWebDriver log
WARNING: Executed: [44756a9900c2acee4036e1547789dba4af8b91e0, isElementDisplayed {id=34}]
Apr 25, 2019 6:06:42 PM org.openqa.selenium.remote.RemoteWebDriver log
WARNING: Executing: isElementDisplayed [44756a9900c2acee4036e1547789dba4af8b91e0, isElementDisplayed {id=35}]
Apr 25, 2019 6:06:42 PM org.openqa.selenium.remote.RemoteWebDriver log
WARNING: Executed: [44756a9900c2acee4036e1547789dba4af8b91e0, isElementDisplayed {id=35}]
Apr 25, 2019 6:06:42 PM org.openqa.selenium.remote.RemoteWebDriver log
WARNING: Executing: isElementDisplayed [44756a9900c2acee4036e1547789dba4af8b91e0, isElementDisplayed {id=36}]
Apr 25, 2019 6:06:42 PM org.openqa.selenium.remote.RemoteWebDriver log
WARNING: Executed: [44756a9900c2acee4036e1547789dba4af8b91e0, isElementDisplayed {id=36}]
Apr 25, 2019 6:06:42 PM org.openqa.selenium.remote.RemoteWebDriver log
WARNING: Executing: isElementDisplayed [44756a9900c2acee4036e1547789dba4af8b91e0, isElementDisplayed {id=37}]
Apr 25, 2019 6:06:42 PM org.openqa.selenium.remote.RemoteWebDriver log
WARNING: Executed: [44756a9900c2acee4036e1547789dba4af8b91e0, isElementDisplayed {id=37}]
Apr 25, 2019 6:06:42 PM org.openqa.selenium.remote.RemoteWebDriver log
WARNING: Executing: isElementDisplayed [44756a9900c2acee4036e1547789dba4af8b91e0, isElementDisplayed {id=38}]
Apr 25, 2019 6:06:43 PM org.openqa.selenium.remote.RemoteWebDriver log
WARNING: Executed: [44756a9900c2acee4036e1547789dba4af8b91e0, isElementDisplayed {id=38}]
Apr 25, 2019 6:06:43 PM org.openqa.selenium.remote.RemoteWebDriver log
WARNING: Executing: isElementDisplayed [44756a9900c2acee4036e1547789dba4af8b91e0, isElementDisplayed {id=17}]
Apr 25, 2019 6:06:43 PM org.openqa.selenium.remote.RemoteWebDriver log
WARNING: Executed: [44756a9900c2acee4036e1547789dba4af8b91e0, isElementDisplayed {id=17}]
Apr 25, 2019 6:06:43 PM org.openqa.selenium.remote.RemoteWebDriver log
WARNING: Executing: isElementDisplayed [44756a9900c2acee4036e1547789dba4af8b91e0, isElementDisplayed {id=18}]
Apr 25, 2019 6:06:43 PM org.openqa.selenium.remote.RemoteWebDriver log
WARNING: Executed: [44756a9900c2acee4036e1547789dba4af8b91e0, isElementDisplayed {id=18}]
Apr 25, 2019 6:06:43 PM org.openqa.selenium.remote.RemoteWebDriver log
WARNING: Executing: executeScript [44756a9900c2acee4036e1547789dba4af8b91e0, executeScript {script=return window.innerHeight || document.documentElement.clientHeight || document.body.clientHeight;, args=[]}]
Apr 25, 2019 6:06:43 PM org.openqa.selenium.remote.RemoteWebDriver log
WARNING: Executed: [44756a9900c2acee4036e1547789dba4af8b91e0, executeScript {script=return window.innerHeight || document.documentElement.clientHeight || document.body.clientHeight;, args=[]}]
Apr 25, 2019 6:06:43 PM org.openqa.selenium.remote.RemoteWebDriver log
WARNING: Executing: getElementLocation [44756a9900c2acee4036e1547789dba4af8b91e0, getElementLocation {id=38}]
Apr 25, 2019 6:06:43 PM org.openqa.selenium.remote.RemoteWebDriver log
WARNING: Executed: [44756a9900c2acee4036e1547789dba4af8b91e0, getElementLocation {id=38}]
Apr 25, 2019 6:06:43 PM org.openqa.selenium.remote.RemoteWebDriver log
WARNING: Executing: executeScript [44756a9900c2acee4036e1547789dba4af8b91e0, executeScript {script=window.scrollTo(0, 1002), args=[]}]
Apr 25, 2019 6:06:44 PM org.openqa.selenium.remote.RemoteWebDriver log
WARNING: Executed: [44756a9900c2acee4036e1547789dba4af8b91e0, executeScript {script=window.scrollTo(0, 1002), args=[]}]
Apr 25, 2019 6:06:44 PM org.openqa.selenium.remote.RemoteWebDriver log
WARNING: Executing: findElement [44756a9900c2acee4036e1547789dba4af8b91e0, findElement {using=tag name, value=body}]
Apr 25, 2019 6:06:44 PM org.openqa.selenium.remote.RemoteWebDriver log
WARNING: Executed: [44756a9900c2acee4036e1547789dba4af8b91e0, findElement {using=tag name, value=body}]
Apr 25, 2019 6:06:44 PM org.openqa.selenium.remote.RemoteWebDriver log
WARNING: Executing: getElementText [44756a9900c2acee4036e1547789dba4af8b91e0, getElementText {id=15}]
Apr 25, 2019 6:06:45 PM org.openqa.selenium.remote.RemoteWebDriver log
WARNING: Executed: [44756a9900c2acee4036e1547789dba4af8b91e0, getElementText {id=15}]
Apr 25, 2019 6:06:45 PM org.openqa.selenium.remote.RemoteWebDriver log
WARNING: Executing: findElement [44756a9900c2acee4036e1547789dba4af8b91e0, findElement {using=tag name, value=body}]
Apr 25, 2019 6:06:45 PM org.openqa.selenium.remote.RemoteWebDriver log
WARNING: Executed: [44756a9900c2acee4036e1547789dba4af8b91e0, findElement {using=tag name, value=body}]
Apr 25, 2019 6:06:45 PM org.openqa.selenium.remote.RemoteWebDriver log
WARNING: Executing: getElementText [44756a9900c2acee4036e1547789dba4af8b91e0, getElementText {id=15}]
Apr 25, 2019 6:06:47 PM org.openqa.selenium.remote.RemoteWebDriver log
WARNING: Executed: [44756a9900c2acee4036e1547789dba4af8b91e0, getElementText {id=15}]
Apr 25, 2019 6:06:47 PM org.openqa.selenium.remote.RemoteWebDriver log
WARNING: Executing: getElementText [44756a9900c2acee4036e1547789dba4af8b91e0, getElementText {id=38}]
Apr 25, 2019 6:06:47 PM org.openqa.selenium.remote.RemoteWebDriver log
WARNING: Executed: [44756a9900c2acee4036e1547789dba4af8b91e0, getElementText {id=38}]
]]></system-err>
  </testcase>
  <testcase name="testDisableContainer" classname="com.clarolab.AdminConsoleTest" time="23.17">
    <failure message="expected:&lt;[Content Regression Test]s&gt; but was:&lt;[DONTDISPLAY2]s&gt;" type="org.junit.ComparisonFailure"><![CDATA[org.junit.ComparisonFailure: expected:<[Content Regression Test]s> but was:<[DONTDISPLAY2]s>
	at com.clarolab.AdminConsoleTest.testDisableContainer(AdminConsoleTest.java:152)
]]></failure>
    <system-err><![CDATA[Apr 25, 2019 6:06:47 PM org.openqa.selenium.remote.RemoteWebDriver log
WARNING: Executing: deleteAllCookies [44756a9900c2acee4036e1547789dba4af8b91e0, deleteAllCookies {}]
Apr 25, 2019 6:06:47 PM org.openqa.selenium.remote.RemoteWebDriver log
WARNING: Executed: [44756a9900c2acee4036e1547789dba4af8b91e0, deleteAllCookies {}]
Apr 25, 2019 6:06:47 PM org.openqa.selenium.remote.RemoteWebDriver log
WARNING: Executing: quit [44756a9900c2acee4036e1547789dba4af8b91e0, quit {}]
Apr 25, 2019 6:06:49 PM org.openqa.selenium.remote.RemoteWebDriver log
WARNING: Executed: [44756a9900c2acee4036e1547789dba4af8b91e0, quit {}]
Apr 25, 2019 6:06:53 PM org.openqa.selenium.remote.RemoteWebDriver log
WARNING: Executing: setTimeout [856be816e2e222d10e5a16a8402c469580320caa, setTimeout {type=page load, ms=80000}]
Apr 25, 2019 6:06:53 PM org.openqa.selenium.remote.RemoteWebDriver log
WARNING: Executed: [856be816e2e222d10e5a16a8402c469580320caa, setTimeout {type=page load, ms=80000}]
Apr 25, 2019 6:06:53 PM org.openqa.selenium.remote.RemoteWebDriver log
WARNING: Executing: implicitlyWait [856be816e2e222d10e5a16a8402c469580320caa, implicitlyWait {ms=2000}]
Apr 25, 2019 6:06:54 PM org.openqa.selenium.remote.RemoteWebDriver log
WARNING: Executed: [856be816e2e222d10e5a16a8402c469580320caa, implicitlyWait {ms=2000}]
Apr 25, 2019 6:06:54 PM org.openqa.selenium.remote.RemoteWebDriver log
WARNING: Executing: get [856be816e2e222d10e5a16a8402c469580320caa, get {url=http://tdev.clarolab.com/}]
Apr 25, 2019 6:07:00 PM org.openqa.selenium.remote.RemoteWebDriver log
WARNING: Executed: [856be816e2e222d10e5a16a8402c469580320caa, get {url=http://tdev.clarolab.com/}]
Apr 25, 2019 6:07:00 PM org.openqa.selenium.remote.RemoteWebDriver log
WARNING: Executing: getCurrentUrl [856be816e2e222d10e5a16a8402c469580320caa, getCurrentUrl {}]
Apr 25, 2019 6:07:00 PM org.openqa.selenium.remote.RemoteWebDriver log
WARNING: Executed: [856be816e2e222d10e5a16a8402c469580320caa, getCurrentUrl {}]
Apr 25, 2019 6:07:00 PM org.openqa.selenium.remote.RemoteWebDriver log
WARNING: Executing: getCurrentUrl [856be816e2e222d10e5a16a8402c469580320caa, getCurrentUrl {}]
Apr 25, 2019 6:07:00 PM org.openqa.selenium.remote.RemoteWebDriver log
WARNING: Executed: [856be816e2e222d10e5a16a8402c469580320caa, getCurrentUrl {}]
Apr 25, 2019 6:07:00 PM org.openqa.selenium.remote.RemoteWebDriver log
WARNING: Executing: findElement [856be816e2e222d10e5a16a8402c469580320caa, findElement {using=id, value=loginForm}]
Apr 25, 2019 6:07:00 PM org.openqa.selenium.remote.RemoteWebDriver log
WARNING: Executed: [856be816e2e222d10e5a16a8402c469580320caa, findElement {using=id, value=loginForm}]
Apr 25, 2019 6:07:00 PM org.openqa.selenium.remote.RemoteWebDriver log
WARNING: Executing: findElement [856be816e2e222d10e5a16a8402c469580320caa, findElement {using=tag name, value=body}]
Apr 25, 2019 6:07:01 PM org.openqa.selenium.remote.RemoteWebDriver log
WARNING: Executed: [856be816e2e222d10e5a16a8402c469580320caa, findElement {using=tag name, value=body}]
Apr 25, 2019 6:07:01 PM org.openqa.selenium.remote.RemoteWebDriver log
WARNING: Executing: getElementText [856be816e2e222d10e5a16a8402c469580320caa, getElementText {id=1}]
Apr 25, 2019 6:07:01 PM org.openqa.selenium.remote.RemoteWebDriver log
WARNING: Executed: [856be816e2e222d10e5a16a8402c469580320caa, getElementText {id=1}]
Apr 25, 2019 6:07:01 PM org.openqa.selenium.remote.RemoteWebDriver log
WARNING: Executing: findElement [856be816e2e222d10e5a16a8402c469580320caa, findElement {using=tag name, value=body}]
Apr 25, 2019 6:07:02 PM org.openqa.selenium.remote.RemoteWebDriver log
WARNING: Executed: [856be816e2e222d10e5a16a8402c469580320caa, findElement {using=tag name, value=body}]
Apr 25, 2019 6:07:02 PM org.openqa.selenium.remote.RemoteWebDriver log
WARNING: Executing: getElementText [856be816e2e222d10e5a16a8402c469580320caa, getElementText {id=1}]
Apr 25, 2019 6:07:02 PM org.openqa.selenium.remote.RemoteWebDriver log
WARNING: Executed: [856be816e2e222d10e5a16a8402c469580320caa, getElementText {id=1}]
Apr 25, 2019 6:07:02 PM org.openqa.selenium.remote.RemoteWebDriver log
WARNING: Executing: findElement [856be816e2e222d10e5a16a8402c469580320caa, findElement {using=tag name, value=body}]
Apr 25, 2019 6:07:02 PM org.openqa.selenium.remote.RemoteWebDriver log
WARNING: Executed: [856be816e2e222d10e5a16a8402c469580320caa, findElement {using=tag name, value=body}]
Apr 25, 2019 6:07:02 PM org.openqa.selenium.remote.RemoteWebDriver log
WARNING: Executing: getElementText [856be816e2e222d10e5a16a8402c469580320caa, getElementText {id=1}]
Apr 25, 2019 6:07:03 PM org.openqa.selenium.remote.RemoteWebDriver log
WARNING: Executed: [856be816e2e222d10e5a16a8402c469580320caa, getElementText {id=1}]
Apr 25, 2019 6:07:03 PM org.openqa.selenium.remote.RemoteWebDriver log
WARNING: Executing: findElement [856be816e2e222d10e5a16a8402c469580320caa, findElement {using=id, value=email}]
Apr 25, 2019 6:07:03 PM org.openqa.selenium.remote.RemoteWebDriver log
WARNING: Executed: [856be816e2e222d10e5a16a8402c469580320caa, findElement {using=id, value=email}]
Apr 25, 2019 6:07:03 PM org.openqa.selenium.remote.RemoteWebDriver log
WARNING: Executing: sendKeysToElement [856be816e2e222d10e5a16a8402c469580320caa, sendKeysToElement {id=2, value=[Ljava.lang.CharSequence;@791d1f8b}]
Apr 25, 2019 6:07:03 PM org.openqa.selenium.remote.RemoteWebDriver log
WARNING: Executed: [856be816e2e222d10e5a16a8402c469580320caa, sendKeysToElement {id=2, value=[Ljava.lang.CharSequence;@791d1f8b}]
Apr 25, 2019 6:07:03 PM org.openqa.selenium.remote.RemoteWebDriver log
WARNING: Executing: findElement [856be816e2e222d10e5a16a8402c469580320caa, findElement {using=id, value=password}]
Apr 25, 2019 6:07:04 PM org.openqa.selenium.remote.RemoteWebDriver log
WARNING: Executed: [856be816e2e222d10e5a16a8402c469580320caa, findElement {using=id, value=password}]
Apr 25, 2019 6:07:04 PM org.openqa.selenium.remote.RemoteWebDriver log
WARNING: Executing: sendKeysToElement [856be816e2e222d10e5a16a8402c469580320caa, sendKeysToElement {id=3, value=[Ljava.lang.CharSequence;@2415fc55}]
Apr 25, 2019 6:07:04 PM org.openqa.selenium.remote.RemoteWebDriver log
WARNING: Executed: [856be816e2e222d10e5a16a8402c469580320caa, sendKeysToElement {id=3, value=[Ljava.lang.CharSequence;@2415fc55}]
Apr 25, 2019 6:07:04 PM org.openqa.selenium.remote.RemoteWebDriver log
WARNING: Executing: findElement [856be816e2e222d10e5a16a8402c469580320caa, findElement {using=id, value=internalLoginSubmit}]
Apr 25, 2019 6:07:04 PM org.openqa.selenium.remote.RemoteWebDriver log
WARNING: Executed: [856be816e2e222d10e5a16a8402c469580320caa, findElement {using=id, value=internalLoginSubmit}]
Apr 25, 2019 6:07:04 PM org.openqa.selenium.remote.RemoteWebDriver log
WARNING: Executing: isElementDisplayed [856be816e2e222d10e5a16a8402c469580320caa, isElementDisplayed {id=4}]
Apr 25, 2019 6:07:05 PM org.openqa.selenium.remote.RemoteWebDriver log
WARNING: Executed: [856be816e2e222d10e5a16a8402c469580320caa, isElementDisplayed {id=4}]
Apr 25, 2019 6:07:05 PM org.openqa.selenium.remote.RemoteWebDriver log
WARNING: Executing: isElementEnabled [856be816e2e222d10e5a16a8402c469580320caa, isElementEnabled {id=4}]
Apr 25, 2019 6:07:05 PM org.openqa.selenium.remote.RemoteWebDriver log
WARNING: Executed: [856be816e2e222d10e5a16a8402c469580320caa, isElementEnabled {id=4}]
Apr 25, 2019 6:07:05 PM org.openqa.selenium.remote.RemoteWebDriver log
WARNING: Executing: clickElement [856be816e2e222d10e5a16a8402c469580320caa, clickElement {id=4}]
Apr 25, 2019 6:07:05 PM org.openqa.selenium.remote.RemoteWebDriver log
WARNING: Executed: [856be816e2e222d10e5a16a8402c469580320caa, clickElement {id=4}]
Apr 25, 2019 6:07:05 PM org.openqa.selenium.remote.RemoteWebDriver log
WARNING: Executing: getCurrentUrl [856be816e2e222d10e5a16a8402c469580320caa, getCurrentUrl {}]
Apr 25, 2019 6:07:05 PM org.openqa.selenium.remote.RemoteWebDriver log
WARNING: Executed: [856be816e2e222d10e5a16a8402c469580320caa, getCurrentUrl {}]
Apr 25, 2019 6:07:05 PM org.openqa.selenium.remote.RemoteWebDriver log
WARNING: Executing: findElement [856be816e2e222d10e5a16a8402c469580320caa, findElement {using=class name, value=homeRoot}]
Apr 25, 2019 6:07:07 PM org.openqa.selenium.remote.RemoteWebDriver log
WARNING: Executed: [856be816e2e222d10e5a16a8402c469580320caa, findElement {using=class name, value=homeRoot}]
Apr 25, 2019 6:07:07 PM org.openqa.selenium.remote.RemoteWebDriver log
WARNING: Executing: findElement [856be816e2e222d10e5a16a8402c469580320caa, findElement {using=tag name, value=body}]
Apr 25, 2019 6:07:08 PM org.openqa.selenium.remote.RemoteWebDriver log
WARNING: Executed: [856be816e2e222d10e5a16a8402c469580320caa, findElement {using=tag name, value=body}]
Apr 25, 2019 6:07:08 PM org.openqa.selenium.remote.RemoteWebDriver log
WARNING: Executing: getElementText [856be816e2e222d10e5a16a8402c469580320caa, getElementText {id=1}]
Apr 25, 2019 6:07:08 PM org.openqa.selenium.remote.RemoteWebDriver log
WARNING: Executed: [856be816e2e222d10e5a16a8402c469580320caa, getElementText {id=1}]
Apr 25, 2019 6:07:09 PM org.openqa.selenium.remote.RemoteWebDriver log
WARNING: Executing: findElement [856be816e2e222d10e5a16a8402c469580320caa, findElement {using=tag name, value=body}]
Apr 25, 2019 6:07:09 PM org.openqa.selenium.remote.RemoteWebDriver log
WARNING: Executed: [856be816e2e222d10e5a16a8402c469580320caa, findElement {using=tag name, value=body}]
Apr 25, 2019 6:07:09 PM org.openqa.selenium.remote.RemoteWebDriver log
WARNING: Executing: getElementText [856be816e2e222d10e5a16a8402c469580320caa, getElementText {id=1}]
Apr 25, 2019 6:07:10 PM org.openqa.selenium.remote.RemoteWebDriver log
WARNING: Executed: [856be816e2e222d10e5a16a8402c469580320caa, getElementText {id=1}]
Apr 25, 2019 6:07:10 PM org.openqa.selenium.remote.RemoteWebDriver log
WARNING: Executing: findElement [856be816e2e222d10e5a16a8402c469580320caa, findElement {using=tag name, value=body}]
Apr 25, 2019 6:07:11 PM org.openqa.selenium.remote.RemoteWebDriver log
WARNING: Executed: [856be816e2e222d10e5a16a8402c469580320caa, findElement {using=tag name, value=body}]
Apr 25, 2019 6:07:11 PM org.openqa.selenium.remote.RemoteWebDriver log
WARNING: Executing: getElementText [856be816e2e222d10e5a16a8402c469580320caa, getElementText {id=1}]
Apr 25, 2019 6:07:11 PM org.openqa.selenium.remote.RemoteWebDriver log
WARNING: Executed: [856be816e2e222d10e5a16a8402c469580320caa, getElementText {id=1}]
Apr 25, 2019 6:07:11 PM org.openqa.selenium.remote.RemoteWebDriver log
WARNING: Executing: getCurrentUrl [856be816e2e222d10e5a16a8402c469580320caa, getCurrentUrl {}]
Apr 25, 2019 6:07:12 PM org.openqa.selenium.remote.RemoteWebDriver log
WARNING: Executed: [856be816e2e222d10e5a16a8402c469580320caa, getCurrentUrl {}]
Apr 25, 2019 6:07:12 PM org.openqa.selenium.remote.RemoteWebDriver log
WARNING: Executing: getCurrentUrl [856be816e2e222d10e5a16a8402c469580320caa, getCurrentUrl {}]
Apr 25, 2019 6:07:12 PM org.openqa.selenium.remote.RemoteWebDriver log
WARNING: Executed: [856be816e2e222d10e5a16a8402c469580320caa, getCurrentUrl {}]
Apr 25, 2019 6:07:12 PM org.openqa.selenium.remote.RemoteWebDriver log
WARNING: Executing: findElement [856be816e2e222d10e5a16a8402c469580320caa, findElement {using=class name, value=homeRoot}]
Apr 25, 2019 6:07:12 PM org.openqa.selenium.remote.RemoteWebDriver log
WARNING: Executed: [856be816e2e222d10e5a16a8402c469580320caa, findElement {using=class name, value=homeRoot}]
Apr 25, 2019 6:07:12 PM org.openqa.selenium.remote.RemoteWebDriver log
WARNING: Executing: get [856be816e2e222d10e5a16a8402c469580320caa, get {url=http://tdev.clarolab.com/admin/}]
Apr 25, 2019 6:07:13 PM org.openqa.selenium.remote.RemoteWebDriver log
WARNING: Executed: [856be816e2e222d10e5a16a8402c469580320caa, get {url=http://tdev.clarolab.com/admin/}]
Apr 25, 2019 6:07:13 PM org.openqa.selenium.remote.RemoteWebDriver log
WARNING: Executing: getCurrentUrl [856be816e2e222d10e5a16a8402c469580320caa, getCurrentUrl {}]
Apr 25, 2019 6:07:14 PM org.openqa.selenium.remote.RemoteWebDriver log
WARNING: Executed: [856be816e2e222d10e5a16a8402c469580320caa, getCurrentUrl {}]
Apr 25, 2019 6:07:14 PM org.openqa.selenium.remote.RemoteWebDriver log
WARNING: Executing: findElement [856be816e2e222d10e5a16a8402c469580320caa, findElement {using=class name, value=CenterList}]
Apr 25, 2019 6:07:14 PM org.openqa.selenium.remote.RemoteWebDriver log
WARNING: Executed: [856be816e2e222d10e5a16a8402c469580320caa, findElement {using=class name, value=CenterList}]
Apr 25, 2019 6:07:14 PM org.openqa.selenium.remote.RemoteWebDriver log
WARNING: Executing: findElements [856be816e2e222d10e5a16a8402c469580320caa, findElements {using=css selector, value=nav button}]
Apr 25, 2019 6:07:14 PM org.openqa.selenium.remote.RemoteWebDriver log
WARNING: Executed: [856be816e2e222d10e5a16a8402c469580320caa, findElements {using=css selector, value=nav button}]
Apr 25, 2019 6:07:14 PM org.openqa.selenium.remote.RemoteWebDriver log
WARNING: Executing: clickElement [856be816e2e222d10e5a16a8402c469580320caa, clickElement {id=11}]
Apr 25, 2019 6:07:15 PM org.openqa.selenium.remote.RemoteWebDriver log
WARNING: Executed: [856be816e2e222d10e5a16a8402c469580320caa, clickElement {id=11}]
Apr 25, 2019 6:07:15 PM org.openqa.selenium.remote.RemoteWebDriver log
WARNING: Executing: findElement [856be816e2e222d10e5a16a8402c469580320caa, findElement {using=tag name, value=body}]
Apr 25, 2019 6:07:15 PM org.openqa.selenium.remote.RemoteWebDriver log
WARNING: Executed: [856be816e2e222d10e5a16a8402c469580320caa, findElement {using=tag name, value=body}]
Apr 25, 2019 6:07:15 PM org.openqa.selenium.remote.RemoteWebDriver log
WARNING: Executing: getElementText [856be816e2e222d10e5a16a8402c469580320caa, getElementText {id=15}]
Apr 25, 2019 6:07:16 PM org.openqa.selenium.remote.RemoteWebDriver log
WARNING: Executed: [856be816e2e222d10e5a16a8402c469580320caa, getElementText {id=15}]
Apr 25, 2019 6:07:17 PM org.openqa.selenium.remote.RemoteWebDriver log
WARNING: Executing: findElement [856be816e2e222d10e5a16a8402c469580320caa, findElement {using=tag name, value=body}]
Apr 25, 2019 6:07:17 PM org.openqa.selenium.remote.RemoteWebDriver log
WARNING: Executed: [856be816e2e222d10e5a16a8402c469580320caa, findElement {using=tag name, value=body}]
Apr 25, 2019 6:07:17 PM org.openqa.selenium.remote.RemoteWebDriver log
WARNING: Executing: getElementText [856be816e2e222d10e5a16a8402c469580320caa, getElementText {id=15}]
Apr 25, 2019 6:07:18 PM org.openqa.selenium.remote.RemoteWebDriver log
WARNING: Executed: [856be816e2e222d10e5a16a8402c469580320caa, getElementText {id=15}]
Apr 25, 2019 6:07:18 PM org.openqa.selenium.remote.RemoteWebDriver log
WARNING: Executing: findElement [856be816e2e222d10e5a16a8402c469580320caa, findElement {using=css selector, value=button[title='Deactivate']}]
Apr 25, 2019 6:07:18 PM org.openqa.selenium.remote.RemoteWebDriver log
WARNING: Executed: [856be816e2e222d10e5a16a8402c469580320caa, findElement {using=css selector, value=button[title='Deactivate']}]
Apr 25, 2019 6:07:18 PM org.openqa.selenium.remote.RemoteWebDriver log
WARNING: Executing: isElementDisplayed [856be816e2e222d10e5a16a8402c469580320caa, isElementDisplayed {id=16}]
Apr 25, 2019 6:07:19 PM org.openqa.selenium.remote.RemoteWebDriver log
WARNING: Executed: [856be816e2e222d10e5a16a8402c469580320caa, isElementDisplayed {id=16}]
Apr 25, 2019 6:07:19 PM org.openqa.selenium.remote.RemoteWebDriver log
WARNING: Executing: isElementEnabled [856be816e2e222d10e5a16a8402c469580320caa, isElementEnabled {id=16}]
Apr 25, 2019 6:07:19 PM org.openqa.selenium.remote.RemoteWebDriver log
WARNING: Executed: [856be816e2e222d10e5a16a8402c469580320caa, isElementEnabled {id=16}]
Apr 25, 2019 6:07:19 PM org.openqa.selenium.remote.RemoteWebDriver log
WARNING: Executing: findElements [856be816e2e222d10e5a16a8402c469580320caa, findElements {using=css selector, value=ul li div div > span}]
Apr 25, 2019 6:07:19 PM org.openqa.selenium.remote.RemoteWebDriver log
WARNING: Executed: [856be816e2e222d10e5a16a8402c469580320caa, findElements {using=css selector, value=ul li div div > span}]
Apr 25, 2019 6:07:19 PM org.openqa.selenium.remote.RemoteWebDriver log
WARNING: Executing: getElementText [856be816e2e222d10e5a16a8402c469580320caa, getElementText {id=17}]
Apr 25, 2019 6:07:19 PM org.openqa.selenium.remote.RemoteWebDriver log
WARNING: Executed: [856be816e2e222d10e5a16a8402c469580320caa, getElementText {id=17}]
Apr 25, 2019 6:07:19 PM org.openqa.selenium.remote.RemoteWebDriver log
WARNING: Executing: findElement [856be816e2e222d10e5a16a8402c469580320caa, findElement {using=css selector, value=button[title='Deactivate']}]
Apr 25, 2019 6:07:20 PM org.openqa.selenium.remote.RemoteWebDriver log
WARNING: Executed: [856be816e2e222d10e5a16a8402c469580320caa, findElement {using=css selector, value=button[title='Deactivate']}]
Apr 25, 2019 6:07:20 PM org.openqa.selenium.remote.RemoteWebDriver log
WARNING: Executing: isElementDisplayed [856be816e2e222d10e5a16a8402c469580320caa, isElementDisplayed {id=16}]
Apr 25, 2019 6:07:20 PM org.openqa.selenium.remote.RemoteWebDriver log
WARNING: Executed: [856be816e2e222d10e5a16a8402c469580320caa, isElementDisplayed {id=16}]
Apr 25, 2019 6:07:20 PM org.openqa.selenium.remote.RemoteWebDriver log
WARNING: Executing: isElementEnabled [856be816e2e222d10e5a16a8402c469580320caa, isElementEnabled {id=16}]
Apr 25, 2019 6:07:20 PM org.openqa.selenium.remote.RemoteWebDriver log
WARNING: Executed: [856be816e2e222d10e5a16a8402c469580320caa, isElementEnabled {id=16}]
Apr 25, 2019 6:07:20 PM org.openqa.selenium.remote.RemoteWebDriver log
WARNING: Executing: clickElement [856be816e2e222d10e5a16a8402c469580320caa, clickElement {id=16}]
Apr 25, 2019 6:07:21 PM org.openqa.selenium.remote.RemoteWebDriver log
WARNING: Executed: [856be816e2e222d10e5a16a8402c469580320caa, clickElement {id=16}]
Apr 25, 2019 6:07:21 PM org.openqa.selenium.remote.RemoteWebDriver log
WARNING: Executing: findElement [856be816e2e222d10e5a16a8402c469580320caa, findElement {using=tag name, value=body}]
Apr 25, 2019 6:07:21 PM org.openqa.selenium.remote.RemoteWebDriver log
WARNING: Executed: [856be816e2e222d10e5a16a8402c469580320caa, findElement {using=tag name, value=body}]
Apr 25, 2019 6:07:21 PM org.openqa.selenium.remote.RemoteWebDriver log
WARNING: Executing: getElementText [856be816e2e222d10e5a16a8402c469580320caa, getElementText {id=15}]
Apr 25, 2019 6:07:22 PM org.openqa.selenium.remote.RemoteWebDriver log
WARNING: Executed: [856be816e2e222d10e5a16a8402c469580320caa, getElementText {id=15}]
Apr 25, 2019 6:07:23 PM org.openqa.selenium.remote.RemoteWebDriver log
WARNING: Executing: findElement [856be816e2e222d10e5a16a8402c469580320caa, findElement {using=tag name, value=body}]
Apr 25, 2019 6:07:23 PM org.openqa.selenium.remote.RemoteWebDriver log
WARNING: Executed: [856be816e2e222d10e5a16a8402c469580320caa, findElement {using=tag name, value=body}]
Apr 25, 2019 6:07:23 PM org.openqa.selenium.remote.RemoteWebDriver log
WARNING: Executing: getElementText [856be816e2e222d10e5a16a8402c469580320caa, getElementText {id=15}]
Apr 25, 2019 6:07:24 PM org.openqa.selenium.remote.RemoteWebDriver log
WARNING: Executed: [856be816e2e222d10e5a16a8402c469580320caa, getElementText {id=15}]
Apr 25, 2019 6:07:25 PM org.openqa.selenium.remote.RemoteWebDriver log
WARNING: Executing: findElement [856be816e2e222d10e5a16a8402c469580320caa, findElement {using=tag name, value=body}]
Apr 25, 2019 6:07:25 PM org.openqa.selenium.remote.RemoteWebDriver log
WARNING: Executed: [856be816e2e222d10e5a16a8402c469580320caa, findElement {using=tag name, value=body}]
Apr 25, 2019 6:07:25 PM org.openqa.selenium.remote.RemoteWebDriver log
WARNING: Executing: getElementText [856be816e2e222d10e5a16a8402c469580320caa, getElementText {id=15}]
Apr 25, 2019 6:07:26 PM org.openqa.selenium.remote.RemoteWebDriver log
WARNING: Executed: [856be816e2e222d10e5a16a8402c469580320caa, getElementText {id=15}]
Apr 25, 2019 6:07:26 PM org.openqa.selenium.remote.RemoteWebDriver log
WARNING: Executing: findElements [856be816e2e222d10e5a16a8402c469580320caa, findElements {using=css selector, value=ul li div div > span}]
Apr 25, 2019 6:07:26 PM org.openqa.selenium.remote.RemoteWebDriver log
WARNING: Executed: [856be816e2e222d10e5a16a8402c469580320caa, findElements {using=css selector, value=ul li div div > span}]
Apr 25, 2019 6:07:26 PM org.openqa.selenium.remote.RemoteWebDriver log
WARNING: Executing: isElementDisplayed [856be816e2e222d10e5a16a8402c469580320caa, isElementDisplayed {id=18}]
Apr 25, 2019 6:07:26 PM org.openqa.selenium.remote.RemoteWebDriver log
WARNING: Executed: [856be816e2e222d10e5a16a8402c469580320caa, isElementDisplayed {id=18}]
Apr 25, 2019 6:07:26 PM org.openqa.selenium.remote.RemoteWebDriver log
WARNING: Executing: isElementDisplayed [856be816e2e222d10e5a16a8402c469580320caa, isElementDisplayed {id=19}]
Apr 25, 2019 6:07:27 PM org.openqa.selenium.remote.RemoteWebDriver log
WARNING: Executed: [856be816e2e222d10e5a16a8402c469580320caa, isElementDisplayed {id=19}]
Apr 25, 2019 6:07:27 PM org.openqa.selenium.remote.RemoteWebDriver log
WARNING: Executing: isElementDisplayed [856be816e2e222d10e5a16a8402c469580320caa, isElementDisplayed {id=20}]
Apr 25, 2019 6:07:27 PM org.openqa.selenium.remote.RemoteWebDriver log
WARNING: Executed: [856be816e2e222d10e5a16a8402c469580320caa, isElementDisplayed {id=20}]
Apr 25, 2019 6:07:27 PM org.openqa.selenium.remote.RemoteWebDriver log
WARNING: Executing: isElementDisplayed [856be816e2e222d10e5a16a8402c469580320caa, isElementDisplayed {id=21}]
Apr 25, 2019 6:07:27 PM org.openqa.selenium.remote.RemoteWebDriver log
WARNING: Executed: [856be816e2e222d10e5a16a8402c469580320caa, isElementDisplayed {id=21}]
Apr 25, 2019 6:07:27 PM org.openqa.selenium.remote.RemoteWebDriver log
WARNING: Executing: isElementDisplayed [856be816e2e222d10e5a16a8402c469580320caa, isElementDisplayed {id=22}]
Apr 25, 2019 6:07:27 PM org.openqa.selenium.remote.RemoteWebDriver log
WARNING: Executed: [856be816e2e222d10e5a16a8402c469580320caa, isElementDisplayed {id=22}]
Apr 25, 2019 6:07:27 PM org.openqa.selenium.remote.RemoteWebDriver log
WARNING: Executing: isElementDisplayed [856be816e2e222d10e5a16a8402c469580320caa, isElementDisplayed {id=23}]
Apr 25, 2019 6:07:28 PM org.openqa.selenium.remote.RemoteWebDriver log
WARNING: Executed: [856be816e2e222d10e5a16a8402c469580320caa, isElementDisplayed {id=23}]
Apr 25, 2019 6:07:28 PM org.openqa.selenium.remote.RemoteWebDriver log
WARNING: Executing: isElementDisplayed [856be816e2e222d10e5a16a8402c469580320caa, isElementDisplayed {id=24}]
Apr 25, 2019 6:07:28 PM org.openqa.selenium.remote.RemoteWebDriver log
WARNING: Executed: [856be816e2e222d10e5a16a8402c469580320caa, isElementDisplayed {id=24}]
Apr 25, 2019 6:07:28 PM org.openqa.selenium.remote.RemoteWebDriver log
WARNING: Executing: isElementDisplayed [856be816e2e222d10e5a16a8402c469580320caa, isElementDisplayed {id=25}]
Apr 25, 2019 6:07:28 PM org.openqa.selenium.remote.RemoteWebDriver log
WARNING: Executed: [856be816e2e222d10e5a16a8402c469580320caa, isElementDisplayed {id=25}]
Apr 25, 2019 6:07:28 PM org.openqa.selenium.remote.RemoteWebDriver log
WARNING: Executing: isElementDisplayed [856be816e2e222d10e5a16a8402c469580320caa, isElementDisplayed {id=17}]
Apr 25, 2019 6:07:28 PM org.openqa.selenium.remote.RemoteWebDriver log
WARNING: Executed: [856be816e2e222d10e5a16a8402c469580320caa, isElementDisplayed {id=17}]
Apr 25, 2019 6:07:28 PM org.openqa.selenium.remote.RemoteWebDriver log
WARNING: Executing: isElementDisplayed [856be816e2e222d10e5a16a8402c469580320caa, isElementDisplayed {id=26}]
Apr 25, 2019 6:07:29 PM org.openqa.selenium.remote.RemoteWebDriver log
WARNING: Executed: [856be816e2e222d10e5a16a8402c469580320caa, isElementDisplayed {id=26}]
Apr 25, 2019 6:07:29 PM org.openqa.selenium.remote.RemoteWebDriver log
WARNING: Executing: findElements [856be816e2e222d10e5a16a8402c469580320caa, findElements {using=css selector, value=ul li div div > span}]
Apr 25, 2019 6:07:29 PM org.openqa.selenium.remote.RemoteWebDriver log
WARNING: Executed: [856be816e2e222d10e5a16a8402c469580320caa, findElements {using=css selector, value=ul li div div > span}]
Apr 25, 2019 6:07:29 PM org.openqa.selenium.remote.RemoteWebDriver log
WARNING: Executing: isElementDisplayed [856be816e2e222d10e5a16a8402c469580320caa, isElementDisplayed {id=18}]
Apr 25, 2019 6:07:29 PM org.openqa.selenium.remote.RemoteWebDriver log
WARNING: Executed: [856be816e2e222d10e5a16a8402c469580320caa, isElementDisplayed {id=18}]
Apr 25, 2019 6:07:29 PM org.openqa.selenium.remote.RemoteWebDriver log
WARNING: Executing: isElementDisplayed [856be816e2e222d10e5a16a8402c469580320caa, isElementDisplayed {id=19}]
Apr 25, 2019 6:07:29 PM org.openqa.selenium.remote.RemoteWebDriver log
WARNING: Executed: [856be816e2e222d10e5a16a8402c469580320caa, isElementDisplayed {id=19}]
Apr 25, 2019 6:07:29 PM org.openqa.selenium.remote.RemoteWebDriver log
WARNING: Executing: isElementDisplayed [856be816e2e222d10e5a16a8402c469580320caa, isElementDisplayed {id=20}]
Apr 25, 2019 6:07:29 PM org.openqa.selenium.remote.RemoteWebDriver log
WARNING: Executed: [856be816e2e222d10e5a16a8402c469580320caa, isElementDisplayed {id=20}]
Apr 25, 2019 6:07:29 PM org.openqa.selenium.remote.RemoteWebDriver log
WARNING: Executing: isElementDisplayed [856be816e2e222d10e5a16a8402c469580320caa, isElementDisplayed {id=21}]
Apr 25, 2019 6:07:30 PM org.openqa.selenium.remote.RemoteWebDriver log
WARNING: Executed: [856be816e2e222d10e5a16a8402c469580320caa, isElementDisplayed {id=21}]
Apr 25, 2019 6:07:30 PM org.openqa.selenium.remote.RemoteWebDriver log
WARNING: Executing: isElementDisplayed [856be816e2e222d10e5a16a8402c469580320caa, isElementDisplayed {id=22}]
Apr 25, 2019 6:07:30 PM org.openqa.selenium.remote.RemoteWebDriver log
WARNING: Executed: [856be816e2e222d10e5a16a8402c469580320caa, isElementDisplayed {id=22}]
Apr 25, 2019 6:07:30 PM org.openqa.selenium.remote.RemoteWebDriver log
WARNING: Executing: isElementDisplayed [856be816e2e222d10e5a16a8402c469580320caa, isElementDisplayed {id=23}]
Apr 25, 2019 6:07:30 PM org.openqa.selenium.remote.RemoteWebDriver log
WARNING: Executed: [856be816e2e222d10e5a16a8402c469580320caa, isElementDisplayed {id=23}]
Apr 25, 2019 6:07:30 PM org.openqa.selenium.remote.RemoteWebDriver log
WARNING: Executing: isElementDisplayed [856be816e2e222d10e5a16a8402c469580320caa, isElementDisplayed {id=24}]
Apr 25, 2019 6:07:30 PM org.openqa.selenium.remote.RemoteWebDriver log
WARNING: Executed: [856be816e2e222d10e5a16a8402c469580320caa, isElementDisplayed {id=24}]
Apr 25, 2019 6:07:30 PM org.openqa.selenium.remote.RemoteWebDriver log
WARNING: Executing: isElementDisplayed [856be816e2e222d10e5a16a8402c469580320caa, isElementDisplayed {id=25}]
Apr 25, 2019 6:07:31 PM org.openqa.selenium.remote.RemoteWebDriver log
WARNING: Executed: [856be816e2e222d10e5a16a8402c469580320caa, isElementDisplayed {id=25}]
Apr 25, 2019 6:07:31 PM org.openqa.selenium.remote.RemoteWebDriver log
WARNING: Executing: isElementDisplayed [856be816e2e222d10e5a16a8402c469580320caa, isElementDisplayed {id=17}]
Apr 25, 2019 6:07:31 PM org.openqa.selenium.remote.RemoteWebDriver log
WARNING: Executed: [856be816e2e222d10e5a16a8402c469580320caa, isElementDisplayed {id=17}]
Apr 25, 2019 6:07:31 PM org.openqa.selenium.remote.RemoteWebDriver log
WARNING: Executing: isElementDisplayed [856be816e2e222d10e5a16a8402c469580320caa, isElementDisplayed {id=26}]
Apr 25, 2019 6:07:31 PM org.openqa.selenium.remote.RemoteWebDriver log
WARNING: Executed: [856be816e2e222d10e5a16a8402c469580320caa, isElementDisplayed {id=26}]
Apr 25, 2019 6:07:31 PM org.openqa.selenium.remote.RemoteWebDriver log
WARNING: Executing: executeScript [856be816e2e222d10e5a16a8402c469580320caa, executeScript {script=return window.innerHeight || document.documentElement.clientHeight || document.body.clientHeight;, args=[]}]
Apr 25, 2019 6:07:31 PM org.openqa.selenium.remote.RemoteWebDriver log
WARNING: Executed: [856be816e2e222d10e5a16a8402c469580320caa, executeScript {script=return window.innerHeight || document.documentElement.clientHeight || document.body.clientHeight;, args=[]}]
Apr 25, 2019 6:07:31 PM org.openqa.selenium.remote.RemoteWebDriver log
WARNING: Executing: getElementLocation [856be816e2e222d10e5a16a8402c469580320caa, getElementLocation {id=26}]
Apr 25, 2019 6:07:31 PM org.openqa.selenium.remote.RemoteWebDriver log
WARNING: Executed: [856be816e2e222d10e5a16a8402c469580320caa, getElementLocation {id=26}]
Apr 25, 2019 6:07:31 PM org.openqa.selenium.remote.RemoteWebDriver log
WARNING: Executing: executeScript [856be816e2e222d10e5a16a8402c469580320caa, executeScript {script=window.scrollTo(0, 1079), args=[]}]
Apr 25, 2019 6:07:32 PM org.openqa.selenium.remote.RemoteWebDriver log
WARNING: Executed: [856be816e2e222d10e5a16a8402c469580320caa, executeScript {script=window.scrollTo(0, 1079), args=[]}]
Apr 25, 2019 6:07:32 PM org.openqa.selenium.remote.RemoteWebDriver log
WARNING: Executing: findElement [856be816e2e222d10e5a16a8402c469580320caa, findElement {using=tag name, value=body}]
Apr 25, 2019 6:07:32 PM org.openqa.selenium.remote.RemoteWebDriver log
WARNING: Executed: [856be816e2e222d10e5a16a8402c469580320caa, findElement {using=tag name, value=body}]
Apr 25, 2019 6:07:32 PM org.openqa.selenium.remote.RemoteWebDriver log
WARNING: Executing: getElementText [856be816e2e222d10e5a16a8402c469580320caa, getElementText {id=15}]
Apr 25, 2019 6:07:33 PM org.openqa.selenium.remote.RemoteWebDriver log
WARNING: Executed: [856be816e2e222d10e5a16a8402c469580320caa, getElementText {id=15}]
Apr 25, 2019 6:07:34 PM org.openqa.selenium.remote.RemoteWebDriver log
WARNING: Executing: findElement [856be816e2e222d10e5a16a8402c469580320caa, findElement {using=tag name, value=body}]
Apr 25, 2019 6:07:34 PM org.openqa.selenium.remote.RemoteWebDriver log
WARNING: Executed: [856be816e2e222d10e5a16a8402c469580320caa, findElement {using=tag name, value=body}]
Apr 25, 2019 6:07:34 PM org.openqa.selenium.remote.RemoteWebDriver log
WARNING: Executing: getElementText [856be816e2e222d10e5a16a8402c469580320caa, getElementText {id=15}]
Apr 25, 2019 6:07:34 PM org.openqa.selenium.remote.RemoteWebDriver log
WARNING: Executed: [856be816e2e222d10e5a16a8402c469580320caa, getElementText {id=15}]
Apr 25, 2019 6:07:34 PM org.openqa.selenium.remote.RemoteWebDriver log
WARNING: Executing: getElementText [856be816e2e222d10e5a16a8402c469580320caa, getElementText {id=26}]
Apr 25, 2019 6:07:35 PM org.openqa.selenium.remote.RemoteWebDriver log
WARNING: Executed: [856be816e2e222d10e5a16a8402c469580320caa, getElementText {id=26}]
]]></system-err>
  </testcase>
  <testcase name="testDisableMilestone" classname="com.clarolab.AdminConsoleTest" time="46.104">
    <failure message="no such element: Unable to locate element: {&quot;method&quot;:&quot;css selector&quot;,&quot;selector&quot;:&quot;button[title='Activate']&quot;}
  (Session info: chrome=73.0.3683.86)
  (Driver info: chromedriver=73.0.3683.68 (47787ec04b6e38e22703e856e101e840b65afe72),platform=Windows NT 6.1.7601 SP1 x86_64) (WARNING: The server did not provide any stacktrace information)
Command duration or timeout: 2.04 seconds
For documentation on this error, please visit: http://seleniumhq.org/exceptions/no_such_element.html
Build info: version: '2.53.0', revision: '35ae25b', time: '2016-03-15 17:00:58'
System info: host: '207-254-76-24', ip: '207.254.76.24', os.name: 'windows', os.arch: 'x86', os.version: '6.1', java.version: '1.8.0_151'
Driver info: org.openqa.selenium.chrome.ChromeDriver
Capabilities [{mobileEmulationEnabled=false, timeouts={implicit=0, pageLoad=300000, script=30000}, hasTouchScreen=false, platform=XP, acceptSslCerts=false, goog:chromeOptions={debuggerAddress=localhost:1086}, acceptInsecureCerts=false, webStorageEnabled=true, browserName=chrome, takesScreenshot=true, javascriptEnabled=true, setWindowRect=true, unexpectedAlertBehaviour=ignore, applicationCacheEnabled=false, rotatable=false, networkConnectionEnabled=false, chrome={chromedriverVersion=73.0.3683.68 (47787ec04b6e38e22703e856e101e840b65afe72), userDataDir=C:\Windows\proxy\scoped_dir2612_13847}, takesHeapSnapshot=true, pageLoadStrategy=normal, strictFileInteractability=false, databaseEnabled=false, handlesAlerts=true, version=73.0.3683.86, browserConnectionEnabled=false, proxy={}, nativeEvents=true, locationContextEnabled=true, cssSelectorsEnabled=true}]
Session ID: 582717fa7481157d8f83c95f8d5b32c5
*** Element info: {Using=css selector, value=button[title='Activate']}
Command duration or timeout: 4.55 seconds
For documentation on this error, please visit: http://seleniumhq.org/exceptions/no_such_element.html
Build info: version: '2.45.0', revision: '5017cb8e7ca8e37638dc3091b2440b90a1d8686f', time: '2015-02-27 09:10:26'
System info: host: '6888e31d0e98', ip: '172.17.0.9', os.name: 'Linux', os.arch: 'amd64', os.version: '4.15.0-29-generic', java.version: '1.8.0_181'
Driver info: org.openqa.selenium.remote.RemoteWebDriver
Capabilities [{mobileEmulationEnabled=false, timeouts={implicit=0, pageLoad=300000, script=30000}, hasTouchScreen=false, platform=WINDOWS, acceptSslCerts=false, goog:chromeOptions={debuggerAddress=localhost:1086}, acceptInsecureCerts=false, webStorageEnabled=true, browserName=chrome, takesScreenshot=true, javascriptEnabled=true, setWindowRect=true, unexpectedAlertBehaviour=ignore, applicationCacheEnabled=false, rotatable=false, networkConnectionEnabled=false, chrome={chromedriverVersion=73.0.3683.68 (47787ec04b6e38e22703e856e101e840b65afe72), userDataDir=C:\Windows\proxy\scoped_dir2612_13847}, takesHeapSnapshot=true, pageLoadStrategy=normal, strictFileInteractability=false, databaseEnabled=false, handlesAlerts=true, version=73.0.3683.86, browserConnectionEnabled=false, nativeEvents=true, webdriver.remote.sessionid=ff9da18a4cbb5a8dc08da65e74afc6d921e562d7, locationContextEnabled=true, cssSelectorsEnabled=true}]
Session ID: ff9da18a4cbb5a8dc08da65e74afc6d921e562d7
*** Element info: {Using=css selector, value=button[title='Activate']}" type="org.openqa.selenium.NoSuchElementException">org.openqa.selenium.NoSuchElementException: 
no such element: Unable to locate element: {"method":"css selector","selector":"button[title='Activate']"}
  (Session info: chrome=73.0.3683.86)
  (Driver info: chromedriver=73.0.3683.68 (47787ec04b6e38e22703e856e101e840b65afe72),platform=Windows NT 6.1.7601 SP1 x86_64) (WARNING: The server did not provide any stacktrace information)
Command duration or timeout: 2.04 seconds
For documentation on this error, please visit: http://seleniumhq.org/exceptions/no_such_element.html
Build info: version: '2.53.0', revision: '35ae25b', time: '2016-03-15 17:00:58'
System info: host: '207-254-76-24', ip: '207.254.76.24', os.name: 'windows', os.arch: 'x86', os.version: '6.1', java.version: '1.8.0_151'
Driver info: org.openqa.selenium.chrome.ChromeDriver
Capabilities [{mobileEmulationEnabled=false, timeouts={implicit=0, pageLoad=300000, script=30000}, hasTouchScreen=false, platform=XP, acceptSslCerts=false, goog:chromeOptions={debuggerAddress=localhost:1086}, acceptInsecureCerts=false, webStorageEnabled=true, browserName=chrome, takesScreenshot=true, javascriptEnabled=true, setWindowRect=true, unexpectedAlertBehaviour=ignore, applicationCacheEnabled=false, rotatable=false, networkConnectionEnabled=false, chrome={chromedriverVersion=73.0.3683.68 (47787ec04b6e38e22703e856e101e840b65afe72), userDataDir=C:\Windows\proxy\scoped_dir2612_13847}, takesHeapSnapshot=true, pageLoadStrategy=normal, strictFileInteractability=false, databaseEnabled=false, handlesAlerts=true, version=73.0.3683.86, browserConnectionEnabled=false, proxy={}, nativeEvents=true, locationContextEnabled=true, cssSelectorsEnabled=true}]
Session ID: 582717fa7481157d8f83c95f8d5b32c5
*** Element info: {Using=css selector, value=button[title='Activate']}
Command duration or timeout: 4.55 seconds
For documentation on this error, please visit: http://seleniumhq.org/exceptions/no_such_element.html
Build info: version: '2.45.0', revision: '5017cb8e7ca8e37638dc3091b2440b90a1d8686f', time: '2015-02-27 09:10:26'
System info: host: '6888e31d0e98', ip: '172.17.0.9', os.name: 'Linux', os.arch: 'amd64', os.version: '4.15.0-29-generic', java.version: '1.8.0_181'
Driver info: org.openqa.selenium.remote.RemoteWebDriver
Capabilities [{mobileEmulationEnabled=false, timeouts={implicit=0, pageLoad=300000, script=30000}, hasTouchScreen=false, platform=WINDOWS, acceptSslCerts=false, goog:chromeOptions={debuggerAddress=localhost:1086}, acceptInsecureCerts=false, webStorageEnabled=true, browserName=chrome, takesScreenshot=true, javascriptEnabled=true, setWindowRect=true, unexpectedAlertBehaviour=ignore, applicationCacheEnabled=false, rotatable=false, networkConnectionEnabled=false, chrome={chromedriverVersion=73.0.3683.68 (47787ec04b6e38e22703e856e101e840b65afe72), userDataDir=C:\Windows\proxy\scoped_dir2612_13847}, takesHeapSnapshot=true, pageLoadStrategy=normal, strictFileInteractability=false, databaseEnabled=false, handlesAlerts=true, version=73.0.3683.86, browserConnectionEnabled=false, nativeEvents=true, webdriver.remote.sessionid=ff9da18a4cbb5a8dc08da65e74afc6d921e562d7, locationContextEnabled=true, cssSelectorsEnabled=true}]
Session ID: ff9da18a4cbb5a8dc08da65e74afc6d921e562d7
*** Element info: {Using=css selector, value=button[title='Activate']}
	at com.clarolab.AdminConsoleTest.testDisableMilestone(AdminConsoleTest.java:77)
Caused by: org.openqa.selenium.remote.ScreenshotException: 
Screen shot has been taken
Build info: version: '2.45.0', revision: '5017cb8e7ca8e37638dc3091b2440b90a1d8686f', time: '2015-02-27 09:10:26'
System info: host: '6888e31d0e98', ip: '172.17.0.9', os.name: 'Linux', os.arch: 'amd64', os.version: '4.15.0-29-generic', java.version: '1.8.0_181'
Driver info: driver.version: RemoteWebDriver
	at com.clarolab.AdminConsoleTest.testDisableMilestone(AdminConsoleTest.java:77)
Caused by: org.openqa.selenium.NoSuchElementException: 
no such element: Unable to locate element: {"method":"css selector","selector":"button[title='Activate']"}
  (Session info: chrome=73.0.3683.86)
  (Driver info: chromedriver=73.0.3683.68 (47787ec04b6e38e22703e856e101e840b65afe72),platform=Windows NT 6.1.7601 SP1 x86_64) (WARNING: The server did not provide any stacktrace information)
Command duration or timeout: 2.04 seconds
For documentation on this error, please visit: http://seleniumhq.org/exceptions/no_such_element.html
Build info: version: '2.53.0', revision: '35ae25b', time: '2016-03-15 17:00:58'
System info: host: '207-254-76-24', ip: '207.254.76.24', os.name: 'windows', os.arch: 'x86', os.version: '6.1', java.version: '1.8.0_151'
Driver info: org.openqa.selenium.chrome.ChromeDriver
Capabilities [{mobileEmulationEnabled=false, timeouts={implicit=0, pageLoad=300000, script=30000}, hasTouchScreen=false, platform=XP, acceptSslCerts=false, goog:chromeOptions={debuggerAddress=localhost:1086}, acceptInsecureCerts=false, webStorageEnabled=true, browserName=chrome, takesScreenshot=true, javascriptEnabled=true, setWindowRect=true, unexpectedAlertBehaviour=ignore, applicationCacheEnabled=false, rotatable=false, networkConnectionEnabled=false, chrome={chromedriverVersion=73.0.3683.68 (47787ec04b6e38e22703e856e101e840b65afe72), userDataDir=C:\Windows\proxy\scoped_dir2612_13847}, takesHeapSnapshot=true, pageLoadStrategy=normal, strictFileInteractability=false, databaseEnabled=false, handlesAlerts=true, version=73.0.3683.86, browserConnectionEnabled=false, proxy={}, nativeEvents=true, locationContextEnabled=true, cssSelectorsEnabled=true}]
Session ID: 582717fa7481157d8f83c95f8d5b32c5
*** Element info: {Using=css selector, value=button[title='Activate']}
For documentation on this error, please visit: http://seleniumhq.org/exceptions/no_such_element.html
Build info: version: '2.45.0', revision: '5017cb8e7ca8e37638dc3091b2440b90a1d8686f', time: '2015-02-27 09:10:26'
System info: host: '6888e31d0e98', ip: '172.17.0.9', os.name: 'Linux', os.arch: 'amd64', os.version: '4.15.0-29-generic', java.version: '1.8.0_181'
Driver info: driver.version: RemoteWebDriver
</failure>
    <system-err><![CDATA[Apr 25, 2019 6:07:35 PM org.openqa.selenium.remote.RemoteWebDriver log
WARNING: Executing: deleteAllCookies [856be816e2e222d10e5a16a8402c469580320caa, deleteAllCookies {}]
Apr 25, 2019 6:07:35 PM org.openqa.selenium.remote.RemoteWebDriver log
WARNING: Executed: [856be816e2e222d10e5a16a8402c469580320caa, deleteAllCookies {}]
Apr 25, 2019 6:07:35 PM org.openqa.selenium.remote.RemoteWebDriver log
WARNING: Executing: quit [856be816e2e222d10e5a16a8402c469580320caa, quit {}]
Apr 25, 2019 6:07:37 PM org.openqa.selenium.remote.RemoteWebDriver log
WARNING: Executed: [856be816e2e222d10e5a16a8402c469580320caa, quit {}]
Apr 25, 2019 6:07:42 PM org.openqa.selenium.remote.RemoteWebDriver log
WARNING: Executing: setTimeout [ff9da18a4cbb5a8dc08da65e74afc6d921e562d7, setTimeout {type=page load, ms=80000}]
Apr 25, 2019 6:07:42 PM org.openqa.selenium.remote.RemoteWebDriver log
WARNING: Executed: [ff9da18a4cbb5a8dc08da65e74afc6d921e562d7, setTimeout {type=page load, ms=80000}]
Apr 25, 2019 6:07:42 PM org.openqa.selenium.remote.RemoteWebDriver log
WARNING: Executing: implicitlyWait [ff9da18a4cbb5a8dc08da65e74afc6d921e562d7, implicitlyWait {ms=2000}]
Apr 25, 2019 6:07:42 PM org.openqa.selenium.remote.RemoteWebDriver log
WARNING: Executed: [ff9da18a4cbb5a8dc08da65e74afc6d921e562d7, implicitlyWait {ms=2000}]
Apr 25, 2019 6:07:42 PM org.openqa.selenium.remote.RemoteWebDriver log
WARNING: Executing: get [ff9da18a4cbb5a8dc08da65e74afc6d921e562d7, get {url=http://tdev.clarolab.com/}]
Apr 25, 2019 6:07:49 PM org.openqa.selenium.remote.RemoteWebDriver log
WARNING: Executed: [ff9da18a4cbb5a8dc08da65e74afc6d921e562d7, get {url=http://tdev.clarolab.com/}]
Apr 25, 2019 6:07:49 PM org.openqa.selenium.remote.RemoteWebDriver log
WARNING: Executing: getCurrentUrl [ff9da18a4cbb5a8dc08da65e74afc6d921e562d7, getCurrentUrl {}]
Apr 25, 2019 6:07:49 PM org.openqa.selenium.remote.RemoteWebDriver log
WARNING: Executed: [ff9da18a4cbb5a8dc08da65e74afc6d921e562d7, getCurrentUrl {}]
Apr 25, 2019 6:07:49 PM org.openqa.selenium.remote.RemoteWebDriver log
WARNING: Executing: getCurrentUrl [ff9da18a4cbb5a8dc08da65e74afc6d921e562d7, getCurrentUrl {}]
Apr 25, 2019 6:07:49 PM org.openqa.selenium.remote.RemoteWebDriver log
WARNING: Executed: [ff9da18a4cbb5a8dc08da65e74afc6d921e562d7, getCurrentUrl {}]
Apr 25, 2019 6:07:49 PM org.openqa.selenium.remote.RemoteWebDriver log
WARNING: Executing: findElement [ff9da18a4cbb5a8dc08da65e74afc6d921e562d7, findElement {using=id, value=loginForm}]
Apr 25, 2019 6:07:50 PM org.openqa.selenium.remote.RemoteWebDriver log
WARNING: Executed: [ff9da18a4cbb5a8dc08da65e74afc6d921e562d7, findElement {using=id, value=loginForm}]
Apr 25, 2019 6:07:50 PM org.openqa.selenium.remote.RemoteWebDriver log
WARNING: Executing: findElement [ff9da18a4cbb5a8dc08da65e74afc6d921e562d7, findElement {using=tag name, value=body}]
Apr 25, 2019 6:07:50 PM org.openqa.selenium.remote.RemoteWebDriver log
WARNING: Executed: [ff9da18a4cbb5a8dc08da65e74afc6d921e562d7, findElement {using=tag name, value=body}]
Apr 25, 2019 6:07:50 PM org.openqa.selenium.remote.RemoteWebDriver log
WARNING: Executing: getElementText [ff9da18a4cbb5a8dc08da65e74afc6d921e562d7, getElementText {id=1}]
Apr 25, 2019 6:07:50 PM org.openqa.selenium.remote.RemoteWebDriver log
WARNING: Executed: [ff9da18a4cbb5a8dc08da65e74afc6d921e562d7, getElementText {id=1}]
Apr 25, 2019 6:07:51 PM org.openqa.selenium.remote.RemoteWebDriver log
WARNING: Executing: findElement [ff9da18a4cbb5a8dc08da65e74afc6d921e562d7, findElement {using=tag name, value=body}]
Apr 25, 2019 6:07:51 PM org.openqa.selenium.remote.RemoteWebDriver log
WARNING: Executed: [ff9da18a4cbb5a8dc08da65e74afc6d921e562d7, findElement {using=tag name, value=body}]
Apr 25, 2019 6:07:51 PM org.openqa.selenium.remote.RemoteWebDriver log
WARNING: Executing: getElementText [ff9da18a4cbb5a8dc08da65e74afc6d921e562d7, getElementText {id=1}]
Apr 25, 2019 6:07:51 PM org.openqa.selenium.remote.RemoteWebDriver log
WARNING: Executed: [ff9da18a4cbb5a8dc08da65e74afc6d921e562d7, getElementText {id=1}]
Apr 25, 2019 6:07:52 PM org.openqa.selenium.remote.RemoteWebDriver log
WARNING: Executing: findElement [ff9da18a4cbb5a8dc08da65e74afc6d921e562d7, findElement {using=tag name, value=body}]
Apr 25, 2019 6:07:52 PM org.openqa.selenium.remote.RemoteWebDriver log
WARNING: Executed: [ff9da18a4cbb5a8dc08da65e74afc6d921e562d7, findElement {using=tag name, value=body}]
Apr 25, 2019 6:07:52 PM org.openqa.selenium.remote.RemoteWebDriver log
WARNING: Executing: getElementText [ff9da18a4cbb5a8dc08da65e74afc6d921e562d7, getElementText {id=1}]
Apr 25, 2019 6:07:52 PM org.openqa.selenium.remote.RemoteWebDriver log
WARNING: Executed: [ff9da18a4cbb5a8dc08da65e74afc6d921e562d7, getElementText {id=1}]
Apr 25, 2019 6:07:52 PM org.openqa.selenium.remote.RemoteWebDriver log
WARNING: Executing: findElement [ff9da18a4cbb5a8dc08da65e74afc6d921e562d7, findElement {using=id, value=email}]
Apr 25, 2019 6:07:52 PM org.openqa.selenium.remote.RemoteWebDriver log
WARNING: Executed: [ff9da18a4cbb5a8dc08da65e74afc6d921e562d7, findElement {using=id, value=email}]
Apr 25, 2019 6:07:52 PM org.openqa.selenium.remote.RemoteWebDriver log
WARNING: Executing: sendKeysToElement [ff9da18a4cbb5a8dc08da65e74afc6d921e562d7, sendKeysToElement {id=2, value=[Ljava.lang.CharSequence;@7ba8c737}]
Apr 25, 2019 6:07:53 PM org.openqa.selenium.remote.RemoteWebDriver log
WARNING: Executed: [ff9da18a4cbb5a8dc08da65e74afc6d921e562d7, sendKeysToElement {id=2, value=[Ljava.lang.CharSequence;@7ba8c737}]
Apr 25, 2019 6:07:53 PM org.openqa.selenium.remote.RemoteWebDriver log
WARNING: Executing: findElement [ff9da18a4cbb5a8dc08da65e74afc6d921e562d7, findElement {using=id, value=password}]
Apr 25, 2019 6:07:53 PM org.openqa.selenium.remote.RemoteWebDriver log
WARNING: Executed: [ff9da18a4cbb5a8dc08da65e74afc6d921e562d7, findElement {using=id, value=password}]
Apr 25, 2019 6:07:53 PM org.openqa.selenium.remote.RemoteWebDriver log
WARNING: Executing: sendKeysToElement [ff9da18a4cbb5a8dc08da65e74afc6d921e562d7, sendKeysToElement {id=3, value=[Ljava.lang.CharSequence;@1890516e}]
Apr 25, 2019 6:07:53 PM org.openqa.selenium.remote.RemoteWebDriver log
WARNING: Executed: [ff9da18a4cbb5a8dc08da65e74afc6d921e562d7, sendKeysToElement {id=3, value=[Ljava.lang.CharSequence;@1890516e}]
Apr 25, 2019 6:07:53 PM org.openqa.selenium.remote.RemoteWebDriver log
WARNING: Executing: findElement [ff9da18a4cbb5a8dc08da65e74afc6d921e562d7, findElement {using=id, value=internalLoginSubmit}]
Apr 25, 2019 6:07:54 PM org.openqa.selenium.remote.RemoteWebDriver log
WARNING: Executed: [ff9da18a4cbb5a8dc08da65e74afc6d921e562d7, findElement {using=id, value=internalLoginSubmit}]
Apr 25, 2019 6:07:54 PM org.openqa.selenium.remote.RemoteWebDriver log
WARNING: Executing: isElementDisplayed [ff9da18a4cbb5a8dc08da65e74afc6d921e562d7, isElementDisplayed {id=4}]
Apr 25, 2019 6:07:54 PM org.openqa.selenium.remote.RemoteWebDriver log
WARNING: Executed: [ff9da18a4cbb5a8dc08da65e74afc6d921e562d7, isElementDisplayed {id=4}]
Apr 25, 2019 6:07:54 PM org.openqa.selenium.remote.RemoteWebDriver log
WARNING: Executing: isElementEnabled [ff9da18a4cbb5a8dc08da65e74afc6d921e562d7, isElementEnabled {id=4}]
Apr 25, 2019 6:07:54 PM org.openqa.selenium.remote.RemoteWebDriver log
WARNING: Executed: [ff9da18a4cbb5a8dc08da65e74afc6d921e562d7, isElementEnabled {id=4}]
Apr 25, 2019 6:07:54 PM org.openqa.selenium.remote.RemoteWebDriver log
WARNING: Executing: clickElement [ff9da18a4cbb5a8dc08da65e74afc6d921e562d7, clickElement {id=4}]
Apr 25, 2019 6:07:54 PM org.openqa.selenium.remote.RemoteWebDriver log
WARNING: Executed: [ff9da18a4cbb5a8dc08da65e74afc6d921e562d7, clickElement {id=4}]
Apr 25, 2019 6:07:54 PM org.openqa.selenium.remote.RemoteWebDriver log
WARNING: Executing: getCurrentUrl [ff9da18a4cbb5a8dc08da65e74afc6d921e562d7, getCurrentUrl {}]
Apr 25, 2019 6:07:55 PM org.openqa.selenium.remote.RemoteWebDriver log
WARNING: Executed: [ff9da18a4cbb5a8dc08da65e74afc6d921e562d7, getCurrentUrl {}]
Apr 25, 2019 6:07:55 PM org.openqa.selenium.remote.RemoteWebDriver log
WARNING: Executing: findElement [ff9da18a4cbb5a8dc08da65e74afc6d921e562d7, findElement {using=class name, value=homeRoot}]
Apr 25, 2019 6:07:56 PM org.openqa.selenium.remote.RemoteWebDriver log
WARNING: Executed: [ff9da18a4cbb5a8dc08da65e74afc6d921e562d7, findElement {using=class name, value=homeRoot}]
Apr 25, 2019 6:07:56 PM org.openqa.selenium.remote.RemoteWebDriver log
WARNING: Executing: findElement [ff9da18a4cbb5a8dc08da65e74afc6d921e562d7, findElement {using=tag name, value=body}]
Apr 25, 2019 6:07:57 PM org.openqa.selenium.remote.RemoteWebDriver log
WARNING: Executed: [ff9da18a4cbb5a8dc08da65e74afc6d921e562d7, findElement {using=tag name, value=body}]
Apr 25, 2019 6:07:57 PM org.openqa.selenium.remote.RemoteWebDriver log
WARNING: Executing: getElementText [ff9da18a4cbb5a8dc08da65e74afc6d921e562d7, getElementText {id=1}]
Apr 25, 2019 6:07:57 PM org.openqa.selenium.remote.RemoteWebDriver log
WARNING: Executed: [ff9da18a4cbb5a8dc08da65e74afc6d921e562d7, getElementText {id=1}]
Apr 25, 2019 6:07:57 PM org.openqa.selenium.remote.RemoteWebDriver log
WARNING: Executing: findElement [ff9da18a4cbb5a8dc08da65e74afc6d921e562d7, findElement {using=tag name, value=body}]
Apr 25, 2019 6:07:58 PM org.openqa.selenium.remote.RemoteWebDriver log
WARNING: Executed: [ff9da18a4cbb5a8dc08da65e74afc6d921e562d7, findElement {using=tag name, value=body}]
Apr 25, 2019 6:07:58 PM org.openqa.selenium.remote.RemoteWebDriver log
WARNING: Executing: getElementText [ff9da18a4cbb5a8dc08da65e74afc6d921e562d7, getElementText {id=1}]
Apr 25, 2019 6:07:58 PM org.openqa.selenium.remote.RemoteWebDriver log
WARNING: Executed: [ff9da18a4cbb5a8dc08da65e74afc6d921e562d7, getElementText {id=1}]
Apr 25, 2019 6:07:58 PM org.openqa.selenium.remote.RemoteWebDriver log
WARNING: Executing: findElement [ff9da18a4cbb5a8dc08da65e74afc6d921e562d7, findElement {using=tag name, value=body}]
Apr 25, 2019 6:07:59 PM org.openqa.selenium.remote.RemoteWebDriver log
WARNING: Executed: [ff9da18a4cbb5a8dc08da65e74afc6d921e562d7, findElement {using=tag name, value=body}]
Apr 25, 2019 6:07:59 PM org.openqa.selenium.remote.RemoteWebDriver log
WARNING: Executing: getElementText [ff9da18a4cbb5a8dc08da65e74afc6d921e562d7, getElementText {id=1}]
Apr 25, 2019 6:07:59 PM org.openqa.selenium.remote.RemoteWebDriver log
WARNING: Executed: [ff9da18a4cbb5a8dc08da65e74afc6d921e562d7, getElementText {id=1}]
Apr 25, 2019 6:07:59 PM org.openqa.selenium.remote.RemoteWebDriver log
WARNING: Executing: getCurrentUrl [ff9da18a4cbb5a8dc08da65e74afc6d921e562d7, getCurrentUrl {}]
Apr 25, 2019 6:08:00 PM org.openqa.selenium.remote.RemoteWebDriver log
WARNING: Executed: [ff9da18a4cbb5a8dc08da65e74afc6d921e562d7, getCurrentUrl {}]
Apr 25, 2019 6:08:00 PM org.openqa.selenium.remote.RemoteWebDriver log
WARNING: Executing: getCurrentUrl [ff9da18a4cbb5a8dc08da65e74afc6d921e562d7, getCurrentUrl {}]
Apr 25, 2019 6:08:00 PM org.openqa.selenium.remote.RemoteWebDriver log
WARNING: Executed: [ff9da18a4cbb5a8dc08da65e74afc6d921e562d7, getCurrentUrl {}]
Apr 25, 2019 6:08:00 PM org.openqa.selenium.remote.RemoteWebDriver log
WARNING: Executing: findElement [ff9da18a4cbb5a8dc08da65e74afc6d921e562d7, findElement {using=class name, value=homeRoot}]
Apr 25, 2019 6:08:00 PM org.openqa.selenium.remote.RemoteWebDriver log
WARNING: Executed: [ff9da18a4cbb5a8dc08da65e74afc6d921e562d7, findElement {using=class name, value=homeRoot}]
Apr 25, 2019 6:08:00 PM org.openqa.selenium.remote.RemoteWebDriver log
WARNING: Executing: get [ff9da18a4cbb5a8dc08da65e74afc6d921e562d7, get {url=http://tdev.clarolab.com/admin/}]
Apr 25, 2019 6:08:01 PM org.openqa.selenium.remote.RemoteWebDriver log
WARNING: Executed: [ff9da18a4cbb5a8dc08da65e74afc6d921e562d7, get {url=http://tdev.clarolab.com/admin/}]
Apr 25, 2019 6:08:01 PM org.openqa.selenium.remote.RemoteWebDriver log
WARNING: Executing: getCurrentUrl [ff9da18a4cbb5a8dc08da65e74afc6d921e562d7, getCurrentUrl {}]
Apr 25, 2019 6:08:01 PM org.openqa.selenium.remote.RemoteWebDriver log
WARNING: Executed: [ff9da18a4cbb5a8dc08da65e74afc6d921e562d7, getCurrentUrl {}]
Apr 25, 2019 6:08:01 PM org.openqa.selenium.remote.RemoteWebDriver log
WARNING: Executing: findElement [ff9da18a4cbb5a8dc08da65e74afc6d921e562d7, findElement {using=class name, value=CenterList}]
Apr 25, 2019 6:08:01 PM org.openqa.selenium.remote.RemoteWebDriver log
WARNING: Executed: [ff9da18a4cbb5a8dc08da65e74afc6d921e562d7, findElement {using=class name, value=CenterList}]
Apr 25, 2019 6:08:01 PM org.openqa.selenium.remote.RemoteWebDriver log
WARNING: Executing: findElements [ff9da18a4cbb5a8dc08da65e74afc6d921e562d7, findElements {using=css selector, value=nav button}]
Apr 25, 2019 6:08:01 PM org.openqa.selenium.remote.RemoteWebDriver log
WARNING: Executed: [ff9da18a4cbb5a8dc08da65e74afc6d921e562d7, findElements {using=css selector, value=nav button}]
Apr 25, 2019 6:08:01 PM org.openqa.selenium.remote.RemoteWebDriver log
WARNING: Executing: clickElement [ff9da18a4cbb5a8dc08da65e74afc6d921e562d7, clickElement {id=9}]
Apr 25, 2019 6:08:02 PM org.openqa.selenium.remote.RemoteWebDriver log
WARNING: Executed: [ff9da18a4cbb5a8dc08da65e74afc6d921e562d7, clickElement {id=9}]
Apr 25, 2019 6:08:02 PM org.openqa.selenium.remote.RemoteWebDriver log
WARNING: Executing: findElement [ff9da18a4cbb5a8dc08da65e74afc6d921e562d7, findElement {using=tag name, value=body}]
Apr 25, 2019 6:08:02 PM org.openqa.selenium.remote.RemoteWebDriver log
WARNING: Executed: [ff9da18a4cbb5a8dc08da65e74afc6d921e562d7, findElement {using=tag name, value=body}]
Apr 25, 2019 6:08:02 PM org.openqa.selenium.remote.RemoteWebDriver log
WARNING: Executing: getElementText [ff9da18a4cbb5a8dc08da65e74afc6d921e562d7, getElementText {id=15}]
Apr 25, 2019 6:08:03 PM org.openqa.selenium.remote.RemoteWebDriver log
WARNING: Executed: [ff9da18a4cbb5a8dc08da65e74afc6d921e562d7, getElementText {id=15}]
Apr 25, 2019 6:08:04 PM org.openqa.selenium.remote.RemoteWebDriver log
WARNING: Executing: findElement [ff9da18a4cbb5a8dc08da65e74afc6d921e562d7, findElement {using=tag name, value=body}]
Apr 25, 2019 6:08:04 PM org.openqa.selenium.remote.RemoteWebDriver log
WARNING: Executed: [ff9da18a4cbb5a8dc08da65e74afc6d921e562d7, findElement {using=tag name, value=body}]
Apr 25, 2019 6:08:04 PM org.openqa.selenium.remote.RemoteWebDriver log
WARNING: Executing: getElementText [ff9da18a4cbb5a8dc08da65e74afc6d921e562d7, getElementText {id=15}]
Apr 25, 2019 6:08:05 PM org.openqa.selenium.remote.RemoteWebDriver log
WARNING: Executed: [ff9da18a4cbb5a8dc08da65e74afc6d921e562d7, getElementText {id=15}]
Apr 25, 2019 6:08:05 PM org.openqa.selenium.remote.RemoteWebDriver log
WARNING: Executing: findElement [ff9da18a4cbb5a8dc08da65e74afc6d921e562d7, findElement {using=tag name, value=body}]
Apr 25, 2019 6:08:06 PM org.openqa.selenium.remote.RemoteWebDriver log
WARNING: Executed: [ff9da18a4cbb5a8dc08da65e74afc6d921e562d7, findElement {using=tag name, value=body}]
Apr 25, 2019 6:08:06 PM org.openqa.selenium.remote.RemoteWebDriver log
WARNING: Executing: getElementText [ff9da18a4cbb5a8dc08da65e74afc6d921e562d7, getElementText {id=15}]
Apr 25, 2019 6:08:06 PM org.openqa.selenium.remote.RemoteWebDriver log
WARNING: Executed: [ff9da18a4cbb5a8dc08da65e74afc6d921e562d7, getElementText {id=15}]
Apr 25, 2019 6:08:06 PM org.openqa.selenium.remote.RemoteWebDriver log
WARNING: Executing: findElement [ff9da18a4cbb5a8dc08da65e74afc6d921e562d7, findElement {using=css selector, value=button[title='Deactivate']}]
Apr 25, 2019 6:08:07 PM org.openqa.selenium.remote.RemoteWebDriver log
WARNING: Executed: [ff9da18a4cbb5a8dc08da65e74afc6d921e562d7, findElement {using=css selector, value=button[title='Deactivate']}]
Apr 25, 2019 6:08:07 PM org.openqa.selenium.remote.RemoteWebDriver log
WARNING: Executing: isElementDisplayed [ff9da18a4cbb5a8dc08da65e74afc6d921e562d7, isElementDisplayed {id=16}]
Apr 25, 2019 6:08:07 PM org.openqa.selenium.remote.RemoteWebDriver log
WARNING: Executed: [ff9da18a4cbb5a8dc08da65e74afc6d921e562d7, isElementDisplayed {id=16}]
Apr 25, 2019 6:08:07 PM org.openqa.selenium.remote.RemoteWebDriver log
WARNING: Executing: isElementEnabled [ff9da18a4cbb5a8dc08da65e74afc6d921e562d7, isElementEnabled {id=16}]
Apr 25, 2019 6:08:07 PM org.openqa.selenium.remote.RemoteWebDriver log
WARNING: Executed: [ff9da18a4cbb5a8dc08da65e74afc6d921e562d7, isElementEnabled {id=16}]
Apr 25, 2019 6:08:07 PM org.openqa.selenium.remote.RemoteWebDriver log
WARNING: Executing: findElements [ff9da18a4cbb5a8dc08da65e74afc6d921e562d7, findElements {using=css selector, value=ul li div div > span}]
Apr 25, 2019 6:08:07 PM org.openqa.selenium.remote.RemoteWebDriver log
WARNING: Executed: [ff9da18a4cbb5a8dc08da65e74afc6d921e562d7, findElements {using=css selector, value=ul li div div > span}]
Apr 25, 2019 6:08:07 PM org.openqa.selenium.remote.RemoteWebDriver log
WARNING: Executing: getElementText [ff9da18a4cbb5a8dc08da65e74afc6d921e562d7, getElementText {id=17}]
Apr 25, 2019 6:08:07 PM org.openqa.selenium.remote.RemoteWebDriver log
WARNING: Executed: [ff9da18a4cbb5a8dc08da65e74afc6d921e562d7, getElementText {id=17}]
Apr 25, 2019 6:08:07 PM org.openqa.selenium.remote.RemoteWebDriver log
WARNING: Executing: findElement [ff9da18a4cbb5a8dc08da65e74afc6d921e562d7, findElement {using=css selector, value=button[title='Deactivate']}]
Apr 25, 2019 6:08:08 PM org.openqa.selenium.remote.RemoteWebDriver log
WARNING: Executed: [ff9da18a4cbb5a8dc08da65e74afc6d921e562d7, findElement {using=css selector, value=button[title='Deactivate']}]
Apr 25, 2019 6:08:08 PM org.openqa.selenium.remote.RemoteWebDriver log
WARNING: Executing: isElementDisplayed [ff9da18a4cbb5a8dc08da65e74afc6d921e562d7, isElementDisplayed {id=16}]
Apr 25, 2019 6:08:08 PM org.openqa.selenium.remote.RemoteWebDriver log
WARNING: Executed: [ff9da18a4cbb5a8dc08da65e74afc6d921e562d7, isElementDisplayed {id=16}]
Apr 25, 2019 6:08:08 PM org.openqa.selenium.remote.RemoteWebDriver log
WARNING: Executing: isElementEnabled [ff9da18a4cbb5a8dc08da65e74afc6d921e562d7, isElementEnabled {id=16}]
Apr 25, 2019 6:08:08 PM org.openqa.selenium.remote.RemoteWebDriver log
WARNING: Executed: [ff9da18a4cbb5a8dc08da65e74afc6d921e562d7, isElementEnabled {id=16}]
Apr 25, 2019 6:08:08 PM org.openqa.selenium.remote.RemoteWebDriver log
WARNING: Executing: clickElement [ff9da18a4cbb5a8dc08da65e74afc6d921e562d7, clickElement {id=16}]
Apr 25, 2019 6:08:08 PM org.openqa.selenium.remote.RemoteWebDriver log
WARNING: Executed: [ff9da18a4cbb5a8dc08da65e74afc6d921e562d7, clickElement {id=16}]
Apr 25, 2019 6:08:08 PM org.openqa.selenium.remote.RemoteWebDriver log
WARNING: Executing: findElement [ff9da18a4cbb5a8dc08da65e74afc6d921e562d7, findElement {using=tag name, value=body}]
Apr 25, 2019 6:08:09 PM org.openqa.selenium.remote.RemoteWebDriver log
WARNING: Executed: [ff9da18a4cbb5a8dc08da65e74afc6d921e562d7, findElement {using=tag name, value=body}]
Apr 25, 2019 6:08:09 PM org.openqa.selenium.remote.RemoteWebDriver log
WARNING: Executing: getElementText [ff9da18a4cbb5a8dc08da65e74afc6d921e562d7, getElementText {id=15}]
Apr 25, 2019 6:08:09 PM org.openqa.selenium.remote.RemoteWebDriver log
WARNING: Executed: [ff9da18a4cbb5a8dc08da65e74afc6d921e562d7, getElementText {id=15}]
Apr 25, 2019 6:08:10 PM org.openqa.selenium.remote.RemoteWebDriver log
WARNING: Executing: findElement [ff9da18a4cbb5a8dc08da65e74afc6d921e562d7, findElement {using=tag name, value=body}]
Apr 25, 2019 6:08:10 PM org.openqa.selenium.remote.RemoteWebDriver log
WARNING: Executed: [ff9da18a4cbb5a8dc08da65e74afc6d921e562d7, findElement {using=tag name, value=body}]
Apr 25, 2019 6:08:10 PM org.openqa.selenium.remote.RemoteWebDriver log
WARNING: Executing: getElementText [ff9da18a4cbb5a8dc08da65e74afc6d921e562d7, getElementText {id=15}]
Apr 25, 2019 6:08:11 PM org.openqa.selenium.remote.RemoteWebDriver log
WARNING: Executed: [ff9da18a4cbb5a8dc08da65e74afc6d921e562d7, getElementText {id=15}]
Apr 25, 2019 6:08:12 PM org.openqa.selenium.remote.RemoteWebDriver log
WARNING: Executing: findElement [ff9da18a4cbb5a8dc08da65e74afc6d921e562d7, findElement {using=tag name, value=body}]
Apr 25, 2019 6:08:12 PM org.openqa.selenium.remote.RemoteWebDriver log
WARNING: Executed: [ff9da18a4cbb5a8dc08da65e74afc6d921e562d7, findElement {using=tag name, value=body}]
Apr 25, 2019 6:08:12 PM org.openqa.selenium.remote.RemoteWebDriver log
WARNING: Executing: getElementText [ff9da18a4cbb5a8dc08da65e74afc6d921e562d7, getElementText {id=15}]
Apr 25, 2019 6:08:13 PM org.openqa.selenium.remote.RemoteWebDriver log
WARNING: Executed: [ff9da18a4cbb5a8dc08da65e74afc6d921e562d7, getElementText {id=15}]
Apr 25, 2019 6:08:13 PM org.openqa.selenium.remote.RemoteWebDriver log
WARNING: Executing: findElements [ff9da18a4cbb5a8dc08da65e74afc6d921e562d7, findElements {using=css selector, value=ul li div div > span}]
Apr 25, 2019 6:08:13 PM org.openqa.selenium.remote.RemoteWebDriver log
WARNING: Executed: [ff9da18a4cbb5a8dc08da65e74afc6d921e562d7, findElements {using=css selector, value=ul li div div > span}]
Apr 25, 2019 6:08:13 PM org.openqa.selenium.remote.RemoteWebDriver log
WARNING: Executing: isElementDisplayed [ff9da18a4cbb5a8dc08da65e74afc6d921e562d7, isElementDisplayed {id=19}]
Apr 25, 2019 6:08:13 PM org.openqa.selenium.remote.RemoteWebDriver log
WARNING: Executed: [ff9da18a4cbb5a8dc08da65e74afc6d921e562d7, isElementDisplayed {id=19}]
Apr 25, 2019 6:08:13 PM org.openqa.selenium.remote.RemoteWebDriver log
WARNING: Executing: isElementDisplayed [ff9da18a4cbb5a8dc08da65e74afc6d921e562d7, isElementDisplayed {id=20}]
Apr 25, 2019 6:08:13 PM org.openqa.selenium.remote.RemoteWebDriver log
WARNING: Executed: [ff9da18a4cbb5a8dc08da65e74afc6d921e562d7, isElementDisplayed {id=20}]
Apr 25, 2019 6:08:13 PM org.openqa.selenium.remote.RemoteWebDriver log
WARNING: Executing: isElementDisplayed [ff9da18a4cbb5a8dc08da65e74afc6d921e562d7, isElementDisplayed {id=21}]
Apr 25, 2019 6:08:13 PM org.openqa.selenium.remote.RemoteWebDriver log
WARNING: Executed: [ff9da18a4cbb5a8dc08da65e74afc6d921e562d7, isElementDisplayed {id=21}]
Apr 25, 2019 6:08:13 PM org.openqa.selenium.remote.RemoteWebDriver log
WARNING: Executing: isElementDisplayed [ff9da18a4cbb5a8dc08da65e74afc6d921e562d7, isElementDisplayed {id=22}]
Apr 25, 2019 6:08:14 PM org.openqa.selenium.remote.RemoteWebDriver log
WARNING: Executed: [ff9da18a4cbb5a8dc08da65e74afc6d921e562d7, isElementDisplayed {id=22}]
Apr 25, 2019 6:08:14 PM org.openqa.selenium.remote.RemoteWebDriver log
WARNING: Executing: isElementDisplayed [ff9da18a4cbb5a8dc08da65e74afc6d921e562d7, isElementDisplayed {id=23}]
Apr 25, 2019 6:08:14 PM org.openqa.selenium.remote.RemoteWebDriver log
WARNING: Executed: [ff9da18a4cbb5a8dc08da65e74afc6d921e562d7, isElementDisplayed {id=23}]
Apr 25, 2019 6:08:14 PM org.openqa.selenium.remote.RemoteWebDriver log
WARNING: Executing: isElementDisplayed [ff9da18a4cbb5a8dc08da65e74afc6d921e562d7, isElementDisplayed {id=24}]
Apr 25, 2019 6:08:14 PM org.openqa.selenium.remote.RemoteWebDriver log
WARNING: Executed: [ff9da18a4cbb5a8dc08da65e74afc6d921e562d7, isElementDisplayed {id=24}]
Apr 25, 2019 6:08:14 PM org.openqa.selenium.remote.RemoteWebDriver log
WARNING: Executing: isElementDisplayed [ff9da18a4cbb5a8dc08da65e74afc6d921e562d7, isElementDisplayed {id=25}]
Apr 25, 2019 6:08:14 PM org.openqa.selenium.remote.RemoteWebDriver log
WARNING: Executed: [ff9da18a4cbb5a8dc08da65e74afc6d921e562d7, isElementDisplayed {id=25}]
Apr 25, 2019 6:08:14 PM org.openqa.selenium.remote.RemoteWebDriver log
WARNING: Executing: isElementDisplayed [ff9da18a4cbb5a8dc08da65e74afc6d921e562d7, isElementDisplayed {id=26}]
Apr 25, 2019 6:08:14 PM org.openqa.selenium.remote.RemoteWebDriver log
WARNING: Executed: [ff9da18a4cbb5a8dc08da65e74afc6d921e562d7, isElementDisplayed {id=26}]
Apr 25, 2019 6:08:14 PM org.openqa.selenium.remote.RemoteWebDriver log
WARNING: Executing: isElementDisplayed [ff9da18a4cbb5a8dc08da65e74afc6d921e562d7, isElementDisplayed {id=27}]
Apr 25, 2019 6:08:15 PM org.openqa.selenium.remote.RemoteWebDriver log
WARNING: Executed: [ff9da18a4cbb5a8dc08da65e74afc6d921e562d7, isElementDisplayed {id=27}]
Apr 25, 2019 6:08:15 PM org.openqa.selenium.remote.RemoteWebDriver log
WARNING: Executing: isElementDisplayed [ff9da18a4cbb5a8dc08da65e74afc6d921e562d7, isElementDisplayed {id=28}]
Apr 25, 2019 6:08:15 PM org.openqa.selenium.remote.RemoteWebDriver log
WARNING: Executed: [ff9da18a4cbb5a8dc08da65e74afc6d921e562d7, isElementDisplayed {id=28}]
Apr 25, 2019 6:08:15 PM org.openqa.selenium.remote.RemoteWebDriver log
WARNING: Executing: isElementDisplayed [ff9da18a4cbb5a8dc08da65e74afc6d921e562d7, isElementDisplayed {id=29}]
Apr 25, 2019 6:08:15 PM org.openqa.selenium.remote.RemoteWebDriver log
WARNING: Executed: [ff9da18a4cbb5a8dc08da65e74afc6d921e562d7, isElementDisplayed {id=29}]
Apr 25, 2019 6:08:15 PM org.openqa.selenium.remote.RemoteWebDriver log
WARNING: Executing: isElementDisplayed [ff9da18a4cbb5a8dc08da65e74afc6d921e562d7, isElementDisplayed {id=30}]
Apr 25, 2019 6:08:15 PM org.openqa.selenium.remote.RemoteWebDriver log
WARNING: Executed: [ff9da18a4cbb5a8dc08da65e74afc6d921e562d7, isElementDisplayed {id=30}]
Apr 25, 2019 6:08:15 PM org.openqa.selenium.remote.RemoteWebDriver log
WARNING: Executing: isElementDisplayed [ff9da18a4cbb5a8dc08da65e74afc6d921e562d7, isElementDisplayed {id=31}]
Apr 25, 2019 6:08:15 PM org.openqa.selenium.remote.RemoteWebDriver log
WARNING: Executed: [ff9da18a4cbb5a8dc08da65e74afc6d921e562d7, isElementDisplayed {id=31}]
Apr 25, 2019 6:08:15 PM org.openqa.selenium.remote.RemoteWebDriver log
WARNING: Executing: isElementDisplayed [ff9da18a4cbb5a8dc08da65e74afc6d921e562d7, isElementDisplayed {id=32}]
Apr 25, 2019 6:08:16 PM org.openqa.selenium.remote.RemoteWebDriver log
WARNING: Executed: [ff9da18a4cbb5a8dc08da65e74afc6d921e562d7, isElementDisplayed {id=32}]
Apr 25, 2019 6:08:16 PM org.openqa.selenium.remote.RemoteWebDriver log
WARNING: Executing: isElementDisplayed [ff9da18a4cbb5a8dc08da65e74afc6d921e562d7, isElementDisplayed {id=33}]
Apr 25, 2019 6:08:16 PM org.openqa.selenium.remote.RemoteWebDriver log
WARNING: Executed: [ff9da18a4cbb5a8dc08da65e74afc6d921e562d7, isElementDisplayed {id=33}]
Apr 25, 2019 6:08:16 PM org.openqa.selenium.remote.RemoteWebDriver log
WARNING: Executing: isElementDisplayed [ff9da18a4cbb5a8dc08da65e74afc6d921e562d7, isElementDisplayed {id=34}]
Apr 25, 2019 6:08:16 PM org.openqa.selenium.remote.RemoteWebDriver log
WARNING: Executed: [ff9da18a4cbb5a8dc08da65e74afc6d921e562d7, isElementDisplayed {id=34}]
Apr 25, 2019 6:08:16 PM org.openqa.selenium.remote.RemoteWebDriver log
WARNING: Executing: isElementDisplayed [ff9da18a4cbb5a8dc08da65e74afc6d921e562d7, isElementDisplayed {id=35}]
Apr 25, 2019 6:08:16 PM org.openqa.selenium.remote.RemoteWebDriver log
WARNING: Executed: [ff9da18a4cbb5a8dc08da65e74afc6d921e562d7, isElementDisplayed {id=35}]
Apr 25, 2019 6:08:16 PM org.openqa.selenium.remote.RemoteWebDriver log
WARNING: Executing: isElementDisplayed [ff9da18a4cbb5a8dc08da65e74afc6d921e562d7, isElementDisplayed {id=36}]
Apr 25, 2019 6:08:16 PM org.openqa.selenium.remote.RemoteWebDriver log
WARNING: Executed: [ff9da18a4cbb5a8dc08da65e74afc6d921e562d7, isElementDisplayed {id=36}]
Apr 25, 2019 6:08:16 PM org.openqa.selenium.remote.RemoteWebDriver log
WARNING: Executing: isElementDisplayed [ff9da18a4cbb5a8dc08da65e74afc6d921e562d7, isElementDisplayed {id=37}]
Apr 25, 2019 6:08:17 PM org.openqa.selenium.remote.RemoteWebDriver log
WARNING: Executed: [ff9da18a4cbb5a8dc08da65e74afc6d921e562d7, isElementDisplayed {id=37}]
Apr 25, 2019 6:08:17 PM org.openqa.selenium.remote.RemoteWebDriver log
WARNING: Executing: isElementDisplayed [ff9da18a4cbb5a8dc08da65e74afc6d921e562d7, isElementDisplayed {id=38}]
Apr 25, 2019 6:08:17 PM org.openqa.selenium.remote.RemoteWebDriver log
WARNING: Executed: [ff9da18a4cbb5a8dc08da65e74afc6d921e562d7, isElementDisplayed {id=38}]
Apr 25, 2019 6:08:17 PM org.openqa.selenium.remote.RemoteWebDriver log
WARNING: Executing: isElementDisplayed [ff9da18a4cbb5a8dc08da65e74afc6d921e562d7, isElementDisplayed {id=39}]
Apr 25, 2019 6:08:17 PM org.openqa.selenium.remote.RemoteWebDriver log
WARNING: Executed: [ff9da18a4cbb5a8dc08da65e74afc6d921e562d7, isElementDisplayed {id=39}]
Apr 25, 2019 6:08:17 PM org.openqa.selenium.remote.RemoteWebDriver log
WARNING: Executing: isElementDisplayed [ff9da18a4cbb5a8dc08da65e74afc6d921e562d7, isElementDisplayed {id=40}]
Apr 25, 2019 6:08:17 PM org.openqa.selenium.remote.RemoteWebDriver log
WARNING: Executed: [ff9da18a4cbb5a8dc08da65e74afc6d921e562d7, isElementDisplayed {id=40}]
Apr 25, 2019 6:08:17 PM org.openqa.selenium.remote.RemoteWebDriver log
WARNING: Executing: isElementDisplayed [ff9da18a4cbb5a8dc08da65e74afc6d921e562d7, isElementDisplayed {id=41}]
Apr 25, 2019 6:08:18 PM org.openqa.selenium.remote.RemoteWebDriver log
WARNING: Executed: [ff9da18a4cbb5a8dc08da65e74afc6d921e562d7, isElementDisplayed {id=41}]
Apr 25, 2019 6:08:18 PM org.openqa.selenium.remote.RemoteWebDriver log
WARNING: Executing: isElementDisplayed [ff9da18a4cbb5a8dc08da65e74afc6d921e562d7, isElementDisplayed {id=42}]
Apr 25, 2019 6:08:18 PM org.openqa.selenium.remote.RemoteWebDriver log
WARNING: Executed: [ff9da18a4cbb5a8dc08da65e74afc6d921e562d7, isElementDisplayed {id=42}]
Apr 25, 2019 6:08:18 PM org.openqa.selenium.remote.RemoteWebDriver log
WARNING: Executing: isElementDisplayed [ff9da18a4cbb5a8dc08da65e74afc6d921e562d7, isElementDisplayed {id=43}]
Apr 25, 2019 6:08:18 PM org.openqa.selenium.remote.RemoteWebDriver log
WARNING: Executed: [ff9da18a4cbb5a8dc08da65e74afc6d921e562d7, isElementDisplayed {id=43}]
Apr 25, 2019 6:08:18 PM org.openqa.selenium.remote.RemoteWebDriver log
WARNING: Executing: isElementDisplayed [ff9da18a4cbb5a8dc08da65e74afc6d921e562d7, isElementDisplayed {id=44}]
Apr 25, 2019 6:08:18 PM org.openqa.selenium.remote.RemoteWebDriver log
WARNING: Executed: [ff9da18a4cbb5a8dc08da65e74afc6d921e562d7, isElementDisplayed {id=44}]
Apr 25, 2019 6:08:18 PM org.openqa.selenium.remote.RemoteWebDriver log
WARNING: Executing: isElementDisplayed [ff9da18a4cbb5a8dc08da65e74afc6d921e562d7, isElementDisplayed {id=45}]
Apr 25, 2019 6:08:18 PM org.openqa.selenium.remote.RemoteWebDriver log
WARNING: Executed: [ff9da18a4cbb5a8dc08da65e74afc6d921e562d7, isElementDisplayed {id=45}]
Apr 25, 2019 6:08:18 PM org.openqa.selenium.remote.RemoteWebDriver log
WARNING: Executing: isElementDisplayed [ff9da18a4cbb5a8dc08da65e74afc6d921e562d7, isElementDisplayed {id=46}]
Apr 25, 2019 6:08:18 PM org.openqa.selenium.remote.RemoteWebDriver log
WARNING: Executed: [ff9da18a4cbb5a8dc08da65e74afc6d921e562d7, isElementDisplayed {id=46}]
Apr 25, 2019 6:08:18 PM org.openqa.selenium.remote.RemoteWebDriver log
WARNING: Executing: isElementDisplayed [ff9da18a4cbb5a8dc08da65e74afc6d921e562d7, isElementDisplayed {id=47}]
Apr 25, 2019 6:08:19 PM org.openqa.selenium.remote.RemoteWebDriver log
WARNING: Executed: [ff9da18a4cbb5a8dc08da65e74afc6d921e562d7, isElementDisplayed {id=47}]
Apr 25, 2019 6:08:19 PM org.openqa.selenium.remote.RemoteWebDriver log
WARNING: Executing: isElementDisplayed [ff9da18a4cbb5a8dc08da65e74afc6d921e562d7, isElementDisplayed {id=48}]
Apr 25, 2019 6:08:19 PM org.openqa.selenium.remote.RemoteWebDriver log
WARNING: Executed: [ff9da18a4cbb5a8dc08da65e74afc6d921e562d7, isElementDisplayed {id=48}]
Apr 25, 2019 6:08:19 PM org.openqa.selenium.remote.RemoteWebDriver log
WARNING: Executing: isElementDisplayed [ff9da18a4cbb5a8dc08da65e74afc6d921e562d7, isElementDisplayed {id=49}]
Apr 25, 2019 6:08:19 PM org.openqa.selenium.remote.RemoteWebDriver log
WARNING: Executed: [ff9da18a4cbb5a8dc08da65e74afc6d921e562d7, isElementDisplayed {id=49}]
Apr 25, 2019 6:08:19 PM org.openqa.selenium.remote.RemoteWebDriver log
WARNING: Executing: isElementDisplayed [ff9da18a4cbb5a8dc08da65e74afc6d921e562d7, isElementDisplayed {id=50}]
Apr 25, 2019 6:08:19 PM org.openqa.selenium.remote.RemoteWebDriver log
WARNING: Executed: [ff9da18a4cbb5a8dc08da65e74afc6d921e562d7, isElementDisplayed {id=50}]
Apr 25, 2019 6:08:19 PM org.openqa.selenium.remote.RemoteWebDriver log
WARNING: Executing: isElementDisplayed [ff9da18a4cbb5a8dc08da65e74afc6d921e562d7, isElementDisplayed {id=51}]
Apr 25, 2019 6:08:19 PM org.openqa.selenium.remote.RemoteWebDriver log
WARNING: Executed: [ff9da18a4cbb5a8dc08da65e74afc6d921e562d7, isElementDisplayed {id=51}]
Apr 25, 2019 6:08:19 PM org.openqa.selenium.remote.RemoteWebDriver log
WARNING: Executing: isElementDisplayed [ff9da18a4cbb5a8dc08da65e74afc6d921e562d7, isElementDisplayed {id=52}]
Apr 25, 2019 6:08:20 PM org.openqa.selenium.remote.RemoteWebDriver log
WARNING: Executed: [ff9da18a4cbb5a8dc08da65e74afc6d921e562d7, isElementDisplayed {id=52}]
Apr 25, 2019 6:08:20 PM org.openqa.selenium.remote.RemoteWebDriver log
WARNING: Executing: isElementDisplayed [ff9da18a4cbb5a8dc08da65e74afc6d921e562d7, isElementDisplayed {id=53}]
Apr 25, 2019 6:08:20 PM org.openqa.selenium.remote.RemoteWebDriver log
WARNING: Executed: [ff9da18a4cbb5a8dc08da65e74afc6d921e562d7, isElementDisplayed {id=53}]
Apr 25, 2019 6:08:20 PM org.openqa.selenium.remote.RemoteWebDriver log
WARNING: Executing: isElementDisplayed [ff9da18a4cbb5a8dc08da65e74afc6d921e562d7, isElementDisplayed {id=54}]
Apr 25, 2019 6:08:20 PM org.openqa.selenium.remote.RemoteWebDriver log
WARNING: Executed: [ff9da18a4cbb5a8dc08da65e74afc6d921e562d7, isElementDisplayed {id=54}]
Apr 25, 2019 6:08:20 PM org.openqa.selenium.remote.RemoteWebDriver log
WARNING: Executing: isElementDisplayed [ff9da18a4cbb5a8dc08da65e74afc6d921e562d7, isElementDisplayed {id=17}]
Apr 25, 2019 6:08:20 PM org.openqa.selenium.remote.RemoteWebDriver log
WARNING: Executed: [ff9da18a4cbb5a8dc08da65e74afc6d921e562d7, isElementDisplayed {id=17}]
Apr 25, 2019 6:08:20 PM org.openqa.selenium.remote.RemoteWebDriver log
WARNING: Executing: isElementDisplayed [ff9da18a4cbb5a8dc08da65e74afc6d921e562d7, isElementDisplayed {id=18}]
Apr 25, 2019 6:08:20 PM org.openqa.selenium.remote.RemoteWebDriver log
WARNING: Executed: [ff9da18a4cbb5a8dc08da65e74afc6d921e562d7, isElementDisplayed {id=18}]
Apr 25, 2019 6:08:20 PM org.openqa.selenium.remote.RemoteWebDriver log
WARNING: Executing: findElements [ff9da18a4cbb5a8dc08da65e74afc6d921e562d7, findElements {using=css selector, value=ul li div div > span}]
Apr 25, 2019 6:08:21 PM org.openqa.selenium.remote.RemoteWebDriver log
WARNING: Executed: [ff9da18a4cbb5a8dc08da65e74afc6d921e562d7, findElements {using=css selector, value=ul li div div > span}]
Apr 25, 2019 6:08:21 PM org.openqa.selenium.remote.RemoteWebDriver log
WARNING: Executing: isElementDisplayed [ff9da18a4cbb5a8dc08da65e74afc6d921e562d7, isElementDisplayed {id=19}]
Apr 25, 2019 6:08:21 PM org.openqa.selenium.remote.RemoteWebDriver log
WARNING: Executed: [ff9da18a4cbb5a8dc08da65e74afc6d921e562d7, isElementDisplayed {id=19}]
Apr 25, 2019 6:08:21 PM org.openqa.selenium.remote.RemoteWebDriver log
WARNING: Executing: isElementDisplayed [ff9da18a4cbb5a8dc08da65e74afc6d921e562d7, isElementDisplayed {id=20}]
Apr 25, 2019 6:08:21 PM org.openqa.selenium.remote.RemoteWebDriver log
WARNING: Executed: [ff9da18a4cbb5a8dc08da65e74afc6d921e562d7, isElementDisplayed {id=20}]
Apr 25, 2019 6:08:21 PM org.openqa.selenium.remote.RemoteWebDriver log
WARNING: Executing: isElementDisplayed [ff9da18a4cbb5a8dc08da65e74afc6d921e562d7, isElementDisplayed {id=21}]
Apr 25, 2019 6:08:21 PM org.openqa.selenium.remote.RemoteWebDriver log
WARNING: Executed: [ff9da18a4cbb5a8dc08da65e74afc6d921e562d7, isElementDisplayed {id=21}]
Apr 25, 2019 6:08:21 PM org.openqa.selenium.remote.RemoteWebDriver log
WARNING: Executing: isElementDisplayed [ff9da18a4cbb5a8dc08da65e74afc6d921e562d7, isElementDisplayed {id=22}]
Apr 25, 2019 6:08:22 PM org.openqa.selenium.remote.RemoteWebDriver log
WARNING: Executed: [ff9da18a4cbb5a8dc08da65e74afc6d921e562d7, isElementDisplayed {id=22}]
Apr 25, 2019 6:08:22 PM org.openqa.selenium.remote.RemoteWebDriver log
WARNING: Executing: isElementDisplayed [ff9da18a4cbb5a8dc08da65e74afc6d921e562d7, isElementDisplayed {id=23}]
Apr 25, 2019 6:08:22 PM org.openqa.selenium.remote.RemoteWebDriver log
WARNING: Executed: [ff9da18a4cbb5a8dc08da65e74afc6d921e562d7, isElementDisplayed {id=23}]
Apr 25, 2019 6:08:22 PM org.openqa.selenium.remote.RemoteWebDriver log
WARNING: Executing: isElementDisplayed [ff9da18a4cbb5a8dc08da65e74afc6d921e562d7, isElementDisplayed {id=24}]
Apr 25, 2019 6:08:22 PM org.openqa.selenium.remote.RemoteWebDriver log
WARNING: Executed: [ff9da18a4cbb5a8dc08da65e74afc6d921e562d7, isElementDisplayed {id=24}]
Apr 25, 2019 6:08:22 PM org.openqa.selenium.remote.RemoteWebDriver log
WARNING: Executing: isElementDisplayed [ff9da18a4cbb5a8dc08da65e74afc6d921e562d7, isElementDisplayed {id=25}]
Apr 25, 2019 6:08:22 PM org.openqa.selenium.remote.RemoteWebDriver log
WARNING: Executed: [ff9da18a4cbb5a8dc08da65e74afc6d921e562d7, isElementDisplayed {id=25}]
Apr 25, 2019 6:08:22 PM org.openqa.selenium.remote.RemoteWebDriver log
WARNING: Executing: isElementDisplayed [ff9da18a4cbb5a8dc08da65e74afc6d921e562d7, isElementDisplayed {id=26}]
Apr 25, 2019 6:08:22 PM org.openqa.selenium.remote.RemoteWebDriver log
WARNING: Executed: [ff9da18a4cbb5a8dc08da65e74afc6d921e562d7, isElementDisplayed {id=26}]
Apr 25, 2019 6:08:22 PM org.openqa.selenium.remote.RemoteWebDriver log
WARNING: Executing: isElementDisplayed [ff9da18a4cbb5a8dc08da65e74afc6d921e562d7, isElementDisplayed {id=27}]
Apr 25, 2019 6:08:23 PM org.openqa.selenium.remote.RemoteWebDriver log
WARNING: Executed: [ff9da18a4cbb5a8dc08da65e74afc6d921e562d7, isElementDisplayed {id=27}]
Apr 25, 2019 6:08:23 PM org.openqa.selenium.remote.RemoteWebDriver log
WARNING: Executing: isElementDisplayed [ff9da18a4cbb5a8dc08da65e74afc6d921e562d7, isElementDisplayed {id=28}]
Apr 25, 2019 6:08:23 PM org.openqa.selenium.remote.RemoteWebDriver log
WARNING: Executed: [ff9da18a4cbb5a8dc08da65e74afc6d921e562d7, isElementDisplayed {id=28}]
Apr 25, 2019 6:08:23 PM org.openqa.selenium.remote.RemoteWebDriver log
WARNING: Executing: isElementDisplayed [ff9da18a4cbb5a8dc08da65e74afc6d921e562d7, isElementDisplayed {id=29}]
Apr 25, 2019 6:08:23 PM org.openqa.selenium.remote.RemoteWebDriver log
WARNING: Executed: [ff9da18a4cbb5a8dc08da65e74afc6d921e562d7, isElementDisplayed {id=29}]
Apr 25, 2019 6:08:23 PM org.openqa.selenium.remote.RemoteWebDriver log
WARNING: Executing: isElementDisplayed [ff9da18a4cbb5a8dc08da65e74afc6d921e562d7, isElementDisplayed {id=30}]
Apr 25, 2019 6:08:23 PM org.openqa.selenium.remote.RemoteWebDriver log
WARNING: Executed: [ff9da18a4cbb5a8dc08da65e74afc6d921e562d7, isElementDisplayed {id=30}]
Apr 25, 2019 6:08:23 PM org.openqa.selenium.remote.RemoteWebDriver log
WARNING: Executing: isElementDisplayed [ff9da18a4cbb5a8dc08da65e74afc6d921e562d7, isElementDisplayed {id=31}]
Apr 25, 2019 6:08:23 PM org.openqa.selenium.remote.RemoteWebDriver log
WARNING: Executed: [ff9da18a4cbb5a8dc08da65e74afc6d921e562d7, isElementDisplayed {id=31}]
Apr 25, 2019 6:08:23 PM org.openqa.selenium.remote.RemoteWebDriver log
WARNING: Executing: isElementDisplayed [ff9da18a4cbb5a8dc08da65e74afc6d921e562d7, isElementDisplayed {id=32}]
Apr 25, 2019 6:08:24 PM org.openqa.selenium.remote.RemoteWebDriver log
WARNING: Executed: [ff9da18a4cbb5a8dc08da65e74afc6d921e562d7, isElementDisplayed {id=32}]
Apr 25, 2019 6:08:24 PM org.openqa.selenium.remote.RemoteWebDriver log
WARNING: Executing: isElementDisplayed [ff9da18a4cbb5a8dc08da65e74afc6d921e562d7, isElementDisplayed {id=33}]
Apr 25, 2019 6:08:24 PM org.openqa.selenium.remote.RemoteWebDriver log
WARNING: Executed: [ff9da18a4cbb5a8dc08da65e74afc6d921e562d7, isElementDisplayed {id=33}]
Apr 25, 2019 6:08:24 PM org.openqa.selenium.remote.RemoteWebDriver log
WARNING: Executing: isElementDisplayed [ff9da18a4cbb5a8dc08da65e74afc6d921e562d7, isElementDisplayed {id=34}]
Apr 25, 2019 6:08:24 PM org.openqa.selenium.remote.RemoteWebDriver log
WARNING: Executed: [ff9da18a4cbb5a8dc08da65e74afc6d921e562d7, isElementDisplayed {id=34}]
Apr 25, 2019 6:08:24 PM org.openqa.selenium.remote.RemoteWebDriver log
WARNING: Executing: isElementDisplayed [ff9da18a4cbb5a8dc08da65e74afc6d921e562d7, isElementDisplayed {id=35}]
Apr 25, 2019 6:08:24 PM org.openqa.selenium.remote.RemoteWebDriver log
WARNING: Executed: [ff9da18a4cbb5a8dc08da65e74afc6d921e562d7, isElementDisplayed {id=35}]
Apr 25, 2019 6:08:24 PM org.openqa.selenium.remote.RemoteWebDriver log
WARNING: Executing: isElementDisplayed [ff9da18a4cbb5a8dc08da65e74afc6d921e562d7, isElementDisplayed {id=36}]
Apr 25, 2019 6:08:24 PM org.openqa.selenium.remote.RemoteWebDriver log
WARNING: Executed: [ff9da18a4cbb5a8dc08da65e74afc6d921e562d7, isElementDisplayed {id=36}]
Apr 25, 2019 6:08:24 PM org.openqa.selenium.remote.RemoteWebDriver log
WARNING: Executing: isElementDisplayed [ff9da18a4cbb5a8dc08da65e74afc6d921e562d7, isElementDisplayed {id=37}]
Apr 25, 2019 6:08:25 PM org.openqa.selenium.remote.RemoteWebDriver log
WARNING: Executed: [ff9da18a4cbb5a8dc08da65e74afc6d921e562d7, isElementDisplayed {id=37}]
Apr 25, 2019 6:08:25 PM org.openqa.selenium.remote.RemoteWebDriver log
WARNING: Executing: isElementDisplayed [ff9da18a4cbb5a8dc08da65e74afc6d921e562d7, isElementDisplayed {id=38}]
Apr 25, 2019 6:08:25 PM org.openqa.selenium.remote.RemoteWebDriver log
WARNING: Executed: [ff9da18a4cbb5a8dc08da65e74afc6d921e562d7, isElementDisplayed {id=38}]
Apr 25, 2019 6:08:25 PM org.openqa.selenium.remote.RemoteWebDriver log
WARNING: Executing: isElementDisplayed [ff9da18a4cbb5a8dc08da65e74afc6d921e562d7, isElementDisplayed {id=39}]
Apr 25, 2019 6:08:25 PM org.openqa.selenium.remote.RemoteWebDriver log
WARNING: Executed: [ff9da18a4cbb5a8dc08da65e74afc6d921e562d7, isElementDisplayed {id=39}]
Apr 25, 2019 6:08:25 PM org.openqa.selenium.remote.RemoteWebDriver log
WARNING: Executing: isElementDisplayed [ff9da18a4cbb5a8dc08da65e74afc6d921e562d7, isElementDisplayed {id=40}]
Apr 25, 2019 6:08:25 PM org.openqa.selenium.remote.RemoteWebDriver log
WARNING: Executed: [ff9da18a4cbb5a8dc08da65e74afc6d921e562d7, isElementDisplayed {id=40}]
Apr 25, 2019 6:08:25 PM org.openqa.selenium.remote.RemoteWebDriver log
WARNING: Executing: isElementDisplayed [ff9da18a4cbb5a8dc08da65e74afc6d921e562d7, isElementDisplayed {id=41}]
Apr 25, 2019 6:08:27 PM org.openqa.selenium.remote.RemoteWebDriver log
WARNING: Executed: [ff9da18a4cbb5a8dc08da65e74afc6d921e562d7, isElementDisplayed {id=41}]
Apr 25, 2019 6:08:27 PM org.openqa.selenium.remote.RemoteWebDriver log
WARNING: Executing: isElementDisplayed [ff9da18a4cbb5a8dc08da65e74afc6d921e562d7, isElementDisplayed {id=42}]
Apr 25, 2019 6:08:27 PM org.openqa.selenium.remote.RemoteWebDriver log
WARNING: Executed: [ff9da18a4cbb5a8dc08da65e74afc6d921e562d7, isElementDisplayed {id=42}]
Apr 25, 2019 6:08:27 PM org.openqa.selenium.remote.RemoteWebDriver log
WARNING: Executing: isElementDisplayed [ff9da18a4cbb5a8dc08da65e74afc6d921e562d7, isElementDisplayed {id=43}]
Apr 25, 2019 6:08:27 PM org.openqa.selenium.remote.RemoteWebDriver log
WARNING: Executed: [ff9da18a4cbb5a8dc08da65e74afc6d921e562d7, isElementDisplayed {id=43}]
Apr 25, 2019 6:08:27 PM org.openqa.selenium.remote.RemoteWebDriver log
WARNING: Executing: isElementDisplayed [ff9da18a4cbb5a8dc08da65e74afc6d921e562d7, isElementDisplayed {id=44}]
Apr 25, 2019 6:08:27 PM org.openqa.selenium.remote.RemoteWebDriver log
WARNING: Executed: [ff9da18a4cbb5a8dc08da65e74afc6d921e562d7, isElementDisplayed {id=44}]
Apr 25, 2019 6:08:27 PM org.openqa.selenium.remote.RemoteWebDriver log
WARNING: Executing: isElementDisplayed [ff9da18a4cbb5a8dc08da65e74afc6d921e562d7, isElementDisplayed {id=45}]
Apr 25, 2019 6:08:27 PM org.openqa.selenium.remote.RemoteWebDriver log
WARNING: Executed: [ff9da18a4cbb5a8dc08da65e74afc6d921e562d7, isElementDisplayed {id=45}]
Apr 25, 2019 6:08:27 PM org.openqa.selenium.remote.RemoteWebDriver log
WARNING: Executing: isElementDisplayed [ff9da18a4cbb5a8dc08da65e74afc6d921e562d7, isElementDisplayed {id=46}]
Apr 25, 2019 6:08:28 PM org.openqa.selenium.remote.RemoteWebDriver log
WARNING: Executed: [ff9da18a4cbb5a8dc08da65e74afc6d921e562d7, isElementDisplayed {id=46}]
Apr 25, 2019 6:08:28 PM org.openqa.selenium.remote.RemoteWebDriver log
WARNING: Executing: isElementDisplayed [ff9da18a4cbb5a8dc08da65e74afc6d921e562d7, isElementDisplayed {id=47}]
Apr 25, 2019 6:08:28 PM org.openqa.selenium.remote.RemoteWebDriver log
WARNING: Executed: [ff9da18a4cbb5a8dc08da65e74afc6d921e562d7, isElementDisplayed {id=47}]
Apr 25, 2019 6:08:28 PM org.openqa.selenium.remote.RemoteWebDriver log
WARNING: Executing: isElementDisplayed [ff9da18a4cbb5a8dc08da65e74afc6d921e562d7, isElementDisplayed {id=48}]
Apr 25, 2019 6:08:28 PM org.openqa.selenium.remote.RemoteWebDriver log
WARNING: Executed: [ff9da18a4cbb5a8dc08da65e74afc6d921e562d7, isElementDisplayed {id=48}]
Apr 25, 2019 6:08:28 PM org.openqa.selenium.remote.RemoteWebDriver log
WARNING: Executing: isElementDisplayed [ff9da18a4cbb5a8dc08da65e74afc6d921e562d7, isElementDisplayed {id=49}]
Apr 25, 2019 6:08:28 PM org.openqa.selenium.remote.RemoteWebDriver log
WARNING: Executed: [ff9da18a4cbb5a8dc08da65e74afc6d921e562d7, isElementDisplayed {id=49}]
Apr 25, 2019 6:08:28 PM org.openqa.selenium.remote.RemoteWebDriver log
WARNING: Executing: isElementDisplayed [ff9da18a4cbb5a8dc08da65e74afc6d921e562d7, isElementDisplayed {id=50}]
Apr 25, 2019 6:08:28 PM org.openqa.selenium.remote.RemoteWebDriver log
WARNING: Executed: [ff9da18a4cbb5a8dc08da65e74afc6d921e562d7, isElementDisplayed {id=50}]
Apr 25, 2019 6:08:28 PM org.openqa.selenium.remote.RemoteWebDriver log
WARNING: Executing: isElementDisplayed [ff9da18a4cbb5a8dc08da65e74afc6d921e562d7, isElementDisplayed {id=51}]
Apr 25, 2019 6:08:29 PM org.openqa.selenium.remote.RemoteWebDriver log
WARNING: Executed: [ff9da18a4cbb5a8dc08da65e74afc6d921e562d7, isElementDisplayed {id=51}]
Apr 25, 2019 6:08:29 PM org.openqa.selenium.remote.RemoteWebDriver log
WARNING: Executing: isElementDisplayed [ff9da18a4cbb5a8dc08da65e74afc6d921e562d7, isElementDisplayed {id=52}]
Apr 25, 2019 6:08:29 PM org.openqa.selenium.remote.RemoteWebDriver log
WARNING: Executed: [ff9da18a4cbb5a8dc08da65e74afc6d921e562d7, isElementDisplayed {id=52}]
Apr 25, 2019 6:08:29 PM org.openqa.selenium.remote.RemoteWebDriver log
WARNING: Executing: isElementDisplayed [ff9da18a4cbb5a8dc08da65e74afc6d921e562d7, isElementDisplayed {id=53}]
Apr 25, 2019 6:08:29 PM org.openqa.selenium.remote.RemoteWebDriver log
WARNING: Executed: [ff9da18a4cbb5a8dc08da65e74afc6d921e562d7, isElementDisplayed {id=53}]
Apr 25, 2019 6:08:29 PM org.openqa.selenium.remote.RemoteWebDriver log
WARNING: Executing: isElementDisplayed [ff9da18a4cbb5a8dc08da65e74afc6d921e562d7, isElementDisplayed {id=54}]
Apr 25, 2019 6:08:29 PM org.openqa.selenium.remote.RemoteWebDriver log
WARNING: Executed: [ff9da18a4cbb5a8dc08da65e74afc6d921e562d7, isElementDisplayed {id=54}]
Apr 25, 2019 6:08:29 PM org.openqa.selenium.remote.RemoteWebDriver log
WARNING: Executing: isElementDisplayed [ff9da18a4cbb5a8dc08da65e74afc6d921e562d7, isElementDisplayed {id=17}]
Apr 25, 2019 6:08:29 PM org.openqa.selenium.remote.RemoteWebDriver log
WARNING: Executed: [ff9da18a4cbb5a8dc08da65e74afc6d921e562d7, isElementDisplayed {id=17}]
Apr 25, 2019 6:08:29 PM org.openqa.selenium.remote.RemoteWebDriver log
WARNING: Executing: isElementDisplayed [ff9da18a4cbb5a8dc08da65e74afc6d921e562d7, isElementDisplayed {id=18}]
Apr 25, 2019 6:08:30 PM org.openqa.selenium.remote.RemoteWebDriver log
WARNING: Executed: [ff9da18a4cbb5a8dc08da65e74afc6d921e562d7, isElementDisplayed {id=18}]
Apr 25, 2019 6:08:30 PM org.openqa.selenium.remote.RemoteWebDriver log
WARNING: Executing: executeScript [ff9da18a4cbb5a8dc08da65e74afc6d921e562d7, executeScript {script=return window.innerHeight || document.documentElement.clientHeight || document.body.clientHeight;, args=[]}]
Apr 25, 2019 6:08:30 PM org.openqa.selenium.remote.RemoteWebDriver log
WARNING: Executed: [ff9da18a4cbb5a8dc08da65e74afc6d921e562d7, executeScript {script=return window.innerHeight || document.documentElement.clientHeight || document.body.clientHeight;, args=[]}]
Apr 25, 2019 6:08:30 PM org.openqa.selenium.remote.RemoteWebDriver log
WARNING: Executing: getElementLocation [ff9da18a4cbb5a8dc08da65e74afc6d921e562d7, getElementLocation {id=17}]
Apr 25, 2019 6:08:30 PM org.openqa.selenium.remote.RemoteWebDriver log
WARNING: Executed: [ff9da18a4cbb5a8dc08da65e74afc6d921e562d7, getElementLocation {id=17}]
Apr 25, 2019 6:08:30 PM org.openqa.selenium.remote.RemoteWebDriver log
WARNING: Executing: executeScript [ff9da18a4cbb5a8dc08da65e74afc6d921e562d7, executeScript {script=window.scrollTo(0, 1765), args=[]}]
Apr 25, 2019 6:08:30 PM org.openqa.selenium.remote.RemoteWebDriver log
WARNING: Executed: [ff9da18a4cbb5a8dc08da65e74afc6d921e562d7, executeScript {script=window.scrollTo(0, 1765), args=[]}]
Apr 25, 2019 6:08:30 PM org.openqa.selenium.remote.RemoteWebDriver log
WARNING: Executing: findElement [ff9da18a4cbb5a8dc08da65e74afc6d921e562d7, findElement {using=tag name, value=body}]
Apr 25, 2019 6:08:30 PM org.openqa.selenium.remote.RemoteWebDriver log
WARNING: Executed: [ff9da18a4cbb5a8dc08da65e74afc6d921e562d7, findElement {using=tag name, value=body}]
Apr 25, 2019 6:08:30 PM org.openqa.selenium.remote.RemoteWebDriver log
WARNING: Executing: getElementText [ff9da18a4cbb5a8dc08da65e74afc6d921e562d7, getElementText {id=15}]
Apr 25, 2019 6:08:31 PM org.openqa.selenium.remote.RemoteWebDriver log
WARNING: Executed: [ff9da18a4cbb5a8dc08da65e74afc6d921e562d7, getElementText {id=15}]
Apr 25, 2019 6:08:32 PM org.openqa.selenium.remote.RemoteWebDriver log
WARNING: Executing: findElement [ff9da18a4cbb5a8dc08da65e74afc6d921e562d7, findElement {using=tag name, value=body}]
Apr 25, 2019 6:08:32 PM org.openqa.selenium.remote.RemoteWebDriver log
WARNING: Executed: [ff9da18a4cbb5a8dc08da65e74afc6d921e562d7, findElement {using=tag name, value=body}]
Apr 25, 2019 6:08:32 PM org.openqa.selenium.remote.RemoteWebDriver log
WARNING: Executing: getElementText [ff9da18a4cbb5a8dc08da65e74afc6d921e562d7, getElementText {id=15}]
Apr 25, 2019 6:08:33 PM org.openqa.selenium.remote.RemoteWebDriver log
WARNING: Executed: [ff9da18a4cbb5a8dc08da65e74afc6d921e562d7, getElementText {id=15}]
Apr 25, 2019 6:08:33 PM org.openqa.selenium.remote.RemoteWebDriver log
WARNING: Executing: getElementText [ff9da18a4cbb5a8dc08da65e74afc6d921e562d7, getElementText {id=17}]
Apr 25, 2019 6:08:33 PM org.openqa.selenium.remote.RemoteWebDriver log
WARNING: Executed: [ff9da18a4cbb5a8dc08da65e74afc6d921e562d7, getElementText {id=17}]
Apr 25, 2019 6:08:33 PM org.openqa.selenium.remote.RemoteWebDriver log
WARNING: Executing: findElement [ff9da18a4cbb5a8dc08da65e74afc6d921e562d7, findElement {using=tag name, value=body}]
Apr 25, 2019 6:08:33 PM org.openqa.selenium.remote.RemoteWebDriver log
WARNING: Executed: [ff9da18a4cbb5a8dc08da65e74afc6d921e562d7, findElement {using=tag name, value=body}]
Apr 25, 2019 6:08:33 PM org.openqa.selenium.remote.RemoteWebDriver log
WARNING: Executing: getElementText [ff9da18a4cbb5a8dc08da65e74afc6d921e562d7, getElementText {id=15}]
Apr 25, 2019 6:08:34 PM org.openqa.selenium.remote.RemoteWebDriver log
WARNING: Executed: [ff9da18a4cbb5a8dc08da65e74afc6d921e562d7, getElementText {id=15}]
Apr 25, 2019 6:08:34 PM org.openqa.selenium.remote.RemoteWebDriver log
WARNING: Executing: findElement [ff9da18a4cbb5a8dc08da65e74afc6d921e562d7, findElement {using=tag name, value=body}]
Apr 25, 2019 6:08:34 PM org.openqa.selenium.remote.RemoteWebDriver log
WARNING: Executed: [ff9da18a4cbb5a8dc08da65e74afc6d921e562d7, findElement {using=tag name, value=body}]
Apr 25, 2019 6:08:34 PM org.openqa.selenium.remote.RemoteWebDriver log
WARNING: Executing: getElementText [ff9da18a4cbb5a8dc08da65e74afc6d921e562d7, getElementText {id=15}]
Apr 25, 2019 6:08:35 PM org.openqa.selenium.remote.RemoteWebDriver log
WARNING: Executed: [ff9da18a4cbb5a8dc08da65e74afc6d921e562d7, getElementText {id=15}]
Apr 25, 2019 6:08:35 PM org.openqa.selenium.remote.RemoteWebDriver log
WARNING: Executing: findElements [ff9da18a4cbb5a8dc08da65e74afc6d921e562d7, findElements {using=css selector, value=ul li}]
Apr 25, 2019 6:08:35 PM org.openqa.selenium.remote.RemoteWebDriver log
WARNING: Executed: [ff9da18a4cbb5a8dc08da65e74afc6d921e562d7, findElements {using=css selector, value=ul li}]
Apr 25, 2019 6:08:35 PM org.openqa.selenium.remote.RemoteWebDriver log
WARNING: Executing: findElements [ff9da18a4cbb5a8dc08da65e74afc6d921e562d7, findElements {using=css selector, value=ul li}]
Apr 25, 2019 6:08:35 PM org.openqa.selenium.remote.RemoteWebDriver log
WARNING: Executed: [ff9da18a4cbb5a8dc08da65e74afc6d921e562d7, findElements {using=css selector, value=ul li}]
Apr 25, 2019 6:08:35 PM org.openqa.selenium.remote.RemoteWebDriver log
WARNING: Executing: findElement [ff9da18a4cbb5a8dc08da65e74afc6d921e562d7, findElement {using=tag name, value=body}]
Apr 25, 2019 6:08:36 PM org.openqa.selenium.remote.RemoteWebDriver log
WARNING: Executed: [ff9da18a4cbb5a8dc08da65e74afc6d921e562d7, findElement {using=tag name, value=body}]
Apr 25, 2019 6:08:36 PM org.openqa.selenium.remote.RemoteWebDriver log
WARNING: Executing: getElementText [ff9da18a4cbb5a8dc08da65e74afc6d921e562d7, getElementText {id=15}]
Apr 25, 2019 6:08:36 PM org.openqa.selenium.remote.RemoteWebDriver log
WARNING: Executed: [ff9da18a4cbb5a8dc08da65e74afc6d921e562d7, getElementText {id=15}]
Apr 25, 2019 6:08:37 PM org.openqa.selenium.remote.RemoteWebDriver log
WARNING: Executing: findElement [ff9da18a4cbb5a8dc08da65e74afc6d921e562d7, findElement {using=tag name, value=body}]
Apr 25, 2019 6:08:37 PM org.openqa.selenium.remote.RemoteWebDriver log
WARNING: Executed: [ff9da18a4cbb5a8dc08da65e74afc6d921e562d7, findElement {using=tag name, value=body}]
Apr 25, 2019 6:08:37 PM org.openqa.selenium.remote.RemoteWebDriver log
WARNING: Executing: getElementText [ff9da18a4cbb5a8dc08da65e74afc6d921e562d7, getElementText {id=15}]
Apr 25, 2019 6:08:38 PM org.openqa.selenium.remote.RemoteWebDriver log
WARNING: Executed: [ff9da18a4cbb5a8dc08da65e74afc6d921e562d7, getElementText {id=15}]
Apr 25, 2019 6:08:38 PM org.openqa.selenium.remote.RemoteWebDriver log
WARNING: Executing: findChildElement [ff9da18a4cbb5a8dc08da65e74afc6d921e562d7, findChildElement {id=73, using=css selector, value=div:first-child div > span}]
Apr 25, 2019 6:08:38 PM org.openqa.selenium.remote.RemoteWebDriver log
WARNING: Executed: [ff9da18a4cbb5a8dc08da65e74afc6d921e562d7, findChildElement {id=73, using=css selector, value=div:first-child div > span}]
Apr 25, 2019 6:08:38 PM org.openqa.selenium.remote.RemoteWebDriver log
WARNING: Executing: getElementText [ff9da18a4cbb5a8dc08da65e74afc6d921e562d7, getElementText {id=17}]
Apr 25, 2019 6:08:38 PM org.openqa.selenium.remote.RemoteWebDriver log
WARNING: Executed: [ff9da18a4cbb5a8dc08da65e74afc6d921e562d7, getElementText {id=17}]
Apr 25, 2019 6:08:38 PM org.openqa.selenium.remote.RemoteWebDriver log
WARNING: Executing: findElement [ff9da18a4cbb5a8dc08da65e74afc6d921e562d7, findElement {using=tag name, value=body}]
Apr 25, 2019 6:08:38 PM org.openqa.selenium.remote.RemoteWebDriver log
WARNING: Executed: [ff9da18a4cbb5a8dc08da65e74afc6d921e562d7, findElement {using=tag name, value=body}]
Apr 25, 2019 6:08:38 PM org.openqa.selenium.remote.RemoteWebDriver log
WARNING: Executing: getElementText [ff9da18a4cbb5a8dc08da65e74afc6d921e562d7, getElementText {id=15}]
Apr 25, 2019 6:08:39 PM org.openqa.selenium.remote.RemoteWebDriver log
WARNING: Executed: [ff9da18a4cbb5a8dc08da65e74afc6d921e562d7, getElementText {id=15}]
Apr 25, 2019 6:08:40 PM org.openqa.selenium.remote.RemoteWebDriver log
WARNING: Executing: findElement [ff9da18a4cbb5a8dc08da65e74afc6d921e562d7, findElement {using=tag name, value=body}]
Apr 25, 2019 6:08:40 PM org.openqa.selenium.remote.RemoteWebDriver log
WARNING: Executed: [ff9da18a4cbb5a8dc08da65e74afc6d921e562d7, findElement {using=tag name, value=body}]
Apr 25, 2019 6:08:40 PM org.openqa.selenium.remote.RemoteWebDriver log
WARNING: Executing: getElementText [ff9da18a4cbb5a8dc08da65e74afc6d921e562d7, getElementText {id=15}]
Apr 25, 2019 6:08:41 PM org.openqa.selenium.remote.RemoteWebDriver log
WARNING: Executed: [ff9da18a4cbb5a8dc08da65e74afc6d921e562d7, getElementText {id=15}]
Apr 25, 2019 6:08:41 PM org.openqa.selenium.remote.RemoteWebDriver log
WARNING: Executing: findChildElement [ff9da18a4cbb5a8dc08da65e74afc6d921e562d7, findChildElement {id=73, using=css selector, value=button[title='Activate']}]
Apr 25, 2019 6:08:45 PM org.openqa.selenium.remote.RemoteWebDriver log
WARNING: Executed: [ff9da18a4cbb5a8dc08da65e74afc6d921e562d7, findChildElement {id=73, using=css selector, value=button[title='Activate']}]
]]></system-err>
  </testcase>
  <testcase name="testDisableProduct" classname="com.clarolab.AdminConsoleTest" time="16.765">
    <failure message="expected:&lt;[BrandNew Product]&gt; but was:&lt;[DONTDISPLAY2RS]&gt;" type="org.junit.ComparisonFailure"><![CDATA[org.junit.ComparisonFailure: expected:<[BrandNew Product]> but was:<[DONTDISPLAY2RS]>
	at com.clarolab.AdminConsoleTest.testDisableProduct(AdminConsoleTest.java:38)
]]></failure>
    <system-err><![CDATA[Apr 25, 2019 6:08:45 PM org.openqa.selenium.remote.RemoteWebDriver log
WARNING: Executing: deleteAllCookies [ff9da18a4cbb5a8dc08da65e74afc6d921e562d7, deleteAllCookies {}]
Apr 25, 2019 6:08:45 PM org.openqa.selenium.remote.RemoteWebDriver log
WARNING: Executed: [ff9da18a4cbb5a8dc08da65e74afc6d921e562d7, deleteAllCookies {}]
Apr 25, 2019 6:08:45 PM org.openqa.selenium.remote.RemoteWebDriver log
WARNING: Executing: quit [ff9da18a4cbb5a8dc08da65e74afc6d921e562d7, quit {}]
Apr 25, 2019 6:08:48 PM org.openqa.selenium.remote.RemoteWebDriver log
WARNING: Executed: [ff9da18a4cbb5a8dc08da65e74afc6d921e562d7, quit {}]
Apr 25, 2019 6:08:53 PM org.openqa.selenium.remote.RemoteWebDriver log
WARNING: Executing: setTimeout [b5891fa18ed2ce2a5fc2c7e30aae3583aa74e87b, setTimeout {type=page load, ms=80000}]
Apr 25, 2019 6:08:54 PM org.openqa.selenium.remote.RemoteWebDriver log
WARNING: Executed: [b5891fa18ed2ce2a5fc2c7e30aae3583aa74e87b, setTimeout {type=page load, ms=80000}]
Apr 25, 2019 6:08:54 PM org.openqa.selenium.remote.RemoteWebDriver log
WARNING: Executing: implicitlyWait [b5891fa18ed2ce2a5fc2c7e30aae3583aa74e87b, implicitlyWait {ms=2000}]
Apr 25, 2019 6:08:54 PM org.openqa.selenium.remote.RemoteWebDriver log
WARNING: Executed: [b5891fa18ed2ce2a5fc2c7e30aae3583aa74e87b, implicitlyWait {ms=2000}]
Apr 25, 2019 6:08:54 PM org.openqa.selenium.remote.RemoteWebDriver log
WARNING: Executing: get [b5891fa18ed2ce2a5fc2c7e30aae3583aa74e87b, get {url=http://tdev.clarolab.com/}]
Apr 25, 2019 6:09:01 PM org.openqa.selenium.remote.RemoteWebDriver log
WARNING: Executed: [b5891fa18ed2ce2a5fc2c7e30aae3583aa74e87b, get {url=http://tdev.clarolab.com/}]
Apr 25, 2019 6:09:01 PM org.openqa.selenium.remote.RemoteWebDriver log
WARNING: Executing: getCurrentUrl [b5891fa18ed2ce2a5fc2c7e30aae3583aa74e87b, getCurrentUrl {}]
Apr 25, 2019 6:09:01 PM org.openqa.selenium.remote.RemoteWebDriver log
WARNING: Executed: [b5891fa18ed2ce2a5fc2c7e30aae3583aa74e87b, getCurrentUrl {}]
Apr 25, 2019 6:09:01 PM org.openqa.selenium.remote.RemoteWebDriver log
WARNING: Executing: getCurrentUrl [b5891fa18ed2ce2a5fc2c7e30aae3583aa74e87b, getCurrentUrl {}]
Apr 25, 2019 6:09:02 PM org.openqa.selenium.remote.RemoteWebDriver log
WARNING: Executed: [b5891fa18ed2ce2a5fc2c7e30aae3583aa74e87b, getCurrentUrl {}]
Apr 25, 2019 6:09:02 PM org.openqa.selenium.remote.RemoteWebDriver log
WARNING: Executing: findElement [b5891fa18ed2ce2a5fc2c7e30aae3583aa74e87b, findElement {using=id, value=loginForm}]
Apr 25, 2019 6:09:02 PM org.openqa.selenium.remote.RemoteWebDriver log
WARNING: Executed: [b5891fa18ed2ce2a5fc2c7e30aae3583aa74e87b, findElement {using=id, value=loginForm}]
Apr 25, 2019 6:09:02 PM org.openqa.selenium.remote.RemoteWebDriver log
WARNING: Executing: findElement [b5891fa18ed2ce2a5fc2c7e30aae3583aa74e87b, findElement {using=tag name, value=body}]
Apr 25, 2019 6:09:02 PM org.openqa.selenium.remote.RemoteWebDriver log
WARNING: Executed: [b5891fa18ed2ce2a5fc2c7e30aae3583aa74e87b, findElement {using=tag name, value=body}]
Apr 25, 2019 6:09:02 PM org.openqa.selenium.remote.RemoteWebDriver log
WARNING: Executing: getElementText [b5891fa18ed2ce2a5fc2c7e30aae3583aa74e87b, getElementText {id=1}]
Apr 25, 2019 6:09:02 PM org.openqa.selenium.remote.RemoteWebDriver log
WARNING: Executed: [b5891fa18ed2ce2a5fc2c7e30aae3583aa74e87b, getElementText {id=1}]
Apr 25, 2019 6:09:03 PM org.openqa.selenium.remote.RemoteWebDriver log
WARNING: Executing: findElement [b5891fa18ed2ce2a5fc2c7e30aae3583aa74e87b, findElement {using=tag name, value=body}]
Apr 25, 2019 6:09:03 PM org.openqa.selenium.remote.RemoteWebDriver log
WARNING: Executed: [b5891fa18ed2ce2a5fc2c7e30aae3583aa74e87b, findElement {using=tag name, value=body}]
Apr 25, 2019 6:09:03 PM org.openqa.selenium.remote.RemoteWebDriver log
WARNING: Executing: getElementText [b5891fa18ed2ce2a5fc2c7e30aae3583aa74e87b, getElementText {id=1}]
Apr 25, 2019 6:09:03 PM org.openqa.selenium.remote.RemoteWebDriver log
WARNING: Executed: [b5891fa18ed2ce2a5fc2c7e30aae3583aa74e87b, getElementText {id=1}]
Apr 25, 2019 6:09:04 PM org.openqa.selenium.remote.RemoteWebDriver log
WARNING: Executing: findElement [b5891fa18ed2ce2a5fc2c7e30aae3583aa74e87b, findElement {using=tag name, value=body}]
Apr 25, 2019 6:09:04 PM org.openqa.selenium.remote.RemoteWebDriver log
WARNING: Executed: [b5891fa18ed2ce2a5fc2c7e30aae3583aa74e87b, findElement {using=tag name, value=body}]
Apr 25, 2019 6:09:04 PM org.openqa.selenium.remote.RemoteWebDriver log
WARNING: Executing: getElementText [b5891fa18ed2ce2a5fc2c7e30aae3583aa74e87b, getElementText {id=1}]
Apr 25, 2019 6:09:04 PM org.openqa.selenium.remote.RemoteWebDriver log
WARNING: Executed: [b5891fa18ed2ce2a5fc2c7e30aae3583aa74e87b, getElementText {id=1}]
Apr 25, 2019 6:09:04 PM org.openqa.selenium.remote.RemoteWebDriver log
WARNING: Executing: findElement [b5891fa18ed2ce2a5fc2c7e30aae3583aa74e87b, findElement {using=id, value=email}]
Apr 25, 2019 6:09:05 PM org.openqa.selenium.remote.RemoteWebDriver log
WARNING: Executed: [b5891fa18ed2ce2a5fc2c7e30aae3583aa74e87b, findElement {using=id, value=email}]
Apr 25, 2019 6:09:05 PM org.openqa.selenium.remote.RemoteWebDriver log
WARNING: Executing: sendKeysToElement [b5891fa18ed2ce2a5fc2c7e30aae3583aa74e87b, sendKeysToElement {id=2, value=[Ljava.lang.CharSequence;@7b993c65}]
Apr 25, 2019 6:09:05 PM org.openqa.selenium.remote.RemoteWebDriver log
WARNING: Executed: [b5891fa18ed2ce2a5fc2c7e30aae3583aa74e87b, sendKeysToElement {id=2, value=[Ljava.lang.CharSequence;@7b993c65}]
Apr 25, 2019 6:09:05 PM org.openqa.selenium.remote.RemoteWebDriver log
WARNING: Executing: findElement [b5891fa18ed2ce2a5fc2c7e30aae3583aa74e87b, findElement {using=id, value=password}]
Apr 25, 2019 6:09:05 PM org.openqa.selenium.remote.RemoteWebDriver log
WARNING: Executed: [b5891fa18ed2ce2a5fc2c7e30aae3583aa74e87b, findElement {using=id, value=password}]
Apr 25, 2019 6:09:05 PM org.openqa.selenium.remote.RemoteWebDriver log
WARNING: Executing: sendKeysToElement [b5891fa18ed2ce2a5fc2c7e30aae3583aa74e87b, sendKeysToElement {id=3, value=[Ljava.lang.CharSequence;@37911f88}]
Apr 25, 2019 6:09:05 PM org.openqa.selenium.remote.RemoteWebDriver log
WARNING: Executed: [b5891fa18ed2ce2a5fc2c7e30aae3583aa74e87b, sendKeysToElement {id=3, value=[Ljava.lang.CharSequence;@37911f88}]
Apr 25, 2019 6:09:05 PM org.openqa.selenium.remote.RemoteWebDriver log
WARNING: Executing: findElement [b5891fa18ed2ce2a5fc2c7e30aae3583aa74e87b, findElement {using=id, value=internalLoginSubmit}]
Apr 25, 2019 6:09:06 PM org.openqa.selenium.remote.RemoteWebDriver log
WARNING: Executed: [b5891fa18ed2ce2a5fc2c7e30aae3583aa74e87b, findElement {using=id, value=internalLoginSubmit}]
Apr 25, 2019 6:09:06 PM org.openqa.selenium.remote.RemoteWebDriver log
WARNING: Executing: isElementDisplayed [b5891fa18ed2ce2a5fc2c7e30aae3583aa74e87b, isElementDisplayed {id=4}]
Apr 25, 2019 6:09:06 PM org.openqa.selenium.remote.RemoteWebDriver log
WARNING: Executed: [b5891fa18ed2ce2a5fc2c7e30aae3583aa74e87b, isElementDisplayed {id=4}]
Apr 25, 2019 6:09:06 PM org.openqa.selenium.remote.RemoteWebDriver log
WARNING: Executing: isElementEnabled [b5891fa18ed2ce2a5fc2c7e30aae3583aa74e87b, isElementEnabled {id=4}]
Apr 25, 2019 6:09:06 PM org.openqa.selenium.remote.RemoteWebDriver log
WARNING: Executed: [b5891fa18ed2ce2a5fc2c7e30aae3583aa74e87b, isElementEnabled {id=4}]
Apr 25, 2019 6:09:06 PM org.openqa.selenium.remote.RemoteWebDriver log
WARNING: Executing: clickElement [b5891fa18ed2ce2a5fc2c7e30aae3583aa74e87b, clickElement {id=4}]
Apr 25, 2019 6:09:06 PM org.openqa.selenium.remote.RemoteWebDriver log
WARNING: Executed: [b5891fa18ed2ce2a5fc2c7e30aae3583aa74e87b, clickElement {id=4}]
Apr 25, 2019 6:09:06 PM org.openqa.selenium.remote.RemoteWebDriver log
WARNING: Executing: getCurrentUrl [b5891fa18ed2ce2a5fc2c7e30aae3583aa74e87b, getCurrentUrl {}]
Apr 25, 2019 6:09:06 PM org.openqa.selenium.remote.RemoteWebDriver log
WARNING: Executed: [b5891fa18ed2ce2a5fc2c7e30aae3583aa74e87b, getCurrentUrl {}]
Apr 25, 2019 6:09:06 PM org.openqa.selenium.remote.RemoteWebDriver log
WARNING: Executing: findElement [b5891fa18ed2ce2a5fc2c7e30aae3583aa74e87b, findElement {using=class name, value=homeRoot}]
Apr 25, 2019 6:09:08 PM org.openqa.selenium.remote.RemoteWebDriver log
WARNING: Executed: [b5891fa18ed2ce2a5fc2c7e30aae3583aa74e87b, findElement {using=class name, value=homeRoot}]
Apr 25, 2019 6:09:08 PM org.openqa.selenium.remote.RemoteWebDriver log
WARNING: Executing: findElement [b5891fa18ed2ce2a5fc2c7e30aae3583aa74e87b, findElement {using=tag name, value=body}]
Apr 25, 2019 6:09:09 PM org.openqa.selenium.remote.RemoteWebDriver log
WARNING: Executed: [b5891fa18ed2ce2a5fc2c7e30aae3583aa74e87b, findElement {using=tag name, value=body}]
Apr 25, 2019 6:09:09 PM org.openqa.selenium.remote.RemoteWebDriver log
WARNING: Executing: getElementText [b5891fa18ed2ce2a5fc2c7e30aae3583aa74e87b, getElementText {id=1}]
Apr 25, 2019 6:09:09 PM org.openqa.selenium.remote.RemoteWebDriver log
WARNING: Executed: [b5891fa18ed2ce2a5fc2c7e30aae3583aa74e87b, getElementText {id=1}]
Apr 25, 2019 6:09:09 PM org.openqa.selenium.remote.RemoteWebDriver log
WARNING: Executing: findElement [b5891fa18ed2ce2a5fc2c7e30aae3583aa74e87b, findElement {using=tag name, value=body}]
Apr 25, 2019 6:09:10 PM org.openqa.selenium.remote.RemoteWebDriver log
WARNING: Executed: [b5891fa18ed2ce2a5fc2c7e30aae3583aa74e87b, findElement {using=tag name, value=body}]
Apr 25, 2019 6:09:10 PM org.openqa.selenium.remote.RemoteWebDriver log
WARNING: Executing: getElementText [b5891fa18ed2ce2a5fc2c7e30aae3583aa74e87b, getElementText {id=1}]
Apr 25, 2019 6:09:10 PM org.openqa.selenium.remote.RemoteWebDriver log
WARNING: Executed: [b5891fa18ed2ce2a5fc2c7e30aae3583aa74e87b, getElementText {id=1}]
Apr 25, 2019 6:09:11 PM org.openqa.selenium.remote.RemoteWebDriver log
WARNING: Executing: findElement [b5891fa18ed2ce2a5fc2c7e30aae3583aa74e87b, findElement {using=tag name, value=body}]
Apr 25, 2019 6:09:11 PM org.openqa.selenium.remote.RemoteWebDriver log
WARNING: Executed: [b5891fa18ed2ce2a5fc2c7e30aae3583aa74e87b, findElement {using=tag name, value=body}]
Apr 25, 2019 6:09:11 PM org.openqa.selenium.remote.RemoteWebDriver log
WARNING: Executing: getElementText [b5891fa18ed2ce2a5fc2c7e30aae3583aa74e87b, getElementText {id=1}]
Apr 25, 2019 6:09:11 PM org.openqa.selenium.remote.RemoteWebDriver log
WARNING: Executed: [b5891fa18ed2ce2a5fc2c7e30aae3583aa74e87b, getElementText {id=1}]
Apr 25, 2019 6:09:11 PM org.openqa.selenium.remote.RemoteWebDriver log
WARNING: Executing: getCurrentUrl [b5891fa18ed2ce2a5fc2c7e30aae3583aa74e87b, getCurrentUrl {}]
Apr 25, 2019 6:09:11 PM org.openqa.selenium.remote.RemoteWebDriver log
WARNING: Executed: [b5891fa18ed2ce2a5fc2c7e30aae3583aa74e87b, getCurrentUrl {}]
Apr 25, 2019 6:09:11 PM org.openqa.selenium.remote.RemoteWebDriver log
WARNING: Executing: getCurrentUrl [b5891fa18ed2ce2a5fc2c7e30aae3583aa74e87b, getCurrentUrl {}]
Apr 25, 2019 6:09:12 PM org.openqa.selenium.remote.RemoteWebDriver log
WARNING: Executed: [b5891fa18ed2ce2a5fc2c7e30aae3583aa74e87b, getCurrentUrl {}]
Apr 25, 2019 6:09:12 PM org.openqa.selenium.remote.RemoteWebDriver log
WARNING: Executing: findElement [b5891fa18ed2ce2a5fc2c7e30aae3583aa74e87b, findElement {using=class name, value=homeRoot}]
Apr 25, 2019 6:09:12 PM org.openqa.selenium.remote.RemoteWebDriver log
WARNING: Executed: [b5891fa18ed2ce2a5fc2c7e30aae3583aa74e87b, findElement {using=class name, value=homeRoot}]
Apr 25, 2019 6:09:12 PM org.openqa.selenium.remote.RemoteWebDriver log
WARNING: Executing: get [b5891fa18ed2ce2a5fc2c7e30aae3583aa74e87b, get {url=http://tdev.clarolab.com/admin/}]
Apr 25, 2019 6:09:13 PM org.openqa.selenium.remote.RemoteWebDriver log
WARNING: Executed: [b5891fa18ed2ce2a5fc2c7e30aae3583aa74e87b, get {url=http://tdev.clarolab.com/admin/}]
Apr 25, 2019 6:09:13 PM org.openqa.selenium.remote.RemoteWebDriver log
WARNING: Executing: getCurrentUrl [b5891fa18ed2ce2a5fc2c7e30aae3583aa74e87b, getCurrentUrl {}]
Apr 25, 2019 6:09:13 PM org.openqa.selenium.remote.RemoteWebDriver log
WARNING: Executed: [b5891fa18ed2ce2a5fc2c7e30aae3583aa74e87b, getCurrentUrl {}]
Apr 25, 2019 6:09:13 PM org.openqa.selenium.remote.RemoteWebDriver log
WARNING: Executing: findElement [b5891fa18ed2ce2a5fc2c7e30aae3583aa74e87b, findElement {using=class name, value=CenterList}]
Apr 25, 2019 6:09:13 PM org.openqa.selenium.remote.RemoteWebDriver log
WARNING: Executed: [b5891fa18ed2ce2a5fc2c7e30aae3583aa74e87b, findElement {using=class name, value=CenterList}]
Apr 25, 2019 6:09:13 PM org.openqa.selenium.remote.RemoteWebDriver log
WARNING: Executing: findElement [b5891fa18ed2ce2a5fc2c7e30aae3583aa74e87b, findElement {using=tag name, value=body}]
Apr 25, 2019 6:09:13 PM org.openqa.selenium.remote.RemoteWebDriver log
WARNING: Executed: [b5891fa18ed2ce2a5fc2c7e30aae3583aa74e87b, findElement {using=tag name, value=body}]
Apr 25, 2019 6:09:13 PM org.openqa.selenium.remote.RemoteWebDriver log
WARNING: Executing: getElementText [b5891fa18ed2ce2a5fc2c7e30aae3583aa74e87b, getElementText {id=7}]
Apr 25, 2019 6:09:14 PM org.openqa.selenium.remote.RemoteWebDriver log
WARNING: Executed: [b5891fa18ed2ce2a5fc2c7e30aae3583aa74e87b, getElementText {id=7}]
Apr 25, 2019 6:09:14 PM org.openqa.selenium.remote.RemoteWebDriver log
WARNING: Executing: findElement [b5891fa18ed2ce2a5fc2c7e30aae3583aa74e87b, findElement {using=tag name, value=body}]
Apr 25, 2019 6:09:15 PM org.openqa.selenium.remote.RemoteWebDriver log
WARNING: Executed: [b5891fa18ed2ce2a5fc2c7e30aae3583aa74e87b, findElement {using=tag name, value=body}]
Apr 25, 2019 6:09:15 PM org.openqa.selenium.remote.RemoteWebDriver log
WARNING: Executing: getElementText [b5891fa18ed2ce2a5fc2c7e30aae3583aa74e87b, getElementText {id=7}]
Apr 25, 2019 6:09:15 PM org.openqa.selenium.remote.RemoteWebDriver log
WARNING: Executed: [b5891fa18ed2ce2a5fc2c7e30aae3583aa74e87b, getElementText {id=7}]
Apr 25, 2019 6:09:15 PM org.openqa.selenium.remote.RemoteWebDriver log
WARNING: Executing: findElement [b5891fa18ed2ce2a5fc2c7e30aae3583aa74e87b, findElement {using=tag name, value=body}]
Apr 25, 2019 6:09:16 PM org.openqa.selenium.remote.RemoteWebDriver log
WARNING: Executed: [b5891fa18ed2ce2a5fc2c7e30aae3583aa74e87b, findElement {using=tag name, value=body}]
Apr 25, 2019 6:09:16 PM org.openqa.selenium.remote.RemoteWebDriver log
WARNING: Executing: getElementText [b5891fa18ed2ce2a5fc2c7e30aae3583aa74e87b, getElementText {id=7}]
Apr 25, 2019 6:09:16 PM org.openqa.selenium.remote.RemoteWebDriver log
WARNING: Executed: [b5891fa18ed2ce2a5fc2c7e30aae3583aa74e87b, getElementText {id=7}]
Apr 25, 2019 6:09:16 PM org.openqa.selenium.remote.RemoteWebDriver log
WARNING: Executing: findElement [b5891fa18ed2ce2a5fc2c7e30aae3583aa74e87b, findElement {using=css selector, value=button[title='Deactivate']}]
Apr 25, 2019 6:09:16 PM org.openqa.selenium.remote.RemoteWebDriver log
WARNING: Executed: [b5891fa18ed2ce2a5fc2c7e30aae3583aa74e87b, findElement {using=css selector, value=button[title='Deactivate']}]
Apr 25, 2019 6:09:16 PM org.openqa.selenium.remote.RemoteWebDriver log
WARNING: Executing: isElementDisplayed [b5891fa18ed2ce2a5fc2c7e30aae3583aa74e87b, isElementDisplayed {id=8}]
Apr 25, 2019 6:09:17 PM org.openqa.selenium.remote.RemoteWebDriver log
WARNING: Executed: [b5891fa18ed2ce2a5fc2c7e30aae3583aa74e87b, isElementDisplayed {id=8}]
Apr 25, 2019 6:09:17 PM org.openqa.selenium.remote.RemoteWebDriver log
WARNING: Executing: isElementEnabled [b5891fa18ed2ce2a5fc2c7e30aae3583aa74e87b, isElementEnabled {id=8}]
Apr 25, 2019 6:09:17 PM org.openqa.selenium.remote.RemoteWebDriver log
WARNING: Executed: [b5891fa18ed2ce2a5fc2c7e30aae3583aa74e87b, isElementEnabled {id=8}]
Apr 25, 2019 6:09:17 PM org.openqa.selenium.remote.RemoteWebDriver log
WARNING: Executing: findElements [b5891fa18ed2ce2a5fc2c7e30aae3583aa74e87b, findElements {using=css selector, value=ul li div div > span}]
Apr 25, 2019 6:09:17 PM org.openqa.selenium.remote.RemoteWebDriver log
WARNING: Executed: [b5891fa18ed2ce2a5fc2c7e30aae3583aa74e87b, findElements {using=css selector, value=ul li div div > span}]
Apr 25, 2019 6:09:17 PM org.openqa.selenium.remote.RemoteWebDriver log
WARNING: Executing: getElementText [b5891fa18ed2ce2a5fc2c7e30aae3583aa74e87b, getElementText {id=9}]
Apr 25, 2019 6:09:17 PM org.openqa.selenium.remote.RemoteWebDriver log
WARNING: Executed: [b5891fa18ed2ce2a5fc2c7e30aae3583aa74e87b, getElementText {id=9}]
Apr 25, 2019 6:09:17 PM org.openqa.selenium.remote.RemoteWebDriver log
WARNING: Executing: findElement [b5891fa18ed2ce2a5fc2c7e30aae3583aa74e87b, findElement {using=css selector, value=button[title='Deactivate']}]
Apr 25, 2019 6:09:17 PM org.openqa.selenium.remote.RemoteWebDriver log
WARNING: Executed: [b5891fa18ed2ce2a5fc2c7e30aae3583aa74e87b, findElement {using=css selector, value=button[title='Deactivate']}]
Apr 25, 2019 6:09:17 PM org.openqa.selenium.remote.RemoteWebDriver log
WARNING: Executing: isElementDisplayed [b5891fa18ed2ce2a5fc2c7e30aae3583aa74e87b, isElementDisplayed {id=8}]
Apr 25, 2019 6:09:18 PM org.openqa.selenium.remote.RemoteWebDriver log
WARNING: Executed: [b5891fa18ed2ce2a5fc2c7e30aae3583aa74e87b, isElementDisplayed {id=8}]
Apr 25, 2019 6:09:18 PM org.openqa.selenium.remote.RemoteWebDriver log
WARNING: Executing: isElementEnabled [b5891fa18ed2ce2a5fc2c7e30aae3583aa74e87b, isElementEnabled {id=8}]
Apr 25, 2019 6:09:18 PM org.openqa.selenium.remote.RemoteWebDriver log
WARNING: Executed: [b5891fa18ed2ce2a5fc2c7e30aae3583aa74e87b, isElementEnabled {id=8}]
Apr 25, 2019 6:09:18 PM org.openqa.selenium.remote.RemoteWebDriver log
WARNING: Executing: clickElement [b5891fa18ed2ce2a5fc2c7e30aae3583aa74e87b, clickElement {id=8}]
Apr 25, 2019 6:09:18 PM org.openqa.selenium.remote.RemoteWebDriver log
WARNING: Executed: [b5891fa18ed2ce2a5fc2c7e30aae3583aa74e87b, clickElement {id=8}]
Apr 25, 2019 6:09:18 PM org.openqa.selenium.remote.RemoteWebDriver log
WARNING: Executing: findElement [b5891fa18ed2ce2a5fc2c7e30aae3583aa74e87b, findElement {using=tag name, value=body}]
Apr 25, 2019 6:09:18 PM org.openqa.selenium.remote.RemoteWebDriver log
WARNING: Executed: [b5891fa18ed2ce2a5fc2c7e30aae3583aa74e87b, findElement {using=tag name, value=body}]
Apr 25, 2019 6:09:18 PM org.openqa.selenium.remote.RemoteWebDriver log
WARNING: Executing: getElementText [b5891fa18ed2ce2a5fc2c7e30aae3583aa74e87b, getElementText {id=7}]
Apr 25, 2019 6:09:19 PM org.openqa.selenium.remote.RemoteWebDriver log
WARNING: Executed: [b5891fa18ed2ce2a5fc2c7e30aae3583aa74e87b, getElementText {id=7}]
Apr 25, 2019 6:09:19 PM org.openqa.selenium.remote.RemoteWebDriver log
WARNING: Executing: findElement [b5891fa18ed2ce2a5fc2c7e30aae3583aa74e87b, findElement {using=tag name, value=body}]
Apr 25, 2019 6:09:19 PM org.openqa.selenium.remote.RemoteWebDriver log
WARNING: Executed: [b5891fa18ed2ce2a5fc2c7e30aae3583aa74e87b, findElement {using=tag name, value=body}]
Apr 25, 2019 6:09:19 PM org.openqa.selenium.remote.RemoteWebDriver log
WARNING: Executing: getElementText [b5891fa18ed2ce2a5fc2c7e30aae3583aa74e87b, getElementText {id=7}]
Apr 25, 2019 6:09:20 PM org.openqa.selenium.remote.RemoteWebDriver log
WARNING: Executed: [b5891fa18ed2ce2a5fc2c7e30aae3583aa74e87b, getElementText {id=7}]
Apr 25, 2019 6:09:20 PM org.openqa.selenium.remote.RemoteWebDriver log
WARNING: Executing: findElement [b5891fa18ed2ce2a5fc2c7e30aae3583aa74e87b, findElement {using=tag name, value=body}]
Apr 25, 2019 6:09:21 PM org.openqa.selenium.remote.RemoteWebDriver log
WARNING: Executed: [b5891fa18ed2ce2a5fc2c7e30aae3583aa74e87b, findElement {using=tag name, value=body}]
Apr 25, 2019 6:09:21 PM org.openqa.selenium.remote.RemoteWebDriver log
WARNING: Executing: getElementText [b5891fa18ed2ce2a5fc2c7e30aae3583aa74e87b, getElementText {id=7}]
Apr 25, 2019 6:09:21 PM org.openqa.selenium.remote.RemoteWebDriver log
WARNING: Executed: [b5891fa18ed2ce2a5fc2c7e30aae3583aa74e87b, getElementText {id=7}]
Apr 25, 2019 6:09:21 PM org.openqa.selenium.remote.RemoteWebDriver log
WARNING: Executing: findElements [b5891fa18ed2ce2a5fc2c7e30aae3583aa74e87b, findElements {using=css selector, value=ul li div div > span}]
Apr 25, 2019 6:09:21 PM org.openqa.selenium.remote.RemoteWebDriver log
WARNING: Executed: [b5891fa18ed2ce2a5fc2c7e30aae3583aa74e87b, findElements {using=css selector, value=ul li div div > span}]
Apr 25, 2019 6:09:21 PM org.openqa.selenium.remote.RemoteWebDriver log
WARNING: Executing: isElementDisplayed [b5891fa18ed2ce2a5fc2c7e30aae3583aa74e87b, isElementDisplayed {id=10}]
Apr 25, 2019 6:09:21 PM org.openqa.selenium.remote.RemoteWebDriver log
WARNING: Executed: [b5891fa18ed2ce2a5fc2c7e30aae3583aa74e87b, isElementDisplayed {id=10}]
Apr 25, 2019 6:09:21 PM org.openqa.selenium.remote.RemoteWebDriver log
WARNING: Executing: isElementDisplayed [b5891fa18ed2ce2a5fc2c7e30aae3583aa74e87b, isElementDisplayed {id=11}]
Apr 25, 2019 6:09:22 PM org.openqa.selenium.remote.RemoteWebDriver log
WARNING: Executed: [b5891fa18ed2ce2a5fc2c7e30aae3583aa74e87b, isElementDisplayed {id=11}]
Apr 25, 2019 6:09:22 PM org.openqa.selenium.remote.RemoteWebDriver log
WARNING: Executing: isElementDisplayed [b5891fa18ed2ce2a5fc2c7e30aae3583aa74e87b, isElementDisplayed {id=12}]
Apr 25, 2019 6:09:22 PM org.openqa.selenium.remote.RemoteWebDriver log
WARNING: Executed: [b5891fa18ed2ce2a5fc2c7e30aae3583aa74e87b, isElementDisplayed {id=12}]
Apr 25, 2019 6:09:22 PM org.openqa.selenium.remote.RemoteWebDriver log
WARNING: Executing: isElementDisplayed [b5891fa18ed2ce2a5fc2c7e30aae3583aa74e87b, isElementDisplayed {id=13}]
Apr 25, 2019 6:09:22 PM org.openqa.selenium.remote.RemoteWebDriver log
WARNING: Executed: [b5891fa18ed2ce2a5fc2c7e30aae3583aa74e87b, isElementDisplayed {id=13}]
Apr 25, 2019 6:09:22 PM org.openqa.selenium.remote.RemoteWebDriver log
WARNING: Executing: isElementDisplayed [b5891fa18ed2ce2a5fc2c7e30aae3583aa74e87b, isElementDisplayed {id=14}]
Apr 25, 2019 6:09:22 PM org.openqa.selenium.remote.RemoteWebDriver log
WARNING: Executed: [b5891fa18ed2ce2a5fc2c7e30aae3583aa74e87b, isElementDisplayed {id=14}]
Apr 25, 2019 6:09:22 PM org.openqa.selenium.remote.RemoteWebDriver log
WARNING: Executing: isElementDisplayed [b5891fa18ed2ce2a5fc2c7e30aae3583aa74e87b, isElementDisplayed {id=9}]
Apr 25, 2019 6:09:23 PM org.openqa.selenium.remote.RemoteWebDriver log
WARNING: Executed: [b5891fa18ed2ce2a5fc2c7e30aae3583aa74e87b, isElementDisplayed {id=9}]
Apr 25, 2019 6:09:23 PM org.openqa.selenium.remote.RemoteWebDriver log
WARNING: Executing: isElementDisplayed [b5891fa18ed2ce2a5fc2c7e30aae3583aa74e87b, isElementDisplayed {id=15}]
Apr 25, 2019 6:09:23 PM org.openqa.selenium.remote.RemoteWebDriver log
WARNING: Executed: [b5891fa18ed2ce2a5fc2c7e30aae3583aa74e87b, isElementDisplayed {id=15}]
Apr 25, 2019 6:09:23 PM org.openqa.selenium.remote.RemoteWebDriver log
WARNING: Executing: isElementDisplayed [b5891fa18ed2ce2a5fc2c7e30aae3583aa74e87b, isElementDisplayed {id=16}]
Apr 25, 2019 6:09:23 PM org.openqa.selenium.remote.RemoteWebDriver log
WARNING: Executed: [b5891fa18ed2ce2a5fc2c7e30aae3583aa74e87b, isElementDisplayed {id=16}]
Apr 25, 2019 6:09:23 PM org.openqa.selenium.remote.RemoteWebDriver log
WARNING: Executing: findElements [b5891fa18ed2ce2a5fc2c7e30aae3583aa74e87b, findElements {using=css selector, value=ul li div div > span}]
Apr 25, 2019 6:09:23 PM org.openqa.selenium.remote.RemoteWebDriver log
WARNING: Executed: [b5891fa18ed2ce2a5fc2c7e30aae3583aa74e87b, findElements {using=css selector, value=ul li div div > span}]
Apr 25, 2019 6:09:23 PM org.openqa.selenium.remote.RemoteWebDriver log
WARNING: Executing: isElementDisplayed [b5891fa18ed2ce2a5fc2c7e30aae3583aa74e87b, isElementDisplayed {id=10}]
Apr 25, 2019 6:09:24 PM org.openqa.selenium.remote.RemoteWebDriver log
WARNING: Executed: [b5891fa18ed2ce2a5fc2c7e30aae3583aa74e87b, isElementDisplayed {id=10}]
Apr 25, 2019 6:09:24 PM org.openqa.selenium.remote.RemoteWebDriver log
WARNING: Executing: isElementDisplayed [b5891fa18ed2ce2a5fc2c7e30aae3583aa74e87b, isElementDisplayed {id=11}]
Apr 25, 2019 6:09:24 PM org.openqa.selenium.remote.RemoteWebDriver log
WARNING: Executed: [b5891fa18ed2ce2a5fc2c7e30aae3583aa74e87b, isElementDisplayed {id=11}]
Apr 25, 2019 6:09:24 PM org.openqa.selenium.remote.RemoteWebDriver log
WARNING: Executing: isElementDisplayed [b5891fa18ed2ce2a5fc2c7e30aae3583aa74e87b, isElementDisplayed {id=12}]
Apr 25, 2019 6:09:24 PM org.openqa.selenium.remote.RemoteWebDriver log
WARNING: Executed: [b5891fa18ed2ce2a5fc2c7e30aae3583aa74e87b, isElementDisplayed {id=12}]
Apr 25, 2019 6:09:24 PM org.openqa.selenium.remote.RemoteWebDriver log
WARNING: Executing: isElementDisplayed [b5891fa18ed2ce2a5fc2c7e30aae3583aa74e87b, isElementDisplayed {id=13}]
Apr 25, 2019 6:09:24 PM org.openqa.selenium.remote.RemoteWebDriver log
WARNING: Executed: [b5891fa18ed2ce2a5fc2c7e30aae3583aa74e87b, isElementDisplayed {id=13}]
Apr 25, 2019 6:09:24 PM org.openqa.selenium.remote.RemoteWebDriver log
WARNING: Executing: isElementDisplayed [b5891fa18ed2ce2a5fc2c7e30aae3583aa74e87b, isElementDisplayed {id=14}]
Apr 25, 2019 6:09:25 PM org.openqa.selenium.remote.RemoteWebDriver log
WARNING: Executed: [b5891fa18ed2ce2a5fc2c7e30aae3583aa74e87b, isElementDisplayed {id=14}]
Apr 25, 2019 6:09:25 PM org.openqa.selenium.remote.RemoteWebDriver log
WARNING: Executing: isElementDisplayed [b5891fa18ed2ce2a5fc2c7e30aae3583aa74e87b, isElementDisplayed {id=9}]
Apr 25, 2019 6:09:25 PM org.openqa.selenium.remote.RemoteWebDriver log
WARNING: Executed: [b5891fa18ed2ce2a5fc2c7e30aae3583aa74e87b, isElementDisplayed {id=9}]
Apr 25, 2019 6:09:25 PM org.openqa.selenium.remote.RemoteWebDriver log
WARNING: Executing: isElementDisplayed [b5891fa18ed2ce2a5fc2c7e30aae3583aa74e87b, isElementDisplayed {id=15}]
Apr 25, 2019 6:09:25 PM org.openqa.selenium.remote.RemoteWebDriver log
WARNING: Executed: [b5891fa18ed2ce2a5fc2c7e30aae3583aa74e87b, isElementDisplayed {id=15}]
Apr 25, 2019 6:09:25 PM org.openqa.selenium.remote.RemoteWebDriver log
WARNING: Executing: isElementDisplayed [b5891fa18ed2ce2a5fc2c7e30aae3583aa74e87b, isElementDisplayed {id=16}]
Apr 25, 2019 6:09:25 PM org.openqa.selenium.remote.RemoteWebDriver log
WARNING: Executed: [b5891fa18ed2ce2a5fc2c7e30aae3583aa74e87b, isElementDisplayed {id=16}]
Apr 25, 2019 6:09:25 PM org.openqa.selenium.remote.RemoteWebDriver log
WARNING: Executing: executeScript [b5891fa18ed2ce2a5fc2c7e30aae3583aa74e87b, executeScript {script=return window.innerHeight || document.documentElement.clientHeight || document.body.clientHeight;, args=[]}]
Apr 25, 2019 6:09:25 PM org.openqa.selenium.remote.RemoteWebDriver log
WARNING: Executed: [b5891fa18ed2ce2a5fc2c7e30aae3583aa74e87b, executeScript {script=return window.innerHeight || document.documentElement.clientHeight || document.body.clientHeight;, args=[]}]
Apr 25, 2019 6:09:25 PM org.openqa.selenium.remote.RemoteWebDriver log
WARNING: Executing: getElementLocation [b5891fa18ed2ce2a5fc2c7e30aae3583aa74e87b, getElementLocation {id=16}]
Apr 25, 2019 6:09:26 PM org.openqa.selenium.remote.RemoteWebDriver log
WARNING: Executed: [b5891fa18ed2ce2a5fc2c7e30aae3583aa74e87b, getElementLocation {id=16}]
Apr 25, 2019 6:09:26 PM org.openqa.selenium.remote.RemoteWebDriver log
WARNING: Executing: executeScript [b5891fa18ed2ce2a5fc2c7e30aae3583aa74e87b, executeScript {script=window.scrollTo(0, 540), args=[]}]
Apr 25, 2019 6:09:26 PM org.openqa.selenium.remote.RemoteWebDriver log
WARNING: Executed: [b5891fa18ed2ce2a5fc2c7e30aae3583aa74e87b, executeScript {script=window.scrollTo(0, 540), args=[]}]
Apr 25, 2019 6:09:26 PM org.openqa.selenium.remote.RemoteWebDriver log
WARNING: Executing: findElement [b5891fa18ed2ce2a5fc2c7e30aae3583aa74e87b, findElement {using=tag name, value=body}]
Apr 25, 2019 6:09:26 PM org.openqa.selenium.remote.RemoteWebDriver log
WARNING: Executed: [b5891fa18ed2ce2a5fc2c7e30aae3583aa74e87b, findElement {using=tag name, value=body}]
Apr 25, 2019 6:09:26 PM org.openqa.selenium.remote.RemoteWebDriver log
WARNING: Executing: getElementText [b5891fa18ed2ce2a5fc2c7e30aae3583aa74e87b, getElementText {id=7}]
Apr 25, 2019 6:09:27 PM org.openqa.selenium.remote.RemoteWebDriver log
WARNING: Executed: [b5891fa18ed2ce2a5fc2c7e30aae3583aa74e87b, getElementText {id=7}]
Apr 25, 2019 6:09:27 PM org.openqa.selenium.remote.RemoteWebDriver log
WARNING: Executing: findElement [b5891fa18ed2ce2a5fc2c7e30aae3583aa74e87b, findElement {using=tag name, value=body}]
Apr 25, 2019 6:09:27 PM org.openqa.selenium.remote.RemoteWebDriver log
WARNING: Executed: [b5891fa18ed2ce2a5fc2c7e30aae3583aa74e87b, findElement {using=tag name, value=body}]
Apr 25, 2019 6:09:27 PM org.openqa.selenium.remote.RemoteWebDriver log
WARNING: Executing: getElementText [b5891fa18ed2ce2a5fc2c7e30aae3583aa74e87b, getElementText {id=7}]
Apr 25, 2019 6:09:28 PM org.openqa.selenium.remote.RemoteWebDriver log
WARNING: Executed: [b5891fa18ed2ce2a5fc2c7e30aae3583aa74e87b, getElementText {id=7}]
Apr 25, 2019 6:09:28 PM org.openqa.selenium.remote.RemoteWebDriver log
WARNING: Executing: getElementText [b5891fa18ed2ce2a5fc2c7e30aae3583aa74e87b, getElementText {id=16}]
Apr 25, 2019 6:09:28 PM org.openqa.selenium.remote.RemoteWebDriver log
WARNING: Executed: [b5891fa18ed2ce2a5fc2c7e30aae3583aa74e87b, getElementText {id=16}]
]]></system-err>
  </testcase>
  <testcase name="testDisableProperties" classname="com.clarolab.AdminConsoleTest" time="31.964">
    <failure message="expected:&lt;[CONSECUTIVE_PASS_COUNT]&gt; but was:&lt;[value]&gt;" type="org.junit.ComparisonFailure"><![CDATA[org.junit.ComparisonFailure: expected:<[CONSECUTIVE_PASS_COUNT]> but was:<[value]>
	at com.clarolab.AdminConsoleTest.testDisableProperties(AdminConsoleTest.java:190)
]]></failure>
    <system-err><![CDATA[Apr 25, 2019 6:09:28 PM org.openqa.selenium.remote.RemoteWebDriver log
WARNING: Executing: deleteAllCookies [b5891fa18ed2ce2a5fc2c7e30aae3583aa74e87b, deleteAllCookies {}]
Apr 25, 2019 6:09:28 PM org.openqa.selenium.remote.RemoteWebDriver log
WARNING: Executed: [b5891fa18ed2ce2a5fc2c7e30aae3583aa74e87b, deleteAllCookies {}]
Apr 25, 2019 6:09:28 PM org.openqa.selenium.remote.RemoteWebDriver log
WARNING: Executing: quit [b5891fa18ed2ce2a5fc2c7e30aae3583aa74e87b, quit {}]
Apr 25, 2019 6:09:32 PM org.openqa.selenium.remote.RemoteWebDriver log
WARNING: Executed: [b5891fa18ed2ce2a5fc2c7e30aae3583aa74e87b, quit {}]
Apr 25, 2019 6:09:38 PM org.openqa.selenium.remote.RemoteWebDriver log
WARNING: Executing: setTimeout [5b35e48c4e69c32c9eff3bacb1ca259fff81369c, setTimeout {type=page load, ms=80000}]
Apr 25, 2019 6:09:38 PM org.openqa.selenium.remote.RemoteWebDriver log
WARNING: Executed: [5b35e48c4e69c32c9eff3bacb1ca259fff81369c, setTimeout {type=page load, ms=80000}]
Apr 25, 2019 6:09:38 PM org.openqa.selenium.remote.RemoteWebDriver log
WARNING: Executing: implicitlyWait [5b35e48c4e69c32c9eff3bacb1ca259fff81369c, implicitlyWait {ms=2000}]
Apr 25, 2019 6:09:38 PM org.openqa.selenium.remote.RemoteWebDriver log
WARNING: Executed: [5b35e48c4e69c32c9eff3bacb1ca259fff81369c, implicitlyWait {ms=2000}]
Apr 25, 2019 6:09:38 PM org.openqa.selenium.remote.RemoteWebDriver log
WARNING: Executing: get [5b35e48c4e69c32c9eff3bacb1ca259fff81369c, get {url=http://tdev.clarolab.com/}]
Apr 25, 2019 6:09:44 PM org.openqa.selenium.remote.RemoteWebDriver log
WARNING: Executed: [5b35e48c4e69c32c9eff3bacb1ca259fff81369c, get {url=http://tdev.clarolab.com/}]
Apr 25, 2019 6:09:44 PM org.openqa.selenium.remote.RemoteWebDriver log
WARNING: Executing: getCurrentUrl [5b35e48c4e69c32c9eff3bacb1ca259fff81369c, getCurrentUrl {}]
Apr 25, 2019 6:09:44 PM org.openqa.selenium.remote.RemoteWebDriver log
WARNING: Executed: [5b35e48c4e69c32c9eff3bacb1ca259fff81369c, getCurrentUrl {}]
Apr 25, 2019 6:09:44 PM org.openqa.selenium.remote.RemoteWebDriver log
WARNING: Executing: getCurrentUrl [5b35e48c4e69c32c9eff3bacb1ca259fff81369c, getCurrentUrl {}]
Apr 25, 2019 6:09:44 PM org.openqa.selenium.remote.RemoteWebDriver log
WARNING: Executed: [5b35e48c4e69c32c9eff3bacb1ca259fff81369c, getCurrentUrl {}]
Apr 25, 2019 6:09:44 PM org.openqa.selenium.remote.RemoteWebDriver log
WARNING: Executing: findElement [5b35e48c4e69c32c9eff3bacb1ca259fff81369c, findElement {using=id, value=loginForm}]
Apr 25, 2019 6:09:45 PM org.openqa.selenium.remote.RemoteWebDriver log
WARNING: Executed: [5b35e48c4e69c32c9eff3bacb1ca259fff81369c, findElement {using=id, value=loginForm}]
Apr 25, 2019 6:09:45 PM org.openqa.selenium.remote.RemoteWebDriver log
WARNING: Executing: findElement [5b35e48c4e69c32c9eff3bacb1ca259fff81369c, findElement {using=tag name, value=body}]
Apr 25, 2019 6:09:45 PM org.openqa.selenium.remote.RemoteWebDriver log
WARNING: Executed: [5b35e48c4e69c32c9eff3bacb1ca259fff81369c, findElement {using=tag name, value=body}]
Apr 25, 2019 6:09:45 PM org.openqa.selenium.remote.RemoteWebDriver log
WARNING: Executing: getElementText [5b35e48c4e69c32c9eff3bacb1ca259fff81369c, getElementText {id=1}]
Apr 25, 2019 6:09:45 PM org.openqa.selenium.remote.RemoteWebDriver log
WARNING: Executed: [5b35e48c4e69c32c9eff3bacb1ca259fff81369c, getElementText {id=1}]
Apr 25, 2019 6:09:46 PM org.openqa.selenium.remote.RemoteWebDriver log
WARNING: Executing: findElement [5b35e48c4e69c32c9eff3bacb1ca259fff81369c, findElement {using=tag name, value=body}]
Apr 25, 2019 6:09:46 PM org.openqa.selenium.remote.RemoteWebDriver log
WARNING: Executed: [5b35e48c4e69c32c9eff3bacb1ca259fff81369c, findElement {using=tag name, value=body}]
Apr 25, 2019 6:09:46 PM org.openqa.selenium.remote.RemoteWebDriver log
WARNING: Executing: getElementText [5b35e48c4e69c32c9eff3bacb1ca259fff81369c, getElementText {id=1}]
Apr 25, 2019 6:09:46 PM org.openqa.selenium.remote.RemoteWebDriver log
WARNING: Executed: [5b35e48c4e69c32c9eff3bacb1ca259fff81369c, getElementText {id=1}]
Apr 25, 2019 6:09:47 PM org.openqa.selenium.remote.RemoteWebDriver log
WARNING: Executing: findElement [5b35e48c4e69c32c9eff3bacb1ca259fff81369c, findElement {using=tag name, value=body}]
Apr 25, 2019 6:09:47 PM org.openqa.selenium.remote.RemoteWebDriver log
WARNING: Executed: [5b35e48c4e69c32c9eff3bacb1ca259fff81369c, findElement {using=tag name, value=body}]
Apr 25, 2019 6:09:47 PM org.openqa.selenium.remote.RemoteWebDriver log
WARNING: Executing: getElementText [5b35e48c4e69c32c9eff3bacb1ca259fff81369c, getElementText {id=1}]
Apr 25, 2019 6:09:47 PM org.openqa.selenium.remote.RemoteWebDriver log
WARNING: Executed: [5b35e48c4e69c32c9eff3bacb1ca259fff81369c, getElementText {id=1}]
Apr 25, 2019 6:09:47 PM org.openqa.selenium.remote.RemoteWebDriver log
WARNING: Executing: findElement [5b35e48c4e69c32c9eff3bacb1ca259fff81369c, findElement {using=id, value=email}]
Apr 25, 2019 6:09:47 PM org.openqa.selenium.remote.RemoteWebDriver log
WARNING: Executed: [5b35e48c4e69c32c9eff3bacb1ca259fff81369c, findElement {using=id, value=email}]
Apr 25, 2019 6:09:47 PM org.openqa.selenium.remote.RemoteWebDriver log
WARNING: Executing: sendKeysToElement [5b35e48c4e69c32c9eff3bacb1ca259fff81369c, sendKeysToElement {id=2, value=[Ljava.lang.CharSequence;@2a7ed1f}]
Apr 25, 2019 6:09:48 PM org.openqa.selenium.remote.RemoteWebDriver log
WARNING: Executed: [5b35e48c4e69c32c9eff3bacb1ca259fff81369c, sendKeysToElement {id=2, value=[Ljava.lang.CharSequence;@2a7ed1f}]
Apr 25, 2019 6:09:48 PM org.openqa.selenium.remote.RemoteWebDriver log
WARNING: Executing: findElement [5b35e48c4e69c32c9eff3bacb1ca259fff81369c, findElement {using=id, value=password}]
Apr 25, 2019 6:09:48 PM org.openqa.selenium.remote.RemoteWebDriver log
WARNING: Executed: [5b35e48c4e69c32c9eff3bacb1ca259fff81369c, findElement {using=id, value=password}]
Apr 25, 2019 6:09:48 PM org.openqa.selenium.remote.RemoteWebDriver log
WARNING: Executing: sendKeysToElement [5b35e48c4e69c32c9eff3bacb1ca259fff81369c, sendKeysToElement {id=3, value=[Ljava.lang.CharSequence;@3fa247d1}]
Apr 25, 2019 6:09:48 PM org.openqa.selenium.remote.RemoteWebDriver log
WARNING: Executed: [5b35e48c4e69c32c9eff3bacb1ca259fff81369c, sendKeysToElement {id=3, value=[Ljava.lang.CharSequence;@3fa247d1}]
Apr 25, 2019 6:09:48 PM org.openqa.selenium.remote.RemoteWebDriver log
WARNING: Executing: findElement [5b35e48c4e69c32c9eff3bacb1ca259fff81369c, findElement {using=id, value=internalLoginSubmit}]
Apr 25, 2019 6:09:48 PM org.openqa.selenium.remote.RemoteWebDriver log
WARNING: Executed: [5b35e48c4e69c32c9eff3bacb1ca259fff81369c, findElement {using=id, value=internalLoginSubmit}]
Apr 25, 2019 6:09:48 PM org.openqa.selenium.remote.RemoteWebDriver log
WARNING: Executing: isElementDisplayed [5b35e48c4e69c32c9eff3bacb1ca259fff81369c, isElementDisplayed {id=4}]
Apr 25, 2019 6:09:49 PM org.openqa.selenium.remote.RemoteWebDriver log
WARNING: Executed: [5b35e48c4e69c32c9eff3bacb1ca259fff81369c, isElementDisplayed {id=4}]
Apr 25, 2019 6:09:49 PM org.openqa.selenium.remote.RemoteWebDriver log
WARNING: Executing: isElementEnabled [5b35e48c4e69c32c9eff3bacb1ca259fff81369c, isElementEnabled {id=4}]
Apr 25, 2019 6:09:49 PM org.openqa.selenium.remote.RemoteWebDriver log
WARNING: Executed: [5b35e48c4e69c32c9eff3bacb1ca259fff81369c, isElementEnabled {id=4}]
Apr 25, 2019 6:09:49 PM org.openqa.selenium.remote.RemoteWebDriver log
WARNING: Executing: clickElement [5b35e48c4e69c32c9eff3bacb1ca259fff81369c, clickElement {id=4}]
Apr 25, 2019 6:09:49 PM org.openqa.selenium.remote.RemoteWebDriver log
WARNING: Executed: [5b35e48c4e69c32c9eff3bacb1ca259fff81369c, clickElement {id=4}]
Apr 25, 2019 6:09:49 PM org.openqa.selenium.remote.RemoteWebDriver log
WARNING: Executing: getCurrentUrl [5b35e48c4e69c32c9eff3bacb1ca259fff81369c, getCurrentUrl {}]
Apr 25, 2019 6:09:49 PM org.openqa.selenium.remote.RemoteWebDriver log
WARNING: Executed: [5b35e48c4e69c32c9eff3bacb1ca259fff81369c, getCurrentUrl {}]
Apr 25, 2019 6:09:49 PM org.openqa.selenium.remote.RemoteWebDriver log
WARNING: Executing: findElement [5b35e48c4e69c32c9eff3bacb1ca259fff81369c, findElement {using=class name, value=homeRoot}]
Apr 25, 2019 6:09:51 PM org.openqa.selenium.remote.RemoteWebDriver log
WARNING: Executed: [5b35e48c4e69c32c9eff3bacb1ca259fff81369c, findElement {using=class name, value=homeRoot}]
Apr 25, 2019 6:09:51 PM org.openqa.selenium.remote.RemoteWebDriver log
WARNING: Executing: findElement [5b35e48c4e69c32c9eff3bacb1ca259fff81369c, findElement {using=tag name, value=body}]
Apr 25, 2019 6:09:52 PM org.openqa.selenium.remote.RemoteWebDriver log
WARNING: Executed: [5b35e48c4e69c32c9eff3bacb1ca259fff81369c, findElement {using=tag name, value=body}]
Apr 25, 2019 6:09:52 PM org.openqa.selenium.remote.RemoteWebDriver log
WARNING: Executing: getElementText [5b35e48c4e69c32c9eff3bacb1ca259fff81369c, getElementText {id=1}]
Apr 25, 2019 6:09:52 PM org.openqa.selenium.remote.RemoteWebDriver log
WARNING: Executed: [5b35e48c4e69c32c9eff3bacb1ca259fff81369c, getElementText {id=1}]
Apr 25, 2019 6:09:53 PM org.openqa.selenium.remote.RemoteWebDriver log
WARNING: Executing: findElement [5b35e48c4e69c32c9eff3bacb1ca259fff81369c, findElement {using=tag name, value=body}]
Apr 25, 2019 6:09:53 PM org.openqa.selenium.remote.RemoteWebDriver log
WARNING: Executed: [5b35e48c4e69c32c9eff3bacb1ca259fff81369c, findElement {using=tag name, value=body}]
Apr 25, 2019 6:09:53 PM org.openqa.selenium.remote.RemoteWebDriver log
WARNING: Executing: getElementText [5b35e48c4e69c32c9eff3bacb1ca259fff81369c, getElementText {id=1}]
Apr 25, 2019 6:09:53 PM org.openqa.selenium.remote.RemoteWebDriver log
WARNING: Executed: [5b35e48c4e69c32c9eff3bacb1ca259fff81369c, getElementText {id=1}]
Apr 25, 2019 6:09:54 PM org.openqa.selenium.remote.RemoteWebDriver log
WARNING: Executing: findElement [5b35e48c4e69c32c9eff3bacb1ca259fff81369c, findElement {using=tag name, value=body}]
Apr 25, 2019 6:09:54 PM org.openqa.selenium.remote.RemoteWebDriver log
WARNING: Executed: [5b35e48c4e69c32c9eff3bacb1ca259fff81369c, findElement {using=tag name, value=body}]
Apr 25, 2019 6:09:54 PM org.openqa.selenium.remote.RemoteWebDriver log
WARNING: Executing: getElementText [5b35e48c4e69c32c9eff3bacb1ca259fff81369c, getElementText {id=1}]
Apr 25, 2019 6:09:55 PM org.openqa.selenium.remote.RemoteWebDriver log
WARNING: Executed: [5b35e48c4e69c32c9eff3bacb1ca259fff81369c, getElementText {id=1}]
Apr 25, 2019 6:09:55 PM org.openqa.selenium.remote.RemoteWebDriver log
WARNING: Executing: getCurrentUrl [5b35e48c4e69c32c9eff3bacb1ca259fff81369c, getCurrentUrl {}]
Apr 25, 2019 6:09:55 PM org.openqa.selenium.remote.RemoteWebDriver log
WARNING: Executed: [5b35e48c4e69c32c9eff3bacb1ca259fff81369c, getCurrentUrl {}]
Apr 25, 2019 6:09:55 PM org.openqa.selenium.remote.RemoteWebDriver log
WARNING: Executing: getCurrentUrl [5b35e48c4e69c32c9eff3bacb1ca259fff81369c, getCurrentUrl {}]
Apr 25, 2019 6:09:55 PM org.openqa.selenium.remote.RemoteWebDriver log
WARNING: Executed: [5b35e48c4e69c32c9eff3bacb1ca259fff81369c, getCurrentUrl {}]
Apr 25, 2019 6:09:55 PM org.openqa.selenium.remote.RemoteWebDriver log
WARNING: Executing: findElement [5b35e48c4e69c32c9eff3bacb1ca259fff81369c, findElement {using=class name, value=homeRoot}]
Apr 25, 2019 6:09:56 PM org.openqa.selenium.remote.RemoteWebDriver log
WARNING: Executed: [5b35e48c4e69c32c9eff3bacb1ca259fff81369c, findElement {using=class name, value=homeRoot}]
Apr 25, 2019 6:09:56 PM org.openqa.selenium.remote.RemoteWebDriver log
WARNING: Executing: get [5b35e48c4e69c32c9eff3bacb1ca259fff81369c, get {url=http://tdev.clarolab.com/admin/}]
Apr 25, 2019 6:09:56 PM org.openqa.selenium.remote.RemoteWebDriver log
WARNING: Executed: [5b35e48c4e69c32c9eff3bacb1ca259fff81369c, get {url=http://tdev.clarolab.com/admin/}]
Apr 25, 2019 6:09:56 PM org.openqa.selenium.remote.RemoteWebDriver log
WARNING: Executing: getCurrentUrl [5b35e48c4e69c32c9eff3bacb1ca259fff81369c, getCurrentUrl {}]
Apr 25, 2019 6:09:57 PM org.openqa.selenium.remote.RemoteWebDriver log
WARNING: Executed: [5b35e48c4e69c32c9eff3bacb1ca259fff81369c, getCurrentUrl {}]
Apr 25, 2019 6:09:57 PM org.openqa.selenium.remote.RemoteWebDriver log
WARNING: Executing: findElement [5b35e48c4e69c32c9eff3bacb1ca259fff81369c, findElement {using=class name, value=CenterList}]
Apr 25, 2019 6:09:57 PM org.openqa.selenium.remote.RemoteWebDriver log
WARNING: Executed: [5b35e48c4e69c32c9eff3bacb1ca259fff81369c, findElement {using=class name, value=CenterList}]
Apr 25, 2019 6:09:57 PM org.openqa.selenium.remote.RemoteWebDriver log
WARNING: Executing: findElements [5b35e48c4e69c32c9eff3bacb1ca259fff81369c, findElements {using=css selector, value=nav button}]
Apr 25, 2019 6:09:57 PM org.openqa.selenium.remote.RemoteWebDriver log
WARNING: Executed: [5b35e48c4e69c32c9eff3bacb1ca259fff81369c, findElements {using=css selector, value=nav button}]
Apr 25, 2019 6:09:57 PM org.openqa.selenium.remote.RemoteWebDriver log
WARNING: Executing: clickElement [5b35e48c4e69c32c9eff3bacb1ca259fff81369c, clickElement {id=12}]
Apr 25, 2019 6:09:58 PM org.openqa.selenium.remote.RemoteWebDriver log
WARNING: Executed: [5b35e48c4e69c32c9eff3bacb1ca259fff81369c, clickElement {id=12}]
Apr 25, 2019 6:09:58 PM org.openqa.selenium.remote.RemoteWebDriver log
WARNING: Executing: findElement [5b35e48c4e69c32c9eff3bacb1ca259fff81369c, findElement {using=tag name, value=body}]
Apr 25, 2019 6:09:58 PM org.openqa.selenium.remote.RemoteWebDriver log
WARNING: Executed: [5b35e48c4e69c32c9eff3bacb1ca259fff81369c, findElement {using=tag name, value=body}]
Apr 25, 2019 6:09:58 PM org.openqa.selenium.remote.RemoteWebDriver log
WARNING: Executing: getElementText [5b35e48c4e69c32c9eff3bacb1ca259fff81369c, getElementText {id=15}]
Apr 25, 2019 6:09:59 PM org.openqa.selenium.remote.RemoteWebDriver log
WARNING: Executed: [5b35e48c4e69c32c9eff3bacb1ca259fff81369c, getElementText {id=15}]
Apr 25, 2019 6:09:59 PM org.openqa.selenium.remote.RemoteWebDriver log
WARNING: Executing: findElement [5b35e48c4e69c32c9eff3bacb1ca259fff81369c, findElement {using=tag name, value=body}]
Apr 25, 2019 6:09:59 PM org.openqa.selenium.remote.RemoteWebDriver log
WARNING: Executed: [5b35e48c4e69c32c9eff3bacb1ca259fff81369c, findElement {using=tag name, value=body}]
Apr 25, 2019 6:09:59 PM org.openqa.selenium.remote.RemoteWebDriver log
WARNING: Executing: getElementText [5b35e48c4e69c32c9eff3bacb1ca259fff81369c, getElementText {id=15}]
Apr 25, 2019 6:10:01 PM org.openqa.selenium.remote.RemoteWebDriver log
WARNING: Executed: [5b35e48c4e69c32c9eff3bacb1ca259fff81369c, getElementText {id=15}]
Apr 25, 2019 6:10:01 PM org.openqa.selenium.remote.RemoteWebDriver log
WARNING: Executing: findElement [5b35e48c4e69c32c9eff3bacb1ca259fff81369c, findElement {using=css selector, value=button[title='Deactivate']}]
Apr 25, 2019 6:10:01 PM org.openqa.selenium.remote.RemoteWebDriver log
WARNING: Executed: [5b35e48c4e69c32c9eff3bacb1ca259fff81369c, findElement {using=css selector, value=button[title='Deactivate']}]
Apr 25, 2019 6:10:01 PM org.openqa.selenium.remote.RemoteWebDriver log
WARNING: Executing: isElementDisplayed [5b35e48c4e69c32c9eff3bacb1ca259fff81369c, isElementDisplayed {id=16}]
Apr 25, 2019 6:10:01 PM org.openqa.selenium.remote.RemoteWebDriver log
WARNING: Executed: [5b35e48c4e69c32c9eff3bacb1ca259fff81369c, isElementDisplayed {id=16}]
Apr 25, 2019 6:10:01 PM org.openqa.selenium.remote.RemoteWebDriver log
WARNING: Executing: isElementEnabled [5b35e48c4e69c32c9eff3bacb1ca259fff81369c, isElementEnabled {id=16}]
Apr 25, 2019 6:10:01 PM org.openqa.selenium.remote.RemoteWebDriver log
WARNING: Executed: [5b35e48c4e69c32c9eff3bacb1ca259fff81369c, isElementEnabled {id=16}]
Apr 25, 2019 6:10:01 PM org.openqa.selenium.remote.RemoteWebDriver log
WARNING: Executing: findElements [5b35e48c4e69c32c9eff3bacb1ca259fff81369c, findElements {using=css selector, value=ul li div div > span}]
Apr 25, 2019 6:10:01 PM org.openqa.selenium.remote.RemoteWebDriver log
WARNING: Executed: [5b35e48c4e69c32c9eff3bacb1ca259fff81369c, findElements {using=css selector, value=ul li div div > span}]
Apr 25, 2019 6:10:01 PM org.openqa.selenium.remote.RemoteWebDriver log
WARNING: Executing: getElementText [5b35e48c4e69c32c9eff3bacb1ca259fff81369c, getElementText {id=17}]
Apr 25, 2019 6:10:02 PM org.openqa.selenium.remote.RemoteWebDriver log
WARNING: Executed: [5b35e48c4e69c32c9eff3bacb1ca259fff81369c, getElementText {id=17}]
Apr 25, 2019 6:10:02 PM org.openqa.selenium.remote.RemoteWebDriver log
WARNING: Executing: findElement [5b35e48c4e69c32c9eff3bacb1ca259fff81369c, findElement {using=css selector, value=button[title='Deactivate']}]
Apr 25, 2019 6:10:02 PM org.openqa.selenium.remote.RemoteWebDriver log
WARNING: Executed: [5b35e48c4e69c32c9eff3bacb1ca259fff81369c, findElement {using=css selector, value=button[title='Deactivate']}]
Apr 25, 2019 6:10:02 PM org.openqa.selenium.remote.RemoteWebDriver log
WARNING: Executing: isElementDisplayed [5b35e48c4e69c32c9eff3bacb1ca259fff81369c, isElementDisplayed {id=16}]
Apr 25, 2019 6:10:02 PM org.openqa.selenium.remote.RemoteWebDriver log
WARNING: Executed: [5b35e48c4e69c32c9eff3bacb1ca259fff81369c, isElementDisplayed {id=16}]
Apr 25, 2019 6:10:02 PM org.openqa.selenium.remote.RemoteWebDriver log
WARNING: Executing: isElementEnabled [5b35e48c4e69c32c9eff3bacb1ca259fff81369c, isElementEnabled {id=16}]
Apr 25, 2019 6:10:02 PM org.openqa.selenium.remote.RemoteWebDriver log
WARNING: Executed: [5b35e48c4e69c32c9eff3bacb1ca259fff81369c, isElementEnabled {id=16}]
Apr 25, 2019 6:10:02 PM org.openqa.selenium.remote.RemoteWebDriver log
WARNING: Executing: clickElement [5b35e48c4e69c32c9eff3bacb1ca259fff81369c, clickElement {id=16}]
Apr 25, 2019 6:10:03 PM org.openqa.selenium.remote.RemoteWebDriver log
WARNING: Executed: [5b35e48c4e69c32c9eff3bacb1ca259fff81369c, clickElement {id=16}]
Apr 25, 2019 6:10:03 PM org.openqa.selenium.remote.RemoteWebDriver log
WARNING: Executing: findElement [5b35e48c4e69c32c9eff3bacb1ca259fff81369c, findElement {using=tag name, value=body}]
Apr 25, 2019 6:10:03 PM org.openqa.selenium.remote.RemoteWebDriver log
WARNING: Executed: [5b35e48c4e69c32c9eff3bacb1ca259fff81369c, findElement {using=tag name, value=body}]
Apr 25, 2019 6:10:03 PM org.openqa.selenium.remote.RemoteWebDriver log
WARNING: Executing: getElementText [5b35e48c4e69c32c9eff3bacb1ca259fff81369c, getElementText {id=15}]
Apr 25, 2019 6:10:04 PM org.openqa.selenium.remote.RemoteWebDriver log
WARNING: Executed: [5b35e48c4e69c32c9eff3bacb1ca259fff81369c, getElementText {id=15}]
Apr 25, 2019 6:10:04 PM org.openqa.selenium.remote.RemoteWebDriver log
WARNING: Executing: findElement [5b35e48c4e69c32c9eff3bacb1ca259fff81369c, findElement {using=tag name, value=body}]
Apr 25, 2019 6:10:05 PM org.openqa.selenium.remote.RemoteWebDriver log
WARNING: Executed: [5b35e48c4e69c32c9eff3bacb1ca259fff81369c, findElement {using=tag name, value=body}]
Apr 25, 2019 6:10:05 PM org.openqa.selenium.remote.RemoteWebDriver log
WARNING: Executing: getElementText [5b35e48c4e69c32c9eff3bacb1ca259fff81369c, getElementText {id=15}]
Apr 25, 2019 6:10:06 PM org.openqa.selenium.remote.RemoteWebDriver log
WARNING: Executed: [5b35e48c4e69c32c9eff3bacb1ca259fff81369c, getElementText {id=15}]
Apr 25, 2019 6:10:06 PM org.openqa.selenium.remote.RemoteWebDriver log
WARNING: Executing: findElement [5b35e48c4e69c32c9eff3bacb1ca259fff81369c, findElement {using=tag name, value=body}]
Apr 25, 2019 6:10:07 PM org.openqa.selenium.remote.RemoteWebDriver log
WARNING: Executed: [5b35e48c4e69c32c9eff3bacb1ca259fff81369c, findElement {using=tag name, value=body}]
Apr 25, 2019 6:10:07 PM org.openqa.selenium.remote.RemoteWebDriver log
WARNING: Executing: getElementText [5b35e48c4e69c32c9eff3bacb1ca259fff81369c, getElementText {id=15}]
Apr 25, 2019 6:10:08 PM org.openqa.selenium.remote.RemoteWebDriver log
WARNING: Executed: [5b35e48c4e69c32c9eff3bacb1ca259fff81369c, getElementText {id=15}]
Apr 25, 2019 6:10:08 PM org.openqa.selenium.remote.RemoteWebDriver log
WARNING: Executing: findElements [5b35e48c4e69c32c9eff3bacb1ca259fff81369c, findElements {using=css selector, value=ul li div div > span}]
Apr 25, 2019 6:10:08 PM org.openqa.selenium.remote.RemoteWebDriver log
WARNING: Executed: [5b35e48c4e69c32c9eff3bacb1ca259fff81369c, findElements {using=css selector, value=ul li div div > span}]
Apr 25, 2019 6:10:08 PM org.openqa.selenium.remote.RemoteWebDriver log
WARNING: Executing: isElementDisplayed [5b35e48c4e69c32c9eff3bacb1ca259fff81369c, isElementDisplayed {id=19}]
Apr 25, 2019 6:10:08 PM org.openqa.selenium.remote.RemoteWebDriver log
WARNING: Executed: [5b35e48c4e69c32c9eff3bacb1ca259fff81369c, isElementDisplayed {id=19}]
Apr 25, 2019 6:10:08 PM org.openqa.selenium.remote.RemoteWebDriver log
WARNING: Executing: isElementDisplayed [5b35e48c4e69c32c9eff3bacb1ca259fff81369c, isElementDisplayed {id=20}]
Apr 25, 2019 6:10:08 PM org.openqa.selenium.remote.RemoteWebDriver log
WARNING: Executed: [5b35e48c4e69c32c9eff3bacb1ca259fff81369c, isElementDisplayed {id=20}]
Apr 25, 2019 6:10:08 PM org.openqa.selenium.remote.RemoteWebDriver log
WARNING: Executing: isElementDisplayed [5b35e48c4e69c32c9eff3bacb1ca259fff81369c, isElementDisplayed {id=21}]
Apr 25, 2019 6:10:09 PM org.openqa.selenium.remote.RemoteWebDriver log
WARNING: Executed: [5b35e48c4e69c32c9eff3bacb1ca259fff81369c, isElementDisplayed {id=21}]
Apr 25, 2019 6:10:09 PM org.openqa.selenium.remote.RemoteWebDriver log
WARNING: Executing: isElementDisplayed [5b35e48c4e69c32c9eff3bacb1ca259fff81369c, isElementDisplayed {id=22}]
Apr 25, 2019 6:10:09 PM org.openqa.selenium.remote.RemoteWebDriver log
WARNING: Executed: [5b35e48c4e69c32c9eff3bacb1ca259fff81369c, isElementDisplayed {id=22}]
Apr 25, 2019 6:10:09 PM org.openqa.selenium.remote.RemoteWebDriver log
WARNING: Executing: isElementDisplayed [5b35e48c4e69c32c9eff3bacb1ca259fff81369c, isElementDisplayed {id=23}]
Apr 25, 2019 6:10:09 PM org.openqa.selenium.remote.RemoteWebDriver log
WARNING: Executed: [5b35e48c4e69c32c9eff3bacb1ca259fff81369c, isElementDisplayed {id=23}]
Apr 25, 2019 6:10:09 PM org.openqa.selenium.remote.RemoteWebDriver log
WARNING: Executing: isElementDisplayed [5b35e48c4e69c32c9eff3bacb1ca259fff81369c, isElementDisplayed {id=24}]
Apr 25, 2019 6:10:09 PM org.openqa.selenium.remote.RemoteWebDriver log
WARNING: Executed: [5b35e48c4e69c32c9eff3bacb1ca259fff81369c, isElementDisplayed {id=24}]
Apr 25, 2019 6:10:09 PM org.openqa.selenium.remote.RemoteWebDriver log
WARNING: Executing: isElementDisplayed [5b35e48c4e69c32c9eff3bacb1ca259fff81369c, isElementDisplayed {id=25}]
Apr 25, 2019 6:10:10 PM org.openqa.selenium.remote.RemoteWebDriver log
WARNING: Executed: [5b35e48c4e69c32c9eff3bacb1ca259fff81369c, isElementDisplayed {id=25}]
Apr 25, 2019 6:10:10 PM org.openqa.selenium.remote.RemoteWebDriver log
WARNING: Executing: isElementDisplayed [5b35e48c4e69c32c9eff3bacb1ca259fff81369c, isElementDisplayed {id=26}]
Apr 25, 2019 6:10:10 PM org.openqa.selenium.remote.RemoteWebDriver log
WARNING: Executed: [5b35e48c4e69c32c9eff3bacb1ca259fff81369c, isElementDisplayed {id=26}]
Apr 25, 2019 6:10:10 PM org.openqa.selenium.remote.RemoteWebDriver log
WARNING: Executing: isElementDisplayed [5b35e48c4e69c32c9eff3bacb1ca259fff81369c, isElementDisplayed {id=27}]
Apr 25, 2019 6:10:10 PM org.openqa.selenium.remote.RemoteWebDriver log
WARNING: Executed: [5b35e48c4e69c32c9eff3bacb1ca259fff81369c, isElementDisplayed {id=27}]
Apr 25, 2019 6:10:10 PM org.openqa.selenium.remote.RemoteWebDriver log
WARNING: Executing: isElementDisplayed [5b35e48c4e69c32c9eff3bacb1ca259fff81369c, isElementDisplayed {id=28}]
Apr 25, 2019 6:10:10 PM org.openqa.selenium.remote.RemoteWebDriver log
WARNING: Executed: [5b35e48c4e69c32c9eff3bacb1ca259fff81369c, isElementDisplayed {id=28}]
Apr 25, 2019 6:10:10 PM org.openqa.selenium.remote.RemoteWebDriver log
WARNING: Executing: isElementDisplayed [5b35e48c4e69c32c9eff3bacb1ca259fff81369c, isElementDisplayed {id=29}]
Apr 25, 2019 6:10:10 PM org.openqa.selenium.remote.RemoteWebDriver log
WARNING: Executed: [5b35e48c4e69c32c9eff3bacb1ca259fff81369c, isElementDisplayed {id=29}]
Apr 25, 2019 6:10:10 PM org.openqa.selenium.remote.RemoteWebDriver log
WARNING: Executing: isElementDisplayed [5b35e48c4e69c32c9eff3bacb1ca259fff81369c, isElementDisplayed {id=30}]
Apr 25, 2019 6:10:11 PM org.openqa.selenium.remote.RemoteWebDriver log
WARNING: Executed: [5b35e48c4e69c32c9eff3bacb1ca259fff81369c, isElementDisplayed {id=30}]
Apr 25, 2019 6:10:11 PM org.openqa.selenium.remote.RemoteWebDriver log
WARNING: Executing: isElementDisplayed [5b35e48c4e69c32c9eff3bacb1ca259fff81369c, isElementDisplayed {id=31}]
Apr 25, 2019 6:10:11 PM org.openqa.selenium.remote.RemoteWebDriver log
WARNING: Executed: [5b35e48c4e69c32c9eff3bacb1ca259fff81369c, isElementDisplayed {id=31}]
Apr 25, 2019 6:10:11 PM org.openqa.selenium.remote.RemoteWebDriver log
WARNING: Executing: isElementDisplayed [5b35e48c4e69c32c9eff3bacb1ca259fff81369c, isElementDisplayed {id=32}]
Apr 25, 2019 6:10:11 PM org.openqa.selenium.remote.RemoteWebDriver log
WARNING: Executed: [5b35e48c4e69c32c9eff3bacb1ca259fff81369c, isElementDisplayed {id=32}]
Apr 25, 2019 6:10:11 PM org.openqa.selenium.remote.RemoteWebDriver log
WARNING: Executing: isElementDisplayed [5b35e48c4e69c32c9eff3bacb1ca259fff81369c, isElementDisplayed {id=33}]
Apr 25, 2019 6:10:11 PM org.openqa.selenium.remote.RemoteWebDriver log
WARNING: Executed: [5b35e48c4e69c32c9eff3bacb1ca259fff81369c, isElementDisplayed {id=33}]
Apr 25, 2019 6:10:11 PM org.openqa.selenium.remote.RemoteWebDriver log
WARNING: Executing: isElementDisplayed [5b35e48c4e69c32c9eff3bacb1ca259fff81369c, isElementDisplayed {id=34}]
Apr 25, 2019 6:10:12 PM org.openqa.selenium.remote.RemoteWebDriver log
WARNING: Executed: [5b35e48c4e69c32c9eff3bacb1ca259fff81369c, isElementDisplayed {id=34}]
Apr 25, 2019 6:10:12 PM org.openqa.selenium.remote.RemoteWebDriver log
WARNING: Executing: isElementDisplayed [5b35e48c4e69c32c9eff3bacb1ca259fff81369c, isElementDisplayed {id=35}]
Apr 25, 2019 6:10:12 PM org.openqa.selenium.remote.RemoteWebDriver log
WARNING: Executed: [5b35e48c4e69c32c9eff3bacb1ca259fff81369c, isElementDisplayed {id=35}]
Apr 25, 2019 6:10:12 PM org.openqa.selenium.remote.RemoteWebDriver log
WARNING: Executing: isElementDisplayed [5b35e48c4e69c32c9eff3bacb1ca259fff81369c, isElementDisplayed {id=36}]
Apr 25, 2019 6:10:12 PM org.openqa.selenium.remote.RemoteWebDriver log
WARNING: Executed: [5b35e48c4e69c32c9eff3bacb1ca259fff81369c, isElementDisplayed {id=36}]
Apr 25, 2019 6:10:12 PM org.openqa.selenium.remote.RemoteWebDriver log
WARNING: Executing: isElementDisplayed [5b35e48c4e69c32c9eff3bacb1ca259fff81369c, isElementDisplayed {id=37}]
Apr 25, 2019 6:10:12 PM org.openqa.selenium.remote.RemoteWebDriver log
WARNING: Executed: [5b35e48c4e69c32c9eff3bacb1ca259fff81369c, isElementDisplayed {id=37}]
Apr 25, 2019 6:10:12 PM org.openqa.selenium.remote.RemoteWebDriver log
WARNING: Executing: isElementDisplayed [5b35e48c4e69c32c9eff3bacb1ca259fff81369c, isElementDisplayed {id=38}]
Apr 25, 2019 6:10:13 PM org.openqa.selenium.remote.RemoteWebDriver log
WARNING: Executed: [5b35e48c4e69c32c9eff3bacb1ca259fff81369c, isElementDisplayed {id=38}]
Apr 25, 2019 6:10:13 PM org.openqa.selenium.remote.RemoteWebDriver log
WARNING: Executing: isElementDisplayed [5b35e48c4e69c32c9eff3bacb1ca259fff81369c, isElementDisplayed {id=39}]
Apr 25, 2019 6:10:13 PM org.openqa.selenium.remote.RemoteWebDriver log
WARNING: Executed: [5b35e48c4e69c32c9eff3bacb1ca259fff81369c, isElementDisplayed {id=39}]
Apr 25, 2019 6:10:13 PM org.openqa.selenium.remote.RemoteWebDriver log
WARNING: Executing: isElementDisplayed [5b35e48c4e69c32c9eff3bacb1ca259fff81369c, isElementDisplayed {id=40}]
Apr 25, 2019 6:10:13 PM org.openqa.selenium.remote.RemoteWebDriver log
WARNING: Executed: [5b35e48c4e69c32c9eff3bacb1ca259fff81369c, isElementDisplayed {id=40}]
Apr 25, 2019 6:10:13 PM org.openqa.selenium.remote.RemoteWebDriver log
WARNING: Executing: isElementDisplayed [5b35e48c4e69c32c9eff3bacb1ca259fff81369c, isElementDisplayed {id=41}]
Apr 25, 2019 6:10:13 PM org.openqa.selenium.remote.RemoteWebDriver log
WARNING: Executed: [5b35e48c4e69c32c9eff3bacb1ca259fff81369c, isElementDisplayed {id=41}]
Apr 25, 2019 6:10:13 PM org.openqa.selenium.remote.RemoteWebDriver log
WARNING: Executing: isElementDisplayed [5b35e48c4e69c32c9eff3bacb1ca259fff81369c, isElementDisplayed {id=42}]
Apr 25, 2019 6:10:13 PM org.openqa.selenium.remote.RemoteWebDriver log
WARNING: Executed: [5b35e48c4e69c32c9eff3bacb1ca259fff81369c, isElementDisplayed {id=42}]
Apr 25, 2019 6:10:13 PM org.openqa.selenium.remote.RemoteWebDriver log
WARNING: Executing: isElementDisplayed [5b35e48c4e69c32c9eff3bacb1ca259fff81369c, isElementDisplayed {id=43}]
Apr 25, 2019 6:10:14 PM org.openqa.selenium.remote.RemoteWebDriver log
WARNING: Executed: [5b35e48c4e69c32c9eff3bacb1ca259fff81369c, isElementDisplayed {id=43}]
Apr 25, 2019 6:10:14 PM org.openqa.selenium.remote.RemoteWebDriver log
WARNING: Executing: isElementDisplayed [5b35e48c4e69c32c9eff3bacb1ca259fff81369c, isElementDisplayed {id=44}]
Apr 25, 2019 6:10:14 PM org.openqa.selenium.remote.RemoteWebDriver log
WARNING: Executed: [5b35e48c4e69c32c9eff3bacb1ca259fff81369c, isElementDisplayed {id=44}]
Apr 25, 2019 6:10:14 PM org.openqa.selenium.remote.RemoteWebDriver log
WARNING: Executing: isElementDisplayed [5b35e48c4e69c32c9eff3bacb1ca259fff81369c, isElementDisplayed {id=45}]
Apr 25, 2019 6:10:14 PM org.openqa.selenium.remote.RemoteWebDriver log
WARNING: Executed: [5b35e48c4e69c32c9eff3bacb1ca259fff81369c, isElementDisplayed {id=45}]
Apr 25, 2019 6:10:14 PM org.openqa.selenium.remote.RemoteWebDriver log
WARNING: Executing: isElementDisplayed [5b35e48c4e69c32c9eff3bacb1ca259fff81369c, isElementDisplayed {id=46}]
Apr 25, 2019 6:10:14 PM org.openqa.selenium.remote.RemoteWebDriver log
WARNING: Executed: [5b35e48c4e69c32c9eff3bacb1ca259fff81369c, isElementDisplayed {id=46}]
Apr 25, 2019 6:10:14 PM org.openqa.selenium.remote.RemoteWebDriver log
WARNING: Executing: isElementDisplayed [5b35e48c4e69c32c9eff3bacb1ca259fff81369c, isElementDisplayed {id=47}]
Apr 25, 2019 6:10:15 PM org.openqa.selenium.remote.RemoteWebDriver log
WARNING: Executed: [5b35e48c4e69c32c9eff3bacb1ca259fff81369c, isElementDisplayed {id=47}]
Apr 25, 2019 6:10:15 PM org.openqa.selenium.remote.RemoteWebDriver log
WARNING: Executing: isElementDisplayed [5b35e48c4e69c32c9eff3bacb1ca259fff81369c, isElementDisplayed {id=48}]
Apr 25, 2019 6:10:15 PM org.openqa.selenium.remote.RemoteWebDriver log
WARNING: Executed: [5b35e48c4e69c32c9eff3bacb1ca259fff81369c, isElementDisplayed {id=48}]
Apr 25, 2019 6:10:15 PM org.openqa.selenium.remote.RemoteWebDriver log
WARNING: Executing: isElementDisplayed [5b35e48c4e69c32c9eff3bacb1ca259fff81369c, isElementDisplayed {id=17}]
Apr 25, 2019 6:10:15 PM org.openqa.selenium.remote.RemoteWebDriver log
WARNING: Executed: [5b35e48c4e69c32c9eff3bacb1ca259fff81369c, isElementDisplayed {id=17}]
Apr 25, 2019 6:10:15 PM org.openqa.selenium.remote.RemoteWebDriver log
WARNING: Executing: isElementDisplayed [5b35e48c4e69c32c9eff3bacb1ca259fff81369c, isElementDisplayed {id=18}]
Apr 25, 2019 6:10:15 PM org.openqa.selenium.remote.RemoteWebDriver log
WARNING: Executed: [5b35e48c4e69c32c9eff3bacb1ca259fff81369c, isElementDisplayed {id=18}]
Apr 25, 2019 6:10:15 PM org.openqa.selenium.remote.RemoteWebDriver log
WARNING: Executing: findElements [5b35e48c4e69c32c9eff3bacb1ca259fff81369c, findElements {using=css selector, value=ul li div div > span}]
Apr 25, 2019 6:10:16 PM org.openqa.selenium.remote.RemoteWebDriver log
WARNING: Executed: [5b35e48c4e69c32c9eff3bacb1ca259fff81369c, findElements {using=css selector, value=ul li div div > span}]
Apr 25, 2019 6:10:16 PM org.openqa.selenium.remote.RemoteWebDriver log
WARNING: Executing: isElementDisplayed [5b35e48c4e69c32c9eff3bacb1ca259fff81369c, isElementDisplayed {id=19}]
Apr 25, 2019 6:10:16 PM org.openqa.selenium.remote.RemoteWebDriver log
WARNING: Executed: [5b35e48c4e69c32c9eff3bacb1ca259fff81369c, isElementDisplayed {id=19}]
Apr 25, 2019 6:10:16 PM org.openqa.selenium.remote.RemoteWebDriver log
WARNING: Executing: isElementDisplayed [5b35e48c4e69c32c9eff3bacb1ca259fff81369c, isElementDisplayed {id=20}]
Apr 25, 2019 6:10:16 PM org.openqa.selenium.remote.RemoteWebDriver log
WARNING: Executed: [5b35e48c4e69c32c9eff3bacb1ca259fff81369c, isElementDisplayed {id=20}]
Apr 25, 2019 6:10:16 PM org.openqa.selenium.remote.RemoteWebDriver log
WARNING: Executing: isElementDisplayed [5b35e48c4e69c32c9eff3bacb1ca259fff81369c, isElementDisplayed {id=21}]
Apr 25, 2019 6:10:16 PM org.openqa.selenium.remote.RemoteWebDriver log
WARNING: Executed: [5b35e48c4e69c32c9eff3bacb1ca259fff81369c, isElementDisplayed {id=21}]
Apr 25, 2019 6:10:16 PM org.openqa.selenium.remote.RemoteWebDriver log
WARNING: Executing: isElementDisplayed [5b35e48c4e69c32c9eff3bacb1ca259fff81369c, isElementDisplayed {id=22}]
Apr 25, 2019 6:10:16 PM org.openqa.selenium.remote.RemoteWebDriver log
WARNING: Executed: [5b35e48c4e69c32c9eff3bacb1ca259fff81369c, isElementDisplayed {id=22}]
Apr 25, 2019 6:10:16 PM org.openqa.selenium.remote.RemoteWebDriver log
WARNING: Executing: isElementDisplayed [5b35e48c4e69c32c9eff3bacb1ca259fff81369c, isElementDisplayed {id=23}]
Apr 25, 2019 6:10:17 PM org.openqa.selenium.remote.RemoteWebDriver log
WARNING: Executed: [5b35e48c4e69c32c9eff3bacb1ca259fff81369c, isElementDisplayed {id=23}]
Apr 25, 2019 6:10:17 PM org.openqa.selenium.remote.RemoteWebDriver log
WARNING: Executing: isElementDisplayed [5b35e48c4e69c32c9eff3bacb1ca259fff81369c, isElementDisplayed {id=24}]
Apr 25, 2019 6:10:17 PM org.openqa.selenium.remote.RemoteWebDriver log
WARNING: Executed: [5b35e48c4e69c32c9eff3bacb1ca259fff81369c, isElementDisplayed {id=24}]
Apr 25, 2019 6:10:17 PM org.openqa.selenium.remote.RemoteWebDriver log
WARNING: Executing: isElementDisplayed [5b35e48c4e69c32c9eff3bacb1ca259fff81369c, isElementDisplayed {id=25}]
Apr 25, 2019 6:10:17 PM org.openqa.selenium.remote.RemoteWebDriver log
WARNING: Executed: [5b35e48c4e69c32c9eff3bacb1ca259fff81369c, isElementDisplayed {id=25}]
Apr 25, 2019 6:10:17 PM org.openqa.selenium.remote.RemoteWebDriver log
WARNING: Executing: isElementDisplayed [5b35e48c4e69c32c9eff3bacb1ca259fff81369c, isElementDisplayed {id=26}]
Apr 25, 2019 6:10:17 PM org.openqa.selenium.remote.RemoteWebDriver log
WARNING: Executed: [5b35e48c4e69c32c9eff3bacb1ca259fff81369c, isElementDisplayed {id=26}]
Apr 25, 2019 6:10:17 PM org.openqa.selenium.remote.RemoteWebDriver log
WARNING: Executing: isElementDisplayed [5b35e48c4e69c32c9eff3bacb1ca259fff81369c, isElementDisplayed {id=27}]
Apr 25, 2019 6:10:17 PM org.openqa.selenium.remote.RemoteWebDriver log
WARNING: Executed: [5b35e48c4e69c32c9eff3bacb1ca259fff81369c, isElementDisplayed {id=27}]
Apr 25, 2019 6:10:17 PM org.openqa.selenium.remote.RemoteWebDriver log
WARNING: Executing: isElementDisplayed [5b35e48c4e69c32c9eff3bacb1ca259fff81369c, isElementDisplayed {id=28}]
Apr 25, 2019 6:10:18 PM org.openqa.selenium.remote.RemoteWebDriver log
WARNING: Executed: [5b35e48c4e69c32c9eff3bacb1ca259fff81369c, isElementDisplayed {id=28}]
Apr 25, 2019 6:10:18 PM org.openqa.selenium.remote.RemoteWebDriver log
WARNING: Executing: isElementDisplayed [5b35e48c4e69c32c9eff3bacb1ca259fff81369c, isElementDisplayed {id=29}]
Apr 25, 2019 6:10:18 PM org.openqa.selenium.remote.RemoteWebDriver log
WARNING: Executed: [5b35e48c4e69c32c9eff3bacb1ca259fff81369c, isElementDisplayed {id=29}]
Apr 25, 2019 6:10:18 PM org.openqa.selenium.remote.RemoteWebDriver log
WARNING: Executing: isElementDisplayed [5b35e48c4e69c32c9eff3bacb1ca259fff81369c, isElementDisplayed {id=30}]
Apr 25, 2019 6:10:18 PM org.openqa.selenium.remote.RemoteWebDriver log
WARNING: Executed: [5b35e48c4e69c32c9eff3bacb1ca259fff81369c, isElementDisplayed {id=30}]
Apr 25, 2019 6:10:18 PM org.openqa.selenium.remote.RemoteWebDriver log
WARNING: Executing: isElementDisplayed [5b35e48c4e69c32c9eff3bacb1ca259fff81369c, isElementDisplayed {id=31}]
Apr 25, 2019 6:10:19 PM org.openqa.selenium.remote.RemoteWebDriver log
WARNING: Executed: [5b35e48c4e69c32c9eff3bacb1ca259fff81369c, isElementDisplayed {id=31}]
Apr 25, 2019 6:10:19 PM org.openqa.selenium.remote.RemoteWebDriver log
WARNING: Executing: isElementDisplayed [5b35e48c4e69c32c9eff3bacb1ca259fff81369c, isElementDisplayed {id=32}]
Apr 25, 2019 6:10:19 PM org.openqa.selenium.remote.RemoteWebDriver log
WARNING: Executed: [5b35e48c4e69c32c9eff3bacb1ca259fff81369c, isElementDisplayed {id=32}]
Apr 25, 2019 6:10:19 PM org.openqa.selenium.remote.RemoteWebDriver log
WARNING: Executing: isElementDisplayed [5b35e48c4e69c32c9eff3bacb1ca259fff81369c, isElementDisplayed {id=33}]
Apr 25, 2019 6:10:19 PM org.openqa.selenium.remote.RemoteWebDriver log
WARNING: Executed: [5b35e48c4e69c32c9eff3bacb1ca259fff81369c, isElementDisplayed {id=33}]
Apr 25, 2019 6:10:19 PM org.openqa.selenium.remote.RemoteWebDriver log
WARNING: Executing: isElementDisplayed [5b35e48c4e69c32c9eff3bacb1ca259fff81369c, isElementDisplayed {id=34}]
Apr 25, 2019 6:10:19 PM org.openqa.selenium.remote.RemoteWebDriver log
WARNING: Executed: [5b35e48c4e69c32c9eff3bacb1ca259fff81369c, isElementDisplayed {id=34}]
Apr 25, 2019 6:10:19 PM org.openqa.selenium.remote.RemoteWebDriver log
WARNING: Executing: isElementDisplayed [5b35e48c4e69c32c9eff3bacb1ca259fff81369c, isElementDisplayed {id=35}]
Apr 25, 2019 6:10:20 PM org.openqa.selenium.remote.RemoteWebDriver log
WARNING: Executed: [5b35e48c4e69c32c9eff3bacb1ca259fff81369c, isElementDisplayed {id=35}]
Apr 25, 2019 6:10:20 PM org.openqa.selenium.remote.RemoteWebDriver log
WARNING: Executing: isElementDisplayed [5b35e48c4e69c32c9eff3bacb1ca259fff81369c, isElementDisplayed {id=36}]
Apr 25, 2019 6:10:20 PM org.openqa.selenium.remote.RemoteWebDriver log
WARNING: Executed: [5b35e48c4e69c32c9eff3bacb1ca259fff81369c, isElementDisplayed {id=36}]
Apr 25, 2019 6:10:20 PM org.openqa.selenium.remote.RemoteWebDriver log
WARNING: Executing: isElementDisplayed [5b35e48c4e69c32c9eff3bacb1ca259fff81369c, isElementDisplayed {id=37}]
Apr 25, 2019 6:10:20 PM org.openqa.selenium.remote.RemoteWebDriver log
WARNING: Executed: [5b35e48c4e69c32c9eff3bacb1ca259fff81369c, isElementDisplayed {id=37}]
Apr 25, 2019 6:10:20 PM org.openqa.selenium.remote.RemoteWebDriver log
WARNING: Executing: isElementDisplayed [5b35e48c4e69c32c9eff3bacb1ca259fff81369c, isElementDisplayed {id=38}]
Apr 25, 2019 6:10:20 PM org.openqa.selenium.remote.RemoteWebDriver log
WARNING: Executed: [5b35e48c4e69c32c9eff3bacb1ca259fff81369c, isElementDisplayed {id=38}]
Apr 25, 2019 6:10:20 PM org.openqa.selenium.remote.RemoteWebDriver log
WARNING: Executing: isElementDisplayed [5b35e48c4e69c32c9eff3bacb1ca259fff81369c, isElementDisplayed {id=39}]
Apr 25, 2019 6:10:20 PM org.openqa.selenium.remote.RemoteWebDriver log
WARNING: Executed: [5b35e48c4e69c32c9eff3bacb1ca259fff81369c, isElementDisplayed {id=39}]
Apr 25, 2019 6:10:20 PM org.openqa.selenium.remote.RemoteWebDriver log
WARNING: Executing: isElementDisplayed [5b35e48c4e69c32c9eff3bacb1ca259fff81369c, isElementDisplayed {id=40}]
Apr 25, 2019 6:10:21 PM org.openqa.selenium.remote.RemoteWebDriver log
WARNING: Executed: [5b35e48c4e69c32c9eff3bacb1ca259fff81369c, isElementDisplayed {id=40}]
Apr 25, 2019 6:10:21 PM org.openqa.selenium.remote.RemoteWebDriver log
WARNING: Executing: isElementDisplayed [5b35e48c4e69c32c9eff3bacb1ca259fff81369c, isElementDisplayed {id=41}]
Apr 25, 2019 6:10:21 PM org.openqa.selenium.remote.RemoteWebDriver log
WARNING: Executed: [5b35e48c4e69c32c9eff3bacb1ca259fff81369c, isElementDisplayed {id=41}]
Apr 25, 2019 6:10:21 PM org.openqa.selenium.remote.RemoteWebDriver log
WARNING: Executing: isElementDisplayed [5b35e48c4e69c32c9eff3bacb1ca259fff81369c, isElementDisplayed {id=42}]
Apr 25, 2019 6:10:21 PM org.openqa.selenium.remote.RemoteWebDriver log
WARNING: Executed: [5b35e48c4e69c32c9eff3bacb1ca259fff81369c, isElementDisplayed {id=42}]
Apr 25, 2019 6:10:21 PM org.openqa.selenium.remote.RemoteWebDriver log
WARNING: Executing: isElementDisplayed [5b35e48c4e69c32c9eff3bacb1ca259fff81369c, isElementDisplayed {id=43}]
Apr 25, 2019 6:10:21 PM org.openqa.selenium.remote.RemoteWebDriver log
WARNING: Executed: [5b35e48c4e69c32c9eff3bacb1ca259fff81369c, isElementDisplayed {id=43}]
Apr 25, 2019 6:10:21 PM org.openqa.selenium.remote.RemoteWebDriver log
WARNING: Executing: isElementDisplayed [5b35e48c4e69c32c9eff3bacb1ca259fff81369c, isElementDisplayed {id=44}]
Apr 25, 2019 6:10:22 PM org.openqa.selenium.remote.RemoteWebDriver log
WARNING: Executed: [5b35e48c4e69c32c9eff3bacb1ca259fff81369c, isElementDisplayed {id=44}]
Apr 25, 2019 6:10:22 PM org.openqa.selenium.remote.RemoteWebDriver log
WARNING: Executing: isElementDisplayed [5b35e48c4e69c32c9eff3bacb1ca259fff81369c, isElementDisplayed {id=45}]
Apr 25, 2019 6:10:22 PM org.openqa.selenium.remote.RemoteWebDriver log
WARNING: Executed: [5b35e48c4e69c32c9eff3bacb1ca259fff81369c, isElementDisplayed {id=45}]
Apr 25, 2019 6:10:22 PM org.openqa.selenium.remote.RemoteWebDriver log
WARNING: Executing: isElementDisplayed [5b35e48c4e69c32c9eff3bacb1ca259fff81369c, isElementDisplayed {id=46}]
Apr 25, 2019 6:10:22 PM org.openqa.selenium.remote.RemoteWebDriver log
WARNING: Executed: [5b35e48c4e69c32c9eff3bacb1ca259fff81369c, isElementDisplayed {id=46}]
Apr 25, 2019 6:10:22 PM org.openqa.selenium.remote.RemoteWebDriver log
WARNING: Executing: isElementDisplayed [5b35e48c4e69c32c9eff3bacb1ca259fff81369c, isElementDisplayed {id=47}]
Apr 25, 2019 6:10:22 PM org.openqa.selenium.remote.RemoteWebDriver log
WARNING: Executed: [5b35e48c4e69c32c9eff3bacb1ca259fff81369c, isElementDisplayed {id=47}]
Apr 25, 2019 6:10:22 PM org.openqa.selenium.remote.RemoteWebDriver log
WARNING: Executing: isElementDisplayed [5b35e48c4e69c32c9eff3bacb1ca259fff81369c, isElementDisplayed {id=48}]
Apr 25, 2019 6:10:22 PM org.openqa.selenium.remote.RemoteWebDriver log
WARNING: Executed: [5b35e48c4e69c32c9eff3bacb1ca259fff81369c, isElementDisplayed {id=48}]
Apr 25, 2019 6:10:22 PM org.openqa.selenium.remote.RemoteWebDriver log
WARNING: Executing: isElementDisplayed [5b35e48c4e69c32c9eff3bacb1ca259fff81369c, isElementDisplayed {id=17}]
Apr 25, 2019 6:10:23 PM org.openqa.selenium.remote.RemoteWebDriver log
WARNING: Executed: [5b35e48c4e69c32c9eff3bacb1ca259fff81369c, isElementDisplayed {id=17}]
Apr 25, 2019 6:10:23 PM org.openqa.selenium.remote.RemoteWebDriver log
WARNING: Executing: isElementDisplayed [5b35e48c4e69c32c9eff3bacb1ca259fff81369c, isElementDisplayed {id=18}]
Apr 25, 2019 6:10:23 PM org.openqa.selenium.remote.RemoteWebDriver log
WARNING: Executed: [5b35e48c4e69c32c9eff3bacb1ca259fff81369c, isElementDisplayed {id=18}]
Apr 25, 2019 6:10:23 PM org.openqa.selenium.remote.RemoteWebDriver log
WARNING: Executing: executeScript [5b35e48c4e69c32c9eff3bacb1ca259fff81369c, executeScript {script=return window.innerHeight || document.documentElement.clientHeight || document.body.clientHeight;, args=[]}]
Apr 25, 2019 6:10:23 PM org.openqa.selenium.remote.RemoteWebDriver log
WARNING: Executed: [5b35e48c4e69c32c9eff3bacb1ca259fff81369c, executeScript {script=return window.innerHeight || document.documentElement.clientHeight || document.body.clientHeight;, args=[]}]
Apr 25, 2019 6:10:23 PM org.openqa.selenium.remote.RemoteWebDriver log
WARNING: Executing: getElementLocation [5b35e48c4e69c32c9eff3bacb1ca259fff81369c, getElementLocation {id=18}]
Apr 25, 2019 6:10:23 PM org.openqa.selenium.remote.RemoteWebDriver log
WARNING: Executed: [5b35e48c4e69c32c9eff3bacb1ca259fff81369c, getElementLocation {id=18}]
Apr 25, 2019 6:10:23 PM org.openqa.selenium.remote.RemoteWebDriver log
WARNING: Executing: executeScript [5b35e48c4e69c32c9eff3bacb1ca259fff81369c, executeScript {script=window.scrollTo(0, 1461), args=[]}]
Apr 25, 2019 6:10:24 PM org.openqa.selenium.remote.RemoteWebDriver log
WARNING: Executed: [5b35e48c4e69c32c9eff3bacb1ca259fff81369c, executeScript {script=window.scrollTo(0, 1461), args=[]}]
Apr 25, 2019 6:10:24 PM org.openqa.selenium.remote.RemoteWebDriver log
WARNING: Executing: findElement [5b35e48c4e69c32c9eff3bacb1ca259fff81369c, findElement {using=tag name, value=body}]
Apr 25, 2019 6:10:24 PM org.openqa.selenium.remote.RemoteWebDriver log
WARNING: Executed: [5b35e48c4e69c32c9eff3bacb1ca259fff81369c, findElement {using=tag name, value=body}]
Apr 25, 2019 6:10:24 PM org.openqa.selenium.remote.RemoteWebDriver log
WARNING: Executing: getElementText [5b35e48c4e69c32c9eff3bacb1ca259fff81369c, getElementText {id=15}]
Apr 25, 2019 6:10:25 PM org.openqa.selenium.remote.RemoteWebDriver log
WARNING: Executed: [5b35e48c4e69c32c9eff3bacb1ca259fff81369c, getElementText {id=15}]
Apr 25, 2019 6:10:26 PM org.openqa.selenium.remote.RemoteWebDriver log
WARNING: Executing: findElement [5b35e48c4e69c32c9eff3bacb1ca259fff81369c, findElement {using=tag name, value=body}]
Apr 25, 2019 6:10:26 PM org.openqa.selenium.remote.RemoteWebDriver log
WARNING: Executed: [5b35e48c4e69c32c9eff3bacb1ca259fff81369c, findElement {using=tag name, value=body}]
Apr 25, 2019 6:10:26 PM org.openqa.selenium.remote.RemoteWebDriver log
WARNING: Executing: getElementText [5b35e48c4e69c32c9eff3bacb1ca259fff81369c, getElementText {id=15}]
Apr 25, 2019 6:10:27 PM org.openqa.selenium.remote.RemoteWebDriver log
WARNING: Executed: [5b35e48c4e69c32c9eff3bacb1ca259fff81369c, getElementText {id=15}]
Apr 25, 2019 6:10:27 PM org.openqa.selenium.remote.RemoteWebDriver log
WARNING: Executing: getElementText [5b35e48c4e69c32c9eff3bacb1ca259fff81369c, getElementText {id=18}]
Apr 25, 2019 6:10:27 PM org.openqa.selenium.remote.RemoteWebDriver log
WARNING: Executed: [5b35e48c4e69c32c9eff3bacb1ca259fff81369c, getElementText {id=18}]
]]></system-err>
  </testcase>
  <testcase name="testEditConnector" classname="com.clarolab.AdminConsoleTest" time="40.023"/>
  <testcase name="testEditContainer" classname="com.clarolab.AdminConsoleTest" time="38.131"/>
  <testcase name="testEditMilestone" classname="com.clarolab.AdminConsoleTest" time="32.802"/>
  <testcase name="testEditProduct" classname="com.clarolab.AdminConsoleTest" time="26.044"/>
  <testcase name="testEditProperties" classname="com.clarolab.AdminConsoleTest" time="42.047"/>
  <testcase name="testSaveConnector" classname="com.clarolab.AdminConsoleTest" time="48.034"/>
  <testcase name="testSaveContainer" classname="com.clarolab.AdminConsoleTest" time="47.811"/>
  <testcase name="testSaveMilestone" classname="com.clarolab.AdminConsoleTest" time="47.101"/>
  <testcase name="testSaveProduct" classname="com.clarolab.AdminConsoleTest" time="31.188"/>
  <testcase name="testSaveProperties" classname="com.clarolab.AdminConsoleTest" time="41.202"/>
  <testcase name="testSaveUsers" classname="com.clarolab.AdminConsoleTest" time="33.78"/>
  <testcase name="testFilterByAutomatedTriages" classname="com.clarolab.KanbanTest" time="21.419">
    <failure message="expected not same" type="java.lang.AssertionError">java.lang.AssertionError: expected not same
	at com.clarolab.KanbanTest.testFilterByAutomatedTriages(KanbanTest.java:26)
</failure>
    <system-err><![CDATA[Apr 25, 2019 6:22:27 PM org.openqa.selenium.remote.RemoteWebDriver log
WARNING: Executing: deleteAllCookies [cc06d365dfe3cfe51cd62cefb7fb53881bba1bb0, deleteAllCookies {}]
Apr 25, 2019 6:22:27 PM org.openqa.selenium.remote.RemoteWebDriver log
WARNING: Executed: [cc06d365dfe3cfe51cd62cefb7fb53881bba1bb0, deleteAllCookies {}]
Apr 25, 2019 6:22:27 PM org.openqa.selenium.remote.RemoteWebDriver log
WARNING: Executing: quit [cc06d365dfe3cfe51cd62cefb7fb53881bba1bb0, quit {}]
Apr 25, 2019 6:22:29 PM org.openqa.selenium.remote.RemoteWebDriver log
WARNING: Executed: [cc06d365dfe3cfe51cd62cefb7fb53881bba1bb0, quit {}]
Apr 25, 2019 6:22:33 PM org.openqa.selenium.remote.RemoteWebDriver log
WARNING: Executing: setTimeout [f584ddf1339e9d5c09e8dcab9de82c34f08edc61, setTimeout {type=page load, ms=80000}]
Apr 25, 2019 6:22:34 PM org.openqa.selenium.remote.RemoteWebDriver log
WARNING: Executed: [f584ddf1339e9d5c09e8dcab9de82c34f08edc61, setTimeout {type=page load, ms=80000}]
Apr 25, 2019 6:22:34 PM org.openqa.selenium.remote.RemoteWebDriver log
WARNING: Executing: implicitlyWait [f584ddf1339e9d5c09e8dcab9de82c34f08edc61, implicitlyWait {ms=2000}]
Apr 25, 2019 6:22:34 PM org.openqa.selenium.remote.RemoteWebDriver log
WARNING: Executed: [f584ddf1339e9d5c09e8dcab9de82c34f08edc61, implicitlyWait {ms=2000}]
Apr 25, 2019 6:22:34 PM org.openqa.selenium.remote.RemoteWebDriver log
WARNING: Executing: get [f584ddf1339e9d5c09e8dcab9de82c34f08edc61, get {url=http://tdev.clarolab.com/}]
Apr 25, 2019 6:22:37 PM org.openqa.selenium.remote.RemoteWebDriver log
WARNING: Executed: [f584ddf1339e9d5c09e8dcab9de82c34f08edc61, get {url=http://tdev.clarolab.com/}]
Apr 25, 2019 6:22:37 PM org.openqa.selenium.remote.RemoteWebDriver log
WARNING: Executing: getCurrentUrl [f584ddf1339e9d5c09e8dcab9de82c34f08edc61, getCurrentUrl {}]
Apr 25, 2019 6:22:38 PM org.openqa.selenium.remote.RemoteWebDriver log
WARNING: Executed: [f584ddf1339e9d5c09e8dcab9de82c34f08edc61, getCurrentUrl {}]
Apr 25, 2019 6:22:38 PM org.openqa.selenium.remote.RemoteWebDriver log
WARNING: Executing: getCurrentUrl [f584ddf1339e9d5c09e8dcab9de82c34f08edc61, getCurrentUrl {}]
Apr 25, 2019 6:22:38 PM org.openqa.selenium.remote.RemoteWebDriver log
WARNING: Executed: [f584ddf1339e9d5c09e8dcab9de82c34f08edc61, getCurrentUrl {}]
Apr 25, 2019 6:22:38 PM org.openqa.selenium.remote.RemoteWebDriver log
WARNING: Executing: findElement [f584ddf1339e9d5c09e8dcab9de82c34f08edc61, findElement {using=id, value=loginForm}]
Apr 25, 2019 6:22:38 PM org.openqa.selenium.remote.RemoteWebDriver log
WARNING: Executed: [f584ddf1339e9d5c09e8dcab9de82c34f08edc61, findElement {using=id, value=loginForm}]
Apr 25, 2019 6:22:38 PM org.openqa.selenium.remote.RemoteWebDriver log
WARNING: Executing: findElement [f584ddf1339e9d5c09e8dcab9de82c34f08edc61, findElement {using=tag name, value=body}]
Apr 25, 2019 6:22:38 PM org.openqa.selenium.remote.RemoteWebDriver log
WARNING: Executed: [f584ddf1339e9d5c09e8dcab9de82c34f08edc61, findElement {using=tag name, value=body}]
Apr 25, 2019 6:22:38 PM org.openqa.selenium.remote.RemoteWebDriver log
WARNING: Executing: getElementText [f584ddf1339e9d5c09e8dcab9de82c34f08edc61, getElementText {id=1}]
Apr 25, 2019 6:22:39 PM org.openqa.selenium.remote.RemoteWebDriver log
WARNING: Executed: [f584ddf1339e9d5c09e8dcab9de82c34f08edc61, getElementText {id=1}]
Apr 25, 2019 6:22:39 PM org.openqa.selenium.remote.RemoteWebDriver log
WARNING: Executing: findElement [f584ddf1339e9d5c09e8dcab9de82c34f08edc61, findElement {using=tag name, value=body}]
Apr 25, 2019 6:22:39 PM org.openqa.selenium.remote.RemoteWebDriver log
WARNING: Executed: [f584ddf1339e9d5c09e8dcab9de82c34f08edc61, findElement {using=tag name, value=body}]
Apr 25, 2019 6:22:39 PM org.openqa.selenium.remote.RemoteWebDriver log
WARNING: Executing: getElementText [f584ddf1339e9d5c09e8dcab9de82c34f08edc61, getElementText {id=1}]
Apr 25, 2019 6:22:40 PM org.openqa.selenium.remote.RemoteWebDriver log
WARNING: Executed: [f584ddf1339e9d5c09e8dcab9de82c34f08edc61, getElementText {id=1}]
Apr 25, 2019 6:22:40 PM org.openqa.selenium.remote.RemoteWebDriver log
WARNING: Executing: findElement [f584ddf1339e9d5c09e8dcab9de82c34f08edc61, findElement {using=id, value=email}]
Apr 25, 2019 6:22:40 PM org.openqa.selenium.remote.RemoteWebDriver log
WARNING: Executed: [f584ddf1339e9d5c09e8dcab9de82c34f08edc61, findElement {using=id, value=email}]
Apr 25, 2019 6:22:40 PM org.openqa.selenium.remote.RemoteWebDriver log
WARNING: Executing: sendKeysToElement [f584ddf1339e9d5c09e8dcab9de82c34f08edc61, sendKeysToElement {id=2, value=[Ljava.lang.CharSequence;@3e74829}]
Apr 25, 2019 6:22:41 PM org.openqa.selenium.remote.RemoteWebDriver log
WARNING: Executed: [f584ddf1339e9d5c09e8dcab9de82c34f08edc61, sendKeysToElement {id=2, value=[Ljava.lang.CharSequence;@3e74829}]
Apr 25, 2019 6:22:41 PM org.openqa.selenium.remote.RemoteWebDriver log
WARNING: Executing: findElement [f584ddf1339e9d5c09e8dcab9de82c34f08edc61, findElement {using=id, value=password}]
Apr 25, 2019 6:22:41 PM org.openqa.selenium.remote.RemoteWebDriver log
WARNING: Executed: [f584ddf1339e9d5c09e8dcab9de82c34f08edc61, findElement {using=id, value=password}]
Apr 25, 2019 6:22:41 PM org.openqa.selenium.remote.RemoteWebDriver log
WARNING: Executing: sendKeysToElement [f584ddf1339e9d5c09e8dcab9de82c34f08edc61, sendKeysToElement {id=3, value=[Ljava.lang.CharSequence;@4f6f416f}]
Apr 25, 2019 6:22:41 PM org.openqa.selenium.remote.RemoteWebDriver log
WARNING: Executed: [f584ddf1339e9d5c09e8dcab9de82c34f08edc61, sendKeysToElement {id=3, value=[Ljava.lang.CharSequence;@4f6f416f}]
Apr 25, 2019 6:22:41 PM org.openqa.selenium.remote.RemoteWebDriver log
WARNING: Executing: findElement [f584ddf1339e9d5c09e8dcab9de82c34f08edc61, findElement {using=id, value=internalLoginSubmit}]
Apr 25, 2019 6:22:42 PM org.openqa.selenium.remote.RemoteWebDriver log
WARNING: Executed: [f584ddf1339e9d5c09e8dcab9de82c34f08edc61, findElement {using=id, value=internalLoginSubmit}]
Apr 25, 2019 6:22:42 PM org.openqa.selenium.remote.RemoteWebDriver log
WARNING: Executing: isElementDisplayed [f584ddf1339e9d5c09e8dcab9de82c34f08edc61, isElementDisplayed {id=4}]
Apr 25, 2019 6:22:42 PM org.openqa.selenium.remote.RemoteWebDriver log
WARNING: Executed: [f584ddf1339e9d5c09e8dcab9de82c34f08edc61, isElementDisplayed {id=4}]
Apr 25, 2019 6:22:42 PM org.openqa.selenium.remote.RemoteWebDriver log
WARNING: Executing: isElementEnabled [f584ddf1339e9d5c09e8dcab9de82c34f08edc61, isElementEnabled {id=4}]
Apr 25, 2019 6:22:42 PM org.openqa.selenium.remote.RemoteWebDriver log
WARNING: Executed: [f584ddf1339e9d5c09e8dcab9de82c34f08edc61, isElementEnabled {id=4}]
Apr 25, 2019 6:22:42 PM org.openqa.selenium.remote.RemoteWebDriver log
WARNING: Executing: clickElement [f584ddf1339e9d5c09e8dcab9de82c34f08edc61, clickElement {id=4}]
Apr 25, 2019 6:22:42 PM org.openqa.selenium.remote.RemoteWebDriver log
WARNING: Executed: [f584ddf1339e9d5c09e8dcab9de82c34f08edc61, clickElement {id=4}]
Apr 25, 2019 6:22:42 PM org.openqa.selenium.remote.RemoteWebDriver log
WARNING: Executing: getCurrentUrl [f584ddf1339e9d5c09e8dcab9de82c34f08edc61, getCurrentUrl {}]
Apr 25, 2019 6:22:43 PM org.openqa.selenium.remote.RemoteWebDriver log
WARNING: Executed: [f584ddf1339e9d5c09e8dcab9de82c34f08edc61, getCurrentUrl {}]
Apr 25, 2019 6:22:43 PM org.openqa.selenium.remote.RemoteWebDriver log
WARNING: Executing: findElement [f584ddf1339e9d5c09e8dcab9de82c34f08edc61, findElement {using=class name, value=homeRoot}]
Apr 25, 2019 6:22:45 PM org.openqa.selenium.remote.RemoteWebDriver log
WARNING: Executed: [f584ddf1339e9d5c09e8dcab9de82c34f08edc61, findElement {using=class name, value=homeRoot}]
Apr 25, 2019 6:22:45 PM org.openqa.selenium.remote.RemoteWebDriver log
WARNING: Executing: findElement [f584ddf1339e9d5c09e8dcab9de82c34f08edc61, findElement {using=tag name, value=body}]
Apr 25, 2019 6:22:45 PM org.openqa.selenium.remote.RemoteWebDriver log
WARNING: Executed: [f584ddf1339e9d5c09e8dcab9de82c34f08edc61, findElement {using=tag name, value=body}]
Apr 25, 2019 6:22:45 PM org.openqa.selenium.remote.RemoteWebDriver log
WARNING: Executing: getElementText [f584ddf1339e9d5c09e8dcab9de82c34f08edc61, getElementText {id=1}]
Apr 25, 2019 6:22:45 PM org.openqa.selenium.remote.RemoteWebDriver log
WARNING: Executed: [f584ddf1339e9d5c09e8dcab9de82c34f08edc61, getElementText {id=1}]
Apr 25, 2019 6:22:45 PM org.openqa.selenium.remote.RemoteWebDriver log
WARNING: Executing: findElement [f584ddf1339e9d5c09e8dcab9de82c34f08edc61, findElement {using=tag name, value=body}]
Apr 25, 2019 6:22:46 PM org.openqa.selenium.remote.RemoteWebDriver log
WARNING: Executed: [f584ddf1339e9d5c09e8dcab9de82c34f08edc61, findElement {using=tag name, value=body}]
Apr 25, 2019 6:22:46 PM org.openqa.selenium.remote.RemoteWebDriver log
WARNING: Executing: getElementText [f584ddf1339e9d5c09e8dcab9de82c34f08edc61, getElementText {id=1}]
Apr 25, 2019 6:22:46 PM org.openqa.selenium.remote.RemoteWebDriver log
WARNING: Executed: [f584ddf1339e9d5c09e8dcab9de82c34f08edc61, getElementText {id=1}]
Apr 25, 2019 6:22:47 PM org.openqa.selenium.remote.RemoteWebDriver log
WARNING: Executing: findElement [f584ddf1339e9d5c09e8dcab9de82c34f08edc61, findElement {using=tag name, value=body}]
Apr 25, 2019 6:22:47 PM org.openqa.selenium.remote.RemoteWebDriver log
WARNING: Executed: [f584ddf1339e9d5c09e8dcab9de82c34f08edc61, findElement {using=tag name, value=body}]
Apr 25, 2019 6:22:47 PM org.openqa.selenium.remote.RemoteWebDriver log
WARNING: Executing: getElementText [f584ddf1339e9d5c09e8dcab9de82c34f08edc61, getElementText {id=1}]
Apr 25, 2019 6:22:47 PM org.openqa.selenium.remote.RemoteWebDriver log
WARNING: Executed: [f584ddf1339e9d5c09e8dcab9de82c34f08edc61, getElementText {id=1}]
Apr 25, 2019 6:22:47 PM org.openqa.selenium.remote.RemoteWebDriver log
WARNING: Executing: getCurrentUrl [f584ddf1339e9d5c09e8dcab9de82c34f08edc61, getCurrentUrl {}]
Apr 25, 2019 6:22:47 PM org.openqa.selenium.remote.RemoteWebDriver log
WARNING: Executed: [f584ddf1339e9d5c09e8dcab9de82c34f08edc61, getCurrentUrl {}]
Apr 25, 2019 6:22:47 PM org.openqa.selenium.remote.RemoteWebDriver log
WARNING: Executing: getCurrentUrl [f584ddf1339e9d5c09e8dcab9de82c34f08edc61, getCurrentUrl {}]
Apr 25, 2019 6:22:48 PM org.openqa.selenium.remote.RemoteWebDriver log
WARNING: Executed: [f584ddf1339e9d5c09e8dcab9de82c34f08edc61, getCurrentUrl {}]
Apr 25, 2019 6:22:48 PM org.openqa.selenium.remote.RemoteWebDriver log
WARNING: Executing: findElement [f584ddf1339e9d5c09e8dcab9de82c34f08edc61, findElement {using=class name, value=homeRoot}]
Apr 25, 2019 6:22:48 PM org.openqa.selenium.remote.RemoteWebDriver log
WARNING: Executed: [f584ddf1339e9d5c09e8dcab9de82c34f08edc61, findElement {using=class name, value=homeRoot}]
Apr 25, 2019 6:22:48 PM org.openqa.selenium.remote.RemoteWebDriver log
WARNING: Executing: findElement [f584ddf1339e9d5c09e8dcab9de82c34f08edc61, findElement {using=tag name, value=body}]
Apr 25, 2019 6:22:48 PM org.openqa.selenium.remote.RemoteWebDriver log
WARNING: Executed: [f584ddf1339e9d5c09e8dcab9de82c34f08edc61, findElement {using=tag name, value=body}]
Apr 25, 2019 6:22:48 PM org.openqa.selenium.remote.RemoteWebDriver log
WARNING: Executing: getElementText [f584ddf1339e9d5c09e8dcab9de82c34f08edc61, getElementText {id=1}]
Apr 25, 2019 6:22:49 PM org.openqa.selenium.remote.RemoteWebDriver log
WARNING: Executed: [f584ddf1339e9d5c09e8dcab9de82c34f08edc61, getElementText {id=1}]
Apr 25, 2019 6:22:49 PM org.openqa.selenium.remote.RemoteWebDriver log
WARNING: Executing: findElement [f584ddf1339e9d5c09e8dcab9de82c34f08edc61, findElement {using=tag name, value=body}]
Apr 25, 2019 6:22:49 PM org.openqa.selenium.remote.RemoteWebDriver log
WARNING: Executed: [f584ddf1339e9d5c09e8dcab9de82c34f08edc61, findElement {using=tag name, value=body}]
Apr 25, 2019 6:22:49 PM org.openqa.selenium.remote.RemoteWebDriver log
WARNING: Executing: getElementText [f584ddf1339e9d5c09e8dcab9de82c34f08edc61, getElementText {id=1}]
Apr 25, 2019 6:22:50 PM org.openqa.selenium.remote.RemoteWebDriver log
WARNING: Executed: [f584ddf1339e9d5c09e8dcab9de82c34f08edc61, getElementText {id=1}]
Apr 25, 2019 6:22:50 PM org.openqa.selenium.remote.RemoteWebDriver log
WARNING: Executing: findElements [f584ddf1339e9d5c09e8dcab9de82c34f08edc61, findElements {using=css selector, value=tr.jobsTableRow}]
Apr 25, 2019 6:22:50 PM org.openqa.selenium.remote.RemoteWebDriver log
WARNING: Executed: [f584ddf1339e9d5c09e8dcab9de82c34f08edc61, findElements {using=css selector, value=tr.jobsTableRow}]
Apr 25, 2019 6:22:50 PM org.openqa.selenium.remote.RemoteWebDriver log
WARNING: Executing: isElementDisplayed [f584ddf1339e9d5c09e8dcab9de82c34f08edc61, isElementDisplayed {id=6}]
Apr 25, 2019 6:22:50 PM org.openqa.selenium.remote.RemoteWebDriver log
WARNING: Executed: [f584ddf1339e9d5c09e8dcab9de82c34f08edc61, isElementDisplayed {id=6}]
Apr 25, 2019 6:22:50 PM org.openqa.selenium.remote.RemoteWebDriver log
WARNING: Executing: isElementDisplayed [f584ddf1339e9d5c09e8dcab9de82c34f08edc61, isElementDisplayed {id=7}]
Apr 25, 2019 6:22:50 PM org.openqa.selenium.remote.RemoteWebDriver log
WARNING: Executed: [f584ddf1339e9d5c09e8dcab9de82c34f08edc61, isElementDisplayed {id=7}]
Apr 25, 2019 6:22:50 PM org.openqa.selenium.remote.RemoteWebDriver log
WARNING: Executing: isElementDisplayed [f584ddf1339e9d5c09e8dcab9de82c34f08edc61, isElementDisplayed {id=8}]
Apr 25, 2019 6:22:50 PM org.openqa.selenium.remote.RemoteWebDriver log
WARNING: Executed: [f584ddf1339e9d5c09e8dcab9de82c34f08edc61, isElementDisplayed {id=8}]
Apr 25, 2019 6:22:50 PM org.openqa.selenium.remote.RemoteWebDriver log
WARNING: Executing: isElementDisplayed [f584ddf1339e9d5c09e8dcab9de82c34f08edc61, isElementDisplayed {id=9}]
Apr 25, 2019 6:22:51 PM org.openqa.selenium.remote.RemoteWebDriver log
WARNING: Executed: [f584ddf1339e9d5c09e8dcab9de82c34f08edc61, isElementDisplayed {id=9}]
Apr 25, 2019 6:22:51 PM org.openqa.selenium.remote.RemoteWebDriver log
WARNING: Executing: isElementDisplayed [f584ddf1339e9d5c09e8dcab9de82c34f08edc61, isElementDisplayed {id=10}]
Apr 25, 2019 6:22:51 PM org.openqa.selenium.remote.RemoteWebDriver log
WARNING: Executed: [f584ddf1339e9d5c09e8dcab9de82c34f08edc61, isElementDisplayed {id=10}]
Apr 25, 2019 6:22:51 PM org.openqa.selenium.remote.RemoteWebDriver log
WARNING: Executing: findChildElement [f584ddf1339e9d5c09e8dcab9de82c34f08edc61, findChildElement {id=6, using=css selector, value=td.jobStatusTableCell div div:first-child}]
Apr 25, 2019 6:22:51 PM org.openqa.selenium.remote.RemoteWebDriver log
WARNING: Executed: [f584ddf1339e9d5c09e8dcab9de82c34f08edc61, findChildElement {id=6, using=css selector, value=td.jobStatusTableCell div div:first-child}]
Apr 25, 2019 6:22:51 PM org.openqa.selenium.remote.RemoteWebDriver log
WARNING: Executing: getElementText [f584ddf1339e9d5c09e8dcab9de82c34f08edc61, getElementText {id=11}]
Apr 25, 2019 6:22:51 PM org.openqa.selenium.remote.RemoteWebDriver log
WARNING: Executed: [f584ddf1339e9d5c09e8dcab9de82c34f08edc61, getElementText {id=11}]
Apr 25, 2019 6:22:51 PM org.openqa.selenium.remote.RemoteWebDriver log
WARNING: Executing: findChildElement [f584ddf1339e9d5c09e8dcab9de82c34f08edc61, findChildElement {id=6, using=css selector, value=td div}]
Apr 25, 2019 6:22:51 PM org.openqa.selenium.remote.RemoteWebDriver log
WARNING: Executed: [f584ddf1339e9d5c09e8dcab9de82c34f08edc61, findChildElement {id=6, using=css selector, value=td div}]
Apr 25, 2019 6:22:51 PM org.openqa.selenium.remote.RemoteWebDriver log
WARNING: Executing: isElementDisplayed [f584ddf1339e9d5c09e8dcab9de82c34f08edc61, isElementDisplayed {id=12}]
Apr 25, 2019 6:22:52 PM org.openqa.selenium.remote.RemoteWebDriver log
WARNING: Executed: [f584ddf1339e9d5c09e8dcab9de82c34f08edc61, isElementDisplayed {id=12}]
Apr 25, 2019 6:22:52 PM org.openqa.selenium.remote.RemoteWebDriver log
WARNING: Executing: getElementSize [f584ddf1339e9d5c09e8dcab9de82c34f08edc61, getElementSize {id=12}]
Apr 25, 2019 6:22:52 PM org.openqa.selenium.remote.RemoteWebDriver log
WARNING: Executed: [f584ddf1339e9d5c09e8dcab9de82c34f08edc61, getElementSize {id=12}]
Apr 25, 2019 6:22:52 PM org.openqa.selenium.remote.RemoteWebDriver log
WARNING: Executing: getElementSize [f584ddf1339e9d5c09e8dcab9de82c34f08edc61, getElementSize {id=12}]
Apr 25, 2019 6:22:52 PM org.openqa.selenium.remote.RemoteWebDriver log
WARNING: Executed: [f584ddf1339e9d5c09e8dcab9de82c34f08edc61, getElementSize {id=12}]
Apr 25, 2019 6:22:52 PM org.openqa.selenium.remote.RemoteWebDriver log
WARNING: Executing: getElementTagName [f584ddf1339e9d5c09e8dcab9de82c34f08edc61, getElementTagName {id=12}]
Apr 25, 2019 6:22:52 PM org.openqa.selenium.remote.RemoteWebDriver log
WARNING: Executed: [f584ddf1339e9d5c09e8dcab9de82c34f08edc61, getElementTagName {id=12}]
Apr 25, 2019 6:22:52 PM org.openqa.selenium.remote.RemoteWebDriver log
WARNING: Executing: clickElement [f584ddf1339e9d5c09e8dcab9de82c34f08edc61, clickElement {id=12}]
Apr 25, 2019 6:22:53 PM org.openqa.selenium.remote.RemoteWebDriver log
WARNING: Executed: [f584ddf1339e9d5c09e8dcab9de82c34f08edc61, clickElement {id=12}]
Apr 25, 2019 6:22:53 PM org.openqa.selenium.remote.RemoteWebDriver log
WARNING: Executing: getCurrentUrl [f584ddf1339e9d5c09e8dcab9de82c34f08edc61, getCurrentUrl {}]
Apr 25, 2019 6:22:53 PM org.openqa.selenium.remote.RemoteWebDriver log
WARNING: Executed: [f584ddf1339e9d5c09e8dcab9de82c34f08edc61, getCurrentUrl {}]
Apr 25, 2019 6:22:53 PM org.openqa.selenium.remote.RemoteWebDriver log
WARNING: Executing: findElement [f584ddf1339e9d5c09e8dcab9de82c34f08edc61, findElement {using=css selector, value=div.kanban}]
Apr 25, 2019 6:22:55 PM org.openqa.selenium.remote.RemoteWebDriver log
WARNING: Executed: [f584ddf1339e9d5c09e8dcab9de82c34f08edc61, findElement {using=css selector, value=div.kanban}]
Apr 25, 2019 6:22:55 PM org.openqa.selenium.remote.RemoteWebDriver log
WARNING: Executing: getCurrentUrl [f584ddf1339e9d5c09e8dcab9de82c34f08edc61, getCurrentUrl {}]
Apr 25, 2019 6:22:55 PM org.openqa.selenium.remote.RemoteWebDriver log
WARNING: Executed: [f584ddf1339e9d5c09e8dcab9de82c34f08edc61, getCurrentUrl {}]
Apr 25, 2019 6:22:55 PM org.openqa.selenium.remote.RemoteWebDriver log
WARNING: Executing: findElements [f584ddf1339e9d5c09e8dcab9de82c34f08edc61, findElements {using=class name, value=testName}]
Apr 25, 2019 6:22:55 PM org.openqa.selenium.remote.RemoteWebDriver log
WARNING: Executed: [f584ddf1339e9d5c09e8dcab9de82c34f08edc61, findElements {using=class name, value=testName}]
Apr 25, 2019 6:22:55 PM org.openqa.selenium.remote.RemoteWebDriver log
WARNING: Executing: findElement [f584ddf1339e9d5c09e8dcab9de82c34f08edc61, findElement {using=css selector, value=button[title='Filter and Sort']}]
Apr 25, 2019 6:22:55 PM org.openqa.selenium.remote.RemoteWebDriver log
WARNING: Executed: [f584ddf1339e9d5c09e8dcab9de82c34f08edc61, findElement {using=css selector, value=button[title='Filter and Sort']}]
Apr 25, 2019 6:22:55 PM org.openqa.selenium.remote.RemoteWebDriver log
WARNING: Executing: isElementDisplayed [f584ddf1339e9d5c09e8dcab9de82c34f08edc61, isElementDisplayed {id=66}]
Apr 25, 2019 6:22:55 PM org.openqa.selenium.remote.RemoteWebDriver log
WARNING: Executed: [f584ddf1339e9d5c09e8dcab9de82c34f08edc61, isElementDisplayed {id=66}]
Apr 25, 2019 6:22:55 PM org.openqa.selenium.remote.RemoteWebDriver log
WARNING: Executing: isElementEnabled [f584ddf1339e9d5c09e8dcab9de82c34f08edc61, isElementEnabled {id=66}]
Apr 25, 2019 6:22:56 PM org.openqa.selenium.remote.RemoteWebDriver log
WARNING: Executed: [f584ddf1339e9d5c09e8dcab9de82c34f08edc61, isElementEnabled {id=66}]
Apr 25, 2019 6:22:56 PM org.openqa.selenium.remote.RemoteWebDriver log
WARNING: Executing: clickElement [f584ddf1339e9d5c09e8dcab9de82c34f08edc61, clickElement {id=66}]
Apr 25, 2019 6:22:56 PM org.openqa.selenium.remote.RemoteWebDriver log
WARNING: Executed: [f584ddf1339e9d5c09e8dcab9de82c34f08edc61, clickElement {id=66}]
Apr 25, 2019 6:22:56 PM org.openqa.selenium.remote.RemoteWebDriver log
WARNING: Executing: findElement [f584ddf1339e9d5c09e8dcab9de82c34f08edc61, findElement {using=css selector, value=label.filterByAutomatedTriaged}]
Apr 25, 2019 6:22:56 PM org.openqa.selenium.remote.RemoteWebDriver log
WARNING: Executed: [f584ddf1339e9d5c09e8dcab9de82c34f08edc61, findElement {using=css selector, value=label.filterByAutomatedTriaged}]
Apr 25, 2019 6:22:56 PM org.openqa.selenium.remote.RemoteWebDriver log
WARNING: Executing: isElementDisplayed [f584ddf1339e9d5c09e8dcab9de82c34f08edc61, isElementDisplayed {id=67}]
Apr 25, 2019 6:22:56 PM org.openqa.selenium.remote.RemoteWebDriver log
WARNING: Executed: [f584ddf1339e9d5c09e8dcab9de82c34f08edc61, isElementDisplayed {id=67}]
Apr 25, 2019 6:22:56 PM org.openqa.selenium.remote.RemoteWebDriver log
WARNING: Executing: isElementEnabled [f584ddf1339e9d5c09e8dcab9de82c34f08edc61, isElementEnabled {id=67}]
Apr 25, 2019 6:22:57 PM org.openqa.selenium.remote.RemoteWebDriver log
WARNING: Executed: [f584ddf1339e9d5c09e8dcab9de82c34f08edc61, isElementEnabled {id=67}]
Apr 25, 2019 6:22:57 PM org.openqa.selenium.remote.RemoteWebDriver log
WARNING: Executing: clickElement [f584ddf1339e9d5c09e8dcab9de82c34f08edc61, clickElement {id=67}]
Apr 25, 2019 6:22:57 PM org.openqa.selenium.remote.RemoteWebDriver log
WARNING: Executed: [f584ddf1339e9d5c09e8dcab9de82c34f08edc61, clickElement {id=67}]
Apr 25, 2019 6:22:57 PM org.openqa.selenium.remote.RemoteWebDriver log
WARNING: Executing: findElement [f584ddf1339e9d5c09e8dcab9de82c34f08edc61, findElement {using=tag name, value=body}]
Apr 25, 2019 6:22:57 PM org.openqa.selenium.remote.RemoteWebDriver log
WARNING: Executed: [f584ddf1339e9d5c09e8dcab9de82c34f08edc61, findElement {using=tag name, value=body}]
Apr 25, 2019 6:22:57 PM org.openqa.selenium.remote.RemoteWebDriver log
WARNING: Executing: getElementText [f584ddf1339e9d5c09e8dcab9de82c34f08edc61, getElementText {id=1}]
Apr 25, 2019 6:23:02 PM org.openqa.selenium.remote.RemoteWebDriver log
WARNING: Executed: [f584ddf1339e9d5c09e8dcab9de82c34f08edc61, getElementText {id=1}]
Apr 25, 2019 6:23:03 PM org.openqa.selenium.remote.RemoteWebDriver log
WARNING: Executing: findElement [f584ddf1339e9d5c09e8dcab9de82c34f08edc61, findElement {using=tag name, value=body}]
Apr 25, 2019 6:23:03 PM org.openqa.selenium.remote.RemoteWebDriver log
WARNING: Executed: [f584ddf1339e9d5c09e8dcab9de82c34f08edc61, findElement {using=tag name, value=body}]
Apr 25, 2019 6:23:03 PM org.openqa.selenium.remote.RemoteWebDriver log
WARNING: Executing: getElementText [f584ddf1339e9d5c09e8dcab9de82c34f08edc61, getElementText {id=1}]
Apr 25, 2019 6:23:08 PM org.openqa.selenium.remote.RemoteWebDriver log
WARNING: Executed: [f584ddf1339e9d5c09e8dcab9de82c34f08edc61, getElementText {id=1}]
Apr 25, 2019 6:23:08 PM org.openqa.selenium.remote.RemoteWebDriver log
WARNING: Executing: findElements [f584ddf1339e9d5c09e8dcab9de82c34f08edc61, findElements {using=class name, value=testName}]
Apr 25, 2019 6:23:09 PM org.openqa.selenium.remote.RemoteWebDriver log
WARNING: Executed: [f584ddf1339e9d5c09e8dcab9de82c34f08edc61, findElements {using=class name, value=testName}]
]]></system-err>
  </testcase>
  <testcase name="testFilterByBugsOnly" classname="com.clarolab.KanbanTest" time="33.984"/>
  <testcase name="testSortByName" classname="com.clarolab.KanbanTest" time="40.773"/>
  <testcase name="changeContainer" classname="com.clarolab.DashboardTest" time="12.557">
    <failure message="Timed out after 5 seconds: Failure in findElementContainingTextWithWait: never found text 'TTriage Circle: QA Reports Application Circle' in element with locator 'By.cssSelector: div.containerOption' with timeout of 5 seconds
Build info: version: '2.45.0', revision: '5017cb8e7ca8e37638dc3091b2440b90a1d8686f', time: '2015-02-27 09:10:26'
System info: host: '6888e31d0e98', ip: '172.17.0.9', os.name: 'Linux', os.arch: 'amd64', os.version: '4.15.0-29-generic', java.version: '1.8.0_181'
Driver info: org.openqa.selenium.remote.RemoteWebDriver
Capabilities [{mobileEmulationEnabled=false, timeouts={implicit=0, pageLoad=300000, script=30000}, hasTouchScreen=false, platform=WINDOWS, acceptSslCerts=false, goog:chromeOptions={debuggerAddress=localhost:1088}, acceptInsecureCerts=false, webStorageEnabled=true, browserName=chrome, takesScreenshot=true, javascriptEnabled=true, setWindowRect=true, unexpectedAlertBehaviour=ignore, applicationCacheEnabled=false, rotatable=false, networkConnectionEnabled=false, chrome={chromedriverVersion=73.0.3683.68 (47787ec04b6e38e22703e856e101e840b65afe72), userDataDir=C:\Windows\proxy\scoped_dir2788_23477}, takesHeapSnapshot=true, pageLoadStrategy=normal, strictFileInteractability=false, databaseEnabled=false, handlesAlerts=true, version=73.0.3683.86, browserConnectionEnabled=false, nativeEvents=true, webdriver.remote.sessionid=02e63a66fd5cc839d843164e7458b37a60750699, locationContextEnabled=true, cssSelectorsEnabled=true}]
Session ID: 02e63a66fd5cc839d843164e7458b37a60750699" type="org.openqa.selenium.TimeoutException">org.openqa.selenium.TimeoutException: 
Timed out after 5 seconds: Failure in findElementContainingTextWithWait: never found text 'TTriage Circle: QA Reports Application Circle' in element with locator 'By.cssSelector: div.containerOption' with timeout of 5 seconds
Build info: version: '2.45.0', revision: '5017cb8e7ca8e37638dc3091b2440b90a1d8686f', time: '2015-02-27 09:10:26'
System info: host: '6888e31d0e98', ip: '172.17.0.9', os.name: 'Linux', os.arch: 'amd64', os.version: '4.15.0-29-generic', java.version: '1.8.0_181'
Driver info: org.openqa.selenium.remote.RemoteWebDriver
Capabilities [{mobileEmulationEnabled=false, timeouts={implicit=0, pageLoad=300000, script=30000}, hasTouchScreen=false, platform=WINDOWS, acceptSslCerts=false, goog:chromeOptions={debuggerAddress=localhost:1088}, acceptInsecureCerts=false, webStorageEnabled=true, browserName=chrome, takesScreenshot=true, javascriptEnabled=true, setWindowRect=true, unexpectedAlertBehaviour=ignore, applicationCacheEnabled=false, rotatable=false, networkConnectionEnabled=false, chrome={chromedriverVersion=73.0.3683.68 (47787ec04b6e38e22703e856e101e840b65afe72), userDataDir=C:\Windows\proxy\scoped_dir2788_23477}, takesHeapSnapshot=true, pageLoadStrategy=normal, strictFileInteractability=false, databaseEnabled=false, handlesAlerts=true, version=73.0.3683.86, browserConnectionEnabled=false, nativeEvents=true, webdriver.remote.sessionid=02e63a66fd5cc839d843164e7458b37a60750699, locationContextEnabled=true, cssSelectorsEnabled=true}]
Session ID: 02e63a66fd5cc839d843164e7458b37a60750699
	at com.clarolab.DashboardTest.changeContainer(DashboardTest.java:32)
</failure>
    <system-err><![CDATA[Apr 25, 2019 6:25:23 PM org.openqa.selenium.remote.RemoteWebDriver log
WARNING: Executing: deleteAllCookies [161f8084178fedee9a4dae23145884e1cbea01e6, deleteAllCookies {}]
Apr 25, 2019 6:25:23 PM org.openqa.selenium.remote.RemoteWebDriver log
WARNING: Executed: [161f8084178fedee9a4dae23145884e1cbea01e6, deleteAllCookies {}]
Apr 25, 2019 6:25:23 PM org.openqa.selenium.remote.RemoteWebDriver log
WARNING: Executing: quit [161f8084178fedee9a4dae23145884e1cbea01e6, quit {}]
Apr 25, 2019 6:25:25 PM org.openqa.selenium.remote.RemoteWebDriver log
WARNING: Executed: [161f8084178fedee9a4dae23145884e1cbea01e6, quit {}]
Apr 25, 2019 6:25:32 PM org.openqa.selenium.remote.RemoteWebDriver log
WARNING: Executing: setTimeout [02e63a66fd5cc839d843164e7458b37a60750699, setTimeout {type=page load, ms=80000}]
Apr 25, 2019 6:25:32 PM org.openqa.selenium.remote.RemoteWebDriver log
WARNING: Executed: [02e63a66fd5cc839d843164e7458b37a60750699, setTimeout {type=page load, ms=80000}]
Apr 25, 2019 6:25:32 PM org.openqa.selenium.remote.RemoteWebDriver log
WARNING: Executing: implicitlyWait [02e63a66fd5cc839d843164e7458b37a60750699, implicitlyWait {ms=2000}]
Apr 25, 2019 6:25:32 PM org.openqa.selenium.remote.RemoteWebDriver log
WARNING: Executed: [02e63a66fd5cc839d843164e7458b37a60750699, implicitlyWait {ms=2000}]
Apr 25, 2019 6:25:32 PM org.openqa.selenium.remote.RemoteWebDriver log
WARNING: Executing: get [02e63a66fd5cc839d843164e7458b37a60750699, get {url=http://tdev.clarolab.com/}]
Apr 25, 2019 6:25:37 PM org.openqa.selenium.remote.RemoteWebDriver log
WARNING: Executed: [02e63a66fd5cc839d843164e7458b37a60750699, get {url=http://tdev.clarolab.com/}]
Apr 25, 2019 6:25:37 PM org.openqa.selenium.remote.RemoteWebDriver log
WARNING: Executing: getCurrentUrl [02e63a66fd5cc839d843164e7458b37a60750699, getCurrentUrl {}]
Apr 25, 2019 6:25:37 PM org.openqa.selenium.remote.RemoteWebDriver log
WARNING: Executed: [02e63a66fd5cc839d843164e7458b37a60750699, getCurrentUrl {}]
Apr 25, 2019 6:25:37 PM org.openqa.selenium.remote.RemoteWebDriver log
WARNING: Executing: getCurrentUrl [02e63a66fd5cc839d843164e7458b37a60750699, getCurrentUrl {}]
Apr 25, 2019 6:25:38 PM org.openqa.selenium.remote.RemoteWebDriver log
WARNING: Executed: [02e63a66fd5cc839d843164e7458b37a60750699, getCurrentUrl {}]
Apr 25, 2019 6:25:38 PM org.openqa.selenium.remote.RemoteWebDriver log
WARNING: Executing: findElement [02e63a66fd5cc839d843164e7458b37a60750699, findElement {using=id, value=loginForm}]
Apr 25, 2019 6:25:38 PM org.openqa.selenium.remote.RemoteWebDriver log
WARNING: Executed: [02e63a66fd5cc839d843164e7458b37a60750699, findElement {using=id, value=loginForm}]
Apr 25, 2019 6:25:38 PM org.openqa.selenium.remote.RemoteWebDriver log
WARNING: Executing: findElement [02e63a66fd5cc839d843164e7458b37a60750699, findElement {using=tag name, value=body}]
Apr 25, 2019 6:25:38 PM org.openqa.selenium.remote.RemoteWebDriver log
WARNING: Executed: [02e63a66fd5cc839d843164e7458b37a60750699, findElement {using=tag name, value=body}]
Apr 25, 2019 6:25:38 PM org.openqa.selenium.remote.RemoteWebDriver log
WARNING: Executing: getElementText [02e63a66fd5cc839d843164e7458b37a60750699, getElementText {id=1}]
Apr 25, 2019 6:25:38 PM org.openqa.selenium.remote.RemoteWebDriver log
WARNING: Executed: [02e63a66fd5cc839d843164e7458b37a60750699, getElementText {id=1}]
Apr 25, 2019 6:25:39 PM org.openqa.selenium.remote.RemoteWebDriver log
WARNING: Executing: findElement [02e63a66fd5cc839d843164e7458b37a60750699, findElement {using=tag name, value=body}]
Apr 25, 2019 6:25:40 PM org.openqa.selenium.remote.RemoteWebDriver log
WARNING: Executed: [02e63a66fd5cc839d843164e7458b37a60750699, findElement {using=tag name, value=body}]
Apr 25, 2019 6:25:40 PM org.openqa.selenium.remote.RemoteWebDriver log
WARNING: Executing: getElementText [02e63a66fd5cc839d843164e7458b37a60750699, getElementText {id=1}]
Apr 25, 2019 6:25:40 PM org.openqa.selenium.remote.RemoteWebDriver log
WARNING: Executed: [02e63a66fd5cc839d843164e7458b37a60750699, getElementText {id=1}]
Apr 25, 2019 6:25:40 PM org.openqa.selenium.remote.RemoteWebDriver log
WARNING: Executing: findElement [02e63a66fd5cc839d843164e7458b37a60750699, findElement {using=id, value=email}]
Apr 25, 2019 6:25:40 PM org.openqa.selenium.remote.RemoteWebDriver log
WARNING: Executed: [02e63a66fd5cc839d843164e7458b37a60750699, findElement {using=id, value=email}]
Apr 25, 2019 6:25:40 PM org.openqa.selenium.remote.RemoteWebDriver log
WARNING: Executing: sendKeysToElement [02e63a66fd5cc839d843164e7458b37a60750699, sendKeysToElement {id=2, value=[Ljava.lang.CharSequence;@6e005dc9}]
Apr 25, 2019 6:25:40 PM org.openqa.selenium.remote.RemoteWebDriver log
WARNING: Executed: [02e63a66fd5cc839d843164e7458b37a60750699, sendKeysToElement {id=2, value=[Ljava.lang.CharSequence;@6e005dc9}]
Apr 25, 2019 6:25:40 PM org.openqa.selenium.remote.RemoteWebDriver log
WARNING: Executing: findElement [02e63a66fd5cc839d843164e7458b37a60750699, findElement {using=id, value=password}]
Apr 25, 2019 6:25:41 PM org.openqa.selenium.remote.RemoteWebDriver log
WARNING: Executed: [02e63a66fd5cc839d843164e7458b37a60750699, findElement {using=id, value=password}]
Apr 25, 2019 6:25:41 PM org.openqa.selenium.remote.RemoteWebDriver log
WARNING: Executing: sendKeysToElement [02e63a66fd5cc839d843164e7458b37a60750699, sendKeysToElement {id=3, value=[Ljava.lang.CharSequence;@7ceb3185}]
Apr 25, 2019 6:25:41 PM org.openqa.selenium.remote.RemoteWebDriver log
WARNING: Executed: [02e63a66fd5cc839d843164e7458b37a60750699, sendKeysToElement {id=3, value=[Ljava.lang.CharSequence;@7ceb3185}]
Apr 25, 2019 6:25:41 PM org.openqa.selenium.remote.RemoteWebDriver log
WARNING: Executing: findElement [02e63a66fd5cc839d843164e7458b37a60750699, findElement {using=id, value=internalLoginSubmit}]
Apr 25, 2019 6:25:41 PM org.openqa.selenium.remote.RemoteWebDriver log
WARNING: Executed: [02e63a66fd5cc839d843164e7458b37a60750699, findElement {using=id, value=internalLoginSubmit}]
Apr 25, 2019 6:25:41 PM org.openqa.selenium.remote.RemoteWebDriver log
WARNING: Executing: isElementDisplayed [02e63a66fd5cc839d843164e7458b37a60750699, isElementDisplayed {id=4}]
Apr 25, 2019 6:25:42 PM org.openqa.selenium.remote.RemoteWebDriver log
WARNING: Executed: [02e63a66fd5cc839d843164e7458b37a60750699, isElementDisplayed {id=4}]
Apr 25, 2019 6:25:42 PM org.openqa.selenium.remote.RemoteWebDriver log
WARNING: Executing: isElementEnabled [02e63a66fd5cc839d843164e7458b37a60750699, isElementEnabled {id=4}]
Apr 25, 2019 6:25:42 PM org.openqa.selenium.remote.RemoteWebDriver log
WARNING: Executed: [02e63a66fd5cc839d843164e7458b37a60750699, isElementEnabled {id=4}]
Apr 25, 2019 6:25:42 PM org.openqa.selenium.remote.RemoteWebDriver log
WARNING: Executing: clickElement [02e63a66fd5cc839d843164e7458b37a60750699, clickElement {id=4}]
Apr 25, 2019 6:25:42 PM org.openqa.selenium.remote.RemoteWebDriver log
WARNING: Executed: [02e63a66fd5cc839d843164e7458b37a60750699, clickElement {id=4}]
Apr 25, 2019 6:25:42 PM org.openqa.selenium.remote.RemoteWebDriver log
WARNING: Executing: getCurrentUrl [02e63a66fd5cc839d843164e7458b37a60750699, getCurrentUrl {}]
Apr 25, 2019 6:25:42 PM org.openqa.selenium.remote.RemoteWebDriver log
WARNING: Executed: [02e63a66fd5cc839d843164e7458b37a60750699, getCurrentUrl {}]
Apr 25, 2019 6:25:42 PM org.openqa.selenium.remote.RemoteWebDriver log
WARNING: Executing: findElement [02e63a66fd5cc839d843164e7458b37a60750699, findElement {using=class name, value=homeRoot}]
Apr 25, 2019 6:25:44 PM org.openqa.selenium.remote.RemoteWebDriver log
WARNING: Executed: [02e63a66fd5cc839d843164e7458b37a60750699, findElement {using=class name, value=homeRoot}]
Apr 25, 2019 6:25:44 PM org.openqa.selenium.remote.RemoteWebDriver log
WARNING: Executing: findElement [02e63a66fd5cc839d843164e7458b37a60750699, findElement {using=tag name, value=body}]
Apr 25, 2019 6:25:44 PM org.openqa.selenium.remote.RemoteWebDriver log
WARNING: Executed: [02e63a66fd5cc839d843164e7458b37a60750699, findElement {using=tag name, value=body}]
Apr 25, 2019 6:25:44 PM org.openqa.selenium.remote.RemoteWebDriver log
WARNING: Executing: getElementText [02e63a66fd5cc839d843164e7458b37a60750699, getElementText {id=1}]
Apr 25, 2019 6:25:45 PM org.openqa.selenium.remote.RemoteWebDriver log
WARNING: Executed: [02e63a66fd5cc839d843164e7458b37a60750699, getElementText {id=1}]
Apr 25, 2019 6:25:45 PM org.openqa.selenium.remote.RemoteWebDriver log
WARNING: Executing: findElement [02e63a66fd5cc839d843164e7458b37a60750699, findElement {using=tag name, value=body}]
Apr 25, 2019 6:25:46 PM org.openqa.selenium.remote.RemoteWebDriver log
WARNING: Executed: [02e63a66fd5cc839d843164e7458b37a60750699, findElement {using=tag name, value=body}]
Apr 25, 2019 6:25:46 PM org.openqa.selenium.remote.RemoteWebDriver log
WARNING: Executing: getElementText [02e63a66fd5cc839d843164e7458b37a60750699, getElementText {id=1}]
Apr 25, 2019 6:25:46 PM org.openqa.selenium.remote.RemoteWebDriver log
WARNING: Executed: [02e63a66fd5cc839d843164e7458b37a60750699, getElementText {id=1}]
Apr 25, 2019 6:25:47 PM org.openqa.selenium.remote.RemoteWebDriver log
WARNING: Executing: findElement [02e63a66fd5cc839d843164e7458b37a60750699, findElement {using=tag name, value=body}]
Apr 25, 2019 6:25:47 PM org.openqa.selenium.remote.RemoteWebDriver log
WARNING: Executed: [02e63a66fd5cc839d843164e7458b37a60750699, findElement {using=tag name, value=body}]
Apr 25, 2019 6:25:47 PM org.openqa.selenium.remote.RemoteWebDriver log
WARNING: Executing: getElementText [02e63a66fd5cc839d843164e7458b37a60750699, getElementText {id=1}]
Apr 25, 2019 6:25:47 PM org.openqa.selenium.remote.RemoteWebDriver log
WARNING: Executed: [02e63a66fd5cc839d843164e7458b37a60750699, getElementText {id=1}]
Apr 25, 2019 6:25:47 PM org.openqa.selenium.remote.RemoteWebDriver log
WARNING: Executing: getCurrentUrl [02e63a66fd5cc839d843164e7458b37a60750699, getCurrentUrl {}]
Apr 25, 2019 6:25:48 PM org.openqa.selenium.remote.RemoteWebDriver log
WARNING: Executed: [02e63a66fd5cc839d843164e7458b37a60750699, getCurrentUrl {}]
Apr 25, 2019 6:25:48 PM org.openqa.selenium.remote.RemoteWebDriver log
WARNING: Executing: getCurrentUrl [02e63a66fd5cc839d843164e7458b37a60750699, getCurrentUrl {}]
Apr 25, 2019 6:25:48 PM org.openqa.selenium.remote.RemoteWebDriver log
WARNING: Executed: [02e63a66fd5cc839d843164e7458b37a60750699, getCurrentUrl {}]
Apr 25, 2019 6:25:48 PM org.openqa.selenium.remote.RemoteWebDriver log
WARNING: Executing: findElement [02e63a66fd5cc839d843164e7458b37a60750699, findElement {using=class name, value=homeRoot}]
Apr 25, 2019 6:25:48 PM org.openqa.selenium.remote.RemoteWebDriver log
WARNING: Executed: [02e63a66fd5cc839d843164e7458b37a60750699, findElement {using=class name, value=homeRoot}]
Apr 25, 2019 6:25:48 PM org.openqa.selenium.remote.RemoteWebDriver log
WARNING: Executing: findElement [02e63a66fd5cc839d843164e7458b37a60750699, findElement {using=tag name, value=body}]
Apr 25, 2019 6:25:48 PM org.openqa.selenium.remote.RemoteWebDriver log
WARNING: Executed: [02e63a66fd5cc839d843164e7458b37a60750699, findElement {using=tag name, value=body}]
Apr 25, 2019 6:25:48 PM org.openqa.selenium.remote.RemoteWebDriver log
WARNING: Executing: getElementText [02e63a66fd5cc839d843164e7458b37a60750699, getElementText {id=1}]
Apr 25, 2019 6:25:49 PM org.openqa.selenium.remote.RemoteWebDriver log
WARNING: Executed: [02e63a66fd5cc839d843164e7458b37a60750699, getElementText {id=1}]
Apr 25, 2019 6:25:49 PM org.openqa.selenium.remote.RemoteWebDriver log
WARNING: Executing: findElement [02e63a66fd5cc839d843164e7458b37a60750699, findElement {using=tag name, value=body}]
Apr 25, 2019 6:25:50 PM org.openqa.selenium.remote.RemoteWebDriver log
WARNING: Executed: [02e63a66fd5cc839d843164e7458b37a60750699, findElement {using=tag name, value=body}]
Apr 25, 2019 6:25:50 PM org.openqa.selenium.remote.RemoteWebDriver log
WARNING: Executing: getElementText [02e63a66fd5cc839d843164e7458b37a60750699, getElementText {id=1}]
Apr 25, 2019 6:25:50 PM org.openqa.selenium.remote.RemoteWebDriver log
WARNING: Executed: [02e63a66fd5cc839d843164e7458b37a60750699, getElementText {id=1}]
Apr 25, 2019 6:25:50 PM org.openqa.selenium.remote.RemoteWebDriver log
WARNING: Executing: findElements [02e63a66fd5cc839d843164e7458b37a60750699, findElements {using=css selector, value=td.SuiteList-NameCell}]
Apr 25, 2019 6:25:50 PM org.openqa.selenium.remote.RemoteWebDriver log
WARNING: Executed: [02e63a66fd5cc839d843164e7458b37a60750699, findElements {using=css selector, value=td.SuiteList-NameCell}]
Apr 25, 2019 6:25:50 PM org.openqa.selenium.remote.RemoteWebDriver log
WARNING: Executing: getElementText [02e63a66fd5cc839d843164e7458b37a60750699, getElementText {id=10}]
Apr 25, 2019 6:25:51 PM org.openqa.selenium.remote.RemoteWebDriver log
WARNING: Executed: [02e63a66fd5cc839d843164e7458b37a60750699, getElementText {id=10}]
Apr 25, 2019 6:25:51 PM org.openqa.selenium.remote.RemoteWebDriver log
WARNING: Executing: findElement [02e63a66fd5cc839d843164e7458b37a60750699, findElement {using=css selector, value=div.containerSelect div}]
Apr 25, 2019 6:25:51 PM org.openqa.selenium.remote.RemoteWebDriver log
WARNING: Executed: [02e63a66fd5cc839d843164e7458b37a60750699, findElement {using=css selector, value=div.containerSelect div}]
Apr 25, 2019 6:25:51 PM org.openqa.selenium.remote.RemoteWebDriver log
WARNING: Executing: executeScript [02e63a66fd5cc839d843164e7458b37a60750699, executeScript {script=return window.innerHeight || document.documentElement.clientHeight || document.body.clientHeight;, args=[]}]
Apr 25, 2019 6:25:51 PM org.openqa.selenium.remote.RemoteWebDriver log
WARNING: Executed: [02e63a66fd5cc839d843164e7458b37a60750699, executeScript {script=return window.innerHeight || document.documentElement.clientHeight || document.body.clientHeight;, args=[]}]
Apr 25, 2019 6:25:51 PM org.openqa.selenium.remote.RemoteWebDriver log
WARNING: Executing: getElementLocation [02e63a66fd5cc839d843164e7458b37a60750699, getElementLocation {id=11}]
Apr 25, 2019 6:25:51 PM org.openqa.selenium.remote.RemoteWebDriver log
WARNING: Executed: [02e63a66fd5cc839d843164e7458b37a60750699, getElementLocation {id=11}]
Apr 25, 2019 6:25:51 PM org.openqa.selenium.remote.RemoteWebDriver log
WARNING: Executing: executeScript [02e63a66fd5cc839d843164e7458b37a60750699, executeScript {script=window.scrollTo(0, 212), args=[]}]
Apr 25, 2019 6:25:52 PM org.openqa.selenium.remote.RemoteWebDriver log
WARNING: Executed: [02e63a66fd5cc839d843164e7458b37a60750699, executeScript {script=window.scrollTo(0, 212), args=[]}]
Apr 25, 2019 6:25:52 PM org.openqa.selenium.remote.RemoteWebDriver log
WARNING: Executing: findElement [02e63a66fd5cc839d843164e7458b37a60750699, findElement {using=css selector, value=div.containerSelect div}]
Apr 25, 2019 6:25:52 PM org.openqa.selenium.remote.RemoteWebDriver log
WARNING: Executed: [02e63a66fd5cc839d843164e7458b37a60750699, findElement {using=css selector, value=div.containerSelect div}]
Apr 25, 2019 6:25:52 PM org.openqa.selenium.remote.RemoteWebDriver log
WARNING: Executing: isElementDisplayed [02e63a66fd5cc839d843164e7458b37a60750699, isElementDisplayed {id=11}]
Apr 25, 2019 6:25:52 PM org.openqa.selenium.remote.RemoteWebDriver log
WARNING: Executed: [02e63a66fd5cc839d843164e7458b37a60750699, isElementDisplayed {id=11}]
Apr 25, 2019 6:25:52 PM org.openqa.selenium.remote.RemoteWebDriver log
WARNING: Executing: isElementEnabled [02e63a66fd5cc839d843164e7458b37a60750699, isElementEnabled {id=11}]
Apr 25, 2019 6:25:52 PM org.openqa.selenium.remote.RemoteWebDriver log
WARNING: Executed: [02e63a66fd5cc839d843164e7458b37a60750699, isElementEnabled {id=11}]
Apr 25, 2019 6:25:52 PM org.openqa.selenium.remote.RemoteWebDriver log
WARNING: Executing: clickElement [02e63a66fd5cc839d843164e7458b37a60750699, clickElement {id=11}]
Apr 25, 2019 6:25:53 PM org.openqa.selenium.remote.RemoteWebDriver log
WARNING: Executed: [02e63a66fd5cc839d843164e7458b37a60750699, clickElement {id=11}]
Apr 25, 2019 6:25:53 PM org.openqa.selenium.remote.RemoteWebDriver log
WARNING: Executing: findElements [02e63a66fd5cc839d843164e7458b37a60750699, findElements {using=css selector, value=div.containerOption}]
Apr 25, 2019 6:25:55 PM org.openqa.selenium.remote.RemoteWebDriver log
WARNING: Executed: [02e63a66fd5cc839d843164e7458b37a60750699, findElements {using=css selector, value=div.containerOption}]
Apr 25, 2019 6:25:56 PM org.openqa.selenium.remote.RemoteWebDriver log
WARNING: Executing: findElements [02e63a66fd5cc839d843164e7458b37a60750699, findElements {using=css selector, value=div.containerOption}]
Apr 25, 2019 6:25:59 PM org.openqa.selenium.remote.RemoteWebDriver log
WARNING: Executed: [02e63a66fd5cc839d843164e7458b37a60750699, findElements {using=css selector, value=div.containerOption}]
]]></system-err>
  </testcase>
  <testcase name="gotoDashboard" classname="com.clarolab.DashboardTest" time="2.97"/>
  <testcase name="testNavigation" classname="com.clarolab.DashboardTest" time="9.519">
    <failure message="Timed out after 5 seconds: Failure in findElementContainingTextWithWait: never found text 'TTriage Jenkis: QA Report Application' in element with locator 'By.cssSelector: div.containerOption' with timeout of 5 seconds
Build info: version: '2.45.0', revision: '5017cb8e7ca8e37638dc3091b2440b90a1d8686f', time: '2015-02-27 09:10:26'
System info: host: '6888e31d0e98', ip: '172.17.0.9', os.name: 'Linux', os.arch: 'amd64', os.version: '4.15.0-29-generic', java.version: '1.8.0_181'
Driver info: org.openqa.selenium.remote.RemoteWebDriver
Capabilities [{mobileEmulationEnabled=false, timeouts={implicit=0, pageLoad=300000, script=30000}, hasTouchScreen=false, platform=WINDOWS, acceptSslCerts=false, goog:chromeOptions={debuggerAddress=localhost:1084}, acceptInsecureCerts=false, webStorageEnabled=true, browserName=chrome, takesScreenshot=true, javascriptEnabled=true, setWindowRect=true, unexpectedAlertBehaviour=ignore, applicationCacheEnabled=false, rotatable=false, networkConnectionEnabled=false, chrome={chromedriverVersion=73.0.3683.68 (47787ec04b6e38e22703e856e101e840b65afe72), userDataDir=C:\Windows\proxy\scoped_dir1488_16040}, takesHeapSnapshot=true, pageLoadStrategy=normal, strictFileInteractability=false, databaseEnabled=false, handlesAlerts=true, version=73.0.3683.86, browserConnectionEnabled=false, nativeEvents=true, webdriver.remote.sessionid=0b7fcc2481d3a9bfc317ca3a6bc13bbe1d90ae4c, locationContextEnabled=true, cssSelectorsEnabled=true}]
Session ID: 0b7fcc2481d3a9bfc317ca3a6bc13bbe1d90ae4c" type="org.openqa.selenium.TimeoutException">org.openqa.selenium.TimeoutException: 
Timed out after 5 seconds: Failure in findElementContainingTextWithWait: never found text 'TTriage Jenkis: QA Report Application' in element with locator 'By.cssSelector: div.containerOption' with timeout of 5 seconds
Build info: version: '2.45.0', revision: '5017cb8e7ca8e37638dc3091b2440b90a1d8686f', time: '2015-02-27 09:10:26'
System info: host: '6888e31d0e98', ip: '172.17.0.9', os.name: 'Linux', os.arch: 'amd64', os.version: '4.15.0-29-generic', java.version: '1.8.0_181'
Driver info: org.openqa.selenium.remote.RemoteWebDriver
Capabilities [{mobileEmulationEnabled=false, timeouts={implicit=0, pageLoad=300000, script=30000}, hasTouchScreen=false, platform=WINDOWS, acceptSslCerts=false, goog:chromeOptions={debuggerAddress=localhost:1084}, acceptInsecureCerts=false, webStorageEnabled=true, browserName=chrome, takesScreenshot=true, javascriptEnabled=true, setWindowRect=true, unexpectedAlertBehaviour=ignore, applicationCacheEnabled=false, rotatable=false, networkConnectionEnabled=false, chrome={chromedriverVersion=73.0.3683.68 (47787ec04b6e38e22703e856e101e840b65afe72), userDataDir=C:\Windows\proxy\scoped_dir1488_16040}, takesHeapSnapshot=true, pageLoadStrategy=normal, strictFileInteractability=false, databaseEnabled=false, handlesAlerts=true, version=73.0.3683.86, browserConnectionEnabled=false, nativeEvents=true, webdriver.remote.sessionid=0b7fcc2481d3a9bfc317ca3a6bc13bbe1d90ae4c, locationContextEnabled=true, cssSelectorsEnabled=true}]
Session ID: 0b7fcc2481d3a9bfc317ca3a6bc13bbe1d90ae4c
	at com.clarolab.DashboardTest.testNavigation(DashboardTest.java:50)
</failure>
    <system-err><![CDATA[Apr 25, 2019 6:26:29 PM org.openqa.selenium.remote.RemoteWebDriver log
WARNING: Executing: deleteAllCookies [9784863230233083d19b51f2cadc10a6cb254356, deleteAllCookies {}]
Apr 25, 2019 6:26:29 PM org.openqa.selenium.remote.RemoteWebDriver log
WARNING: Executed: [9784863230233083d19b51f2cadc10a6cb254356, deleteAllCookies {}]
Apr 25, 2019 6:26:29 PM org.openqa.selenium.remote.RemoteWebDriver log
WARNING: Executing: quit [9784863230233083d19b51f2cadc10a6cb254356, quit {}]
Apr 25, 2019 6:26:32 PM org.openqa.selenium.remote.RemoteWebDriver log
WARNING: Executed: [9784863230233083d19b51f2cadc10a6cb254356, quit {}]
Apr 25, 2019 6:26:43 PM org.openqa.selenium.remote.RemoteWebDriver log
WARNING: Executing: setTimeout [0b7fcc2481d3a9bfc317ca3a6bc13bbe1d90ae4c, setTimeout {type=page load, ms=80000}]
Apr 25, 2019 6:26:43 PM org.openqa.selenium.remote.RemoteWebDriver log
WARNING: Executed: [0b7fcc2481d3a9bfc317ca3a6bc13bbe1d90ae4c, setTimeout {type=page load, ms=80000}]
Apr 25, 2019 6:26:43 PM org.openqa.selenium.remote.RemoteWebDriver log
WARNING: Executing: implicitlyWait [0b7fcc2481d3a9bfc317ca3a6bc13bbe1d90ae4c, implicitlyWait {ms=2000}]
Apr 25, 2019 6:26:43 PM org.openqa.selenium.remote.RemoteWebDriver log
WARNING: Executed: [0b7fcc2481d3a9bfc317ca3a6bc13bbe1d90ae4c, implicitlyWait {ms=2000}]
Apr 25, 2019 6:26:43 PM org.openqa.selenium.remote.RemoteWebDriver log
WARNING: Executing: get [0b7fcc2481d3a9bfc317ca3a6bc13bbe1d90ae4c, get {url=http://tdev.clarolab.com/}]
Apr 25, 2019 6:26:50 PM org.openqa.selenium.remote.RemoteWebDriver log
WARNING: Executed: [0b7fcc2481d3a9bfc317ca3a6bc13bbe1d90ae4c, get {url=http://tdev.clarolab.com/}]
Apr 25, 2019 6:26:50 PM org.openqa.selenium.remote.RemoteWebDriver log
WARNING: Executing: getCurrentUrl [0b7fcc2481d3a9bfc317ca3a6bc13bbe1d90ae4c, getCurrentUrl {}]
Apr 25, 2019 6:26:50 PM org.openqa.selenium.remote.RemoteWebDriver log
WARNING: Executed: [0b7fcc2481d3a9bfc317ca3a6bc13bbe1d90ae4c, getCurrentUrl {}]
Apr 25, 2019 6:26:50 PM org.openqa.selenium.remote.RemoteWebDriver log
WARNING: Executing: getCurrentUrl [0b7fcc2481d3a9bfc317ca3a6bc13bbe1d90ae4c, getCurrentUrl {}]
Apr 25, 2019 6:26:50 PM org.openqa.selenium.remote.RemoteWebDriver log
WARNING: Executed: [0b7fcc2481d3a9bfc317ca3a6bc13bbe1d90ae4c, getCurrentUrl {}]
Apr 25, 2019 6:26:50 PM org.openqa.selenium.remote.RemoteWebDriver log
WARNING: Executing: findElement [0b7fcc2481d3a9bfc317ca3a6bc13bbe1d90ae4c, findElement {using=id, value=loginForm}]
Apr 25, 2019 6:26:51 PM org.openqa.selenium.remote.RemoteWebDriver log
WARNING: Executed: [0b7fcc2481d3a9bfc317ca3a6bc13bbe1d90ae4c, findElement {using=id, value=loginForm}]
Apr 25, 2019 6:26:51 PM org.openqa.selenium.remote.RemoteWebDriver log
WARNING: Executing: findElement [0b7fcc2481d3a9bfc317ca3a6bc13bbe1d90ae4c, findElement {using=tag name, value=body}]
Apr 25, 2019 6:26:51 PM org.openqa.selenium.remote.RemoteWebDriver log
WARNING: Executed: [0b7fcc2481d3a9bfc317ca3a6bc13bbe1d90ae4c, findElement {using=tag name, value=body}]
Apr 25, 2019 6:26:51 PM org.openqa.selenium.remote.RemoteWebDriver log
WARNING: Executing: getElementText [0b7fcc2481d3a9bfc317ca3a6bc13bbe1d90ae4c, getElementText {id=1}]
Apr 25, 2019 6:26:51 PM org.openqa.selenium.remote.RemoteWebDriver log
WARNING: Executed: [0b7fcc2481d3a9bfc317ca3a6bc13bbe1d90ae4c, getElementText {id=1}]
Apr 25, 2019 6:26:52 PM org.openqa.selenium.remote.RemoteWebDriver log
WARNING: Executing: findElement [0b7fcc2481d3a9bfc317ca3a6bc13bbe1d90ae4c, findElement {using=tag name, value=body}]
Apr 25, 2019 6:26:52 PM org.openqa.selenium.remote.RemoteWebDriver log
WARNING: Executed: [0b7fcc2481d3a9bfc317ca3a6bc13bbe1d90ae4c, findElement {using=tag name, value=body}]
Apr 25, 2019 6:26:52 PM org.openqa.selenium.remote.RemoteWebDriver log
WARNING: Executing: getElementText [0b7fcc2481d3a9bfc317ca3a6bc13bbe1d90ae4c, getElementText {id=1}]
Apr 25, 2019 6:26:52 PM org.openqa.selenium.remote.RemoteWebDriver log
WARNING: Executed: [0b7fcc2481d3a9bfc317ca3a6bc13bbe1d90ae4c, getElementText {id=1}]
Apr 25, 2019 6:26:52 PM org.openqa.selenium.remote.RemoteWebDriver log
WARNING: Executing: findElement [0b7fcc2481d3a9bfc317ca3a6bc13bbe1d90ae4c, findElement {using=id, value=email}]
Apr 25, 2019 6:26:52 PM org.openqa.selenium.remote.RemoteWebDriver log
WARNING: Executed: [0b7fcc2481d3a9bfc317ca3a6bc13bbe1d90ae4c, findElement {using=id, value=email}]
Apr 25, 2019 6:26:52 PM org.openqa.selenium.remote.RemoteWebDriver log
WARNING: Executing: sendKeysToElement [0b7fcc2481d3a9bfc317ca3a6bc13bbe1d90ae4c, sendKeysToElement {id=2, value=[Ljava.lang.CharSequence;@6f19ac19}]
Apr 25, 2019 6:26:53 PM org.openqa.selenium.remote.RemoteWebDriver log
WARNING: Executed: [0b7fcc2481d3a9bfc317ca3a6bc13bbe1d90ae4c, sendKeysToElement {id=2, value=[Ljava.lang.CharSequence;@6f19ac19}]
Apr 25, 2019 6:26:53 PM org.openqa.selenium.remote.RemoteWebDriver log
WARNING: Executing: findElement [0b7fcc2481d3a9bfc317ca3a6bc13bbe1d90ae4c, findElement {using=id, value=password}]
Apr 25, 2019 6:26:53 PM org.openqa.selenium.remote.RemoteWebDriver log
WARNING: Executed: [0b7fcc2481d3a9bfc317ca3a6bc13bbe1d90ae4c, findElement {using=id, value=password}]
Apr 25, 2019 6:26:53 PM org.openqa.selenium.remote.RemoteWebDriver log
WARNING: Executing: sendKeysToElement [0b7fcc2481d3a9bfc317ca3a6bc13bbe1d90ae4c, sendKeysToElement {id=3, value=[Ljava.lang.CharSequence;@119cbf96}]
Apr 25, 2019 6:26:53 PM org.openqa.selenium.remote.RemoteWebDriver log
WARNING: Executed: [0b7fcc2481d3a9bfc317ca3a6bc13bbe1d90ae4c, sendKeysToElement {id=3, value=[Ljava.lang.CharSequence;@119cbf96}]
Apr 25, 2019 6:26:53 PM org.openqa.selenium.remote.RemoteWebDriver log
WARNING: Executing: findElement [0b7fcc2481d3a9bfc317ca3a6bc13bbe1d90ae4c, findElement {using=id, value=internalLoginSubmit}]
Apr 25, 2019 6:26:54 PM org.openqa.selenium.remote.RemoteWebDriver log
WARNING: Executed: [0b7fcc2481d3a9bfc317ca3a6bc13bbe1d90ae4c, findElement {using=id, value=internalLoginSubmit}]
Apr 25, 2019 6:26:54 PM org.openqa.selenium.remote.RemoteWebDriver log
WARNING: Executing: isElementDisplayed [0b7fcc2481d3a9bfc317ca3a6bc13bbe1d90ae4c, isElementDisplayed {id=4}]
Apr 25, 2019 6:26:54 PM org.openqa.selenium.remote.RemoteWebDriver log
WARNING: Executed: [0b7fcc2481d3a9bfc317ca3a6bc13bbe1d90ae4c, isElementDisplayed {id=4}]
Apr 25, 2019 6:26:54 PM org.openqa.selenium.remote.RemoteWebDriver log
WARNING: Executing: isElementEnabled [0b7fcc2481d3a9bfc317ca3a6bc13bbe1d90ae4c, isElementEnabled {id=4}]
Apr 25, 2019 6:26:54 PM org.openqa.selenium.remote.RemoteWebDriver log
WARNING: Executed: [0b7fcc2481d3a9bfc317ca3a6bc13bbe1d90ae4c, isElementEnabled {id=4}]
Apr 25, 2019 6:26:54 PM org.openqa.selenium.remote.RemoteWebDriver log
WARNING: Executing: clickElement [0b7fcc2481d3a9bfc317ca3a6bc13bbe1d90ae4c, clickElement {id=4}]
Apr 25, 2019 6:26:54 PM org.openqa.selenium.remote.RemoteWebDriver log
WARNING: Executed: [0b7fcc2481d3a9bfc317ca3a6bc13bbe1d90ae4c, clickElement {id=4}]
Apr 25, 2019 6:26:54 PM org.openqa.selenium.remote.RemoteWebDriver log
WARNING: Executing: getCurrentUrl [0b7fcc2481d3a9bfc317ca3a6bc13bbe1d90ae4c, getCurrentUrl {}]
Apr 25, 2019 6:26:55 PM org.openqa.selenium.remote.RemoteWebDriver log
WARNING: Executed: [0b7fcc2481d3a9bfc317ca3a6bc13bbe1d90ae4c, getCurrentUrl {}]
Apr 25, 2019 6:26:55 PM org.openqa.selenium.remote.RemoteWebDriver log
WARNING: Executing: findElement [0b7fcc2481d3a9bfc317ca3a6bc13bbe1d90ae4c, findElement {using=class name, value=homeRoot}]
Apr 25, 2019 6:26:56 PM org.openqa.selenium.remote.RemoteWebDriver log
WARNING: Executed: [0b7fcc2481d3a9bfc317ca3a6bc13bbe1d90ae4c, findElement {using=class name, value=homeRoot}]
Apr 25, 2019 6:26:56 PM org.openqa.selenium.remote.RemoteWebDriver log
WARNING: Executing: findElement [0b7fcc2481d3a9bfc317ca3a6bc13bbe1d90ae4c, findElement {using=tag name, value=body}]
Apr 25, 2019 6:26:57 PM org.openqa.selenium.remote.RemoteWebDriver log
WARNING: Executed: [0b7fcc2481d3a9bfc317ca3a6bc13bbe1d90ae4c, findElement {using=tag name, value=body}]
Apr 25, 2019 6:26:57 PM org.openqa.selenium.remote.RemoteWebDriver log
WARNING: Executing: getElementText [0b7fcc2481d3a9bfc317ca3a6bc13bbe1d90ae4c, getElementText {id=1}]
Apr 25, 2019 6:26:57 PM org.openqa.selenium.remote.RemoteWebDriver log
WARNING: Executed: [0b7fcc2481d3a9bfc317ca3a6bc13bbe1d90ae4c, getElementText {id=1}]
Apr 25, 2019 6:26:57 PM org.openqa.selenium.remote.RemoteWebDriver log
WARNING: Executing: findElement [0b7fcc2481d3a9bfc317ca3a6bc13bbe1d90ae4c, findElement {using=tag name, value=body}]
Apr 25, 2019 6:26:58 PM org.openqa.selenium.remote.RemoteWebDriver log
WARNING: Executed: [0b7fcc2481d3a9bfc317ca3a6bc13bbe1d90ae4c, findElement {using=tag name, value=body}]
Apr 25, 2019 6:26:58 PM org.openqa.selenium.remote.RemoteWebDriver log
WARNING: Executing: getElementText [0b7fcc2481d3a9bfc317ca3a6bc13bbe1d90ae4c, getElementText {id=1}]
Apr 25, 2019 6:26:58 PM org.openqa.selenium.remote.RemoteWebDriver log
WARNING: Executed: [0b7fcc2481d3a9bfc317ca3a6bc13bbe1d90ae4c, getElementText {id=1}]
Apr 25, 2019 6:26:59 PM org.openqa.selenium.remote.RemoteWebDriver log
WARNING: Executing: findElement [0b7fcc2481d3a9bfc317ca3a6bc13bbe1d90ae4c, findElement {using=tag name, value=body}]
Apr 25, 2019 6:26:59 PM org.openqa.selenium.remote.RemoteWebDriver log
WARNING: Executed: [0b7fcc2481d3a9bfc317ca3a6bc13bbe1d90ae4c, findElement {using=tag name, value=body}]
Apr 25, 2019 6:26:59 PM org.openqa.selenium.remote.RemoteWebDriver log
WARNING: Executing: getElementText [0b7fcc2481d3a9bfc317ca3a6bc13bbe1d90ae4c, getElementText {id=1}]
Apr 25, 2019 6:26:59 PM org.openqa.selenium.remote.RemoteWebDriver log
WARNING: Executed: [0b7fcc2481d3a9bfc317ca3a6bc13bbe1d90ae4c, getElementText {id=1}]
Apr 25, 2019 6:26:59 PM org.openqa.selenium.remote.RemoteWebDriver log
WARNING: Executing: getCurrentUrl [0b7fcc2481d3a9bfc317ca3a6bc13bbe1d90ae4c, getCurrentUrl {}]
Apr 25, 2019 6:27:00 PM org.openqa.selenium.remote.RemoteWebDriver log
WARNING: Executed: [0b7fcc2481d3a9bfc317ca3a6bc13bbe1d90ae4c, getCurrentUrl {}]
Apr 25, 2019 6:27:00 PM org.openqa.selenium.remote.RemoteWebDriver log
WARNING: Executing: getCurrentUrl [0b7fcc2481d3a9bfc317ca3a6bc13bbe1d90ae4c, getCurrentUrl {}]
Apr 25, 2019 6:27:00 PM org.openqa.selenium.remote.RemoteWebDriver log
WARNING: Executed: [0b7fcc2481d3a9bfc317ca3a6bc13bbe1d90ae4c, getCurrentUrl {}]
Apr 25, 2019 6:27:00 PM org.openqa.selenium.remote.RemoteWebDriver log
WARNING: Executing: findElement [0b7fcc2481d3a9bfc317ca3a6bc13bbe1d90ae4c, findElement {using=class name, value=homeRoot}]
Apr 25, 2019 6:27:00 PM org.openqa.selenium.remote.RemoteWebDriver log
WARNING: Executed: [0b7fcc2481d3a9bfc317ca3a6bc13bbe1d90ae4c, findElement {using=class name, value=homeRoot}]
Apr 25, 2019 6:27:00 PM org.openqa.selenium.remote.RemoteWebDriver log
WARNING: Executing: findElement [0b7fcc2481d3a9bfc317ca3a6bc13bbe1d90ae4c, findElement {using=css selector, value=div.containerSelect div}]
Apr 25, 2019 6:27:00 PM org.openqa.selenium.remote.RemoteWebDriver log
WARNING: Executed: [0b7fcc2481d3a9bfc317ca3a6bc13bbe1d90ae4c, findElement {using=css selector, value=div.containerSelect div}]
Apr 25, 2019 6:27:00 PM org.openqa.selenium.remote.RemoteWebDriver log
WARNING: Executing: executeScript [0b7fcc2481d3a9bfc317ca3a6bc13bbe1d90ae4c, executeScript {script=return window.innerHeight || document.documentElement.clientHeight || document.body.clientHeight;, args=[]}]
Apr 25, 2019 6:27:00 PM org.openqa.selenium.remote.RemoteWebDriver log
WARNING: Executed: [0b7fcc2481d3a9bfc317ca3a6bc13bbe1d90ae4c, executeScript {script=return window.innerHeight || document.documentElement.clientHeight || document.body.clientHeight;, args=[]}]
Apr 25, 2019 6:27:00 PM org.openqa.selenium.remote.RemoteWebDriver log
WARNING: Executing: getElementLocation [0b7fcc2481d3a9bfc317ca3a6bc13bbe1d90ae4c, getElementLocation {id=6}]
Apr 25, 2019 6:27:00 PM org.openqa.selenium.remote.RemoteWebDriver log
WARNING: Executed: [0b7fcc2481d3a9bfc317ca3a6bc13bbe1d90ae4c, getElementLocation {id=6}]
Apr 25, 2019 6:27:00 PM org.openqa.selenium.remote.RemoteWebDriver log
WARNING: Executing: executeScript [0b7fcc2481d3a9bfc317ca3a6bc13bbe1d90ae4c, executeScript {script=window.scrollTo(0, 212), args=[]}]
Apr 25, 2019 6:27:01 PM org.openqa.selenium.remote.RemoteWebDriver log
WARNING: Executed: [0b7fcc2481d3a9bfc317ca3a6bc13bbe1d90ae4c, executeScript {script=window.scrollTo(0, 212), args=[]}]
Apr 25, 2019 6:27:01 PM org.openqa.selenium.remote.RemoteWebDriver log
WARNING: Executing: findElement [0b7fcc2481d3a9bfc317ca3a6bc13bbe1d90ae4c, findElement {using=css selector, value=div.containerSelect div}]
Apr 25, 2019 6:27:01 PM org.openqa.selenium.remote.RemoteWebDriver log
WARNING: Executed: [0b7fcc2481d3a9bfc317ca3a6bc13bbe1d90ae4c, findElement {using=css selector, value=div.containerSelect div}]
Apr 25, 2019 6:27:01 PM org.openqa.selenium.remote.RemoteWebDriver log
WARNING: Executing: isElementDisplayed [0b7fcc2481d3a9bfc317ca3a6bc13bbe1d90ae4c, isElementDisplayed {id=6}]
Apr 25, 2019 6:27:01 PM org.openqa.selenium.remote.RemoteWebDriver log
WARNING: Executed: [0b7fcc2481d3a9bfc317ca3a6bc13bbe1d90ae4c, isElementDisplayed {id=6}]
Apr 25, 2019 6:27:01 PM org.openqa.selenium.remote.RemoteWebDriver log
WARNING: Executing: isElementEnabled [0b7fcc2481d3a9bfc317ca3a6bc13bbe1d90ae4c, isElementEnabled {id=6}]
Apr 25, 2019 6:27:01 PM org.openqa.selenium.remote.RemoteWebDriver log
WARNING: Executed: [0b7fcc2481d3a9bfc317ca3a6bc13bbe1d90ae4c, isElementEnabled {id=6}]
Apr 25, 2019 6:27:01 PM org.openqa.selenium.remote.RemoteWebDriver log
WARNING: Executing: clickElement [0b7fcc2481d3a9bfc317ca3a6bc13bbe1d90ae4c, clickElement {id=6}]
Apr 25, 2019 6:27:02 PM org.openqa.selenium.remote.RemoteWebDriver log
WARNING: Executed: [0b7fcc2481d3a9bfc317ca3a6bc13bbe1d90ae4c, clickElement {id=6}]
Apr 25, 2019 6:27:02 PM org.openqa.selenium.remote.RemoteWebDriver log
WARNING: Executing: findElements [0b7fcc2481d3a9bfc317ca3a6bc13bbe1d90ae4c, findElements {using=css selector, value=div.containerOption}]
Apr 25, 2019 6:27:04 PM org.openqa.selenium.remote.RemoteWebDriver log
WARNING: Executed: [0b7fcc2481d3a9bfc317ca3a6bc13bbe1d90ae4c, findElements {using=css selector, value=div.containerOption}]
Apr 25, 2019 6:27:06 PM org.openqa.selenium.remote.RemoteWebDriver log
WARNING: Executing: findElements [0b7fcc2481d3a9bfc317ca3a6bc13bbe1d90ae4c, findElements {using=css selector, value=div.containerOption}]
Apr 25, 2019 6:27:08 PM org.openqa.selenium.remote.RemoteWebDriver log
WARNING: Executed: [0b7fcc2481d3a9bfc317ca3a6bc13bbe1d90ae4c, findElements {using=css selector, value=div.containerOption}]
]]></system-err>
  </testcase>
  <testcase name="testUpdateAssignee" classname="com.clarolab.DashboardTest" time="17.365">
    <failure message="Timed out after 5 seconds: Element 'By.cssSelector: div#downshift-simple-menu div' never became clickable after '5' seconds
Build info: version: '2.45.0', revision: '5017cb8e7ca8e37638dc3091b2440b90a1d8686f', time: '2015-02-27 09:10:26'
System info: host: '6888e31d0e98', ip: '172.17.0.9', os.name: 'Linux', os.arch: 'amd64', os.version: '4.15.0-29-generic', java.version: '1.8.0_181'
Driver info: org.openqa.selenium.remote.RemoteWebDriver
Capabilities [{mobileEmulationEnabled=false, timeouts={implicit=0, pageLoad=300000, script=30000}, hasTouchScreen=false, platform=WINDOWS, acceptSslCerts=false, goog:chromeOptions={debuggerAddress=localhost:1079}, acceptInsecureCerts=false, webStorageEnabled=true, browserName=chrome, takesScreenshot=true, javascriptEnabled=true, setWindowRect=true, unexpectedAlertBehaviour=ignore, applicationCacheEnabled=false, rotatable=false, networkConnectionEnabled=false, chrome={chromedriverVersion=73.0.3683.68 (47787ec04b6e38e22703e856e101e840b65afe72), userDataDir=C:\Windows\proxy\scoped_dir4504_6451}, takesHeapSnapshot=true, pageLoadStrategy=normal, strictFileInteractability=false, databaseEnabled=false, handlesAlerts=true, version=73.0.3683.86, browserConnectionEnabled=false, nativeEvents=true, webdriver.remote.sessionid=bfbbd3d498f4114a6f4b1a0f8c86d1f5f3a900c6, locationContextEnabled=true, cssSelectorsEnabled=true}]
Session ID: bfbbd3d498f4114a6f4b1a0f8c86d1f5f3a900c6" type="org.openqa.selenium.TimeoutException">org.openqa.selenium.TimeoutException: 
Timed out after 5 seconds: Element 'By.cssSelector: div#downshift-simple-menu div' never became clickable after '5' seconds
Build info: version: '2.45.0', revision: '5017cb8e7ca8e37638dc3091b2440b90a1d8686f', time: '2015-02-27 09:10:26'
System info: host: '6888e31d0e98', ip: '172.17.0.9', os.name: 'Linux', os.arch: 'amd64', os.version: '4.15.0-29-generic', java.version: '1.8.0_181'
Driver info: org.openqa.selenium.remote.RemoteWebDriver
Capabilities [{mobileEmulationEnabled=false, timeouts={implicit=0, pageLoad=300000, script=30000}, hasTouchScreen=false, platform=WINDOWS, acceptSslCerts=false, goog:chromeOptions={debuggerAddress=localhost:1079}, acceptInsecureCerts=false, webStorageEnabled=true, browserName=chrome, takesScreenshot=true, javascriptEnabled=true, setWindowRect=true, unexpectedAlertBehaviour=ignore, applicationCacheEnabled=false, rotatable=false, networkConnectionEnabled=false, chrome={chromedriverVersion=73.0.3683.68 (47787ec04b6e38e22703e856e101e840b65afe72), userDataDir=C:\Windows\proxy\scoped_dir4504_6451}, takesHeapSnapshot=true, pageLoadStrategy=normal, strictFileInteractability=false, databaseEnabled=false, handlesAlerts=true, version=73.0.3683.86, browserConnectionEnabled=false, nativeEvents=true, webdriver.remote.sessionid=bfbbd3d498f4114a6f4b1a0f8c86d1f5f3a900c6, locationContextEnabled=true, cssSelectorsEnabled=true}]
Session ID: bfbbd3d498f4114a6f4b1a0f8c86d1f5f3a900c6
	at com.clarolab.DashboardTest.testUpdateAssignee(DashboardTest.java:43)
</failure>
    <system-err><![CDATA[Apr 25, 2019 6:27:09 PM org.openqa.selenium.remote.RemoteWebDriver log
WARNING: Executing: deleteAllCookies [0b7fcc2481d3a9bfc317ca3a6bc13bbe1d90ae4c, deleteAllCookies {}]
Apr 25, 2019 6:27:09 PM org.openqa.selenium.remote.RemoteWebDriver log
WARNING: Executed: [0b7fcc2481d3a9bfc317ca3a6bc13bbe1d90ae4c, deleteAllCookies {}]
Apr 25, 2019 6:27:09 PM org.openqa.selenium.remote.RemoteWebDriver log
WARNING: Executing: quit [0b7fcc2481d3a9bfc317ca3a6bc13bbe1d90ae4c, quit {}]
Apr 25, 2019 6:27:11 PM org.openqa.selenium.remote.RemoteWebDriver log
WARNING: Executed: [0b7fcc2481d3a9bfc317ca3a6bc13bbe1d90ae4c, quit {}]
Apr 25, 2019 6:27:17 PM org.openqa.selenium.remote.RemoteWebDriver log
WARNING: Executing: setTimeout [bfbbd3d498f4114a6f4b1a0f8c86d1f5f3a900c6, setTimeout {type=page load, ms=80000}]
Apr 25, 2019 6:27:17 PM org.openqa.selenium.remote.RemoteWebDriver log
WARNING: Executed: [bfbbd3d498f4114a6f4b1a0f8c86d1f5f3a900c6, setTimeout {type=page load, ms=80000}]
Apr 25, 2019 6:27:17 PM org.openqa.selenium.remote.RemoteWebDriver log
WARNING: Executing: implicitlyWait [bfbbd3d498f4114a6f4b1a0f8c86d1f5f3a900c6, implicitlyWait {ms=2000}]
Apr 25, 2019 6:27:17 PM org.openqa.selenium.remote.RemoteWebDriver log
WARNING: Executed: [bfbbd3d498f4114a6f4b1a0f8c86d1f5f3a900c6, implicitlyWait {ms=2000}]
Apr 25, 2019 6:27:17 PM org.openqa.selenium.remote.RemoteWebDriver log
WARNING: Executing: get [bfbbd3d498f4114a6f4b1a0f8c86d1f5f3a900c6, get {url=http://tdev.clarolab.com/}]
Apr 25, 2019 6:27:22 PM org.openqa.selenium.remote.RemoteWebDriver log
WARNING: Executed: [bfbbd3d498f4114a6f4b1a0f8c86d1f5f3a900c6, get {url=http://tdev.clarolab.com/}]
Apr 25, 2019 6:27:22 PM org.openqa.selenium.remote.RemoteWebDriver log
WARNING: Executing: getCurrentUrl [bfbbd3d498f4114a6f4b1a0f8c86d1f5f3a900c6, getCurrentUrl {}]
Apr 25, 2019 6:27:23 PM org.openqa.selenium.remote.RemoteWebDriver log
WARNING: Executed: [bfbbd3d498f4114a6f4b1a0f8c86d1f5f3a900c6, getCurrentUrl {}]
Apr 25, 2019 6:27:23 PM org.openqa.selenium.remote.RemoteWebDriver log
WARNING: Executing: getCurrentUrl [bfbbd3d498f4114a6f4b1a0f8c86d1f5f3a900c6, getCurrentUrl {}]
Apr 25, 2019 6:27:23 PM org.openqa.selenium.remote.RemoteWebDriver log
WARNING: Executed: [bfbbd3d498f4114a6f4b1a0f8c86d1f5f3a900c6, getCurrentUrl {}]
Apr 25, 2019 6:27:23 PM org.openqa.selenium.remote.RemoteWebDriver log
WARNING: Executing: findElement [bfbbd3d498f4114a6f4b1a0f8c86d1f5f3a900c6, findElement {using=id, value=loginForm}]
Apr 25, 2019 6:27:23 PM org.openqa.selenium.remote.RemoteWebDriver log
WARNING: Executed: [bfbbd3d498f4114a6f4b1a0f8c86d1f5f3a900c6, findElement {using=id, value=loginForm}]
Apr 25, 2019 6:27:23 PM org.openqa.selenium.remote.RemoteWebDriver log
WARNING: Executing: findElement [bfbbd3d498f4114a6f4b1a0f8c86d1f5f3a900c6, findElement {using=tag name, value=body}]
Apr 25, 2019 6:27:23 PM org.openqa.selenium.remote.RemoteWebDriver log
WARNING: Executed: [bfbbd3d498f4114a6f4b1a0f8c86d1f5f3a900c6, findElement {using=tag name, value=body}]
Apr 25, 2019 6:27:23 PM org.openqa.selenium.remote.RemoteWebDriver log
WARNING: Executing: getElementText [bfbbd3d498f4114a6f4b1a0f8c86d1f5f3a900c6, getElementText {id=1}]
Apr 25, 2019 6:27:24 PM org.openqa.selenium.remote.RemoteWebDriver log
WARNING: Executed: [bfbbd3d498f4114a6f4b1a0f8c86d1f5f3a900c6, getElementText {id=1}]
Apr 25, 2019 6:27:24 PM org.openqa.selenium.remote.RemoteWebDriver log
WARNING: Executing: findElement [bfbbd3d498f4114a6f4b1a0f8c86d1f5f3a900c6, findElement {using=tag name, value=body}]
Apr 25, 2019 6:27:24 PM org.openqa.selenium.remote.RemoteWebDriver log
WARNING: Executed: [bfbbd3d498f4114a6f4b1a0f8c86d1f5f3a900c6, findElement {using=tag name, value=body}]
Apr 25, 2019 6:27:24 PM org.openqa.selenium.remote.RemoteWebDriver log
WARNING: Executing: getElementText [bfbbd3d498f4114a6f4b1a0f8c86d1f5f3a900c6, getElementText {id=1}]
Apr 25, 2019 6:27:25 PM org.openqa.selenium.remote.RemoteWebDriver log
WARNING: Executed: [bfbbd3d498f4114a6f4b1a0f8c86d1f5f3a900c6, getElementText {id=1}]
Apr 25, 2019 6:27:25 PM org.openqa.selenium.remote.RemoteWebDriver log
WARNING: Executing: findElement [bfbbd3d498f4114a6f4b1a0f8c86d1f5f3a900c6, findElement {using=tag name, value=body}]
Apr 25, 2019 6:27:25 PM org.openqa.selenium.remote.RemoteWebDriver log
WARNING: Executed: [bfbbd3d498f4114a6f4b1a0f8c86d1f5f3a900c6, findElement {using=tag name, value=body}]
Apr 25, 2019 6:27:25 PM org.openqa.selenium.remote.RemoteWebDriver log
WARNING: Executing: getElementText [bfbbd3d498f4114a6f4b1a0f8c86d1f5f3a900c6, getElementText {id=1}]
Apr 25, 2019 6:27:26 PM org.openqa.selenium.remote.RemoteWebDriver log
WARNING: Executed: [bfbbd3d498f4114a6f4b1a0f8c86d1f5f3a900c6, getElementText {id=1}]
Apr 25, 2019 6:27:26 PM org.openqa.selenium.remote.RemoteWebDriver log
WARNING: Executing: findElement [bfbbd3d498f4114a6f4b1a0f8c86d1f5f3a900c6, findElement {using=id, value=email}]
Apr 25, 2019 6:27:26 PM org.openqa.selenium.remote.RemoteWebDriver log
WARNING: Executed: [bfbbd3d498f4114a6f4b1a0f8c86d1f5f3a900c6, findElement {using=id, value=email}]
Apr 25, 2019 6:27:26 PM org.openqa.selenium.remote.RemoteWebDriver log
WARNING: Executing: sendKeysToElement [bfbbd3d498f4114a6f4b1a0f8c86d1f5f3a900c6, sendKeysToElement {id=2, value=[Ljava.lang.CharSequence;@4ddbbdf8}]
Apr 25, 2019 6:27:26 PM org.openqa.selenium.remote.RemoteWebDriver log
WARNING: Executed: [bfbbd3d498f4114a6f4b1a0f8c86d1f5f3a900c6, sendKeysToElement {id=2, value=[Ljava.lang.CharSequence;@4ddbbdf8}]
Apr 25, 2019 6:27:26 PM org.openqa.selenium.remote.RemoteWebDriver log
WARNING: Executing: findElement [bfbbd3d498f4114a6f4b1a0f8c86d1f5f3a900c6, findElement {using=id, value=password}]
Apr 25, 2019 6:27:27 PM org.openqa.selenium.remote.RemoteWebDriver log
WARNING: Executed: [bfbbd3d498f4114a6f4b1a0f8c86d1f5f3a900c6, findElement {using=id, value=password}]
Apr 25, 2019 6:27:27 PM org.openqa.selenium.remote.RemoteWebDriver log
WARNING: Executing: sendKeysToElement [bfbbd3d498f4114a6f4b1a0f8c86d1f5f3a900c6, sendKeysToElement {id=3, value=[Ljava.lang.CharSequence;@3f67593e}]
Apr 25, 2019 6:27:27 PM org.openqa.selenium.remote.RemoteWebDriver log
WARNING: Executed: [bfbbd3d498f4114a6f4b1a0f8c86d1f5f3a900c6, sendKeysToElement {id=3, value=[Ljava.lang.CharSequence;@3f67593e}]
Apr 25, 2019 6:27:27 PM org.openqa.selenium.remote.RemoteWebDriver log
WARNING: Executing: findElement [bfbbd3d498f4114a6f4b1a0f8c86d1f5f3a900c6, findElement {using=id, value=internalLoginSubmit}]
Apr 25, 2019 6:27:27 PM org.openqa.selenium.remote.RemoteWebDriver log
WARNING: Executed: [bfbbd3d498f4114a6f4b1a0f8c86d1f5f3a900c6, findElement {using=id, value=internalLoginSubmit}]
Apr 25, 2019 6:27:27 PM org.openqa.selenium.remote.RemoteWebDriver log
WARNING: Executing: isElementDisplayed [bfbbd3d498f4114a6f4b1a0f8c86d1f5f3a900c6, isElementDisplayed {id=4}]
Apr 25, 2019 6:27:27 PM org.openqa.selenium.remote.RemoteWebDriver log
WARNING: Executed: [bfbbd3d498f4114a6f4b1a0f8c86d1f5f3a900c6, isElementDisplayed {id=4}]
Apr 25, 2019 6:27:27 PM org.openqa.selenium.remote.RemoteWebDriver log
WARNING: Executing: isElementEnabled [bfbbd3d498f4114a6f4b1a0f8c86d1f5f3a900c6, isElementEnabled {id=4}]
Apr 25, 2019 6:27:28 PM org.openqa.selenium.remote.RemoteWebDriver log
WARNING: Executed: [bfbbd3d498f4114a6f4b1a0f8c86d1f5f3a900c6, isElementEnabled {id=4}]
Apr 25, 2019 6:27:28 PM org.openqa.selenium.remote.RemoteWebDriver log
WARNING: Executing: clickElement [bfbbd3d498f4114a6f4b1a0f8c86d1f5f3a900c6, clickElement {id=4}]
Apr 25, 2019 6:27:28 PM org.openqa.selenium.remote.RemoteWebDriver log
WARNING: Executed: [bfbbd3d498f4114a6f4b1a0f8c86d1f5f3a900c6, clickElement {id=4}]
Apr 25, 2019 6:27:28 PM org.openqa.selenium.remote.RemoteWebDriver log
WARNING: Executing: getCurrentUrl [bfbbd3d498f4114a6f4b1a0f8c86d1f5f3a900c6, getCurrentUrl {}]
Apr 25, 2019 6:27:28 PM org.openqa.selenium.remote.RemoteWebDriver log
WARNING: Executed: [bfbbd3d498f4114a6f4b1a0f8c86d1f5f3a900c6, getCurrentUrl {}]
Apr 25, 2019 6:27:28 PM org.openqa.selenium.remote.RemoteWebDriver log
WARNING: Executing: findElement [bfbbd3d498f4114a6f4b1a0f8c86d1f5f3a900c6, findElement {using=class name, value=homeRoot}]
Apr 25, 2019 6:27:30 PM org.openqa.selenium.remote.RemoteWebDriver log
WARNING: Executed: [bfbbd3d498f4114a6f4b1a0f8c86d1f5f3a900c6, findElement {using=class name, value=homeRoot}]
Apr 25, 2019 6:27:30 PM org.openqa.selenium.remote.RemoteWebDriver log
WARNING: Executing: findElement [bfbbd3d498f4114a6f4b1a0f8c86d1f5f3a900c6, findElement {using=tag name, value=body}]
Apr 25, 2019 6:27:30 PM org.openqa.selenium.remote.RemoteWebDriver log
WARNING: Executed: [bfbbd3d498f4114a6f4b1a0f8c86d1f5f3a900c6, findElement {using=tag name, value=body}]
Apr 25, 2019 6:27:30 PM org.openqa.selenium.remote.RemoteWebDriver log
WARNING: Executing: getElementText [bfbbd3d498f4114a6f4b1a0f8c86d1f5f3a900c6, getElementText {id=1}]
Apr 25, 2019 6:27:31 PM org.openqa.selenium.remote.RemoteWebDriver log
WARNING: Executed: [bfbbd3d498f4114a6f4b1a0f8c86d1f5f3a900c6, getElementText {id=1}]
Apr 25, 2019 6:27:31 PM org.openqa.selenium.remote.RemoteWebDriver log
WARNING: Executing: findElement [bfbbd3d498f4114a6f4b1a0f8c86d1f5f3a900c6, findElement {using=tag name, value=body}]
Apr 25, 2019 6:27:31 PM org.openqa.selenium.remote.RemoteWebDriver log
WARNING: Executed: [bfbbd3d498f4114a6f4b1a0f8c86d1f5f3a900c6, findElement {using=tag name, value=body}]
Apr 25, 2019 6:27:31 PM org.openqa.selenium.remote.RemoteWebDriver log
WARNING: Executing: getElementText [bfbbd3d498f4114a6f4b1a0f8c86d1f5f3a900c6, getElementText {id=1}]
Apr 25, 2019 6:27:32 PM org.openqa.selenium.remote.RemoteWebDriver log
WARNING: Executed: [bfbbd3d498f4114a6f4b1a0f8c86d1f5f3a900c6, getElementText {id=1}]
Apr 25, 2019 6:27:32 PM org.openqa.selenium.remote.RemoteWebDriver log
WARNING: Executing: findElement [bfbbd3d498f4114a6f4b1a0f8c86d1f5f3a900c6, findElement {using=tag name, value=body}]
Apr 25, 2019 6:27:33 PM org.openqa.selenium.remote.RemoteWebDriver log
WARNING: Executed: [bfbbd3d498f4114a6f4b1a0f8c86d1f5f3a900c6, findElement {using=tag name, value=body}]
Apr 25, 2019 6:27:33 PM org.openqa.selenium.remote.RemoteWebDriver log
WARNING: Executing: getElementText [bfbbd3d498f4114a6f4b1a0f8c86d1f5f3a900c6, getElementText {id=1}]
Apr 25, 2019 6:27:33 PM org.openqa.selenium.remote.RemoteWebDriver log
WARNING: Executed: [bfbbd3d498f4114a6f4b1a0f8c86d1f5f3a900c6, getElementText {id=1}]
Apr 25, 2019 6:27:33 PM org.openqa.selenium.remote.RemoteWebDriver log
WARNING: Executing: getCurrentUrl [bfbbd3d498f4114a6f4b1a0f8c86d1f5f3a900c6, getCurrentUrl {}]
Apr 25, 2019 6:27:34 PM org.openqa.selenium.remote.RemoteWebDriver log
WARNING: Executed: [bfbbd3d498f4114a6f4b1a0f8c86d1f5f3a900c6, getCurrentUrl {}]
Apr 25, 2019 6:27:34 PM org.openqa.selenium.remote.RemoteWebDriver log
WARNING: Executing: getCurrentUrl [bfbbd3d498f4114a6f4b1a0f8c86d1f5f3a900c6, getCurrentUrl {}]
Apr 25, 2019 6:27:34 PM org.openqa.selenium.remote.RemoteWebDriver log
WARNING: Executed: [bfbbd3d498f4114a6f4b1a0f8c86d1f5f3a900c6, getCurrentUrl {}]
Apr 25, 2019 6:27:34 PM org.openqa.selenium.remote.RemoteWebDriver log
WARNING: Executing: findElement [bfbbd3d498f4114a6f4b1a0f8c86d1f5f3a900c6, findElement {using=class name, value=homeRoot}]
Apr 25, 2019 6:27:34 PM org.openqa.selenium.remote.RemoteWebDriver log
WARNING: Executed: [bfbbd3d498f4114a6f4b1a0f8c86d1f5f3a900c6, findElement {using=class name, value=homeRoot}]
Apr 25, 2019 6:27:34 PM org.openqa.selenium.remote.RemoteWebDriver log
WARNING: Executing: findElements [bfbbd3d498f4114a6f4b1a0f8c86d1f5f3a900c6, findElements {using=css selector, value=input#downshift-simple-input}]
Apr 25, 2019 6:27:34 PM org.openqa.selenium.remote.RemoteWebDriver log
WARNING: Executed: [bfbbd3d498f4114a6f4b1a0f8c86d1f5f3a900c6, findElements {using=css selector, value=input#downshift-simple-input}]
Apr 25, 2019 6:27:34 PM org.openqa.selenium.remote.RemoteWebDriver log
WARNING: Executing: isElementDisplayed [bfbbd3d498f4114a6f4b1a0f8c86d1f5f3a900c6, isElementDisplayed {id=6}]
Apr 25, 2019 6:27:34 PM org.openqa.selenium.remote.RemoteWebDriver log
WARNING: Executed: [bfbbd3d498f4114a6f4b1a0f8c86d1f5f3a900c6, isElementDisplayed {id=6}]
Apr 25, 2019 6:27:34 PM org.openqa.selenium.remote.RemoteWebDriver log
WARNING: Executing: getElementAttribute [bfbbd3d498f4114a6f4b1a0f8c86d1f5f3a900c6, getElementAttribute {id=6, name=value}]
Apr 25, 2019 6:27:35 PM org.openqa.selenium.remote.RemoteWebDriver log
WARNING: Executed: [bfbbd3d498f4114a6f4b1a0f8c86d1f5f3a900c6, getElementAttribute {id=6, name=value}]
Apr 25, 2019 6:27:35 PM org.openqa.selenium.remote.RemoteWebDriver log
WARNING: Executing: findElement [bfbbd3d498f4114a6f4b1a0f8c86d1f5f3a900c6, findElement {using=css selector, value=input#downshift-simple-input}]
Apr 25, 2019 6:27:35 PM org.openqa.selenium.remote.RemoteWebDriver log
WARNING: Executed: [bfbbd3d498f4114a6f4b1a0f8c86d1f5f3a900c6, findElement {using=css selector, value=input#downshift-simple-input}]
Apr 25, 2019 6:27:35 PM org.openqa.selenium.remote.RemoteWebDriver log
WARNING: Executing: executeScript [bfbbd3d498f4114a6f4b1a0f8c86d1f5f3a900c6, executeScript {script=return window.innerHeight || document.documentElement.clientHeight || document.body.clientHeight;, args=[]}]
Apr 25, 2019 6:27:35 PM org.openqa.selenium.remote.RemoteWebDriver log
WARNING: Executed: [bfbbd3d498f4114a6f4b1a0f8c86d1f5f3a900c6, executeScript {script=return window.innerHeight || document.documentElement.clientHeight || document.body.clientHeight;, args=[]}]
Apr 25, 2019 6:27:35 PM org.openqa.selenium.remote.RemoteWebDriver log
WARNING: Executing: getElementLocation [bfbbd3d498f4114a6f4b1a0f8c86d1f5f3a900c6, getElementLocation {id=6}]
Apr 25, 2019 6:27:35 PM org.openqa.selenium.remote.RemoteWebDriver log
WARNING: Executed: [bfbbd3d498f4114a6f4b1a0f8c86d1f5f3a900c6, getElementLocation {id=6}]
Apr 25, 2019 6:27:35 PM org.openqa.selenium.remote.RemoteWebDriver log
WARNING: Executing: executeScript [bfbbd3d498f4114a6f4b1a0f8c86d1f5f3a900c6, executeScript {script=window.scrollTo(0, 369), args=[]}]
Apr 25, 2019 6:27:35 PM org.openqa.selenium.remote.RemoteWebDriver log
WARNING: Executed: [bfbbd3d498f4114a6f4b1a0f8c86d1f5f3a900c6, executeScript {script=window.scrollTo(0, 369), args=[]}]
Apr 25, 2019 6:27:35 PM org.openqa.selenium.remote.RemoteWebDriver log
WARNING: Executing: findElement [bfbbd3d498f4114a6f4b1a0f8c86d1f5f3a900c6, findElement {using=tag name, value=body}]
Apr 25, 2019 6:27:36 PM org.openqa.selenium.remote.RemoteWebDriver log
WARNING: Executed: [bfbbd3d498f4114a6f4b1a0f8c86d1f5f3a900c6, findElement {using=tag name, value=body}]
Apr 25, 2019 6:27:36 PM org.openqa.selenium.remote.RemoteWebDriver log
WARNING: Executing: getElementText [bfbbd3d498f4114a6f4b1a0f8c86d1f5f3a900c6, getElementText {id=1}]
Apr 25, 2019 6:27:37 PM org.openqa.selenium.remote.RemoteWebDriver log
WARNING: Executed: [bfbbd3d498f4114a6f4b1a0f8c86d1f5f3a900c6, getElementText {id=1}]
Apr 25, 2019 6:27:38 PM org.openqa.selenium.remote.RemoteWebDriver log
WARNING: Executing: findElement [bfbbd3d498f4114a6f4b1a0f8c86d1f5f3a900c6, findElement {using=tag name, value=body}]
Apr 25, 2019 6:27:38 PM org.openqa.selenium.remote.RemoteWebDriver log
WARNING: Executed: [bfbbd3d498f4114a6f4b1a0f8c86d1f5f3a900c6, findElement {using=tag name, value=body}]
Apr 25, 2019 6:27:38 PM org.openqa.selenium.remote.RemoteWebDriver log
WARNING: Executing: getElementText [bfbbd3d498f4114a6f4b1a0f8c86d1f5f3a900c6, getElementText {id=1}]
Apr 25, 2019 6:27:39 PM org.openqa.selenium.remote.RemoteWebDriver log
WARNING: Executed: [bfbbd3d498f4114a6f4b1a0f8c86d1f5f3a900c6, getElementText {id=1}]
Apr 25, 2019 6:27:39 PM org.openqa.selenium.remote.RemoteWebDriver log
WARNING: Executing: findElements [bfbbd3d498f4114a6f4b1a0f8c86d1f5f3a900c6, findElements {using=css selector, value=input#downshift-simple-input}]
Apr 25, 2019 6:27:39 PM org.openqa.selenium.remote.RemoteWebDriver log
WARNING: Executed: [bfbbd3d498f4114a6f4b1a0f8c86d1f5f3a900c6, findElements {using=css selector, value=input#downshift-simple-input}]
Apr 25, 2019 6:27:39 PM org.openqa.selenium.remote.RemoteWebDriver log
WARNING: Executing: isElementDisplayed [bfbbd3d498f4114a6f4b1a0f8c86d1f5f3a900c6, isElementDisplayed {id=6}]
Apr 25, 2019 6:27:39 PM org.openqa.selenium.remote.RemoteWebDriver log
WARNING: Executed: [bfbbd3d498f4114a6f4b1a0f8c86d1f5f3a900c6, isElementDisplayed {id=6}]
Apr 25, 2019 6:27:39 PM org.openqa.selenium.remote.RemoteWebDriver log
WARNING: Executing: getElementAttribute [bfbbd3d498f4114a6f4b1a0f8c86d1f5f3a900c6, getElementAttribute {id=6, name=value}]
Apr 25, 2019 6:27:39 PM org.openqa.selenium.remote.RemoteWebDriver log
WARNING: Executed: [bfbbd3d498f4114a6f4b1a0f8c86d1f5f3a900c6, getElementAttribute {id=6, name=value}]
Apr 25, 2019 6:27:39 PM org.openqa.selenium.remote.RemoteWebDriver log
WARNING: Executing: sendKeysToElement [bfbbd3d498f4114a6f4b1a0f8c86d1f5f3a900c6, sendKeysToElement {id=6, value=[Ljava.lang.CharSequence;@41ab013}]
Apr 25, 2019 6:27:40 PM org.openqa.selenium.remote.RemoteWebDriver log
WARNING: Executed: [bfbbd3d498f4114a6f4b1a0f8c86d1f5f3a900c6, sendKeysToElement {id=6, value=[Ljava.lang.CharSequence;@41ab013}]
Apr 25, 2019 6:27:40 PM org.openqa.selenium.remote.RemoteWebDriver log
WARNING: Executing: getElementAttribute [bfbbd3d498f4114a6f4b1a0f8c86d1f5f3a900c6, getElementAttribute {id=6, name=value}]
Apr 25, 2019 6:27:40 PM org.openqa.selenium.remote.RemoteWebDriver log
WARNING: Executed: [bfbbd3d498f4114a6f4b1a0f8c86d1f5f3a900c6, getElementAttribute {id=6, name=value}]
Apr 25, 2019 6:27:40 PM org.openqa.selenium.remote.RemoteWebDriver log
WARNING: Executing: sendKeysToElement [bfbbd3d498f4114a6f4b1a0f8c86d1f5f3a900c6, sendKeysToElement {id=6, value=[Ljava.lang.CharSequence;@14bee915}]
Apr 25, 2019 6:27:40 PM org.openqa.selenium.remote.RemoteWebDriver log
WARNING: Executed: [bfbbd3d498f4114a6f4b1a0f8c86d1f5f3a900c6, sendKeysToElement {id=6, value=[Ljava.lang.CharSequence;@14bee915}]
Apr 25, 2019 6:27:40 PM org.openqa.selenium.remote.RemoteWebDriver log
WARNING: Executing: getElementAttribute [bfbbd3d498f4114a6f4b1a0f8c86d1f5f3a900c6, getElementAttribute {id=6, name=value}]
Apr 25, 2019 6:27:40 PM org.openqa.selenium.remote.RemoteWebDriver log
WARNING: Executed: [bfbbd3d498f4114a6f4b1a0f8c86d1f5f3a900c6, getElementAttribute {id=6, name=value}]
Apr 25, 2019 6:27:40 PM org.openqa.selenium.remote.RemoteWebDriver log
WARNING: Executing: sendKeysToElement [bfbbd3d498f4114a6f4b1a0f8c86d1f5f3a900c6, sendKeysToElement {id=6, value=[Ljava.lang.CharSequence;@1115ec15}]
Apr 25, 2019 6:27:41 PM org.openqa.selenium.remote.RemoteWebDriver log
WARNING: Executed: [bfbbd3d498f4114a6f4b1a0f8c86d1f5f3a900c6, sendKeysToElement {id=6, value=[Ljava.lang.CharSequence;@1115ec15}]
Apr 25, 2019 6:27:41 PM org.openqa.selenium.remote.RemoteWebDriver log
WARNING: Executing: getElementAttribute [bfbbd3d498f4114a6f4b1a0f8c86d1f5f3a900c6, getElementAttribute {id=6, name=value}]
Apr 25, 2019 6:27:41 PM org.openqa.selenium.remote.RemoteWebDriver log
WARNING: Executed: [bfbbd3d498f4114a6f4b1a0f8c86d1f5f3a900c6, getElementAttribute {id=6, name=value}]
Apr 25, 2019 6:27:41 PM org.openqa.selenium.remote.RemoteWebDriver log
WARNING: Executing: sendKeysToElement [bfbbd3d498f4114a6f4b1a0f8c86d1f5f3a900c6, sendKeysToElement {id=6, value=[Ljava.lang.CharSequence;@82ea68c}]
Apr 25, 2019 6:27:41 PM org.openqa.selenium.remote.RemoteWebDriver log
WARNING: Executed: [bfbbd3d498f4114a6f4b1a0f8c86d1f5f3a900c6, sendKeysToElement {id=6, value=[Ljava.lang.CharSequence;@82ea68c}]
Apr 25, 2019 6:27:41 PM org.openqa.selenium.remote.RemoteWebDriver log
WARNING: Executing: getElementAttribute [bfbbd3d498f4114a6f4b1a0f8c86d1f5f3a900c6, getElementAttribute {id=6, name=value}]
Apr 25, 2019 6:27:41 PM org.openqa.selenium.remote.RemoteWebDriver log
WARNING: Executed: [bfbbd3d498f4114a6f4b1a0f8c86d1f5f3a900c6, getElementAttribute {id=6, name=value}]
Apr 25, 2019 6:27:41 PM org.openqa.selenium.remote.RemoteWebDriver log
WARNING: Executing: sendKeysToElement [bfbbd3d498f4114a6f4b1a0f8c86d1f5f3a900c6, sendKeysToElement {id=6, value=[Ljava.lang.CharSequence;@59e505b2}]
Apr 25, 2019 6:27:42 PM org.openqa.selenium.remote.RemoteWebDriver log
WARNING: Executed: [bfbbd3d498f4114a6f4b1a0f8c86d1f5f3a900c6, sendKeysToElement {id=6, value=[Ljava.lang.CharSequence;@59e505b2}]
Apr 25, 2019 6:27:42 PM org.openqa.selenium.remote.RemoteWebDriver log
WARNING: Executing: getElementAttribute [bfbbd3d498f4114a6f4b1a0f8c86d1f5f3a900c6, getElementAttribute {id=6, name=value}]
Apr 25, 2019 6:27:42 PM org.openqa.selenium.remote.RemoteWebDriver log
WARNING: Executed: [bfbbd3d498f4114a6f4b1a0f8c86d1f5f3a900c6, getElementAttribute {id=6, name=value}]
Apr 25, 2019 6:27:42 PM org.openqa.selenium.remote.RemoteWebDriver log
WARNING: Executing: sendKeysToElement [bfbbd3d498f4114a6f4b1a0f8c86d1f5f3a900c6, sendKeysToElement {id=6, value=[Ljava.lang.CharSequence;@3af0a9da}]
Apr 25, 2019 6:27:42 PM org.openqa.selenium.remote.RemoteWebDriver log
WARNING: Executed: [bfbbd3d498f4114a6f4b1a0f8c86d1f5f3a900c6, sendKeysToElement {id=6, value=[Ljava.lang.CharSequence;@3af0a9da}]
Apr 25, 2019 6:27:42 PM org.openqa.selenium.remote.RemoteWebDriver log
WARNING: Executing: getElementAttribute [bfbbd3d498f4114a6f4b1a0f8c86d1f5f3a900c6, getElementAttribute {id=6, name=value}]
Apr 25, 2019 6:27:42 PM org.openqa.selenium.remote.RemoteWebDriver log
WARNING: Executed: [bfbbd3d498f4114a6f4b1a0f8c86d1f5f3a900c6, getElementAttribute {id=6, name=value}]
Apr 25, 2019 6:27:42 PM org.openqa.selenium.remote.RemoteWebDriver log
WARNING: Executing: sendKeysToElement [bfbbd3d498f4114a6f4b1a0f8c86d1f5f3a900c6, sendKeysToElement {id=6, value=[Ljava.lang.CharSequence;@43b9fd5}]
Apr 25, 2019 6:27:42 PM org.openqa.selenium.remote.RemoteWebDriver log
WARNING: Executed: [bfbbd3d498f4114a6f4b1a0f8c86d1f5f3a900c6, sendKeysToElement {id=6, value=[Ljava.lang.CharSequence;@43b9fd5}]
Apr 25, 2019 6:27:42 PM org.openqa.selenium.remote.RemoteWebDriver log
WARNING: Executing: getElementAttribute [bfbbd3d498f4114a6f4b1a0f8c86d1f5f3a900c6, getElementAttribute {id=6, name=value}]
Apr 25, 2019 6:27:43 PM org.openqa.selenium.remote.RemoteWebDriver log
WARNING: Executed: [bfbbd3d498f4114a6f4b1a0f8c86d1f5f3a900c6, getElementAttribute {id=6, name=value}]
Apr 25, 2019 6:27:43 PM org.openqa.selenium.remote.RemoteWebDriver log
WARNING: Executing: sendKeysToElement [bfbbd3d498f4114a6f4b1a0f8c86d1f5f3a900c6, sendKeysToElement {id=6, value=[Ljava.lang.CharSequence;@79dc5318}]
Apr 25, 2019 6:27:43 PM org.openqa.selenium.remote.RemoteWebDriver log
WARNING: Executed: [bfbbd3d498f4114a6f4b1a0f8c86d1f5f3a900c6, sendKeysToElement {id=6, value=[Ljava.lang.CharSequence;@79dc5318}]
Apr 25, 2019 6:27:43 PM org.openqa.selenium.remote.RemoteWebDriver log
WARNING: Executing: getElementAttribute [bfbbd3d498f4114a6f4b1a0f8c86d1f5f3a900c6, getElementAttribute {id=6, name=value}]
Apr 25, 2019 6:27:43 PM org.openqa.selenium.remote.RemoteWebDriver log
WARNING: Executed: [bfbbd3d498f4114a6f4b1a0f8c86d1f5f3a900c6, getElementAttribute {id=6, name=value}]
Apr 25, 2019 6:27:43 PM org.openqa.selenium.remote.RemoteWebDriver log
WARNING: Executing: sendKeysToElement [bfbbd3d498f4114a6f4b1a0f8c86d1f5f3a900c6, sendKeysToElement {id=6, value=[Ljava.lang.CharSequence;@8e50104}]
Apr 25, 2019 6:27:43 PM org.openqa.selenium.remote.RemoteWebDriver log
WARNING: Executed: [bfbbd3d498f4114a6f4b1a0f8c86d1f5f3a900c6, sendKeysToElement {id=6, value=[Ljava.lang.CharSequence;@8e50104}]
Apr 25, 2019 6:27:43 PM org.openqa.selenium.remote.RemoteWebDriver log
WARNING: Executing: getElementAttribute [bfbbd3d498f4114a6f4b1a0f8c86d1f5f3a900c6, getElementAttribute {id=6, name=value}]
Apr 25, 2019 6:27:44 PM org.openqa.selenium.remote.RemoteWebDriver log
WARNING: Executed: [bfbbd3d498f4114a6f4b1a0f8c86d1f5f3a900c6, getElementAttribute {id=6, name=value}]
Apr 25, 2019 6:27:44 PM org.openqa.selenium.remote.RemoteWebDriver log
WARNING: Executing: findElement [bfbbd3d498f4114a6f4b1a0f8c86d1f5f3a900c6, findElement {using=css selector, value=input#downshift-simple-input}]
Apr 25, 2019 6:27:44 PM org.openqa.selenium.remote.RemoteWebDriver log
WARNING: Executed: [bfbbd3d498f4114a6f4b1a0f8c86d1f5f3a900c6, findElement {using=css selector, value=input#downshift-simple-input}]
Apr 25, 2019 6:27:44 PM org.openqa.selenium.remote.RemoteWebDriver log
WARNING: Executing: sendKeysToElement [bfbbd3d498f4114a6f4b1a0f8c86d1f5f3a900c6, sendKeysToElement {id=6, value=[Ljava.lang.CharSequence;@37e4d7bb}]
Apr 25, 2019 6:27:44 PM org.openqa.selenium.remote.RemoteWebDriver log
WARNING: Executed: [bfbbd3d498f4114a6f4b1a0f8c86d1f5f3a900c6, sendKeysToElement {id=6, value=[Ljava.lang.CharSequence;@37e4d7bb}]
Apr 25, 2019 6:27:44 PM org.openqa.selenium.remote.RemoteWebDriver log
WARNING: Executing: findElement [bfbbd3d498f4114a6f4b1a0f8c86d1f5f3a900c6, findElement {using=css selector, value=input#downshift-simple-input}]
Apr 25, 2019 6:27:45 PM org.openqa.selenium.remote.RemoteWebDriver log
WARNING: Executed: [bfbbd3d498f4114a6f4b1a0f8c86d1f5f3a900c6, findElement {using=css selector, value=input#downshift-simple-input}]
Apr 25, 2019 6:27:45 PM org.openqa.selenium.remote.RemoteWebDriver log
WARNING: Executing: isElementDisplayed [bfbbd3d498f4114a6f4b1a0f8c86d1f5f3a900c6, isElementDisplayed {id=6}]
Apr 25, 2019 6:27:45 PM org.openqa.selenium.remote.RemoteWebDriver log
WARNING: Executed: [bfbbd3d498f4114a6f4b1a0f8c86d1f5f3a900c6, isElementDisplayed {id=6}]
Apr 25, 2019 6:27:45 PM org.openqa.selenium.remote.RemoteWebDriver log
WARNING: Executing: isElementEnabled [bfbbd3d498f4114a6f4b1a0f8c86d1f5f3a900c6, isElementEnabled {id=6}]
Apr 25, 2019 6:27:45 PM org.openqa.selenium.remote.RemoteWebDriver log
WARNING: Executed: [bfbbd3d498f4114a6f4b1a0f8c86d1f5f3a900c6, isElementEnabled {id=6}]
Apr 25, 2019 6:27:45 PM org.openqa.selenium.remote.RemoteWebDriver log
WARNING: Executing: clickElement [bfbbd3d498f4114a6f4b1a0f8c86d1f5f3a900c6, clickElement {id=6}]
Apr 25, 2019 6:27:45 PM org.openqa.selenium.remote.RemoteWebDriver log
WARNING: Executed: [bfbbd3d498f4114a6f4b1a0f8c86d1f5f3a900c6, clickElement {id=6}]
Apr 25, 2019 6:27:45 PM org.openqa.selenium.remote.RemoteWebDriver log
WARNING: Executing: findElement [bfbbd3d498f4114a6f4b1a0f8c86d1f5f3a900c6, findElement {using=css selector, value=div#downshift-simple-menu div}]
Apr 25, 2019 6:27:46 PM org.openqa.selenium.remote.RemoteWebDriver log
WARNING: Executed: [bfbbd3d498f4114a6f4b1a0f8c86d1f5f3a900c6, findElement {using=css selector, value=div#downshift-simple-menu div}]
Apr 25, 2019 6:27:46 PM org.openqa.selenium.remote.RemoteWebDriver log
WARNING: Executing: isElementDisplayed [bfbbd3d498f4114a6f4b1a0f8c86d1f5f3a900c6, isElementDisplayed {id=8}]
Apr 25, 2019 6:27:46 PM org.openqa.selenium.remote.RemoteWebDriver log
WARNING: Executed: [bfbbd3d498f4114a6f4b1a0f8c86d1f5f3a900c6, isElementDisplayed {id=8}]
Apr 25, 2019 6:27:47 PM org.openqa.selenium.remote.RemoteWebDriver log
WARNING: Executing: findElement [bfbbd3d498f4114a6f4b1a0f8c86d1f5f3a900c6, findElement {using=css selector, value=div#downshift-simple-menu div}]
Apr 25, 2019 6:27:47 PM org.openqa.selenium.remote.RemoteWebDriver log
WARNING: Executed: [bfbbd3d498f4114a6f4b1a0f8c86d1f5f3a900c6, findElement {using=css selector, value=div#downshift-simple-menu div}]
Apr 25, 2019 6:27:47 PM org.openqa.selenium.remote.RemoteWebDriver log
WARNING: Executing: isElementDisplayed [bfbbd3d498f4114a6f4b1a0f8c86d1f5f3a900c6, isElementDisplayed {id=8}]
Apr 25, 2019 6:27:47 PM org.openqa.selenium.remote.RemoteWebDriver log
WARNING: Executed: [bfbbd3d498f4114a6f4b1a0f8c86d1f5f3a900c6, isElementDisplayed {id=8}]
Apr 25, 2019 6:27:47 PM org.openqa.selenium.remote.RemoteWebDriver log
WARNING: Executing: findElement [bfbbd3d498f4114a6f4b1a0f8c86d1f5f3a900c6, findElement {using=css selector, value=div#downshift-simple-menu div}]
Apr 25, 2019 6:27:48 PM org.openqa.selenium.remote.RemoteWebDriver log
WARNING: Executed: [bfbbd3d498f4114a6f4b1a0f8c86d1f5f3a900c6, findElement {using=css selector, value=div#downshift-simple-menu div}]
Apr 25, 2019 6:27:48 PM org.openqa.selenium.remote.RemoteWebDriver log
WARNING: Executing: isElementDisplayed [bfbbd3d498f4114a6f4b1a0f8c86d1f5f3a900c6, isElementDisplayed {id=8}]
Apr 25, 2019 6:27:48 PM org.openqa.selenium.remote.RemoteWebDriver log
WARNING: Executed: [bfbbd3d498f4114a6f4b1a0f8c86d1f5f3a900c6, isElementDisplayed {id=8}]
Apr 25, 2019 6:27:48 PM org.openqa.selenium.remote.RemoteWebDriver log
WARNING: Executing: findElement [bfbbd3d498f4114a6f4b1a0f8c86d1f5f3a900c6, findElement {using=css selector, value=div#downshift-simple-menu div}]
Apr 25, 2019 6:27:49 PM org.openqa.selenium.remote.RemoteWebDriver log
WARNING: Executed: [bfbbd3d498f4114a6f4b1a0f8c86d1f5f3a900c6, findElement {using=css selector, value=div#downshift-simple-menu div}]
Apr 25, 2019 6:27:49 PM org.openqa.selenium.remote.RemoteWebDriver log
WARNING: Executing: isElementDisplayed [bfbbd3d498f4114a6f4b1a0f8c86d1f5f3a900c6, isElementDisplayed {id=8}]
Apr 25, 2019 6:27:49 PM org.openqa.selenium.remote.RemoteWebDriver log
WARNING: Executed: [bfbbd3d498f4114a6f4b1a0f8c86d1f5f3a900c6, isElementDisplayed {id=8}]
Apr 25, 2019 6:27:49 PM org.openqa.selenium.remote.RemoteWebDriver log
WARNING: Executing: findElement [bfbbd3d498f4114a6f4b1a0f8c86d1f5f3a900c6, findElement {using=css selector, value=div#downshift-simple-menu div}]
Apr 25, 2019 6:27:49 PM org.openqa.selenium.remote.RemoteWebDriver log
WARNING: Executed: [bfbbd3d498f4114a6f4b1a0f8c86d1f5f3a900c6, findElement {using=css selector, value=div#downshift-simple-menu div}]
Apr 25, 2019 6:27:49 PM org.openqa.selenium.remote.RemoteWebDriver log
WARNING: Executing: isElementDisplayed [bfbbd3d498f4114a6f4b1a0f8c86d1f5f3a900c6, isElementDisplayed {id=8}]
Apr 25, 2019 6:27:50 PM org.openqa.selenium.remote.RemoteWebDriver log
WARNING: Executed: [bfbbd3d498f4114a6f4b1a0f8c86d1f5f3a900c6, isElementDisplayed {id=8}]
Apr 25, 2019 6:27:50 PM org.openqa.selenium.remote.RemoteWebDriver log
WARNING: Executing: findElement [bfbbd3d498f4114a6f4b1a0f8c86d1f5f3a900c6, findElement {using=css selector, value=div#downshift-simple-menu div}]
Apr 25, 2019 6:27:50 PM org.openqa.selenium.remote.RemoteWebDriver log
WARNING: Executed: [bfbbd3d498f4114a6f4b1a0f8c86d1f5f3a900c6, findElement {using=css selector, value=div#downshift-simple-menu div}]
Apr 25, 2019 6:27:50 PM org.openqa.selenium.remote.RemoteWebDriver log
WARNING: Executing: isElementDisplayed [bfbbd3d498f4114a6f4b1a0f8c86d1f5f3a900c6, isElementDisplayed {id=8}]
Apr 25, 2019 6:27:51 PM org.openqa.selenium.remote.RemoteWebDriver log
WARNING: Executed: [bfbbd3d498f4114a6f4b1a0f8c86d1f5f3a900c6, isElementDisplayed {id=8}]
]]></system-err>
  </testcase>
  <testcase name="updateJobPriority" classname="com.clarolab.DashboardTest" time="2.552">
    <failure type="java.lang.NullPointerException">java.lang.NullPointerException
	at com.clarolab.DashboardTest.updateJobPriority(DashboardTest.java:24)
</failure>
    <system-err><![CDATA[Apr 25, 2019 6:27:51 PM org.openqa.selenium.remote.RemoteWebDriver log
WARNING: Executing: deleteAllCookies [bfbbd3d498f4114a6f4b1a0f8c86d1f5f3a900c6, deleteAllCookies {}]
Apr 25, 2019 6:27:51 PM org.openqa.selenium.remote.RemoteWebDriver log
WARNING: Executed: [bfbbd3d498f4114a6f4b1a0f8c86d1f5f3a900c6, deleteAllCookies {}]
Apr 25, 2019 6:27:51 PM org.openqa.selenium.remote.RemoteWebDriver log
WARNING: Executing: quit [bfbbd3d498f4114a6f4b1a0f8c86d1f5f3a900c6, quit {}]
Apr 25, 2019 6:27:53 PM org.openqa.selenium.remote.RemoteWebDriver log
WARNING: Executed: [bfbbd3d498f4114a6f4b1a0f8c86d1f5f3a900c6, quit {}]
Apr 25, 2019 6:28:02 PM org.openqa.selenium.remote.RemoteWebDriver log
WARNING: Executing: setTimeout [6fdad59b6e6fac3368743f1b773f5ddbe0819393, setTimeout {type=page load, ms=80000}]
Apr 25, 2019 6:28:02 PM org.openqa.selenium.remote.RemoteWebDriver log
WARNING: Executed: [6fdad59b6e6fac3368743f1b773f5ddbe0819393, setTimeout {type=page load, ms=80000}]
Apr 25, 2019 6:28:02 PM org.openqa.selenium.remote.RemoteWebDriver log
WARNING: Executing: implicitlyWait [6fdad59b6e6fac3368743f1b773f5ddbe0819393, implicitlyWait {ms=2000}]
Apr 25, 2019 6:28:02 PM org.openqa.selenium.remote.RemoteWebDriver log
WARNING: Executed: [6fdad59b6e6fac3368743f1b773f5ddbe0819393, implicitlyWait {ms=2000}]
Apr 25, 2019 6:28:02 PM org.openqa.selenium.remote.RemoteWebDriver log
WARNING: Executing: get [6fdad59b6e6fac3368743f1b773f5ddbe0819393, get {url=http://tdev.clarolab.com/}]
Apr 25, 2019 6:28:09 PM org.openqa.selenium.remote.RemoteWebDriver log
WARNING: Executed: [6fdad59b6e6fac3368743f1b773f5ddbe0819393, get {url=http://tdev.clarolab.com/}]
Apr 25, 2019 6:28:09 PM org.openqa.selenium.remote.RemoteWebDriver log
WARNING: Executing: getCurrentUrl [6fdad59b6e6fac3368743f1b773f5ddbe0819393, getCurrentUrl {}]
Apr 25, 2019 6:28:09 PM org.openqa.selenium.remote.RemoteWebDriver log
WARNING: Executed: [6fdad59b6e6fac3368743f1b773f5ddbe0819393, getCurrentUrl {}]
Apr 25, 2019 6:28:09 PM org.openqa.selenium.remote.RemoteWebDriver log
WARNING: Executing: getCurrentUrl [6fdad59b6e6fac3368743f1b773f5ddbe0819393, getCurrentUrl {}]
Apr 25, 2019 6:28:09 PM org.openqa.selenium.remote.RemoteWebDriver log
WARNING: Executed: [6fdad59b6e6fac3368743f1b773f5ddbe0819393, getCurrentUrl {}]
Apr 25, 2019 6:28:09 PM org.openqa.selenium.remote.RemoteWebDriver log
WARNING: Executing: findElement [6fdad59b6e6fac3368743f1b773f5ddbe0819393, findElement {using=id, value=loginForm}]
Apr 25, 2019 6:28:09 PM org.openqa.selenium.remote.RemoteWebDriver log
WARNING: Executed: [6fdad59b6e6fac3368743f1b773f5ddbe0819393, findElement {using=id, value=loginForm}]
Apr 25, 2019 6:28:09 PM org.openqa.selenium.remote.RemoteWebDriver log
WARNING: Executing: findElement [6fdad59b6e6fac3368743f1b773f5ddbe0819393, findElement {using=tag name, value=body}]
Apr 25, 2019 6:28:10 PM org.openqa.selenium.remote.RemoteWebDriver log
WARNING: Executed: [6fdad59b6e6fac3368743f1b773f5ddbe0819393, findElement {using=tag name, value=body}]
Apr 25, 2019 6:28:10 PM org.openqa.selenium.remote.RemoteWebDriver log
WARNING: Executing: getElementText [6fdad59b6e6fac3368743f1b773f5ddbe0819393, getElementText {id=1}]
Apr 25, 2019 6:28:10 PM org.openqa.selenium.remote.RemoteWebDriver log
WARNING: Executed: [6fdad59b6e6fac3368743f1b773f5ddbe0819393, getElementText {id=1}]
Apr 25, 2019 6:28:11 PM org.openqa.selenium.remote.RemoteWebDriver log
WARNING: Executing: findElement [6fdad59b6e6fac3368743f1b773f5ddbe0819393, findElement {using=tag name, value=body}]
Apr 25, 2019 6:28:11 PM org.openqa.selenium.remote.RemoteWebDriver log
WARNING: Executed: [6fdad59b6e6fac3368743f1b773f5ddbe0819393, findElement {using=tag name, value=body}]
Apr 25, 2019 6:28:11 PM org.openqa.selenium.remote.RemoteWebDriver log
WARNING: Executing: getElementText [6fdad59b6e6fac3368743f1b773f5ddbe0819393, getElementText {id=1}]
Apr 25, 2019 6:28:11 PM org.openqa.selenium.remote.RemoteWebDriver log
WARNING: Executed: [6fdad59b6e6fac3368743f1b773f5ddbe0819393, getElementText {id=1}]
Apr 25, 2019 6:28:12 PM org.openqa.selenium.remote.RemoteWebDriver log
WARNING: Executing: findElement [6fdad59b6e6fac3368743f1b773f5ddbe0819393, findElement {using=tag name, value=body}]
Apr 25, 2019 6:28:12 PM org.openqa.selenium.remote.RemoteWebDriver log
WARNING: Executed: [6fdad59b6e6fac3368743f1b773f5ddbe0819393, findElement {using=tag name, value=body}]
Apr 25, 2019 6:28:12 PM org.openqa.selenium.remote.RemoteWebDriver log
WARNING: Executing: getElementText [6fdad59b6e6fac3368743f1b773f5ddbe0819393, getElementText {id=1}]
Apr 25, 2019 6:28:12 PM org.openqa.selenium.remote.RemoteWebDriver log
WARNING: Executed: [6fdad59b6e6fac3368743f1b773f5ddbe0819393, getElementText {id=1}]
Apr 25, 2019 6:28:12 PM org.openqa.selenium.remote.RemoteWebDriver log
WARNING: Executing: findElement [6fdad59b6e6fac3368743f1b773f5ddbe0819393, findElement {using=id, value=email}]
Apr 25, 2019 6:28:13 PM org.openqa.selenium.remote.RemoteWebDriver log
WARNING: Executed: [6fdad59b6e6fac3368743f1b773f5ddbe0819393, findElement {using=id, value=email}]
Apr 25, 2019 6:28:13 PM org.openqa.selenium.remote.RemoteWebDriver log
WARNING: Executing: sendKeysToElement [6fdad59b6e6fac3368743f1b773f5ddbe0819393, sendKeysToElement {id=2, value=[Ljava.lang.CharSequence;@63611043}]
Apr 25, 2019 6:28:13 PM org.openqa.selenium.remote.RemoteWebDriver log
WARNING: Executed: [6fdad59b6e6fac3368743f1b773f5ddbe0819393, sendKeysToElement {id=2, value=[Ljava.lang.CharSequence;@63611043}]
Apr 25, 2019 6:28:13 PM org.openqa.selenium.remote.RemoteWebDriver log
WARNING: Executing: findElement [6fdad59b6e6fac3368743f1b773f5ddbe0819393, findElement {using=id, value=password}]
Apr 25, 2019 6:28:13 PM org.openqa.selenium.remote.RemoteWebDriver log
WARNING: Executed: [6fdad59b6e6fac3368743f1b773f5ddbe0819393, findElement {using=id, value=password}]
Apr 25, 2019 6:28:13 PM org.openqa.selenium.remote.RemoteWebDriver log
WARNING: Executing: sendKeysToElement [6fdad59b6e6fac3368743f1b773f5ddbe0819393, sendKeysToElement {id=3, value=[Ljava.lang.CharSequence;@20ca951f}]
Apr 25, 2019 6:28:14 PM org.openqa.selenium.remote.RemoteWebDriver log
WARNING: Executed: [6fdad59b6e6fac3368743f1b773f5ddbe0819393, sendKeysToElement {id=3, value=[Ljava.lang.CharSequence;@20ca951f}]
Apr 25, 2019 6:28:14 PM org.openqa.selenium.remote.RemoteWebDriver log
WARNING: Executing: findElement [6fdad59b6e6fac3368743f1b773f5ddbe0819393, findElement {using=id, value=internalLoginSubmit}]
Apr 25, 2019 6:28:14 PM org.openqa.selenium.remote.RemoteWebDriver log
WARNING: Executed: [6fdad59b6e6fac3368743f1b773f5ddbe0819393, findElement {using=id, value=internalLoginSubmit}]
Apr 25, 2019 6:28:14 PM org.openqa.selenium.remote.RemoteWebDriver log
WARNING: Executing: isElementDisplayed [6fdad59b6e6fac3368743f1b773f5ddbe0819393, isElementDisplayed {id=4}]
Apr 25, 2019 6:28:14 PM org.openqa.selenium.remote.RemoteWebDriver log
WARNING: Executed: [6fdad59b6e6fac3368743f1b773f5ddbe0819393, isElementDisplayed {id=4}]
Apr 25, 2019 6:28:14 PM org.openqa.selenium.remote.RemoteWebDriver log
WARNING: Executing: isElementEnabled [6fdad59b6e6fac3368743f1b773f5ddbe0819393, isElementEnabled {id=4}]
Apr 25, 2019 6:28:14 PM org.openqa.selenium.remote.RemoteWebDriver log
WARNING: Executed: [6fdad59b6e6fac3368743f1b773f5ddbe0819393, isElementEnabled {id=4}]
Apr 25, 2019 6:28:14 PM org.openqa.selenium.remote.RemoteWebDriver log
WARNING: Executing: clickElement [6fdad59b6e6fac3368743f1b773f5ddbe0819393, clickElement {id=4}]
Apr 25, 2019 6:28:15 PM org.openqa.selenium.remote.RemoteWebDriver log
WARNING: Executed: [6fdad59b6e6fac3368743f1b773f5ddbe0819393, clickElement {id=4}]
Apr 25, 2019 6:28:15 PM org.openqa.selenium.remote.RemoteWebDriver log
WARNING: Executing: getCurrentUrl [6fdad59b6e6fac3368743f1b773f5ddbe0819393, getCurrentUrl {}]
Apr 25, 2019 6:28:15 PM org.openqa.selenium.remote.RemoteWebDriver log
WARNING: Executed: [6fdad59b6e6fac3368743f1b773f5ddbe0819393, getCurrentUrl {}]
Apr 25, 2019 6:28:15 PM org.openqa.selenium.remote.RemoteWebDriver log
WARNING: Executing: findElement [6fdad59b6e6fac3368743f1b773f5ddbe0819393, findElement {using=class name, value=homeRoot}]
Apr 25, 2019 6:28:17 PM org.openqa.selenium.remote.RemoteWebDriver log
WARNING: Executed: [6fdad59b6e6fac3368743f1b773f5ddbe0819393, findElement {using=class name, value=homeRoot}]
Apr 25, 2019 6:28:17 PM org.openqa.selenium.remote.RemoteWebDriver log
WARNING: Executing: findElement [6fdad59b6e6fac3368743f1b773f5ddbe0819393, findElement {using=tag name, value=body}]
Apr 25, 2019 6:28:17 PM org.openqa.selenium.remote.RemoteWebDriver log
WARNING: Executed: [6fdad59b6e6fac3368743f1b773f5ddbe0819393, findElement {using=tag name, value=body}]
Apr 25, 2019 6:28:17 PM org.openqa.selenium.remote.RemoteWebDriver log
WARNING: Executing: getElementText [6fdad59b6e6fac3368743f1b773f5ddbe0819393, getElementText {id=1}]
Apr 25, 2019 6:28:17 PM org.openqa.selenium.remote.RemoteWebDriver log
WARNING: Executed: [6fdad59b6e6fac3368743f1b773f5ddbe0819393, getElementText {id=1}]
Apr 25, 2019 6:28:18 PM org.openqa.selenium.remote.RemoteWebDriver log
WARNING: Executing: findElement [6fdad59b6e6fac3368743f1b773f5ddbe0819393, findElement {using=tag name, value=body}]
Apr 25, 2019 6:28:18 PM org.openqa.selenium.remote.RemoteWebDriver log
WARNING: Executed: [6fdad59b6e6fac3368743f1b773f5ddbe0819393, findElement {using=tag name, value=body}]
Apr 25, 2019 6:28:18 PM org.openqa.selenium.remote.RemoteWebDriver log
WARNING: Executing: getElementText [6fdad59b6e6fac3368743f1b773f5ddbe0819393, getElementText {id=1}]
Apr 25, 2019 6:28:19 PM org.openqa.selenium.remote.RemoteWebDriver log
WARNING: Executed: [6fdad59b6e6fac3368743f1b773f5ddbe0819393, getElementText {id=1}]
Apr 25, 2019 6:28:19 PM org.openqa.selenium.remote.RemoteWebDriver log
WARNING: Executing: findElement [6fdad59b6e6fac3368743f1b773f5ddbe0819393, findElement {using=tag name, value=body}]
Apr 25, 2019 6:28:19 PM org.openqa.selenium.remote.RemoteWebDriver log
WARNING: Executed: [6fdad59b6e6fac3368743f1b773f5ddbe0819393, findElement {using=tag name, value=body}]
Apr 25, 2019 6:28:19 PM org.openqa.selenium.remote.RemoteWebDriver log
WARNING: Executing: getElementText [6fdad59b6e6fac3368743f1b773f5ddbe0819393, getElementText {id=1}]
Apr 25, 2019 6:28:20 PM org.openqa.selenium.remote.RemoteWebDriver log
WARNING: Executed: [6fdad59b6e6fac3368743f1b773f5ddbe0819393, getElementText {id=1}]
Apr 25, 2019 6:28:20 PM org.openqa.selenium.remote.RemoteWebDriver log
WARNING: Executing: getCurrentUrl [6fdad59b6e6fac3368743f1b773f5ddbe0819393, getCurrentUrl {}]
Apr 25, 2019 6:28:20 PM org.openqa.selenium.remote.RemoteWebDriver log
WARNING: Executed: [6fdad59b6e6fac3368743f1b773f5ddbe0819393, getCurrentUrl {}]
Apr 25, 2019 6:28:20 PM org.openqa.selenium.remote.RemoteWebDriver log
WARNING: Executing: getCurrentUrl [6fdad59b6e6fac3368743f1b773f5ddbe0819393, getCurrentUrl {}]
Apr 25, 2019 6:28:20 PM org.openqa.selenium.remote.RemoteWebDriver log
WARNING: Executed: [6fdad59b6e6fac3368743f1b773f5ddbe0819393, getCurrentUrl {}]
Apr 25, 2019 6:28:20 PM org.openqa.selenium.remote.RemoteWebDriver log
WARNING: Executing: findElement [6fdad59b6e6fac3368743f1b773f5ddbe0819393, findElement {using=class name, value=homeRoot}]
Apr 25, 2019 6:28:21 PM org.openqa.selenium.remote.RemoteWebDriver log
WARNING: Executed: [6fdad59b6e6fac3368743f1b773f5ddbe0819393, findElement {using=class name, value=homeRoot}]
Apr 25, 2019 6:28:21 PM org.openqa.selenium.remote.RemoteWebDriver log
WARNING: Executing: findElements [6fdad59b6e6fac3368743f1b773f5ddbe0819393, findElements {using=css selector, value=tr.jobsTableRow}]
Apr 25, 2019 6:28:21 PM org.openqa.selenium.remote.RemoteWebDriver log
WARNING: Executed: [6fdad59b6e6fac3368743f1b773f5ddbe0819393, findElements {using=css selector, value=tr.jobsTableRow}]
Apr 25, 2019 6:28:21 PM org.openqa.selenium.remote.RemoteWebDriver log
WARNING: Executing: getElementText [6fdad59b6e6fac3368743f1b773f5ddbe0819393, getElementText {id=6}]
Apr 25, 2019 6:28:21 PM org.openqa.selenium.remote.RemoteWebDriver log
WARNING: Executed: [6fdad59b6e6fac3368743f1b773f5ddbe0819393, getElementText {id=6}]
Apr 25, 2019 6:28:21 PM org.openqa.selenium.remote.RemoteWebDriver log
WARNING: Executing: getElementText [6fdad59b6e6fac3368743f1b773f5ddbe0819393, getElementText {id=7}]
Apr 25, 2019 6:28:22 PM org.openqa.selenium.remote.RemoteWebDriver log
WARNING: Executed: [6fdad59b6e6fac3368743f1b773f5ddbe0819393, getElementText {id=7}]
Apr 25, 2019 6:28:22 PM org.openqa.selenium.remote.RemoteWebDriver log
WARNING: Executing: getElementText [6fdad59b6e6fac3368743f1b773f5ddbe0819393, getElementText {id=8}]
Apr 25, 2019 6:28:22 PM org.openqa.selenium.remote.RemoteWebDriver log
WARNING: Executed: [6fdad59b6e6fac3368743f1b773f5ddbe0819393, getElementText {id=8}]
Apr 25, 2019 6:28:22 PM org.openqa.selenium.remote.RemoteWebDriver log
WARNING: Executing: getElementText [6fdad59b6e6fac3368743f1b773f5ddbe0819393, getElementText {id=9}]
Apr 25, 2019 6:28:22 PM org.openqa.selenium.remote.RemoteWebDriver log
WARNING: Executed: [6fdad59b6e6fac3368743f1b773f5ddbe0819393, getElementText {id=9}]
Apr 25, 2019 6:28:22 PM org.openqa.selenium.remote.RemoteWebDriver log
WARNING: Executing: getElementText [6fdad59b6e6fac3368743f1b773f5ddbe0819393, getElementText {id=10}]
Apr 25, 2019 6:28:23 PM org.openqa.selenium.remote.RemoteWebDriver log
WARNING: Executed: [6fdad59b6e6fac3368743f1b773f5ddbe0819393, getElementText {id=10}]
]]></system-err>
  </testcase>
  <testcase name="testCommentSave" classname="com.clarolab.TriageTest" time="35.517"/>
  <testcase name="testOptionsSave" classname="com.clarolab.TriageTest" time="72.58"/>
  <testcase name="testProductBugSave" classname="com.clarolab.TriageTest" time="40.511">
    <failure message="Timed out after 5 seconds: Failure in findElementContainingTextWithWait: never found text 'Delete User test' in element with locator 'By.cssSelector: div[data-testcase-triage-category='FAIL'] div.testName' with timeout of 5 seconds
Build info: version: '2.45.0', revision: '5017cb8e7ca8e37638dc3091b2440b90a1d8686f', time: '2015-02-27 09:10:26'
System info: host: '6888e31d0e98', ip: '172.17.0.9', os.name: 'Linux', os.arch: 'amd64', os.version: '4.15.0-29-generic', java.version: '1.8.0_181'
Driver info: org.openqa.selenium.remote.RemoteWebDriver
Capabilities [{mobileEmulationEnabled=false, timeouts={implicit=0, pageLoad=300000, script=30000}, hasTouchScreen=false, platform=WINDOWS, acceptSslCerts=false, goog:chromeOptions={debuggerAddress=localhost:1090}, acceptInsecureCerts=false, webStorageEnabled=true, browserName=chrome, takesScreenshot=true, javascriptEnabled=true, setWindowRect=true, unexpectedAlertBehaviour=ignore, applicationCacheEnabled=false, rotatable=false, networkConnectionEnabled=false, chrome={chromedriverVersion=73.0.3683.68 (47787ec04b6e38e22703e856e101e840b65afe72), userDataDir=C:\Windows\proxy\scoped_dir4084_21336}, takesHeapSnapshot=true, pageLoadStrategy=normal, strictFileInteractability=false, databaseEnabled=false, handlesAlerts=true, version=73.0.3683.86, browserConnectionEnabled=false, nativeEvents=true, webdriver.remote.sessionid=dfe063e1279f945deb7836ae7c524d36d41d5a00, locationContextEnabled=true, cssSelectorsEnabled=true}]
Session ID: dfe063e1279f945deb7836ae7c524d36d41d5a00" type="org.openqa.selenium.TimeoutException">org.openqa.selenium.TimeoutException: 
Timed out after 5 seconds: Failure in findElementContainingTextWithWait: never found text 'Delete User test' in element with locator 'By.cssSelector: div[data-testcase-triage-category='FAIL'] div.testName' with timeout of 5 seconds
Build info: version: '2.45.0', revision: '5017cb8e7ca8e37638dc3091b2440b90a1d8686f', time: '2015-02-27 09:10:26'
System info: host: '6888e31d0e98', ip: '172.17.0.9', os.name: 'Linux', os.arch: 'amd64', os.version: '4.15.0-29-generic', java.version: '1.8.0_181'
Driver info: org.openqa.selenium.remote.RemoteWebDriver
Capabilities [{mobileEmulationEnabled=false, timeouts={implicit=0, pageLoad=300000, script=30000}, hasTouchScreen=false, platform=WINDOWS, acceptSslCerts=false, goog:chromeOptions={debuggerAddress=localhost:1090}, acceptInsecureCerts=false, webStorageEnabled=true, browserName=chrome, takesScreenshot=true, javascriptEnabled=true, setWindowRect=true, unexpectedAlertBehaviour=ignore, applicationCacheEnabled=false, rotatable=false, networkConnectionEnabled=false, chrome={chromedriverVersion=73.0.3683.68 (47787ec04b6e38e22703e856e101e840b65afe72), userDataDir=C:\Windows\proxy\scoped_dir4084_21336}, takesHeapSnapshot=true, pageLoadStrategy=normal, strictFileInteractability=false, databaseEnabled=false, handlesAlerts=true, version=73.0.3683.86, browserConnectionEnabled=false, nativeEvents=true, webdriver.remote.sessionid=dfe063e1279f945deb7836ae7c524d36d41d5a00, locationContextEnabled=true, cssSelectorsEnabled=true}]
Session ID: dfe063e1279f945deb7836ae7c524d36d41d5a00
	at com.clarolab.TriageTest.testProductBugSave(TriageTest.java:53)
</failure>
    <system-err><![CDATA[Apr 25, 2019 6:31:15 PM org.openqa.selenium.remote.RemoteWebDriver log
WARNING: Executing: deleteAllCookies [4fe352ac43cf8d7fd4a586f6ffc5c95ea660fb3c, deleteAllCookies {}]
Apr 25, 2019 6:31:15 PM org.openqa.selenium.remote.RemoteWebDriver log
WARNING: Executed: [4fe352ac43cf8d7fd4a586f6ffc5c95ea660fb3c, deleteAllCookies {}]
Apr 25, 2019 6:31:15 PM org.openqa.selenium.remote.RemoteWebDriver log
WARNING: Executing: quit [4fe352ac43cf8d7fd4a586f6ffc5c95ea660fb3c, quit {}]
Apr 25, 2019 6:31:16 PM org.openqa.selenium.remote.RemoteWebDriver log
WARNING: Executed: [4fe352ac43cf8d7fd4a586f6ffc5c95ea660fb3c, quit {}]
Apr 25, 2019 6:31:21 PM org.openqa.selenium.remote.RemoteWebDriver log
WARNING: Executing: setTimeout [dfe063e1279f945deb7836ae7c524d36d41d5a00, setTimeout {type=page load, ms=80000}]
Apr 25, 2019 6:31:21 PM org.openqa.selenium.remote.RemoteWebDriver log
WARNING: Executed: [dfe063e1279f945deb7836ae7c524d36d41d5a00, setTimeout {type=page load, ms=80000}]
Apr 25, 2019 6:31:21 PM org.openqa.selenium.remote.RemoteWebDriver log
WARNING: Executing: implicitlyWait [dfe063e1279f945deb7836ae7c524d36d41d5a00, implicitlyWait {ms=2000}]
Apr 25, 2019 6:31:21 PM org.openqa.selenium.remote.RemoteWebDriver log
WARNING: Executed: [dfe063e1279f945deb7836ae7c524d36d41d5a00, implicitlyWait {ms=2000}]
Apr 25, 2019 6:31:21 PM org.openqa.selenium.remote.RemoteWebDriver log
WARNING: Executing: get [dfe063e1279f945deb7836ae7c524d36d41d5a00, get {url=http://tdev.clarolab.com/}]
Apr 25, 2019 6:31:26 PM org.openqa.selenium.remote.RemoteWebDriver log
WARNING: Executed: [dfe063e1279f945deb7836ae7c524d36d41d5a00, get {url=http://tdev.clarolab.com/}]
Apr 25, 2019 6:31:26 PM org.openqa.selenium.remote.RemoteWebDriver log
WARNING: Executing: getCurrentUrl [dfe063e1279f945deb7836ae7c524d36d41d5a00, getCurrentUrl {}]
Apr 25, 2019 6:31:27 PM org.openqa.selenium.remote.RemoteWebDriver log
WARNING: Executed: [dfe063e1279f945deb7836ae7c524d36d41d5a00, getCurrentUrl {}]
Apr 25, 2019 6:31:27 PM org.openqa.selenium.remote.RemoteWebDriver log
WARNING: Executing: getCurrentUrl [dfe063e1279f945deb7836ae7c524d36d41d5a00, getCurrentUrl {}]
Apr 25, 2019 6:31:27 PM org.openqa.selenium.remote.RemoteWebDriver log
WARNING: Executed: [dfe063e1279f945deb7836ae7c524d36d41d5a00, getCurrentUrl {}]
Apr 25, 2019 6:31:27 PM org.openqa.selenium.remote.RemoteWebDriver log
WARNING: Executing: findElement [dfe063e1279f945deb7836ae7c524d36d41d5a00, findElement {using=id, value=loginForm}]
Apr 25, 2019 6:31:27 PM org.openqa.selenium.remote.RemoteWebDriver log
WARNING: Executed: [dfe063e1279f945deb7836ae7c524d36d41d5a00, findElement {using=id, value=loginForm}]
Apr 25, 2019 6:31:27 PM org.openqa.selenium.remote.RemoteWebDriver log
WARNING: Executing: findElement [dfe063e1279f945deb7836ae7c524d36d41d5a00, findElement {using=tag name, value=body}]
Apr 25, 2019 6:31:28 PM org.openqa.selenium.remote.RemoteWebDriver log
WARNING: Executed: [dfe063e1279f945deb7836ae7c524d36d41d5a00, findElement {using=tag name, value=body}]
Apr 25, 2019 6:31:28 PM org.openqa.selenium.remote.RemoteWebDriver log
WARNING: Executing: getElementText [dfe063e1279f945deb7836ae7c524d36d41d5a00, getElementText {id=1}]
Apr 25, 2019 6:31:28 PM org.openqa.selenium.remote.RemoteWebDriver log
WARNING: Executed: [dfe063e1279f945deb7836ae7c524d36d41d5a00, getElementText {id=1}]
Apr 25, 2019 6:31:28 PM org.openqa.selenium.remote.RemoteWebDriver log
WARNING: Executing: findElement [dfe063e1279f945deb7836ae7c524d36d41d5a00, findElement {using=tag name, value=body}]
Apr 25, 2019 6:31:29 PM org.openqa.selenium.remote.RemoteWebDriver log
WARNING: Executed: [dfe063e1279f945deb7836ae7c524d36d41d5a00, findElement {using=tag name, value=body}]
Apr 25, 2019 6:31:29 PM org.openqa.selenium.remote.RemoteWebDriver log
WARNING: Executing: getElementText [dfe063e1279f945deb7836ae7c524d36d41d5a00, getElementText {id=1}]
Apr 25, 2019 6:31:29 PM org.openqa.selenium.remote.RemoteWebDriver log
WARNING: Executed: [dfe063e1279f945deb7836ae7c524d36d41d5a00, getElementText {id=1}]
Apr 25, 2019 6:31:29 PM org.openqa.selenium.remote.RemoteWebDriver log
WARNING: Executing: findElement [dfe063e1279f945deb7836ae7c524d36d41d5a00, findElement {using=id, value=email}]
Apr 25, 2019 6:31:29 PM org.openqa.selenium.remote.RemoteWebDriver log
WARNING: Executed: [dfe063e1279f945deb7836ae7c524d36d41d5a00, findElement {using=id, value=email}]
Apr 25, 2019 6:31:29 PM org.openqa.selenium.remote.RemoteWebDriver log
WARNING: Executing: sendKeysToElement [dfe063e1279f945deb7836ae7c524d36d41d5a00, sendKeysToElement {id=2, value=[Ljava.lang.CharSequence;@457c9034}]
Apr 25, 2019 6:31:30 PM org.openqa.selenium.remote.RemoteWebDriver log
WARNING: Executed: [dfe063e1279f945deb7836ae7c524d36d41d5a00, sendKeysToElement {id=2, value=[Ljava.lang.CharSequence;@457c9034}]
Apr 25, 2019 6:31:30 PM org.openqa.selenium.remote.RemoteWebDriver log
WARNING: Executing: findElement [dfe063e1279f945deb7836ae7c524d36d41d5a00, findElement {using=id, value=password}]
Apr 25, 2019 6:31:30 PM org.openqa.selenium.remote.RemoteWebDriver log
WARNING: Executed: [dfe063e1279f945deb7836ae7c524d36d41d5a00, findElement {using=id, value=password}]
Apr 25, 2019 6:31:30 PM org.openqa.selenium.remote.RemoteWebDriver log
WARNING: Executing: sendKeysToElement [dfe063e1279f945deb7836ae7c524d36d41d5a00, sendKeysToElement {id=3, value=[Ljava.lang.CharSequence;@345f69f3}]
Apr 25, 2019 6:31:30 PM org.openqa.selenium.remote.RemoteWebDriver log
WARNING: Executed: [dfe063e1279f945deb7836ae7c524d36d41d5a00, sendKeysToElement {id=3, value=[Ljava.lang.CharSequence;@345f69f3}]
Apr 25, 2019 6:31:30 PM org.openqa.selenium.remote.RemoteWebDriver log
WARNING: Executing: findElement [dfe063e1279f945deb7836ae7c524d36d41d5a00, findElement {using=id, value=internalLoginSubmit}]
Apr 25, 2019 6:31:30 PM org.openqa.selenium.remote.RemoteWebDriver log
WARNING: Executed: [dfe063e1279f945deb7836ae7c524d36d41d5a00, findElement {using=id, value=internalLoginSubmit}]
Apr 25, 2019 6:31:30 PM org.openqa.selenium.remote.RemoteWebDriver log
WARNING: Executing: isElementDisplayed [dfe063e1279f945deb7836ae7c524d36d41d5a00, isElementDisplayed {id=4}]
Apr 25, 2019 6:31:31 PM org.openqa.selenium.remote.RemoteWebDriver log
WARNING: Executed: [dfe063e1279f945deb7836ae7c524d36d41d5a00, isElementDisplayed {id=4}]
Apr 25, 2019 6:31:31 PM org.openqa.selenium.remote.RemoteWebDriver log
WARNING: Executing: isElementEnabled [dfe063e1279f945deb7836ae7c524d36d41d5a00, isElementEnabled {id=4}]
Apr 25, 2019 6:31:31 PM org.openqa.selenium.remote.RemoteWebDriver log
WARNING: Executed: [dfe063e1279f945deb7836ae7c524d36d41d5a00, isElementEnabled {id=4}]
Apr 25, 2019 6:31:31 PM org.openqa.selenium.remote.RemoteWebDriver log
WARNING: Executing: clickElement [dfe063e1279f945deb7836ae7c524d36d41d5a00, clickElement {id=4}]
Apr 25, 2019 6:31:31 PM org.openqa.selenium.remote.RemoteWebDriver log
WARNING: Executed: [dfe063e1279f945deb7836ae7c524d36d41d5a00, clickElement {id=4}]
Apr 25, 2019 6:31:31 PM org.openqa.selenium.remote.RemoteWebDriver log
WARNING: Executing: getCurrentUrl [dfe063e1279f945deb7836ae7c524d36d41d5a00, getCurrentUrl {}]
Apr 25, 2019 6:31:31 PM org.openqa.selenium.remote.RemoteWebDriver log
WARNING: Executed: [dfe063e1279f945deb7836ae7c524d36d41d5a00, getCurrentUrl {}]
Apr 25, 2019 6:31:31 PM org.openqa.selenium.remote.RemoteWebDriver log
WARNING: Executing: findElement [dfe063e1279f945deb7836ae7c524d36d41d5a00, findElement {using=class name, value=homeRoot}]
Apr 25, 2019 6:31:32 PM org.openqa.selenium.remote.RemoteWebDriver log
WARNING: Executed: [dfe063e1279f945deb7836ae7c524d36d41d5a00, findElement {using=class name, value=homeRoot}]
Apr 25, 2019 6:31:32 PM org.openqa.selenium.remote.RemoteWebDriver log
WARNING: Executing: findElement [dfe063e1279f945deb7836ae7c524d36d41d5a00, findElement {using=tag name, value=body}]
Apr 25, 2019 6:31:32 PM org.openqa.selenium.remote.RemoteWebDriver log
WARNING: Executed: [dfe063e1279f945deb7836ae7c524d36d41d5a00, findElement {using=tag name, value=body}]
Apr 25, 2019 6:31:32 PM org.openqa.selenium.remote.RemoteWebDriver log
WARNING: Executing: getElementText [dfe063e1279f945deb7836ae7c524d36d41d5a00, getElementText {id=1}]
Apr 25, 2019 6:31:33 PM org.openqa.selenium.remote.RemoteWebDriver log
WARNING: Executed: [dfe063e1279f945deb7836ae7c524d36d41d5a00, getElementText {id=1}]
Apr 25, 2019 6:31:33 PM org.openqa.selenium.remote.RemoteWebDriver log
WARNING: Executing: findElement [dfe063e1279f945deb7836ae7c524d36d41d5a00, findElement {using=tag name, value=body}]
Apr 25, 2019 6:31:33 PM org.openqa.selenium.remote.RemoteWebDriver log
WARNING: Executed: [dfe063e1279f945deb7836ae7c524d36d41d5a00, findElement {using=tag name, value=body}]
Apr 25, 2019 6:31:33 PM org.openqa.selenium.remote.RemoteWebDriver log
WARNING: Executing: getElementText [dfe063e1279f945deb7836ae7c524d36d41d5a00, getElementText {id=1}]
Apr 25, 2019 6:31:34 PM org.openqa.selenium.remote.RemoteWebDriver log
WARNING: Executed: [dfe063e1279f945deb7836ae7c524d36d41d5a00, getElementText {id=1}]
Apr 25, 2019 6:31:35 PM org.openqa.selenium.remote.RemoteWebDriver log
WARNING: Executing: findElement [dfe063e1279f945deb7836ae7c524d36d41d5a00, findElement {using=tag name, value=body}]
Apr 25, 2019 6:31:35 PM org.openqa.selenium.remote.RemoteWebDriver log
WARNING: Executed: [dfe063e1279f945deb7836ae7c524d36d41d5a00, findElement {using=tag name, value=body}]
Apr 25, 2019 6:31:35 PM org.openqa.selenium.remote.RemoteWebDriver log
WARNING: Executing: getElementText [dfe063e1279f945deb7836ae7c524d36d41d5a00, getElementText {id=1}]
Apr 25, 2019 6:31:36 PM org.openqa.selenium.remote.RemoteWebDriver log
WARNING: Executed: [dfe063e1279f945deb7836ae7c524d36d41d5a00, getElementText {id=1}]
Apr 25, 2019 6:31:36 PM org.openqa.selenium.remote.RemoteWebDriver log
WARNING: Executing: getCurrentUrl [dfe063e1279f945deb7836ae7c524d36d41d5a00, getCurrentUrl {}]
Apr 25, 2019 6:31:36 PM org.openqa.selenium.remote.RemoteWebDriver log
WARNING: Executed: [dfe063e1279f945deb7836ae7c524d36d41d5a00, getCurrentUrl {}]
Apr 25, 2019 6:31:36 PM org.openqa.selenium.remote.RemoteWebDriver log
WARNING: Executing: getCurrentUrl [dfe063e1279f945deb7836ae7c524d36d41d5a00, getCurrentUrl {}]
Apr 25, 2019 6:31:36 PM org.openqa.selenium.remote.RemoteWebDriver log
WARNING: Executed: [dfe063e1279f945deb7836ae7c524d36d41d5a00, getCurrentUrl {}]
Apr 25, 2019 6:31:36 PM org.openqa.selenium.remote.RemoteWebDriver log
WARNING: Executing: findElement [dfe063e1279f945deb7836ae7c524d36d41d5a00, findElement {using=class name, value=homeRoot}]
Apr 25, 2019 6:31:36 PM org.openqa.selenium.remote.RemoteWebDriver log
WARNING: Executed: [dfe063e1279f945deb7836ae7c524d36d41d5a00, findElement {using=class name, value=homeRoot}]
Apr 25, 2019 6:31:36 PM org.openqa.selenium.remote.RemoteWebDriver log
WARNING: Executing: findElement [dfe063e1279f945deb7836ae7c524d36d41d5a00, findElement {using=tag name, value=body}]
Apr 25, 2019 6:31:37 PM org.openqa.selenium.remote.RemoteWebDriver log
WARNING: Executed: [dfe063e1279f945deb7836ae7c524d36d41d5a00, findElement {using=tag name, value=body}]
Apr 25, 2019 6:31:37 PM org.openqa.selenium.remote.RemoteWebDriver log
WARNING: Executing: getElementText [dfe063e1279f945deb7836ae7c524d36d41d5a00, getElementText {id=1}]
Apr 25, 2019 6:31:37 PM org.openqa.selenium.remote.RemoteWebDriver log
WARNING: Executed: [dfe063e1279f945deb7836ae7c524d36d41d5a00, getElementText {id=1}]
Apr 25, 2019 6:31:38 PM org.openqa.selenium.remote.RemoteWebDriver log
WARNING: Executing: findElement [dfe063e1279f945deb7836ae7c524d36d41d5a00, findElement {using=tag name, value=body}]
Apr 25, 2019 6:31:38 PM org.openqa.selenium.remote.RemoteWebDriver log
WARNING: Executed: [dfe063e1279f945deb7836ae7c524d36d41d5a00, findElement {using=tag name, value=body}]
Apr 25, 2019 6:31:38 PM org.openqa.selenium.remote.RemoteWebDriver log
WARNING: Executing: getElementText [dfe063e1279f945deb7836ae7c524d36d41d5a00, getElementText {id=1}]
Apr 25, 2019 6:31:39 PM org.openqa.selenium.remote.RemoteWebDriver log
WARNING: Executed: [dfe063e1279f945deb7836ae7c524d36d41d5a00, getElementText {id=1}]
Apr 25, 2019 6:31:39 PM org.openqa.selenium.remote.RemoteWebDriver log
WARNING: Executing: findElements [dfe063e1279f945deb7836ae7c524d36d41d5a00, findElements {using=css selector, value=tr.jobsTableRow}]
Apr 25, 2019 6:31:39 PM org.openqa.selenium.remote.RemoteWebDriver log
WARNING: Executed: [dfe063e1279f945deb7836ae7c524d36d41d5a00, findElements {using=css selector, value=tr.jobsTableRow}]
Apr 25, 2019 6:31:39 PM org.openqa.selenium.remote.RemoteWebDriver log
WARNING: Executing: isElementDisplayed [dfe063e1279f945deb7836ae7c524d36d41d5a00, isElementDisplayed {id=6}]
Apr 25, 2019 6:31:39 PM org.openqa.selenium.remote.RemoteWebDriver log
WARNING: Executed: [dfe063e1279f945deb7836ae7c524d36d41d5a00, isElementDisplayed {id=6}]
Apr 25, 2019 6:31:39 PM org.openqa.selenium.remote.RemoteWebDriver log
WARNING: Executing: isElementDisplayed [dfe063e1279f945deb7836ae7c524d36d41d5a00, isElementDisplayed {id=7}]
Apr 25, 2019 6:31:39 PM org.openqa.selenium.remote.RemoteWebDriver log
WARNING: Executed: [dfe063e1279f945deb7836ae7c524d36d41d5a00, isElementDisplayed {id=7}]
Apr 25, 2019 6:31:39 PM org.openqa.selenium.remote.RemoteWebDriver log
WARNING: Executing: isElementDisplayed [dfe063e1279f945deb7836ae7c524d36d41d5a00, isElementDisplayed {id=8}]
Apr 25, 2019 6:31:40 PM org.openqa.selenium.remote.RemoteWebDriver log
WARNING: Executed: [dfe063e1279f945deb7836ae7c524d36d41d5a00, isElementDisplayed {id=8}]
Apr 25, 2019 6:31:40 PM org.openqa.selenium.remote.RemoteWebDriver log
WARNING: Executing: isElementDisplayed [dfe063e1279f945deb7836ae7c524d36d41d5a00, isElementDisplayed {id=9}]
Apr 25, 2019 6:31:40 PM org.openqa.selenium.remote.RemoteWebDriver log
WARNING: Executed: [dfe063e1279f945deb7836ae7c524d36d41d5a00, isElementDisplayed {id=9}]
Apr 25, 2019 6:31:40 PM org.openqa.selenium.remote.RemoteWebDriver log
WARNING: Executing: isElementDisplayed [dfe063e1279f945deb7836ae7c524d36d41d5a00, isElementDisplayed {id=10}]
Apr 25, 2019 6:31:40 PM org.openqa.selenium.remote.RemoteWebDriver log
WARNING: Executed: [dfe063e1279f945deb7836ae7c524d36d41d5a00, isElementDisplayed {id=10}]
Apr 25, 2019 6:31:40 PM org.openqa.selenium.remote.RemoteWebDriver log
WARNING: Executing: findChildElement [dfe063e1279f945deb7836ae7c524d36d41d5a00, findChildElement {id=6, using=css selector, value=td.jobStatusTableCell div div:first-child}]
Apr 25, 2019 6:31:41 PM org.openqa.selenium.remote.RemoteWebDriver log
WARNING: Executed: [dfe063e1279f945deb7836ae7c524d36d41d5a00, findChildElement {id=6, using=css selector, value=td.jobStatusTableCell div div:first-child}]
Apr 25, 2019 6:31:41 PM org.openqa.selenium.remote.RemoteWebDriver log
WARNING: Executing: getElementText [dfe063e1279f945deb7836ae7c524d36d41d5a00, getElementText {id=11}]
Apr 25, 2019 6:31:41 PM org.openqa.selenium.remote.RemoteWebDriver log
WARNING: Executed: [dfe063e1279f945deb7836ae7c524d36d41d5a00, getElementText {id=11}]
Apr 25, 2019 6:31:41 PM org.openqa.selenium.remote.RemoteWebDriver log
WARNING: Executing: findChildElement [dfe063e1279f945deb7836ae7c524d36d41d5a00, findChildElement {id=6, using=css selector, value=td div}]
Apr 25, 2019 6:31:41 PM org.openqa.selenium.remote.RemoteWebDriver log
WARNING: Executed: [dfe063e1279f945deb7836ae7c524d36d41d5a00, findChildElement {id=6, using=css selector, value=td div}]
Apr 25, 2019 6:31:41 PM org.openqa.selenium.remote.RemoteWebDriver log
WARNING: Executing: isElementDisplayed [dfe063e1279f945deb7836ae7c524d36d41d5a00, isElementDisplayed {id=12}]
Apr 25, 2019 6:31:41 PM org.openqa.selenium.remote.RemoteWebDriver log
WARNING: Executed: [dfe063e1279f945deb7836ae7c524d36d41d5a00, isElementDisplayed {id=12}]
Apr 25, 2019 6:31:41 PM org.openqa.selenium.remote.RemoteWebDriver log
WARNING: Executing: getElementSize [dfe063e1279f945deb7836ae7c524d36d41d5a00, getElementSize {id=12}]
Apr 25, 2019 6:31:42 PM org.openqa.selenium.remote.RemoteWebDriver log
WARNING: Executed: [dfe063e1279f945deb7836ae7c524d36d41d5a00, getElementSize {id=12}]
Apr 25, 2019 6:31:42 PM org.openqa.selenium.remote.RemoteWebDriver log
WARNING: Executing: getElementSize [dfe063e1279f945deb7836ae7c524d36d41d5a00, getElementSize {id=12}]
Apr 25, 2019 6:31:42 PM org.openqa.selenium.remote.RemoteWebDriver log
WARNING: Executed: [dfe063e1279f945deb7836ae7c524d36d41d5a00, getElementSize {id=12}]
Apr 25, 2019 6:31:42 PM org.openqa.selenium.remote.RemoteWebDriver log
WARNING: Executing: getElementTagName [dfe063e1279f945deb7836ae7c524d36d41d5a00, getElementTagName {id=12}]
Apr 25, 2019 6:31:42 PM org.openqa.selenium.remote.RemoteWebDriver log
WARNING: Executed: [dfe063e1279f945deb7836ae7c524d36d41d5a00, getElementTagName {id=12}]
Apr 25, 2019 6:31:42 PM org.openqa.selenium.remote.RemoteWebDriver log
WARNING: Executing: clickElement [dfe063e1279f945deb7836ae7c524d36d41d5a00, clickElement {id=12}]
Apr 25, 2019 6:31:42 PM org.openqa.selenium.remote.RemoteWebDriver log
WARNING: Executed: [dfe063e1279f945deb7836ae7c524d36d41d5a00, clickElement {id=12}]
Apr 25, 2019 6:31:42 PM org.openqa.selenium.remote.RemoteWebDriver log
WARNING: Executing: getCurrentUrl [dfe063e1279f945deb7836ae7c524d36d41d5a00, getCurrentUrl {}]
Apr 25, 2019 6:31:43 PM org.openqa.selenium.remote.RemoteWebDriver log
WARNING: Executed: [dfe063e1279f945deb7836ae7c524d36d41d5a00, getCurrentUrl {}]
Apr 25, 2019 6:31:43 PM org.openqa.selenium.remote.RemoteWebDriver log
WARNING: Executing: findElement [dfe063e1279f945deb7836ae7c524d36d41d5a00, findElement {using=css selector, value=div.kanban}]
Apr 25, 2019 6:31:44 PM org.openqa.selenium.remote.RemoteWebDriver log
WARNING: Executed: [dfe063e1279f945deb7836ae7c524d36d41d5a00, findElement {using=css selector, value=div.kanban}]
Apr 25, 2019 6:31:44 PM org.openqa.selenium.remote.RemoteWebDriver log
WARNING: Executing: getCurrentUrl [dfe063e1279f945deb7836ae7c524d36d41d5a00, getCurrentUrl {}]
Apr 25, 2019 6:31:44 PM org.openqa.selenium.remote.RemoteWebDriver log
WARNING: Executed: [dfe063e1279f945deb7836ae7c524d36d41d5a00, getCurrentUrl {}]
Apr 25, 2019 6:31:44 PM org.openqa.selenium.remote.RemoteWebDriver log
WARNING: Executing: findElements [dfe063e1279f945deb7836ae7c524d36d41d5a00, findElements {using=css selector, value=div[data-testcase-triage-category='FAIL'] div.testName}]
Apr 25, 2019 6:31:44 PM org.openqa.selenium.remote.RemoteWebDriver log
WARNING: Executed: [dfe063e1279f945deb7836ae7c524d36d41d5a00, findElements {using=css selector, value=div[data-testcase-triage-category='FAIL'] div.testName}]
Apr 25, 2019 6:31:44 PM org.openqa.selenium.remote.RemoteWebDriver log
WARNING: Executing: isElementDisplayed [dfe063e1279f945deb7836ae7c524d36d41d5a00, isElementDisplayed {id=14}]
Apr 25, 2019 6:31:45 PM org.openqa.selenium.remote.RemoteWebDriver log
WARNING: Executed: [dfe063e1279f945deb7836ae7c524d36d41d5a00, isElementDisplayed {id=14}]
Apr 25, 2019 6:31:45 PM org.openqa.selenium.remote.RemoteWebDriver log
WARNING: Executing: isElementDisplayed [dfe063e1279f945deb7836ae7c524d36d41d5a00, isElementDisplayed {id=15}]
Apr 25, 2019 6:31:47 PM org.openqa.selenium.remote.RemoteWebDriver log
WARNING: Executed: [dfe063e1279f945deb7836ae7c524d36d41d5a00, isElementDisplayed {id=15}]
Apr 25, 2019 6:31:47 PM org.openqa.selenium.remote.RemoteWebDriver log
WARNING: Executing: isElementDisplayed [dfe063e1279f945deb7836ae7c524d36d41d5a00, isElementDisplayed {id=16}]
Apr 25, 2019 6:31:48 PM org.openqa.selenium.remote.RemoteWebDriver log
WARNING: Executed: [dfe063e1279f945deb7836ae7c524d36d41d5a00, isElementDisplayed {id=16}]
Apr 25, 2019 6:31:48 PM org.openqa.selenium.remote.RemoteWebDriver log
WARNING: Executing: isElementDisplayed [dfe063e1279f945deb7836ae7c524d36d41d5a00, isElementDisplayed {id=17}]
Apr 25, 2019 6:31:48 PM org.openqa.selenium.remote.RemoteWebDriver log
WARNING: Executed: [dfe063e1279f945deb7836ae7c524d36d41d5a00, isElementDisplayed {id=17}]
Apr 25, 2019 6:31:48 PM org.openqa.selenium.remote.RemoteWebDriver log
WARNING: Executing: isElementDisplayed [dfe063e1279f945deb7836ae7c524d36d41d5a00, isElementDisplayed {id=18}]
Apr 25, 2019 6:31:49 PM org.openqa.selenium.remote.RemoteWebDriver log
WARNING: Executed: [dfe063e1279f945deb7836ae7c524d36d41d5a00, isElementDisplayed {id=18}]
Apr 25, 2019 6:31:49 PM org.openqa.selenium.remote.RemoteWebDriver log
WARNING: Executing: isElementDisplayed [dfe063e1279f945deb7836ae7c524d36d41d5a00, isElementDisplayed {id=19}]
Apr 25, 2019 6:31:49 PM org.openqa.selenium.remote.RemoteWebDriver log
WARNING: Executed: [dfe063e1279f945deb7836ae7c524d36d41d5a00, isElementDisplayed {id=19}]
Apr 25, 2019 6:31:49 PM org.openqa.selenium.remote.RemoteWebDriver log
WARNING: Executing: isElementDisplayed [dfe063e1279f945deb7836ae7c524d36d41d5a00, isElementDisplayed {id=20}]
Apr 25, 2019 6:31:49 PM org.openqa.selenium.remote.RemoteWebDriver log
WARNING: Executed: [dfe063e1279f945deb7836ae7c524d36d41d5a00, isElementDisplayed {id=20}]
Apr 25, 2019 6:31:49 PM org.openqa.selenium.remote.RemoteWebDriver log
WARNING: Executing: isElementDisplayed [dfe063e1279f945deb7836ae7c524d36d41d5a00, isElementDisplayed {id=21}]
Apr 25, 2019 6:31:50 PM org.openqa.selenium.remote.RemoteWebDriver log
WARNING: Executed: [dfe063e1279f945deb7836ae7c524d36d41d5a00, isElementDisplayed {id=21}]
Apr 25, 2019 6:31:50 PM org.openqa.selenium.remote.RemoteWebDriver log
WARNING: Executing: isElementDisplayed [dfe063e1279f945deb7836ae7c524d36d41d5a00, isElementDisplayed {id=22}]
Apr 25, 2019 6:31:50 PM org.openqa.selenium.remote.RemoteWebDriver log
WARNING: Executed: [dfe063e1279f945deb7836ae7c524d36d41d5a00, isElementDisplayed {id=22}]
Apr 25, 2019 6:31:50 PM org.openqa.selenium.remote.RemoteWebDriver log
WARNING: Executing: isElementDisplayed [dfe063e1279f945deb7836ae7c524d36d41d5a00, isElementDisplayed {id=23}]
Apr 25, 2019 6:31:50 PM org.openqa.selenium.remote.RemoteWebDriver log
WARNING: Executed: [dfe063e1279f945deb7836ae7c524d36d41d5a00, isElementDisplayed {id=23}]
Apr 25, 2019 6:31:50 PM org.openqa.selenium.remote.RemoteWebDriver log
WARNING: Executing: isElementDisplayed [dfe063e1279f945deb7836ae7c524d36d41d5a00, isElementDisplayed {id=24}]
Apr 25, 2019 6:31:51 PM org.openqa.selenium.remote.RemoteWebDriver log
WARNING: Executed: [dfe063e1279f945deb7836ae7c524d36d41d5a00, isElementDisplayed {id=24}]
Apr 25, 2019 6:31:51 PM org.openqa.selenium.remote.RemoteWebDriver log
WARNING: Executing: isElementDisplayed [dfe063e1279f945deb7836ae7c524d36d41d5a00, isElementDisplayed {id=25}]
Apr 25, 2019 6:31:51 PM org.openqa.selenium.remote.RemoteWebDriver log
WARNING: Executed: [dfe063e1279f945deb7836ae7c524d36d41d5a00, isElementDisplayed {id=25}]
Apr 25, 2019 6:31:51 PM org.openqa.selenium.remote.RemoteWebDriver log
WARNING: Executing: isElementDisplayed [dfe063e1279f945deb7836ae7c524d36d41d5a00, isElementDisplayed {id=26}]
Apr 25, 2019 6:31:52 PM org.openqa.selenium.remote.RemoteWebDriver log
WARNING: Executed: [dfe063e1279f945deb7836ae7c524d36d41d5a00, isElementDisplayed {id=26}]
Apr 25, 2019 6:31:52 PM org.openqa.selenium.remote.RemoteWebDriver log
WARNING: Executing: isElementDisplayed [dfe063e1279f945deb7836ae7c524d36d41d5a00, isElementDisplayed {id=27}]
Apr 25, 2019 6:31:52 PM org.openqa.selenium.remote.RemoteWebDriver log
WARNING: Executed: [dfe063e1279f945deb7836ae7c524d36d41d5a00, isElementDisplayed {id=27}]
Apr 25, 2019 6:31:52 PM org.openqa.selenium.remote.RemoteWebDriver log
WARNING: Executing: isElementDisplayed [dfe063e1279f945deb7836ae7c524d36d41d5a00, isElementDisplayed {id=28}]
Apr 25, 2019 6:31:52 PM org.openqa.selenium.remote.RemoteWebDriver log
WARNING: Executed: [dfe063e1279f945deb7836ae7c524d36d41d5a00, isElementDisplayed {id=28}]
Apr 25, 2019 6:31:52 PM org.openqa.selenium.remote.RemoteWebDriver log
WARNING: Executing: isElementDisplayed [dfe063e1279f945deb7836ae7c524d36d41d5a00, isElementDisplayed {id=29}]
Apr 25, 2019 6:31:53 PM org.openqa.selenium.remote.RemoteWebDriver log
WARNING: Executed: [dfe063e1279f945deb7836ae7c524d36d41d5a00, isElementDisplayed {id=29}]
Apr 25, 2019 6:31:53 PM org.openqa.selenium.remote.RemoteWebDriver log
WARNING: Executing: isElementDisplayed [dfe063e1279f945deb7836ae7c524d36d41d5a00, isElementDisplayed {id=30}]
Apr 25, 2019 6:31:53 PM org.openqa.selenium.remote.RemoteWebDriver log
WARNING: Executed: [dfe063e1279f945deb7836ae7c524d36d41d5a00, isElementDisplayed {id=30}]
Apr 25, 2019 6:31:53 PM org.openqa.selenium.remote.RemoteWebDriver log
WARNING: Executing: isElementDisplayed [dfe063e1279f945deb7836ae7c524d36d41d5a00, isElementDisplayed {id=31}]
Apr 25, 2019 6:31:53 PM org.openqa.selenium.remote.RemoteWebDriver log
WARNING: Executed: [dfe063e1279f945deb7836ae7c524d36d41d5a00, isElementDisplayed {id=31}]
Apr 25, 2019 6:31:53 PM org.openqa.selenium.remote.RemoteWebDriver log
WARNING: Executing: isElementDisplayed [dfe063e1279f945deb7836ae7c524d36d41d5a00, isElementDisplayed {id=32}]
Apr 25, 2019 6:31:53 PM org.openqa.selenium.remote.RemoteWebDriver log
WARNING: Executed: [dfe063e1279f945deb7836ae7c524d36d41d5a00, isElementDisplayed {id=32}]
Apr 25, 2019 6:31:53 PM org.openqa.selenium.remote.RemoteWebDriver log
WARNING: Executing: isElementDisplayed [dfe063e1279f945deb7836ae7c524d36d41d5a00, isElementDisplayed {id=33}]
Apr 25, 2019 6:31:53 PM org.openqa.selenium.remote.RemoteWebDriver log
WARNING: Executed: [dfe063e1279f945deb7836ae7c524d36d41d5a00, isElementDisplayed {id=33}]
Apr 25, 2019 6:31:53 PM org.openqa.selenium.remote.RemoteWebDriver log
WARNING: Executing: isElementDisplayed [dfe063e1279f945deb7836ae7c524d36d41d5a00, isElementDisplayed {id=34}]
Apr 25, 2019 6:31:54 PM org.openqa.selenium.remote.RemoteWebDriver log
WARNING: Executed: [dfe063e1279f945deb7836ae7c524d36d41d5a00, isElementDisplayed {id=34}]
Apr 25, 2019 6:31:54 PM org.openqa.selenium.remote.RemoteWebDriver log
WARNING: Executing: isElementDisplayed [dfe063e1279f945deb7836ae7c524d36d41d5a00, isElementDisplayed {id=35}]
Apr 25, 2019 6:31:54 PM org.openqa.selenium.remote.RemoteWebDriver log
WARNING: Executed: [dfe063e1279f945deb7836ae7c524d36d41d5a00, isElementDisplayed {id=35}]
Apr 25, 2019 6:31:54 PM org.openqa.selenium.remote.RemoteWebDriver log
WARNING: Executing: isElementDisplayed [dfe063e1279f945deb7836ae7c524d36d41d5a00, isElementDisplayed {id=36}]
Apr 25, 2019 6:31:54 PM org.openqa.selenium.remote.RemoteWebDriver log
WARNING: Executed: [dfe063e1279f945deb7836ae7c524d36d41d5a00, isElementDisplayed {id=36}]
Apr 25, 2019 6:31:54 PM org.openqa.selenium.remote.RemoteWebDriver log
WARNING: Executing: isElementDisplayed [dfe063e1279f945deb7836ae7c524d36d41d5a00, isElementDisplayed {id=37}]
Apr 25, 2019 6:31:54 PM org.openqa.selenium.remote.RemoteWebDriver log
WARNING: Executed: [dfe063e1279f945deb7836ae7c524d36d41d5a00, isElementDisplayed {id=37}]
Apr 25, 2019 6:31:54 PM org.openqa.selenium.remote.RemoteWebDriver log
WARNING: Executing: isElementDisplayed [dfe063e1279f945deb7836ae7c524d36d41d5a00, isElementDisplayed {id=38}]
Apr 25, 2019 6:31:54 PM org.openqa.selenium.remote.RemoteWebDriver log
WARNING: Executed: [dfe063e1279f945deb7836ae7c524d36d41d5a00, isElementDisplayed {id=38}]
Apr 25, 2019 6:31:54 PM org.openqa.selenium.remote.RemoteWebDriver log
WARNING: Executing: isElementDisplayed [dfe063e1279f945deb7836ae7c524d36d41d5a00, isElementDisplayed {id=39}]
Apr 25, 2019 6:31:55 PM org.openqa.selenium.remote.RemoteWebDriver log
WARNING: Executed: [dfe063e1279f945deb7836ae7c524d36d41d5a00, isElementDisplayed {id=39}]
Apr 25, 2019 6:31:55 PM org.openqa.selenium.remote.RemoteWebDriver log
WARNING: Executing: isElementDisplayed [dfe063e1279f945deb7836ae7c524d36d41d5a00, isElementDisplayed {id=40}]
Apr 25, 2019 6:31:55 PM org.openqa.selenium.remote.RemoteWebDriver log
WARNING: Executed: [dfe063e1279f945deb7836ae7c524d36d41d5a00, isElementDisplayed {id=40}]
Apr 25, 2019 6:31:55 PM org.openqa.selenium.remote.RemoteWebDriver log
WARNING: Executing: isElementDisplayed [dfe063e1279f945deb7836ae7c524d36d41d5a00, isElementDisplayed {id=41}]
Apr 25, 2019 6:31:56 PM org.openqa.selenium.remote.RemoteWebDriver log
WARNING: Executed: [dfe063e1279f945deb7836ae7c524d36d41d5a00, isElementDisplayed {id=41}]
Apr 25, 2019 6:31:56 PM org.openqa.selenium.remote.RemoteWebDriver log
WARNING: Executing: isElementDisplayed [dfe063e1279f945deb7836ae7c524d36d41d5a00, isElementDisplayed {id=42}]
Apr 25, 2019 6:31:57 PM org.openqa.selenium.remote.RemoteWebDriver log
WARNING: Executed: [dfe063e1279f945deb7836ae7c524d36d41d5a00, isElementDisplayed {id=42}]
Apr 25, 2019 6:31:57 PM org.openqa.selenium.remote.RemoteWebDriver log
WARNING: Executing: isElementDisplayed [dfe063e1279f945deb7836ae7c524d36d41d5a00, isElementDisplayed {id=43}]
Apr 25, 2019 6:31:57 PM org.openqa.selenium.remote.RemoteWebDriver log
WARNING: Executed: [dfe063e1279f945deb7836ae7c524d36d41d5a00, isElementDisplayed {id=43}]
Apr 25, 2019 6:31:57 PM org.openqa.selenium.remote.RemoteWebDriver log
WARNING: Executing: isElementDisplayed [dfe063e1279f945deb7836ae7c524d36d41d5a00, isElementDisplayed {id=44}]
Apr 25, 2019 6:31:57 PM org.openqa.selenium.remote.RemoteWebDriver log
WARNING: Executed: [dfe063e1279f945deb7836ae7c524d36d41d5a00, isElementDisplayed {id=44}]
Apr 25, 2019 6:31:57 PM org.openqa.selenium.remote.RemoteWebDriver log
WARNING: Executing: isElementDisplayed [dfe063e1279f945deb7836ae7c524d36d41d5a00, isElementDisplayed {id=45}]
Apr 25, 2019 6:31:57 PM org.openqa.selenium.remote.RemoteWebDriver log
WARNING: Executed: [dfe063e1279f945deb7836ae7c524d36d41d5a00, isElementDisplayed {id=45}]
Apr 25, 2019 6:31:57 PM org.openqa.selenium.remote.RemoteWebDriver log
WARNING: Executing: isElementDisplayed [dfe063e1279f945deb7836ae7c524d36d41d5a00, isElementDisplayed {id=46}]
Apr 25, 2019 6:31:58 PM org.openqa.selenium.remote.RemoteWebDriver log
WARNING: Executed: [dfe063e1279f945deb7836ae7c524d36d41d5a00, isElementDisplayed {id=46}]
Apr 25, 2019 6:31:58 PM org.openqa.selenium.remote.RemoteWebDriver log
WARNING: Executing: isElementDisplayed [dfe063e1279f945deb7836ae7c524d36d41d5a00, isElementDisplayed {id=47}]
Apr 25, 2019 6:31:58 PM org.openqa.selenium.remote.RemoteWebDriver log
WARNING: Executed: [dfe063e1279f945deb7836ae7c524d36d41d5a00, isElementDisplayed {id=47}]
Apr 25, 2019 6:31:58 PM org.openqa.selenium.remote.RemoteWebDriver log
WARNING: Executing: isElementDisplayed [dfe063e1279f945deb7836ae7c524d36d41d5a00, isElementDisplayed {id=48}]
Apr 25, 2019 6:31:58 PM org.openqa.selenium.remote.RemoteWebDriver log
WARNING: Executed: [dfe063e1279f945deb7836ae7c524d36d41d5a00, isElementDisplayed {id=48}]
Apr 25, 2019 6:31:58 PM org.openqa.selenium.remote.RemoteWebDriver log
WARNING: Executing: isElementDisplayed [dfe063e1279f945deb7836ae7c524d36d41d5a00, isElementDisplayed {id=49}]
Apr 25, 2019 6:31:58 PM org.openqa.selenium.remote.RemoteWebDriver log
WARNING: Executed: [dfe063e1279f945deb7836ae7c524d36d41d5a00, isElementDisplayed {id=49}]
Apr 25, 2019 6:31:58 PM org.openqa.selenium.remote.RemoteWebDriver log
WARNING: Executing: isElementDisplayed [dfe063e1279f945deb7836ae7c524d36d41d5a00, isElementDisplayed {id=50}]
Apr 25, 2019 6:31:58 PM org.openqa.selenium.remote.RemoteWebDriver log
WARNING: Executed: [dfe063e1279f945deb7836ae7c524d36d41d5a00, isElementDisplayed {id=50}]
Apr 25, 2019 6:31:58 PM org.openqa.selenium.remote.RemoteWebDriver log
WARNING: Executing: isElementDisplayed [dfe063e1279f945deb7836ae7c524d36d41d5a00, isElementDisplayed {id=51}]
Apr 25, 2019 6:31:59 PM org.openqa.selenium.remote.RemoteWebDriver log
WARNING: Executed: [dfe063e1279f945deb7836ae7c524d36d41d5a00, isElementDisplayed {id=51}]
Apr 25, 2019 6:31:59 PM org.openqa.selenium.remote.RemoteWebDriver log
WARNING: Executing: isElementDisplayed [dfe063e1279f945deb7836ae7c524d36d41d5a00, isElementDisplayed {id=52}]
Apr 25, 2019 6:31:59 PM org.openqa.selenium.remote.RemoteWebDriver log
WARNING: Executed: [dfe063e1279f945deb7836ae7c524d36d41d5a00, isElementDisplayed {id=52}]
Apr 25, 2019 6:31:59 PM org.openqa.selenium.remote.RemoteWebDriver log
WARNING: Executing: isElementDisplayed [dfe063e1279f945deb7836ae7c524d36d41d5a00, isElementDisplayed {id=53}]
Apr 25, 2019 6:31:59 PM org.openqa.selenium.remote.RemoteWebDriver log
WARNING: Executed: [dfe063e1279f945deb7836ae7c524d36d41d5a00, isElementDisplayed {id=53}]
Apr 25, 2019 6:31:59 PM org.openqa.selenium.remote.RemoteWebDriver log
WARNING: Executing: isElementDisplayed [dfe063e1279f945deb7836ae7c524d36d41d5a00, isElementDisplayed {id=54}]
Apr 25, 2019 6:31:59 PM org.openqa.selenium.remote.RemoteWebDriver log
WARNING: Executed: [dfe063e1279f945deb7836ae7c524d36d41d5a00, isElementDisplayed {id=54}]
Apr 25, 2019 6:31:59 PM org.openqa.selenium.remote.RemoteWebDriver log
WARNING: Executing: isElementDisplayed [dfe063e1279f945deb7836ae7c524d36d41d5a00, isElementDisplayed {id=55}]
Apr 25, 2019 6:31:59 PM org.openqa.selenium.remote.RemoteWebDriver log
WARNING: Executed: [dfe063e1279f945deb7836ae7c524d36d41d5a00, isElementDisplayed {id=55}]
Apr 25, 2019 6:31:59 PM org.openqa.selenium.remote.RemoteWebDriver log
WARNING: Executing: isElementDisplayed [dfe063e1279f945deb7836ae7c524d36d41d5a00, isElementDisplayed {id=56}]
Apr 25, 2019 6:32:00 PM org.openqa.selenium.remote.RemoteWebDriver log
WARNING: Executed: [dfe063e1279f945deb7836ae7c524d36d41d5a00, isElementDisplayed {id=56}]
Apr 25, 2019 6:32:00 PM org.openqa.selenium.remote.RemoteWebDriver log
WARNING: Executing: isElementDisplayed [dfe063e1279f945deb7836ae7c524d36d41d5a00, isElementDisplayed {id=57}]
Apr 25, 2019 6:32:00 PM org.openqa.selenium.remote.RemoteWebDriver log
WARNING: Executed: [dfe063e1279f945deb7836ae7c524d36d41d5a00, isElementDisplayed {id=57}]
Apr 25, 2019 6:32:00 PM org.openqa.selenium.remote.RemoteWebDriver log
WARNING: Executing: isElementDisplayed [dfe063e1279f945deb7836ae7c524d36d41d5a00, isElementDisplayed {id=58}]
Apr 25, 2019 6:32:00 PM org.openqa.selenium.remote.RemoteWebDriver log
WARNING: Executed: [dfe063e1279f945deb7836ae7c524d36d41d5a00, isElementDisplayed {id=58}]
Apr 25, 2019 6:32:00 PM org.openqa.selenium.remote.RemoteWebDriver log
WARNING: Executing: isElementDisplayed [dfe063e1279f945deb7836ae7c524d36d41d5a00, isElementDisplayed {id=59}]
Apr 25, 2019 6:32:00 PM org.openqa.selenium.remote.RemoteWebDriver log
WARNING: Executed: [dfe063e1279f945deb7836ae7c524d36d41d5a00, isElementDisplayed {id=59}]
Apr 25, 2019 6:32:00 PM org.openqa.selenium.remote.RemoteWebDriver log
WARNING: Executing: isElementDisplayed [dfe063e1279f945deb7836ae7c524d36d41d5a00, isElementDisplayed {id=60}]
Apr 25, 2019 6:32:01 PM org.openqa.selenium.remote.RemoteWebDriver log
WARNING: Executed: [dfe063e1279f945deb7836ae7c524d36d41d5a00, isElementDisplayed {id=60}]
Apr 25, 2019 6:32:01 PM org.openqa.selenium.remote.RemoteWebDriver log
WARNING: Executing: isElementDisplayed [dfe063e1279f945deb7836ae7c524d36d41d5a00, isElementDisplayed {id=61}]
Apr 25, 2019 6:32:01 PM org.openqa.selenium.remote.RemoteWebDriver log
WARNING: Executed: [dfe063e1279f945deb7836ae7c524d36d41d5a00, isElementDisplayed {id=61}]
Apr 25, 2019 6:32:01 PM org.openqa.selenium.remote.RemoteWebDriver log
WARNING: Executing: isElementDisplayed [dfe063e1279f945deb7836ae7c524d36d41d5a00, isElementDisplayed {id=62}]
Apr 25, 2019 6:32:01 PM org.openqa.selenium.remote.RemoteWebDriver log
WARNING: Executed: [dfe063e1279f945deb7836ae7c524d36d41d5a00, isElementDisplayed {id=62}]
Apr 25, 2019 6:32:01 PM org.openqa.selenium.remote.RemoteWebDriver log
WARNING: Executing: isElementDisplayed [dfe063e1279f945deb7836ae7c524d36d41d5a00, isElementDisplayed {id=63}]
Apr 25, 2019 6:32:02 PM org.openqa.selenium.remote.RemoteWebDriver log
WARNING: Executed: [dfe063e1279f945deb7836ae7c524d36d41d5a00, isElementDisplayed {id=63}]
Apr 25, 2019 6:32:02 PM org.openqa.selenium.remote.RemoteWebDriver log
WARNING: Executing: isElementDisplayed [dfe063e1279f945deb7836ae7c524d36d41d5a00, isElementDisplayed {id=64}]
Apr 25, 2019 6:32:02 PM org.openqa.selenium.remote.RemoteWebDriver log
WARNING: Executed: [dfe063e1279f945deb7836ae7c524d36d41d5a00, isElementDisplayed {id=64}]
Apr 25, 2019 6:32:02 PM org.openqa.selenium.remote.RemoteWebDriver log
WARNING: Executing: getElementText [dfe063e1279f945deb7836ae7c524d36d41d5a00, getElementText {id=14}]
Apr 25, 2019 6:32:02 PM org.openqa.selenium.remote.RemoteWebDriver log
WARNING: Executed: [dfe063e1279f945deb7836ae7c524d36d41d5a00, getElementText {id=14}]
Apr 25, 2019 6:32:02 PM org.openqa.selenium.remote.RemoteWebDriver log
WARNING: Executing: findElements [dfe063e1279f945deb7836ae7c524d36d41d5a00, findElements {using=css selector, value=div[data-testcase-triage-category='FAIL'] div.testName}]
Apr 25, 2019 6:32:02 PM org.openqa.selenium.remote.RemoteWebDriver log
WARNING: Executed: [dfe063e1279f945deb7836ae7c524d36d41d5a00, findElements {using=css selector, value=div[data-testcase-triage-category='FAIL'] div.testName}]
Apr 25, 2019 6:32:02 PM org.openqa.selenium.remote.RemoteWebDriver log
WARNING: Executing: getElementText [dfe063e1279f945deb7836ae7c524d36d41d5a00, getElementText {id=14}]
Apr 25, 2019 6:32:03 PM org.openqa.selenium.remote.RemoteWebDriver log
WARNING: Executed: [dfe063e1279f945deb7836ae7c524d36d41d5a00, getElementText {id=14}]
Apr 25, 2019 6:32:03 PM org.openqa.selenium.remote.RemoteWebDriver log
WARNING: Executing: clickElement [dfe063e1279f945deb7836ae7c524d36d41d5a00, clickElement {id=14}]
Apr 25, 2019 6:32:03 PM org.openqa.selenium.remote.RemoteWebDriver log
WARNING: Executed: [dfe063e1279f945deb7836ae7c524d36d41d5a00, clickElement {id=14}]
Apr 25, 2019 6:32:03 PM org.openqa.selenium.remote.RemoteWebDriver log
WARNING: Executing: getCurrentUrl [dfe063e1279f945deb7836ae7c524d36d41d5a00, getCurrentUrl {}]
Apr 25, 2019 6:32:03 PM org.openqa.selenium.remote.RemoteWebDriver log
WARNING: Executed: [dfe063e1279f945deb7836ae7c524d36d41d5a00, getCurrentUrl {}]
Apr 25, 2019 6:32:03 PM org.openqa.selenium.remote.RemoteWebDriver log
WARNING: Executing: findElement [dfe063e1279f945deb7836ae7c524d36d41d5a00, findElement {using=class name, value=homeRoot}]
Apr 25, 2019 6:32:04 PM org.openqa.selenium.remote.RemoteWebDriver log
WARNING: Executed: [dfe063e1279f945deb7836ae7c524d36d41d5a00, findElement {using=class name, value=homeRoot}]
Apr 25, 2019 6:32:04 PM org.openqa.selenium.remote.RemoteWebDriver log
WARNING: Executing: findElements [dfe063e1279f945deb7836ae7c524d36d41d5a00, findElements {using=class name, value=TriageDialogRadio}]
Apr 25, 2019 6:32:04 PM org.openqa.selenium.remote.RemoteWebDriver log
WARNING: Executed: [dfe063e1279f945deb7836ae7c524d36d41d5a00, findElements {using=class name, value=TriageDialogRadio}]
Apr 25, 2019 6:32:04 PM org.openqa.selenium.remote.RemoteWebDriver log
WARNING: Executing: isElementDisplayed [dfe063e1279f945deb7836ae7c524d36d41d5a00, isElementDisplayed {id=65}]
Apr 25, 2019 6:32:04 PM org.openqa.selenium.remote.RemoteWebDriver log
WARNING: Executed: [dfe063e1279f945deb7836ae7c524d36d41d5a00, isElementDisplayed {id=65}]
Apr 25, 2019 6:32:04 PM org.openqa.selenium.remote.RemoteWebDriver log
WARNING: Executing: isElementDisplayed [dfe063e1279f945deb7836ae7c524d36d41d5a00, isElementDisplayed {id=66}]
Apr 25, 2019 6:32:04 PM org.openqa.selenium.remote.RemoteWebDriver log
WARNING: Executed: [dfe063e1279f945deb7836ae7c524d36d41d5a00, isElementDisplayed {id=66}]
Apr 25, 2019 6:32:04 PM org.openqa.selenium.remote.RemoteWebDriver log
WARNING: Executing: isElementDisplayed [dfe063e1279f945deb7836ae7c524d36d41d5a00, isElementDisplayed {id=67}]
Apr 25, 2019 6:32:05 PM org.openqa.selenium.remote.RemoteWebDriver log
WARNING: Executed: [dfe063e1279f945deb7836ae7c524d36d41d5a00, isElementDisplayed {id=67}]
Apr 25, 2019 6:32:05 PM org.openqa.selenium.remote.RemoteWebDriver log
WARNING: Executing: isElementDisplayed [dfe063e1279f945deb7836ae7c524d36d41d5a00, isElementDisplayed {id=68}]
Apr 25, 2019 6:32:05 PM org.openqa.selenium.remote.RemoteWebDriver log
WARNING: Executed: [dfe063e1279f945deb7836ae7c524d36d41d5a00, isElementDisplayed {id=68}]
Apr 25, 2019 6:32:05 PM org.openqa.selenium.remote.RemoteWebDriver log
WARNING: Executing: isElementDisplayed [dfe063e1279f945deb7836ae7c524d36d41d5a00, isElementDisplayed {id=69}]
Apr 25, 2019 6:32:05 PM org.openqa.selenium.remote.RemoteWebDriver log
WARNING: Executed: [dfe063e1279f945deb7836ae7c524d36d41d5a00, isElementDisplayed {id=69}]
Apr 25, 2019 6:32:05 PM org.openqa.selenium.remote.RemoteWebDriver log
WARNING: Executing: isElementDisplayed [dfe063e1279f945deb7836ae7c524d36d41d5a00, isElementDisplayed {id=70}]
Apr 25, 2019 6:32:05 PM org.openqa.selenium.remote.RemoteWebDriver log
WARNING: Executed: [dfe063e1279f945deb7836ae7c524d36d41d5a00, isElementDisplayed {id=70}]
Apr 25, 2019 6:32:05 PM org.openqa.selenium.remote.RemoteWebDriver log
WARNING: Executing: isElementDisplayed [dfe063e1279f945deb7836ae7c524d36d41d5a00, isElementDisplayed {id=71}]
Apr 25, 2019 6:32:06 PM org.openqa.selenium.remote.RemoteWebDriver log
WARNING: Executed: [dfe063e1279f945deb7836ae7c524d36d41d5a00, isElementDisplayed {id=71}]
Apr 25, 2019 6:32:06 PM org.openqa.selenium.remote.RemoteWebDriver log
WARNING: Executing: isElementDisplayed [dfe063e1279f945deb7836ae7c524d36d41d5a00, isElementDisplayed {id=72}]
Apr 25, 2019 6:32:06 PM org.openqa.selenium.remote.RemoteWebDriver log
WARNING: Executed: [dfe063e1279f945deb7836ae7c524d36d41d5a00, isElementDisplayed {id=72}]
Apr 25, 2019 6:32:06 PM org.openqa.selenium.remote.RemoteWebDriver log
WARNING: Executing: clickElement [dfe063e1279f945deb7836ae7c524d36d41d5a00, clickElement {id=67}]
Apr 25, 2019 6:32:06 PM org.openqa.selenium.remote.RemoteWebDriver log
WARNING: Executed: [dfe063e1279f945deb7836ae7c524d36d41d5a00, clickElement {id=67}]
Apr 25, 2019 6:32:06 PM org.openqa.selenium.remote.RemoteWebDriver log
WARNING: Executing: findElements [dfe063e1279f945deb7836ae7c524d36d41d5a00, findElements {using=name, value=url}]
Apr 25, 2019 6:32:07 PM org.openqa.selenium.remote.RemoteWebDriver log
WARNING: Executed: [dfe063e1279f945deb7836ae7c524d36d41d5a00, findElements {using=name, value=url}]
Apr 25, 2019 6:32:07 PM org.openqa.selenium.remote.RemoteWebDriver log
WARNING: Executing: isElementDisplayed [dfe063e1279f945deb7836ae7c524d36d41d5a00, isElementDisplayed {id=73}]
Apr 25, 2019 6:32:07 PM org.openqa.selenium.remote.RemoteWebDriver log
WARNING: Executed: [dfe063e1279f945deb7836ae7c524d36d41d5a00, isElementDisplayed {id=73}]
Apr 25, 2019 6:32:07 PM org.openqa.selenium.remote.RemoteWebDriver log
WARNING: Executing: getElementAttribute [dfe063e1279f945deb7836ae7c524d36d41d5a00, getElementAttribute {id=73, name=value}]
Apr 25, 2019 6:32:07 PM org.openqa.selenium.remote.RemoteWebDriver log
WARNING: Executed: [dfe063e1279f945deb7836ae7c524d36d41d5a00, getElementAttribute {id=73, name=value}]
Apr 25, 2019 6:32:07 PM org.openqa.selenium.remote.RemoteWebDriver log
WARNING: Executing: findElement [dfe063e1279f945deb7836ae7c524d36d41d5a00, findElement {using=name, value=url}]
Apr 25, 2019 6:32:07 PM org.openqa.selenium.remote.RemoteWebDriver log
WARNING: Executed: [dfe063e1279f945deb7836ae7c524d36d41d5a00, findElement {using=name, value=url}]
Apr 25, 2019 6:32:07 PM org.openqa.selenium.remote.RemoteWebDriver log
WARNING: Executing: sendKeysToElement [dfe063e1279f945deb7836ae7c524d36d41d5a00, sendKeysToElement {id=73, value=[Ljava.lang.CharSequence;@1e8b7643}]
Apr 25, 2019 6:32:08 PM org.openqa.selenium.remote.RemoteWebDriver log
WARNING: Executed: [dfe063e1279f945deb7836ae7c524d36d41d5a00, sendKeysToElement {id=73, value=[Ljava.lang.CharSequence;@1e8b7643}]
Apr 25, 2019 6:32:08 PM org.openqa.selenium.remote.RemoteWebDriver log
WARNING: Executing: findElement [dfe063e1279f945deb7836ae7c524d36d41d5a00, findElement {using=css selector, value=button#save}]
Apr 25, 2019 6:32:08 PM org.openqa.selenium.remote.RemoteWebDriver log
WARNING: Executed: [dfe063e1279f945deb7836ae7c524d36d41d5a00, findElement {using=css selector, value=button#save}]
Apr 25, 2019 6:32:08 PM org.openqa.selenium.remote.RemoteWebDriver log
WARNING: Executing: isElementDisplayed [dfe063e1279f945deb7836ae7c524d36d41d5a00, isElementDisplayed {id=74}]
Apr 25, 2019 6:32:08 PM org.openqa.selenium.remote.RemoteWebDriver log
WARNING: Executed: [dfe063e1279f945deb7836ae7c524d36d41d5a00, isElementDisplayed {id=74}]
Apr 25, 2019 6:32:08 PM org.openqa.selenium.remote.RemoteWebDriver log
WARNING: Executing: isElementEnabled [dfe063e1279f945deb7836ae7c524d36d41d5a00, isElementEnabled {id=74}]
Apr 25, 2019 6:32:09 PM org.openqa.selenium.remote.RemoteWebDriver log
WARNING: Executed: [dfe063e1279f945deb7836ae7c524d36d41d5a00, isElementEnabled {id=74}]
Apr 25, 2019 6:32:09 PM org.openqa.selenium.remote.RemoteWebDriver log
WARNING: Executing: clickElement [dfe063e1279f945deb7836ae7c524d36d41d5a00, clickElement {id=74}]
Apr 25, 2019 6:32:09 PM org.openqa.selenium.remote.RemoteWebDriver log
WARNING: Executed: [dfe063e1279f945deb7836ae7c524d36d41d5a00, clickElement {id=74}]
Apr 25, 2019 6:32:09 PM org.openqa.selenium.remote.RemoteWebDriver log
WARNING: Executing: findElements [dfe063e1279f945deb7836ae7c524d36d41d5a00, findElements {using=css selector, value=div[data-testcase-triage-category='FAIL'] div.testName}]
Apr 25, 2019 6:32:11 PM org.openqa.selenium.remote.RemoteWebDriver log
WARNING: Executed: [dfe063e1279f945deb7836ae7c524d36d41d5a00, findElements {using=css selector, value=div[data-testcase-triage-category='FAIL'] div.testName}]
Apr 25, 2019 6:32:13 PM org.openqa.selenium.remote.RemoteWebDriver log
WARNING: Executing: findElements [dfe063e1279f945deb7836ae7c524d36d41d5a00, findElements {using=css selector, value=div[data-testcase-triage-category='FAIL'] div.testName}]
Apr 25, 2019 6:32:15 PM org.openqa.selenium.remote.RemoteWebDriver log
WARNING: Executed: [dfe063e1279f945deb7836ae7c524d36d41d5a00, findElements {using=css selector, value=div[data-testcase-triage-category='FAIL'] div.testName}]
]]></system-err>
  </testcase>
  <testcase name="testProductBugUrl" classname="com.clarolab.TriageTest" time="31.945">
    <failure message="Timed out after 5 seconds: Error in verifyElementVisible: element with locator 'By.cssSelector: p[class^='MuiFormHelperText']' never became visible
Build info: version: '2.45.0', revision: '5017cb8e7ca8e37638dc3091b2440b90a1d8686f', time: '2015-02-27 09:10:26'
System info: host: '6888e31d0e98', ip: '172.17.0.9', os.name: 'Linux', os.arch: 'amd64', os.version: '4.15.0-29-generic', java.version: '1.8.0_181'
Driver info: org.openqa.selenium.remote.RemoteWebDriver
Capabilities [{mobileEmulationEnabled=false, timeouts={implicit=0, pageLoad=300000, script=30000}, hasTouchScreen=false, platform=WINDOWS, acceptSslCerts=false, goog:chromeOptions={debuggerAddress=localhost:1084}, acceptInsecureCerts=false, webStorageEnabled=true, browserName=chrome, takesScreenshot=true, javascriptEnabled=true, setWindowRect=true, unexpectedAlertBehaviour=ignore, applicationCacheEnabled=false, rotatable=false, networkConnectionEnabled=false, chrome={chromedriverVersion=73.0.3683.68 (47787ec04b6e38e22703e856e101e840b65afe72), userDataDir=C:\Windows\proxy\scoped_dir2972_31146}, takesHeapSnapshot=true, pageLoadStrategy=normal, strictFileInteractability=false, databaseEnabled=false, handlesAlerts=true, version=73.0.3683.86, browserConnectionEnabled=false, nativeEvents=true, webdriver.remote.sessionid=0a57072cb11255161ce47c16f870abf0b91c8120, locationContextEnabled=true, cssSelectorsEnabled=true}]
Session ID: 0a57072cb11255161ce47c16f870abf0b91c8120" type="org.openqa.selenium.TimeoutException">org.openqa.selenium.TimeoutException: 
Timed out after 5 seconds: Error in verifyElementVisible: element with locator 'By.cssSelector: p[class^='MuiFormHelperText']' never became visible
Build info: version: '2.45.0', revision: '5017cb8e7ca8e37638dc3091b2440b90a1d8686f', time: '2015-02-27 09:10:26'
System info: host: '6888e31d0e98', ip: '172.17.0.9', os.name: 'Linux', os.arch: 'amd64', os.version: '4.15.0-29-generic', java.version: '1.8.0_181'
Driver info: org.openqa.selenium.remote.RemoteWebDriver
Capabilities [{mobileEmulationEnabled=false, timeouts={implicit=0, pageLoad=300000, script=30000}, hasTouchScreen=false, platform=WINDOWS, acceptSslCerts=false, goog:chromeOptions={debuggerAddress=localhost:1084}, acceptInsecureCerts=false, webStorageEnabled=true, browserName=chrome, takesScreenshot=true, javascriptEnabled=true, setWindowRect=true, unexpectedAlertBehaviour=ignore, applicationCacheEnabled=false, rotatable=false, networkConnectionEnabled=false, chrome={chromedriverVersion=73.0.3683.68 (47787ec04b6e38e22703e856e101e840b65afe72), userDataDir=C:\Windows\proxy\scoped_dir2972_31146}, takesHeapSnapshot=true, pageLoadStrategy=normal, strictFileInteractability=false, databaseEnabled=false, handlesAlerts=true, version=73.0.3683.86, browserConnectionEnabled=false, nativeEvents=true, webdriver.remote.sessionid=0a57072cb11255161ce47c16f870abf0b91c8120, locationContextEnabled=true, cssSelectorsEnabled=true}]
Session ID: 0a57072cb11255161ce47c16f870abf0b91c8120
	at com.clarolab.TriageTest.testProductBugUrl(TriageTest.java:21)
Caused by: org.openqa.selenium.NoSuchElementException: 
no such element: Unable to locate element: {"method":"css selector","selector":"p[class^='MuiFormHelperText']"}
  (Session info: chrome=73.0.3683.86)
  (Driver info: chromedriver=73.0.3683.68 (47787ec04b6e38e22703e856e101e840b65afe72),platform=Windows NT 6.1.7601 SP1 x86_64) (WARNING: The server did not provide any stacktrace information)
Command duration or timeout: 2.05 seconds
For documentation on this error, please visit: http://seleniumhq.org/exceptions/no_such_element.html
Build info: version: '2.53.0', revision: '35ae25b', time: '2016-03-15 17:00:58'
System info: host: '207-254-10-28', ip: '207.254.10.28', os.name: 'windows', os.arch: 'x86', os.version: '6.1', java.version: '1.8.0_181'
Driver info: org.openqa.selenium.chrome.ChromeDriver
Capabilities [{mobileEmulationEnabled=false, timeouts={implicit=0, pageLoad=300000, script=30000}, hasTouchScreen=false, platform=XP, acceptSslCerts=false, goog:chromeOptions={debuggerAddress=localhost:1084}, acceptInsecureCerts=false, webStorageEnabled=true, browserName=chrome, takesScreenshot=true, javascriptEnabled=true, setWindowRect=true, unexpectedAlertBehaviour=ignore, applicationCacheEnabled=false, rotatable=false, networkConnectionEnabled=false, chrome={chromedriverVersion=73.0.3683.68 (47787ec04b6e38e22703e856e101e840b65afe72), userDataDir=C:\Windows\proxy\scoped_dir2972_31146}, takesHeapSnapshot=true, pageLoadStrategy=normal, strictFileInteractability=false, databaseEnabled=false, handlesAlerts=true, version=73.0.3683.86, browserConnectionEnabled=false, proxy={}, nativeEvents=true, locationContextEnabled=true, cssSelectorsEnabled=true}]
Session ID: 2d808badaea0346bd59ba48faa508a81
*** Element info: {Using=css selector, value=p[class^='MuiFormHelperText']}
Command duration or timeout: 7.16 seconds
For documentation on this error, please visit: http://seleniumhq.org/exceptions/no_such_element.html
Build info: version: '2.45.0', revision: '5017cb8e7ca8e37638dc3091b2440b90a1d8686f', time: '2015-02-27 09:10:26'
System info: host: '6888e31d0e98', ip: '172.17.0.9', os.name: 'Linux', os.arch: 'amd64', os.version: '4.15.0-29-generic', java.version: '1.8.0_181'
Driver info: org.openqa.selenium.remote.RemoteWebDriver
Capabilities [{mobileEmulationEnabled=false, timeouts={implicit=0, pageLoad=300000, script=30000}, hasTouchScreen=false, platform=WINDOWS, acceptSslCerts=false, goog:chromeOptions={debuggerAddress=localhost:1084}, acceptInsecureCerts=false, webStorageEnabled=true, browserName=chrome, takesScreenshot=true, javascriptEnabled=true, setWindowRect=true, unexpectedAlertBehaviour=ignore, applicationCacheEnabled=false, rotatable=false, networkConnectionEnabled=false, chrome={chromedriverVersion=73.0.3683.68 (47787ec04b6e38e22703e856e101e840b65afe72), userDataDir=C:\Windows\proxy\scoped_dir2972_31146}, takesHeapSnapshot=true, pageLoadStrategy=normal, strictFileInteractability=false, databaseEnabled=false, handlesAlerts=true, version=73.0.3683.86, browserConnectionEnabled=false, nativeEvents=true, webdriver.remote.sessionid=0a57072cb11255161ce47c16f870abf0b91c8120, locationContextEnabled=true, cssSelectorsEnabled=true}]
Session ID: 0a57072cb11255161ce47c16f870abf0b91c8120
*** Element info: {Using=css selector, value=p[class^='MuiFormHelperText']}
	at com.clarolab.TriageTest.testProductBugUrl(TriageTest.java:21)
Caused by: org.openqa.selenium.remote.ScreenshotException: 
Screen shot has been taken
Build info: version: '2.45.0', revision: '5017cb8e7ca8e37638dc3091b2440b90a1d8686f', time: '2015-02-27 09:10:26'
System info: host: '6888e31d0e98', ip: '172.17.0.9', os.name: 'Linux', os.arch: 'amd64', os.version: '4.15.0-29-generic', java.version: '1.8.0_181'
Driver info: driver.version: RemoteWebDriver
	at com.clarolab.TriageTest.testProductBugUrl(TriageTest.java:21)
Caused by: org.openqa.selenium.NoSuchElementException: 
no such element: Unable to locate element: {"method":"css selector","selector":"p[class^='MuiFormHelperText']"}
  (Session info: chrome=73.0.3683.86)
  (Driver info: chromedriver=73.0.3683.68 (47787ec04b6e38e22703e856e101e840b65afe72),platform=Windows NT 6.1.7601 SP1 x86_64) (WARNING: The server did not provide any stacktrace information)
Command duration or timeout: 2.05 seconds
For documentation on this error, please visit: http://seleniumhq.org/exceptions/no_such_element.html
Build info: version: '2.53.0', revision: '35ae25b', time: '2016-03-15 17:00:58'
System info: host: '207-254-10-28', ip: '207.254.10.28', os.name: 'windows', os.arch: 'x86', os.version: '6.1', java.version: '1.8.0_181'
Driver info: org.openqa.selenium.chrome.ChromeDriver
Capabilities [{mobileEmulationEnabled=false, timeouts={implicit=0, pageLoad=300000, script=30000}, hasTouchScreen=false, platform=XP, acceptSslCerts=false, goog:chromeOptions={debuggerAddress=localhost:1084}, acceptInsecureCerts=false, webStorageEnabled=true, browserName=chrome, takesScreenshot=true, javascriptEnabled=true, setWindowRect=true, unexpectedAlertBehaviour=ignore, applicationCacheEnabled=false, rotatable=false, networkConnectionEnabled=false, chrome={chromedriverVersion=73.0.3683.68 (47787ec04b6e38e22703e856e101e840b65afe72), userDataDir=C:\Windows\proxy\scoped_dir2972_31146}, takesHeapSnapshot=true, pageLoadStrategy=normal, strictFileInteractability=false, databaseEnabled=false, handlesAlerts=true, version=73.0.3683.86, browserConnectionEnabled=false, proxy={}, nativeEvents=true, locationContextEnabled=true, cssSelectorsEnabled=true}]
Session ID: 2d808badaea0346bd59ba48faa508a81
*** Element info: {Using=css selector, value=p[class^='MuiFormHelperText']}
For documentation on this error, please visit: http://seleniumhq.org/exceptions/no_such_element.html
Build info: version: '2.45.0', revision: '5017cb8e7ca8e37638dc3091b2440b90a1d8686f', time: '2015-02-27 09:10:26'
System info: host: '6888e31d0e98', ip: '172.17.0.9', os.name: 'Linux', os.arch: 'amd64', os.version: '4.15.0-29-generic', java.version: '1.8.0_181'
Driver info: driver.version: EventFiringWebDriver
</failure>
    <system-err><![CDATA[Apr 25, 2019 6:32:16 PM org.openqa.selenium.remote.RemoteWebDriver log
WARNING: Executing: deleteAllCookies [dfe063e1279f945deb7836ae7c524d36d41d5a00, deleteAllCookies {}]
Apr 25, 2019 6:32:17 PM org.openqa.selenium.remote.RemoteWebDriver log
WARNING: Executed: [dfe063e1279f945deb7836ae7c524d36d41d5a00, deleteAllCookies {}]
Apr 25, 2019 6:32:17 PM org.openqa.selenium.remote.RemoteWebDriver log
WARNING: Executing: quit [dfe063e1279f945deb7836ae7c524d36d41d5a00, quit {}]
Apr 25, 2019 6:32:18 PM org.openqa.selenium.remote.RemoteWebDriver log
WARNING: Executed: [dfe063e1279f945deb7836ae7c524d36d41d5a00, quit {}]
Apr 25, 2019 6:32:32 PM org.openqa.selenium.remote.RemoteWebDriver log
WARNING: Executing: setTimeout [0a57072cb11255161ce47c16f870abf0b91c8120, setTimeout {type=page load, ms=80000}]
Apr 25, 2019 6:32:32 PM org.openqa.selenium.remote.RemoteWebDriver log
WARNING: Executed: [0a57072cb11255161ce47c16f870abf0b91c8120, setTimeout {type=page load, ms=80000}]
Apr 25, 2019 6:32:32 PM org.openqa.selenium.remote.RemoteWebDriver log
WARNING: Executing: implicitlyWait [0a57072cb11255161ce47c16f870abf0b91c8120, implicitlyWait {ms=2000}]
Apr 25, 2019 6:32:33 PM org.openqa.selenium.remote.RemoteWebDriver log
WARNING: Executed: [0a57072cb11255161ce47c16f870abf0b91c8120, implicitlyWait {ms=2000}]
Apr 25, 2019 6:32:33 PM org.openqa.selenium.remote.RemoteWebDriver log
WARNING: Executing: get [0a57072cb11255161ce47c16f870abf0b91c8120, get {url=http://tdev.clarolab.com/}]
Apr 25, 2019 6:32:38 PM org.openqa.selenium.remote.RemoteWebDriver log
WARNING: Executed: [0a57072cb11255161ce47c16f870abf0b91c8120, get {url=http://tdev.clarolab.com/}]
Apr 25, 2019 6:32:38 PM org.openqa.selenium.remote.RemoteWebDriver log
WARNING: Executing: getCurrentUrl [0a57072cb11255161ce47c16f870abf0b91c8120, getCurrentUrl {}]
Apr 25, 2019 6:32:39 PM org.openqa.selenium.remote.RemoteWebDriver log
WARNING: Executed: [0a57072cb11255161ce47c16f870abf0b91c8120, getCurrentUrl {}]
Apr 25, 2019 6:32:39 PM org.openqa.selenium.remote.RemoteWebDriver log
WARNING: Executing: getCurrentUrl [0a57072cb11255161ce47c16f870abf0b91c8120, getCurrentUrl {}]
Apr 25, 2019 6:32:39 PM org.openqa.selenium.remote.RemoteWebDriver log
WARNING: Executed: [0a57072cb11255161ce47c16f870abf0b91c8120, getCurrentUrl {}]
Apr 25, 2019 6:32:39 PM org.openqa.selenium.remote.RemoteWebDriver log
WARNING: Executing: findElement [0a57072cb11255161ce47c16f870abf0b91c8120, findElement {using=id, value=loginForm}]
Apr 25, 2019 6:32:39 PM org.openqa.selenium.remote.RemoteWebDriver log
WARNING: Executed: [0a57072cb11255161ce47c16f870abf0b91c8120, findElement {using=id, value=loginForm}]
Apr 25, 2019 6:32:39 PM org.openqa.selenium.remote.RemoteWebDriver log
WARNING: Executing: findElement [0a57072cb11255161ce47c16f870abf0b91c8120, findElement {using=tag name, value=body}]
Apr 25, 2019 6:32:39 PM org.openqa.selenium.remote.RemoteWebDriver log
WARNING: Executed: [0a57072cb11255161ce47c16f870abf0b91c8120, findElement {using=tag name, value=body}]
Apr 25, 2019 6:32:39 PM org.openqa.selenium.remote.RemoteWebDriver log
WARNING: Executing: getElementText [0a57072cb11255161ce47c16f870abf0b91c8120, getElementText {id=1}]
Apr 25, 2019 6:32:40 PM org.openqa.selenium.remote.RemoteWebDriver log
WARNING: Executed: [0a57072cb11255161ce47c16f870abf0b91c8120, getElementText {id=1}]
Apr 25, 2019 6:32:40 PM org.openqa.selenium.remote.RemoteWebDriver log
WARNING: Executing: findElement [0a57072cb11255161ce47c16f870abf0b91c8120, findElement {using=tag name, value=body}]
Apr 25, 2019 6:32:40 PM org.openqa.selenium.remote.RemoteWebDriver log
WARNING: Executed: [0a57072cb11255161ce47c16f870abf0b91c8120, findElement {using=tag name, value=body}]
Apr 25, 2019 6:32:40 PM org.openqa.selenium.remote.RemoteWebDriver log
WARNING: Executing: getElementText [0a57072cb11255161ce47c16f870abf0b91c8120, getElementText {id=1}]
Apr 25, 2019 6:32:41 PM org.openqa.selenium.remote.RemoteWebDriver log
WARNING: Executed: [0a57072cb11255161ce47c16f870abf0b91c8120, getElementText {id=1}]
Apr 25, 2019 6:32:41 PM org.openqa.selenium.remote.RemoteWebDriver log
WARNING: Executing: findElement [0a57072cb11255161ce47c16f870abf0b91c8120, findElement {using=tag name, value=body}]
Apr 25, 2019 6:32:41 PM org.openqa.selenium.remote.RemoteWebDriver log
WARNING: Executed: [0a57072cb11255161ce47c16f870abf0b91c8120, findElement {using=tag name, value=body}]
Apr 25, 2019 6:32:41 PM org.openqa.selenium.remote.RemoteWebDriver log
WARNING: Executing: getElementText [0a57072cb11255161ce47c16f870abf0b91c8120, getElementText {id=1}]
Apr 25, 2019 6:32:42 PM org.openqa.selenium.remote.RemoteWebDriver log
WARNING: Executed: [0a57072cb11255161ce47c16f870abf0b91c8120, getElementText {id=1}]
Apr 25, 2019 6:32:42 PM org.openqa.selenium.remote.RemoteWebDriver log
WARNING: Executing: findElement [0a57072cb11255161ce47c16f870abf0b91c8120, findElement {using=id, value=email}]
Apr 25, 2019 6:32:42 PM org.openqa.selenium.remote.RemoteWebDriver log
WARNING: Executed: [0a57072cb11255161ce47c16f870abf0b91c8120, findElement {using=id, value=email}]
Apr 25, 2019 6:32:42 PM org.openqa.selenium.remote.RemoteWebDriver log
WARNING: Executing: sendKeysToElement [0a57072cb11255161ce47c16f870abf0b91c8120, sendKeysToElement {id=2, value=[Ljava.lang.CharSequence;@432038ec}]
Apr 25, 2019 6:32:42 PM org.openqa.selenium.remote.RemoteWebDriver log
WARNING: Executed: [0a57072cb11255161ce47c16f870abf0b91c8120, sendKeysToElement {id=2, value=[Ljava.lang.CharSequence;@432038ec}]
Apr 25, 2019 6:32:42 PM org.openqa.selenium.remote.RemoteWebDriver log
WARNING: Executing: findElement [0a57072cb11255161ce47c16f870abf0b91c8120, findElement {using=id, value=password}]
Apr 25, 2019 6:32:42 PM org.openqa.selenium.remote.RemoteWebDriver log
WARNING: Executed: [0a57072cb11255161ce47c16f870abf0b91c8120, findElement {using=id, value=password}]
Apr 25, 2019 6:32:42 PM org.openqa.selenium.remote.RemoteWebDriver log
WARNING: Executing: sendKeysToElement [0a57072cb11255161ce47c16f870abf0b91c8120, sendKeysToElement {id=3, value=[Ljava.lang.CharSequence;@7daa0fbd}]
Apr 25, 2019 6:32:43 PM org.openqa.selenium.remote.RemoteWebDriver log
WARNING: Executed: [0a57072cb11255161ce47c16f870abf0b91c8120, sendKeysToElement {id=3, value=[Ljava.lang.CharSequence;@7daa0fbd}]
Apr 25, 2019 6:32:43 PM org.openqa.selenium.remote.RemoteWebDriver log
WARNING: Executing: findElement [0a57072cb11255161ce47c16f870abf0b91c8120, findElement {using=id, value=internalLoginSubmit}]
Apr 25, 2019 6:32:43 PM org.openqa.selenium.remote.RemoteWebDriver log
WARNING: Executed: [0a57072cb11255161ce47c16f870abf0b91c8120, findElement {using=id, value=internalLoginSubmit}]
Apr 25, 2019 6:32:43 PM org.openqa.selenium.remote.RemoteWebDriver log
WARNING: Executing: isElementDisplayed [0a57072cb11255161ce47c16f870abf0b91c8120, isElementDisplayed {id=4}]
Apr 25, 2019 6:32:43 PM org.openqa.selenium.remote.RemoteWebDriver log
WARNING: Executed: [0a57072cb11255161ce47c16f870abf0b91c8120, isElementDisplayed {id=4}]
Apr 25, 2019 6:32:43 PM org.openqa.selenium.remote.RemoteWebDriver log
WARNING: Executing: isElementEnabled [0a57072cb11255161ce47c16f870abf0b91c8120, isElementEnabled {id=4}]
Apr 25, 2019 6:32:43 PM org.openqa.selenium.remote.RemoteWebDriver log
WARNING: Executed: [0a57072cb11255161ce47c16f870abf0b91c8120, isElementEnabled {id=4}]
Apr 25, 2019 6:32:43 PM org.openqa.selenium.remote.RemoteWebDriver log
WARNING: Executing: clickElement [0a57072cb11255161ce47c16f870abf0b91c8120, clickElement {id=4}]
Apr 25, 2019 6:32:44 PM org.openqa.selenium.remote.RemoteWebDriver log
WARNING: Executed: [0a57072cb11255161ce47c16f870abf0b91c8120, clickElement {id=4}]
Apr 25, 2019 6:32:44 PM org.openqa.selenium.remote.RemoteWebDriver log
WARNING: Executing: getCurrentUrl [0a57072cb11255161ce47c16f870abf0b91c8120, getCurrentUrl {}]
Apr 25, 2019 6:32:44 PM org.openqa.selenium.remote.RemoteWebDriver log
WARNING: Executed: [0a57072cb11255161ce47c16f870abf0b91c8120, getCurrentUrl {}]
Apr 25, 2019 6:32:44 PM org.openqa.selenium.remote.RemoteWebDriver log
WARNING: Executing: findElement [0a57072cb11255161ce47c16f870abf0b91c8120, findElement {using=class name, value=homeRoot}]
Apr 25, 2019 6:32:46 PM org.openqa.selenium.remote.RemoteWebDriver log
WARNING: Executed: [0a57072cb11255161ce47c16f870abf0b91c8120, findElement {using=class name, value=homeRoot}]
Apr 25, 2019 6:32:46 PM org.openqa.selenium.remote.RemoteWebDriver log
WARNING: Executing: findElement [0a57072cb11255161ce47c16f870abf0b91c8120, findElement {using=tag name, value=body}]
Apr 25, 2019 6:32:46 PM org.openqa.selenium.remote.RemoteWebDriver log
WARNING: Executed: [0a57072cb11255161ce47c16f870abf0b91c8120, findElement {using=tag name, value=body}]
Apr 25, 2019 6:32:46 PM org.openqa.selenium.remote.RemoteWebDriver log
WARNING: Executing: getElementText [0a57072cb11255161ce47c16f870abf0b91c8120, getElementText {id=1}]
Apr 25, 2019 6:32:47 PM org.openqa.selenium.remote.RemoteWebDriver log
WARNING: Executed: [0a57072cb11255161ce47c16f870abf0b91c8120, getElementText {id=1}]
Apr 25, 2019 6:32:47 PM org.openqa.selenium.remote.RemoteWebDriver log
WARNING: Executing: findElement [0a57072cb11255161ce47c16f870abf0b91c8120, findElement {using=tag name, value=body}]
Apr 25, 2019 6:32:47 PM org.openqa.selenium.remote.RemoteWebDriver log
WARNING: Executed: [0a57072cb11255161ce47c16f870abf0b91c8120, findElement {using=tag name, value=body}]
Apr 25, 2019 6:32:47 PM org.openqa.selenium.remote.RemoteWebDriver log
WARNING: Executing: getElementText [0a57072cb11255161ce47c16f870abf0b91c8120, getElementText {id=1}]
Apr 25, 2019 6:32:48 PM org.openqa.selenium.remote.RemoteWebDriver log
WARNING: Executed: [0a57072cb11255161ce47c16f870abf0b91c8120, getElementText {id=1}]
Apr 25, 2019 6:32:48 PM org.openqa.selenium.remote.RemoteWebDriver log
WARNING: Executing: findElement [0a57072cb11255161ce47c16f870abf0b91c8120, findElement {using=tag name, value=body}]
Apr 25, 2019 6:32:49 PM org.openqa.selenium.remote.RemoteWebDriver log
WARNING: Executed: [0a57072cb11255161ce47c16f870abf0b91c8120, findElement {using=tag name, value=body}]
Apr 25, 2019 6:32:49 PM org.openqa.selenium.remote.RemoteWebDriver log
WARNING: Executing: getElementText [0a57072cb11255161ce47c16f870abf0b91c8120, getElementText {id=1}]
Apr 25, 2019 6:32:49 PM org.openqa.selenium.remote.RemoteWebDriver log
WARNING: Executed: [0a57072cb11255161ce47c16f870abf0b91c8120, getElementText {id=1}]
Apr 25, 2019 6:32:49 PM org.openqa.selenium.remote.RemoteWebDriver log
WARNING: Executing: getCurrentUrl [0a57072cb11255161ce47c16f870abf0b91c8120, getCurrentUrl {}]
Apr 25, 2019 6:32:49 PM org.openqa.selenium.remote.RemoteWebDriver log
WARNING: Executed: [0a57072cb11255161ce47c16f870abf0b91c8120, getCurrentUrl {}]
Apr 25, 2019 6:32:49 PM org.openqa.selenium.remote.RemoteWebDriver log
WARNING: Executing: getCurrentUrl [0a57072cb11255161ce47c16f870abf0b91c8120, getCurrentUrl {}]
Apr 25, 2019 6:32:50 PM org.openqa.selenium.remote.RemoteWebDriver log
WARNING: Executed: [0a57072cb11255161ce47c16f870abf0b91c8120, getCurrentUrl {}]
Apr 25, 2019 6:32:50 PM org.openqa.selenium.remote.RemoteWebDriver log
WARNING: Executing: findElement [0a57072cb11255161ce47c16f870abf0b91c8120, findElement {using=class name, value=homeRoot}]
Apr 25, 2019 6:32:50 PM org.openqa.selenium.remote.RemoteWebDriver log
WARNING: Executed: [0a57072cb11255161ce47c16f870abf0b91c8120, findElement {using=class name, value=homeRoot}]
Apr 25, 2019 6:32:50 PM org.openqa.selenium.remote.RemoteWebDriver log
WARNING: Executing: findElement [0a57072cb11255161ce47c16f870abf0b91c8120, findElement {using=tag name, value=body}]
Apr 25, 2019 6:32:50 PM org.openqa.selenium.remote.RemoteWebDriver log
WARNING: Executed: [0a57072cb11255161ce47c16f870abf0b91c8120, findElement {using=tag name, value=body}]
Apr 25, 2019 6:32:50 PM org.openqa.selenium.remote.RemoteWebDriver log
WARNING: Executing: getElementText [0a57072cb11255161ce47c16f870abf0b91c8120, getElementText {id=1}]
Apr 25, 2019 6:32:50 PM org.openqa.selenium.remote.RemoteWebDriver log
WARNING: Executed: [0a57072cb11255161ce47c16f870abf0b91c8120, getElementText {id=1}]
Apr 25, 2019 6:32:51 PM org.openqa.selenium.remote.RemoteWebDriver log
WARNING: Executing: findElement [0a57072cb11255161ce47c16f870abf0b91c8120, findElement {using=tag name, value=body}]
Apr 25, 2019 6:32:51 PM org.openqa.selenium.remote.RemoteWebDriver log
WARNING: Executed: [0a57072cb11255161ce47c16f870abf0b91c8120, findElement {using=tag name, value=body}]
Apr 25, 2019 6:32:51 PM org.openqa.selenium.remote.RemoteWebDriver log
WARNING: Executing: getElementText [0a57072cb11255161ce47c16f870abf0b91c8120, getElementText {id=1}]
Apr 25, 2019 6:32:52 PM org.openqa.selenium.remote.RemoteWebDriver log
WARNING: Executed: [0a57072cb11255161ce47c16f870abf0b91c8120, getElementText {id=1}]
Apr 25, 2019 6:32:52 PM org.openqa.selenium.remote.RemoteWebDriver log
WARNING: Executing: findElements [0a57072cb11255161ce47c16f870abf0b91c8120, findElements {using=css selector, value=tr.jobsTableRow}]
Apr 25, 2019 6:32:52 PM org.openqa.selenium.remote.RemoteWebDriver log
WARNING: Executed: [0a57072cb11255161ce47c16f870abf0b91c8120, findElements {using=css selector, value=tr.jobsTableRow}]
Apr 25, 2019 6:32:52 PM org.openqa.selenium.remote.RemoteWebDriver log
WARNING: Executing: isElementDisplayed [0a57072cb11255161ce47c16f870abf0b91c8120, isElementDisplayed {id=6}]
Apr 25, 2019 6:32:52 PM org.openqa.selenium.remote.RemoteWebDriver log
WARNING: Executed: [0a57072cb11255161ce47c16f870abf0b91c8120, isElementDisplayed {id=6}]
Apr 25, 2019 6:32:52 PM org.openqa.selenium.remote.RemoteWebDriver log
WARNING: Executing: isElementDisplayed [0a57072cb11255161ce47c16f870abf0b91c8120, isElementDisplayed {id=7}]
Apr 25, 2019 6:32:52 PM org.openqa.selenium.remote.RemoteWebDriver log
WARNING: Executed: [0a57072cb11255161ce47c16f870abf0b91c8120, isElementDisplayed {id=7}]
Apr 25, 2019 6:32:52 PM org.openqa.selenium.remote.RemoteWebDriver log
WARNING: Executing: isElementDisplayed [0a57072cb11255161ce47c16f870abf0b91c8120, isElementDisplayed {id=8}]
Apr 25, 2019 6:32:52 PM org.openqa.selenium.remote.RemoteWebDriver log
WARNING: Executed: [0a57072cb11255161ce47c16f870abf0b91c8120, isElementDisplayed {id=8}]
Apr 25, 2019 6:32:52 PM org.openqa.selenium.remote.RemoteWebDriver log
WARNING: Executing: isElementDisplayed [0a57072cb11255161ce47c16f870abf0b91c8120, isElementDisplayed {id=9}]
Apr 25, 2019 6:32:53 PM org.openqa.selenium.remote.RemoteWebDriver log
WARNING: Executed: [0a57072cb11255161ce47c16f870abf0b91c8120, isElementDisplayed {id=9}]
Apr 25, 2019 6:32:53 PM org.openqa.selenium.remote.RemoteWebDriver log
WARNING: Executing: isElementDisplayed [0a57072cb11255161ce47c16f870abf0b91c8120, isElementDisplayed {id=10}]
Apr 25, 2019 6:32:53 PM org.openqa.selenium.remote.RemoteWebDriver log
WARNING: Executed: [0a57072cb11255161ce47c16f870abf0b91c8120, isElementDisplayed {id=10}]
Apr 25, 2019 6:32:53 PM org.openqa.selenium.remote.RemoteWebDriver log
WARNING: Executing: findChildElement [0a57072cb11255161ce47c16f870abf0b91c8120, findChildElement {id=6, using=css selector, value=td.jobStatusTableCell div div:first-child}]
Apr 25, 2019 6:32:53 PM org.openqa.selenium.remote.RemoteWebDriver log
WARNING: Executed: [0a57072cb11255161ce47c16f870abf0b91c8120, findChildElement {id=6, using=css selector, value=td.jobStatusTableCell div div:first-child}]
Apr 25, 2019 6:32:53 PM org.openqa.selenium.remote.RemoteWebDriver log
WARNING: Executing: getElementText [0a57072cb11255161ce47c16f870abf0b91c8120, getElementText {id=11}]
Apr 25, 2019 6:32:53 PM org.openqa.selenium.remote.RemoteWebDriver log
WARNING: Executed: [0a57072cb11255161ce47c16f870abf0b91c8120, getElementText {id=11}]
Apr 25, 2019 6:32:53 PM org.openqa.selenium.remote.RemoteWebDriver log
WARNING: Executing: findChildElement [0a57072cb11255161ce47c16f870abf0b91c8120, findChildElement {id=6, using=css selector, value=td div}]
Apr 25, 2019 6:32:53 PM org.openqa.selenium.remote.RemoteWebDriver log
WARNING: Executed: [0a57072cb11255161ce47c16f870abf0b91c8120, findChildElement {id=6, using=css selector, value=td div}]
Apr 25, 2019 6:32:53 PM org.openqa.selenium.remote.RemoteWebDriver log
WARNING: Executing: isElementDisplayed [0a57072cb11255161ce47c16f870abf0b91c8120, isElementDisplayed {id=12}]
Apr 25, 2019 6:32:54 PM org.openqa.selenium.remote.RemoteWebDriver log
WARNING: Executed: [0a57072cb11255161ce47c16f870abf0b91c8120, isElementDisplayed {id=12}]
Apr 25, 2019 6:32:54 PM org.openqa.selenium.remote.RemoteWebDriver log
WARNING: Executing: getElementSize [0a57072cb11255161ce47c16f870abf0b91c8120, getElementSize {id=12}]
Apr 25, 2019 6:32:54 PM org.openqa.selenium.remote.RemoteWebDriver log
WARNING: Executed: [0a57072cb11255161ce47c16f870abf0b91c8120, getElementSize {id=12}]
Apr 25, 2019 6:32:54 PM org.openqa.selenium.remote.RemoteWebDriver log
WARNING: Executing: getElementSize [0a57072cb11255161ce47c16f870abf0b91c8120, getElementSize {id=12}]
Apr 25, 2019 6:32:54 PM org.openqa.selenium.remote.RemoteWebDriver log
WARNING: Executed: [0a57072cb11255161ce47c16f870abf0b91c8120, getElementSize {id=12}]
Apr 25, 2019 6:32:54 PM org.openqa.selenium.remote.RemoteWebDriver log
WARNING: Executing: getElementTagName [0a57072cb11255161ce47c16f870abf0b91c8120, getElementTagName {id=12}]
Apr 25, 2019 6:32:54 PM org.openqa.selenium.remote.RemoteWebDriver log
WARNING: Executed: [0a57072cb11255161ce47c16f870abf0b91c8120, getElementTagName {id=12}]
Apr 25, 2019 6:32:54 PM org.openqa.selenium.remote.RemoteWebDriver log
WARNING: Executing: clickElement [0a57072cb11255161ce47c16f870abf0b91c8120, clickElement {id=12}]
Apr 25, 2019 6:32:54 PM org.openqa.selenium.remote.RemoteWebDriver log
WARNING: Executed: [0a57072cb11255161ce47c16f870abf0b91c8120, clickElement {id=12}]
Apr 25, 2019 6:32:54 PM org.openqa.selenium.remote.RemoteWebDriver log
WARNING: Executing: getCurrentUrl [0a57072cb11255161ce47c16f870abf0b91c8120, getCurrentUrl {}]
Apr 25, 2019 6:32:55 PM org.openqa.selenium.remote.RemoteWebDriver log
WARNING: Executed: [0a57072cb11255161ce47c16f870abf0b91c8120, getCurrentUrl {}]
Apr 25, 2019 6:32:55 PM org.openqa.selenium.remote.RemoteWebDriver log
WARNING: Executing: findElement [0a57072cb11255161ce47c16f870abf0b91c8120, findElement {using=css selector, value=div.kanban}]
Apr 25, 2019 6:32:57 PM org.openqa.selenium.remote.RemoteWebDriver log
WARNING: Executed: [0a57072cb11255161ce47c16f870abf0b91c8120, findElement {using=css selector, value=div.kanban}]
Apr 25, 2019 6:32:57 PM org.openqa.selenium.remote.RemoteWebDriver log
WARNING: Executing: getCurrentUrl [0a57072cb11255161ce47c16f870abf0b91c8120, getCurrentUrl {}]
Apr 25, 2019 6:32:57 PM org.openqa.selenium.remote.RemoteWebDriver log
WARNING: Executed: [0a57072cb11255161ce47c16f870abf0b91c8120, getCurrentUrl {}]
Apr 25, 2019 6:32:57 PM org.openqa.selenium.remote.RemoteWebDriver log
WARNING: Executing: findElements [0a57072cb11255161ce47c16f870abf0b91c8120, findElements {using=css selector, value=div[data-testcase-triage-category='FAIL'] div.testName}]
Apr 25, 2019 6:32:57 PM org.openqa.selenium.remote.RemoteWebDriver log
WARNING: Executed: [0a57072cb11255161ce47c16f870abf0b91c8120, findElements {using=css selector, value=div[data-testcase-triage-category='FAIL'] div.testName}]
Apr 25, 2019 6:32:57 PM org.openqa.selenium.remote.RemoteWebDriver log
WARNING: Executing: isElementDisplayed [0a57072cb11255161ce47c16f870abf0b91c8120, isElementDisplayed {id=14}]
Apr 25, 2019 6:32:57 PM org.openqa.selenium.remote.RemoteWebDriver log
WARNING: Executed: [0a57072cb11255161ce47c16f870abf0b91c8120, isElementDisplayed {id=14}]
Apr 25, 2019 6:32:57 PM org.openqa.selenium.remote.RemoteWebDriver log
WARNING: Executing: isElementDisplayed [0a57072cb11255161ce47c16f870abf0b91c8120, isElementDisplayed {id=15}]
Apr 25, 2019 6:32:58 PM org.openqa.selenium.remote.RemoteWebDriver log
WARNING: Executed: [0a57072cb11255161ce47c16f870abf0b91c8120, isElementDisplayed {id=15}]
Apr 25, 2019 6:32:58 PM org.openqa.selenium.remote.RemoteWebDriver log
WARNING: Executing: isElementDisplayed [0a57072cb11255161ce47c16f870abf0b91c8120, isElementDisplayed {id=16}]
Apr 25, 2019 6:32:58 PM org.openqa.selenium.remote.RemoteWebDriver log
WARNING: Executed: [0a57072cb11255161ce47c16f870abf0b91c8120, isElementDisplayed {id=16}]
Apr 25, 2019 6:32:58 PM org.openqa.selenium.remote.RemoteWebDriver log
WARNING: Executing: isElementDisplayed [0a57072cb11255161ce47c16f870abf0b91c8120, isElementDisplayed {id=17}]
Apr 25, 2019 6:32:58 PM org.openqa.selenium.remote.RemoteWebDriver log
WARNING: Executed: [0a57072cb11255161ce47c16f870abf0b91c8120, isElementDisplayed {id=17}]
Apr 25, 2019 6:32:58 PM org.openqa.selenium.remote.RemoteWebDriver log
WARNING: Executing: isElementDisplayed [0a57072cb11255161ce47c16f870abf0b91c8120, isElementDisplayed {id=18}]
Apr 25, 2019 6:32:58 PM org.openqa.selenium.remote.RemoteWebDriver log
WARNING: Executed: [0a57072cb11255161ce47c16f870abf0b91c8120, isElementDisplayed {id=18}]
Apr 25, 2019 6:32:58 PM org.openqa.selenium.remote.RemoteWebDriver log
WARNING: Executing: isElementDisplayed [0a57072cb11255161ce47c16f870abf0b91c8120, isElementDisplayed {id=19}]
Apr 25, 2019 6:32:59 PM org.openqa.selenium.remote.RemoteWebDriver log
WARNING: Executed: [0a57072cb11255161ce47c16f870abf0b91c8120, isElementDisplayed {id=19}]
Apr 25, 2019 6:32:59 PM org.openqa.selenium.remote.RemoteWebDriver log
WARNING: Executing: isElementDisplayed [0a57072cb11255161ce47c16f870abf0b91c8120, isElementDisplayed {id=20}]
Apr 25, 2019 6:32:59 PM org.openqa.selenium.remote.RemoteWebDriver log
WARNING: Executed: [0a57072cb11255161ce47c16f870abf0b91c8120, isElementDisplayed {id=20}]
Apr 25, 2019 6:32:59 PM org.openqa.selenium.remote.RemoteWebDriver log
WARNING: Executing: isElementDisplayed [0a57072cb11255161ce47c16f870abf0b91c8120, isElementDisplayed {id=21}]
Apr 25, 2019 6:32:59 PM org.openqa.selenium.remote.RemoteWebDriver log
WARNING: Executed: [0a57072cb11255161ce47c16f870abf0b91c8120, isElementDisplayed {id=21}]
Apr 25, 2019 6:32:59 PM org.openqa.selenium.remote.RemoteWebDriver log
WARNING: Executing: isElementDisplayed [0a57072cb11255161ce47c16f870abf0b91c8120, isElementDisplayed {id=22}]
Apr 25, 2019 6:32:59 PM org.openqa.selenium.remote.RemoteWebDriver log
WARNING: Executed: [0a57072cb11255161ce47c16f870abf0b91c8120, isElementDisplayed {id=22}]
Apr 25, 2019 6:32:59 PM org.openqa.selenium.remote.RemoteWebDriver log
WARNING: Executing: isElementDisplayed [0a57072cb11255161ce47c16f870abf0b91c8120, isElementDisplayed {id=23}]
Apr 25, 2019 6:32:59 PM org.openqa.selenium.remote.RemoteWebDriver log
WARNING: Executed: [0a57072cb11255161ce47c16f870abf0b91c8120, isElementDisplayed {id=23}]
Apr 25, 2019 6:32:59 PM org.openqa.selenium.remote.RemoteWebDriver log
WARNING: Executing: isElementDisplayed [0a57072cb11255161ce47c16f870abf0b91c8120, isElementDisplayed {id=24}]
Apr 25, 2019 6:33:00 PM org.openqa.selenium.remote.RemoteWebDriver log
WARNING: Executed: [0a57072cb11255161ce47c16f870abf0b91c8120, isElementDisplayed {id=24}]
Apr 25, 2019 6:33:00 PM org.openqa.selenium.remote.RemoteWebDriver log
WARNING: Executing: isElementDisplayed [0a57072cb11255161ce47c16f870abf0b91c8120, isElementDisplayed {id=25}]
Apr 25, 2019 6:33:00 PM org.openqa.selenium.remote.RemoteWebDriver log
WARNING: Executed: [0a57072cb11255161ce47c16f870abf0b91c8120, isElementDisplayed {id=25}]
Apr 25, 2019 6:33:00 PM org.openqa.selenium.remote.RemoteWebDriver log
WARNING: Executing: isElementDisplayed [0a57072cb11255161ce47c16f870abf0b91c8120, isElementDisplayed {id=26}]
Apr 25, 2019 6:33:00 PM org.openqa.selenium.remote.RemoteWebDriver log
WARNING: Executed: [0a57072cb11255161ce47c16f870abf0b91c8120, isElementDisplayed {id=26}]
Apr 25, 2019 6:33:00 PM org.openqa.selenium.remote.RemoteWebDriver log
WARNING: Executing: isElementDisplayed [0a57072cb11255161ce47c16f870abf0b91c8120, isElementDisplayed {id=27}]
Apr 25, 2019 6:33:00 PM org.openqa.selenium.remote.RemoteWebDriver log
WARNING: Executed: [0a57072cb11255161ce47c16f870abf0b91c8120, isElementDisplayed {id=27}]
Apr 25, 2019 6:33:00 PM org.openqa.selenium.remote.RemoteWebDriver log
WARNING: Executing: isElementDisplayed [0a57072cb11255161ce47c16f870abf0b91c8120, isElementDisplayed {id=28}]
Apr 25, 2019 6:33:01 PM org.openqa.selenium.remote.RemoteWebDriver log
WARNING: Executed: [0a57072cb11255161ce47c16f870abf0b91c8120, isElementDisplayed {id=28}]
Apr 25, 2019 6:33:01 PM org.openqa.selenium.remote.RemoteWebDriver log
WARNING: Executing: isElementDisplayed [0a57072cb11255161ce47c16f870abf0b91c8120, isElementDisplayed {id=29}]
Apr 25, 2019 6:33:01 PM org.openqa.selenium.remote.RemoteWebDriver log
WARNING: Executed: [0a57072cb11255161ce47c16f870abf0b91c8120, isElementDisplayed {id=29}]
Apr 25, 2019 6:33:01 PM org.openqa.selenium.remote.RemoteWebDriver log
WARNING: Executing: isElementDisplayed [0a57072cb11255161ce47c16f870abf0b91c8120, isElementDisplayed {id=30}]
Apr 25, 2019 6:33:01 PM org.openqa.selenium.remote.RemoteWebDriver log
WARNING: Executed: [0a57072cb11255161ce47c16f870abf0b91c8120, isElementDisplayed {id=30}]
Apr 25, 2019 6:33:01 PM org.openqa.selenium.remote.RemoteWebDriver log
WARNING: Executing: isElementDisplayed [0a57072cb11255161ce47c16f870abf0b91c8120, isElementDisplayed {id=31}]
Apr 25, 2019 6:33:01 PM org.openqa.selenium.remote.RemoteWebDriver log
WARNING: Executed: [0a57072cb11255161ce47c16f870abf0b91c8120, isElementDisplayed {id=31}]
Apr 25, 2019 6:33:01 PM org.openqa.selenium.remote.RemoteWebDriver log
WARNING: Executing: isElementDisplayed [0a57072cb11255161ce47c16f870abf0b91c8120, isElementDisplayed {id=32}]
Apr 25, 2019 6:33:01 PM org.openqa.selenium.remote.RemoteWebDriver log
WARNING: Executed: [0a57072cb11255161ce47c16f870abf0b91c8120, isElementDisplayed {id=32}]
Apr 25, 2019 6:33:01 PM org.openqa.selenium.remote.RemoteWebDriver log
WARNING: Executing: isElementDisplayed [0a57072cb11255161ce47c16f870abf0b91c8120, isElementDisplayed {id=33}]
Apr 25, 2019 6:33:02 PM org.openqa.selenium.remote.RemoteWebDriver log
WARNING: Executed: [0a57072cb11255161ce47c16f870abf0b91c8120, isElementDisplayed {id=33}]
Apr 25, 2019 6:33:02 PM org.openqa.selenium.remote.RemoteWebDriver log
WARNING: Executing: isElementDisplayed [0a57072cb11255161ce47c16f870abf0b91c8120, isElementDisplayed {id=34}]
Apr 25, 2019 6:33:02 PM org.openqa.selenium.remote.RemoteWebDriver log
WARNING: Executed: [0a57072cb11255161ce47c16f870abf0b91c8120, isElementDisplayed {id=34}]
Apr 25, 2019 6:33:02 PM org.openqa.selenium.remote.RemoteWebDriver log
WARNING: Executing: isElementDisplayed [0a57072cb11255161ce47c16f870abf0b91c8120, isElementDisplayed {id=35}]
Apr 25, 2019 6:33:02 PM org.openqa.selenium.remote.RemoteWebDriver log
WARNING: Executed: [0a57072cb11255161ce47c16f870abf0b91c8120, isElementDisplayed {id=35}]
Apr 25, 2019 6:33:02 PM org.openqa.selenium.remote.RemoteWebDriver log
WARNING: Executing: isElementDisplayed [0a57072cb11255161ce47c16f870abf0b91c8120, isElementDisplayed {id=36}]
Apr 25, 2019 6:33:02 PM org.openqa.selenium.remote.RemoteWebDriver log
WARNING: Executed: [0a57072cb11255161ce47c16f870abf0b91c8120, isElementDisplayed {id=36}]
Apr 25, 2019 6:33:02 PM org.openqa.selenium.remote.RemoteWebDriver log
WARNING: Executing: isElementDisplayed [0a57072cb11255161ce47c16f870abf0b91c8120, isElementDisplayed {id=37}]
Apr 25, 2019 6:33:03 PM org.openqa.selenium.remote.RemoteWebDriver log
WARNING: Executed: [0a57072cb11255161ce47c16f870abf0b91c8120, isElementDisplayed {id=37}]
Apr 25, 2019 6:33:03 PM org.openqa.selenium.remote.RemoteWebDriver log
WARNING: Executing: isElementDisplayed [0a57072cb11255161ce47c16f870abf0b91c8120, isElementDisplayed {id=38}]
Apr 25, 2019 6:33:03 PM org.openqa.selenium.remote.RemoteWebDriver log
WARNING: Executed: [0a57072cb11255161ce47c16f870abf0b91c8120, isElementDisplayed {id=38}]
Apr 25, 2019 6:33:03 PM org.openqa.selenium.remote.RemoteWebDriver log
WARNING: Executing: isElementDisplayed [0a57072cb11255161ce47c16f870abf0b91c8120, isElementDisplayed {id=39}]
Apr 25, 2019 6:33:03 PM org.openqa.selenium.remote.RemoteWebDriver log
WARNING: Executed: [0a57072cb11255161ce47c16f870abf0b91c8120, isElementDisplayed {id=39}]
Apr 25, 2019 6:33:03 PM org.openqa.selenium.remote.RemoteWebDriver log
WARNING: Executing: isElementDisplayed [0a57072cb11255161ce47c16f870abf0b91c8120, isElementDisplayed {id=40}]
Apr 25, 2019 6:33:03 PM org.openqa.selenium.remote.RemoteWebDriver log
WARNING: Executed: [0a57072cb11255161ce47c16f870abf0b91c8120, isElementDisplayed {id=40}]
Apr 25, 2019 6:33:03 PM org.openqa.selenium.remote.RemoteWebDriver log
WARNING: Executing: isElementDisplayed [0a57072cb11255161ce47c16f870abf0b91c8120, isElementDisplayed {id=41}]
Apr 25, 2019 6:33:03 PM org.openqa.selenium.remote.RemoteWebDriver log
WARNING: Executed: [0a57072cb11255161ce47c16f870abf0b91c8120, isElementDisplayed {id=41}]
Apr 25, 2019 6:33:03 PM org.openqa.selenium.remote.RemoteWebDriver log
WARNING: Executing: isElementDisplayed [0a57072cb11255161ce47c16f870abf0b91c8120, isElementDisplayed {id=42}]
Apr 25, 2019 6:33:04 PM org.openqa.selenium.remote.RemoteWebDriver log
WARNING: Executed: [0a57072cb11255161ce47c16f870abf0b91c8120, isElementDisplayed {id=42}]
Apr 25, 2019 6:33:04 PM org.openqa.selenium.remote.RemoteWebDriver log
WARNING: Executing: isElementDisplayed [0a57072cb11255161ce47c16f870abf0b91c8120, isElementDisplayed {id=43}]
Apr 25, 2019 6:33:04 PM org.openqa.selenium.remote.RemoteWebDriver log
WARNING: Executed: [0a57072cb11255161ce47c16f870abf0b91c8120, isElementDisplayed {id=43}]
Apr 25, 2019 6:33:04 PM org.openqa.selenium.remote.RemoteWebDriver log
WARNING: Executing: isElementDisplayed [0a57072cb11255161ce47c16f870abf0b91c8120, isElementDisplayed {id=44}]
Apr 25, 2019 6:33:04 PM org.openqa.selenium.remote.RemoteWebDriver log
WARNING: Executed: [0a57072cb11255161ce47c16f870abf0b91c8120, isElementDisplayed {id=44}]
Apr 25, 2019 6:33:04 PM org.openqa.selenium.remote.RemoteWebDriver log
WARNING: Executing: isElementDisplayed [0a57072cb11255161ce47c16f870abf0b91c8120, isElementDisplayed {id=45}]
Apr 25, 2019 6:33:04 PM org.openqa.selenium.remote.RemoteWebDriver log
WARNING: Executed: [0a57072cb11255161ce47c16f870abf0b91c8120, isElementDisplayed {id=45}]
Apr 25, 2019 6:33:04 PM org.openqa.selenium.remote.RemoteWebDriver log
WARNING: Executing: isElementDisplayed [0a57072cb11255161ce47c16f870abf0b91c8120, isElementDisplayed {id=46}]
Apr 25, 2019 6:33:05 PM org.openqa.selenium.remote.RemoteWebDriver log
WARNING: Executed: [0a57072cb11255161ce47c16f870abf0b91c8120, isElementDisplayed {id=46}]
Apr 25, 2019 6:33:05 PM org.openqa.selenium.remote.RemoteWebDriver log
WARNING: Executing: isElementDisplayed [0a57072cb11255161ce47c16f870abf0b91c8120, isElementDisplayed {id=47}]
Apr 25, 2019 6:33:05 PM org.openqa.selenium.remote.RemoteWebDriver log
WARNING: Executed: [0a57072cb11255161ce47c16f870abf0b91c8120, isElementDisplayed {id=47}]
Apr 25, 2019 6:33:05 PM org.openqa.selenium.remote.RemoteWebDriver log
WARNING: Executing: isElementDisplayed [0a57072cb11255161ce47c16f870abf0b91c8120, isElementDisplayed {id=48}]
Apr 25, 2019 6:33:05 PM org.openqa.selenium.remote.RemoteWebDriver log
WARNING: Executed: [0a57072cb11255161ce47c16f870abf0b91c8120, isElementDisplayed {id=48}]
Apr 25, 2019 6:33:05 PM org.openqa.selenium.remote.RemoteWebDriver log
WARNING: Executing: isElementDisplayed [0a57072cb11255161ce47c16f870abf0b91c8120, isElementDisplayed {id=49}]
Apr 25, 2019 6:33:05 PM org.openqa.selenium.remote.RemoteWebDriver log
WARNING: Executed: [0a57072cb11255161ce47c16f870abf0b91c8120, isElementDisplayed {id=49}]
Apr 25, 2019 6:33:05 PM org.openqa.selenium.remote.RemoteWebDriver log
WARNING: Executing: isElementDisplayed [0a57072cb11255161ce47c16f870abf0b91c8120, isElementDisplayed {id=50}]
Apr 25, 2019 6:33:05 PM org.openqa.selenium.remote.RemoteWebDriver log
WARNING: Executed: [0a57072cb11255161ce47c16f870abf0b91c8120, isElementDisplayed {id=50}]
Apr 25, 2019 6:33:05 PM org.openqa.selenium.remote.RemoteWebDriver log
WARNING: Executing: isElementDisplayed [0a57072cb11255161ce47c16f870abf0b91c8120, isElementDisplayed {id=51}]
Apr 25, 2019 6:33:06 PM org.openqa.selenium.remote.RemoteWebDriver log
WARNING: Executed: [0a57072cb11255161ce47c16f870abf0b91c8120, isElementDisplayed {id=51}]
Apr 25, 2019 6:33:06 PM org.openqa.selenium.remote.RemoteWebDriver log
WARNING: Executing: isElementDisplayed [0a57072cb11255161ce47c16f870abf0b91c8120, isElementDisplayed {id=52}]
Apr 25, 2019 6:33:06 PM org.openqa.selenium.remote.RemoteWebDriver log
WARNING: Executed: [0a57072cb11255161ce47c16f870abf0b91c8120, isElementDisplayed {id=52}]
Apr 25, 2019 6:33:06 PM org.openqa.selenium.remote.RemoteWebDriver log
WARNING: Executing: isElementDisplayed [0a57072cb11255161ce47c16f870abf0b91c8120, isElementDisplayed {id=53}]
Apr 25, 2019 6:33:06 PM org.openqa.selenium.remote.RemoteWebDriver log
WARNING: Executed: [0a57072cb11255161ce47c16f870abf0b91c8120, isElementDisplayed {id=53}]
Apr 25, 2019 6:33:06 PM org.openqa.selenium.remote.RemoteWebDriver log
WARNING: Executing: isElementDisplayed [0a57072cb11255161ce47c16f870abf0b91c8120, isElementDisplayed {id=54}]
Apr 25, 2019 6:33:06 PM org.openqa.selenium.remote.RemoteWebDriver log
WARNING: Executed: [0a57072cb11255161ce47c16f870abf0b91c8120, isElementDisplayed {id=54}]
Apr 25, 2019 6:33:06 PM org.openqa.selenium.remote.RemoteWebDriver log
WARNING: Executing: isElementDisplayed [0a57072cb11255161ce47c16f870abf0b91c8120, isElementDisplayed {id=55}]
Apr 25, 2019 6:33:06 PM org.openqa.selenium.remote.RemoteWebDriver log
WARNING: Executed: [0a57072cb11255161ce47c16f870abf0b91c8120, isElementDisplayed {id=55}]
Apr 25, 2019 6:33:06 PM org.openqa.selenium.remote.RemoteWebDriver log
WARNING: Executing: isElementDisplayed [0a57072cb11255161ce47c16f870abf0b91c8120, isElementDisplayed {id=56}]
Apr 25, 2019 6:33:07 PM org.openqa.selenium.remote.RemoteWebDriver log
WARNING: Executed: [0a57072cb11255161ce47c16f870abf0b91c8120, isElementDisplayed {id=56}]
Apr 25, 2019 6:33:07 PM org.openqa.selenium.remote.RemoteWebDriver log
WARNING: Executing: isElementDisplayed [0a57072cb11255161ce47c16f870abf0b91c8120, isElementDisplayed {id=57}]
Apr 25, 2019 6:33:07 PM org.openqa.selenium.remote.RemoteWebDriver log
WARNING: Executed: [0a57072cb11255161ce47c16f870abf0b91c8120, isElementDisplayed {id=57}]
Apr 25, 2019 6:33:07 PM org.openqa.selenium.remote.RemoteWebDriver log
WARNING: Executing: isElementDisplayed [0a57072cb11255161ce47c16f870abf0b91c8120, isElementDisplayed {id=58}]
Apr 25, 2019 6:33:07 PM org.openqa.selenium.remote.RemoteWebDriver log
WARNING: Executed: [0a57072cb11255161ce47c16f870abf0b91c8120, isElementDisplayed {id=58}]
Apr 25, 2019 6:33:07 PM org.openqa.selenium.remote.RemoteWebDriver log
WARNING: Executing: isElementDisplayed [0a57072cb11255161ce47c16f870abf0b91c8120, isElementDisplayed {id=59}]
Apr 25, 2019 6:33:08 PM org.openqa.selenium.remote.RemoteWebDriver log
WARNING: Executed: [0a57072cb11255161ce47c16f870abf0b91c8120, isElementDisplayed {id=59}]
Apr 25, 2019 6:33:08 PM org.openqa.selenium.remote.RemoteWebDriver log
WARNING: Executing: isElementDisplayed [0a57072cb11255161ce47c16f870abf0b91c8120, isElementDisplayed {id=60}]
Apr 25, 2019 6:33:08 PM org.openqa.selenium.remote.RemoteWebDriver log
WARNING: Executed: [0a57072cb11255161ce47c16f870abf0b91c8120, isElementDisplayed {id=60}]
Apr 25, 2019 6:33:08 PM org.openqa.selenium.remote.RemoteWebDriver log
WARNING: Executing: isElementDisplayed [0a57072cb11255161ce47c16f870abf0b91c8120, isElementDisplayed {id=61}]
Apr 25, 2019 6:33:08 PM org.openqa.selenium.remote.RemoteWebDriver log
WARNING: Executed: [0a57072cb11255161ce47c16f870abf0b91c8120, isElementDisplayed {id=61}]
Apr 25, 2019 6:33:08 PM org.openqa.selenium.remote.RemoteWebDriver log
WARNING: Executing: isElementDisplayed [0a57072cb11255161ce47c16f870abf0b91c8120, isElementDisplayed {id=62}]
Apr 25, 2019 6:33:08 PM org.openqa.selenium.remote.RemoteWebDriver log
WARNING: Executed: [0a57072cb11255161ce47c16f870abf0b91c8120, isElementDisplayed {id=62}]
Apr 25, 2019 6:33:08 PM org.openqa.selenium.remote.RemoteWebDriver log
WARNING: Executing: isElementDisplayed [0a57072cb11255161ce47c16f870abf0b91c8120, isElementDisplayed {id=63}]
Apr 25, 2019 6:33:09 PM org.openqa.selenium.remote.RemoteWebDriver log
WARNING: Executed: [0a57072cb11255161ce47c16f870abf0b91c8120, isElementDisplayed {id=63}]
Apr 25, 2019 6:33:09 PM org.openqa.selenium.remote.RemoteWebDriver log
WARNING: Executing: isElementDisplayed [0a57072cb11255161ce47c16f870abf0b91c8120, isElementDisplayed {id=64}]
Apr 25, 2019 6:33:09 PM org.openqa.selenium.remote.RemoteWebDriver log
WARNING: Executed: [0a57072cb11255161ce47c16f870abf0b91c8120, isElementDisplayed {id=64}]
Apr 25, 2019 6:33:09 PM org.openqa.selenium.remote.RemoteWebDriver log
WARNING: Executing: getElementText [0a57072cb11255161ce47c16f870abf0b91c8120, getElementText {id=14}]
Apr 25, 2019 6:33:09 PM org.openqa.selenium.remote.RemoteWebDriver log
WARNING: Executed: [0a57072cb11255161ce47c16f870abf0b91c8120, getElementText {id=14}]
Apr 25, 2019 6:33:09 PM org.openqa.selenium.remote.RemoteWebDriver log
WARNING: Executing: findElements [0a57072cb11255161ce47c16f870abf0b91c8120, findElements {using=css selector, value=div[data-testcase-triage-category='FAIL'] div.testName}]
Apr 25, 2019 6:33:09 PM org.openqa.selenium.remote.RemoteWebDriver log
WARNING: Executed: [0a57072cb11255161ce47c16f870abf0b91c8120, findElements {using=css selector, value=div[data-testcase-triage-category='FAIL'] div.testName}]
Apr 25, 2019 6:33:09 PM org.openqa.selenium.remote.RemoteWebDriver log
WARNING: Executing: getElementText [0a57072cb11255161ce47c16f870abf0b91c8120, getElementText {id=14}]
Apr 25, 2019 6:33:09 PM org.openqa.selenium.remote.RemoteWebDriver log
WARNING: Executed: [0a57072cb11255161ce47c16f870abf0b91c8120, getElementText {id=14}]
Apr 25, 2019 6:33:09 PM org.openqa.selenium.remote.RemoteWebDriver log
WARNING: Executing: clickElement [0a57072cb11255161ce47c16f870abf0b91c8120, clickElement {id=14}]
Apr 25, 2019 6:33:10 PM org.openqa.selenium.remote.RemoteWebDriver log
WARNING: Executed: [0a57072cb11255161ce47c16f870abf0b91c8120, clickElement {id=14}]
Apr 25, 2019 6:33:10 PM org.openqa.selenium.remote.RemoteWebDriver log
WARNING: Executing: getCurrentUrl [0a57072cb11255161ce47c16f870abf0b91c8120, getCurrentUrl {}]
Apr 25, 2019 6:33:10 PM org.openqa.selenium.remote.RemoteWebDriver log
WARNING: Executed: [0a57072cb11255161ce47c16f870abf0b91c8120, getCurrentUrl {}]
Apr 25, 2019 6:33:10 PM org.openqa.selenium.remote.RemoteWebDriver log
WARNING: Executing: findElement [0a57072cb11255161ce47c16f870abf0b91c8120, findElement {using=class name, value=homeRoot}]
Apr 25, 2019 6:33:10 PM org.openqa.selenium.remote.RemoteWebDriver log
WARNING: Executed: [0a57072cb11255161ce47c16f870abf0b91c8120, findElement {using=class name, value=homeRoot}]
Apr 25, 2019 6:33:10 PM org.openqa.selenium.remote.RemoteWebDriver log
WARNING: Executing: findElements [0a57072cb11255161ce47c16f870abf0b91c8120, findElements {using=class name, value=TriageDialogRadio}]
Apr 25, 2019 6:33:12 PM org.openqa.selenium.remote.RemoteWebDriver log
WARNING: Executed: [0a57072cb11255161ce47c16f870abf0b91c8120, findElements {using=class name, value=TriageDialogRadio}]
Apr 25, 2019 6:33:12 PM org.openqa.selenium.remote.RemoteWebDriver log
WARNING: Executing: isElementDisplayed [0a57072cb11255161ce47c16f870abf0b91c8120, isElementDisplayed {id=65}]
Apr 25, 2019 6:33:12 PM org.openqa.selenium.remote.RemoteWebDriver log
WARNING: Executed: [0a57072cb11255161ce47c16f870abf0b91c8120, isElementDisplayed {id=65}]
Apr 25, 2019 6:33:12 PM org.openqa.selenium.remote.RemoteWebDriver log
WARNING: Executing: isElementDisplayed [0a57072cb11255161ce47c16f870abf0b91c8120, isElementDisplayed {id=66}]
Apr 25, 2019 6:33:12 PM org.openqa.selenium.remote.RemoteWebDriver log
WARNING: Executed: [0a57072cb11255161ce47c16f870abf0b91c8120, isElementDisplayed {id=66}]
Apr 25, 2019 6:33:12 PM org.openqa.selenium.remote.RemoteWebDriver log
WARNING: Executing: isElementDisplayed [0a57072cb11255161ce47c16f870abf0b91c8120, isElementDisplayed {id=67}]
Apr 25, 2019 6:33:12 PM org.openqa.selenium.remote.RemoteWebDriver log
WARNING: Executed: [0a57072cb11255161ce47c16f870abf0b91c8120, isElementDisplayed {id=67}]
Apr 25, 2019 6:33:12 PM org.openqa.selenium.remote.RemoteWebDriver log
WARNING: Executing: isElementDisplayed [0a57072cb11255161ce47c16f870abf0b91c8120, isElementDisplayed {id=68}]
Apr 25, 2019 6:33:13 PM org.openqa.selenium.remote.RemoteWebDriver log
WARNING: Executed: [0a57072cb11255161ce47c16f870abf0b91c8120, isElementDisplayed {id=68}]
Apr 25, 2019 6:33:13 PM org.openqa.selenium.remote.RemoteWebDriver log
WARNING: Executing: isElementDisplayed [0a57072cb11255161ce47c16f870abf0b91c8120, isElementDisplayed {id=69}]
Apr 25, 2019 6:33:13 PM org.openqa.selenium.remote.RemoteWebDriver log
WARNING: Executed: [0a57072cb11255161ce47c16f870abf0b91c8120, isElementDisplayed {id=69}]
Apr 25, 2019 6:33:13 PM org.openqa.selenium.remote.RemoteWebDriver log
WARNING: Executing: isElementDisplayed [0a57072cb11255161ce47c16f870abf0b91c8120, isElementDisplayed {id=70}]
Apr 25, 2019 6:33:13 PM org.openqa.selenium.remote.RemoteWebDriver log
WARNING: Executed: [0a57072cb11255161ce47c16f870abf0b91c8120, isElementDisplayed {id=70}]
Apr 25, 2019 6:33:13 PM org.openqa.selenium.remote.RemoteWebDriver log
WARNING: Executing: isElementDisplayed [0a57072cb11255161ce47c16f870abf0b91c8120, isElementDisplayed {id=71}]
Apr 25, 2019 6:33:13 PM org.openqa.selenium.remote.RemoteWebDriver log
WARNING: Executed: [0a57072cb11255161ce47c16f870abf0b91c8120, isElementDisplayed {id=71}]
Apr 25, 2019 6:33:13 PM org.openqa.selenium.remote.RemoteWebDriver log
WARNING: Executing: isElementDisplayed [0a57072cb11255161ce47c16f870abf0b91c8120, isElementDisplayed {id=72}]
Apr 25, 2019 6:33:14 PM org.openqa.selenium.remote.RemoteWebDriver log
WARNING: Executed: [0a57072cb11255161ce47c16f870abf0b91c8120, isElementDisplayed {id=72}]
Apr 25, 2019 6:33:14 PM org.openqa.selenium.remote.RemoteWebDriver log
WARNING: Executing: clickElement [0a57072cb11255161ce47c16f870abf0b91c8120, clickElement {id=67}]
Apr 25, 2019 6:33:14 PM org.openqa.selenium.remote.RemoteWebDriver log
WARNING: Executed: [0a57072cb11255161ce47c16f870abf0b91c8120, clickElement {id=67}]
Apr 25, 2019 6:33:14 PM org.openqa.selenium.remote.RemoteWebDriver log
WARNING: Executing: findElement [0a57072cb11255161ce47c16f870abf0b91c8120, findElement {using=css selector, value=p[class^='MuiFormHelperText']}]
Apr 25, 2019 6:33:21 PM org.openqa.selenium.remote.RemoteWebDriver log
WARNING: Executed: [0a57072cb11255161ce47c16f870abf0b91c8120, findElement {using=css selector, value=p[class^='MuiFormHelperText']}]
]]></system-err>
  </testcase>
  <testcase name="testAssignedToMe" classname="com.clarolab.AutomationIssuesTest" time="14.15"/>
  <testcase name="testCancelCleanNote" classname="com.clarolab.AutomationIssuesTest" time="4.625"/>
  <testcase name="testCreateAutomaticPriority" classname="com.clarolab.AutomationIssuesTest" time="58.255">
    <failure message="Timed out after 10 seconds: Failure in verifyElementPresented: element 'By.cssSelector: main#automationListDiv' never became presented after 10 seconds!
Build info: version: '2.45.0', revision: '5017cb8e7ca8e37638dc3091b2440b90a1d8686f', time: '2015-02-27 09:10:26'
System info: host: '6888e31d0e98', ip: '172.17.0.9', os.name: 'Linux', os.arch: 'amd64', os.version: '4.15.0-29-generic', java.version: '1.8.0_181'
Driver info: org.openqa.selenium.remote.RemoteWebDriver
Capabilities [{mobileEmulationEnabled=false, timeouts={implicit=0, pageLoad=300000, script=30000}, hasTouchScreen=false, platform=WINDOWS, acceptSslCerts=false, goog:chromeOptions={debuggerAddress=localhost:1078}, acceptInsecureCerts=false, webStorageEnabled=true, browserName=chrome, takesScreenshot=true, javascriptEnabled=true, setWindowRect=true, unexpectedAlertBehaviour=ignore, applicationCacheEnabled=false, rotatable=false, networkConnectionEnabled=false, chrome={chromedriverVersion=73.0.3683.68 (47787ec04b6e38e22703e856e101e840b65afe72), userDataDir=C:\Windows\proxy\scoped_dir3904_26960}, takesHeapSnapshot=true, pageLoadStrategy=normal, strictFileInteractability=false, databaseEnabled=false, handlesAlerts=true, version=73.0.3683.86, browserConnectionEnabled=false, nativeEvents=true, webdriver.remote.sessionid=821478a17a4cfc5f9fb08d8f0d4655057e66139a, locationContextEnabled=true, cssSelectorsEnabled=true}]
Session ID: 821478a17a4cfc5f9fb08d8f0d4655057e66139a" type="org.openqa.selenium.TimeoutException">org.openqa.selenium.TimeoutException: 
Timed out after 10 seconds: Failure in verifyElementPresented: element 'By.cssSelector: main#automationListDiv' never became presented after 10 seconds!
Build info: version: '2.45.0', revision: '5017cb8e7ca8e37638dc3091b2440b90a1d8686f', time: '2015-02-27 09:10:26'
System info: host: '6888e31d0e98', ip: '172.17.0.9', os.name: 'Linux', os.arch: 'amd64', os.version: '4.15.0-29-generic', java.version: '1.8.0_181'
Driver info: org.openqa.selenium.remote.RemoteWebDriver
Capabilities [{mobileEmulationEnabled=false, timeouts={implicit=0, pageLoad=300000, script=30000}, hasTouchScreen=false, platform=WINDOWS, acceptSslCerts=false, goog:chromeOptions={debuggerAddress=localhost:1078}, acceptInsecureCerts=false, webStorageEnabled=true, browserName=chrome, takesScreenshot=true, javascriptEnabled=true, setWindowRect=true, unexpectedAlertBehaviour=ignore, applicationCacheEnabled=false, rotatable=false, networkConnectionEnabled=false, chrome={chromedriverVersion=73.0.3683.68 (47787ec04b6e38e22703e856e101e840b65afe72), userDataDir=C:\Windows\proxy\scoped_dir3904_26960}, takesHeapSnapshot=true, pageLoadStrategy=normal, strictFileInteractability=false, databaseEnabled=false, handlesAlerts=true, version=73.0.3683.86, browserConnectionEnabled=false, nativeEvents=true, webdriver.remote.sessionid=821478a17a4cfc5f9fb08d8f0d4655057e66139a, locationContextEnabled=true, cssSelectorsEnabled=true}]
Session ID: 821478a17a4cfc5f9fb08d8f0d4655057e66139a
	at com.clarolab.AutomationIssuesTest.testCreateAutomaticPriority(AutomationIssuesTest.java:71)
Caused by: org.openqa.selenium.NoSuchElementException: 
no such element: Unable to locate element: {"method":"css selector","selector":"main#automationListDiv"}
  (Session info: chrome=73.0.3683.86)
  (Driver info: chromedriver=73.0.3683.68 (47787ec04b6e38e22703e856e101e840b65afe72),platform=Windows NT 6.1.7601 SP1 x86_64) (WARNING: The server did not provide any stacktrace information)
Command duration or timeout: 2.04 seconds
For documentation on this error, please visit: http://seleniumhq.org/exceptions/no_such_element.html
Build info: version: '2.53.0', revision: '35ae25b', time: '2016-03-15 17:00:58'
System info: host: '207-254-76-119', ip: '207.254.76.119', os.name: 'windows', os.arch: 'x86', os.version: '6.1', java.version: '1.8.0_181'
Driver info: org.openqa.selenium.chrome.ChromeDriver
Capabilities [{mobileEmulationEnabled=false, timeouts={implicit=0, pageLoad=300000, script=30000}, hasTouchScreen=false, platform=XP, acceptSslCerts=false, goog:chromeOptions={debuggerAddress=localhost:1078}, acceptInsecureCerts=false, webStorageEnabled=true, browserName=chrome, takesScreenshot=true, javascriptEnabled=true, setWindowRect=true, unexpectedAlertBehaviour=ignore, applicationCacheEnabled=false, rotatable=false, networkConnectionEnabled=false, chrome={chromedriverVersion=73.0.3683.68 (47787ec04b6e38e22703e856e101e840b65afe72), userDataDir=C:\Windows\proxy\scoped_dir3904_26960}, takesHeapSnapshot=true, pageLoadStrategy=normal, strictFileInteractability=false, databaseEnabled=false, handlesAlerts=true, version=73.0.3683.86, browserConnectionEnabled=false, proxy={}, nativeEvents=true, locationContextEnabled=true, cssSelectorsEnabled=true}]
Session ID: 9f16b8b81846dd310833d1ac50584521
*** Element info: {Using=css selector, value=main#automationListDiv}
Command duration or timeout: 2.99 seconds
For documentation on this error, please visit: http://seleniumhq.org/exceptions/no_such_element.html
Build info: version: '2.45.0', revision: '5017cb8e7ca8e37638dc3091b2440b90a1d8686f', time: '2015-02-27 09:10:26'
System info: host: '6888e31d0e98', ip: '172.17.0.9', os.name: 'Linux', os.arch: 'amd64', os.version: '4.15.0-29-generic', java.version: '1.8.0_181'
Driver info: org.openqa.selenium.remote.RemoteWebDriver
Capabilities [{mobileEmulationEnabled=false, timeouts={implicit=0, pageLoad=300000, script=30000}, hasTouchScreen=false, platform=WINDOWS, acceptSslCerts=false, goog:chromeOptions={debuggerAddress=localhost:1078}, acceptInsecureCerts=false, webStorageEnabled=true, browserName=chrome, takesScreenshot=true, javascriptEnabled=true, setWindowRect=true, unexpectedAlertBehaviour=ignore, applicationCacheEnabled=false, rotatable=false, networkConnectionEnabled=false, chrome={chromedriverVersion=73.0.3683.68 (47787ec04b6e38e22703e856e101e840b65afe72), userDataDir=C:\Windows\proxy\scoped_dir3904_26960}, takesHeapSnapshot=true, pageLoadStrategy=normal, strictFileInteractability=false, databaseEnabled=false, handlesAlerts=true, version=73.0.3683.86, browserConnectionEnabled=false, nativeEvents=true, webdriver.remote.sessionid=821478a17a4cfc5f9fb08d8f0d4655057e66139a, locationContextEnabled=true, cssSelectorsEnabled=true}]
Session ID: 821478a17a4cfc5f9fb08d8f0d4655057e66139a
*** Element info: {Using=css selector, value=main#automationListDiv}
	at com.clarolab.AutomationIssuesTest.testCreateAutomaticPriority(AutomationIssuesTest.java:71)
Caused by: org.openqa.selenium.remote.ScreenshotException: 
Screen shot has been taken
Build info: version: '2.45.0', revision: '5017cb8e7ca8e37638dc3091b2440b90a1d8686f', time: '2015-02-27 09:10:26'
System info: host: '6888e31d0e98', ip: '172.17.0.9', os.name: 'Linux', os.arch: 'amd64', os.version: '4.15.0-29-generic', java.version: '1.8.0_181'
Driver info: driver.version: RemoteWebDriver
	at com.clarolab.AutomationIssuesTest.testCreateAutomaticPriority(AutomationIssuesTest.java:71)
Caused by: org.openqa.selenium.NoSuchElementException: 
no such element: Unable to locate element: {"method":"css selector","selector":"main#automationListDiv"}
  (Session info: chrome=73.0.3683.86)
  (Driver info: chromedriver=73.0.3683.68 (47787ec04b6e38e22703e856e101e840b65afe72),platform=Windows NT 6.1.7601 SP1 x86_64) (WARNING: The server did not provide any stacktrace information)
Command duration or timeout: 2.04 seconds
For documentation on this error, please visit: http://seleniumhq.org/exceptions/no_such_element.html
Build info: version: '2.53.0', revision: '35ae25b', time: '2016-03-15 17:00:58'
System info: host: '207-254-76-119', ip: '207.254.76.119', os.name: 'windows', os.arch: 'x86', os.version: '6.1', java.version: '1.8.0_181'
Driver info: org.openqa.selenium.chrome.ChromeDriver
Capabilities [{mobileEmulationEnabled=false, timeouts={implicit=0, pageLoad=300000, script=30000}, hasTouchScreen=false, platform=XP, acceptSslCerts=false, goog:chromeOptions={debuggerAddress=localhost:1078}, acceptInsecureCerts=false, webStorageEnabled=true, browserName=chrome, takesScreenshot=true, javascriptEnabled=true, setWindowRect=true, unexpectedAlertBehaviour=ignore, applicationCacheEnabled=false, rotatable=false, networkConnectionEnabled=false, chrome={chromedriverVersion=73.0.3683.68 (47787ec04b6e38e22703e856e101e840b65afe72), userDataDir=C:\Windows\proxy\scoped_dir3904_26960}, takesHeapSnapshot=true, pageLoadStrategy=normal, strictFileInteractability=false, databaseEnabled=false, handlesAlerts=true, version=73.0.3683.86, browserConnectionEnabled=false, proxy={}, nativeEvents=true, locationContextEnabled=true, cssSelectorsEnabled=true}]
Session ID: 9f16b8b81846dd310833d1ac50584521
*** Element info: {Using=css selector, value=main#automationListDiv}
For documentation on this error, please visit: http://seleniumhq.org/exceptions/no_such_element.html
Build info: version: '2.45.0', revision: '5017cb8e7ca8e37638dc3091b2440b90a1d8686f', time: '2015-02-27 09:10:26'
System info: host: '6888e31d0e98', ip: '172.17.0.9', os.name: 'Linux', os.arch: 'amd64', os.version: '4.15.0-29-generic', java.version: '1.8.0_181'
Driver info: driver.version: EventFiringWebDriver
</failure>
    <system-err><![CDATA[Apr 25, 2019 6:34:33 PM org.openqa.selenium.remote.RemoteWebDriver log
WARNING: Executing: deleteAllCookies [e690c7fbaa2b2f01268375d42abaca540200ea33, deleteAllCookies {}]
Apr 25, 2019 6:34:33 PM org.openqa.selenium.remote.RemoteWebDriver log
WARNING: Executed: [e690c7fbaa2b2f01268375d42abaca540200ea33, deleteAllCookies {}]
Apr 25, 2019 6:34:33 PM org.openqa.selenium.remote.RemoteWebDriver log
WARNING: Executing: quit [e690c7fbaa2b2f01268375d42abaca540200ea33, quit {}]
Apr 25, 2019 6:34:34 PM org.openqa.selenium.remote.RemoteWebDriver log
WARNING: Executed: [e690c7fbaa2b2f01268375d42abaca540200ea33, quit {}]
Apr 25, 2019 6:34:38 PM org.openqa.selenium.remote.RemoteWebDriver log
WARNING: Executing: setTimeout [821478a17a4cfc5f9fb08d8f0d4655057e66139a, setTimeout {type=page load, ms=80000}]
Apr 25, 2019 6:34:38 PM org.openqa.selenium.remote.RemoteWebDriver log
WARNING: Executed: [821478a17a4cfc5f9fb08d8f0d4655057e66139a, setTimeout {type=page load, ms=80000}]
Apr 25, 2019 6:34:38 PM org.openqa.selenium.remote.RemoteWebDriver log
WARNING: Executing: implicitlyWait [821478a17a4cfc5f9fb08d8f0d4655057e66139a, implicitlyWait {ms=2000}]
Apr 25, 2019 6:34:38 PM org.openqa.selenium.remote.RemoteWebDriver log
WARNING: Executed: [821478a17a4cfc5f9fb08d8f0d4655057e66139a, implicitlyWait {ms=2000}]
Apr 25, 2019 6:34:38 PM org.openqa.selenium.remote.RemoteWebDriver log
WARNING: Executing: get [821478a17a4cfc5f9fb08d8f0d4655057e66139a, get {url=http://tdev.clarolab.com/}]
Apr 25, 2019 6:34:44 PM org.openqa.selenium.remote.RemoteWebDriver log
WARNING: Executed: [821478a17a4cfc5f9fb08d8f0d4655057e66139a, get {url=http://tdev.clarolab.com/}]
Apr 25, 2019 6:34:44 PM org.openqa.selenium.remote.RemoteWebDriver log
WARNING: Executing: getCurrentUrl [821478a17a4cfc5f9fb08d8f0d4655057e66139a, getCurrentUrl {}]
Apr 25, 2019 6:34:44 PM org.openqa.selenium.remote.RemoteWebDriver log
WARNING: Executed: [821478a17a4cfc5f9fb08d8f0d4655057e66139a, getCurrentUrl {}]
Apr 25, 2019 6:34:44 PM org.openqa.selenium.remote.RemoteWebDriver log
WARNING: Executing: getCurrentUrl [821478a17a4cfc5f9fb08d8f0d4655057e66139a, getCurrentUrl {}]
Apr 25, 2019 6:34:44 PM org.openqa.selenium.remote.RemoteWebDriver log
WARNING: Executed: [821478a17a4cfc5f9fb08d8f0d4655057e66139a, getCurrentUrl {}]
Apr 25, 2019 6:34:44 PM org.openqa.selenium.remote.RemoteWebDriver log
WARNING: Executing: findElement [821478a17a4cfc5f9fb08d8f0d4655057e66139a, findElement {using=id, value=loginForm}]
Apr 25, 2019 6:34:45 PM org.openqa.selenium.remote.RemoteWebDriver log
WARNING: Executed: [821478a17a4cfc5f9fb08d8f0d4655057e66139a, findElement {using=id, value=loginForm}]
Apr 25, 2019 6:34:45 PM org.openqa.selenium.remote.RemoteWebDriver log
WARNING: Executing: findElement [821478a17a4cfc5f9fb08d8f0d4655057e66139a, findElement {using=tag name, value=body}]
Apr 25, 2019 6:34:45 PM org.openqa.selenium.remote.RemoteWebDriver log
WARNING: Executed: [821478a17a4cfc5f9fb08d8f0d4655057e66139a, findElement {using=tag name, value=body}]
Apr 25, 2019 6:34:45 PM org.openqa.selenium.remote.RemoteWebDriver log
WARNING: Executing: getElementText [821478a17a4cfc5f9fb08d8f0d4655057e66139a, getElementText {id=1}]
Apr 25, 2019 6:34:45 PM org.openqa.selenium.remote.RemoteWebDriver log
WARNING: Executed: [821478a17a4cfc5f9fb08d8f0d4655057e66139a, getElementText {id=1}]
Apr 25, 2019 6:34:46 PM org.openqa.selenium.remote.RemoteWebDriver log
WARNING: Executing: findElement [821478a17a4cfc5f9fb08d8f0d4655057e66139a, findElement {using=tag name, value=body}]
Apr 25, 2019 6:34:46 PM org.openqa.selenium.remote.RemoteWebDriver log
WARNING: Executed: [821478a17a4cfc5f9fb08d8f0d4655057e66139a, findElement {using=tag name, value=body}]
Apr 25, 2019 6:34:46 PM org.openqa.selenium.remote.RemoteWebDriver log
WARNING: Executing: getElementText [821478a17a4cfc5f9fb08d8f0d4655057e66139a, getElementText {id=1}]
Apr 25, 2019 6:34:46 PM org.openqa.selenium.remote.RemoteWebDriver log
WARNING: Executed: [821478a17a4cfc5f9fb08d8f0d4655057e66139a, getElementText {id=1}]
Apr 25, 2019 6:34:47 PM org.openqa.selenium.remote.RemoteWebDriver log
WARNING: Executing: findElement [821478a17a4cfc5f9fb08d8f0d4655057e66139a, findElement {using=tag name, value=body}]
Apr 25, 2019 6:34:47 PM org.openqa.selenium.remote.RemoteWebDriver log
WARNING: Executed: [821478a17a4cfc5f9fb08d8f0d4655057e66139a, findElement {using=tag name, value=body}]
Apr 25, 2019 6:34:47 PM org.openqa.selenium.remote.RemoteWebDriver log
WARNING: Executing: getElementText [821478a17a4cfc5f9fb08d8f0d4655057e66139a, getElementText {id=1}]
Apr 25, 2019 6:34:47 PM org.openqa.selenium.remote.RemoteWebDriver log
WARNING: Executed: [821478a17a4cfc5f9fb08d8f0d4655057e66139a, getElementText {id=1}]
Apr 25, 2019 6:34:47 PM org.openqa.selenium.remote.RemoteWebDriver log
WARNING: Executing: findElement [821478a17a4cfc5f9fb08d8f0d4655057e66139a, findElement {using=id, value=email}]
Apr 25, 2019 6:34:47 PM org.openqa.selenium.remote.RemoteWebDriver log
WARNING: Executed: [821478a17a4cfc5f9fb08d8f0d4655057e66139a, findElement {using=id, value=email}]
Apr 25, 2019 6:34:47 PM org.openqa.selenium.remote.RemoteWebDriver log
WARNING: Executing: sendKeysToElement [821478a17a4cfc5f9fb08d8f0d4655057e66139a, sendKeysToElement {id=2, value=[Ljava.lang.CharSequence;@1efe439d}]
Apr 25, 2019 6:34:48 PM org.openqa.selenium.remote.RemoteWebDriver log
WARNING: Executed: [821478a17a4cfc5f9fb08d8f0d4655057e66139a, sendKeysToElement {id=2, value=[Ljava.lang.CharSequence;@1efe439d}]
Apr 25, 2019 6:34:48 PM org.openqa.selenium.remote.RemoteWebDriver log
WARNING: Executing: findElement [821478a17a4cfc5f9fb08d8f0d4655057e66139a, findElement {using=id, value=password}]
Apr 25, 2019 6:34:48 PM org.openqa.selenium.remote.RemoteWebDriver log
WARNING: Executed: [821478a17a4cfc5f9fb08d8f0d4655057e66139a, findElement {using=id, value=password}]
Apr 25, 2019 6:34:48 PM org.openqa.selenium.remote.RemoteWebDriver log
WARNING: Executing: sendKeysToElement [821478a17a4cfc5f9fb08d8f0d4655057e66139a, sendKeysToElement {id=3, value=[Ljava.lang.CharSequence;@be68757}]
Apr 25, 2019 6:34:48 PM org.openqa.selenium.remote.RemoteWebDriver log
WARNING: Executed: [821478a17a4cfc5f9fb08d8f0d4655057e66139a, sendKeysToElement {id=3, value=[Ljava.lang.CharSequence;@be68757}]
Apr 25, 2019 6:34:48 PM org.openqa.selenium.remote.RemoteWebDriver log
WARNING: Executing: findElement [821478a17a4cfc5f9fb08d8f0d4655057e66139a, findElement {using=id, value=internalLoginSubmit}]
Apr 25, 2019 6:34:48 PM org.openqa.selenium.remote.RemoteWebDriver log
WARNING: Executed: [821478a17a4cfc5f9fb08d8f0d4655057e66139a, findElement {using=id, value=internalLoginSubmit}]
Apr 25, 2019 6:34:48 PM org.openqa.selenium.remote.RemoteWebDriver log
WARNING: Executing: isElementDisplayed [821478a17a4cfc5f9fb08d8f0d4655057e66139a, isElementDisplayed {id=4}]
Apr 25, 2019 6:34:49 PM org.openqa.selenium.remote.RemoteWebDriver log
WARNING: Executed: [821478a17a4cfc5f9fb08d8f0d4655057e66139a, isElementDisplayed {id=4}]
Apr 25, 2019 6:34:49 PM org.openqa.selenium.remote.RemoteWebDriver log
WARNING: Executing: isElementEnabled [821478a17a4cfc5f9fb08d8f0d4655057e66139a, isElementEnabled {id=4}]
Apr 25, 2019 6:34:49 PM org.openqa.selenium.remote.RemoteWebDriver log
WARNING: Executed: [821478a17a4cfc5f9fb08d8f0d4655057e66139a, isElementEnabled {id=4}]
Apr 25, 2019 6:34:49 PM org.openqa.selenium.remote.RemoteWebDriver log
WARNING: Executing: clickElement [821478a17a4cfc5f9fb08d8f0d4655057e66139a, clickElement {id=4}]
Apr 25, 2019 6:34:49 PM org.openqa.selenium.remote.RemoteWebDriver log
WARNING: Executed: [821478a17a4cfc5f9fb08d8f0d4655057e66139a, clickElement {id=4}]
Apr 25, 2019 6:34:49 PM org.openqa.selenium.remote.RemoteWebDriver log
WARNING: Executing: getCurrentUrl [821478a17a4cfc5f9fb08d8f0d4655057e66139a, getCurrentUrl {}]
Apr 25, 2019 6:34:49 PM org.openqa.selenium.remote.RemoteWebDriver log
WARNING: Executed: [821478a17a4cfc5f9fb08d8f0d4655057e66139a, getCurrentUrl {}]
Apr 25, 2019 6:34:49 PM org.openqa.selenium.remote.RemoteWebDriver log
WARNING: Executing: findElement [821478a17a4cfc5f9fb08d8f0d4655057e66139a, findElement {using=class name, value=homeRoot}]
Apr 25, 2019 6:34:50 PM org.openqa.selenium.remote.RemoteWebDriver log
WARNING: Executed: [821478a17a4cfc5f9fb08d8f0d4655057e66139a, findElement {using=class name, value=homeRoot}]
Apr 25, 2019 6:34:50 PM org.openqa.selenium.remote.RemoteWebDriver log
WARNING: Executing: findElement [821478a17a4cfc5f9fb08d8f0d4655057e66139a, findElement {using=tag name, value=body}]
Apr 25, 2019 6:34:51 PM org.openqa.selenium.remote.RemoteWebDriver log
WARNING: Executed: [821478a17a4cfc5f9fb08d8f0d4655057e66139a, findElement {using=tag name, value=body}]
Apr 25, 2019 6:34:51 PM org.openqa.selenium.remote.RemoteWebDriver log
WARNING: Executing: getElementText [821478a17a4cfc5f9fb08d8f0d4655057e66139a, getElementText {id=1}]
Apr 25, 2019 6:34:51 PM org.openqa.selenium.remote.RemoteWebDriver log
WARNING: Executed: [821478a17a4cfc5f9fb08d8f0d4655057e66139a, getElementText {id=1}]
Apr 25, 2019 6:34:51 PM org.openqa.selenium.remote.RemoteWebDriver log
WARNING: Executing: findElement [821478a17a4cfc5f9fb08d8f0d4655057e66139a, findElement {using=tag name, value=body}]
Apr 25, 2019 6:34:52 PM org.openqa.selenium.remote.RemoteWebDriver log
WARNING: Executed: [821478a17a4cfc5f9fb08d8f0d4655057e66139a, findElement {using=tag name, value=body}]
Apr 25, 2019 6:34:52 PM org.openqa.selenium.remote.RemoteWebDriver log
WARNING: Executing: getElementText [821478a17a4cfc5f9fb08d8f0d4655057e66139a, getElementText {id=1}]
Apr 25, 2019 6:34:52 PM org.openqa.selenium.remote.RemoteWebDriver log
WARNING: Executed: [821478a17a4cfc5f9fb08d8f0d4655057e66139a, getElementText {id=1}]
Apr 25, 2019 6:34:53 PM org.openqa.selenium.remote.RemoteWebDriver log
WARNING: Executing: findElement [821478a17a4cfc5f9fb08d8f0d4655057e66139a, findElement {using=tag name, value=body}]
Apr 25, 2019 6:34:53 PM org.openqa.selenium.remote.RemoteWebDriver log
WARNING: Executed: [821478a17a4cfc5f9fb08d8f0d4655057e66139a, findElement {using=tag name, value=body}]
Apr 25, 2019 6:34:53 PM org.openqa.selenium.remote.RemoteWebDriver log
WARNING: Executing: getElementText [821478a17a4cfc5f9fb08d8f0d4655057e66139a, getElementText {id=1}]
Apr 25, 2019 6:34:54 PM org.openqa.selenium.remote.RemoteWebDriver log
WARNING: Executed: [821478a17a4cfc5f9fb08d8f0d4655057e66139a, getElementText {id=1}]
Apr 25, 2019 6:34:54 PM org.openqa.selenium.remote.RemoteWebDriver log
WARNING: Executing: getCurrentUrl [821478a17a4cfc5f9fb08d8f0d4655057e66139a, getCurrentUrl {}]
Apr 25, 2019 6:34:54 PM org.openqa.selenium.remote.RemoteWebDriver log
WARNING: Executed: [821478a17a4cfc5f9fb08d8f0d4655057e66139a, getCurrentUrl {}]
Apr 25, 2019 6:34:54 PM org.openqa.selenium.remote.RemoteWebDriver log
WARNING: Executing: getCurrentUrl [821478a17a4cfc5f9fb08d8f0d4655057e66139a, getCurrentUrl {}]
Apr 25, 2019 6:34:54 PM org.openqa.selenium.remote.RemoteWebDriver log
WARNING: Executed: [821478a17a4cfc5f9fb08d8f0d4655057e66139a, getCurrentUrl {}]
Apr 25, 2019 6:34:54 PM org.openqa.selenium.remote.RemoteWebDriver log
WARNING: Executing: findElement [821478a17a4cfc5f9fb08d8f0d4655057e66139a, findElement {using=class name, value=homeRoot}]
Apr 25, 2019 6:34:54 PM org.openqa.selenium.remote.RemoteWebDriver log
WARNING: Executed: [821478a17a4cfc5f9fb08d8f0d4655057e66139a, findElement {using=class name, value=homeRoot}]
Apr 25, 2019 6:34:54 PM org.openqa.selenium.remote.RemoteWebDriver log
WARNING: Executing: findElement [821478a17a4cfc5f9fb08d8f0d4655057e66139a, findElement {using=tag name, value=body}]
Apr 25, 2019 6:34:55 PM org.openqa.selenium.remote.RemoteWebDriver log
WARNING: Executed: [821478a17a4cfc5f9fb08d8f0d4655057e66139a, findElement {using=tag name, value=body}]
Apr 25, 2019 6:34:55 PM org.openqa.selenium.remote.RemoteWebDriver log
WARNING: Executing: getElementText [821478a17a4cfc5f9fb08d8f0d4655057e66139a, getElementText {id=1}]
Apr 25, 2019 6:34:55 PM org.openqa.selenium.remote.RemoteWebDriver log
WARNING: Executed: [821478a17a4cfc5f9fb08d8f0d4655057e66139a, getElementText {id=1}]
Apr 25, 2019 6:34:56 PM org.openqa.selenium.remote.RemoteWebDriver log
WARNING: Executing: findElement [821478a17a4cfc5f9fb08d8f0d4655057e66139a, findElement {using=tag name, value=body}]
Apr 25, 2019 6:34:56 PM org.openqa.selenium.remote.RemoteWebDriver log
WARNING: Executed: [821478a17a4cfc5f9fb08d8f0d4655057e66139a, findElement {using=tag name, value=body}]
Apr 25, 2019 6:34:56 PM org.openqa.selenium.remote.RemoteWebDriver log
WARNING: Executing: getElementText [821478a17a4cfc5f9fb08d8f0d4655057e66139a, getElementText {id=1}]
Apr 25, 2019 6:34:56 PM org.openqa.selenium.remote.RemoteWebDriver log
WARNING: Executed: [821478a17a4cfc5f9fb08d8f0d4655057e66139a, getElementText {id=1}]
Apr 25, 2019 6:34:56 PM org.openqa.selenium.remote.RemoteWebDriver log
WARNING: Executing: findElements [821478a17a4cfc5f9fb08d8f0d4655057e66139a, findElements {using=css selector, value=tr.jobsTableRow}]
Apr 25, 2019 6:34:57 PM org.openqa.selenium.remote.RemoteWebDriver log
WARNING: Executed: [821478a17a4cfc5f9fb08d8f0d4655057e66139a, findElements {using=css selector, value=tr.jobsTableRow}]
Apr 25, 2019 6:34:57 PM org.openqa.selenium.remote.RemoteWebDriver log
WARNING: Executing: isElementDisplayed [821478a17a4cfc5f9fb08d8f0d4655057e66139a, isElementDisplayed {id=6}]
Apr 25, 2019 6:34:57 PM org.openqa.selenium.remote.RemoteWebDriver log
WARNING: Executed: [821478a17a4cfc5f9fb08d8f0d4655057e66139a, isElementDisplayed {id=6}]
Apr 25, 2019 6:34:57 PM org.openqa.selenium.remote.RemoteWebDriver log
WARNING: Executing: isElementDisplayed [821478a17a4cfc5f9fb08d8f0d4655057e66139a, isElementDisplayed {id=7}]
Apr 25, 2019 6:34:57 PM org.openqa.selenium.remote.RemoteWebDriver log
WARNING: Executed: [821478a17a4cfc5f9fb08d8f0d4655057e66139a, isElementDisplayed {id=7}]
Apr 25, 2019 6:34:57 PM org.openqa.selenium.remote.RemoteWebDriver log
WARNING: Executing: isElementDisplayed [821478a17a4cfc5f9fb08d8f0d4655057e66139a, isElementDisplayed {id=8}]
Apr 25, 2019 6:34:57 PM org.openqa.selenium.remote.RemoteWebDriver log
WARNING: Executed: [821478a17a4cfc5f9fb08d8f0d4655057e66139a, isElementDisplayed {id=8}]
Apr 25, 2019 6:34:57 PM org.openqa.selenium.remote.RemoteWebDriver log
WARNING: Executing: isElementDisplayed [821478a17a4cfc5f9fb08d8f0d4655057e66139a, isElementDisplayed {id=9}]
Apr 25, 2019 6:34:58 PM org.openqa.selenium.remote.RemoteWebDriver log
WARNING: Executed: [821478a17a4cfc5f9fb08d8f0d4655057e66139a, isElementDisplayed {id=9}]
Apr 25, 2019 6:34:58 PM org.openqa.selenium.remote.RemoteWebDriver log
WARNING: Executing: isElementDisplayed [821478a17a4cfc5f9fb08d8f0d4655057e66139a, isElementDisplayed {id=10}]
Apr 25, 2019 6:34:58 PM org.openqa.selenium.remote.RemoteWebDriver log
WARNING: Executed: [821478a17a4cfc5f9fb08d8f0d4655057e66139a, isElementDisplayed {id=10}]
Apr 25, 2019 6:34:58 PM org.openqa.selenium.remote.RemoteWebDriver log
WARNING: Executing: findChildElement [821478a17a4cfc5f9fb08d8f0d4655057e66139a, findChildElement {id=6, using=css selector, value=td.jobStatusTableCell div div:first-child}]
Apr 25, 2019 6:34:58 PM org.openqa.selenium.remote.RemoteWebDriver log
WARNING: Executed: [821478a17a4cfc5f9fb08d8f0d4655057e66139a, findChildElement {id=6, using=css selector, value=td.jobStatusTableCell div div:first-child}]
Apr 25, 2019 6:34:58 PM org.openqa.selenium.remote.RemoteWebDriver log
WARNING: Executing: getElementText [821478a17a4cfc5f9fb08d8f0d4655057e66139a, getElementText {id=11}]
Apr 25, 2019 6:34:58 PM org.openqa.selenium.remote.RemoteWebDriver log
WARNING: Executed: [821478a17a4cfc5f9fb08d8f0d4655057e66139a, getElementText {id=11}]
Apr 25, 2019 6:34:58 PM org.openqa.selenium.remote.RemoteWebDriver log
WARNING: Executing: findChildElement [821478a17a4cfc5f9fb08d8f0d4655057e66139a, findChildElement {id=6, using=css selector, value=td div}]
Apr 25, 2019 6:34:58 PM org.openqa.selenium.remote.RemoteWebDriver log
WARNING: Executed: [821478a17a4cfc5f9fb08d8f0d4655057e66139a, findChildElement {id=6, using=css selector, value=td div}]
Apr 25, 2019 6:34:58 PM org.openqa.selenium.remote.RemoteWebDriver log
WARNING: Executing: isElementDisplayed [821478a17a4cfc5f9fb08d8f0d4655057e66139a, isElementDisplayed {id=12}]
Apr 25, 2019 6:34:59 PM org.openqa.selenium.remote.RemoteWebDriver log
WARNING: Executed: [821478a17a4cfc5f9fb08d8f0d4655057e66139a, isElementDisplayed {id=12}]
Apr 25, 2019 6:34:59 PM org.openqa.selenium.remote.RemoteWebDriver log
WARNING: Executing: getElementSize [821478a17a4cfc5f9fb08d8f0d4655057e66139a, getElementSize {id=12}]
Apr 25, 2019 6:34:59 PM org.openqa.selenium.remote.RemoteWebDriver log
WARNING: Executed: [821478a17a4cfc5f9fb08d8f0d4655057e66139a, getElementSize {id=12}]
Apr 25, 2019 6:34:59 PM org.openqa.selenium.remote.RemoteWebDriver log
WARNING: Executing: getElementSize [821478a17a4cfc5f9fb08d8f0d4655057e66139a, getElementSize {id=12}]
Apr 25, 2019 6:34:59 PM org.openqa.selenium.remote.RemoteWebDriver log
WARNING: Executed: [821478a17a4cfc5f9fb08d8f0d4655057e66139a, getElementSize {id=12}]
Apr 25, 2019 6:34:59 PM org.openqa.selenium.remote.RemoteWebDriver log
WARNING: Executing: getElementTagName [821478a17a4cfc5f9fb08d8f0d4655057e66139a, getElementTagName {id=12}]
Apr 25, 2019 6:34:59 PM org.openqa.selenium.remote.RemoteWebDriver log
WARNING: Executed: [821478a17a4cfc5f9fb08d8f0d4655057e66139a, getElementTagName {id=12}]
Apr 25, 2019 6:34:59 PM org.openqa.selenium.remote.RemoteWebDriver log
WARNING: Executing: clickElement [821478a17a4cfc5f9fb08d8f0d4655057e66139a, clickElement {id=12}]
Apr 25, 2019 6:35:00 PM org.openqa.selenium.remote.RemoteWebDriver log
WARNING: Executed: [821478a17a4cfc5f9fb08d8f0d4655057e66139a, clickElement {id=12}]
Apr 25, 2019 6:35:00 PM org.openqa.selenium.remote.RemoteWebDriver log
WARNING: Executing: getCurrentUrl [821478a17a4cfc5f9fb08d8f0d4655057e66139a, getCurrentUrl {}]
Apr 25, 2019 6:35:00 PM org.openqa.selenium.remote.RemoteWebDriver log
WARNING: Executed: [821478a17a4cfc5f9fb08d8f0d4655057e66139a, getCurrentUrl {}]
Apr 25, 2019 6:35:00 PM org.openqa.selenium.remote.RemoteWebDriver log
WARNING: Executing: findElement [821478a17a4cfc5f9fb08d8f0d4655057e66139a, findElement {using=css selector, value=div.kanban}]
Apr 25, 2019 6:35:01 PM org.openqa.selenium.remote.RemoteWebDriver log
WARNING: Executed: [821478a17a4cfc5f9fb08d8f0d4655057e66139a, findElement {using=css selector, value=div.kanban}]
Apr 25, 2019 6:35:01 PM org.openqa.selenium.remote.RemoteWebDriver log
WARNING: Executing: getCurrentUrl [821478a17a4cfc5f9fb08d8f0d4655057e66139a, getCurrentUrl {}]
Apr 25, 2019 6:35:01 PM org.openqa.selenium.remote.RemoteWebDriver log
WARNING: Executed: [821478a17a4cfc5f9fb08d8f0d4655057e66139a, getCurrentUrl {}]
Apr 25, 2019 6:35:01 PM org.openqa.selenium.remote.RemoteWebDriver log
WARNING: Executing: findElements [821478a17a4cfc5f9fb08d8f0d4655057e66139a, findElements {using=css selector, value=div[data-testcase-triage-category='FAIL'] div.testName}]
Apr 25, 2019 6:35:01 PM org.openqa.selenium.remote.RemoteWebDriver log
WARNING: Executed: [821478a17a4cfc5f9fb08d8f0d4655057e66139a, findElements {using=css selector, value=div[data-testcase-triage-category='FAIL'] div.testName}]
Apr 25, 2019 6:35:01 PM org.openqa.selenium.remote.RemoteWebDriver log
WARNING: Executing: isElementDisplayed [821478a17a4cfc5f9fb08d8f0d4655057e66139a, isElementDisplayed {id=14}]
Apr 25, 2019 6:35:02 PM org.openqa.selenium.remote.RemoteWebDriver log
WARNING: Executed: [821478a17a4cfc5f9fb08d8f0d4655057e66139a, isElementDisplayed {id=14}]
Apr 25, 2019 6:35:02 PM org.openqa.selenium.remote.RemoteWebDriver log
WARNING: Executing: isElementDisplayed [821478a17a4cfc5f9fb08d8f0d4655057e66139a, isElementDisplayed {id=15}]
Apr 25, 2019 6:35:02 PM org.openqa.selenium.remote.RemoteWebDriver log
WARNING: Executed: [821478a17a4cfc5f9fb08d8f0d4655057e66139a, isElementDisplayed {id=15}]
Apr 25, 2019 6:35:02 PM org.openqa.selenium.remote.RemoteWebDriver log
WARNING: Executing: isElementDisplayed [821478a17a4cfc5f9fb08d8f0d4655057e66139a, isElementDisplayed {id=16}]
Apr 25, 2019 6:35:02 PM org.openqa.selenium.remote.RemoteWebDriver log
WARNING: Executed: [821478a17a4cfc5f9fb08d8f0d4655057e66139a, isElementDisplayed {id=16}]
Apr 25, 2019 6:35:02 PM org.openqa.selenium.remote.RemoteWebDriver log
WARNING: Executing: isElementDisplayed [821478a17a4cfc5f9fb08d8f0d4655057e66139a, isElementDisplayed {id=17}]
Apr 25, 2019 6:35:02 PM org.openqa.selenium.remote.RemoteWebDriver log
WARNING: Executed: [821478a17a4cfc5f9fb08d8f0d4655057e66139a, isElementDisplayed {id=17}]
Apr 25, 2019 6:35:02 PM org.openqa.selenium.remote.RemoteWebDriver log
WARNING: Executing: isElementDisplayed [821478a17a4cfc5f9fb08d8f0d4655057e66139a, isElementDisplayed {id=18}]
Apr 25, 2019 6:35:02 PM org.openqa.selenium.remote.RemoteWebDriver log
WARNING: Executed: [821478a17a4cfc5f9fb08d8f0d4655057e66139a, isElementDisplayed {id=18}]
Apr 25, 2019 6:35:02 PM org.openqa.selenium.remote.RemoteWebDriver log
WARNING: Executing: isElementDisplayed [821478a17a4cfc5f9fb08d8f0d4655057e66139a, isElementDisplayed {id=19}]
Apr 25, 2019 6:35:03 PM org.openqa.selenium.remote.RemoteWebDriver log
WARNING: Executed: [821478a17a4cfc5f9fb08d8f0d4655057e66139a, isElementDisplayed {id=19}]
Apr 25, 2019 6:35:03 PM org.openqa.selenium.remote.RemoteWebDriver log
WARNING: Executing: isElementDisplayed [821478a17a4cfc5f9fb08d8f0d4655057e66139a, isElementDisplayed {id=20}]
Apr 25, 2019 6:35:03 PM org.openqa.selenium.remote.RemoteWebDriver log
WARNING: Executed: [821478a17a4cfc5f9fb08d8f0d4655057e66139a, isElementDisplayed {id=20}]
Apr 25, 2019 6:35:03 PM org.openqa.selenium.remote.RemoteWebDriver log
WARNING: Executing: isElementDisplayed [821478a17a4cfc5f9fb08d8f0d4655057e66139a, isElementDisplayed {id=21}]
Apr 25, 2019 6:35:03 PM org.openqa.selenium.remote.RemoteWebDriver log
WARNING: Executed: [821478a17a4cfc5f9fb08d8f0d4655057e66139a, isElementDisplayed {id=21}]
Apr 25, 2019 6:35:03 PM org.openqa.selenium.remote.RemoteWebDriver log
WARNING: Executing: isElementDisplayed [821478a17a4cfc5f9fb08d8f0d4655057e66139a, isElementDisplayed {id=22}]
Apr 25, 2019 6:35:03 PM org.openqa.selenium.remote.RemoteWebDriver log
WARNING: Executed: [821478a17a4cfc5f9fb08d8f0d4655057e66139a, isElementDisplayed {id=22}]
Apr 25, 2019 6:35:03 PM org.openqa.selenium.remote.RemoteWebDriver log
WARNING: Executing: isElementDisplayed [821478a17a4cfc5f9fb08d8f0d4655057e66139a, isElementDisplayed {id=23}]
Apr 25, 2019 6:35:03 PM org.openqa.selenium.remote.RemoteWebDriver log
WARNING: Executed: [821478a17a4cfc5f9fb08d8f0d4655057e66139a, isElementDisplayed {id=23}]
Apr 25, 2019 6:35:03 PM org.openqa.selenium.remote.RemoteWebDriver log
WARNING: Executing: isElementDisplayed [821478a17a4cfc5f9fb08d8f0d4655057e66139a, isElementDisplayed {id=24}]
Apr 25, 2019 6:35:04 PM org.openqa.selenium.remote.RemoteWebDriver log
WARNING: Executed: [821478a17a4cfc5f9fb08d8f0d4655057e66139a, isElementDisplayed {id=24}]
Apr 25, 2019 6:35:04 PM org.openqa.selenium.remote.RemoteWebDriver log
WARNING: Executing: isElementDisplayed [821478a17a4cfc5f9fb08d8f0d4655057e66139a, isElementDisplayed {id=25}]
Apr 25, 2019 6:35:04 PM org.openqa.selenium.remote.RemoteWebDriver log
WARNING: Executed: [821478a17a4cfc5f9fb08d8f0d4655057e66139a, isElementDisplayed {id=25}]
Apr 25, 2019 6:35:04 PM org.openqa.selenium.remote.RemoteWebDriver log
WARNING: Executing: isElementDisplayed [821478a17a4cfc5f9fb08d8f0d4655057e66139a, isElementDisplayed {id=26}]
Apr 25, 2019 6:35:04 PM org.openqa.selenium.remote.RemoteWebDriver log
WARNING: Executed: [821478a17a4cfc5f9fb08d8f0d4655057e66139a, isElementDisplayed {id=26}]
Apr 25, 2019 6:35:04 PM org.openqa.selenium.remote.RemoteWebDriver log
WARNING: Executing: isElementDisplayed [821478a17a4cfc5f9fb08d8f0d4655057e66139a, isElementDisplayed {id=27}]
Apr 25, 2019 6:35:04 PM org.openqa.selenium.remote.RemoteWebDriver log
WARNING: Executed: [821478a17a4cfc5f9fb08d8f0d4655057e66139a, isElementDisplayed {id=27}]
Apr 25, 2019 6:35:04 PM org.openqa.selenium.remote.RemoteWebDriver log
WARNING: Executing: isElementDisplayed [821478a17a4cfc5f9fb08d8f0d4655057e66139a, isElementDisplayed {id=28}]
Apr 25, 2019 6:35:04 PM org.openqa.selenium.remote.RemoteWebDriver log
WARNING: Executed: [821478a17a4cfc5f9fb08d8f0d4655057e66139a, isElementDisplayed {id=28}]
Apr 25, 2019 6:35:04 PM org.openqa.selenium.remote.RemoteWebDriver log
WARNING: Executing: isElementDisplayed [821478a17a4cfc5f9fb08d8f0d4655057e66139a, isElementDisplayed {id=29}]
Apr 25, 2019 6:35:05 PM org.openqa.selenium.remote.RemoteWebDriver log
WARNING: Executed: [821478a17a4cfc5f9fb08d8f0d4655057e66139a, isElementDisplayed {id=29}]
Apr 25, 2019 6:35:05 PM org.openqa.selenium.remote.RemoteWebDriver log
WARNING: Executing: isElementDisplayed [821478a17a4cfc5f9fb08d8f0d4655057e66139a, isElementDisplayed {id=30}]
Apr 25, 2019 6:35:05 PM org.openqa.selenium.remote.RemoteWebDriver log
WARNING: Executed: [821478a17a4cfc5f9fb08d8f0d4655057e66139a, isElementDisplayed {id=30}]
Apr 25, 2019 6:35:05 PM org.openqa.selenium.remote.RemoteWebDriver log
WARNING: Executing: isElementDisplayed [821478a17a4cfc5f9fb08d8f0d4655057e66139a, isElementDisplayed {id=31}]
Apr 25, 2019 6:35:05 PM org.openqa.selenium.remote.RemoteWebDriver log
WARNING: Executed: [821478a17a4cfc5f9fb08d8f0d4655057e66139a, isElementDisplayed {id=31}]
Apr 25, 2019 6:35:05 PM org.openqa.selenium.remote.RemoteWebDriver log
WARNING: Executing: isElementDisplayed [821478a17a4cfc5f9fb08d8f0d4655057e66139a, isElementDisplayed {id=32}]
Apr 25, 2019 6:35:05 PM org.openqa.selenium.remote.RemoteWebDriver log
WARNING: Executed: [821478a17a4cfc5f9fb08d8f0d4655057e66139a, isElementDisplayed {id=32}]
Apr 25, 2019 6:35:05 PM org.openqa.selenium.remote.RemoteWebDriver log
WARNING: Executing: isElementDisplayed [821478a17a4cfc5f9fb08d8f0d4655057e66139a, isElementDisplayed {id=33}]
Apr 25, 2019 6:35:05 PM org.openqa.selenium.remote.RemoteWebDriver log
WARNING: Executed: [821478a17a4cfc5f9fb08d8f0d4655057e66139a, isElementDisplayed {id=33}]
Apr 25, 2019 6:35:05 PM org.openqa.selenium.remote.RemoteWebDriver log
WARNING: Executing: isElementDisplayed [821478a17a4cfc5f9fb08d8f0d4655057e66139a, isElementDisplayed {id=34}]
Apr 25, 2019 6:35:06 PM org.openqa.selenium.remote.RemoteWebDriver log
WARNING: Executed: [821478a17a4cfc5f9fb08d8f0d4655057e66139a, isElementDisplayed {id=34}]
Apr 25, 2019 6:35:06 PM org.openqa.selenium.remote.RemoteWebDriver log
WARNING: Executing: isElementDisplayed [821478a17a4cfc5f9fb08d8f0d4655057e66139a, isElementDisplayed {id=35}]
Apr 25, 2019 6:35:06 PM org.openqa.selenium.remote.RemoteWebDriver log
WARNING: Executed: [821478a17a4cfc5f9fb08d8f0d4655057e66139a, isElementDisplayed {id=35}]
Apr 25, 2019 6:35:06 PM org.openqa.selenium.remote.RemoteWebDriver log
WARNING: Executing: isElementDisplayed [821478a17a4cfc5f9fb08d8f0d4655057e66139a, isElementDisplayed {id=36}]
Apr 25, 2019 6:35:06 PM org.openqa.selenium.remote.RemoteWebDriver log
WARNING: Executed: [821478a17a4cfc5f9fb08d8f0d4655057e66139a, isElementDisplayed {id=36}]
Apr 25, 2019 6:35:06 PM org.openqa.selenium.remote.RemoteWebDriver log
WARNING: Executing: isElementDisplayed [821478a17a4cfc5f9fb08d8f0d4655057e66139a, isElementDisplayed {id=37}]
Apr 25, 2019 6:35:06 PM org.openqa.selenium.remote.RemoteWebDriver log
WARNING: Executed: [821478a17a4cfc5f9fb08d8f0d4655057e66139a, isElementDisplayed {id=37}]
Apr 25, 2019 6:35:06 PM org.openqa.selenium.remote.RemoteWebDriver log
WARNING: Executing: isElementDisplayed [821478a17a4cfc5f9fb08d8f0d4655057e66139a, isElementDisplayed {id=38}]
Apr 25, 2019 6:35:06 PM org.openqa.selenium.remote.RemoteWebDriver log
WARNING: Executed: [821478a17a4cfc5f9fb08d8f0d4655057e66139a, isElementDisplayed {id=38}]
Apr 25, 2019 6:35:06 PM org.openqa.selenium.remote.RemoteWebDriver log
WARNING: Executing: isElementDisplayed [821478a17a4cfc5f9fb08d8f0d4655057e66139a, isElementDisplayed {id=39}]
Apr 25, 2019 6:35:07 PM org.openqa.selenium.remote.RemoteWebDriver log
WARNING: Executed: [821478a17a4cfc5f9fb08d8f0d4655057e66139a, isElementDisplayed {id=39}]
Apr 25, 2019 6:35:07 PM org.openqa.selenium.remote.RemoteWebDriver log
WARNING: Executing: isElementDisplayed [821478a17a4cfc5f9fb08d8f0d4655057e66139a, isElementDisplayed {id=40}]
Apr 25, 2019 6:35:07 PM org.openqa.selenium.remote.RemoteWebDriver log
WARNING: Executed: [821478a17a4cfc5f9fb08d8f0d4655057e66139a, isElementDisplayed {id=40}]
Apr 25, 2019 6:35:07 PM org.openqa.selenium.remote.RemoteWebDriver log
WARNING: Executing: isElementDisplayed [821478a17a4cfc5f9fb08d8f0d4655057e66139a, isElementDisplayed {id=41}]
Apr 25, 2019 6:35:07 PM org.openqa.selenium.remote.RemoteWebDriver log
WARNING: Executed: [821478a17a4cfc5f9fb08d8f0d4655057e66139a, isElementDisplayed {id=41}]
Apr 25, 2019 6:35:07 PM org.openqa.selenium.remote.RemoteWebDriver log
WARNING: Executing: isElementDisplayed [821478a17a4cfc5f9fb08d8f0d4655057e66139a, isElementDisplayed {id=42}]
Apr 25, 2019 6:35:07 PM org.openqa.selenium.remote.RemoteWebDriver log
WARNING: Executed: [821478a17a4cfc5f9fb08d8f0d4655057e66139a, isElementDisplayed {id=42}]
Apr 25, 2019 6:35:07 PM org.openqa.selenium.remote.RemoteWebDriver log
WARNING: Executing: isElementDisplayed [821478a17a4cfc5f9fb08d8f0d4655057e66139a, isElementDisplayed {id=43}]
Apr 25, 2019 6:35:07 PM org.openqa.selenium.remote.RemoteWebDriver log
WARNING: Executed: [821478a17a4cfc5f9fb08d8f0d4655057e66139a, isElementDisplayed {id=43}]
Apr 25, 2019 6:35:07 PM org.openqa.selenium.remote.RemoteWebDriver log
WARNING: Executing: isElementDisplayed [821478a17a4cfc5f9fb08d8f0d4655057e66139a, isElementDisplayed {id=44}]
Apr 25, 2019 6:35:08 PM org.openqa.selenium.remote.RemoteWebDriver log
WARNING: Executed: [821478a17a4cfc5f9fb08d8f0d4655057e66139a, isElementDisplayed {id=44}]
Apr 25, 2019 6:35:08 PM org.openqa.selenium.remote.RemoteWebDriver log
WARNING: Executing: isElementDisplayed [821478a17a4cfc5f9fb08d8f0d4655057e66139a, isElementDisplayed {id=45}]
Apr 25, 2019 6:35:08 PM org.openqa.selenium.remote.RemoteWebDriver log
WARNING: Executed: [821478a17a4cfc5f9fb08d8f0d4655057e66139a, isElementDisplayed {id=45}]
Apr 25, 2019 6:35:08 PM org.openqa.selenium.remote.RemoteWebDriver log
WARNING: Executing: isElementDisplayed [821478a17a4cfc5f9fb08d8f0d4655057e66139a, isElementDisplayed {id=46}]
Apr 25, 2019 6:35:08 PM org.openqa.selenium.remote.RemoteWebDriver log
WARNING: Executed: [821478a17a4cfc5f9fb08d8f0d4655057e66139a, isElementDisplayed {id=46}]
Apr 25, 2019 6:35:08 PM org.openqa.selenium.remote.RemoteWebDriver log
WARNING: Executing: isElementDisplayed [821478a17a4cfc5f9fb08d8f0d4655057e66139a, isElementDisplayed {id=47}]
Apr 25, 2019 6:35:08 PM org.openqa.selenium.remote.RemoteWebDriver log
WARNING: Executed: [821478a17a4cfc5f9fb08d8f0d4655057e66139a, isElementDisplayed {id=47}]
Apr 25, 2019 6:35:08 PM org.openqa.selenium.remote.RemoteWebDriver log
WARNING: Executing: isElementDisplayed [821478a17a4cfc5f9fb08d8f0d4655057e66139a, isElementDisplayed {id=48}]
Apr 25, 2019 6:35:08 PM org.openqa.selenium.remote.RemoteWebDriver log
WARNING: Executed: [821478a17a4cfc5f9fb08d8f0d4655057e66139a, isElementDisplayed {id=48}]
Apr 25, 2019 6:35:08 PM org.openqa.selenium.remote.RemoteWebDriver log
WARNING: Executing: isElementDisplayed [821478a17a4cfc5f9fb08d8f0d4655057e66139a, isElementDisplayed {id=49}]
Apr 25, 2019 6:35:09 PM org.openqa.selenium.remote.RemoteWebDriver log
WARNING: Executed: [821478a17a4cfc5f9fb08d8f0d4655057e66139a, isElementDisplayed {id=49}]
Apr 25, 2019 6:35:09 PM org.openqa.selenium.remote.RemoteWebDriver log
WARNING: Executing: isElementDisplayed [821478a17a4cfc5f9fb08d8f0d4655057e66139a, isElementDisplayed {id=50}]
Apr 25, 2019 6:35:09 PM org.openqa.selenium.remote.RemoteWebDriver log
WARNING: Executed: [821478a17a4cfc5f9fb08d8f0d4655057e66139a, isElementDisplayed {id=50}]
Apr 25, 2019 6:35:09 PM org.openqa.selenium.remote.RemoteWebDriver log
WARNING: Executing: isElementDisplayed [821478a17a4cfc5f9fb08d8f0d4655057e66139a, isElementDisplayed {id=51}]
Apr 25, 2019 6:35:09 PM org.openqa.selenium.remote.RemoteWebDriver log
WARNING: Executed: [821478a17a4cfc5f9fb08d8f0d4655057e66139a, isElementDisplayed {id=51}]
Apr 25, 2019 6:35:09 PM org.openqa.selenium.remote.RemoteWebDriver log
WARNING: Executing: isElementDisplayed [821478a17a4cfc5f9fb08d8f0d4655057e66139a, isElementDisplayed {id=52}]
Apr 25, 2019 6:35:09 PM org.openqa.selenium.remote.RemoteWebDriver log
WARNING: Executed: [821478a17a4cfc5f9fb08d8f0d4655057e66139a, isElementDisplayed {id=52}]
Apr 25, 2019 6:35:09 PM org.openqa.selenium.remote.RemoteWebDriver log
WARNING: Executing: isElementDisplayed [821478a17a4cfc5f9fb08d8f0d4655057e66139a, isElementDisplayed {id=53}]
Apr 25, 2019 6:35:09 PM org.openqa.selenium.remote.RemoteWebDriver log
WARNING: Executed: [821478a17a4cfc5f9fb08d8f0d4655057e66139a, isElementDisplayed {id=53}]
Apr 25, 2019 6:35:09 PM org.openqa.selenium.remote.RemoteWebDriver log
WARNING: Executing: isElementDisplayed [821478a17a4cfc5f9fb08d8f0d4655057e66139a, isElementDisplayed {id=54}]
Apr 25, 2019 6:35:10 PM org.openqa.selenium.remote.RemoteWebDriver log
WARNING: Executed: [821478a17a4cfc5f9fb08d8f0d4655057e66139a, isElementDisplayed {id=54}]
Apr 25, 2019 6:35:10 PM org.openqa.selenium.remote.RemoteWebDriver log
WARNING: Executing: isElementDisplayed [821478a17a4cfc5f9fb08d8f0d4655057e66139a, isElementDisplayed {id=55}]
Apr 25, 2019 6:35:10 PM org.openqa.selenium.remote.RemoteWebDriver log
WARNING: Executed: [821478a17a4cfc5f9fb08d8f0d4655057e66139a, isElementDisplayed {id=55}]
Apr 25, 2019 6:35:10 PM org.openqa.selenium.remote.RemoteWebDriver log
WARNING: Executing: isElementDisplayed [821478a17a4cfc5f9fb08d8f0d4655057e66139a, isElementDisplayed {id=56}]
Apr 25, 2019 6:35:10 PM org.openqa.selenium.remote.RemoteWebDriver log
WARNING: Executed: [821478a17a4cfc5f9fb08d8f0d4655057e66139a, isElementDisplayed {id=56}]
Apr 25, 2019 6:35:10 PM org.openqa.selenium.remote.RemoteWebDriver log
WARNING: Executing: isElementDisplayed [821478a17a4cfc5f9fb08d8f0d4655057e66139a, isElementDisplayed {id=57}]
Apr 25, 2019 6:35:10 PM org.openqa.selenium.remote.RemoteWebDriver log
WARNING: Executed: [821478a17a4cfc5f9fb08d8f0d4655057e66139a, isElementDisplayed {id=57}]
Apr 25, 2019 6:35:10 PM org.openqa.selenium.remote.RemoteWebDriver log
WARNING: Executing: isElementDisplayed [821478a17a4cfc5f9fb08d8f0d4655057e66139a, isElementDisplayed {id=58}]
Apr 25, 2019 6:35:10 PM org.openqa.selenium.remote.RemoteWebDriver log
WARNING: Executed: [821478a17a4cfc5f9fb08d8f0d4655057e66139a, isElementDisplayed {id=58}]
Apr 25, 2019 6:35:10 PM org.openqa.selenium.remote.RemoteWebDriver log
WARNING: Executing: isElementDisplayed [821478a17a4cfc5f9fb08d8f0d4655057e66139a, isElementDisplayed {id=59}]
Apr 25, 2019 6:35:11 PM org.openqa.selenium.remote.RemoteWebDriver log
WARNING: Executed: [821478a17a4cfc5f9fb08d8f0d4655057e66139a, isElementDisplayed {id=59}]
Apr 25, 2019 6:35:11 PM org.openqa.selenium.remote.RemoteWebDriver log
WARNING: Executing: isElementDisplayed [821478a17a4cfc5f9fb08d8f0d4655057e66139a, isElementDisplayed {id=60}]
Apr 25, 2019 6:35:11 PM org.openqa.selenium.remote.RemoteWebDriver log
WARNING: Executed: [821478a17a4cfc5f9fb08d8f0d4655057e66139a, isElementDisplayed {id=60}]
Apr 25, 2019 6:35:11 PM org.openqa.selenium.remote.RemoteWebDriver log
WARNING: Executing: isElementDisplayed [821478a17a4cfc5f9fb08d8f0d4655057e66139a, isElementDisplayed {id=61}]
Apr 25, 2019 6:35:11 PM org.openqa.selenium.remote.RemoteWebDriver log
WARNING: Executed: [821478a17a4cfc5f9fb08d8f0d4655057e66139a, isElementDisplayed {id=61}]
Apr 25, 2019 6:35:11 PM org.openqa.selenium.remote.RemoteWebDriver log
WARNING: Executing: isElementDisplayed [821478a17a4cfc5f9fb08d8f0d4655057e66139a, isElementDisplayed {id=62}]
Apr 25, 2019 6:35:12 PM org.openqa.selenium.remote.RemoteWebDriver log
WARNING: Executed: [821478a17a4cfc5f9fb08d8f0d4655057e66139a, isElementDisplayed {id=62}]
Apr 25, 2019 6:35:12 PM org.openqa.selenium.remote.RemoteWebDriver log
WARNING: Executing: isElementDisplayed [821478a17a4cfc5f9fb08d8f0d4655057e66139a, isElementDisplayed {id=63}]
Apr 25, 2019 6:35:12 PM org.openqa.selenium.remote.RemoteWebDriver log
WARNING: Executed: [821478a17a4cfc5f9fb08d8f0d4655057e66139a, isElementDisplayed {id=63}]
Apr 25, 2019 6:35:12 PM org.openqa.selenium.remote.RemoteWebDriver log
WARNING: Executing: isElementDisplayed [821478a17a4cfc5f9fb08d8f0d4655057e66139a, isElementDisplayed {id=64}]
Apr 25, 2019 6:35:12 PM org.openqa.selenium.remote.RemoteWebDriver log
WARNING: Executed: [821478a17a4cfc5f9fb08d8f0d4655057e66139a, isElementDisplayed {id=64}]
Apr 25, 2019 6:35:12 PM org.openqa.selenium.remote.RemoteWebDriver log
WARNING: Executing: getElementText [821478a17a4cfc5f9fb08d8f0d4655057e66139a, getElementText {id=14}]
Apr 25, 2019 6:35:12 PM org.openqa.selenium.remote.RemoteWebDriver log
WARNING: Executed: [821478a17a4cfc5f9fb08d8f0d4655057e66139a, getElementText {id=14}]
Apr 25, 2019 6:35:12 PM org.openqa.selenium.remote.RemoteWebDriver log
WARNING: Executing: findElements [821478a17a4cfc5f9fb08d8f0d4655057e66139a, findElements {using=css selector, value=div[data-testcase-triage-category='FAIL'] div.testName}]
Apr 25, 2019 6:35:12 PM org.openqa.selenium.remote.RemoteWebDriver log
WARNING: Executed: [821478a17a4cfc5f9fb08d8f0d4655057e66139a, findElements {using=css selector, value=div[data-testcase-triage-category='FAIL'] div.testName}]
Apr 25, 2019 6:35:12 PM org.openqa.selenium.remote.RemoteWebDriver log
WARNING: Executing: getElementText [821478a17a4cfc5f9fb08d8f0d4655057e66139a, getElementText {id=14}]
Apr 25, 2019 6:35:13 PM org.openqa.selenium.remote.RemoteWebDriver log
WARNING: Executed: [821478a17a4cfc5f9fb08d8f0d4655057e66139a, getElementText {id=14}]
Apr 25, 2019 6:35:13 PM org.openqa.selenium.remote.RemoteWebDriver log
WARNING: Executing: clickElement [821478a17a4cfc5f9fb08d8f0d4655057e66139a, clickElement {id=14}]
Apr 25, 2019 6:35:13 PM org.openqa.selenium.remote.RemoteWebDriver log
WARNING: Executed: [821478a17a4cfc5f9fb08d8f0d4655057e66139a, clickElement {id=14}]
Apr 25, 2019 6:35:13 PM org.openqa.selenium.remote.RemoteWebDriver log
WARNING: Executing: getCurrentUrl [821478a17a4cfc5f9fb08d8f0d4655057e66139a, getCurrentUrl {}]
Apr 25, 2019 6:35:13 PM org.openqa.selenium.remote.RemoteWebDriver log
WARNING: Executed: [821478a17a4cfc5f9fb08d8f0d4655057e66139a, getCurrentUrl {}]
Apr 25, 2019 6:35:13 PM org.openqa.selenium.remote.RemoteWebDriver log
WARNING: Executing: findElement [821478a17a4cfc5f9fb08d8f0d4655057e66139a, findElement {using=class name, value=homeRoot}]
Apr 25, 2019 6:35:13 PM org.openqa.selenium.remote.RemoteWebDriver log
WARNING: Executed: [821478a17a4cfc5f9fb08d8f0d4655057e66139a, findElement {using=class name, value=homeRoot}]
Apr 25, 2019 6:35:13 PM org.openqa.selenium.remote.RemoteWebDriver log
WARNING: Executing: findElement [821478a17a4cfc5f9fb08d8f0d4655057e66139a, findElement {using=tag name, value=body}]
Apr 25, 2019 6:35:14 PM org.openqa.selenium.remote.RemoteWebDriver log
WARNING: Executed: [821478a17a4cfc5f9fb08d8f0d4655057e66139a, findElement {using=tag name, value=body}]
Apr 25, 2019 6:35:14 PM org.openqa.selenium.remote.RemoteWebDriver log
WARNING: Executing: getElementText [821478a17a4cfc5f9fb08d8f0d4655057e66139a, getElementText {id=1}]
Apr 25, 2019 6:35:14 PM org.openqa.selenium.remote.RemoteWebDriver log
WARNING: Executed: [821478a17a4cfc5f9fb08d8f0d4655057e66139a, getElementText {id=1}]
Apr 25, 2019 6:35:15 PM org.openqa.selenium.remote.RemoteWebDriver log
WARNING: Executing: findElement [821478a17a4cfc5f9fb08d8f0d4655057e66139a, findElement {using=tag name, value=body}]
Apr 25, 2019 6:35:15 PM org.openqa.selenium.remote.RemoteWebDriver log
WARNING: Executed: [821478a17a4cfc5f9fb08d8f0d4655057e66139a, findElement {using=tag name, value=body}]
Apr 25, 2019 6:35:15 PM org.openqa.selenium.remote.RemoteWebDriver log
WARNING: Executing: getElementText [821478a17a4cfc5f9fb08d8f0d4655057e66139a, getElementText {id=1}]
Apr 25, 2019 6:35:16 PM org.openqa.selenium.remote.RemoteWebDriver log
WARNING: Executed: [821478a17a4cfc5f9fb08d8f0d4655057e66139a, getElementText {id=1}]
Apr 25, 2019 6:35:16 PM org.openqa.selenium.remote.RemoteWebDriver log
WARNING: Executing: findElement [821478a17a4cfc5f9fb08d8f0d4655057e66139a, findElement {using=css selector, value=button#triage}]
Apr 25, 2019 6:35:16 PM org.openqa.selenium.remote.RemoteWebDriver log
WARNING: Executed: [821478a17a4cfc5f9fb08d8f0d4655057e66139a, findElement {using=css selector, value=button#triage}]
Apr 25, 2019 6:35:16 PM org.openqa.selenium.remote.RemoteWebDriver log
WARNING: Executing: isElementDisplayed [821478a17a4cfc5f9fb08d8f0d4655057e66139a, isElementDisplayed {id=65}]
Apr 25, 2019 6:35:16 PM org.openqa.selenium.remote.RemoteWebDriver log
WARNING: Executed: [821478a17a4cfc5f9fb08d8f0d4655057e66139a, isElementDisplayed {id=65}]
Apr 25, 2019 6:35:16 PM org.openqa.selenium.remote.RemoteWebDriver log
WARNING: Executing: isElementEnabled [821478a17a4cfc5f9fb08d8f0d4655057e66139a, isElementEnabled {id=65}]
Apr 25, 2019 6:35:16 PM org.openqa.selenium.remote.RemoteWebDriver log
WARNING: Executed: [821478a17a4cfc5f9fb08d8f0d4655057e66139a, isElementEnabled {id=65}]
Apr 25, 2019 6:35:16 PM org.openqa.selenium.remote.RemoteWebDriver log
WARNING: Executing: clickElement [821478a17a4cfc5f9fb08d8f0d4655057e66139a, clickElement {id=65}]
Apr 25, 2019 6:35:17 PM org.openqa.selenium.remote.RemoteWebDriver log
WARNING: Executed: [821478a17a4cfc5f9fb08d8f0d4655057e66139a, clickElement {id=65}]
Apr 25, 2019 6:35:17 PM org.openqa.selenium.remote.RemoteWebDriver log
WARNING: Executing: findElement [821478a17a4cfc5f9fb08d8f0d4655057e66139a, findElement {using=css selector, value=button#triage}]
Apr 25, 2019 6:35:17 PM org.openqa.selenium.remote.RemoteWebDriver log
WARNING: Executed: [821478a17a4cfc5f9fb08d8f0d4655057e66139a, findElement {using=css selector, value=button#triage}]
Apr 25, 2019 6:35:17 PM org.openqa.selenium.remote.RemoteWebDriver log
WARNING: Executing: isElementDisplayed [821478a17a4cfc5f9fb08d8f0d4655057e66139a, isElementDisplayed {id=65}]
Apr 25, 2019 6:35:17 PM org.openqa.selenium.remote.RemoteWebDriver log
WARNING: Executed: [821478a17a4cfc5f9fb08d8f0d4655057e66139a, isElementDisplayed {id=65}]
Apr 25, 2019 6:35:17 PM org.openqa.selenium.remote.RemoteWebDriver log
WARNING: Executing: findElement [821478a17a4cfc5f9fb08d8f0d4655057e66139a, findElement {using=css selector, value=button#triage}]
Apr 25, 2019 6:35:17 PM org.openqa.selenium.remote.RemoteWebDriver log
WARNING: Executed: [821478a17a4cfc5f9fb08d8f0d4655057e66139a, findElement {using=css selector, value=button#triage}]
Apr 25, 2019 6:35:17 PM org.openqa.selenium.remote.RemoteWebDriver log
WARNING: Executing: isElementDisplayed [821478a17a4cfc5f9fb08d8f0d4655057e66139a, isElementDisplayed {id=65}]
Apr 25, 2019 6:35:17 PM org.openqa.selenium.remote.RemoteWebDriver log
WARNING: Executed: [821478a17a4cfc5f9fb08d8f0d4655057e66139a, isElementDisplayed {id=65}]
Apr 25, 2019 6:35:18 PM org.openqa.selenium.remote.RemoteWebDriver log
WARNING: Executing: findElement [821478a17a4cfc5f9fb08d8f0d4655057e66139a, findElement {using=css selector, value=button#triage}]
Apr 25, 2019 6:35:18 PM org.openqa.selenium.remote.RemoteWebDriver log
WARNING: Executed: [821478a17a4cfc5f9fb08d8f0d4655057e66139a, findElement {using=css selector, value=button#triage}]
Apr 25, 2019 6:35:18 PM org.openqa.selenium.remote.RemoteWebDriver log
WARNING: Executing: isElementDisplayed [821478a17a4cfc5f9fb08d8f0d4655057e66139a, isElementDisplayed {id=65}]
Apr 25, 2019 6:35:18 PM org.openqa.selenium.remote.RemoteWebDriver log
WARNING: Executed: [821478a17a4cfc5f9fb08d8f0d4655057e66139a, isElementDisplayed {id=65}]
Apr 25, 2019 6:35:18 PM org.openqa.selenium.remote.RemoteWebDriver log
WARNING: Executing: findElement [821478a17a4cfc5f9fb08d8f0d4655057e66139a, findElement {using=css selector, value=button#triage}]
Apr 25, 2019 6:35:18 PM org.openqa.selenium.remote.RemoteWebDriver log
WARNING: Executed: [821478a17a4cfc5f9fb08d8f0d4655057e66139a, findElement {using=css selector, value=button#triage}]
Apr 25, 2019 6:35:18 PM org.openqa.selenium.remote.RemoteWebDriver log
WARNING: Executing: isElementDisplayed [821478a17a4cfc5f9fb08d8f0d4655057e66139a, isElementDisplayed {id=65}]
Apr 25, 2019 6:35:18 PM org.openqa.selenium.remote.RemoteWebDriver log
WARNING: Executed: [821478a17a4cfc5f9fb08d8f0d4655057e66139a, isElementDisplayed {id=65}]
Apr 25, 2019 6:35:19 PM org.openqa.selenium.remote.RemoteWebDriver log
WARNING: Executing: findElement [821478a17a4cfc5f9fb08d8f0d4655057e66139a, findElement {using=css selector, value=button#triage}]
Apr 25, 2019 6:35:19 PM org.openqa.selenium.remote.RemoteWebDriver log
WARNING: Executed: [821478a17a4cfc5f9fb08d8f0d4655057e66139a, findElement {using=css selector, value=button#triage}]
Apr 25, 2019 6:35:19 PM org.openqa.selenium.remote.RemoteWebDriver log
WARNING: Executing: isElementDisplayed [821478a17a4cfc5f9fb08d8f0d4655057e66139a, isElementDisplayed {id=65}]
Apr 25, 2019 6:35:19 PM org.openqa.selenium.remote.RemoteWebDriver log
WARNING: Executed: [821478a17a4cfc5f9fb08d8f0d4655057e66139a, isElementDisplayed {id=65}]
Apr 25, 2019 6:35:19 PM org.openqa.selenium.remote.RemoteWebDriver log
WARNING: Executing: findElement [821478a17a4cfc5f9fb08d8f0d4655057e66139a, findElement {using=css selector, value=button#triage}]
Apr 25, 2019 6:35:22 PM org.openqa.selenium.remote.RemoteWebDriver log
WARNING: Executed: [821478a17a4cfc5f9fb08d8f0d4655057e66139a, findElement {using=css selector, value=button#triage}]
Apr 25, 2019 6:35:22 PM org.openqa.selenium.remote.RemoteWebDriver log
WARNING: Executing: get [821478a17a4cfc5f9fb08d8f0d4655057e66139a, get {url=http://tdev.clarolab.com/AutomationIssues/}]
Apr 25, 2019 6:35:41 PM org.openqa.selenium.remote.RemoteWebDriver log
WARNING: Executed: [821478a17a4cfc5f9fb08d8f0d4655057e66139a, get {url=http://tdev.clarolab.com/AutomationIssues/}]
Apr 25, 2019 6:35:41 PM org.openqa.selenium.remote.RemoteWebDriver log
WARNING: Executing: getCurrentUrl [821478a17a4cfc5f9fb08d8f0d4655057e66139a, getCurrentUrl {}]
Apr 25, 2019 6:35:41 PM org.openqa.selenium.remote.RemoteWebDriver log
WARNING: Executed: [821478a17a4cfc5f9fb08d8f0d4655057e66139a, getCurrentUrl {}]
Apr 25, 2019 6:35:41 PM org.openqa.selenium.remote.RemoteWebDriver log
WARNING: Executing: findElement [821478a17a4cfc5f9fb08d8f0d4655057e66139a, findElement {using=css selector, value=main#automationListDiv}]
Apr 25, 2019 6:35:45 PM org.openqa.selenium.remote.RemoteWebDriver log
WARNING: Executed: [821478a17a4cfc5f9fb08d8f0d4655057e66139a, findElement {using=css selector, value=main#automationListDiv}]
Apr 25, 2019 6:35:45 PM org.openqa.selenium.remote.RemoteWebDriver log
WARNING: Executing: findElement [821478a17a4cfc5f9fb08d8f0d4655057e66139a, findElement {using=css selector, value=main#automationListDiv}]
Apr 25, 2019 6:35:48 PM org.openqa.selenium.remote.RemoteWebDriver log
WARNING: Executed: [821478a17a4cfc5f9fb08d8f0d4655057e66139a, findElement {using=css selector, value=main#automationListDiv}]
Apr 25, 2019 6:35:49 PM org.openqa.selenium.remote.RemoteWebDriver log
WARNING: Executing: findElement [821478a17a4cfc5f9fb08d8f0d4655057e66139a, findElement {using=css selector, value=main#automationListDiv}]
Apr 25, 2019 6:35:52 PM org.openqa.selenium.remote.RemoteWebDriver log
WARNING: Executed: [821478a17a4cfc5f9fb08d8f0d4655057e66139a, findElement {using=css selector, value=main#automationListDiv}]
]]></system-err>
  </testcase>
  <testcase name="testCreateHighPriority" classname="com.clarolab.AutomationIssuesTest" time="107.12"/>
  <testcase name="testCreateLowPriority" classname="com.clarolab.AutomationIssuesTest" time="85.845">
    <failure message="Timed out after 5 seconds: Element 'By.cssSelector: li[data-value='LOW']' never became clickable after '5' seconds
Build info: version: '2.45.0', revision: '5017cb8e7ca8e37638dc3091b2440b90a1d8686f', time: '2015-02-27 09:10:26'
System info: host: '6888e31d0e98', ip: '172.17.0.9', os.name: 'Linux', os.arch: 'amd64', os.version: '4.15.0-29-generic', java.version: '1.8.0_181'
Driver info: org.openqa.selenium.remote.RemoteWebDriver
Capabilities [{mobileEmulationEnabled=false, timeouts={implicit=0, pageLoad=300000, script=30000}, hasTouchScreen=false, platform=WINDOWS, acceptSslCerts=false, goog:chromeOptions={debuggerAddress=localhost:1080}, acceptInsecureCerts=false, webStorageEnabled=true, browserName=chrome, takesScreenshot=true, javascriptEnabled=true, setWindowRect=true, unexpectedAlertBehaviour=ignore, applicationCacheEnabled=false, rotatable=false, networkConnectionEnabled=false, chrome={chromedriverVersion=73.0.3683.68 (47787ec04b6e38e22703e856e101e840b65afe72), userDataDir=C:\Windows\proxy\scoped_dir4644_20155}, takesHeapSnapshot=true, pageLoadStrategy=normal, strictFileInteractability=false, databaseEnabled=false, handlesAlerts=true, version=73.0.3683.86, browserConnectionEnabled=false, nativeEvents=true, webdriver.remote.sessionid=50537042e9cfd616b999270b366231943aa0fcb9, locationContextEnabled=true, cssSelectorsEnabled=true}]
Session ID: 50537042e9cfd616b999270b366231943aa0fcb9" type="org.openqa.selenium.TimeoutException">org.openqa.selenium.TimeoutException: 
Timed out after 5 seconds: Element 'By.cssSelector: li[data-value='LOW']' never became clickable after '5' seconds
Build info: version: '2.45.0', revision: '5017cb8e7ca8e37638dc3091b2440b90a1d8686f', time: '2015-02-27 09:10:26'
System info: host: '6888e31d0e98', ip: '172.17.0.9', os.name: 'Linux', os.arch: 'amd64', os.version: '4.15.0-29-generic', java.version: '1.8.0_181'
Driver info: org.openqa.selenium.remote.RemoteWebDriver
Capabilities [{mobileEmulationEnabled=false, timeouts={implicit=0, pageLoad=300000, script=30000}, hasTouchScreen=false, platform=WINDOWS, acceptSslCerts=false, goog:chromeOptions={debuggerAddress=localhost:1080}, acceptInsecureCerts=false, webStorageEnabled=true, browserName=chrome, takesScreenshot=true, javascriptEnabled=true, setWindowRect=true, unexpectedAlertBehaviour=ignore, applicationCacheEnabled=false, rotatable=false, networkConnectionEnabled=false, chrome={chromedriverVersion=73.0.3683.68 (47787ec04b6e38e22703e856e101e840b65afe72), userDataDir=C:\Windows\proxy\scoped_dir4644_20155}, takesHeapSnapshot=true, pageLoadStrategy=normal, strictFileInteractability=false, databaseEnabled=false, handlesAlerts=true, version=73.0.3683.86, browserConnectionEnabled=false, nativeEvents=true, webdriver.remote.sessionid=50537042e9cfd616b999270b366231943aa0fcb9, locationContextEnabled=true, cssSelectorsEnabled=true}]
Session ID: 50537042e9cfd616b999270b366231943aa0fcb9
	at com.clarolab.AutomationIssuesTest.testCreateLowPriority(AutomationIssuesTest.java:53)
Caused by: org.openqa.selenium.NoSuchElementException: 
no such element: Unable to locate element: {"method":"css selector","selector":"li[data-value='LOW']"}
  (Session info: chrome=73.0.3683.86)
  (Driver info: chromedriver=73.0.3683.68 (47787ec04b6e38e22703e856e101e840b65afe72),platform=Windows NT 6.1.7601 SP1 x86_64) (WARNING: The server did not provide any stacktrace information)
Command duration or timeout: 2.01 seconds
For documentation on this error, please visit: http://seleniumhq.org/exceptions/no_such_element.html
Build info: version: '2.53.0', revision: '35ae25b', time: '2016-03-15 17:00:58'
System info: host: '199-7-165-239', ip: '199.7.165.239', os.name: 'windows', os.arch: 'x86', os.version: '6.1', java.version: '1.8.0_151'
Driver info: org.openqa.selenium.chrome.ChromeDriver
Capabilities [{mobileEmulationEnabled=false, timeouts={implicit=0, pageLoad=300000, script=30000}, hasTouchScreen=false, platform=XP, acceptSslCerts=false, goog:chromeOptions={debuggerAddress=localhost:1080}, acceptInsecureCerts=false, webStorageEnabled=true, browserName=chrome, takesScreenshot=true, javascriptEnabled=true, setWindowRect=true, unexpectedAlertBehaviour=ignore, applicationCacheEnabled=false, rotatable=false, networkConnectionEnabled=false, chrome={chromedriverVersion=73.0.3683.68 (47787ec04b6e38e22703e856e101e840b65afe72), userDataDir=C:\Windows\proxy\scoped_dir4644_20155}, takesHeapSnapshot=true, pageLoadStrategy=normal, strictFileInteractability=false, databaseEnabled=false, handlesAlerts=true, version=73.0.3683.86, browserConnectionEnabled=false, proxy={}, nativeEvents=true, locationContextEnabled=true, cssSelectorsEnabled=true}]
Session ID: 29c0726ae8459c0dc9492e9688b409fb
*** Element info: {Using=css selector, value=li[data-value='LOW']}
Command duration or timeout: 5.90 seconds
For documentation on this error, please visit: http://seleniumhq.org/exceptions/no_such_element.html
Build info: version: '2.45.0', revision: '5017cb8e7ca8e37638dc3091b2440b90a1d8686f', time: '2015-02-27 09:10:26'
System info: host: '6888e31d0e98', ip: '172.17.0.9', os.name: 'Linux', os.arch: 'amd64', os.version: '4.15.0-29-generic', java.version: '1.8.0_181'
Driver info: org.openqa.selenium.remote.RemoteWebDriver
Capabilities [{mobileEmulationEnabled=false, timeouts={implicit=0, pageLoad=300000, script=30000}, hasTouchScreen=false, platform=WINDOWS, acceptSslCerts=false, goog:chromeOptions={debuggerAddress=localhost:1080}, acceptInsecureCerts=false, webStorageEnabled=true, browserName=chrome, takesScreenshot=true, javascriptEnabled=true, setWindowRect=true, unexpectedAlertBehaviour=ignore, applicationCacheEnabled=false, rotatable=false, networkConnectionEnabled=false, chrome={chromedriverVersion=73.0.3683.68 (47787ec04b6e38e22703e856e101e840b65afe72), userDataDir=C:\Windows\proxy\scoped_dir4644_20155}, takesHeapSnapshot=true, pageLoadStrategy=normal, strictFileInteractability=false, databaseEnabled=false, handlesAlerts=true, version=73.0.3683.86, browserConnectionEnabled=false, nativeEvents=true, webdriver.remote.sessionid=50537042e9cfd616b999270b366231943aa0fcb9, locationContextEnabled=true, cssSelectorsEnabled=true}]
Session ID: 50537042e9cfd616b999270b366231943aa0fcb9
*** Element info: {Using=css selector, value=li[data-value='LOW']}
	at com.clarolab.AutomationIssuesTest.testCreateLowPriority(AutomationIssuesTest.java:53)
Caused by: org.openqa.selenium.remote.ScreenshotException: 
Screen shot has been taken
Build info: version: '2.45.0', revision: '5017cb8e7ca8e37638dc3091b2440b90a1d8686f', time: '2015-02-27 09:10:26'
System info: host: '6888e31d0e98', ip: '172.17.0.9', os.name: 'Linux', os.arch: 'amd64', os.version: '4.15.0-29-generic', java.version: '1.8.0_181'
Driver info: driver.version: RemoteWebDriver
	at com.clarolab.AutomationIssuesTest.testCreateLowPriority(AutomationIssuesTest.java:53)
Caused by: org.openqa.selenium.NoSuchElementException: 
no such element: Unable to locate element: {"method":"css selector","selector":"li[data-value='LOW']"}
  (Session info: chrome=73.0.3683.86)
  (Driver info: chromedriver=73.0.3683.68 (47787ec04b6e38e22703e856e101e840b65afe72),platform=Windows NT 6.1.7601 SP1 x86_64) (WARNING: The server did not provide any stacktrace information)
Command duration or timeout: 2.01 seconds
For documentation on this error, please visit: http://seleniumhq.org/exceptions/no_such_element.html
Build info: version: '2.53.0', revision: '35ae25b', time: '2016-03-15 17:00:58'
System info: host: '199-7-165-239', ip: '199.7.165.239', os.name: 'windows', os.arch: 'x86', os.version: '6.1', java.version: '1.8.0_151'
Driver info: org.openqa.selenium.chrome.ChromeDriver
Capabilities [{mobileEmulationEnabled=false, timeouts={implicit=0, pageLoad=300000, script=30000}, hasTouchScreen=false, platform=XP, acceptSslCerts=false, goog:chromeOptions={debuggerAddress=localhost:1080}, acceptInsecureCerts=false, webStorageEnabled=true, browserName=chrome, takesScreenshot=true, javascriptEnabled=true, setWindowRect=true, unexpectedAlertBehaviour=ignore, applicationCacheEnabled=false, rotatable=false, networkConnectionEnabled=false, chrome={chromedriverVersion=73.0.3683.68 (47787ec04b6e38e22703e856e101e840b65afe72), userDataDir=C:\Windows\proxy\scoped_dir4644_20155}, takesHeapSnapshot=true, pageLoadStrategy=normal, strictFileInteractability=false, databaseEnabled=false, handlesAlerts=true, version=73.0.3683.86, browserConnectionEnabled=false, proxy={}, nativeEvents=true, locationContextEnabled=true, cssSelectorsEnabled=true}]
Session ID: 29c0726ae8459c0dc9492e9688b409fb
*** Element info: {Using=css selector, value=li[data-value='LOW']}
For documentation on this error, please visit: http://seleniumhq.org/exceptions/no_such_element.html
Build info: version: '2.45.0', revision: '5017cb8e7ca8e37638dc3091b2440b90a1d8686f', time: '2015-02-27 09:10:26'
System info: host: '6888e31d0e98', ip: '172.17.0.9', os.name: 'Linux', os.arch: 'amd64', os.version: '4.15.0-29-generic', java.version: '1.8.0_181'
Driver info: driver.version: EventFiringWebDriver
</failure>
    <system-err><![CDATA[Apr 25, 2019 6:38:03 PM org.openqa.selenium.remote.RemoteWebDriver log
WARNING: Executing: deleteAllCookies [6c82c6df28264673a04556d3e59b493879a2472f, deleteAllCookies {}]
Apr 25, 2019 6:38:03 PM org.openqa.selenium.remote.RemoteWebDriver log
WARNING: Executed: [6c82c6df28264673a04556d3e59b493879a2472f, deleteAllCookies {}]
Apr 25, 2019 6:38:03 PM org.openqa.selenium.remote.RemoteWebDriver log
WARNING: Executing: quit [6c82c6df28264673a04556d3e59b493879a2472f, quit {}]
Apr 25, 2019 6:38:04 PM org.openqa.selenium.remote.RemoteWebDriver log
WARNING: Executed: [6c82c6df28264673a04556d3e59b493879a2472f, quit {}]
Apr 25, 2019 6:38:14 PM org.openqa.selenium.remote.RemoteWebDriver log
WARNING: Executing: setTimeout [50537042e9cfd616b999270b366231943aa0fcb9, setTimeout {type=page load, ms=80000}]
Apr 25, 2019 6:38:14 PM org.openqa.selenium.remote.RemoteWebDriver log
WARNING: Executed: [50537042e9cfd616b999270b366231943aa0fcb9, setTimeout {type=page load, ms=80000}]
Apr 25, 2019 6:38:14 PM org.openqa.selenium.remote.RemoteWebDriver log
WARNING: Executing: implicitlyWait [50537042e9cfd616b999270b366231943aa0fcb9, implicitlyWait {ms=2000}]
Apr 25, 2019 6:38:14 PM org.openqa.selenium.remote.RemoteWebDriver log
WARNING: Executed: [50537042e9cfd616b999270b366231943aa0fcb9, implicitlyWait {ms=2000}]
Apr 25, 2019 6:38:14 PM org.openqa.selenium.remote.RemoteWebDriver log
WARNING: Executing: get [50537042e9cfd616b999270b366231943aa0fcb9, get {url=http://tdev.clarolab.com/}]
Apr 25, 2019 6:38:22 PM org.openqa.selenium.remote.RemoteWebDriver log
WARNING: Executed: [50537042e9cfd616b999270b366231943aa0fcb9, get {url=http://tdev.clarolab.com/}]
Apr 25, 2019 6:38:22 PM org.openqa.selenium.remote.RemoteWebDriver log
WARNING: Executing: getCurrentUrl [50537042e9cfd616b999270b366231943aa0fcb9, getCurrentUrl {}]
Apr 25, 2019 6:38:22 PM org.openqa.selenium.remote.RemoteWebDriver log
WARNING: Executed: [50537042e9cfd616b999270b366231943aa0fcb9, getCurrentUrl {}]
Apr 25, 2019 6:38:22 PM org.openqa.selenium.remote.RemoteWebDriver log
WARNING: Executing: getCurrentUrl [50537042e9cfd616b999270b366231943aa0fcb9, getCurrentUrl {}]
Apr 25, 2019 6:38:22 PM org.openqa.selenium.remote.RemoteWebDriver log
WARNING: Executed: [50537042e9cfd616b999270b366231943aa0fcb9, getCurrentUrl {}]
Apr 25, 2019 6:38:22 PM org.openqa.selenium.remote.RemoteWebDriver log
WARNING: Executing: findElement [50537042e9cfd616b999270b366231943aa0fcb9, findElement {using=id, value=loginForm}]
Apr 25, 2019 6:38:22 PM org.openqa.selenium.remote.RemoteWebDriver log
WARNING: Executed: [50537042e9cfd616b999270b366231943aa0fcb9, findElement {using=id, value=loginForm}]
Apr 25, 2019 6:38:22 PM org.openqa.selenium.remote.RemoteWebDriver log
WARNING: Executing: findElement [50537042e9cfd616b999270b366231943aa0fcb9, findElement {using=tag name, value=body}]
Apr 25, 2019 6:38:23 PM org.openqa.selenium.remote.RemoteWebDriver log
WARNING: Executed: [50537042e9cfd616b999270b366231943aa0fcb9, findElement {using=tag name, value=body}]
Apr 25, 2019 6:38:23 PM org.openqa.selenium.remote.RemoteWebDriver log
WARNING: Executing: getElementText [50537042e9cfd616b999270b366231943aa0fcb9, getElementText {id=1}]
Apr 25, 2019 6:38:23 PM org.openqa.selenium.remote.RemoteWebDriver log
WARNING: Executed: [50537042e9cfd616b999270b366231943aa0fcb9, getElementText {id=1}]
Apr 25, 2019 6:38:23 PM org.openqa.selenium.remote.RemoteWebDriver log
WARNING: Executing: findElement [50537042e9cfd616b999270b366231943aa0fcb9, findElement {using=tag name, value=body}]
Apr 25, 2019 6:38:24 PM org.openqa.selenium.remote.RemoteWebDriver log
WARNING: Executed: [50537042e9cfd616b999270b366231943aa0fcb9, findElement {using=tag name, value=body}]
Apr 25, 2019 6:38:24 PM org.openqa.selenium.remote.RemoteWebDriver log
WARNING: Executing: getElementText [50537042e9cfd616b999270b366231943aa0fcb9, getElementText {id=1}]
Apr 25, 2019 6:38:24 PM org.openqa.selenium.remote.RemoteWebDriver log
WARNING: Executed: [50537042e9cfd616b999270b366231943aa0fcb9, getElementText {id=1}]
Apr 25, 2019 6:38:24 PM org.openqa.selenium.remote.RemoteWebDriver log
WARNING: Executing: findElement [50537042e9cfd616b999270b366231943aa0fcb9, findElement {using=tag name, value=body}]
Apr 25, 2019 6:38:25 PM org.openqa.selenium.remote.RemoteWebDriver log
WARNING: Executed: [50537042e9cfd616b999270b366231943aa0fcb9, findElement {using=tag name, value=body}]
Apr 25, 2019 6:38:25 PM org.openqa.selenium.remote.RemoteWebDriver log
WARNING: Executing: getElementText [50537042e9cfd616b999270b366231943aa0fcb9, getElementText {id=1}]
Apr 25, 2019 6:38:25 PM org.openqa.selenium.remote.RemoteWebDriver log
WARNING: Executed: [50537042e9cfd616b999270b366231943aa0fcb9, getElementText {id=1}]
Apr 25, 2019 6:38:25 PM org.openqa.selenium.remote.RemoteWebDriver log
WARNING: Executing: findElement [50537042e9cfd616b999270b366231943aa0fcb9, findElement {using=id, value=email}]
Apr 25, 2019 6:38:25 PM org.openqa.selenium.remote.RemoteWebDriver log
WARNING: Executed: [50537042e9cfd616b999270b366231943aa0fcb9, findElement {using=id, value=email}]
Apr 25, 2019 6:38:25 PM org.openqa.selenium.remote.RemoteWebDriver log
WARNING: Executing: sendKeysToElement [50537042e9cfd616b999270b366231943aa0fcb9, sendKeysToElement {id=2, value=[Ljava.lang.CharSequence;@38b27cdc}]
Apr 25, 2019 6:38:26 PM org.openqa.selenium.remote.RemoteWebDriver log
WARNING: Executed: [50537042e9cfd616b999270b366231943aa0fcb9, sendKeysToElement {id=2, value=[Ljava.lang.CharSequence;@38b27cdc}]
Apr 25, 2019 6:38:26 PM org.openqa.selenium.remote.RemoteWebDriver log
WARNING: Executing: findElement [50537042e9cfd616b999270b366231943aa0fcb9, findElement {using=id, value=password}]
Apr 25, 2019 6:38:26 PM org.openqa.selenium.remote.RemoteWebDriver log
WARNING: Executed: [50537042e9cfd616b999270b366231943aa0fcb9, findElement {using=id, value=password}]
Apr 25, 2019 6:38:26 PM org.openqa.selenium.remote.RemoteWebDriver log
WARNING: Executing: sendKeysToElement [50537042e9cfd616b999270b366231943aa0fcb9, sendKeysToElement {id=3, value=[Ljava.lang.CharSequence;@1339e7aa}]
Apr 25, 2019 6:38:26 PM org.openqa.selenium.remote.RemoteWebDriver log
WARNING: Executed: [50537042e9cfd616b999270b366231943aa0fcb9, sendKeysToElement {id=3, value=[Ljava.lang.CharSequence;@1339e7aa}]
Apr 25, 2019 6:38:26 PM org.openqa.selenium.remote.RemoteWebDriver log
WARNING: Executing: findElement [50537042e9cfd616b999270b366231943aa0fcb9, findElement {using=id, value=internalLoginSubmit}]
Apr 25, 2019 6:38:27 PM org.openqa.selenium.remote.RemoteWebDriver log
WARNING: Executed: [50537042e9cfd616b999270b366231943aa0fcb9, findElement {using=id, value=internalLoginSubmit}]
Apr 25, 2019 6:38:27 PM org.openqa.selenium.remote.RemoteWebDriver log
WARNING: Executing: isElementDisplayed [50537042e9cfd616b999270b366231943aa0fcb9, isElementDisplayed {id=4}]
Apr 25, 2019 6:38:27 PM org.openqa.selenium.remote.RemoteWebDriver log
WARNING: Executed: [50537042e9cfd616b999270b366231943aa0fcb9, isElementDisplayed {id=4}]
Apr 25, 2019 6:38:27 PM org.openqa.selenium.remote.RemoteWebDriver log
WARNING: Executing: isElementEnabled [50537042e9cfd616b999270b366231943aa0fcb9, isElementEnabled {id=4}]
Apr 25, 2019 6:38:27 PM org.openqa.selenium.remote.RemoteWebDriver log
WARNING: Executed: [50537042e9cfd616b999270b366231943aa0fcb9, isElementEnabled {id=4}]
Apr 25, 2019 6:38:27 PM org.openqa.selenium.remote.RemoteWebDriver log
WARNING: Executing: clickElement [50537042e9cfd616b999270b366231943aa0fcb9, clickElement {id=4}]
Apr 25, 2019 6:38:28 PM org.openqa.selenium.remote.RemoteWebDriver log
WARNING: Executed: [50537042e9cfd616b999270b366231943aa0fcb9, clickElement {id=4}]
Apr 25, 2019 6:38:28 PM org.openqa.selenium.remote.RemoteWebDriver log
WARNING: Executing: getCurrentUrl [50537042e9cfd616b999270b366231943aa0fcb9, getCurrentUrl {}]
Apr 25, 2019 6:38:28 PM org.openqa.selenium.remote.RemoteWebDriver log
WARNING: Executed: [50537042e9cfd616b999270b366231943aa0fcb9, getCurrentUrl {}]
Apr 25, 2019 6:38:28 PM org.openqa.selenium.remote.RemoteWebDriver log
WARNING: Executing: findElement [50537042e9cfd616b999270b366231943aa0fcb9, findElement {using=class name, value=homeRoot}]
Apr 25, 2019 6:38:29 PM org.openqa.selenium.remote.RemoteWebDriver log
WARNING: Executed: [50537042e9cfd616b999270b366231943aa0fcb9, findElement {using=class name, value=homeRoot}]
Apr 25, 2019 6:38:29 PM org.openqa.selenium.remote.RemoteWebDriver log
WARNING: Executing: findElement [50537042e9cfd616b999270b366231943aa0fcb9, findElement {using=tag name, value=body}]
Apr 25, 2019 6:38:29 PM org.openqa.selenium.remote.RemoteWebDriver log
WARNING: Executed: [50537042e9cfd616b999270b366231943aa0fcb9, findElement {using=tag name, value=body}]
Apr 25, 2019 6:38:29 PM org.openqa.selenium.remote.RemoteWebDriver log
WARNING: Executing: getElementText [50537042e9cfd616b999270b366231943aa0fcb9, getElementText {id=1}]
Apr 25, 2019 6:38:29 PM org.openqa.selenium.remote.RemoteWebDriver log
WARNING: Executed: [50537042e9cfd616b999270b366231943aa0fcb9, getElementText {id=1}]
Apr 25, 2019 6:38:30 PM org.openqa.selenium.remote.RemoteWebDriver log
WARNING: Executing: findElement [50537042e9cfd616b999270b366231943aa0fcb9, findElement {using=tag name, value=body}]
Apr 25, 2019 6:38:30 PM org.openqa.selenium.remote.RemoteWebDriver log
WARNING: Executed: [50537042e9cfd616b999270b366231943aa0fcb9, findElement {using=tag name, value=body}]
Apr 25, 2019 6:38:30 PM org.openqa.selenium.remote.RemoteWebDriver log
WARNING: Executing: getElementText [50537042e9cfd616b999270b366231943aa0fcb9, getElementText {id=1}]
Apr 25, 2019 6:38:30 PM org.openqa.selenium.remote.RemoteWebDriver log
WARNING: Executed: [50537042e9cfd616b999270b366231943aa0fcb9, getElementText {id=1}]
Apr 25, 2019 6:38:31 PM org.openqa.selenium.remote.RemoteWebDriver log
WARNING: Executing: findElement [50537042e9cfd616b999270b366231943aa0fcb9, findElement {using=tag name, value=body}]
Apr 25, 2019 6:38:31 PM org.openqa.selenium.remote.RemoteWebDriver log
WARNING: Executed: [50537042e9cfd616b999270b366231943aa0fcb9, findElement {using=tag name, value=body}]
Apr 25, 2019 6:38:31 PM org.openqa.selenium.remote.RemoteWebDriver log
WARNING: Executing: getElementText [50537042e9cfd616b999270b366231943aa0fcb9, getElementText {id=1}]
Apr 25, 2019 6:38:31 PM org.openqa.selenium.remote.RemoteWebDriver log
WARNING: Executed: [50537042e9cfd616b999270b366231943aa0fcb9, getElementText {id=1}]
Apr 25, 2019 6:38:31 PM org.openqa.selenium.remote.RemoteWebDriver log
WARNING: Executing: getCurrentUrl [50537042e9cfd616b999270b366231943aa0fcb9, getCurrentUrl {}]
Apr 25, 2019 6:38:31 PM org.openqa.selenium.remote.RemoteWebDriver log
WARNING: Executed: [50537042e9cfd616b999270b366231943aa0fcb9, getCurrentUrl {}]
Apr 25, 2019 6:38:31 PM org.openqa.selenium.remote.RemoteWebDriver log
WARNING: Executing: getCurrentUrl [50537042e9cfd616b999270b366231943aa0fcb9, getCurrentUrl {}]
Apr 25, 2019 6:38:32 PM org.openqa.selenium.remote.RemoteWebDriver log
WARNING: Executed: [50537042e9cfd616b999270b366231943aa0fcb9, getCurrentUrl {}]
Apr 25, 2019 6:38:32 PM org.openqa.selenium.remote.RemoteWebDriver log
WARNING: Executing: findElement [50537042e9cfd616b999270b366231943aa0fcb9, findElement {using=class name, value=homeRoot}]
Apr 25, 2019 6:38:32 PM org.openqa.selenium.remote.RemoteWebDriver log
WARNING: Executed: [50537042e9cfd616b999270b366231943aa0fcb9, findElement {using=class name, value=homeRoot}]
Apr 25, 2019 6:38:32 PM org.openqa.selenium.remote.RemoteWebDriver log
WARNING: Executing: findElement [50537042e9cfd616b999270b366231943aa0fcb9, findElement {using=tag name, value=body}]
Apr 25, 2019 6:38:32 PM org.openqa.selenium.remote.RemoteWebDriver log
WARNING: Executed: [50537042e9cfd616b999270b366231943aa0fcb9, findElement {using=tag name, value=body}]
Apr 25, 2019 6:38:32 PM org.openqa.selenium.remote.RemoteWebDriver log
WARNING: Executing: getElementText [50537042e9cfd616b999270b366231943aa0fcb9, getElementText {id=1}]
Apr 25, 2019 6:38:32 PM org.openqa.selenium.remote.RemoteWebDriver log
WARNING: Executed: [50537042e9cfd616b999270b366231943aa0fcb9, getElementText {id=1}]
Apr 25, 2019 6:38:33 PM org.openqa.selenium.remote.RemoteWebDriver log
WARNING: Executing: findElement [50537042e9cfd616b999270b366231943aa0fcb9, findElement {using=tag name, value=body}]
Apr 25, 2019 6:38:33 PM org.openqa.selenium.remote.RemoteWebDriver log
WARNING: Executed: [50537042e9cfd616b999270b366231943aa0fcb9, findElement {using=tag name, value=body}]
Apr 25, 2019 6:38:33 PM org.openqa.selenium.remote.RemoteWebDriver log
WARNING: Executing: getElementText [50537042e9cfd616b999270b366231943aa0fcb9, getElementText {id=1}]
Apr 25, 2019 6:38:33 PM org.openqa.selenium.remote.RemoteWebDriver log
WARNING: Executed: [50537042e9cfd616b999270b366231943aa0fcb9, getElementText {id=1}]
Apr 25, 2019 6:38:33 PM org.openqa.selenium.remote.RemoteWebDriver log
WARNING: Executing: findElements [50537042e9cfd616b999270b366231943aa0fcb9, findElements {using=css selector, value=tr.jobsTableRow}]
Apr 25, 2019 6:38:34 PM org.openqa.selenium.remote.RemoteWebDriver log
WARNING: Executed: [50537042e9cfd616b999270b366231943aa0fcb9, findElements {using=css selector, value=tr.jobsTableRow}]
Apr 25, 2019 6:38:34 PM org.openqa.selenium.remote.RemoteWebDriver log
WARNING: Executing: isElementDisplayed [50537042e9cfd616b999270b366231943aa0fcb9, isElementDisplayed {id=6}]
Apr 25, 2019 6:38:34 PM org.openqa.selenium.remote.RemoteWebDriver log
WARNING: Executed: [50537042e9cfd616b999270b366231943aa0fcb9, isElementDisplayed {id=6}]
Apr 25, 2019 6:38:34 PM org.openqa.selenium.remote.RemoteWebDriver log
WARNING: Executing: isElementDisplayed [50537042e9cfd616b999270b366231943aa0fcb9, isElementDisplayed {id=7}]
Apr 25, 2019 6:38:34 PM org.openqa.selenium.remote.RemoteWebDriver log
WARNING: Executed: [50537042e9cfd616b999270b366231943aa0fcb9, isElementDisplayed {id=7}]
Apr 25, 2019 6:38:34 PM org.openqa.selenium.remote.RemoteWebDriver log
WARNING: Executing: isElementDisplayed [50537042e9cfd616b999270b366231943aa0fcb9, isElementDisplayed {id=8}]
Apr 25, 2019 6:38:34 PM org.openqa.selenium.remote.RemoteWebDriver log
WARNING: Executed: [50537042e9cfd616b999270b366231943aa0fcb9, isElementDisplayed {id=8}]
Apr 25, 2019 6:38:34 PM org.openqa.selenium.remote.RemoteWebDriver log
WARNING: Executing: isElementDisplayed [50537042e9cfd616b999270b366231943aa0fcb9, isElementDisplayed {id=9}]
Apr 25, 2019 6:38:34 PM org.openqa.selenium.remote.RemoteWebDriver log
WARNING: Executed: [50537042e9cfd616b999270b366231943aa0fcb9, isElementDisplayed {id=9}]
Apr 25, 2019 6:38:34 PM org.openqa.selenium.remote.RemoteWebDriver log
WARNING: Executing: findChildElement [50537042e9cfd616b999270b366231943aa0fcb9, findChildElement {id=6, using=css selector, value=td.jobStatusTableCell div div:first-child}]
Apr 25, 2019 6:38:35 PM org.openqa.selenium.remote.RemoteWebDriver log
WARNING: Executed: [50537042e9cfd616b999270b366231943aa0fcb9, findChildElement {id=6, using=css selector, value=td.jobStatusTableCell div div:first-child}]
Apr 25, 2019 6:38:35 PM org.openqa.selenium.remote.RemoteWebDriver log
WARNING: Executing: getElementText [50537042e9cfd616b999270b366231943aa0fcb9, getElementText {id=10}]
Apr 25, 2019 6:38:35 PM org.openqa.selenium.remote.RemoteWebDriver log
WARNING: Executed: [50537042e9cfd616b999270b366231943aa0fcb9, getElementText {id=10}]
Apr 25, 2019 6:38:35 PM org.openqa.selenium.remote.RemoteWebDriver log
WARNING: Executing: findChildElement [50537042e9cfd616b999270b366231943aa0fcb9, findChildElement {id=6, using=css selector, value=td div}]
Apr 25, 2019 6:38:35 PM org.openqa.selenium.remote.RemoteWebDriver log
WARNING: Executed: [50537042e9cfd616b999270b366231943aa0fcb9, findChildElement {id=6, using=css selector, value=td div}]
Apr 25, 2019 6:38:35 PM org.openqa.selenium.remote.RemoteWebDriver log
WARNING: Executing: isElementDisplayed [50537042e9cfd616b999270b366231943aa0fcb9, isElementDisplayed {id=11}]
Apr 25, 2019 6:38:35 PM org.openqa.selenium.remote.RemoteWebDriver log
WARNING: Executed: [50537042e9cfd616b999270b366231943aa0fcb9, isElementDisplayed {id=11}]
Apr 25, 2019 6:38:35 PM org.openqa.selenium.remote.RemoteWebDriver log
WARNING: Executing: getElementSize [50537042e9cfd616b999270b366231943aa0fcb9, getElementSize {id=11}]
Apr 25, 2019 6:38:35 PM org.openqa.selenium.remote.RemoteWebDriver log
WARNING: Executed: [50537042e9cfd616b999270b366231943aa0fcb9, getElementSize {id=11}]
Apr 25, 2019 6:38:35 PM org.openqa.selenium.remote.RemoteWebDriver log
WARNING: Executing: getElementSize [50537042e9cfd616b999270b366231943aa0fcb9, getElementSize {id=11}]
Apr 25, 2019 6:38:39 PM org.openqa.selenium.remote.RemoteWebDriver log
WARNING: Executed: [50537042e9cfd616b999270b366231943aa0fcb9, getElementSize {id=11}]
Apr 25, 2019 6:38:39 PM org.openqa.selenium.remote.RemoteWebDriver log
WARNING: Executing: getElementTagName [50537042e9cfd616b999270b366231943aa0fcb9, getElementTagName {id=11}]
Apr 25, 2019 6:38:39 PM org.openqa.selenium.remote.RemoteWebDriver log
WARNING: Executed: [50537042e9cfd616b999270b366231943aa0fcb9, getElementTagName {id=11}]
Apr 25, 2019 6:38:39 PM org.openqa.selenium.remote.RemoteWebDriver log
WARNING: Executing: clickElement [50537042e9cfd616b999270b366231943aa0fcb9, clickElement {id=11}]
Apr 25, 2019 6:38:39 PM org.openqa.selenium.remote.RemoteWebDriver log
WARNING: Executed: [50537042e9cfd616b999270b366231943aa0fcb9, clickElement {id=11}]
Apr 25, 2019 6:38:39 PM org.openqa.selenium.remote.RemoteWebDriver log
WARNING: Executing: getCurrentUrl [50537042e9cfd616b999270b366231943aa0fcb9, getCurrentUrl {}]
Apr 25, 2019 6:38:39 PM org.openqa.selenium.remote.RemoteWebDriver log
WARNING: Executed: [50537042e9cfd616b999270b366231943aa0fcb9, getCurrentUrl {}]
Apr 25, 2019 6:38:39 PM org.openqa.selenium.remote.RemoteWebDriver log
WARNING: Executing: findElement [50537042e9cfd616b999270b366231943aa0fcb9, findElement {using=css selector, value=div.kanban}]
Apr 25, 2019 6:38:42 PM org.openqa.selenium.remote.RemoteWebDriver log
WARNING: Executed: [50537042e9cfd616b999270b366231943aa0fcb9, findElement {using=css selector, value=div.kanban}]
Apr 25, 2019 6:38:42 PM org.openqa.selenium.remote.RemoteWebDriver log
WARNING: Executing: getCurrentUrl [50537042e9cfd616b999270b366231943aa0fcb9, getCurrentUrl {}]
Apr 25, 2019 6:38:42 PM org.openqa.selenium.remote.RemoteWebDriver log
WARNING: Executed: [50537042e9cfd616b999270b366231943aa0fcb9, getCurrentUrl {}]
Apr 25, 2019 6:38:42 PM org.openqa.selenium.remote.RemoteWebDriver log
WARNING: Executing: findElements [50537042e9cfd616b999270b366231943aa0fcb9, findElements {using=css selector, value=div[data-testcase-triage-category='FAIL'] div.testName}]
Apr 25, 2019 6:38:42 PM org.openqa.selenium.remote.RemoteWebDriver log
WARNING: Executed: [50537042e9cfd616b999270b366231943aa0fcb9, findElements {using=css selector, value=div[data-testcase-triage-category='FAIL'] div.testName}]
Apr 25, 2019 6:38:42 PM org.openqa.selenium.remote.RemoteWebDriver log
WARNING: Executing: isElementDisplayed [50537042e9cfd616b999270b366231943aa0fcb9, isElementDisplayed {id=13}]
Apr 25, 2019 6:38:43 PM org.openqa.selenium.remote.RemoteWebDriver log
WARNING: Executed: [50537042e9cfd616b999270b366231943aa0fcb9, isElementDisplayed {id=13}]
Apr 25, 2019 6:38:43 PM org.openqa.selenium.remote.RemoteWebDriver log
WARNING: Executing: isElementDisplayed [50537042e9cfd616b999270b366231943aa0fcb9, isElementDisplayed {id=14}]
Apr 25, 2019 6:38:43 PM org.openqa.selenium.remote.RemoteWebDriver log
WARNING: Executed: [50537042e9cfd616b999270b366231943aa0fcb9, isElementDisplayed {id=14}]
Apr 25, 2019 6:38:43 PM org.openqa.selenium.remote.RemoteWebDriver log
WARNING: Executing: isElementDisplayed [50537042e9cfd616b999270b366231943aa0fcb9, isElementDisplayed {id=15}]
Apr 25, 2019 6:38:43 PM org.openqa.selenium.remote.RemoteWebDriver log
WARNING: Executed: [50537042e9cfd616b999270b366231943aa0fcb9, isElementDisplayed {id=15}]
Apr 25, 2019 6:38:43 PM org.openqa.selenium.remote.RemoteWebDriver log
WARNING: Executing: isElementDisplayed [50537042e9cfd616b999270b366231943aa0fcb9, isElementDisplayed {id=16}]
Apr 25, 2019 6:38:43 PM org.openqa.selenium.remote.RemoteWebDriver log
WARNING: Executed: [50537042e9cfd616b999270b366231943aa0fcb9, isElementDisplayed {id=16}]
Apr 25, 2019 6:38:43 PM org.openqa.selenium.remote.RemoteWebDriver log
WARNING: Executing: isElementDisplayed [50537042e9cfd616b999270b366231943aa0fcb9, isElementDisplayed {id=17}]
Apr 25, 2019 6:38:43 PM org.openqa.selenium.remote.RemoteWebDriver log
WARNING: Executed: [50537042e9cfd616b999270b366231943aa0fcb9, isElementDisplayed {id=17}]
Apr 25, 2019 6:38:43 PM org.openqa.selenium.remote.RemoteWebDriver log
WARNING: Executing: isElementDisplayed [50537042e9cfd616b999270b366231943aa0fcb9, isElementDisplayed {id=18}]
Apr 25, 2019 6:38:44 PM org.openqa.selenium.remote.RemoteWebDriver log
WARNING: Executed: [50537042e9cfd616b999270b366231943aa0fcb9, isElementDisplayed {id=18}]
Apr 25, 2019 6:38:44 PM org.openqa.selenium.remote.RemoteWebDriver log
WARNING: Executing: isElementDisplayed [50537042e9cfd616b999270b366231943aa0fcb9, isElementDisplayed {id=19}]
Apr 25, 2019 6:38:44 PM org.openqa.selenium.remote.RemoteWebDriver log
WARNING: Executed: [50537042e9cfd616b999270b366231943aa0fcb9, isElementDisplayed {id=19}]
Apr 25, 2019 6:38:44 PM org.openqa.selenium.remote.RemoteWebDriver log
WARNING: Executing: isElementDisplayed [50537042e9cfd616b999270b366231943aa0fcb9, isElementDisplayed {id=20}]
Apr 25, 2019 6:38:44 PM org.openqa.selenium.remote.RemoteWebDriver log
WARNING: Executed: [50537042e9cfd616b999270b366231943aa0fcb9, isElementDisplayed {id=20}]
Apr 25, 2019 6:38:44 PM org.openqa.selenium.remote.RemoteWebDriver log
WARNING: Executing: isElementDisplayed [50537042e9cfd616b999270b366231943aa0fcb9, isElementDisplayed {id=21}]
Apr 25, 2019 6:38:44 PM org.openqa.selenium.remote.RemoteWebDriver log
WARNING: Executed: [50537042e9cfd616b999270b366231943aa0fcb9, isElementDisplayed {id=21}]
Apr 25, 2019 6:38:44 PM org.openqa.selenium.remote.RemoteWebDriver log
WARNING: Executing: isElementDisplayed [50537042e9cfd616b999270b366231943aa0fcb9, isElementDisplayed {id=22}]
Apr 25, 2019 6:38:45 PM org.openqa.selenium.remote.RemoteWebDriver log
WARNING: Executed: [50537042e9cfd616b999270b366231943aa0fcb9, isElementDisplayed {id=22}]
Apr 25, 2019 6:38:45 PM org.openqa.selenium.remote.RemoteWebDriver log
WARNING: Executing: isElementDisplayed [50537042e9cfd616b999270b366231943aa0fcb9, isElementDisplayed {id=23}]
Apr 25, 2019 6:38:45 PM org.openqa.selenium.remote.RemoteWebDriver log
WARNING: Executed: [50537042e9cfd616b999270b366231943aa0fcb9, isElementDisplayed {id=23}]
Apr 25, 2019 6:38:45 PM org.openqa.selenium.remote.RemoteWebDriver log
WARNING: Executing: isElementDisplayed [50537042e9cfd616b999270b366231943aa0fcb9, isElementDisplayed {id=24}]
Apr 25, 2019 6:38:45 PM org.openqa.selenium.remote.RemoteWebDriver log
WARNING: Executed: [50537042e9cfd616b999270b366231943aa0fcb9, isElementDisplayed {id=24}]
Apr 25, 2019 6:38:45 PM org.openqa.selenium.remote.RemoteWebDriver log
WARNING: Executing: isElementDisplayed [50537042e9cfd616b999270b366231943aa0fcb9, isElementDisplayed {id=25}]
Apr 25, 2019 6:38:45 PM org.openqa.selenium.remote.RemoteWebDriver log
WARNING: Executed: [50537042e9cfd616b999270b366231943aa0fcb9, isElementDisplayed {id=25}]
Apr 25, 2019 6:38:45 PM org.openqa.selenium.remote.RemoteWebDriver log
WARNING: Executing: isElementDisplayed [50537042e9cfd616b999270b366231943aa0fcb9, isElementDisplayed {id=26}]
Apr 25, 2019 6:38:45 PM org.openqa.selenium.remote.RemoteWebDriver log
WARNING: Executed: [50537042e9cfd616b999270b366231943aa0fcb9, isElementDisplayed {id=26}]
Apr 25, 2019 6:38:45 PM org.openqa.selenium.remote.RemoteWebDriver log
WARNING: Executing: isElementDisplayed [50537042e9cfd616b999270b366231943aa0fcb9, isElementDisplayed {id=27}]
Apr 25, 2019 6:38:46 PM org.openqa.selenium.remote.RemoteWebDriver log
WARNING: Executed: [50537042e9cfd616b999270b366231943aa0fcb9, isElementDisplayed {id=27}]
Apr 25, 2019 6:38:46 PM org.openqa.selenium.remote.RemoteWebDriver log
WARNING: Executing: isElementDisplayed [50537042e9cfd616b999270b366231943aa0fcb9, isElementDisplayed {id=28}]
Apr 25, 2019 6:38:46 PM org.openqa.selenium.remote.RemoteWebDriver log
WARNING: Executed: [50537042e9cfd616b999270b366231943aa0fcb9, isElementDisplayed {id=28}]
Apr 25, 2019 6:38:46 PM org.openqa.selenium.remote.RemoteWebDriver log
WARNING: Executing: isElementDisplayed [50537042e9cfd616b999270b366231943aa0fcb9, isElementDisplayed {id=29}]
Apr 25, 2019 6:38:46 PM org.openqa.selenium.remote.RemoteWebDriver log
WARNING: Executed: [50537042e9cfd616b999270b366231943aa0fcb9, isElementDisplayed {id=29}]
Apr 25, 2019 6:38:46 PM org.openqa.selenium.remote.RemoteWebDriver log
WARNING: Executing: isElementDisplayed [50537042e9cfd616b999270b366231943aa0fcb9, isElementDisplayed {id=30}]
Apr 25, 2019 6:38:46 PM org.openqa.selenium.remote.RemoteWebDriver log
WARNING: Executed: [50537042e9cfd616b999270b366231943aa0fcb9, isElementDisplayed {id=30}]
Apr 25, 2019 6:38:46 PM org.openqa.selenium.remote.RemoteWebDriver log
WARNING: Executing: isElementDisplayed [50537042e9cfd616b999270b366231943aa0fcb9, isElementDisplayed {id=31}]
Apr 25, 2019 6:38:46 PM org.openqa.selenium.remote.RemoteWebDriver log
WARNING: Executed: [50537042e9cfd616b999270b366231943aa0fcb9, isElementDisplayed {id=31}]
Apr 25, 2019 6:38:46 PM org.openqa.selenium.remote.RemoteWebDriver log
WARNING: Executing: isElementDisplayed [50537042e9cfd616b999270b366231943aa0fcb9, isElementDisplayed {id=32}]
Apr 25, 2019 6:38:47 PM org.openqa.selenium.remote.RemoteWebDriver log
WARNING: Executed: [50537042e9cfd616b999270b366231943aa0fcb9, isElementDisplayed {id=32}]
Apr 25, 2019 6:38:47 PM org.openqa.selenium.remote.RemoteWebDriver log
WARNING: Executing: isElementDisplayed [50537042e9cfd616b999270b366231943aa0fcb9, isElementDisplayed {id=33}]
Apr 25, 2019 6:38:47 PM org.openqa.selenium.remote.RemoteWebDriver log
WARNING: Executed: [50537042e9cfd616b999270b366231943aa0fcb9, isElementDisplayed {id=33}]
Apr 25, 2019 6:38:47 PM org.openqa.selenium.remote.RemoteWebDriver log
WARNING: Executing: isElementDisplayed [50537042e9cfd616b999270b366231943aa0fcb9, isElementDisplayed {id=34}]
Apr 25, 2019 6:38:47 PM org.openqa.selenium.remote.RemoteWebDriver log
WARNING: Executed: [50537042e9cfd616b999270b366231943aa0fcb9, isElementDisplayed {id=34}]
Apr 25, 2019 6:38:47 PM org.openqa.selenium.remote.RemoteWebDriver log
WARNING: Executing: isElementDisplayed [50537042e9cfd616b999270b366231943aa0fcb9, isElementDisplayed {id=35}]
Apr 25, 2019 6:38:47 PM org.openqa.selenium.remote.RemoteWebDriver log
WARNING: Executed: [50537042e9cfd616b999270b366231943aa0fcb9, isElementDisplayed {id=35}]
Apr 25, 2019 6:38:47 PM org.openqa.selenium.remote.RemoteWebDriver log
WARNING: Executing: isElementDisplayed [50537042e9cfd616b999270b366231943aa0fcb9, isElementDisplayed {id=36}]
Apr 25, 2019 6:38:47 PM org.openqa.selenium.remote.RemoteWebDriver log
WARNING: Executed: [50537042e9cfd616b999270b366231943aa0fcb9, isElementDisplayed {id=36}]
Apr 25, 2019 6:38:47 PM org.openqa.selenium.remote.RemoteWebDriver log
WARNING: Executing: isElementDisplayed [50537042e9cfd616b999270b366231943aa0fcb9, isElementDisplayed {id=37}]
Apr 25, 2019 6:38:48 PM org.openqa.selenium.remote.RemoteWebDriver log
WARNING: Executed: [50537042e9cfd616b999270b366231943aa0fcb9, isElementDisplayed {id=37}]
Apr 25, 2019 6:38:48 PM org.openqa.selenium.remote.RemoteWebDriver log
WARNING: Executing: isElementDisplayed [50537042e9cfd616b999270b366231943aa0fcb9, isElementDisplayed {id=38}]
Apr 25, 2019 6:38:48 PM org.openqa.selenium.remote.RemoteWebDriver log
WARNING: Executed: [50537042e9cfd616b999270b366231943aa0fcb9, isElementDisplayed {id=38}]
Apr 25, 2019 6:38:48 PM org.openqa.selenium.remote.RemoteWebDriver log
WARNING: Executing: isElementDisplayed [50537042e9cfd616b999270b366231943aa0fcb9, isElementDisplayed {id=39}]
Apr 25, 2019 6:38:48 PM org.openqa.selenium.remote.RemoteWebDriver log
WARNING: Executed: [50537042e9cfd616b999270b366231943aa0fcb9, isElementDisplayed {id=39}]
Apr 25, 2019 6:38:48 PM org.openqa.selenium.remote.RemoteWebDriver log
WARNING: Executing: isElementDisplayed [50537042e9cfd616b999270b366231943aa0fcb9, isElementDisplayed {id=40}]
Apr 25, 2019 6:38:48 PM org.openqa.selenium.remote.RemoteWebDriver log
WARNING: Executed: [50537042e9cfd616b999270b366231943aa0fcb9, isElementDisplayed {id=40}]
Apr 25, 2019 6:38:48 PM org.openqa.selenium.remote.RemoteWebDriver log
WARNING: Executing: isElementDisplayed [50537042e9cfd616b999270b366231943aa0fcb9, isElementDisplayed {id=41}]
Apr 25, 2019 6:38:48 PM org.openqa.selenium.remote.RemoteWebDriver log
WARNING: Executed: [50537042e9cfd616b999270b366231943aa0fcb9, isElementDisplayed {id=41}]
Apr 25, 2019 6:38:48 PM org.openqa.selenium.remote.RemoteWebDriver log
WARNING: Executing: isElementDisplayed [50537042e9cfd616b999270b366231943aa0fcb9, isElementDisplayed {id=42}]
Apr 25, 2019 6:38:49 PM org.openqa.selenium.remote.RemoteWebDriver log
WARNING: Executed: [50537042e9cfd616b999270b366231943aa0fcb9, isElementDisplayed {id=42}]
Apr 25, 2019 6:38:49 PM org.openqa.selenium.remote.RemoteWebDriver log
WARNING: Executing: isElementDisplayed [50537042e9cfd616b999270b366231943aa0fcb9, isElementDisplayed {id=43}]
Apr 25, 2019 6:38:49 PM org.openqa.selenium.remote.RemoteWebDriver log
WARNING: Executed: [50537042e9cfd616b999270b366231943aa0fcb9, isElementDisplayed {id=43}]
Apr 25, 2019 6:38:49 PM org.openqa.selenium.remote.RemoteWebDriver log
WARNING: Executing: isElementDisplayed [50537042e9cfd616b999270b366231943aa0fcb9, isElementDisplayed {id=44}]
Apr 25, 2019 6:38:49 PM org.openqa.selenium.remote.RemoteWebDriver log
WARNING: Executed: [50537042e9cfd616b999270b366231943aa0fcb9, isElementDisplayed {id=44}]
Apr 25, 2019 6:38:49 PM org.openqa.selenium.remote.RemoteWebDriver log
WARNING: Executing: isElementDisplayed [50537042e9cfd616b999270b366231943aa0fcb9, isElementDisplayed {id=45}]
Apr 25, 2019 6:38:49 PM org.openqa.selenium.remote.RemoteWebDriver log
WARNING: Executed: [50537042e9cfd616b999270b366231943aa0fcb9, isElementDisplayed {id=45}]
Apr 25, 2019 6:38:49 PM org.openqa.selenium.remote.RemoteWebDriver log
WARNING: Executing: isElementDisplayed [50537042e9cfd616b999270b366231943aa0fcb9, isElementDisplayed {id=46}]
Apr 25, 2019 6:38:49 PM org.openqa.selenium.remote.RemoteWebDriver log
WARNING: Executed: [50537042e9cfd616b999270b366231943aa0fcb9, isElementDisplayed {id=46}]
Apr 25, 2019 6:38:49 PM org.openqa.selenium.remote.RemoteWebDriver log
WARNING: Executing: isElementDisplayed [50537042e9cfd616b999270b366231943aa0fcb9, isElementDisplayed {id=47}]
Apr 25, 2019 6:38:50 PM org.openqa.selenium.remote.RemoteWebDriver log
WARNING: Executed: [50537042e9cfd616b999270b366231943aa0fcb9, isElementDisplayed {id=47}]
Apr 25, 2019 6:38:50 PM org.openqa.selenium.remote.RemoteWebDriver log
WARNING: Executing: isElementDisplayed [50537042e9cfd616b999270b366231943aa0fcb9, isElementDisplayed {id=48}]
Apr 25, 2019 6:38:50 PM org.openqa.selenium.remote.RemoteWebDriver log
WARNING: Executed: [50537042e9cfd616b999270b366231943aa0fcb9, isElementDisplayed {id=48}]
Apr 25, 2019 6:38:50 PM org.openqa.selenium.remote.RemoteWebDriver log
WARNING: Executing: isElementDisplayed [50537042e9cfd616b999270b366231943aa0fcb9, isElementDisplayed {id=49}]
Apr 25, 2019 6:38:50 PM org.openqa.selenium.remote.RemoteWebDriver log
WARNING: Executed: [50537042e9cfd616b999270b366231943aa0fcb9, isElementDisplayed {id=49}]
Apr 25, 2019 6:38:50 PM org.openqa.selenium.remote.RemoteWebDriver log
WARNING: Executing: isElementDisplayed [50537042e9cfd616b999270b366231943aa0fcb9, isElementDisplayed {id=50}]
Apr 25, 2019 6:38:50 PM org.openqa.selenium.remote.RemoteWebDriver log
WARNING: Executed: [50537042e9cfd616b999270b366231943aa0fcb9, isElementDisplayed {id=50}]
Apr 25, 2019 6:38:50 PM org.openqa.selenium.remote.RemoteWebDriver log
WARNING: Executing: isElementDisplayed [50537042e9cfd616b999270b366231943aa0fcb9, isElementDisplayed {id=51}]
Apr 25, 2019 6:38:50 PM org.openqa.selenium.remote.RemoteWebDriver log
WARNING: Executed: [50537042e9cfd616b999270b366231943aa0fcb9, isElementDisplayed {id=51}]
Apr 25, 2019 6:38:50 PM org.openqa.selenium.remote.RemoteWebDriver log
WARNING: Executing: isElementDisplayed [50537042e9cfd616b999270b366231943aa0fcb9, isElementDisplayed {id=52}]
Apr 25, 2019 6:38:51 PM org.openqa.selenium.remote.RemoteWebDriver log
WARNING: Executed: [50537042e9cfd616b999270b366231943aa0fcb9, isElementDisplayed {id=52}]
Apr 25, 2019 6:38:51 PM org.openqa.selenium.remote.RemoteWebDriver log
WARNING: Executing: isElementDisplayed [50537042e9cfd616b999270b366231943aa0fcb9, isElementDisplayed {id=53}]
Apr 25, 2019 6:38:51 PM org.openqa.selenium.remote.RemoteWebDriver log
WARNING: Executed: [50537042e9cfd616b999270b366231943aa0fcb9, isElementDisplayed {id=53}]
Apr 25, 2019 6:38:51 PM org.openqa.selenium.remote.RemoteWebDriver log
WARNING: Executing: isElementDisplayed [50537042e9cfd616b999270b366231943aa0fcb9, isElementDisplayed {id=54}]
Apr 25, 2019 6:38:51 PM org.openqa.selenium.remote.RemoteWebDriver log
WARNING: Executed: [50537042e9cfd616b999270b366231943aa0fcb9, isElementDisplayed {id=54}]
Apr 25, 2019 6:38:51 PM org.openqa.selenium.remote.RemoteWebDriver log
WARNING: Executing: isElementDisplayed [50537042e9cfd616b999270b366231943aa0fcb9, isElementDisplayed {id=55}]
Apr 25, 2019 6:38:51 PM org.openqa.selenium.remote.RemoteWebDriver log
WARNING: Executed: [50537042e9cfd616b999270b366231943aa0fcb9, isElementDisplayed {id=55}]
Apr 25, 2019 6:38:51 PM org.openqa.selenium.remote.RemoteWebDriver log
WARNING: Executing: isElementDisplayed [50537042e9cfd616b999270b366231943aa0fcb9, isElementDisplayed {id=56}]
Apr 25, 2019 6:38:52 PM org.openqa.selenium.remote.RemoteWebDriver log
WARNING: Executed: [50537042e9cfd616b999270b366231943aa0fcb9, isElementDisplayed {id=56}]
Apr 25, 2019 6:38:52 PM org.openqa.selenium.remote.RemoteWebDriver log
WARNING: Executing: isElementDisplayed [50537042e9cfd616b999270b366231943aa0fcb9, isElementDisplayed {id=57}]
Apr 25, 2019 6:38:52 PM org.openqa.selenium.remote.RemoteWebDriver log
WARNING: Executed: [50537042e9cfd616b999270b366231943aa0fcb9, isElementDisplayed {id=57}]
Apr 25, 2019 6:38:52 PM org.openqa.selenium.remote.RemoteWebDriver log
WARNING: Executing: isElementDisplayed [50537042e9cfd616b999270b366231943aa0fcb9, isElementDisplayed {id=58}]
Apr 25, 2019 6:38:52 PM org.openqa.selenium.remote.RemoteWebDriver log
WARNING: Executed: [50537042e9cfd616b999270b366231943aa0fcb9, isElementDisplayed {id=58}]
Apr 25, 2019 6:38:52 PM org.openqa.selenium.remote.RemoteWebDriver log
WARNING: Executing: isElementDisplayed [50537042e9cfd616b999270b366231943aa0fcb9, isElementDisplayed {id=59}]
Apr 25, 2019 6:38:53 PM org.openqa.selenium.remote.RemoteWebDriver log
WARNING: Executed: [50537042e9cfd616b999270b366231943aa0fcb9, isElementDisplayed {id=59}]
Apr 25, 2019 6:38:53 PM org.openqa.selenium.remote.RemoteWebDriver log
WARNING: Executing: isElementDisplayed [50537042e9cfd616b999270b366231943aa0fcb9, isElementDisplayed {id=60}]
Apr 25, 2019 6:38:53 PM org.openqa.selenium.remote.RemoteWebDriver log
WARNING: Executed: [50537042e9cfd616b999270b366231943aa0fcb9, isElementDisplayed {id=60}]
Apr 25, 2019 6:38:53 PM org.openqa.selenium.remote.RemoteWebDriver log
WARNING: Executing: isElementDisplayed [50537042e9cfd616b999270b366231943aa0fcb9, isElementDisplayed {id=61}]
Apr 25, 2019 6:38:53 PM org.openqa.selenium.remote.RemoteWebDriver log
WARNING: Executed: [50537042e9cfd616b999270b366231943aa0fcb9, isElementDisplayed {id=61}]
Apr 25, 2019 6:38:53 PM org.openqa.selenium.remote.RemoteWebDriver log
WARNING: Executing: isElementDisplayed [50537042e9cfd616b999270b366231943aa0fcb9, isElementDisplayed {id=62}]
Apr 25, 2019 6:38:53 PM org.openqa.selenium.remote.RemoteWebDriver log
WARNING: Executed: [50537042e9cfd616b999270b366231943aa0fcb9, isElementDisplayed {id=62}]
Apr 25, 2019 6:38:53 PM org.openqa.selenium.remote.RemoteWebDriver log
WARNING: Executing: isElementDisplayed [50537042e9cfd616b999270b366231943aa0fcb9, isElementDisplayed {id=63}]
Apr 25, 2019 6:38:53 PM org.openqa.selenium.remote.RemoteWebDriver log
WARNING: Executed: [50537042e9cfd616b999270b366231943aa0fcb9, isElementDisplayed {id=63}]
Apr 25, 2019 6:38:53 PM org.openqa.selenium.remote.RemoteWebDriver log
WARNING: Executing: isElementDisplayed [50537042e9cfd616b999270b366231943aa0fcb9, isElementDisplayed {id=64}]
Apr 25, 2019 6:38:54 PM org.openqa.selenium.remote.RemoteWebDriver log
WARNING: Executed: [50537042e9cfd616b999270b366231943aa0fcb9, isElementDisplayed {id=64}]
Apr 25, 2019 6:38:54 PM org.openqa.selenium.remote.RemoteWebDriver log
WARNING: Executing: isElementDisplayed [50537042e9cfd616b999270b366231943aa0fcb9, isElementDisplayed {id=65}]
Apr 25, 2019 6:38:54 PM org.openqa.selenium.remote.RemoteWebDriver log
WARNING: Executed: [50537042e9cfd616b999270b366231943aa0fcb9, isElementDisplayed {id=65}]
Apr 25, 2019 6:38:54 PM org.openqa.selenium.remote.RemoteWebDriver log
WARNING: Executing: isElementDisplayed [50537042e9cfd616b999270b366231943aa0fcb9, isElementDisplayed {id=66}]
Apr 25, 2019 6:38:54 PM org.openqa.selenium.remote.RemoteWebDriver log
WARNING: Executed: [50537042e9cfd616b999270b366231943aa0fcb9, isElementDisplayed {id=66}]
Apr 25, 2019 6:38:54 PM org.openqa.selenium.remote.RemoteWebDriver log
WARNING: Executing: isElementDisplayed [50537042e9cfd616b999270b366231943aa0fcb9, isElementDisplayed {id=67}]
Apr 25, 2019 6:38:54 PM org.openqa.selenium.remote.RemoteWebDriver log
WARNING: Executed: [50537042e9cfd616b999270b366231943aa0fcb9, isElementDisplayed {id=67}]
Apr 25, 2019 6:38:54 PM org.openqa.selenium.remote.RemoteWebDriver log
WARNING: Executing: isElementDisplayed [50537042e9cfd616b999270b366231943aa0fcb9, isElementDisplayed {id=68}]
Apr 25, 2019 6:38:55 PM org.openqa.selenium.remote.RemoteWebDriver log
WARNING: Executed: [50537042e9cfd616b999270b366231943aa0fcb9, isElementDisplayed {id=68}]
Apr 25, 2019 6:38:55 PM org.openqa.selenium.remote.RemoteWebDriver log
WARNING: Executing: isElementDisplayed [50537042e9cfd616b999270b366231943aa0fcb9, isElementDisplayed {id=69}]
Apr 25, 2019 6:38:55 PM org.openqa.selenium.remote.RemoteWebDriver log
WARNING: Executed: [50537042e9cfd616b999270b366231943aa0fcb9, isElementDisplayed {id=69}]
Apr 25, 2019 6:38:55 PM org.openqa.selenium.remote.RemoteWebDriver log
WARNING: Executing: isElementDisplayed [50537042e9cfd616b999270b366231943aa0fcb9, isElementDisplayed {id=70}]
Apr 25, 2019 6:38:55 PM org.openqa.selenium.remote.RemoteWebDriver log
WARNING: Executed: [50537042e9cfd616b999270b366231943aa0fcb9, isElementDisplayed {id=70}]
Apr 25, 2019 6:38:55 PM org.openqa.selenium.remote.RemoteWebDriver log
WARNING: Executing: isElementDisplayed [50537042e9cfd616b999270b366231943aa0fcb9, isElementDisplayed {id=71}]
Apr 25, 2019 6:38:55 PM org.openqa.selenium.remote.RemoteWebDriver log
WARNING: Executed: [50537042e9cfd616b999270b366231943aa0fcb9, isElementDisplayed {id=71}]
Apr 25, 2019 6:38:55 PM org.openqa.selenium.remote.RemoteWebDriver log
WARNING: Executing: isElementDisplayed [50537042e9cfd616b999270b366231943aa0fcb9, isElementDisplayed {id=72}]
Apr 25, 2019 6:38:55 PM org.openqa.selenium.remote.RemoteWebDriver log
WARNING: Executed: [50537042e9cfd616b999270b366231943aa0fcb9, isElementDisplayed {id=72}]
Apr 25, 2019 6:38:55 PM org.openqa.selenium.remote.RemoteWebDriver log
WARNING: Executing: isElementDisplayed [50537042e9cfd616b999270b366231943aa0fcb9, isElementDisplayed {id=73}]
Apr 25, 2019 6:38:56 PM org.openqa.selenium.remote.RemoteWebDriver log
WARNING: Executed: [50537042e9cfd616b999270b366231943aa0fcb9, isElementDisplayed {id=73}]
Apr 25, 2019 6:38:56 PM org.openqa.selenium.remote.RemoteWebDriver log
WARNING: Executing: isElementDisplayed [50537042e9cfd616b999270b366231943aa0fcb9, isElementDisplayed {id=74}]
Apr 25, 2019 6:38:56 PM org.openqa.selenium.remote.RemoteWebDriver log
WARNING: Executed: [50537042e9cfd616b999270b366231943aa0fcb9, isElementDisplayed {id=74}]
Apr 25, 2019 6:38:56 PM org.openqa.selenium.remote.RemoteWebDriver log
WARNING: Executing: isElementDisplayed [50537042e9cfd616b999270b366231943aa0fcb9, isElementDisplayed {id=75}]
Apr 25, 2019 6:38:56 PM org.openqa.selenium.remote.RemoteWebDriver log
WARNING: Executed: [50537042e9cfd616b999270b366231943aa0fcb9, isElementDisplayed {id=75}]
Apr 25, 2019 6:38:56 PM org.openqa.selenium.remote.RemoteWebDriver log
WARNING: Executing: isElementDisplayed [50537042e9cfd616b999270b366231943aa0fcb9, isElementDisplayed {id=76}]
Apr 25, 2019 6:38:56 PM org.openqa.selenium.remote.RemoteWebDriver log
WARNING: Executed: [50537042e9cfd616b999270b366231943aa0fcb9, isElementDisplayed {id=76}]
Apr 25, 2019 6:38:56 PM org.openqa.selenium.remote.RemoteWebDriver log
WARNING: Executing: isElementDisplayed [50537042e9cfd616b999270b366231943aa0fcb9, isElementDisplayed {id=77}]
Apr 25, 2019 6:38:57 PM org.openqa.selenium.remote.RemoteWebDriver log
WARNING: Executed: [50537042e9cfd616b999270b366231943aa0fcb9, isElementDisplayed {id=77}]
Apr 25, 2019 6:38:57 PM org.openqa.selenium.remote.RemoteWebDriver log
WARNING: Executing: isElementDisplayed [50537042e9cfd616b999270b366231943aa0fcb9, isElementDisplayed {id=78}]
Apr 25, 2019 6:38:57 PM org.openqa.selenium.remote.RemoteWebDriver log
WARNING: Executed: [50537042e9cfd616b999270b366231943aa0fcb9, isElementDisplayed {id=78}]
Apr 25, 2019 6:38:57 PM org.openqa.selenium.remote.RemoteWebDriver log
WARNING: Executing: isElementDisplayed [50537042e9cfd616b999270b366231943aa0fcb9, isElementDisplayed {id=79}]
Apr 25, 2019 6:38:57 PM org.openqa.selenium.remote.RemoteWebDriver log
WARNING: Executed: [50537042e9cfd616b999270b366231943aa0fcb9, isElementDisplayed {id=79}]
Apr 25, 2019 6:38:57 PM org.openqa.selenium.remote.RemoteWebDriver log
WARNING: Executing: isElementDisplayed [50537042e9cfd616b999270b366231943aa0fcb9, isElementDisplayed {id=80}]
Apr 25, 2019 6:38:57 PM org.openqa.selenium.remote.RemoteWebDriver log
WARNING: Executed: [50537042e9cfd616b999270b366231943aa0fcb9, isElementDisplayed {id=80}]
Apr 25, 2019 6:38:57 PM org.openqa.selenium.remote.RemoteWebDriver log
WARNING: Executing: isElementDisplayed [50537042e9cfd616b999270b366231943aa0fcb9, isElementDisplayed {id=81}]
Apr 25, 2019 6:38:57 PM org.openqa.selenium.remote.RemoteWebDriver log
WARNING: Executed: [50537042e9cfd616b999270b366231943aa0fcb9, isElementDisplayed {id=81}]
Apr 25, 2019 6:38:57 PM org.openqa.selenium.remote.RemoteWebDriver log
WARNING: Executing: isElementDisplayed [50537042e9cfd616b999270b366231943aa0fcb9, isElementDisplayed {id=82}]
Apr 25, 2019 6:38:58 PM org.openqa.selenium.remote.RemoteWebDriver log
WARNING: Executed: [50537042e9cfd616b999270b366231943aa0fcb9, isElementDisplayed {id=82}]
Apr 25, 2019 6:38:58 PM org.openqa.selenium.remote.RemoteWebDriver log
WARNING: Executing: isElementDisplayed [50537042e9cfd616b999270b366231943aa0fcb9, isElementDisplayed {id=83}]
Apr 25, 2019 6:38:58 PM org.openqa.selenium.remote.RemoteWebDriver log
WARNING: Executed: [50537042e9cfd616b999270b366231943aa0fcb9, isElementDisplayed {id=83}]
Apr 25, 2019 6:38:58 PM org.openqa.selenium.remote.RemoteWebDriver log
WARNING: Executing: isElementDisplayed [50537042e9cfd616b999270b366231943aa0fcb9, isElementDisplayed {id=84}]
Apr 25, 2019 6:38:58 PM org.openqa.selenium.remote.RemoteWebDriver log
WARNING: Executed: [50537042e9cfd616b999270b366231943aa0fcb9, isElementDisplayed {id=84}]
Apr 25, 2019 6:38:58 PM org.openqa.selenium.remote.RemoteWebDriver log
WARNING: Executing: isElementDisplayed [50537042e9cfd616b999270b366231943aa0fcb9, isElementDisplayed {id=85}]
Apr 25, 2019 6:38:58 PM org.openqa.selenium.remote.RemoteWebDriver log
WARNING: Executed: [50537042e9cfd616b999270b366231943aa0fcb9, isElementDisplayed {id=85}]
Apr 25, 2019 6:38:58 PM org.openqa.selenium.remote.RemoteWebDriver log
WARNING: Executing: isElementDisplayed [50537042e9cfd616b999270b366231943aa0fcb9, isElementDisplayed {id=86}]
Apr 25, 2019 6:38:58 PM org.openqa.selenium.remote.RemoteWebDriver log
WARNING: Executed: [50537042e9cfd616b999270b366231943aa0fcb9, isElementDisplayed {id=86}]
Apr 25, 2019 6:38:58 PM org.openqa.selenium.remote.RemoteWebDriver log
WARNING: Executing: isElementDisplayed [50537042e9cfd616b999270b366231943aa0fcb9, isElementDisplayed {id=87}]
Apr 25, 2019 6:38:59 PM org.openqa.selenium.remote.RemoteWebDriver log
WARNING: Executed: [50537042e9cfd616b999270b366231943aa0fcb9, isElementDisplayed {id=87}]
Apr 25, 2019 6:38:59 PM org.openqa.selenium.remote.RemoteWebDriver log
WARNING: Executing: isElementDisplayed [50537042e9cfd616b999270b366231943aa0fcb9, isElementDisplayed {id=88}]
Apr 25, 2019 6:38:59 PM org.openqa.selenium.remote.RemoteWebDriver log
WARNING: Executed: [50537042e9cfd616b999270b366231943aa0fcb9, isElementDisplayed {id=88}]
Apr 25, 2019 6:38:59 PM org.openqa.selenium.remote.RemoteWebDriver log
WARNING: Executing: isElementDisplayed [50537042e9cfd616b999270b366231943aa0fcb9, isElementDisplayed {id=89}]
Apr 25, 2019 6:38:59 PM org.openqa.selenium.remote.RemoteWebDriver log
WARNING: Executed: [50537042e9cfd616b999270b366231943aa0fcb9, isElementDisplayed {id=89}]
Apr 25, 2019 6:38:59 PM org.openqa.selenium.remote.RemoteWebDriver log
WARNING: Executing: isElementDisplayed [50537042e9cfd616b999270b366231943aa0fcb9, isElementDisplayed {id=90}]
Apr 25, 2019 6:38:59 PM org.openqa.selenium.remote.RemoteWebDriver log
WARNING: Executed: [50537042e9cfd616b999270b366231943aa0fcb9, isElementDisplayed {id=90}]
Apr 25, 2019 6:38:59 PM org.openqa.selenium.remote.RemoteWebDriver log
WARNING: Executing: isElementDisplayed [50537042e9cfd616b999270b366231943aa0fcb9, isElementDisplayed {id=91}]
Apr 25, 2019 6:39:00 PM org.openqa.selenium.remote.RemoteWebDriver log
WARNING: Executed: [50537042e9cfd616b999270b366231943aa0fcb9, isElementDisplayed {id=91}]
Apr 25, 2019 6:39:00 PM org.openqa.selenium.remote.RemoteWebDriver log
WARNING: Executing: isElementDisplayed [50537042e9cfd616b999270b366231943aa0fcb9, isElementDisplayed {id=92}]
Apr 25, 2019 6:39:00 PM org.openqa.selenium.remote.RemoteWebDriver log
WARNING: Executed: [50537042e9cfd616b999270b366231943aa0fcb9, isElementDisplayed {id=92}]
Apr 25, 2019 6:39:00 PM org.openqa.selenium.remote.RemoteWebDriver log
WARNING: Executing: isElementDisplayed [50537042e9cfd616b999270b366231943aa0fcb9, isElementDisplayed {id=93}]
Apr 25, 2019 6:39:00 PM org.openqa.selenium.remote.RemoteWebDriver log
WARNING: Executed: [50537042e9cfd616b999270b366231943aa0fcb9, isElementDisplayed {id=93}]
Apr 25, 2019 6:39:00 PM org.openqa.selenium.remote.RemoteWebDriver log
WARNING: Executing: isElementDisplayed [50537042e9cfd616b999270b366231943aa0fcb9, isElementDisplayed {id=94}]
Apr 25, 2019 6:39:00 PM org.openqa.selenium.remote.RemoteWebDriver log
WARNING: Executed: [50537042e9cfd616b999270b366231943aa0fcb9, isElementDisplayed {id=94}]
Apr 25, 2019 6:39:00 PM org.openqa.selenium.remote.RemoteWebDriver log
WARNING: Executing: isElementDisplayed [50537042e9cfd616b999270b366231943aa0fcb9, isElementDisplayed {id=95}]
Apr 25, 2019 6:39:00 PM org.openqa.selenium.remote.RemoteWebDriver log
WARNING: Executed: [50537042e9cfd616b999270b366231943aa0fcb9, isElementDisplayed {id=95}]
Apr 25, 2019 6:39:00 PM org.openqa.selenium.remote.RemoteWebDriver log
WARNING: Executing: isElementDisplayed [50537042e9cfd616b999270b366231943aa0fcb9, isElementDisplayed {id=96}]
Apr 25, 2019 6:39:01 PM org.openqa.selenium.remote.RemoteWebDriver log
WARNING: Executed: [50537042e9cfd616b999270b366231943aa0fcb9, isElementDisplayed {id=96}]
Apr 25, 2019 6:39:01 PM org.openqa.selenium.remote.RemoteWebDriver log
WARNING: Executing: isElementDisplayed [50537042e9cfd616b999270b366231943aa0fcb9, isElementDisplayed {id=97}]
Apr 25, 2019 6:39:01 PM org.openqa.selenium.remote.RemoteWebDriver log
WARNING: Executed: [50537042e9cfd616b999270b366231943aa0fcb9, isElementDisplayed {id=97}]
Apr 25, 2019 6:39:01 PM org.openqa.selenium.remote.RemoteWebDriver log
WARNING: Executing: isElementDisplayed [50537042e9cfd616b999270b366231943aa0fcb9, isElementDisplayed {id=98}]
Apr 25, 2019 6:39:01 PM org.openqa.selenium.remote.RemoteWebDriver log
WARNING: Executed: [50537042e9cfd616b999270b366231943aa0fcb9, isElementDisplayed {id=98}]
Apr 25, 2019 6:39:01 PM org.openqa.selenium.remote.RemoteWebDriver log
WARNING: Executing: isElementDisplayed [50537042e9cfd616b999270b366231943aa0fcb9, isElementDisplayed {id=99}]
Apr 25, 2019 6:39:01 PM org.openqa.selenium.remote.RemoteWebDriver log
WARNING: Executed: [50537042e9cfd616b999270b366231943aa0fcb9, isElementDisplayed {id=99}]
Apr 25, 2019 6:39:01 PM org.openqa.selenium.remote.RemoteWebDriver log
WARNING: Executing: isElementDisplayed [50537042e9cfd616b999270b366231943aa0fcb9, isElementDisplayed {id=100}]
Apr 25, 2019 6:39:02 PM org.openqa.selenium.remote.RemoteWebDriver log
WARNING: Executed: [50537042e9cfd616b999270b366231943aa0fcb9, isElementDisplayed {id=100}]
Apr 25, 2019 6:39:02 PM org.openqa.selenium.remote.RemoteWebDriver log
WARNING: Executing: isElementDisplayed [50537042e9cfd616b999270b366231943aa0fcb9, isElementDisplayed {id=101}]
Apr 25, 2019 6:39:02 PM org.openqa.selenium.remote.RemoteWebDriver log
WARNING: Executed: [50537042e9cfd616b999270b366231943aa0fcb9, isElementDisplayed {id=101}]
Apr 25, 2019 6:39:02 PM org.openqa.selenium.remote.RemoteWebDriver log
WARNING: Executing: isElementDisplayed [50537042e9cfd616b999270b366231943aa0fcb9, isElementDisplayed {id=102}]
Apr 25, 2019 6:39:02 PM org.openqa.selenium.remote.RemoteWebDriver log
WARNING: Executed: [50537042e9cfd616b999270b366231943aa0fcb9, isElementDisplayed {id=102}]
Apr 25, 2019 6:39:02 PM org.openqa.selenium.remote.RemoteWebDriver log
WARNING: Executing: isElementDisplayed [50537042e9cfd616b999270b366231943aa0fcb9, isElementDisplayed {id=103}]
Apr 25, 2019 6:39:02 PM org.openqa.selenium.remote.RemoteWebDriver log
WARNING: Executed: [50537042e9cfd616b999270b366231943aa0fcb9, isElementDisplayed {id=103}]
Apr 25, 2019 6:39:02 PM org.openqa.selenium.remote.RemoteWebDriver log
WARNING: Executing: isElementDisplayed [50537042e9cfd616b999270b366231943aa0fcb9, isElementDisplayed {id=104}]
Apr 25, 2019 6:39:02 PM org.openqa.selenium.remote.RemoteWebDriver log
WARNING: Executed: [50537042e9cfd616b999270b366231943aa0fcb9, isElementDisplayed {id=104}]
Apr 25, 2019 6:39:02 PM org.openqa.selenium.remote.RemoteWebDriver log
WARNING: Executing: isElementDisplayed [50537042e9cfd616b999270b366231943aa0fcb9, isElementDisplayed {id=105}]
Apr 25, 2019 6:39:03 PM org.openqa.selenium.remote.RemoteWebDriver log
WARNING: Executed: [50537042e9cfd616b999270b366231943aa0fcb9, isElementDisplayed {id=105}]
Apr 25, 2019 6:39:03 PM org.openqa.selenium.remote.RemoteWebDriver log
WARNING: Executing: isElementDisplayed [50537042e9cfd616b999270b366231943aa0fcb9, isElementDisplayed {id=106}]
Apr 25, 2019 6:39:03 PM org.openqa.selenium.remote.RemoteWebDriver log
WARNING: Executed: [50537042e9cfd616b999270b366231943aa0fcb9, isElementDisplayed {id=106}]
Apr 25, 2019 6:39:03 PM org.openqa.selenium.remote.RemoteWebDriver log
WARNING: Executing: isElementDisplayed [50537042e9cfd616b999270b366231943aa0fcb9, isElementDisplayed {id=107}]
Apr 25, 2019 6:39:03 PM org.openqa.selenium.remote.RemoteWebDriver log
WARNING: Executed: [50537042e9cfd616b999270b366231943aa0fcb9, isElementDisplayed {id=107}]
Apr 25, 2019 6:39:03 PM org.openqa.selenium.remote.RemoteWebDriver log
WARNING: Executing: isElementDisplayed [50537042e9cfd616b999270b366231943aa0fcb9, isElementDisplayed {id=108}]
Apr 25, 2019 6:39:03 PM org.openqa.selenium.remote.RemoteWebDriver log
WARNING: Executed: [50537042e9cfd616b999270b366231943aa0fcb9, isElementDisplayed {id=108}]
Apr 25, 2019 6:39:03 PM org.openqa.selenium.remote.RemoteWebDriver log
WARNING: Executing: isElementDisplayed [50537042e9cfd616b999270b366231943aa0fcb9, isElementDisplayed {id=109}]
Apr 25, 2019 6:39:03 PM org.openqa.selenium.remote.RemoteWebDriver log
WARNING: Executed: [50537042e9cfd616b999270b366231943aa0fcb9, isElementDisplayed {id=109}]
Apr 25, 2019 6:39:03 PM org.openqa.selenium.remote.RemoteWebDriver log
WARNING: Executing: isElementDisplayed [50537042e9cfd616b999270b366231943aa0fcb9, isElementDisplayed {id=110}]
Apr 25, 2019 6:39:04 PM org.openqa.selenium.remote.RemoteWebDriver log
WARNING: Executed: [50537042e9cfd616b999270b366231943aa0fcb9, isElementDisplayed {id=110}]
Apr 25, 2019 6:39:04 PM org.openqa.selenium.remote.RemoteWebDriver log
WARNING: Executing: isElementDisplayed [50537042e9cfd616b999270b366231943aa0fcb9, isElementDisplayed {id=111}]
Apr 25, 2019 6:39:04 PM org.openqa.selenium.remote.RemoteWebDriver log
WARNING: Executed: [50537042e9cfd616b999270b366231943aa0fcb9, isElementDisplayed {id=111}]
Apr 25, 2019 6:39:04 PM org.openqa.selenium.remote.RemoteWebDriver log
WARNING: Executing: isElementDisplayed [50537042e9cfd616b999270b366231943aa0fcb9, isElementDisplayed {id=112}]
Apr 25, 2019 6:39:04 PM org.openqa.selenium.remote.RemoteWebDriver log
WARNING: Executed: [50537042e9cfd616b999270b366231943aa0fcb9, isElementDisplayed {id=112}]
Apr 25, 2019 6:39:04 PM org.openqa.selenium.remote.RemoteWebDriver log
WARNING: Executing: isElementDisplayed [50537042e9cfd616b999270b366231943aa0fcb9, isElementDisplayed {id=113}]
Apr 25, 2019 6:39:04 PM org.openqa.selenium.remote.RemoteWebDriver log
WARNING: Executed: [50537042e9cfd616b999270b366231943aa0fcb9, isElementDisplayed {id=113}]
Apr 25, 2019 6:39:04 PM org.openqa.selenium.remote.RemoteWebDriver log
WARNING: Executing: isElementDisplayed [50537042e9cfd616b999270b366231943aa0fcb9, isElementDisplayed {id=114}]
Apr 25, 2019 6:39:04 PM org.openqa.selenium.remote.RemoteWebDriver log
WARNING: Executed: [50537042e9cfd616b999270b366231943aa0fcb9, isElementDisplayed {id=114}]
Apr 25, 2019 6:39:04 PM org.openqa.selenium.remote.RemoteWebDriver log
WARNING: Executing: isElementDisplayed [50537042e9cfd616b999270b366231943aa0fcb9, isElementDisplayed {id=115}]
Apr 25, 2019 6:39:05 PM org.openqa.selenium.remote.RemoteWebDriver log
WARNING: Executed: [50537042e9cfd616b999270b366231943aa0fcb9, isElementDisplayed {id=115}]
Apr 25, 2019 6:39:05 PM org.openqa.selenium.remote.RemoteWebDriver log
WARNING: Executing: isElementDisplayed [50537042e9cfd616b999270b366231943aa0fcb9, isElementDisplayed {id=116}]
Apr 25, 2019 6:39:05 PM org.openqa.selenium.remote.RemoteWebDriver log
WARNING: Executed: [50537042e9cfd616b999270b366231943aa0fcb9, isElementDisplayed {id=116}]
Apr 25, 2019 6:39:05 PM org.openqa.selenium.remote.RemoteWebDriver log
WARNING: Executing: isElementDisplayed [50537042e9cfd616b999270b366231943aa0fcb9, isElementDisplayed {id=117}]
Apr 25, 2019 6:39:05 PM org.openqa.selenium.remote.RemoteWebDriver log
WARNING: Executed: [50537042e9cfd616b999270b366231943aa0fcb9, isElementDisplayed {id=117}]
Apr 25, 2019 6:39:05 PM org.openqa.selenium.remote.RemoteWebDriver log
WARNING: Executing: isElementDisplayed [50537042e9cfd616b999270b366231943aa0fcb9, isElementDisplayed {id=118}]
Apr 25, 2019 6:39:05 PM org.openqa.selenium.remote.RemoteWebDriver log
WARNING: Executed: [50537042e9cfd616b999270b366231943aa0fcb9, isElementDisplayed {id=118}]
Apr 25, 2019 6:39:05 PM org.openqa.selenium.remote.RemoteWebDriver log
WARNING: Executing: isElementDisplayed [50537042e9cfd616b999270b366231943aa0fcb9, isElementDisplayed {id=119}]
Apr 25, 2019 6:39:05 PM org.openqa.selenium.remote.RemoteWebDriver log
WARNING: Executed: [50537042e9cfd616b999270b366231943aa0fcb9, isElementDisplayed {id=119}]
Apr 25, 2019 6:39:05 PM org.openqa.selenium.remote.RemoteWebDriver log
WARNING: Executing: isElementDisplayed [50537042e9cfd616b999270b366231943aa0fcb9, isElementDisplayed {id=120}]
Apr 25, 2019 6:39:06 PM org.openqa.selenium.remote.RemoteWebDriver log
WARNING: Executed: [50537042e9cfd616b999270b366231943aa0fcb9, isElementDisplayed {id=120}]
Apr 25, 2019 6:39:06 PM org.openqa.selenium.remote.RemoteWebDriver log
WARNING: Executing: isElementDisplayed [50537042e9cfd616b999270b366231943aa0fcb9, isElementDisplayed {id=121}]
Apr 25, 2019 6:39:06 PM org.openqa.selenium.remote.RemoteWebDriver log
WARNING: Executed: [50537042e9cfd616b999270b366231943aa0fcb9, isElementDisplayed {id=121}]
Apr 25, 2019 6:39:06 PM org.openqa.selenium.remote.RemoteWebDriver log
WARNING: Executing: isElementDisplayed [50537042e9cfd616b999270b366231943aa0fcb9, isElementDisplayed {id=122}]
Apr 25, 2019 6:39:06 PM org.openqa.selenium.remote.RemoteWebDriver log
WARNING: Executed: [50537042e9cfd616b999270b366231943aa0fcb9, isElementDisplayed {id=122}]
Apr 25, 2019 6:39:06 PM org.openqa.selenium.remote.RemoteWebDriver log
WARNING: Executing: isElementDisplayed [50537042e9cfd616b999270b366231943aa0fcb9, isElementDisplayed {id=123}]
Apr 25, 2019 6:39:06 PM org.openqa.selenium.remote.RemoteWebDriver log
WARNING: Executed: [50537042e9cfd616b999270b366231943aa0fcb9, isElementDisplayed {id=123}]
Apr 25, 2019 6:39:06 PM org.openqa.selenium.remote.RemoteWebDriver log
WARNING: Executing: isElementDisplayed [50537042e9cfd616b999270b366231943aa0fcb9, isElementDisplayed {id=124}]
Apr 25, 2019 6:39:07 PM org.openqa.selenium.remote.RemoteWebDriver log
WARNING: Executed: [50537042e9cfd616b999270b366231943aa0fcb9, isElementDisplayed {id=124}]
Apr 25, 2019 6:39:07 PM org.openqa.selenium.remote.RemoteWebDriver log
WARNING: Executing: isElementDisplayed [50537042e9cfd616b999270b366231943aa0fcb9, isElementDisplayed {id=125}]
Apr 25, 2019 6:39:07 PM org.openqa.selenium.remote.RemoteWebDriver log
WARNING: Executed: [50537042e9cfd616b999270b366231943aa0fcb9, isElementDisplayed {id=125}]
Apr 25, 2019 6:39:07 PM org.openqa.selenium.remote.RemoteWebDriver log
WARNING: Executing: isElementDisplayed [50537042e9cfd616b999270b366231943aa0fcb9, isElementDisplayed {id=126}]
Apr 25, 2019 6:39:07 PM org.openqa.selenium.remote.RemoteWebDriver log
WARNING: Executed: [50537042e9cfd616b999270b366231943aa0fcb9, isElementDisplayed {id=126}]
Apr 25, 2019 6:39:07 PM org.openqa.selenium.remote.RemoteWebDriver log
WARNING: Executing: isElementDisplayed [50537042e9cfd616b999270b366231943aa0fcb9, isElementDisplayed {id=127}]
Apr 25, 2019 6:39:07 PM org.openqa.selenium.remote.RemoteWebDriver log
WARNING: Executed: [50537042e9cfd616b999270b366231943aa0fcb9, isElementDisplayed {id=127}]
Apr 25, 2019 6:39:07 PM org.openqa.selenium.remote.RemoteWebDriver log
WARNING: Executing: isElementDisplayed [50537042e9cfd616b999270b366231943aa0fcb9, isElementDisplayed {id=128}]
Apr 25, 2019 6:39:07 PM org.openqa.selenium.remote.RemoteWebDriver log
WARNING: Executed: [50537042e9cfd616b999270b366231943aa0fcb9, isElementDisplayed {id=128}]
Apr 25, 2019 6:39:07 PM org.openqa.selenium.remote.RemoteWebDriver log
WARNING: Executing: isElementDisplayed [50537042e9cfd616b999270b366231943aa0fcb9, isElementDisplayed {id=129}]
Apr 25, 2019 6:39:08 PM org.openqa.selenium.remote.RemoteWebDriver log
WARNING: Executed: [50537042e9cfd616b999270b366231943aa0fcb9, isElementDisplayed {id=129}]
Apr 25, 2019 6:39:08 PM org.openqa.selenium.remote.RemoteWebDriver log
WARNING: Executing: isElementDisplayed [50537042e9cfd616b999270b366231943aa0fcb9, isElementDisplayed {id=130}]
Apr 25, 2019 6:39:08 PM org.openqa.selenium.remote.RemoteWebDriver log
WARNING: Executed: [50537042e9cfd616b999270b366231943aa0fcb9, isElementDisplayed {id=130}]
Apr 25, 2019 6:39:08 PM org.openqa.selenium.remote.RemoteWebDriver log
WARNING: Executing: isElementDisplayed [50537042e9cfd616b999270b366231943aa0fcb9, isElementDisplayed {id=131}]
Apr 25, 2019 6:39:08 PM org.openqa.selenium.remote.RemoteWebDriver log
WARNING: Executed: [50537042e9cfd616b999270b366231943aa0fcb9, isElementDisplayed {id=131}]
Apr 25, 2019 6:39:08 PM org.openqa.selenium.remote.RemoteWebDriver log
WARNING: Executing: isElementDisplayed [50537042e9cfd616b999270b366231943aa0fcb9, isElementDisplayed {id=132}]
Apr 25, 2019 6:39:08 PM org.openqa.selenium.remote.RemoteWebDriver log
WARNING: Executed: [50537042e9cfd616b999270b366231943aa0fcb9, isElementDisplayed {id=132}]
Apr 25, 2019 6:39:08 PM org.openqa.selenium.remote.RemoteWebDriver log
WARNING: Executing: isElementDisplayed [50537042e9cfd616b999270b366231943aa0fcb9, isElementDisplayed {id=133}]
Apr 25, 2019 6:39:08 PM org.openqa.selenium.remote.RemoteWebDriver log
WARNING: Executed: [50537042e9cfd616b999270b366231943aa0fcb9, isElementDisplayed {id=133}]
Apr 25, 2019 6:39:08 PM org.openqa.selenium.remote.RemoteWebDriver log
WARNING: Executing: isElementDisplayed [50537042e9cfd616b999270b366231943aa0fcb9, isElementDisplayed {id=134}]
Apr 25, 2019 6:39:09 PM org.openqa.selenium.remote.RemoteWebDriver log
WARNING: Executed: [50537042e9cfd616b999270b366231943aa0fcb9, isElementDisplayed {id=134}]
Apr 25, 2019 6:39:09 PM org.openqa.selenium.remote.RemoteWebDriver log
WARNING: Executing: isElementDisplayed [50537042e9cfd616b999270b366231943aa0fcb9, isElementDisplayed {id=135}]
Apr 25, 2019 6:39:09 PM org.openqa.selenium.remote.RemoteWebDriver log
WARNING: Executed: [50537042e9cfd616b999270b366231943aa0fcb9, isElementDisplayed {id=135}]
Apr 25, 2019 6:39:09 PM org.openqa.selenium.remote.RemoteWebDriver log
WARNING: Executing: isElementDisplayed [50537042e9cfd616b999270b366231943aa0fcb9, isElementDisplayed {id=136}]
Apr 25, 2019 6:39:09 PM org.openqa.selenium.remote.RemoteWebDriver log
WARNING: Executed: [50537042e9cfd616b999270b366231943aa0fcb9, isElementDisplayed {id=136}]
Apr 25, 2019 6:39:09 PM org.openqa.selenium.remote.RemoteWebDriver log
WARNING: Executing: isElementDisplayed [50537042e9cfd616b999270b366231943aa0fcb9, isElementDisplayed {id=137}]
Apr 25, 2019 6:39:09 PM org.openqa.selenium.remote.RemoteWebDriver log
WARNING: Executed: [50537042e9cfd616b999270b366231943aa0fcb9, isElementDisplayed {id=137}]
Apr 25, 2019 6:39:09 PM org.openqa.selenium.remote.RemoteWebDriver log
WARNING: Executing: isElementDisplayed [50537042e9cfd616b999270b366231943aa0fcb9, isElementDisplayed {id=138}]
Apr 25, 2019 6:39:09 PM org.openqa.selenium.remote.RemoteWebDriver log
WARNING: Executed: [50537042e9cfd616b999270b366231943aa0fcb9, isElementDisplayed {id=138}]
Apr 25, 2019 6:39:09 PM org.openqa.selenium.remote.RemoteWebDriver log
WARNING: Executing: isElementDisplayed [50537042e9cfd616b999270b366231943aa0fcb9, isElementDisplayed {id=139}]
Apr 25, 2019 6:39:10 PM org.openqa.selenium.remote.RemoteWebDriver log
WARNING: Executed: [50537042e9cfd616b999270b366231943aa0fcb9, isElementDisplayed {id=139}]
Apr 25, 2019 6:39:10 PM org.openqa.selenium.remote.RemoteWebDriver log
WARNING: Executing: isElementDisplayed [50537042e9cfd616b999270b366231943aa0fcb9, isElementDisplayed {id=140}]
Apr 25, 2019 6:39:10 PM org.openqa.selenium.remote.RemoteWebDriver log
WARNING: Executed: [50537042e9cfd616b999270b366231943aa0fcb9, isElementDisplayed {id=140}]
Apr 25, 2019 6:39:10 PM org.openqa.selenium.remote.RemoteWebDriver log
WARNING: Executing: isElementDisplayed [50537042e9cfd616b999270b366231943aa0fcb9, isElementDisplayed {id=141}]
Apr 25, 2019 6:39:10 PM org.openqa.selenium.remote.RemoteWebDriver log
WARNING: Executed: [50537042e9cfd616b999270b366231943aa0fcb9, isElementDisplayed {id=141}]
Apr 25, 2019 6:39:10 PM org.openqa.selenium.remote.RemoteWebDriver log
WARNING: Executing: isElementDisplayed [50537042e9cfd616b999270b366231943aa0fcb9, isElementDisplayed {id=142}]
Apr 25, 2019 6:39:10 PM org.openqa.selenium.remote.RemoteWebDriver log
WARNING: Executed: [50537042e9cfd616b999270b366231943aa0fcb9, isElementDisplayed {id=142}]
Apr 25, 2019 6:39:10 PM org.openqa.selenium.remote.RemoteWebDriver log
WARNING: Executing: isElementDisplayed [50537042e9cfd616b999270b366231943aa0fcb9, isElementDisplayed {id=143}]
Apr 25, 2019 6:39:10 PM org.openqa.selenium.remote.RemoteWebDriver log
WARNING: Executed: [50537042e9cfd616b999270b366231943aa0fcb9, isElementDisplayed {id=143}]
Apr 25, 2019 6:39:10 PM org.openqa.selenium.remote.RemoteWebDriver log
WARNING: Executing: isElementDisplayed [50537042e9cfd616b999270b366231943aa0fcb9, isElementDisplayed {id=144}]
Apr 25, 2019 6:39:11 PM org.openqa.selenium.remote.RemoteWebDriver log
WARNING: Executed: [50537042e9cfd616b999270b366231943aa0fcb9, isElementDisplayed {id=144}]
Apr 25, 2019 6:39:11 PM org.openqa.selenium.remote.RemoteWebDriver log
WARNING: Executing: isElementDisplayed [50537042e9cfd616b999270b366231943aa0fcb9, isElementDisplayed {id=145}]
Apr 25, 2019 6:39:11 PM org.openqa.selenium.remote.RemoteWebDriver log
WARNING: Executed: [50537042e9cfd616b999270b366231943aa0fcb9, isElementDisplayed {id=145}]
Apr 25, 2019 6:39:11 PM org.openqa.selenium.remote.RemoteWebDriver log
WARNING: Executing: isElementDisplayed [50537042e9cfd616b999270b366231943aa0fcb9, isElementDisplayed {id=146}]
Apr 25, 2019 6:39:12 PM org.openqa.selenium.remote.RemoteWebDriver log
WARNING: Executed: [50537042e9cfd616b999270b366231943aa0fcb9, isElementDisplayed {id=146}]
Apr 25, 2019 6:39:12 PM org.openqa.selenium.remote.RemoteWebDriver log
WARNING: Executing: isElementDisplayed [50537042e9cfd616b999270b366231943aa0fcb9, isElementDisplayed {id=147}]
Apr 25, 2019 6:39:12 PM org.openqa.selenium.remote.RemoteWebDriver log
WARNING: Executed: [50537042e9cfd616b999270b366231943aa0fcb9, isElementDisplayed {id=147}]
Apr 25, 2019 6:39:12 PM org.openqa.selenium.remote.RemoteWebDriver log
WARNING: Executing: isElementDisplayed [50537042e9cfd616b999270b366231943aa0fcb9, isElementDisplayed {id=148}]
Apr 25, 2019 6:39:13 PM org.openqa.selenium.remote.RemoteWebDriver log
WARNING: Executed: [50537042e9cfd616b999270b366231943aa0fcb9, isElementDisplayed {id=148}]
Apr 25, 2019 6:39:13 PM org.openqa.selenium.remote.RemoteWebDriver log
WARNING: Executing: isElementDisplayed [50537042e9cfd616b999270b366231943aa0fcb9, isElementDisplayed {id=149}]
Apr 25, 2019 6:39:13 PM org.openqa.selenium.remote.RemoteWebDriver log
WARNING: Executed: [50537042e9cfd616b999270b366231943aa0fcb9, isElementDisplayed {id=149}]
Apr 25, 2019 6:39:13 PM org.openqa.selenium.remote.RemoteWebDriver log
WARNING: Executing: isElementDisplayed [50537042e9cfd616b999270b366231943aa0fcb9, isElementDisplayed {id=150}]
Apr 25, 2019 6:39:13 PM org.openqa.selenium.remote.RemoteWebDriver log
WARNING: Executed: [50537042e9cfd616b999270b366231943aa0fcb9, isElementDisplayed {id=150}]
Apr 25, 2019 6:39:13 PM org.openqa.selenium.remote.RemoteWebDriver log
WARNING: Executing: isElementDisplayed [50537042e9cfd616b999270b366231943aa0fcb9, isElementDisplayed {id=151}]
Apr 25, 2019 6:39:13 PM org.openqa.selenium.remote.RemoteWebDriver log
WARNING: Executed: [50537042e9cfd616b999270b366231943aa0fcb9, isElementDisplayed {id=151}]
Apr 25, 2019 6:39:13 PM org.openqa.selenium.remote.RemoteWebDriver log
WARNING: Executing: isElementDisplayed [50537042e9cfd616b999270b366231943aa0fcb9, isElementDisplayed {id=152}]
Apr 25, 2019 6:39:13 PM org.openqa.selenium.remote.RemoteWebDriver log
WARNING: Executed: [50537042e9cfd616b999270b366231943aa0fcb9, isElementDisplayed {id=152}]
Apr 25, 2019 6:39:13 PM org.openqa.selenium.remote.RemoteWebDriver log
WARNING: Executing: isElementDisplayed [50537042e9cfd616b999270b366231943aa0fcb9, isElementDisplayed {id=153}]
Apr 25, 2019 6:39:14 PM org.openqa.selenium.remote.RemoteWebDriver log
WARNING: Executed: [50537042e9cfd616b999270b366231943aa0fcb9, isElementDisplayed {id=153}]
Apr 25, 2019 6:39:14 PM org.openqa.selenium.remote.RemoteWebDriver log
WARNING: Executing: isElementDisplayed [50537042e9cfd616b999270b366231943aa0fcb9, isElementDisplayed {id=154}]
Apr 25, 2019 6:39:14 PM org.openqa.selenium.remote.RemoteWebDriver log
WARNING: Executed: [50537042e9cfd616b999270b366231943aa0fcb9, isElementDisplayed {id=154}]
Apr 25, 2019 6:39:14 PM org.openqa.selenium.remote.RemoteWebDriver log
WARNING: Executing: isElementDisplayed [50537042e9cfd616b999270b366231943aa0fcb9, isElementDisplayed {id=155}]
Apr 25, 2019 6:39:14 PM org.openqa.selenium.remote.RemoteWebDriver log
WARNING: Executed: [50537042e9cfd616b999270b366231943aa0fcb9, isElementDisplayed {id=155}]
Apr 25, 2019 6:39:14 PM org.openqa.selenium.remote.RemoteWebDriver log
WARNING: Executing: isElementDisplayed [50537042e9cfd616b999270b366231943aa0fcb9, isElementDisplayed {id=156}]
Apr 25, 2019 6:39:14 PM org.openqa.selenium.remote.RemoteWebDriver log
WARNING: Executed: [50537042e9cfd616b999270b366231943aa0fcb9, isElementDisplayed {id=156}]
Apr 25, 2019 6:39:14 PM org.openqa.selenium.remote.RemoteWebDriver log
WARNING: Executing: isElementDisplayed [50537042e9cfd616b999270b366231943aa0fcb9, isElementDisplayed {id=157}]
Apr 25, 2019 6:39:14 PM org.openqa.selenium.remote.RemoteWebDriver log
WARNING: Executed: [50537042e9cfd616b999270b366231943aa0fcb9, isElementDisplayed {id=157}]
Apr 25, 2019 6:39:14 PM org.openqa.selenium.remote.RemoteWebDriver log
WARNING: Executing: isElementDisplayed [50537042e9cfd616b999270b366231943aa0fcb9, isElementDisplayed {id=158}]
Apr 25, 2019 6:39:15 PM org.openqa.selenium.remote.RemoteWebDriver log
WARNING: Executed: [50537042e9cfd616b999270b366231943aa0fcb9, isElementDisplayed {id=158}]
Apr 25, 2019 6:39:15 PM org.openqa.selenium.remote.RemoteWebDriver log
WARNING: Executing: isElementDisplayed [50537042e9cfd616b999270b366231943aa0fcb9, isElementDisplayed {id=159}]
Apr 25, 2019 6:39:15 PM org.openqa.selenium.remote.RemoteWebDriver log
WARNING: Executed: [50537042e9cfd616b999270b366231943aa0fcb9, isElementDisplayed {id=159}]
Apr 25, 2019 6:39:15 PM org.openqa.selenium.remote.RemoteWebDriver log
WARNING: Executing: isElementDisplayed [50537042e9cfd616b999270b366231943aa0fcb9, isElementDisplayed {id=160}]
Apr 25, 2019 6:39:15 PM org.openqa.selenium.remote.RemoteWebDriver log
WARNING: Executed: [50537042e9cfd616b999270b366231943aa0fcb9, isElementDisplayed {id=160}]
Apr 25, 2019 6:39:15 PM org.openqa.selenium.remote.RemoteWebDriver log
WARNING: Executing: isElementDisplayed [50537042e9cfd616b999270b366231943aa0fcb9, isElementDisplayed {id=161}]
Apr 25, 2019 6:39:15 PM org.openqa.selenium.remote.RemoteWebDriver log
WARNING: Executed: [50537042e9cfd616b999270b366231943aa0fcb9, isElementDisplayed {id=161}]
Apr 25, 2019 6:39:15 PM org.openqa.selenium.remote.RemoteWebDriver log
WARNING: Executing: isElementDisplayed [50537042e9cfd616b999270b366231943aa0fcb9, isElementDisplayed {id=162}]
Apr 25, 2019 6:39:16 PM org.openqa.selenium.remote.RemoteWebDriver log
WARNING: Executed: [50537042e9cfd616b999270b366231943aa0fcb9, isElementDisplayed {id=162}]
Apr 25, 2019 6:39:16 PM org.openqa.selenium.remote.RemoteWebDriver log
WARNING: Executing: isElementDisplayed [50537042e9cfd616b999270b366231943aa0fcb9, isElementDisplayed {id=163}]
Apr 25, 2019 6:39:16 PM org.openqa.selenium.remote.RemoteWebDriver log
WARNING: Executed: [50537042e9cfd616b999270b366231943aa0fcb9, isElementDisplayed {id=163}]
Apr 25, 2019 6:39:16 PM org.openqa.selenium.remote.RemoteWebDriver log
WARNING: Executing: isElementDisplayed [50537042e9cfd616b999270b366231943aa0fcb9, isElementDisplayed {id=164}]
Apr 25, 2019 6:39:16 PM org.openqa.selenium.remote.RemoteWebDriver log
WARNING: Executed: [50537042e9cfd616b999270b366231943aa0fcb9, isElementDisplayed {id=164}]
Apr 25, 2019 6:39:16 PM org.openqa.selenium.remote.RemoteWebDriver log
WARNING: Executing: isElementDisplayed [50537042e9cfd616b999270b366231943aa0fcb9, isElementDisplayed {id=165}]
Apr 25, 2019 6:39:16 PM org.openqa.selenium.remote.RemoteWebDriver log
WARNING: Executed: [50537042e9cfd616b999270b366231943aa0fcb9, isElementDisplayed {id=165}]
Apr 25, 2019 6:39:16 PM org.openqa.selenium.remote.RemoteWebDriver log
WARNING: Executing: isElementDisplayed [50537042e9cfd616b999270b366231943aa0fcb9, isElementDisplayed {id=166}]
Apr 25, 2019 6:39:16 PM org.openqa.selenium.remote.RemoteWebDriver log
WARNING: Executed: [50537042e9cfd616b999270b366231943aa0fcb9, isElementDisplayed {id=166}]
Apr 25, 2019 6:39:16 PM org.openqa.selenium.remote.RemoteWebDriver log
WARNING: Executing: isElementDisplayed [50537042e9cfd616b999270b366231943aa0fcb9, isElementDisplayed {id=167}]
Apr 25, 2019 6:39:17 PM org.openqa.selenium.remote.RemoteWebDriver log
WARNING: Executed: [50537042e9cfd616b999270b366231943aa0fcb9, isElementDisplayed {id=167}]
Apr 25, 2019 6:39:17 PM org.openqa.selenium.remote.RemoteWebDriver log
WARNING: Executing: isElementDisplayed [50537042e9cfd616b999270b366231943aa0fcb9, isElementDisplayed {id=168}]
Apr 25, 2019 6:39:17 PM org.openqa.selenium.remote.RemoteWebDriver log
WARNING: Executed: [50537042e9cfd616b999270b366231943aa0fcb9, isElementDisplayed {id=168}]
Apr 25, 2019 6:39:17 PM org.openqa.selenium.remote.RemoteWebDriver log
WARNING: Executing: isElementDisplayed [50537042e9cfd616b999270b366231943aa0fcb9, isElementDisplayed {id=169}]
Apr 25, 2019 6:39:17 PM org.openqa.selenium.remote.RemoteWebDriver log
WARNING: Executed: [50537042e9cfd616b999270b366231943aa0fcb9, isElementDisplayed {id=169}]
Apr 25, 2019 6:39:17 PM org.openqa.selenium.remote.RemoteWebDriver log
WARNING: Executing: isElementDisplayed [50537042e9cfd616b999270b366231943aa0fcb9, isElementDisplayed {id=170}]
Apr 25, 2019 6:39:17 PM org.openqa.selenium.remote.RemoteWebDriver log
WARNING: Executed: [50537042e9cfd616b999270b366231943aa0fcb9, isElementDisplayed {id=170}]
Apr 25, 2019 6:39:17 PM org.openqa.selenium.remote.RemoteWebDriver log
WARNING: Executing: isElementDisplayed [50537042e9cfd616b999270b366231943aa0fcb9, isElementDisplayed {id=171}]
Apr 25, 2019 6:39:17 PM org.openqa.selenium.remote.RemoteWebDriver log
WARNING: Executed: [50537042e9cfd616b999270b366231943aa0fcb9, isElementDisplayed {id=171}]
Apr 25, 2019 6:39:17 PM org.openqa.selenium.remote.RemoteWebDriver log
WARNING: Executing: isElementDisplayed [50537042e9cfd616b999270b366231943aa0fcb9, isElementDisplayed {id=172}]
Apr 25, 2019 6:39:18 PM org.openqa.selenium.remote.RemoteWebDriver log
WARNING: Executed: [50537042e9cfd616b999270b366231943aa0fcb9, isElementDisplayed {id=172}]
Apr 25, 2019 6:39:18 PM org.openqa.selenium.remote.RemoteWebDriver log
WARNING: Executing: isElementDisplayed [50537042e9cfd616b999270b366231943aa0fcb9, isElementDisplayed {id=173}]
Apr 25, 2019 6:39:18 PM org.openqa.selenium.remote.RemoteWebDriver log
WARNING: Executed: [50537042e9cfd616b999270b366231943aa0fcb9, isElementDisplayed {id=173}]
Apr 25, 2019 6:39:18 PM org.openqa.selenium.remote.RemoteWebDriver log
WARNING: Executing: isElementDisplayed [50537042e9cfd616b999270b366231943aa0fcb9, isElementDisplayed {id=174}]
Apr 25, 2019 6:39:18 PM org.openqa.selenium.remote.RemoteWebDriver log
WARNING: Executed: [50537042e9cfd616b999270b366231943aa0fcb9, isElementDisplayed {id=174}]
Apr 25, 2019 6:39:18 PM org.openqa.selenium.remote.RemoteWebDriver log
WARNING: Executing: isElementDisplayed [50537042e9cfd616b999270b366231943aa0fcb9, isElementDisplayed {id=175}]
Apr 25, 2019 6:39:18 PM org.openqa.selenium.remote.RemoteWebDriver log
WARNING: Executed: [50537042e9cfd616b999270b366231943aa0fcb9, isElementDisplayed {id=175}]
Apr 25, 2019 6:39:18 PM org.openqa.selenium.remote.RemoteWebDriver log
WARNING: Executing: isElementDisplayed [50537042e9cfd616b999270b366231943aa0fcb9, isElementDisplayed {id=176}]
Apr 25, 2019 6:39:19 PM org.openqa.selenium.remote.RemoteWebDriver log
WARNING: Executed: [50537042e9cfd616b999270b366231943aa0fcb9, isElementDisplayed {id=176}]
Apr 25, 2019 6:39:19 PM org.openqa.selenium.remote.RemoteWebDriver log
WARNING: Executing: isElementDisplayed [50537042e9cfd616b999270b366231943aa0fcb9, isElementDisplayed {id=177}]
Apr 25, 2019 6:39:19 PM org.openqa.selenium.remote.RemoteWebDriver log
WARNING: Executed: [50537042e9cfd616b999270b366231943aa0fcb9, isElementDisplayed {id=177}]
Apr 25, 2019 6:39:19 PM org.openqa.selenium.remote.RemoteWebDriver log
WARNING: Executing: isElementDisplayed [50537042e9cfd616b999270b366231943aa0fcb9, isElementDisplayed {id=178}]
Apr 25, 2019 6:39:19 PM org.openqa.selenium.remote.RemoteWebDriver log
WARNING: Executed: [50537042e9cfd616b999270b366231943aa0fcb9, isElementDisplayed {id=178}]
Apr 25, 2019 6:39:19 PM org.openqa.selenium.remote.RemoteWebDriver log
WARNING: Executing: isElementDisplayed [50537042e9cfd616b999270b366231943aa0fcb9, isElementDisplayed {id=179}]
Apr 25, 2019 6:39:19 PM org.openqa.selenium.remote.RemoteWebDriver log
WARNING: Executed: [50537042e9cfd616b999270b366231943aa0fcb9, isElementDisplayed {id=179}]
Apr 25, 2019 6:39:19 PM org.openqa.selenium.remote.RemoteWebDriver log
WARNING: Executing: isElementDisplayed [50537042e9cfd616b999270b366231943aa0fcb9, isElementDisplayed {id=180}]
Apr 25, 2019 6:39:19 PM org.openqa.selenium.remote.RemoteWebDriver log
WARNING: Executed: [50537042e9cfd616b999270b366231943aa0fcb9, isElementDisplayed {id=180}]
Apr 25, 2019 6:39:19 PM org.openqa.selenium.remote.RemoteWebDriver log
WARNING: Executing: isElementDisplayed [50537042e9cfd616b999270b366231943aa0fcb9, isElementDisplayed {id=181}]
Apr 25, 2019 6:39:20 PM org.openqa.selenium.remote.RemoteWebDriver log
WARNING: Executed: [50537042e9cfd616b999270b366231943aa0fcb9, isElementDisplayed {id=181}]
Apr 25, 2019 6:39:20 PM org.openqa.selenium.remote.RemoteWebDriver log
WARNING: Executing: isElementDisplayed [50537042e9cfd616b999270b366231943aa0fcb9, isElementDisplayed {id=182}]
Apr 25, 2019 6:39:20 PM org.openqa.selenium.remote.RemoteWebDriver log
WARNING: Executed: [50537042e9cfd616b999270b366231943aa0fcb9, isElementDisplayed {id=182}]
Apr 25, 2019 6:39:20 PM org.openqa.selenium.remote.RemoteWebDriver log
WARNING: Executing: isElementDisplayed [50537042e9cfd616b999270b366231943aa0fcb9, isElementDisplayed {id=183}]
Apr 25, 2019 6:39:20 PM org.openqa.selenium.remote.RemoteWebDriver log
WARNING: Executed: [50537042e9cfd616b999270b366231943aa0fcb9, isElementDisplayed {id=183}]
Apr 25, 2019 6:39:20 PM org.openqa.selenium.remote.RemoteWebDriver log
WARNING: Executing: isElementDisplayed [50537042e9cfd616b999270b366231943aa0fcb9, isElementDisplayed {id=184}]
Apr 25, 2019 6:39:20 PM org.openqa.selenium.remote.RemoteWebDriver log
WARNING: Executed: [50537042e9cfd616b999270b366231943aa0fcb9, isElementDisplayed {id=184}]
Apr 25, 2019 6:39:20 PM org.openqa.selenium.remote.RemoteWebDriver log
WARNING: Executing: isElementDisplayed [50537042e9cfd616b999270b366231943aa0fcb9, isElementDisplayed {id=185}]
Apr 25, 2019 6:39:20 PM org.openqa.selenium.remote.RemoteWebDriver log
WARNING: Executed: [50537042e9cfd616b999270b366231943aa0fcb9, isElementDisplayed {id=185}]
Apr 25, 2019 6:39:20 PM org.openqa.selenium.remote.RemoteWebDriver log
WARNING: Executing: isElementDisplayed [50537042e9cfd616b999270b366231943aa0fcb9, isElementDisplayed {id=186}]
Apr 25, 2019 6:39:21 PM org.openqa.selenium.remote.RemoteWebDriver log
WARNING: Executed: [50537042e9cfd616b999270b366231943aa0fcb9, isElementDisplayed {id=186}]
Apr 25, 2019 6:39:21 PM org.openqa.selenium.remote.RemoteWebDriver log
WARNING: Executing: isElementDisplayed [50537042e9cfd616b999270b366231943aa0fcb9, isElementDisplayed {id=187}]
Apr 25, 2019 6:39:21 PM org.openqa.selenium.remote.RemoteWebDriver log
WARNING: Executed: [50537042e9cfd616b999270b366231943aa0fcb9, isElementDisplayed {id=187}]
Apr 25, 2019 6:39:21 PM org.openqa.selenium.remote.RemoteWebDriver log
WARNING: Executing: isElementDisplayed [50537042e9cfd616b999270b366231943aa0fcb9, isElementDisplayed {id=188}]
Apr 25, 2019 6:39:21 PM org.openqa.selenium.remote.RemoteWebDriver log
WARNING: Executed: [50537042e9cfd616b999270b366231943aa0fcb9, isElementDisplayed {id=188}]
Apr 25, 2019 6:39:21 PM org.openqa.selenium.remote.RemoteWebDriver log
WARNING: Executing: isElementDisplayed [50537042e9cfd616b999270b366231943aa0fcb9, isElementDisplayed {id=189}]
Apr 25, 2019 6:39:21 PM org.openqa.selenium.remote.RemoteWebDriver log
WARNING: Executed: [50537042e9cfd616b999270b366231943aa0fcb9, isElementDisplayed {id=189}]
Apr 25, 2019 6:39:21 PM org.openqa.selenium.remote.RemoteWebDriver log
WARNING: Executing: isElementDisplayed [50537042e9cfd616b999270b366231943aa0fcb9, isElementDisplayed {id=190}]
Apr 25, 2019 6:39:22 PM org.openqa.selenium.remote.RemoteWebDriver log
WARNING: Executed: [50537042e9cfd616b999270b366231943aa0fcb9, isElementDisplayed {id=190}]
Apr 25, 2019 6:39:22 PM org.openqa.selenium.remote.RemoteWebDriver log
WARNING: Executing: isElementDisplayed [50537042e9cfd616b999270b366231943aa0fcb9, isElementDisplayed {id=191}]
Apr 25, 2019 6:39:22 PM org.openqa.selenium.remote.RemoteWebDriver log
WARNING: Executed: [50537042e9cfd616b999270b366231943aa0fcb9, isElementDisplayed {id=191}]
Apr 25, 2019 6:39:22 PM org.openqa.selenium.remote.RemoteWebDriver log
WARNING: Executing: isElementDisplayed [50537042e9cfd616b999270b366231943aa0fcb9, isElementDisplayed {id=192}]
Apr 25, 2019 6:39:22 PM org.openqa.selenium.remote.RemoteWebDriver log
WARNING: Executed: [50537042e9cfd616b999270b366231943aa0fcb9, isElementDisplayed {id=192}]
Apr 25, 2019 6:39:22 PM org.openqa.selenium.remote.RemoteWebDriver log
WARNING: Executing: isElementDisplayed [50537042e9cfd616b999270b366231943aa0fcb9, isElementDisplayed {id=193}]
Apr 25, 2019 6:39:22 PM org.openqa.selenium.remote.RemoteWebDriver log
WARNING: Executed: [50537042e9cfd616b999270b366231943aa0fcb9, isElementDisplayed {id=193}]
Apr 25, 2019 6:39:22 PM org.openqa.selenium.remote.RemoteWebDriver log
WARNING: Executing: isElementDisplayed [50537042e9cfd616b999270b366231943aa0fcb9, isElementDisplayed {id=194}]
Apr 25, 2019 6:39:22 PM org.openqa.selenium.remote.RemoteWebDriver log
WARNING: Executed: [50537042e9cfd616b999270b366231943aa0fcb9, isElementDisplayed {id=194}]
Apr 25, 2019 6:39:22 PM org.openqa.selenium.remote.RemoteWebDriver log
WARNING: Executing: isElementDisplayed [50537042e9cfd616b999270b366231943aa0fcb9, isElementDisplayed {id=195}]
Apr 25, 2019 6:39:23 PM org.openqa.selenium.remote.RemoteWebDriver log
WARNING: Executed: [50537042e9cfd616b999270b366231943aa0fcb9, isElementDisplayed {id=195}]
Apr 25, 2019 6:39:23 PM org.openqa.selenium.remote.RemoteWebDriver log
WARNING: Executing: isElementDisplayed [50537042e9cfd616b999270b366231943aa0fcb9, isElementDisplayed {id=196}]
Apr 25, 2019 6:39:23 PM org.openqa.selenium.remote.RemoteWebDriver log
WARNING: Executed: [50537042e9cfd616b999270b366231943aa0fcb9, isElementDisplayed {id=196}]
Apr 25, 2019 6:39:23 PM org.openqa.selenium.remote.RemoteWebDriver log
WARNING: Executing: isElementDisplayed [50537042e9cfd616b999270b366231943aa0fcb9, isElementDisplayed {id=197}]
Apr 25, 2019 6:39:23 PM org.openqa.selenium.remote.RemoteWebDriver log
WARNING: Executed: [50537042e9cfd616b999270b366231943aa0fcb9, isElementDisplayed {id=197}]
Apr 25, 2019 6:39:23 PM org.openqa.selenium.remote.RemoteWebDriver log
WARNING: Executing: isElementDisplayed [50537042e9cfd616b999270b366231943aa0fcb9, isElementDisplayed {id=198}]
Apr 25, 2019 6:39:23 PM org.openqa.selenium.remote.RemoteWebDriver log
WARNING: Executed: [50537042e9cfd616b999270b366231943aa0fcb9, isElementDisplayed {id=198}]
Apr 25, 2019 6:39:23 PM org.openqa.selenium.remote.RemoteWebDriver log
WARNING: Executing: isElementDisplayed [50537042e9cfd616b999270b366231943aa0fcb9, isElementDisplayed {id=199}]
Apr 25, 2019 6:39:24 PM org.openqa.selenium.remote.RemoteWebDriver log
WARNING: Executed: [50537042e9cfd616b999270b366231943aa0fcb9, isElementDisplayed {id=199}]
Apr 25, 2019 6:39:24 PM org.openqa.selenium.remote.RemoteWebDriver log
WARNING: Executing: isElementDisplayed [50537042e9cfd616b999270b366231943aa0fcb9, isElementDisplayed {id=200}]
Apr 25, 2019 6:39:24 PM org.openqa.selenium.remote.RemoteWebDriver log
WARNING: Executed: [50537042e9cfd616b999270b366231943aa0fcb9, isElementDisplayed {id=200}]
Apr 25, 2019 6:39:24 PM org.openqa.selenium.remote.RemoteWebDriver log
WARNING: Executing: isElementDisplayed [50537042e9cfd616b999270b366231943aa0fcb9, isElementDisplayed {id=201}]
Apr 25, 2019 6:39:24 PM org.openqa.selenium.remote.RemoteWebDriver log
WARNING: Executed: [50537042e9cfd616b999270b366231943aa0fcb9, isElementDisplayed {id=201}]
Apr 25, 2019 6:39:24 PM org.openqa.selenium.remote.RemoteWebDriver log
WARNING: Executing: isElementDisplayed [50537042e9cfd616b999270b366231943aa0fcb9, isElementDisplayed {id=202}]
Apr 25, 2019 6:39:24 PM org.openqa.selenium.remote.RemoteWebDriver log
WARNING: Executed: [50537042e9cfd616b999270b366231943aa0fcb9, isElementDisplayed {id=202}]
Apr 25, 2019 6:39:24 PM org.openqa.selenium.remote.RemoteWebDriver log
WARNING: Executing: isElementDisplayed [50537042e9cfd616b999270b366231943aa0fcb9, isElementDisplayed {id=203}]
Apr 25, 2019 6:39:24 PM org.openqa.selenium.remote.RemoteWebDriver log
WARNING: Executed: [50537042e9cfd616b999270b366231943aa0fcb9, isElementDisplayed {id=203}]
Apr 25, 2019 6:39:24 PM org.openqa.selenium.remote.RemoteWebDriver log
WARNING: Executing: isElementDisplayed [50537042e9cfd616b999270b366231943aa0fcb9, isElementDisplayed {id=204}]
Apr 25, 2019 6:39:25 PM org.openqa.selenium.remote.RemoteWebDriver log
WARNING: Executed: [50537042e9cfd616b999270b366231943aa0fcb9, isElementDisplayed {id=204}]
Apr 25, 2019 6:39:25 PM org.openqa.selenium.remote.RemoteWebDriver log
WARNING: Executing: isElementDisplayed [50537042e9cfd616b999270b366231943aa0fcb9, isElementDisplayed {id=205}]
Apr 25, 2019 6:39:25 PM org.openqa.selenium.remote.RemoteWebDriver log
WARNING: Executed: [50537042e9cfd616b999270b366231943aa0fcb9, isElementDisplayed {id=205}]
Apr 25, 2019 6:39:25 PM org.openqa.selenium.remote.RemoteWebDriver log
WARNING: Executing: isElementDisplayed [50537042e9cfd616b999270b366231943aa0fcb9, isElementDisplayed {id=206}]
Apr 25, 2019 6:39:25 PM org.openqa.selenium.remote.RemoteWebDriver log
WARNING: Executed: [50537042e9cfd616b999270b366231943aa0fcb9, isElementDisplayed {id=206}]
Apr 25, 2019 6:39:25 PM org.openqa.selenium.remote.RemoteWebDriver log
WARNING: Executing: isElementDisplayed [50537042e9cfd616b999270b366231943aa0fcb9, isElementDisplayed {id=207}]
Apr 25, 2019 6:39:25 PM org.openqa.selenium.remote.RemoteWebDriver log
WARNING: Executed: [50537042e9cfd616b999270b366231943aa0fcb9, isElementDisplayed {id=207}]
Apr 25, 2019 6:39:25 PM org.openqa.selenium.remote.RemoteWebDriver log
WARNING: Executing: isElementDisplayed [50537042e9cfd616b999270b366231943aa0fcb9, isElementDisplayed {id=208}]
Apr 25, 2019 6:39:26 PM org.openqa.selenium.remote.RemoteWebDriver log
WARNING: Executed: [50537042e9cfd616b999270b366231943aa0fcb9, isElementDisplayed {id=208}]
Apr 25, 2019 6:39:26 PM org.openqa.selenium.remote.RemoteWebDriver log
WARNING: Executing: isElementDisplayed [50537042e9cfd616b999270b366231943aa0fcb9, isElementDisplayed {id=209}]
Apr 25, 2019 6:39:26 PM org.openqa.selenium.remote.RemoteWebDriver log
WARNING: Executed: [50537042e9cfd616b999270b366231943aa0fcb9, isElementDisplayed {id=209}]
Apr 25, 2019 6:39:26 PM org.openqa.selenium.remote.RemoteWebDriver log
WARNING: Executing: isElementDisplayed [50537042e9cfd616b999270b366231943aa0fcb9, isElementDisplayed {id=210}]
Apr 25, 2019 6:39:26 PM org.openqa.selenium.remote.RemoteWebDriver log
WARNING: Executed: [50537042e9cfd616b999270b366231943aa0fcb9, isElementDisplayed {id=210}]
Apr 25, 2019 6:39:26 PM org.openqa.selenium.remote.RemoteWebDriver log
WARNING: Executing: isElementDisplayed [50537042e9cfd616b999270b366231943aa0fcb9, isElementDisplayed {id=211}]
Apr 25, 2019 6:39:26 PM org.openqa.selenium.remote.RemoteWebDriver log
WARNING: Executed: [50537042e9cfd616b999270b366231943aa0fcb9, isElementDisplayed {id=211}]
Apr 25, 2019 6:39:26 PM org.openqa.selenium.remote.RemoteWebDriver log
WARNING: Executing: isElementDisplayed [50537042e9cfd616b999270b366231943aa0fcb9, isElementDisplayed {id=212}]
Apr 25, 2019 6:39:26 PM org.openqa.selenium.remote.RemoteWebDriver log
WARNING: Executed: [50537042e9cfd616b999270b366231943aa0fcb9, isElementDisplayed {id=212}]
Apr 25, 2019 6:39:26 PM org.openqa.selenium.remote.RemoteWebDriver log
WARNING: Executing: isElementDisplayed [50537042e9cfd616b999270b366231943aa0fcb9, isElementDisplayed {id=213}]
Apr 25, 2019 6:39:27 PM org.openqa.selenium.remote.RemoteWebDriver log
WARNING: Executed: [50537042e9cfd616b999270b366231943aa0fcb9, isElementDisplayed {id=213}]
Apr 25, 2019 6:39:27 PM org.openqa.selenium.remote.RemoteWebDriver log
WARNING: Executing: isElementDisplayed [50537042e9cfd616b999270b366231943aa0fcb9, isElementDisplayed {id=214}]
Apr 25, 2019 6:39:27 PM org.openqa.selenium.remote.RemoteWebDriver log
WARNING: Executed: [50537042e9cfd616b999270b366231943aa0fcb9, isElementDisplayed {id=214}]
Apr 25, 2019 6:39:27 PM org.openqa.selenium.remote.RemoteWebDriver log
WARNING: Executing: isElementDisplayed [50537042e9cfd616b999270b366231943aa0fcb9, isElementDisplayed {id=215}]
Apr 25, 2019 6:39:27 PM org.openqa.selenium.remote.RemoteWebDriver log
WARNING: Executed: [50537042e9cfd616b999270b366231943aa0fcb9, isElementDisplayed {id=215}]
Apr 25, 2019 6:39:27 PM org.openqa.selenium.remote.RemoteWebDriver log
WARNING: Executing: isElementDisplayed [50537042e9cfd616b999270b366231943aa0fcb9, isElementDisplayed {id=216}]
Apr 25, 2019 6:39:27 PM org.openqa.selenium.remote.RemoteWebDriver log
WARNING: Executed: [50537042e9cfd616b999270b366231943aa0fcb9, isElementDisplayed {id=216}]
Apr 25, 2019 6:39:27 PM org.openqa.selenium.remote.RemoteWebDriver log
WARNING: Executing: isElementDisplayed [50537042e9cfd616b999270b366231943aa0fcb9, isElementDisplayed {id=217}]
Apr 25, 2019 6:39:27 PM org.openqa.selenium.remote.RemoteWebDriver log
WARNING: Executed: [50537042e9cfd616b999270b366231943aa0fcb9, isElementDisplayed {id=217}]
Apr 25, 2019 6:39:27 PM org.openqa.selenium.remote.RemoteWebDriver log
WARNING: Executing: isElementDisplayed [50537042e9cfd616b999270b366231943aa0fcb9, isElementDisplayed {id=218}]
Apr 25, 2019 6:39:28 PM org.openqa.selenium.remote.RemoteWebDriver log
WARNING: Executed: [50537042e9cfd616b999270b366231943aa0fcb9, isElementDisplayed {id=218}]
Apr 25, 2019 6:39:28 PM org.openqa.selenium.remote.RemoteWebDriver log
WARNING: Executing: isElementDisplayed [50537042e9cfd616b999270b366231943aa0fcb9, isElementDisplayed {id=219}]
Apr 25, 2019 6:39:28 PM org.openqa.selenium.remote.RemoteWebDriver log
WARNING: Executed: [50537042e9cfd616b999270b366231943aa0fcb9, isElementDisplayed {id=219}]
Apr 25, 2019 6:39:28 PM org.openqa.selenium.remote.RemoteWebDriver log
WARNING: Executing: isElementDisplayed [50537042e9cfd616b999270b366231943aa0fcb9, isElementDisplayed {id=220}]
Apr 25, 2019 6:39:28 PM org.openqa.selenium.remote.RemoteWebDriver log
WARNING: Executed: [50537042e9cfd616b999270b366231943aa0fcb9, isElementDisplayed {id=220}]
Apr 25, 2019 6:39:28 PM org.openqa.selenium.remote.RemoteWebDriver log
WARNING: Executing: isElementDisplayed [50537042e9cfd616b999270b366231943aa0fcb9, isElementDisplayed {id=221}]
Apr 25, 2019 6:39:28 PM org.openqa.selenium.remote.RemoteWebDriver log
WARNING: Executed: [50537042e9cfd616b999270b366231943aa0fcb9, isElementDisplayed {id=221}]
Apr 25, 2019 6:39:28 PM org.openqa.selenium.remote.RemoteWebDriver log
WARNING: Executing: isElementDisplayed [50537042e9cfd616b999270b366231943aa0fcb9, isElementDisplayed {id=222}]
Apr 25, 2019 6:39:28 PM org.openqa.selenium.remote.RemoteWebDriver log
WARNING: Executed: [50537042e9cfd616b999270b366231943aa0fcb9, isElementDisplayed {id=222}]
Apr 25, 2019 6:39:28 PM org.openqa.selenium.remote.RemoteWebDriver log
WARNING: Executing: isElementDisplayed [50537042e9cfd616b999270b366231943aa0fcb9, isElementDisplayed {id=223}]
Apr 25, 2019 6:39:29 PM org.openqa.selenium.remote.RemoteWebDriver log
WARNING: Executed: [50537042e9cfd616b999270b366231943aa0fcb9, isElementDisplayed {id=223}]
Apr 25, 2019 6:39:29 PM org.openqa.selenium.remote.RemoteWebDriver log
WARNING: Executing: isElementDisplayed [50537042e9cfd616b999270b366231943aa0fcb9, isElementDisplayed {id=224}]
Apr 25, 2019 6:39:29 PM org.openqa.selenium.remote.RemoteWebDriver log
WARNING: Executed: [50537042e9cfd616b999270b366231943aa0fcb9, isElementDisplayed {id=224}]
Apr 25, 2019 6:39:29 PM org.openqa.selenium.remote.RemoteWebDriver log
WARNING: Executing: isElementDisplayed [50537042e9cfd616b999270b366231943aa0fcb9, isElementDisplayed {id=225}]
Apr 25, 2019 6:39:29 PM org.openqa.selenium.remote.RemoteWebDriver log
WARNING: Executed: [50537042e9cfd616b999270b366231943aa0fcb9, isElementDisplayed {id=225}]
Apr 25, 2019 6:39:29 PM org.openqa.selenium.remote.RemoteWebDriver log
WARNING: Executing: isElementDisplayed [50537042e9cfd616b999270b366231943aa0fcb9, isElementDisplayed {id=226}]
Apr 25, 2019 6:39:29 PM org.openqa.selenium.remote.RemoteWebDriver log
WARNING: Executed: [50537042e9cfd616b999270b366231943aa0fcb9, isElementDisplayed {id=226}]
Apr 25, 2019 6:39:29 PM org.openqa.selenium.remote.RemoteWebDriver log
WARNING: Executing: isElementDisplayed [50537042e9cfd616b999270b366231943aa0fcb9, isElementDisplayed {id=227}]
Apr 25, 2019 6:39:29 PM org.openqa.selenium.remote.RemoteWebDriver log
WARNING: Executed: [50537042e9cfd616b999270b366231943aa0fcb9, isElementDisplayed {id=227}]
Apr 25, 2019 6:39:29 PM org.openqa.selenium.remote.RemoteWebDriver log
WARNING: Executing: isElementDisplayed [50537042e9cfd616b999270b366231943aa0fcb9, isElementDisplayed {id=228}]
Apr 25, 2019 6:39:30 PM org.openqa.selenium.remote.RemoteWebDriver log
WARNING: Executed: [50537042e9cfd616b999270b366231943aa0fcb9, isElementDisplayed {id=228}]
Apr 25, 2019 6:39:30 PM org.openqa.selenium.remote.RemoteWebDriver log
WARNING: Executing: isElementDisplayed [50537042e9cfd616b999270b366231943aa0fcb9, isElementDisplayed {id=229}]
Apr 25, 2019 6:39:30 PM org.openqa.selenium.remote.RemoteWebDriver log
WARNING: Executed: [50537042e9cfd616b999270b366231943aa0fcb9, isElementDisplayed {id=229}]
Apr 25, 2019 6:39:30 PM org.openqa.selenium.remote.RemoteWebDriver log
WARNING: Executing: isElementDisplayed [50537042e9cfd616b999270b366231943aa0fcb9, isElementDisplayed {id=230}]
Apr 25, 2019 6:39:30 PM org.openqa.selenium.remote.RemoteWebDriver log
WARNING: Executed: [50537042e9cfd616b999270b366231943aa0fcb9, isElementDisplayed {id=230}]
Apr 25, 2019 6:39:30 PM org.openqa.selenium.remote.RemoteWebDriver log
WARNING: Executing: isElementDisplayed [50537042e9cfd616b999270b366231943aa0fcb9, isElementDisplayed {id=231}]
Apr 25, 2019 6:39:30 PM org.openqa.selenium.remote.RemoteWebDriver log
WARNING: Executed: [50537042e9cfd616b999270b366231943aa0fcb9, isElementDisplayed {id=231}]
Apr 25, 2019 6:39:30 PM org.openqa.selenium.remote.RemoteWebDriver log
WARNING: Executing: isElementDisplayed [50537042e9cfd616b999270b366231943aa0fcb9, isElementDisplayed {id=232}]
Apr 25, 2019 6:39:30 PM org.openqa.selenium.remote.RemoteWebDriver log
WARNING: Executed: [50537042e9cfd616b999270b366231943aa0fcb9, isElementDisplayed {id=232}]
Apr 25, 2019 6:39:30 PM org.openqa.selenium.remote.RemoteWebDriver log
WARNING: Executing: isElementDisplayed [50537042e9cfd616b999270b366231943aa0fcb9, isElementDisplayed {id=233}]
Apr 25, 2019 6:39:31 PM org.openqa.selenium.remote.RemoteWebDriver log
WARNING: Executed: [50537042e9cfd616b999270b366231943aa0fcb9, isElementDisplayed {id=233}]
Apr 25, 2019 6:39:31 PM org.openqa.selenium.remote.RemoteWebDriver log
WARNING: Executing: isElementDisplayed [50537042e9cfd616b999270b366231943aa0fcb9, isElementDisplayed {id=234}]
Apr 25, 2019 6:39:31 PM org.openqa.selenium.remote.RemoteWebDriver log
WARNING: Executed: [50537042e9cfd616b999270b366231943aa0fcb9, isElementDisplayed {id=234}]
Apr 25, 2019 6:39:31 PM org.openqa.selenium.remote.RemoteWebDriver log
WARNING: Executing: isElementDisplayed [50537042e9cfd616b999270b366231943aa0fcb9, isElementDisplayed {id=235}]
Apr 25, 2019 6:39:31 PM org.openqa.selenium.remote.RemoteWebDriver log
WARNING: Executed: [50537042e9cfd616b999270b366231943aa0fcb9, isElementDisplayed {id=235}]
Apr 25, 2019 6:39:31 PM org.openqa.selenium.remote.RemoteWebDriver log
WARNING: Executing: isElementDisplayed [50537042e9cfd616b999270b366231943aa0fcb9, isElementDisplayed {id=236}]
Apr 25, 2019 6:39:31 PM org.openqa.selenium.remote.RemoteWebDriver log
WARNING: Executed: [50537042e9cfd616b999270b366231943aa0fcb9, isElementDisplayed {id=236}]
Apr 25, 2019 6:39:31 PM org.openqa.selenium.remote.RemoteWebDriver log
WARNING: Executing: isElementDisplayed [50537042e9cfd616b999270b366231943aa0fcb9, isElementDisplayed {id=237}]
Apr 25, 2019 6:39:31 PM org.openqa.selenium.remote.RemoteWebDriver log
WARNING: Executed: [50537042e9cfd616b999270b366231943aa0fcb9, isElementDisplayed {id=237}]
Apr 25, 2019 6:39:31 PM org.openqa.selenium.remote.RemoteWebDriver log
WARNING: Executing: isElementDisplayed [50537042e9cfd616b999270b366231943aa0fcb9, isElementDisplayed {id=238}]
Apr 25, 2019 6:39:32 PM org.openqa.selenium.remote.RemoteWebDriver log
WARNING: Executed: [50537042e9cfd616b999270b366231943aa0fcb9, isElementDisplayed {id=238}]
Apr 25, 2019 6:39:32 PM org.openqa.selenium.remote.RemoteWebDriver log
WARNING: Executing: isElementDisplayed [50537042e9cfd616b999270b366231943aa0fcb9, isElementDisplayed {id=239}]
Apr 25, 2019 6:39:32 PM org.openqa.selenium.remote.RemoteWebDriver log
WARNING: Executed: [50537042e9cfd616b999270b366231943aa0fcb9, isElementDisplayed {id=239}]
Apr 25, 2019 6:39:32 PM org.openqa.selenium.remote.RemoteWebDriver log
WARNING: Executing: isElementDisplayed [50537042e9cfd616b999270b366231943aa0fcb9, isElementDisplayed {id=240}]
Apr 25, 2019 6:39:32 PM org.openqa.selenium.remote.RemoteWebDriver log
WARNING: Executed: [50537042e9cfd616b999270b366231943aa0fcb9, isElementDisplayed {id=240}]
Apr 25, 2019 6:39:32 PM org.openqa.selenium.remote.RemoteWebDriver log
WARNING: Executing: isElementDisplayed [50537042e9cfd616b999270b366231943aa0fcb9, isElementDisplayed {id=241}]
Apr 25, 2019 6:39:32 PM org.openqa.selenium.remote.RemoteWebDriver log
WARNING: Executed: [50537042e9cfd616b999270b366231943aa0fcb9, isElementDisplayed {id=241}]
Apr 25, 2019 6:39:32 PM org.openqa.selenium.remote.RemoteWebDriver log
WARNING: Executing: isElementDisplayed [50537042e9cfd616b999270b366231943aa0fcb9, isElementDisplayed {id=242}]
Apr 25, 2019 6:39:33 PM org.openqa.selenium.remote.RemoteWebDriver log
WARNING: Executed: [50537042e9cfd616b999270b366231943aa0fcb9, isElementDisplayed {id=242}]
Apr 25, 2019 6:39:33 PM org.openqa.selenium.remote.RemoteWebDriver log
WARNING: Executing: isElementDisplayed [50537042e9cfd616b999270b366231943aa0fcb9, isElementDisplayed {id=243}]
Apr 25, 2019 6:39:33 PM org.openqa.selenium.remote.RemoteWebDriver log
WARNING: Executed: [50537042e9cfd616b999270b366231943aa0fcb9, isElementDisplayed {id=243}]
Apr 25, 2019 6:39:33 PM org.openqa.selenium.remote.RemoteWebDriver log
WARNING: Executing: isElementDisplayed [50537042e9cfd616b999270b366231943aa0fcb9, isElementDisplayed {id=244}]
Apr 25, 2019 6:39:33 PM org.openqa.selenium.remote.RemoteWebDriver log
WARNING: Executed: [50537042e9cfd616b999270b366231943aa0fcb9, isElementDisplayed {id=244}]
Apr 25, 2019 6:39:33 PM org.openqa.selenium.remote.RemoteWebDriver log
WARNING: Executing: isElementDisplayed [50537042e9cfd616b999270b366231943aa0fcb9, isElementDisplayed {id=245}]
Apr 25, 2019 6:39:33 PM org.openqa.selenium.remote.RemoteWebDriver log
WARNING: Executed: [50537042e9cfd616b999270b366231943aa0fcb9, isElementDisplayed {id=245}]
Apr 25, 2019 6:39:33 PM org.openqa.selenium.remote.RemoteWebDriver log
WARNING: Executing: isElementDisplayed [50537042e9cfd616b999270b366231943aa0fcb9, isElementDisplayed {id=246}]
Apr 25, 2019 6:39:33 PM org.openqa.selenium.remote.RemoteWebDriver log
WARNING: Executed: [50537042e9cfd616b999270b366231943aa0fcb9, isElementDisplayed {id=246}]
Apr 25, 2019 6:39:33 PM org.openqa.selenium.remote.RemoteWebDriver log
WARNING: Executing: isElementDisplayed [50537042e9cfd616b999270b366231943aa0fcb9, isElementDisplayed {id=247}]
Apr 25, 2019 6:39:34 PM org.openqa.selenium.remote.RemoteWebDriver log
WARNING: Executed: [50537042e9cfd616b999270b366231943aa0fcb9, isElementDisplayed {id=247}]
Apr 25, 2019 6:39:34 PM org.openqa.selenium.remote.RemoteWebDriver log
WARNING: Executing: isElementDisplayed [50537042e9cfd616b999270b366231943aa0fcb9, isElementDisplayed {id=248}]
Apr 25, 2019 6:39:34 PM org.openqa.selenium.remote.RemoteWebDriver log
WARNING: Executed: [50537042e9cfd616b999270b366231943aa0fcb9, isElementDisplayed {id=248}]
Apr 25, 2019 6:39:34 PM org.openqa.selenium.remote.RemoteWebDriver log
WARNING: Executing: isElementDisplayed [50537042e9cfd616b999270b366231943aa0fcb9, isElementDisplayed {id=249}]
Apr 25, 2019 6:39:34 PM org.openqa.selenium.remote.RemoteWebDriver log
WARNING: Executed: [50537042e9cfd616b999270b366231943aa0fcb9, isElementDisplayed {id=249}]
Apr 25, 2019 6:39:34 PM org.openqa.selenium.remote.RemoteWebDriver log
WARNING: Executing: isElementDisplayed [50537042e9cfd616b999270b366231943aa0fcb9, isElementDisplayed {id=250}]
Apr 25, 2019 6:39:34 PM org.openqa.selenium.remote.RemoteWebDriver log
WARNING: Executed: [50537042e9cfd616b999270b366231943aa0fcb9, isElementDisplayed {id=250}]
Apr 25, 2019 6:39:34 PM org.openqa.selenium.remote.RemoteWebDriver log
WARNING: Executing: isElementDisplayed [50537042e9cfd616b999270b366231943aa0fcb9, isElementDisplayed {id=251}]
Apr 25, 2019 6:39:34 PM org.openqa.selenium.remote.RemoteWebDriver log
WARNING: Executed: [50537042e9cfd616b999270b366231943aa0fcb9, isElementDisplayed {id=251}]
Apr 25, 2019 6:39:34 PM org.openqa.selenium.remote.RemoteWebDriver log
WARNING: Executing: isElementDisplayed [50537042e9cfd616b999270b366231943aa0fcb9, isElementDisplayed {id=252}]
Apr 25, 2019 6:39:35 PM org.openqa.selenium.remote.RemoteWebDriver log
WARNING: Executed: [50537042e9cfd616b999270b366231943aa0fcb9, isElementDisplayed {id=252}]
Apr 25, 2019 6:39:35 PM org.openqa.selenium.remote.RemoteWebDriver log
WARNING: Executing: isElementDisplayed [50537042e9cfd616b999270b366231943aa0fcb9, isElementDisplayed {id=253}]
Apr 25, 2019 6:39:35 PM org.openqa.selenium.remote.RemoteWebDriver log
WARNING: Executed: [50537042e9cfd616b999270b366231943aa0fcb9, isElementDisplayed {id=253}]
Apr 25, 2019 6:39:35 PM org.openqa.selenium.remote.RemoteWebDriver log
WARNING: Executing: isElementDisplayed [50537042e9cfd616b999270b366231943aa0fcb9, isElementDisplayed {id=254}]
Apr 25, 2019 6:39:35 PM org.openqa.selenium.remote.RemoteWebDriver log
WARNING: Executed: [50537042e9cfd616b999270b366231943aa0fcb9, isElementDisplayed {id=254}]
Apr 25, 2019 6:39:35 PM org.openqa.selenium.remote.RemoteWebDriver log
WARNING: Executing: isElementDisplayed [50537042e9cfd616b999270b366231943aa0fcb9, isElementDisplayed {id=255}]
Apr 25, 2019 6:39:35 PM org.openqa.selenium.remote.RemoteWebDriver log
WARNING: Executed: [50537042e9cfd616b999270b366231943aa0fcb9, isElementDisplayed {id=255}]
Apr 25, 2019 6:39:35 PM org.openqa.selenium.remote.RemoteWebDriver log
WARNING: Executing: isElementDisplayed [50537042e9cfd616b999270b366231943aa0fcb9, isElementDisplayed {id=256}]
Apr 25, 2019 6:39:35 PM org.openqa.selenium.remote.RemoteWebDriver log
WARNING: Executed: [50537042e9cfd616b999270b366231943aa0fcb9, isElementDisplayed {id=256}]
Apr 25, 2019 6:39:35 PM org.openqa.selenium.remote.RemoteWebDriver log
WARNING: Executing: isElementDisplayed [50537042e9cfd616b999270b366231943aa0fcb9, isElementDisplayed {id=257}]
Apr 25, 2019 6:39:36 PM org.openqa.selenium.remote.RemoteWebDriver log
WARNING: Executed: [50537042e9cfd616b999270b366231943aa0fcb9, isElementDisplayed {id=257}]
Apr 25, 2019 6:39:36 PM org.openqa.selenium.remote.RemoteWebDriver log
WARNING: Executing: isElementDisplayed [50537042e9cfd616b999270b366231943aa0fcb9, isElementDisplayed {id=258}]
Apr 25, 2019 6:39:36 PM org.openqa.selenium.remote.RemoteWebDriver log
WARNING: Executed: [50537042e9cfd616b999270b366231943aa0fcb9, isElementDisplayed {id=258}]
Apr 25, 2019 6:39:36 PM org.openqa.selenium.remote.RemoteWebDriver log
WARNING: Executing: isElementDisplayed [50537042e9cfd616b999270b366231943aa0fcb9, isElementDisplayed {id=259}]
Apr 25, 2019 6:39:36 PM org.openqa.selenium.remote.RemoteWebDriver log
WARNING: Executed: [50537042e9cfd616b999270b366231943aa0fcb9, isElementDisplayed {id=259}]
Apr 25, 2019 6:39:36 PM org.openqa.selenium.remote.RemoteWebDriver log
WARNING: Executing: isElementDisplayed [50537042e9cfd616b999270b366231943aa0fcb9, isElementDisplayed {id=260}]
Apr 25, 2019 6:39:36 PM org.openqa.selenium.remote.RemoteWebDriver log
WARNING: Executed: [50537042e9cfd616b999270b366231943aa0fcb9, isElementDisplayed {id=260}]
Apr 25, 2019 6:39:36 PM org.openqa.selenium.remote.RemoteWebDriver log
WARNING: Executing: isElementDisplayed [50537042e9cfd616b999270b366231943aa0fcb9, isElementDisplayed {id=261}]
Apr 25, 2019 6:39:37 PM org.openqa.selenium.remote.RemoteWebDriver log
WARNING: Executed: [50537042e9cfd616b999270b366231943aa0fcb9, isElementDisplayed {id=261}]
Apr 25, 2019 6:39:37 PM org.openqa.selenium.remote.RemoteWebDriver log
WARNING: Executing: isElementDisplayed [50537042e9cfd616b999270b366231943aa0fcb9, isElementDisplayed {id=262}]
Apr 25, 2019 6:39:37 PM org.openqa.selenium.remote.RemoteWebDriver log
WARNING: Executed: [50537042e9cfd616b999270b366231943aa0fcb9, isElementDisplayed {id=262}]
Apr 25, 2019 6:39:37 PM org.openqa.selenium.remote.RemoteWebDriver log
WARNING: Executing: isElementDisplayed [50537042e9cfd616b999270b366231943aa0fcb9, isElementDisplayed {id=263}]
Apr 25, 2019 6:39:37 PM org.openqa.selenium.remote.RemoteWebDriver log
WARNING: Executed: [50537042e9cfd616b999270b366231943aa0fcb9, isElementDisplayed {id=263}]
Apr 25, 2019 6:39:37 PM org.openqa.selenium.remote.RemoteWebDriver log
WARNING: Executing: isElementDisplayed [50537042e9cfd616b999270b366231943aa0fcb9, isElementDisplayed {id=264}]
Apr 25, 2019 6:39:37 PM org.openqa.selenium.remote.RemoteWebDriver log
WARNING: Executed: [50537042e9cfd616b999270b366231943aa0fcb9, isElementDisplayed {id=264}]
Apr 25, 2019 6:39:37 PM org.openqa.selenium.remote.RemoteWebDriver log
WARNING: Executing: isElementDisplayed [50537042e9cfd616b999270b366231943aa0fcb9, isElementDisplayed {id=265}]
Apr 25, 2019 6:39:37 PM org.openqa.selenium.remote.RemoteWebDriver log
WARNING: Executed: [50537042e9cfd616b999270b366231943aa0fcb9, isElementDisplayed {id=265}]
Apr 25, 2019 6:39:37 PM org.openqa.selenium.remote.RemoteWebDriver log
WARNING: Executing: isElementDisplayed [50537042e9cfd616b999270b366231943aa0fcb9, isElementDisplayed {id=266}]
Apr 25, 2019 6:39:38 PM org.openqa.selenium.remote.RemoteWebDriver log
WARNING: Executed: [50537042e9cfd616b999270b366231943aa0fcb9, isElementDisplayed {id=266}]
Apr 25, 2019 6:39:38 PM org.openqa.selenium.remote.RemoteWebDriver log
WARNING: Executing: isElementDisplayed [50537042e9cfd616b999270b366231943aa0fcb9, isElementDisplayed {id=267}]
Apr 25, 2019 6:39:38 PM org.openqa.selenium.remote.RemoteWebDriver log
WARNING: Executed: [50537042e9cfd616b999270b366231943aa0fcb9, isElementDisplayed {id=267}]
Apr 25, 2019 6:39:38 PM org.openqa.selenium.remote.RemoteWebDriver log
WARNING: Executing: isElementDisplayed [50537042e9cfd616b999270b366231943aa0fcb9, isElementDisplayed {id=268}]
Apr 25, 2019 6:39:38 PM org.openqa.selenium.remote.RemoteWebDriver log
WARNING: Executed: [50537042e9cfd616b999270b366231943aa0fcb9, isElementDisplayed {id=268}]
Apr 25, 2019 6:39:38 PM org.openqa.selenium.remote.RemoteWebDriver log
WARNING: Executing: isElementDisplayed [50537042e9cfd616b999270b366231943aa0fcb9, isElementDisplayed {id=269}]
Apr 25, 2019 6:39:38 PM org.openqa.selenium.remote.RemoteWebDriver log
WARNING: Executed: [50537042e9cfd616b999270b366231943aa0fcb9, isElementDisplayed {id=269}]
Apr 25, 2019 6:39:38 PM org.openqa.selenium.remote.RemoteWebDriver log
WARNING: Executing: isElementDisplayed [50537042e9cfd616b999270b366231943aa0fcb9, isElementDisplayed {id=270}]
Apr 25, 2019 6:39:38 PM org.openqa.selenium.remote.RemoteWebDriver log
WARNING: Executed: [50537042e9cfd616b999270b366231943aa0fcb9, isElementDisplayed {id=270}]
Apr 25, 2019 6:39:38 PM org.openqa.selenium.remote.RemoteWebDriver log
WARNING: Executing: isElementDisplayed [50537042e9cfd616b999270b366231943aa0fcb9, isElementDisplayed {id=271}]
Apr 25, 2019 6:39:39 PM org.openqa.selenium.remote.RemoteWebDriver log
WARNING: Executed: [50537042e9cfd616b999270b366231943aa0fcb9, isElementDisplayed {id=271}]
Apr 25, 2019 6:39:39 PM org.openqa.selenium.remote.RemoteWebDriver log
WARNING: Executing: isElementDisplayed [50537042e9cfd616b999270b366231943aa0fcb9, isElementDisplayed {id=272}]
Apr 25, 2019 6:39:39 PM org.openqa.selenium.remote.RemoteWebDriver log
WARNING: Executed: [50537042e9cfd616b999270b366231943aa0fcb9, isElementDisplayed {id=272}]
Apr 25, 2019 6:39:39 PM org.openqa.selenium.remote.RemoteWebDriver log
WARNING: Executing: isElementDisplayed [50537042e9cfd616b999270b366231943aa0fcb9, isElementDisplayed {id=273}]
Apr 25, 2019 6:39:39 PM org.openqa.selenium.remote.RemoteWebDriver log
WARNING: Executed: [50537042e9cfd616b999270b366231943aa0fcb9, isElementDisplayed {id=273}]
Apr 25, 2019 6:39:39 PM org.openqa.selenium.remote.RemoteWebDriver log
WARNING: Executing: isElementDisplayed [50537042e9cfd616b999270b366231943aa0fcb9, isElementDisplayed {id=274}]
Apr 25, 2019 6:39:39 PM org.openqa.selenium.remote.RemoteWebDriver log
WARNING: Executed: [50537042e9cfd616b999270b366231943aa0fcb9, isElementDisplayed {id=274}]
Apr 25, 2019 6:39:39 PM org.openqa.selenium.remote.RemoteWebDriver log
WARNING: Executing: isElementDisplayed [50537042e9cfd616b999270b366231943aa0fcb9, isElementDisplayed {id=275}]
Apr 25, 2019 6:39:39 PM org.openqa.selenium.remote.RemoteWebDriver log
WARNING: Executed: [50537042e9cfd616b999270b366231943aa0fcb9, isElementDisplayed {id=275}]
Apr 25, 2019 6:39:39 PM org.openqa.selenium.remote.RemoteWebDriver log
WARNING: Executing: isElementDisplayed [50537042e9cfd616b999270b366231943aa0fcb9, isElementDisplayed {id=276}]
Apr 25, 2019 6:39:40 PM org.openqa.selenium.remote.RemoteWebDriver log
WARNING: Executed: [50537042e9cfd616b999270b366231943aa0fcb9, isElementDisplayed {id=276}]
Apr 25, 2019 6:39:40 PM org.openqa.selenium.remote.RemoteWebDriver log
WARNING: Executing: isElementDisplayed [50537042e9cfd616b999270b366231943aa0fcb9, isElementDisplayed {id=277}]
Apr 25, 2019 6:39:40 PM org.openqa.selenium.remote.RemoteWebDriver log
WARNING: Executed: [50537042e9cfd616b999270b366231943aa0fcb9, isElementDisplayed {id=277}]
Apr 25, 2019 6:39:40 PM org.openqa.selenium.remote.RemoteWebDriver log
WARNING: Executing: isElementDisplayed [50537042e9cfd616b999270b366231943aa0fcb9, isElementDisplayed {id=278}]
Apr 25, 2019 6:39:40 PM org.openqa.selenium.remote.RemoteWebDriver log
WARNING: Executed: [50537042e9cfd616b999270b366231943aa0fcb9, isElementDisplayed {id=278}]
Apr 25, 2019 6:39:40 PM org.openqa.selenium.remote.RemoteWebDriver log
WARNING: Executing: isElementDisplayed [50537042e9cfd616b999270b366231943aa0fcb9, isElementDisplayed {id=279}]
Apr 25, 2019 6:39:40 PM org.openqa.selenium.remote.RemoteWebDriver log
WARNING: Executed: [50537042e9cfd616b999270b366231943aa0fcb9, isElementDisplayed {id=279}]
Apr 25, 2019 6:39:40 PM org.openqa.selenium.remote.RemoteWebDriver log
WARNING: Executing: isElementDisplayed [50537042e9cfd616b999270b366231943aa0fcb9, isElementDisplayed {id=280}]
Apr 25, 2019 6:39:41 PM org.openqa.selenium.remote.RemoteWebDriver log
WARNING: Executed: [50537042e9cfd616b999270b366231943aa0fcb9, isElementDisplayed {id=280}]
Apr 25, 2019 6:39:41 PM org.openqa.selenium.remote.RemoteWebDriver log
WARNING: Executing: isElementDisplayed [50537042e9cfd616b999270b366231943aa0fcb9, isElementDisplayed {id=281}]
Apr 25, 2019 6:39:41 PM org.openqa.selenium.remote.RemoteWebDriver log
WARNING: Executed: [50537042e9cfd616b999270b366231943aa0fcb9, isElementDisplayed {id=281}]
Apr 25, 2019 6:39:41 PM org.openqa.selenium.remote.RemoteWebDriver log
WARNING: Executing: isElementDisplayed [50537042e9cfd616b999270b366231943aa0fcb9, isElementDisplayed {id=282}]
Apr 25, 2019 6:39:41 PM org.openqa.selenium.remote.RemoteWebDriver log
WARNING: Executed: [50537042e9cfd616b999270b366231943aa0fcb9, isElementDisplayed {id=282}]
Apr 25, 2019 6:39:41 PM org.openqa.selenium.remote.RemoteWebDriver log
WARNING: Executing: isElementDisplayed [50537042e9cfd616b999270b366231943aa0fcb9, isElementDisplayed {id=283}]
Apr 25, 2019 6:39:41 PM org.openqa.selenium.remote.RemoteWebDriver log
WARNING: Executed: [50537042e9cfd616b999270b366231943aa0fcb9, isElementDisplayed {id=283}]
Apr 25, 2019 6:39:41 PM org.openqa.selenium.remote.RemoteWebDriver log
WARNING: Executing: isElementDisplayed [50537042e9cfd616b999270b366231943aa0fcb9, isElementDisplayed {id=284}]
Apr 25, 2019 6:39:41 PM org.openqa.selenium.remote.RemoteWebDriver log
WARNING: Executed: [50537042e9cfd616b999270b366231943aa0fcb9, isElementDisplayed {id=284}]
Apr 25, 2019 6:39:41 PM org.openqa.selenium.remote.RemoteWebDriver log
WARNING: Executing: isElementDisplayed [50537042e9cfd616b999270b366231943aa0fcb9, isElementDisplayed {id=285}]
Apr 25, 2019 6:39:42 PM org.openqa.selenium.remote.RemoteWebDriver log
WARNING: Executed: [50537042e9cfd616b999270b366231943aa0fcb9, isElementDisplayed {id=285}]
Apr 25, 2019 6:39:42 PM org.openqa.selenium.remote.RemoteWebDriver log
WARNING: Executing: isElementDisplayed [50537042e9cfd616b999270b366231943aa0fcb9, isElementDisplayed {id=286}]
Apr 25, 2019 6:39:42 PM org.openqa.selenium.remote.RemoteWebDriver log
WARNING: Executed: [50537042e9cfd616b999270b366231943aa0fcb9, isElementDisplayed {id=286}]
Apr 25, 2019 6:39:42 PM org.openqa.selenium.remote.RemoteWebDriver log
WARNING: Executing: isElementDisplayed [50537042e9cfd616b999270b366231943aa0fcb9, isElementDisplayed {id=287}]
Apr 25, 2019 6:39:42 PM org.openqa.selenium.remote.RemoteWebDriver log
WARNING: Executed: [50537042e9cfd616b999270b366231943aa0fcb9, isElementDisplayed {id=287}]
Apr 25, 2019 6:39:42 PM org.openqa.selenium.remote.RemoteWebDriver log
WARNING: Executing: isElementDisplayed [50537042e9cfd616b999270b366231943aa0fcb9, isElementDisplayed {id=288}]
Apr 25, 2019 6:39:42 PM org.openqa.selenium.remote.RemoteWebDriver log
WARNING: Executed: [50537042e9cfd616b999270b366231943aa0fcb9, isElementDisplayed {id=288}]
Apr 25, 2019 6:39:42 PM org.openqa.selenium.remote.RemoteWebDriver log
WARNING: Executing: isElementDisplayed [50537042e9cfd616b999270b366231943aa0fcb9, isElementDisplayed {id=289}]
Apr 25, 2019 6:39:42 PM org.openqa.selenium.remote.RemoteWebDriver log
WARNING: Executed: [50537042e9cfd616b999270b366231943aa0fcb9, isElementDisplayed {id=289}]
Apr 25, 2019 6:39:42 PM org.openqa.selenium.remote.RemoteWebDriver log
WARNING: Executing: isElementDisplayed [50537042e9cfd616b999270b366231943aa0fcb9, isElementDisplayed {id=290}]
Apr 25, 2019 6:39:43 PM org.openqa.selenium.remote.RemoteWebDriver log
WARNING: Executed: [50537042e9cfd616b999270b366231943aa0fcb9, isElementDisplayed {id=290}]
Apr 25, 2019 6:39:43 PM org.openqa.selenium.remote.RemoteWebDriver log
WARNING: Executing: isElementDisplayed [50537042e9cfd616b999270b366231943aa0fcb9, isElementDisplayed {id=291}]
Apr 25, 2019 6:39:43 PM org.openqa.selenium.remote.RemoteWebDriver log
WARNING: Executed: [50537042e9cfd616b999270b366231943aa0fcb9, isElementDisplayed {id=291}]
Apr 25, 2019 6:39:43 PM org.openqa.selenium.remote.RemoteWebDriver log
WARNING: Executing: isElementDisplayed [50537042e9cfd616b999270b366231943aa0fcb9, isElementDisplayed {id=292}]
Apr 25, 2019 6:39:43 PM org.openqa.selenium.remote.RemoteWebDriver log
WARNING: Executed: [50537042e9cfd616b999270b366231943aa0fcb9, isElementDisplayed {id=292}]
Apr 25, 2019 6:39:43 PM org.openqa.selenium.remote.RemoteWebDriver log
WARNING: Executing: isElementDisplayed [50537042e9cfd616b999270b366231943aa0fcb9, isElementDisplayed {id=293}]
Apr 25, 2019 6:39:43 PM org.openqa.selenium.remote.RemoteWebDriver log
WARNING: Executed: [50537042e9cfd616b999270b366231943aa0fcb9, isElementDisplayed {id=293}]
Apr 25, 2019 6:39:43 PM org.openqa.selenium.remote.RemoteWebDriver log
WARNING: Executing: isElementDisplayed [50537042e9cfd616b999270b366231943aa0fcb9, isElementDisplayed {id=294}]
Apr 25, 2019 6:39:43 PM org.openqa.selenium.remote.RemoteWebDriver log
WARNING: Executed: [50537042e9cfd616b999270b366231943aa0fcb9, isElementDisplayed {id=294}]
Apr 25, 2019 6:39:43 PM org.openqa.selenium.remote.RemoteWebDriver log
WARNING: Executing: isElementDisplayed [50537042e9cfd616b999270b366231943aa0fcb9, isElementDisplayed {id=295}]
Apr 25, 2019 6:39:44 PM org.openqa.selenium.remote.RemoteWebDriver log
WARNING: Executed: [50537042e9cfd616b999270b366231943aa0fcb9, isElementDisplayed {id=295}]
Apr 25, 2019 6:39:44 PM org.openqa.selenium.remote.RemoteWebDriver log
WARNING: Executing: isElementDisplayed [50537042e9cfd616b999270b366231943aa0fcb9, isElementDisplayed {id=296}]
Apr 25, 2019 6:39:44 PM org.openqa.selenium.remote.RemoteWebDriver log
WARNING: Executed: [50537042e9cfd616b999270b366231943aa0fcb9, isElementDisplayed {id=296}]
Apr 25, 2019 6:39:44 PM org.openqa.selenium.remote.RemoteWebDriver log
WARNING: Executing: isElementDisplayed [50537042e9cfd616b999270b366231943aa0fcb9, isElementDisplayed {id=297}]
Apr 25, 2019 6:39:44 PM org.openqa.selenium.remote.RemoteWebDriver log
WARNING: Executed: [50537042e9cfd616b999270b366231943aa0fcb9, isElementDisplayed {id=297}]
Apr 25, 2019 6:39:44 PM org.openqa.selenium.remote.RemoteWebDriver log
WARNING: Executing: isElementDisplayed [50537042e9cfd616b999270b366231943aa0fcb9, isElementDisplayed {id=298}]
Apr 25, 2019 6:39:44 PM org.openqa.selenium.remote.RemoteWebDriver log
WARNING: Executed: [50537042e9cfd616b999270b366231943aa0fcb9, isElementDisplayed {id=298}]
Apr 25, 2019 6:39:44 PM org.openqa.selenium.remote.RemoteWebDriver log
WARNING: Executing: isElementDisplayed [50537042e9cfd616b999270b366231943aa0fcb9, isElementDisplayed {id=299}]
Apr 25, 2019 6:39:44 PM org.openqa.selenium.remote.RemoteWebDriver log
WARNING: Executed: [50537042e9cfd616b999270b366231943aa0fcb9, isElementDisplayed {id=299}]
Apr 25, 2019 6:39:44 PM org.openqa.selenium.remote.RemoteWebDriver log
WARNING: Executing: isElementDisplayed [50537042e9cfd616b999270b366231943aa0fcb9, isElementDisplayed {id=300}]
Apr 25, 2019 6:39:45 PM org.openqa.selenium.remote.RemoteWebDriver log
WARNING: Executed: [50537042e9cfd616b999270b366231943aa0fcb9, isElementDisplayed {id=300}]
Apr 25, 2019 6:39:45 PM org.openqa.selenium.remote.RemoteWebDriver log
WARNING: Executing: isElementDisplayed [50537042e9cfd616b999270b366231943aa0fcb9, isElementDisplayed {id=301}]
Apr 25, 2019 6:39:45 PM org.openqa.selenium.remote.RemoteWebDriver log
WARNING: Executed: [50537042e9cfd616b999270b366231943aa0fcb9, isElementDisplayed {id=301}]
Apr 25, 2019 6:39:45 PM org.openqa.selenium.remote.RemoteWebDriver log
WARNING: Executing: isElementDisplayed [50537042e9cfd616b999270b366231943aa0fcb9, isElementDisplayed {id=302}]
Apr 25, 2019 6:39:45 PM org.openqa.selenium.remote.RemoteWebDriver log
WARNING: Executed: [50537042e9cfd616b999270b366231943aa0fcb9, isElementDisplayed {id=302}]
Apr 25, 2019 6:39:45 PM org.openqa.selenium.remote.RemoteWebDriver log
WARNING: Executing: isElementDisplayed [50537042e9cfd616b999270b366231943aa0fcb9, isElementDisplayed {id=303}]
Apr 25, 2019 6:39:45 PM org.openqa.selenium.remote.RemoteWebDriver log
WARNING: Executed: [50537042e9cfd616b999270b366231943aa0fcb9, isElementDisplayed {id=303}]
Apr 25, 2019 6:39:45 PM org.openqa.selenium.remote.RemoteWebDriver log
WARNING: Executing: isElementDisplayed [50537042e9cfd616b999270b366231943aa0fcb9, isElementDisplayed {id=304}]
Apr 25, 2019 6:39:45 PM org.openqa.selenium.remote.RemoteWebDriver log
WARNING: Executed: [50537042e9cfd616b999270b366231943aa0fcb9, isElementDisplayed {id=304}]
Apr 25, 2019 6:39:45 PM org.openqa.selenium.remote.RemoteWebDriver log
WARNING: Executing: isElementDisplayed [50537042e9cfd616b999270b366231943aa0fcb9, isElementDisplayed {id=305}]
Apr 25, 2019 6:39:46 PM org.openqa.selenium.remote.RemoteWebDriver log
WARNING: Executed: [50537042e9cfd616b999270b366231943aa0fcb9, isElementDisplayed {id=305}]
Apr 25, 2019 6:39:46 PM org.openqa.selenium.remote.RemoteWebDriver log
WARNING: Executing: isElementDisplayed [50537042e9cfd616b999270b366231943aa0fcb9, isElementDisplayed {id=306}]
Apr 25, 2019 6:39:46 PM org.openqa.selenium.remote.RemoteWebDriver log
WARNING: Executed: [50537042e9cfd616b999270b366231943aa0fcb9, isElementDisplayed {id=306}]
Apr 25, 2019 6:39:46 PM org.openqa.selenium.remote.RemoteWebDriver log
WARNING: Executing: isElementDisplayed [50537042e9cfd616b999270b366231943aa0fcb9, isElementDisplayed {id=307}]
Apr 25, 2019 6:39:46 PM org.openqa.selenium.remote.RemoteWebDriver log
WARNING: Executed: [50537042e9cfd616b999270b366231943aa0fcb9, isElementDisplayed {id=307}]
Apr 25, 2019 6:39:46 PM org.openqa.selenium.remote.RemoteWebDriver log
WARNING: Executing: isElementDisplayed [50537042e9cfd616b999270b366231943aa0fcb9, isElementDisplayed {id=308}]
Apr 25, 2019 6:39:46 PM org.openqa.selenium.remote.RemoteWebDriver log
WARNING: Executed: [50537042e9cfd616b999270b366231943aa0fcb9, isElementDisplayed {id=308}]
Apr 25, 2019 6:39:46 PM org.openqa.selenium.remote.RemoteWebDriver log
WARNING: Executing: isElementDisplayed [50537042e9cfd616b999270b366231943aa0fcb9, isElementDisplayed {id=309}]
Apr 25, 2019 6:39:46 PM org.openqa.selenium.remote.RemoteWebDriver log
WARNING: Executed: [50537042e9cfd616b999270b366231943aa0fcb9, isElementDisplayed {id=309}]
Apr 25, 2019 6:39:46 PM org.openqa.selenium.remote.RemoteWebDriver log
WARNING: Executing: isElementDisplayed [50537042e9cfd616b999270b366231943aa0fcb9, isElementDisplayed {id=310}]
Apr 25, 2019 6:39:47 PM org.openqa.selenium.remote.RemoteWebDriver log
WARNING: Executed: [50537042e9cfd616b999270b366231943aa0fcb9, isElementDisplayed {id=310}]
Apr 25, 2019 6:39:47 PM org.openqa.selenium.remote.RemoteWebDriver log
WARNING: Executing: isElementDisplayed [50537042e9cfd616b999270b366231943aa0fcb9, isElementDisplayed {id=311}]
Apr 25, 2019 6:39:47 PM org.openqa.selenium.remote.RemoteWebDriver log
WARNING: Executed: [50537042e9cfd616b999270b366231943aa0fcb9, isElementDisplayed {id=311}]
Apr 25, 2019 6:39:47 PM org.openqa.selenium.remote.RemoteWebDriver log
WARNING: Executing: getElementText [50537042e9cfd616b999270b366231943aa0fcb9, getElementText {id=13}]
Apr 25, 2019 6:39:47 PM org.openqa.selenium.remote.RemoteWebDriver log
WARNING: Executed: [50537042e9cfd616b999270b366231943aa0fcb9, getElementText {id=13}]
Apr 25, 2019 6:39:47 PM org.openqa.selenium.remote.RemoteWebDriver log
WARNING: Executing: findElements [50537042e9cfd616b999270b366231943aa0fcb9, findElements {using=css selector, value=div[data-testcase-triage-category='FAIL'] div.testName}]
Apr 25, 2019 6:39:47 PM org.openqa.selenium.remote.RemoteWebDriver log
WARNING: Executed: [50537042e9cfd616b999270b366231943aa0fcb9, findElements {using=css selector, value=div[data-testcase-triage-category='FAIL'] div.testName}]
Apr 25, 2019 6:39:47 PM org.openqa.selenium.remote.RemoteWebDriver log
WARNING: Executing: getElementText [50537042e9cfd616b999270b366231943aa0fcb9, getElementText {id=13}]
Apr 25, 2019 6:39:48 PM org.openqa.selenium.remote.RemoteWebDriver log
WARNING: Executed: [50537042e9cfd616b999270b366231943aa0fcb9, getElementText {id=13}]
Apr 25, 2019 6:39:48 PM org.openqa.selenium.remote.RemoteWebDriver log
WARNING: Executing: clickElement [50537042e9cfd616b999270b366231943aa0fcb9, clickElement {id=13}]
Apr 25, 2019 6:39:48 PM org.openqa.selenium.remote.RemoteWebDriver log
WARNING: Executed: [50537042e9cfd616b999270b366231943aa0fcb9, clickElement {id=13}]
Apr 25, 2019 6:39:48 PM org.openqa.selenium.remote.RemoteWebDriver log
WARNING: Executing: getCurrentUrl [50537042e9cfd616b999270b366231943aa0fcb9, getCurrentUrl {}]
Apr 25, 2019 6:39:48 PM org.openqa.selenium.remote.RemoteWebDriver log
WARNING: Executed: [50537042e9cfd616b999270b366231943aa0fcb9, getCurrentUrl {}]
Apr 25, 2019 6:39:48 PM org.openqa.selenium.remote.RemoteWebDriver log
WARNING: Executing: findElement [50537042e9cfd616b999270b366231943aa0fcb9, findElement {using=class name, value=homeRoot}]
Apr 25, 2019 6:39:49 PM org.openqa.selenium.remote.RemoteWebDriver log
WARNING: Executed: [50537042e9cfd616b999270b366231943aa0fcb9, findElement {using=class name, value=homeRoot}]
Apr 25, 2019 6:39:49 PM org.openqa.selenium.remote.RemoteWebDriver log
WARNING: Executing: findElement [50537042e9cfd616b999270b366231943aa0fcb9, findElement {using=xpath, value=//div[starts-with(text(), 'Automatic')]}]
Apr 25, 2019 6:39:50 PM org.openqa.selenium.remote.RemoteWebDriver log
WARNING: Executed: [50537042e9cfd616b999270b366231943aa0fcb9, findElement {using=xpath, value=//div[starts-with(text(), 'Automatic')]}]
Apr 25, 2019 6:39:50 PM org.openqa.selenium.remote.RemoteWebDriver log
WARNING: Executing: isElementDisplayed [50537042e9cfd616b999270b366231943aa0fcb9, isElementDisplayed {id=312}]
Apr 25, 2019 6:39:51 PM org.openqa.selenium.remote.RemoteWebDriver log
WARNING: Executed: [50537042e9cfd616b999270b366231943aa0fcb9, isElementDisplayed {id=312}]
Apr 25, 2019 6:39:51 PM org.openqa.selenium.remote.RemoteWebDriver log
WARNING: Executing: isElementEnabled [50537042e9cfd616b999270b366231943aa0fcb9, isElementEnabled {id=312}]
Apr 25, 2019 6:39:51 PM org.openqa.selenium.remote.RemoteWebDriver log
WARNING: Executed: [50537042e9cfd616b999270b366231943aa0fcb9, isElementEnabled {id=312}]
Apr 25, 2019 6:39:51 PM org.openqa.selenium.remote.RemoteWebDriver log
WARNING: Executing: clickElement [50537042e9cfd616b999270b366231943aa0fcb9, clickElement {id=312}]
Apr 25, 2019 6:39:51 PM org.openqa.selenium.remote.RemoteWebDriver log
WARNING: Executed: [50537042e9cfd616b999270b366231943aa0fcb9, clickElement {id=312}]
Apr 25, 2019 6:39:51 PM org.openqa.selenium.remote.RemoteWebDriver log
WARNING: Executing: findElement [50537042e9cfd616b999270b366231943aa0fcb9, findElement {using=css selector, value=li[data-value='LOW']}]
Apr 25, 2019 6:39:57 PM org.openqa.selenium.remote.RemoteWebDriver log
WARNING: Executed: [50537042e9cfd616b999270b366231943aa0fcb9, findElement {using=css selector, value=li[data-value='LOW']}]
]]></system-err>
  </testcase>
  <testcase name="testCreateMediumPriority" classname="com.clarolab.AutomationIssuesTest" time="96.338">
    <failure message="Timed out after 5 seconds: Element 'By.cssSelector: li[data-value='MEDIUM']' never became clickable after '5' seconds
Build info: version: '2.45.0', revision: '5017cb8e7ca8e37638dc3091b2440b90a1d8686f', time: '2015-02-27 09:10:26'
System info: host: '6888e31d0e98', ip: '172.17.0.9', os.name: 'Linux', os.arch: 'amd64', os.version: '4.15.0-29-generic', java.version: '1.8.0_181'
Driver info: org.openqa.selenium.remote.RemoteWebDriver
Capabilities [{mobileEmulationEnabled=false, timeouts={implicit=0, pageLoad=300000, script=30000}, hasTouchScreen=false, platform=WINDOWS, acceptSslCerts=false, goog:chromeOptions={debuggerAddress=localhost:1080}, acceptInsecureCerts=false, webStorageEnabled=true, browserName=chrome, takesScreenshot=true, javascriptEnabled=true, setWindowRect=true, unexpectedAlertBehaviour=ignore, applicationCacheEnabled=false, rotatable=false, networkConnectionEnabled=false, chrome={chromedriverVersion=73.0.3683.68 (47787ec04b6e38e22703e856e101e840b65afe72), userDataDir=C:\Windows\proxy\scoped_dir4688_23575}, takesHeapSnapshot=true, pageLoadStrategy=normal, strictFileInteractability=false, databaseEnabled=false, handlesAlerts=true, version=73.0.3683.86, browserConnectionEnabled=false, nativeEvents=true, webdriver.remote.sessionid=a6cd9e71f1555307bba9603edc9a488fd7ea12d0, locationContextEnabled=true, cssSelectorsEnabled=true}]
Session ID: a6cd9e71f1555307bba9603edc9a488fd7ea12d0" type="org.openqa.selenium.TimeoutException">org.openqa.selenium.TimeoutException: 
Timed out after 5 seconds: Element 'By.cssSelector: li[data-value='MEDIUM']' never became clickable after '5' seconds
Build info: version: '2.45.0', revision: '5017cb8e7ca8e37638dc3091b2440b90a1d8686f', time: '2015-02-27 09:10:26'
System info: host: '6888e31d0e98', ip: '172.17.0.9', os.name: 'Linux', os.arch: 'amd64', os.version: '4.15.0-29-generic', java.version: '1.8.0_181'
Driver info: org.openqa.selenium.remote.RemoteWebDriver
Capabilities [{mobileEmulationEnabled=false, timeouts={implicit=0, pageLoad=300000, script=30000}, hasTouchScreen=false, platform=WINDOWS, acceptSslCerts=false, goog:chromeOptions={debuggerAddress=localhost:1080}, acceptInsecureCerts=false, webStorageEnabled=true, browserName=chrome, takesScreenshot=true, javascriptEnabled=true, setWindowRect=true, unexpectedAlertBehaviour=ignore, applicationCacheEnabled=false, rotatable=false, networkConnectionEnabled=false, chrome={chromedriverVersion=73.0.3683.68 (47787ec04b6e38e22703e856e101e840b65afe72), userDataDir=C:\Windows\proxy\scoped_dir4688_23575}, takesHeapSnapshot=true, pageLoadStrategy=normal, strictFileInteractability=false, databaseEnabled=false, handlesAlerts=true, version=73.0.3683.86, browserConnectionEnabled=false, nativeEvents=true, webdriver.remote.sessionid=a6cd9e71f1555307bba9603edc9a488fd7ea12d0, locationContextEnabled=true, cssSelectorsEnabled=true}]
Session ID: a6cd9e71f1555307bba9603edc9a488fd7ea12d0
	at com.clarolab.AutomationIssuesTest.testCreateMediumPriority(AutomationIssuesTest.java:37)
Caused by: org.openqa.selenium.NoSuchElementException: 
no such element: Unable to locate element: {"method":"css selector","selector":"li[data-value='MEDIUM']"}
  (Session info: chrome=73.0.3683.86)
  (Driver info: chromedriver=73.0.3683.68 (47787ec04b6e38e22703e856e101e840b65afe72),platform=Windows NT 6.1.7601 SP1 x86_64) (WARNING: The server did not provide any stacktrace information)
Command duration or timeout: 2.05 seconds
For documentation on this error, please visit: http://seleniumhq.org/exceptions/no_such_element.html
Build info: version: '2.53.0', revision: '35ae25b', time: '2016-03-15 17:00:58'
System info: host: '208-52-164-40', ip: '208.52.164.40', os.name: 'windows', os.arch: 'x86', os.version: '6.1', java.version: '1.8.0_181'
Driver info: org.openqa.selenium.chrome.ChromeDriver
Capabilities [{mobileEmulationEnabled=false, timeouts={implicit=0, pageLoad=300000, script=30000}, hasTouchScreen=false, platform=XP, acceptSslCerts=false, goog:chromeOptions={debuggerAddress=localhost:1080}, acceptInsecureCerts=false, webStorageEnabled=true, browserName=chrome, takesScreenshot=true, javascriptEnabled=true, setWindowRect=true, unexpectedAlertBehaviour=ignore, applicationCacheEnabled=false, rotatable=false, networkConnectionEnabled=false, chrome={chromedriverVersion=73.0.3683.68 (47787ec04b6e38e22703e856e101e840b65afe72), userDataDir=C:\Windows\proxy\scoped_dir4688_23575}, takesHeapSnapshot=true, pageLoadStrategy=normal, strictFileInteractability=false, databaseEnabled=false, handlesAlerts=true, version=73.0.3683.86, browserConnectionEnabled=false, proxy={}, nativeEvents=true, locationContextEnabled=true, cssSelectorsEnabled=true}]
Session ID: c395274ca997436ad3f48863be9283d6
*** Element info: {Using=css selector, value=li[data-value='MEDIUM']}
Command duration or timeout: 3.24 seconds
For documentation on this error, please visit: http://seleniumhq.org/exceptions/no_such_element.html
Build info: version: '2.45.0', revision: '5017cb8e7ca8e37638dc3091b2440b90a1d8686f', time: '2015-02-27 09:10:26'
System info: host: '6888e31d0e98', ip: '172.17.0.9', os.name: 'Linux', os.arch: 'amd64', os.version: '4.15.0-29-generic', java.version: '1.8.0_181'
Driver info: org.openqa.selenium.remote.RemoteWebDriver
Capabilities [{mobileEmulationEnabled=false, timeouts={implicit=0, pageLoad=300000, script=30000}, hasTouchScreen=false, platform=WINDOWS, acceptSslCerts=false, goog:chromeOptions={debuggerAddress=localhost:1080}, acceptInsecureCerts=false, webStorageEnabled=true, browserName=chrome, takesScreenshot=true, javascriptEnabled=true, setWindowRect=true, unexpectedAlertBehaviour=ignore, applicationCacheEnabled=false, rotatable=false, networkConnectionEnabled=false, chrome={chromedriverVersion=73.0.3683.68 (47787ec04b6e38e22703e856e101e840b65afe72), userDataDir=C:\Windows\proxy\scoped_dir4688_23575}, takesHeapSnapshot=true, pageLoadStrategy=normal, strictFileInteractability=false, databaseEnabled=false, handlesAlerts=true, version=73.0.3683.86, browserConnectionEnabled=false, nativeEvents=true, webdriver.remote.sessionid=a6cd9e71f1555307bba9603edc9a488fd7ea12d0, locationContextEnabled=true, cssSelectorsEnabled=true}]
Session ID: a6cd9e71f1555307bba9603edc9a488fd7ea12d0
*** Element info: {Using=css selector, value=li[data-value='MEDIUM']}
	at com.clarolab.AutomationIssuesTest.testCreateMediumPriority(AutomationIssuesTest.java:37)
Caused by: org.openqa.selenium.remote.ScreenshotException: 
Screen shot has been taken
Build info: version: '2.45.0', revision: '5017cb8e7ca8e37638dc3091b2440b90a1d8686f', time: '2015-02-27 09:10:26'
System info: host: '6888e31d0e98', ip: '172.17.0.9', os.name: 'Linux', os.arch: 'amd64', os.version: '4.15.0-29-generic', java.version: '1.8.0_181'
Driver info: driver.version: RemoteWebDriver
	at com.clarolab.AutomationIssuesTest.testCreateMediumPriority(AutomationIssuesTest.java:37)
Caused by: org.openqa.selenium.NoSuchElementException: 
no such element: Unable to locate element: {"method":"css selector","selector":"li[data-value='MEDIUM']"}
  (Session info: chrome=73.0.3683.86)
  (Driver info: chromedriver=73.0.3683.68 (47787ec04b6e38e22703e856e101e840b65afe72),platform=Windows NT 6.1.7601 SP1 x86_64) (WARNING: The server did not provide any stacktrace information)
Command duration or timeout: 2.05 seconds
For documentation on this error, please visit: http://seleniumhq.org/exceptions/no_such_element.html
Build info: version: '2.53.0', revision: '35ae25b', time: '2016-03-15 17:00:58'
System info: host: '208-52-164-40', ip: '208.52.164.40', os.name: 'windows', os.arch: 'x86', os.version: '6.1', java.version: '1.8.0_181'
Driver info: org.openqa.selenium.chrome.ChromeDriver
Capabilities [{mobileEmulationEnabled=false, timeouts={implicit=0, pageLoad=300000, script=30000}, hasTouchScreen=false, platform=XP, acceptSslCerts=false, goog:chromeOptions={debuggerAddress=localhost:1080}, acceptInsecureCerts=false, webStorageEnabled=true, browserName=chrome, takesScreenshot=true, javascriptEnabled=true, setWindowRect=true, unexpectedAlertBehaviour=ignore, applicationCacheEnabled=false, rotatable=false, networkConnectionEnabled=false, chrome={chromedriverVersion=73.0.3683.68 (47787ec04b6e38e22703e856e101e840b65afe72), userDataDir=C:\Windows\proxy\scoped_dir4688_23575}, takesHeapSnapshot=true, pageLoadStrategy=normal, strictFileInteractability=false, databaseEnabled=false, handlesAlerts=true, version=73.0.3683.86, browserConnectionEnabled=false, proxy={}, nativeEvents=true, locationContextEnabled=true, cssSelectorsEnabled=true}]
Session ID: c395274ca997436ad3f48863be9283d6
*** Element info: {Using=css selector, value=li[data-value='MEDIUM']}
For documentation on this error, please visit: http://seleniumhq.org/exceptions/no_such_element.html
Build info: version: '2.45.0', revision: '5017cb8e7ca8e37638dc3091b2440b90a1d8686f', time: '2015-02-27 09:10:26'
System info: host: '6888e31d0e98', ip: '172.17.0.9', os.name: 'Linux', os.arch: 'amd64', os.version: '4.15.0-29-generic', java.version: '1.8.0_181'
Driver info: driver.version: EventFiringWebDriver
</failure>
    <system-err><![CDATA[Apr 25, 2019 6:39:57 PM org.openqa.selenium.remote.RemoteWebDriver log
WARNING: Executing: deleteAllCookies [50537042e9cfd616b999270b366231943aa0fcb9, deleteAllCookies {}]
Apr 25, 2019 6:39:57 PM org.openqa.selenium.remote.RemoteWebDriver log
WARNING: Executed: [50537042e9cfd616b999270b366231943aa0fcb9, deleteAllCookies {}]
Apr 25, 2019 6:39:57 PM org.openqa.selenium.remote.RemoteWebDriver log
WARNING: Executing: quit [50537042e9cfd616b999270b366231943aa0fcb9, quit {}]
Apr 25, 2019 6:40:01 PM org.openqa.selenium.remote.RemoteWebDriver log
WARNING: Executed: [50537042e9cfd616b999270b366231943aa0fcb9, quit {}]
Apr 25, 2019 6:40:05 PM org.openqa.selenium.remote.RemoteWebDriver log
WARNING: Executing: setTimeout [a6cd9e71f1555307bba9603edc9a488fd7ea12d0, setTimeout {type=page load, ms=80000}]
Apr 25, 2019 6:40:06 PM org.openqa.selenium.remote.RemoteWebDriver log
WARNING: Executed: [a6cd9e71f1555307bba9603edc9a488fd7ea12d0, setTimeout {type=page load, ms=80000}]
Apr 25, 2019 6:40:06 PM org.openqa.selenium.remote.RemoteWebDriver log
WARNING: Executing: implicitlyWait [a6cd9e71f1555307bba9603edc9a488fd7ea12d0, implicitlyWait {ms=2000}]
Apr 25, 2019 6:40:06 PM org.openqa.selenium.remote.RemoteWebDriver log
WARNING: Executed: [a6cd9e71f1555307bba9603edc9a488fd7ea12d0, implicitlyWait {ms=2000}]
Apr 25, 2019 6:40:06 PM org.openqa.selenium.remote.RemoteWebDriver log
WARNING: Executing: get [a6cd9e71f1555307bba9603edc9a488fd7ea12d0, get {url=http://tdev.clarolab.com/}]
Apr 25, 2019 6:40:12 PM org.openqa.selenium.remote.RemoteWebDriver log
WARNING: Executed: [a6cd9e71f1555307bba9603edc9a488fd7ea12d0, get {url=http://tdev.clarolab.com/}]
Apr 25, 2019 6:40:12 PM org.openqa.selenium.remote.RemoteWebDriver log
WARNING: Executing: getCurrentUrl [a6cd9e71f1555307bba9603edc9a488fd7ea12d0, getCurrentUrl {}]
Apr 25, 2019 6:40:12 PM org.openqa.selenium.remote.RemoteWebDriver log
WARNING: Executed: [a6cd9e71f1555307bba9603edc9a488fd7ea12d0, getCurrentUrl {}]
Apr 25, 2019 6:40:12 PM org.openqa.selenium.remote.RemoteWebDriver log
WARNING: Executing: getCurrentUrl [a6cd9e71f1555307bba9603edc9a488fd7ea12d0, getCurrentUrl {}]
Apr 25, 2019 6:40:13 PM org.openqa.selenium.remote.RemoteWebDriver log
WARNING: Executed: [a6cd9e71f1555307bba9603edc9a488fd7ea12d0, getCurrentUrl {}]
Apr 25, 2019 6:40:13 PM org.openqa.selenium.remote.RemoteWebDriver log
WARNING: Executing: findElement [a6cd9e71f1555307bba9603edc9a488fd7ea12d0, findElement {using=id, value=loginForm}]
Apr 25, 2019 6:40:14 PM org.openqa.selenium.remote.RemoteWebDriver log
WARNING: Executed: [a6cd9e71f1555307bba9603edc9a488fd7ea12d0, findElement {using=id, value=loginForm}]
Apr 25, 2019 6:40:14 PM org.openqa.selenium.remote.RemoteWebDriver log
WARNING: Executing: findElement [a6cd9e71f1555307bba9603edc9a488fd7ea12d0, findElement {using=tag name, value=body}]
Apr 25, 2019 6:40:14 PM org.openqa.selenium.remote.RemoteWebDriver log
WARNING: Executed: [a6cd9e71f1555307bba9603edc9a488fd7ea12d0, findElement {using=tag name, value=body}]
Apr 25, 2019 6:40:14 PM org.openqa.selenium.remote.RemoteWebDriver log
WARNING: Executing: getElementText [a6cd9e71f1555307bba9603edc9a488fd7ea12d0, getElementText {id=1}]
Apr 25, 2019 6:40:14 PM org.openqa.selenium.remote.RemoteWebDriver log
WARNING: Executed: [a6cd9e71f1555307bba9603edc9a488fd7ea12d0, getElementText {id=1}]
Apr 25, 2019 6:40:15 PM org.openqa.selenium.remote.RemoteWebDriver log
WARNING: Executing: findElement [a6cd9e71f1555307bba9603edc9a488fd7ea12d0, findElement {using=tag name, value=body}]
Apr 25, 2019 6:40:15 PM org.openqa.selenium.remote.RemoteWebDriver log
WARNING: Executed: [a6cd9e71f1555307bba9603edc9a488fd7ea12d0, findElement {using=tag name, value=body}]
Apr 25, 2019 6:40:15 PM org.openqa.selenium.remote.RemoteWebDriver log
WARNING: Executing: getElementText [a6cd9e71f1555307bba9603edc9a488fd7ea12d0, getElementText {id=1}]
Apr 25, 2019 6:40:15 PM org.openqa.selenium.remote.RemoteWebDriver log
WARNING: Executed: [a6cd9e71f1555307bba9603edc9a488fd7ea12d0, getElementText {id=1}]
Apr 25, 2019 6:40:15 PM org.openqa.selenium.remote.RemoteWebDriver log
WARNING: Executing: findElement [a6cd9e71f1555307bba9603edc9a488fd7ea12d0, findElement {using=tag name, value=body}]
Apr 25, 2019 6:40:16 PM org.openqa.selenium.remote.RemoteWebDriver log
WARNING: Executed: [a6cd9e71f1555307bba9603edc9a488fd7ea12d0, findElement {using=tag name, value=body}]
Apr 25, 2019 6:40:16 PM org.openqa.selenium.remote.RemoteWebDriver log
WARNING: Executing: getElementText [a6cd9e71f1555307bba9603edc9a488fd7ea12d0, getElementText {id=1}]
Apr 25, 2019 6:40:16 PM org.openqa.selenium.remote.RemoteWebDriver log
WARNING: Executed: [a6cd9e71f1555307bba9603edc9a488fd7ea12d0, getElementText {id=1}]
Apr 25, 2019 6:40:16 PM org.openqa.selenium.remote.RemoteWebDriver log
WARNING: Executing: findElement [a6cd9e71f1555307bba9603edc9a488fd7ea12d0, findElement {using=id, value=email}]
Apr 25, 2019 6:40:16 PM org.openqa.selenium.remote.RemoteWebDriver log
WARNING: Executed: [a6cd9e71f1555307bba9603edc9a488fd7ea12d0, findElement {using=id, value=email}]
Apr 25, 2019 6:40:16 PM org.openqa.selenium.remote.RemoteWebDriver log
WARNING: Executing: sendKeysToElement [a6cd9e71f1555307bba9603edc9a488fd7ea12d0, sendKeysToElement {id=2, value=[Ljava.lang.CharSequence;@4f3bbf68}]
Apr 25, 2019 6:40:17 PM org.openqa.selenium.remote.RemoteWebDriver log
WARNING: Executed: [a6cd9e71f1555307bba9603edc9a488fd7ea12d0, sendKeysToElement {id=2, value=[Ljava.lang.CharSequence;@4f3bbf68}]
Apr 25, 2019 6:40:17 PM org.openqa.selenium.remote.RemoteWebDriver log
WARNING: Executing: findElement [a6cd9e71f1555307bba9603edc9a488fd7ea12d0, findElement {using=id, value=password}]
Apr 25, 2019 6:40:17 PM org.openqa.selenium.remote.RemoteWebDriver log
WARNING: Executed: [a6cd9e71f1555307bba9603edc9a488fd7ea12d0, findElement {using=id, value=password}]
Apr 25, 2019 6:40:17 PM org.openqa.selenium.remote.RemoteWebDriver log
WARNING: Executing: sendKeysToElement [a6cd9e71f1555307bba9603edc9a488fd7ea12d0, sendKeysToElement {id=3, value=[Ljava.lang.CharSequence;@5be46f9d}]
Apr 25, 2019 6:40:17 PM org.openqa.selenium.remote.RemoteWebDriver log
WARNING: Executed: [a6cd9e71f1555307bba9603edc9a488fd7ea12d0, sendKeysToElement {id=3, value=[Ljava.lang.CharSequence;@5be46f9d}]
Apr 25, 2019 6:40:17 PM org.openqa.selenium.remote.RemoteWebDriver log
WARNING: Executing: findElement [a6cd9e71f1555307bba9603edc9a488fd7ea12d0, findElement {using=id, value=internalLoginSubmit}]
Apr 25, 2019 6:40:18 PM org.openqa.selenium.remote.RemoteWebDriver log
WARNING: Executed: [a6cd9e71f1555307bba9603edc9a488fd7ea12d0, findElement {using=id, value=internalLoginSubmit}]
Apr 25, 2019 6:40:18 PM org.openqa.selenium.remote.RemoteWebDriver log
WARNING: Executing: isElementDisplayed [a6cd9e71f1555307bba9603edc9a488fd7ea12d0, isElementDisplayed {id=4}]
Apr 25, 2019 6:40:18 PM org.openqa.selenium.remote.RemoteWebDriver log
WARNING: Executed: [a6cd9e71f1555307bba9603edc9a488fd7ea12d0, isElementDisplayed {id=4}]
Apr 25, 2019 6:40:18 PM org.openqa.selenium.remote.RemoteWebDriver log
WARNING: Executing: isElementEnabled [a6cd9e71f1555307bba9603edc9a488fd7ea12d0, isElementEnabled {id=4}]
Apr 25, 2019 6:40:18 PM org.openqa.selenium.remote.RemoteWebDriver log
WARNING: Executed: [a6cd9e71f1555307bba9603edc9a488fd7ea12d0, isElementEnabled {id=4}]
Apr 25, 2019 6:40:18 PM org.openqa.selenium.remote.RemoteWebDriver log
WARNING: Executing: clickElement [a6cd9e71f1555307bba9603edc9a488fd7ea12d0, clickElement {id=4}]
Apr 25, 2019 6:40:18 PM org.openqa.selenium.remote.RemoteWebDriver log
WARNING: Executed: [a6cd9e71f1555307bba9603edc9a488fd7ea12d0, clickElement {id=4}]
Apr 25, 2019 6:40:18 PM org.openqa.selenium.remote.RemoteWebDriver log
WARNING: Executing: getCurrentUrl [a6cd9e71f1555307bba9603edc9a488fd7ea12d0, getCurrentUrl {}]
Apr 25, 2019 6:40:18 PM org.openqa.selenium.remote.RemoteWebDriver log
WARNING: Executed: [a6cd9e71f1555307bba9603edc9a488fd7ea12d0, getCurrentUrl {}]
Apr 25, 2019 6:40:18 PM org.openqa.selenium.remote.RemoteWebDriver log
WARNING: Executing: findElement [a6cd9e71f1555307bba9603edc9a488fd7ea12d0, findElement {using=class name, value=homeRoot}]
Apr 25, 2019 6:40:22 PM org.openqa.selenium.remote.RemoteWebDriver log
WARNING: Executed: [a6cd9e71f1555307bba9603edc9a488fd7ea12d0, findElement {using=class name, value=homeRoot}]
Apr 25, 2019 6:40:23 PM org.openqa.selenium.remote.RemoteWebDriver log
WARNING: Executing: findElement [a6cd9e71f1555307bba9603edc9a488fd7ea12d0, findElement {using=class name, value=homeRoot}]
Apr 25, 2019 6:40:23 PM org.openqa.selenium.remote.RemoteWebDriver log
WARNING: Executed: [a6cd9e71f1555307bba9603edc9a488fd7ea12d0, findElement {using=class name, value=homeRoot}]
Apr 25, 2019 6:40:23 PM org.openqa.selenium.remote.RemoteWebDriver log
WARNING: Executing: findElement [a6cd9e71f1555307bba9603edc9a488fd7ea12d0, findElement {using=tag name, value=body}]
Apr 25, 2019 6:40:23 PM org.openqa.selenium.remote.RemoteWebDriver log
WARNING: Executed: [a6cd9e71f1555307bba9603edc9a488fd7ea12d0, findElement {using=tag name, value=body}]
Apr 25, 2019 6:40:23 PM org.openqa.selenium.remote.RemoteWebDriver log
WARNING: Executing: getElementText [a6cd9e71f1555307bba9603edc9a488fd7ea12d0, getElementText {id=1}]
Apr 25, 2019 6:40:24 PM org.openqa.selenium.remote.RemoteWebDriver log
WARNING: Executed: [a6cd9e71f1555307bba9603edc9a488fd7ea12d0, getElementText {id=1}]
Apr 25, 2019 6:40:24 PM org.openqa.selenium.remote.RemoteWebDriver log
WARNING: Executing: findElement [a6cd9e71f1555307bba9603edc9a488fd7ea12d0, findElement {using=tag name, value=body}]
Apr 25, 2019 6:40:24 PM org.openqa.selenium.remote.RemoteWebDriver log
WARNING: Executed: [a6cd9e71f1555307bba9603edc9a488fd7ea12d0, findElement {using=tag name, value=body}]
Apr 25, 2019 6:40:24 PM org.openqa.selenium.remote.RemoteWebDriver log
WARNING: Executing: getElementText [a6cd9e71f1555307bba9603edc9a488fd7ea12d0, getElementText {id=1}]
Apr 25, 2019 6:40:25 PM org.openqa.selenium.remote.RemoteWebDriver log
WARNING: Executed: [a6cd9e71f1555307bba9603edc9a488fd7ea12d0, getElementText {id=1}]
Apr 25, 2019 6:40:25 PM org.openqa.selenium.remote.RemoteWebDriver log
WARNING: Executing: getCurrentUrl [a6cd9e71f1555307bba9603edc9a488fd7ea12d0, getCurrentUrl {}]
Apr 25, 2019 6:40:25 PM org.openqa.selenium.remote.RemoteWebDriver log
WARNING: Executed: [a6cd9e71f1555307bba9603edc9a488fd7ea12d0, getCurrentUrl {}]
Apr 25, 2019 6:40:25 PM org.openqa.selenium.remote.RemoteWebDriver log
WARNING: Executing: getCurrentUrl [a6cd9e71f1555307bba9603edc9a488fd7ea12d0, getCurrentUrl {}]
Apr 25, 2019 6:40:26 PM org.openqa.selenium.remote.RemoteWebDriver log
WARNING: Executed: [a6cd9e71f1555307bba9603edc9a488fd7ea12d0, getCurrentUrl {}]
Apr 25, 2019 6:40:26 PM org.openqa.selenium.remote.RemoteWebDriver log
WARNING: Executing: findElement [a6cd9e71f1555307bba9603edc9a488fd7ea12d0, findElement {using=class name, value=homeRoot}]
Apr 25, 2019 6:40:26 PM org.openqa.selenium.remote.RemoteWebDriver log
WARNING: Executed: [a6cd9e71f1555307bba9603edc9a488fd7ea12d0, findElement {using=class name, value=homeRoot}]
Apr 25, 2019 6:40:26 PM org.openqa.selenium.remote.RemoteWebDriver log
WARNING: Executing: findElement [a6cd9e71f1555307bba9603edc9a488fd7ea12d0, findElement {using=tag name, value=body}]
Apr 25, 2019 6:40:26 PM org.openqa.selenium.remote.RemoteWebDriver log
WARNING: Executed: [a6cd9e71f1555307bba9603edc9a488fd7ea12d0, findElement {using=tag name, value=body}]
Apr 25, 2019 6:40:26 PM org.openqa.selenium.remote.RemoteWebDriver log
WARNING: Executing: getElementText [a6cd9e71f1555307bba9603edc9a488fd7ea12d0, getElementText {id=1}]
Apr 25, 2019 6:40:27 PM org.openqa.selenium.remote.RemoteWebDriver log
WARNING: Executed: [a6cd9e71f1555307bba9603edc9a488fd7ea12d0, getElementText {id=1}]
Apr 25, 2019 6:40:27 PM org.openqa.selenium.remote.RemoteWebDriver log
WARNING: Executing: findElement [a6cd9e71f1555307bba9603edc9a488fd7ea12d0, findElement {using=tag name, value=body}]
Apr 25, 2019 6:40:27 PM org.openqa.selenium.remote.RemoteWebDriver log
WARNING: Executed: [a6cd9e71f1555307bba9603edc9a488fd7ea12d0, findElement {using=tag name, value=body}]
Apr 25, 2019 6:40:27 PM org.openqa.selenium.remote.RemoteWebDriver log
WARNING: Executing: getElementText [a6cd9e71f1555307bba9603edc9a488fd7ea12d0, getElementText {id=1}]
Apr 25, 2019 6:40:28 PM org.openqa.selenium.remote.RemoteWebDriver log
WARNING: Executed: [a6cd9e71f1555307bba9603edc9a488fd7ea12d0, getElementText {id=1}]
Apr 25, 2019 6:40:28 PM org.openqa.selenium.remote.RemoteWebDriver log
WARNING: Executing: findElements [a6cd9e71f1555307bba9603edc9a488fd7ea12d0, findElements {using=css selector, value=tr.jobsTableRow}]
Apr 25, 2019 6:40:28 PM org.openqa.selenium.remote.RemoteWebDriver log
WARNING: Executed: [a6cd9e71f1555307bba9603edc9a488fd7ea12d0, findElements {using=css selector, value=tr.jobsTableRow}]
Apr 25, 2019 6:40:28 PM org.openqa.selenium.remote.RemoteWebDriver log
WARNING: Executing: isElementDisplayed [a6cd9e71f1555307bba9603edc9a488fd7ea12d0, isElementDisplayed {id=6}]
Apr 25, 2019 6:40:28 PM org.openqa.selenium.remote.RemoteWebDriver log
WARNING: Executed: [a6cd9e71f1555307bba9603edc9a488fd7ea12d0, isElementDisplayed {id=6}]
Apr 25, 2019 6:40:28 PM org.openqa.selenium.remote.RemoteWebDriver log
WARNING: Executing: isElementDisplayed [a6cd9e71f1555307bba9603edc9a488fd7ea12d0, isElementDisplayed {id=7}]
Apr 25, 2019 6:40:28 PM org.openqa.selenium.remote.RemoteWebDriver log
WARNING: Executed: [a6cd9e71f1555307bba9603edc9a488fd7ea12d0, isElementDisplayed {id=7}]
Apr 25, 2019 6:40:28 PM org.openqa.selenium.remote.RemoteWebDriver log
WARNING: Executing: isElementDisplayed [a6cd9e71f1555307bba9603edc9a488fd7ea12d0, isElementDisplayed {id=8}]
Apr 25, 2019 6:40:29 PM org.openqa.selenium.remote.RemoteWebDriver log
WARNING: Executed: [a6cd9e71f1555307bba9603edc9a488fd7ea12d0, isElementDisplayed {id=8}]
Apr 25, 2019 6:40:29 PM org.openqa.selenium.remote.RemoteWebDriver log
WARNING: Executing: isElementDisplayed [a6cd9e71f1555307bba9603edc9a488fd7ea12d0, isElementDisplayed {id=9}]
Apr 25, 2019 6:40:29 PM org.openqa.selenium.remote.RemoteWebDriver log
WARNING: Executed: [a6cd9e71f1555307bba9603edc9a488fd7ea12d0, isElementDisplayed {id=9}]
Apr 25, 2019 6:40:29 PM org.openqa.selenium.remote.RemoteWebDriver log
WARNING: Executing: findChildElement [a6cd9e71f1555307bba9603edc9a488fd7ea12d0, findChildElement {id=6, using=css selector, value=td.jobStatusTableCell div div:first-child}]
Apr 25, 2019 6:40:29 PM org.openqa.selenium.remote.RemoteWebDriver log
WARNING: Executed: [a6cd9e71f1555307bba9603edc9a488fd7ea12d0, findChildElement {id=6, using=css selector, value=td.jobStatusTableCell div div:first-child}]
Apr 25, 2019 6:40:29 PM org.openqa.selenium.remote.RemoteWebDriver log
WARNING: Executing: getElementText [a6cd9e71f1555307bba9603edc9a488fd7ea12d0, getElementText {id=10}]
Apr 25, 2019 6:40:29 PM org.openqa.selenium.remote.RemoteWebDriver log
WARNING: Executed: [a6cd9e71f1555307bba9603edc9a488fd7ea12d0, getElementText {id=10}]
Apr 25, 2019 6:40:29 PM org.openqa.selenium.remote.RemoteWebDriver log
WARNING: Executing: findChildElement [a6cd9e71f1555307bba9603edc9a488fd7ea12d0, findChildElement {id=6, using=css selector, value=td div}]
Apr 25, 2019 6:40:30 PM org.openqa.selenium.remote.RemoteWebDriver log
WARNING: Executed: [a6cd9e71f1555307bba9603edc9a488fd7ea12d0, findChildElement {id=6, using=css selector, value=td div}]
Apr 25, 2019 6:40:30 PM org.openqa.selenium.remote.RemoteWebDriver log
WARNING: Executing: isElementDisplayed [a6cd9e71f1555307bba9603edc9a488fd7ea12d0, isElementDisplayed {id=11}]
Apr 25, 2019 6:40:30 PM org.openqa.selenium.remote.RemoteWebDriver log
WARNING: Executed: [a6cd9e71f1555307bba9603edc9a488fd7ea12d0, isElementDisplayed {id=11}]
Apr 25, 2019 6:40:30 PM org.openqa.selenium.remote.RemoteWebDriver log
WARNING: Executing: getElementSize [a6cd9e71f1555307bba9603edc9a488fd7ea12d0, getElementSize {id=11}]
Apr 25, 2019 6:40:30 PM org.openqa.selenium.remote.RemoteWebDriver log
WARNING: Executed: [a6cd9e71f1555307bba9603edc9a488fd7ea12d0, getElementSize {id=11}]
Apr 25, 2019 6:40:30 PM org.openqa.selenium.remote.RemoteWebDriver log
WARNING: Executing: getElementSize [a6cd9e71f1555307bba9603edc9a488fd7ea12d0, getElementSize {id=11}]
Apr 25, 2019 6:40:30 PM org.openqa.selenium.remote.RemoteWebDriver log
WARNING: Executed: [a6cd9e71f1555307bba9603edc9a488fd7ea12d0, getElementSize {id=11}]
Apr 25, 2019 6:40:30 PM org.openqa.selenium.remote.RemoteWebDriver log
WARNING: Executing: getElementTagName [a6cd9e71f1555307bba9603edc9a488fd7ea12d0, getElementTagName {id=11}]
Apr 25, 2019 6:40:30 PM org.openqa.selenium.remote.RemoteWebDriver log
WARNING: Executed: [a6cd9e71f1555307bba9603edc9a488fd7ea12d0, getElementTagName {id=11}]
Apr 25, 2019 6:40:30 PM org.openqa.selenium.remote.RemoteWebDriver log
WARNING: Executing: clickElement [a6cd9e71f1555307bba9603edc9a488fd7ea12d0, clickElement {id=11}]
Apr 25, 2019 6:40:31 PM org.openqa.selenium.remote.RemoteWebDriver log
WARNING: Executed: [a6cd9e71f1555307bba9603edc9a488fd7ea12d0, clickElement {id=11}]
Apr 25, 2019 6:40:31 PM org.openqa.selenium.remote.RemoteWebDriver log
WARNING: Executing: getCurrentUrl [a6cd9e71f1555307bba9603edc9a488fd7ea12d0, getCurrentUrl {}]
Apr 25, 2019 6:40:31 PM org.openqa.selenium.remote.RemoteWebDriver log
WARNING: Executed: [a6cd9e71f1555307bba9603edc9a488fd7ea12d0, getCurrentUrl {}]
Apr 25, 2019 6:40:31 PM org.openqa.selenium.remote.RemoteWebDriver log
WARNING: Executing: findElement [a6cd9e71f1555307bba9603edc9a488fd7ea12d0, findElement {using=css selector, value=div.kanban}]
Apr 25, 2019 6:40:34 PM org.openqa.selenium.remote.RemoteWebDriver log
WARNING: Executed: [a6cd9e71f1555307bba9603edc9a488fd7ea12d0, findElement {using=css selector, value=div.kanban}]
Apr 25, 2019 6:40:35 PM org.openqa.selenium.remote.RemoteWebDriver log
WARNING: Executing: findElement [a6cd9e71f1555307bba9603edc9a488fd7ea12d0, findElement {using=css selector, value=div.kanban}]
Apr 25, 2019 6:40:35 PM org.openqa.selenium.remote.RemoteWebDriver log
WARNING: Executed: [a6cd9e71f1555307bba9603edc9a488fd7ea12d0, findElement {using=css selector, value=div.kanban}]
Apr 25, 2019 6:40:35 PM org.openqa.selenium.remote.RemoteWebDriver log
WARNING: Executing: getCurrentUrl [a6cd9e71f1555307bba9603edc9a488fd7ea12d0, getCurrentUrl {}]
Apr 25, 2019 6:40:36 PM org.openqa.selenium.remote.RemoteWebDriver log
WARNING: Executed: [a6cd9e71f1555307bba9603edc9a488fd7ea12d0, getCurrentUrl {}]
Apr 25, 2019 6:40:36 PM org.openqa.selenium.remote.RemoteWebDriver log
WARNING: Executing: findElements [a6cd9e71f1555307bba9603edc9a488fd7ea12d0, findElements {using=css selector, value=div[data-testcase-triage-category='FAIL'] div.testName}]
Apr 25, 2019 6:40:36 PM org.openqa.selenium.remote.RemoteWebDriver log
WARNING: Executed: [a6cd9e71f1555307bba9603edc9a488fd7ea12d0, findElements {using=css selector, value=div[data-testcase-triage-category='FAIL'] div.testName}]
Apr 25, 2019 6:40:36 PM org.openqa.selenium.remote.RemoteWebDriver log
WARNING: Executing: isElementDisplayed [a6cd9e71f1555307bba9603edc9a488fd7ea12d0, isElementDisplayed {id=13}]
Apr 25, 2019 6:40:36 PM org.openqa.selenium.remote.RemoteWebDriver log
WARNING: Executed: [a6cd9e71f1555307bba9603edc9a488fd7ea12d0, isElementDisplayed {id=13}]
Apr 25, 2019 6:40:36 PM org.openqa.selenium.remote.RemoteWebDriver log
WARNING: Executing: isElementDisplayed [a6cd9e71f1555307bba9603edc9a488fd7ea12d0, isElementDisplayed {id=14}]
Apr 25, 2019 6:40:36 PM org.openqa.selenium.remote.RemoteWebDriver log
WARNING: Executed: [a6cd9e71f1555307bba9603edc9a488fd7ea12d0, isElementDisplayed {id=14}]
Apr 25, 2019 6:40:36 PM org.openqa.selenium.remote.RemoteWebDriver log
WARNING: Executing: isElementDisplayed [a6cd9e71f1555307bba9603edc9a488fd7ea12d0, isElementDisplayed {id=15}]
Apr 25, 2019 6:40:36 PM org.openqa.selenium.remote.RemoteWebDriver log
WARNING: Executed: [a6cd9e71f1555307bba9603edc9a488fd7ea12d0, isElementDisplayed {id=15}]
Apr 25, 2019 6:40:36 PM org.openqa.selenium.remote.RemoteWebDriver log
WARNING: Executing: isElementDisplayed [a6cd9e71f1555307bba9603edc9a488fd7ea12d0, isElementDisplayed {id=16}]
Apr 25, 2019 6:40:37 PM org.openqa.selenium.remote.RemoteWebDriver log
WARNING: Executed: [a6cd9e71f1555307bba9603edc9a488fd7ea12d0, isElementDisplayed {id=16}]
Apr 25, 2019 6:40:37 PM org.openqa.selenium.remote.RemoteWebDriver log
WARNING: Executing: isElementDisplayed [a6cd9e71f1555307bba9603edc9a488fd7ea12d0, isElementDisplayed {id=17}]
Apr 25, 2019 6:40:37 PM org.openqa.selenium.remote.RemoteWebDriver log
WARNING: Executed: [a6cd9e71f1555307bba9603edc9a488fd7ea12d0, isElementDisplayed {id=17}]
Apr 25, 2019 6:40:37 PM org.openqa.selenium.remote.RemoteWebDriver log
WARNING: Executing: isElementDisplayed [a6cd9e71f1555307bba9603edc9a488fd7ea12d0, isElementDisplayed {id=18}]
Apr 25, 2019 6:40:37 PM org.openqa.selenium.remote.RemoteWebDriver log
WARNING: Executed: [a6cd9e71f1555307bba9603edc9a488fd7ea12d0, isElementDisplayed {id=18}]
Apr 25, 2019 6:40:37 PM org.openqa.selenium.remote.RemoteWebDriver log
WARNING: Executing: isElementDisplayed [a6cd9e71f1555307bba9603edc9a488fd7ea12d0, isElementDisplayed {id=19}]
Apr 25, 2019 6:40:37 PM org.openqa.selenium.remote.RemoteWebDriver log
WARNING: Executed: [a6cd9e71f1555307bba9603edc9a488fd7ea12d0, isElementDisplayed {id=19}]
Apr 25, 2019 6:40:37 PM org.openqa.selenium.remote.RemoteWebDriver log
WARNING: Executing: isElementDisplayed [a6cd9e71f1555307bba9603edc9a488fd7ea12d0, isElementDisplayed {id=20}]
Apr 25, 2019 6:40:38 PM org.openqa.selenium.remote.RemoteWebDriver log
WARNING: Executed: [a6cd9e71f1555307bba9603edc9a488fd7ea12d0, isElementDisplayed {id=20}]
Apr 25, 2019 6:40:38 PM org.openqa.selenium.remote.RemoteWebDriver log
WARNING: Executing: isElementDisplayed [a6cd9e71f1555307bba9603edc9a488fd7ea12d0, isElementDisplayed {id=21}]
Apr 25, 2019 6:40:38 PM org.openqa.selenium.remote.RemoteWebDriver log
WARNING: Executed: [a6cd9e71f1555307bba9603edc9a488fd7ea12d0, isElementDisplayed {id=21}]
Apr 25, 2019 6:40:38 PM org.openqa.selenium.remote.RemoteWebDriver log
WARNING: Executing: isElementDisplayed [a6cd9e71f1555307bba9603edc9a488fd7ea12d0, isElementDisplayed {id=22}]
Apr 25, 2019 6:40:38 PM org.openqa.selenium.remote.RemoteWebDriver log
WARNING: Executed: [a6cd9e71f1555307bba9603edc9a488fd7ea12d0, isElementDisplayed {id=22}]
Apr 25, 2019 6:40:38 PM org.openqa.selenium.remote.RemoteWebDriver log
WARNING: Executing: isElementDisplayed [a6cd9e71f1555307bba9603edc9a488fd7ea12d0, isElementDisplayed {id=23}]
Apr 25, 2019 6:40:38 PM org.openqa.selenium.remote.RemoteWebDriver log
WARNING: Executed: [a6cd9e71f1555307bba9603edc9a488fd7ea12d0, isElementDisplayed {id=23}]
Apr 25, 2019 6:40:38 PM org.openqa.selenium.remote.RemoteWebDriver log
WARNING: Executing: isElementDisplayed [a6cd9e71f1555307bba9603edc9a488fd7ea12d0, isElementDisplayed {id=24}]
Apr 25, 2019 6:40:39 PM org.openqa.selenium.remote.RemoteWebDriver log
WARNING: Executed: [a6cd9e71f1555307bba9603edc9a488fd7ea12d0, isElementDisplayed {id=24}]
Apr 25, 2019 6:40:39 PM org.openqa.selenium.remote.RemoteWebDriver log
WARNING: Executing: isElementDisplayed [a6cd9e71f1555307bba9603edc9a488fd7ea12d0, isElementDisplayed {id=25}]
Apr 25, 2019 6:40:39 PM org.openqa.selenium.remote.RemoteWebDriver log
WARNING: Executed: [a6cd9e71f1555307bba9603edc9a488fd7ea12d0, isElementDisplayed {id=25}]
Apr 25, 2019 6:40:39 PM org.openqa.selenium.remote.RemoteWebDriver log
WARNING: Executing: isElementDisplayed [a6cd9e71f1555307bba9603edc9a488fd7ea12d0, isElementDisplayed {id=26}]
Apr 25, 2019 6:40:39 PM org.openqa.selenium.remote.RemoteWebDriver log
WARNING: Executed: [a6cd9e71f1555307bba9603edc9a488fd7ea12d0, isElementDisplayed {id=26}]
Apr 25, 2019 6:40:39 PM org.openqa.selenium.remote.RemoteWebDriver log
WARNING: Executing: isElementDisplayed [a6cd9e71f1555307bba9603edc9a488fd7ea12d0, isElementDisplayed {id=27}]
Apr 25, 2019 6:40:40 PM org.openqa.selenium.remote.RemoteWebDriver log
WARNING: Executed: [a6cd9e71f1555307bba9603edc9a488fd7ea12d0, isElementDisplayed {id=27}]
Apr 25, 2019 6:40:40 PM org.openqa.selenium.remote.RemoteWebDriver log
WARNING: Executing: isElementDisplayed [a6cd9e71f1555307bba9603edc9a488fd7ea12d0, isElementDisplayed {id=28}]
Apr 25, 2019 6:40:40 PM org.openqa.selenium.remote.RemoteWebDriver log
WARNING: Executed: [a6cd9e71f1555307bba9603edc9a488fd7ea12d0, isElementDisplayed {id=28}]
Apr 25, 2019 6:40:40 PM org.openqa.selenium.remote.RemoteWebDriver log
WARNING: Executing: isElementDisplayed [a6cd9e71f1555307bba9603edc9a488fd7ea12d0, isElementDisplayed {id=29}]
Apr 25, 2019 6:40:40 PM org.openqa.selenium.remote.RemoteWebDriver log
WARNING: Executed: [a6cd9e71f1555307bba9603edc9a488fd7ea12d0, isElementDisplayed {id=29}]
Apr 25, 2019 6:40:40 PM org.openqa.selenium.remote.RemoteWebDriver log
WARNING: Executing: isElementDisplayed [a6cd9e71f1555307bba9603edc9a488fd7ea12d0, isElementDisplayed {id=30}]
Apr 25, 2019 6:40:40 PM org.openqa.selenium.remote.RemoteWebDriver log
WARNING: Executed: [a6cd9e71f1555307bba9603edc9a488fd7ea12d0, isElementDisplayed {id=30}]
Apr 25, 2019 6:40:40 PM org.openqa.selenium.remote.RemoteWebDriver log
WARNING: Executing: isElementDisplayed [a6cd9e71f1555307bba9603edc9a488fd7ea12d0, isElementDisplayed {id=31}]
Apr 25, 2019 6:40:41 PM org.openqa.selenium.remote.RemoteWebDriver log
WARNING: Executed: [a6cd9e71f1555307bba9603edc9a488fd7ea12d0, isElementDisplayed {id=31}]
Apr 25, 2019 6:40:41 PM org.openqa.selenium.remote.RemoteWebDriver log
WARNING: Executing: isElementDisplayed [a6cd9e71f1555307bba9603edc9a488fd7ea12d0, isElementDisplayed {id=32}]
Apr 25, 2019 6:40:41 PM org.openqa.selenium.remote.RemoteWebDriver log
WARNING: Executed: [a6cd9e71f1555307bba9603edc9a488fd7ea12d0, isElementDisplayed {id=32}]
Apr 25, 2019 6:40:41 PM org.openqa.selenium.remote.RemoteWebDriver log
WARNING: Executing: isElementDisplayed [a6cd9e71f1555307bba9603edc9a488fd7ea12d0, isElementDisplayed {id=33}]
Apr 25, 2019 6:40:41 PM org.openqa.selenium.remote.RemoteWebDriver log
WARNING: Executed: [a6cd9e71f1555307bba9603edc9a488fd7ea12d0, isElementDisplayed {id=33}]
Apr 25, 2019 6:40:41 PM org.openqa.selenium.remote.RemoteWebDriver log
WARNING: Executing: isElementDisplayed [a6cd9e71f1555307bba9603edc9a488fd7ea12d0, isElementDisplayed {id=34}]
Apr 25, 2019 6:40:41 PM org.openqa.selenium.remote.RemoteWebDriver log
WARNING: Executed: [a6cd9e71f1555307bba9603edc9a488fd7ea12d0, isElementDisplayed {id=34}]
Apr 25, 2019 6:40:41 PM org.openqa.selenium.remote.RemoteWebDriver log
WARNING: Executing: isElementDisplayed [a6cd9e71f1555307bba9603edc9a488fd7ea12d0, isElementDisplayed {id=35}]
Apr 25, 2019 6:40:42 PM org.openqa.selenium.remote.RemoteWebDriver log
WARNING: Executed: [a6cd9e71f1555307bba9603edc9a488fd7ea12d0, isElementDisplayed {id=35}]
Apr 25, 2019 6:40:42 PM org.openqa.selenium.remote.RemoteWebDriver log
WARNING: Executing: isElementDisplayed [a6cd9e71f1555307bba9603edc9a488fd7ea12d0, isElementDisplayed {id=36}]
Apr 25, 2019 6:40:42 PM org.openqa.selenium.remote.RemoteWebDriver log
WARNING: Executed: [a6cd9e71f1555307bba9603edc9a488fd7ea12d0, isElementDisplayed {id=36}]
Apr 25, 2019 6:40:42 PM org.openqa.selenium.remote.RemoteWebDriver log
WARNING: Executing: isElementDisplayed [a6cd9e71f1555307bba9603edc9a488fd7ea12d0, isElementDisplayed {id=37}]
Apr 25, 2019 6:40:42 PM org.openqa.selenium.remote.RemoteWebDriver log
WARNING: Executed: [a6cd9e71f1555307bba9603edc9a488fd7ea12d0, isElementDisplayed {id=37}]
Apr 25, 2019 6:40:42 PM org.openqa.selenium.remote.RemoteWebDriver log
WARNING: Executing: isElementDisplayed [a6cd9e71f1555307bba9603edc9a488fd7ea12d0, isElementDisplayed {id=38}]
Apr 25, 2019 6:40:42 PM org.openqa.selenium.remote.RemoteWebDriver log
WARNING: Executed: [a6cd9e71f1555307bba9603edc9a488fd7ea12d0, isElementDisplayed {id=38}]
Apr 25, 2019 6:40:42 PM org.openqa.selenium.remote.RemoteWebDriver log
WARNING: Executing: isElementDisplayed [a6cd9e71f1555307bba9603edc9a488fd7ea12d0, isElementDisplayed {id=39}]
Apr 25, 2019 6:40:42 PM org.openqa.selenium.remote.RemoteWebDriver log
WARNING: Executed: [a6cd9e71f1555307bba9603edc9a488fd7ea12d0, isElementDisplayed {id=39}]
Apr 25, 2019 6:40:42 PM org.openqa.selenium.remote.RemoteWebDriver log
WARNING: Executing: isElementDisplayed [a6cd9e71f1555307bba9603edc9a488fd7ea12d0, isElementDisplayed {id=40}]
Apr 25, 2019 6:40:43 PM org.openqa.selenium.remote.RemoteWebDriver log
WARNING: Executed: [a6cd9e71f1555307bba9603edc9a488fd7ea12d0, isElementDisplayed {id=40}]
Apr 25, 2019 6:40:43 PM org.openqa.selenium.remote.RemoteWebDriver log
WARNING: Executing: isElementDisplayed [a6cd9e71f1555307bba9603edc9a488fd7ea12d0, isElementDisplayed {id=41}]
Apr 25, 2019 6:40:43 PM org.openqa.selenium.remote.RemoteWebDriver log
WARNING: Executed: [a6cd9e71f1555307bba9603edc9a488fd7ea12d0, isElementDisplayed {id=41}]
Apr 25, 2019 6:40:43 PM org.openqa.selenium.remote.RemoteWebDriver log
WARNING: Executing: isElementDisplayed [a6cd9e71f1555307bba9603edc9a488fd7ea12d0, isElementDisplayed {id=42}]
Apr 25, 2019 6:40:43 PM org.openqa.selenium.remote.RemoteWebDriver log
WARNING: Executed: [a6cd9e71f1555307bba9603edc9a488fd7ea12d0, isElementDisplayed {id=42}]
Apr 25, 2019 6:40:43 PM org.openqa.selenium.remote.RemoteWebDriver log
WARNING: Executing: isElementDisplayed [a6cd9e71f1555307bba9603edc9a488fd7ea12d0, isElementDisplayed {id=43}]
Apr 25, 2019 6:40:43 PM org.openqa.selenium.remote.RemoteWebDriver log
WARNING: Executed: [a6cd9e71f1555307bba9603edc9a488fd7ea12d0, isElementDisplayed {id=43}]
Apr 25, 2019 6:40:43 PM org.openqa.selenium.remote.RemoteWebDriver log
WARNING: Executing: isElementDisplayed [a6cd9e71f1555307bba9603edc9a488fd7ea12d0, isElementDisplayed {id=44}]
Apr 25, 2019 6:40:44 PM org.openqa.selenium.remote.RemoteWebDriver log
WARNING: Executed: [a6cd9e71f1555307bba9603edc9a488fd7ea12d0, isElementDisplayed {id=44}]
Apr 25, 2019 6:40:44 PM org.openqa.selenium.remote.RemoteWebDriver log
WARNING: Executing: isElementDisplayed [a6cd9e71f1555307bba9603edc9a488fd7ea12d0, isElementDisplayed {id=45}]
Apr 25, 2019 6:40:44 PM org.openqa.selenium.remote.RemoteWebDriver log
WARNING: Executed: [a6cd9e71f1555307bba9603edc9a488fd7ea12d0, isElementDisplayed {id=45}]
Apr 25, 2019 6:40:44 PM org.openqa.selenium.remote.RemoteWebDriver log
WARNING: Executing: isElementDisplayed [a6cd9e71f1555307bba9603edc9a488fd7ea12d0, isElementDisplayed {id=46}]
Apr 25, 2019 6:40:44 PM org.openqa.selenium.remote.RemoteWebDriver log
WARNING: Executed: [a6cd9e71f1555307bba9603edc9a488fd7ea12d0, isElementDisplayed {id=46}]
Apr 25, 2019 6:40:44 PM org.openqa.selenium.remote.RemoteWebDriver log
WARNING: Executing: isElementDisplayed [a6cd9e71f1555307bba9603edc9a488fd7ea12d0, isElementDisplayed {id=47}]
Apr 25, 2019 6:40:44 PM org.openqa.selenium.remote.RemoteWebDriver log
WARNING: Executed: [a6cd9e71f1555307bba9603edc9a488fd7ea12d0, isElementDisplayed {id=47}]
Apr 25, 2019 6:40:44 PM org.openqa.selenium.remote.RemoteWebDriver log
WARNING: Executing: isElementDisplayed [a6cd9e71f1555307bba9603edc9a488fd7ea12d0, isElementDisplayed {id=48}]
Apr 25, 2019 6:40:45 PM org.openqa.selenium.remote.RemoteWebDriver log
WARNING: Executed: [a6cd9e71f1555307bba9603edc9a488fd7ea12d0, isElementDisplayed {id=48}]
Apr 25, 2019 6:40:45 PM org.openqa.selenium.remote.RemoteWebDriver log
WARNING: Executing: isElementDisplayed [a6cd9e71f1555307bba9603edc9a488fd7ea12d0, isElementDisplayed {id=49}]
Apr 25, 2019 6:40:45 PM org.openqa.selenium.remote.RemoteWebDriver log
WARNING: Executed: [a6cd9e71f1555307bba9603edc9a488fd7ea12d0, isElementDisplayed {id=49}]
Apr 25, 2019 6:40:45 PM org.openqa.selenium.remote.RemoteWebDriver log
WARNING: Executing: isElementDisplayed [a6cd9e71f1555307bba9603edc9a488fd7ea12d0, isElementDisplayed {id=50}]
Apr 25, 2019 6:40:45 PM org.openqa.selenium.remote.RemoteWebDriver log
WARNING: Executed: [a6cd9e71f1555307bba9603edc9a488fd7ea12d0, isElementDisplayed {id=50}]
Apr 25, 2019 6:40:45 PM org.openqa.selenium.remote.RemoteWebDriver log
WARNING: Executing: isElementDisplayed [a6cd9e71f1555307bba9603edc9a488fd7ea12d0, isElementDisplayed {id=51}]
Apr 25, 2019 6:40:45 PM org.openqa.selenium.remote.RemoteWebDriver log
WARNING: Executed: [a6cd9e71f1555307bba9603edc9a488fd7ea12d0, isElementDisplayed {id=51}]
Apr 25, 2019 6:40:45 PM org.openqa.selenium.remote.RemoteWebDriver log
WARNING: Executing: isElementDisplayed [a6cd9e71f1555307bba9603edc9a488fd7ea12d0, isElementDisplayed {id=52}]
Apr 25, 2019 6:40:45 PM org.openqa.selenium.remote.RemoteWebDriver log
WARNING: Executed: [a6cd9e71f1555307bba9603edc9a488fd7ea12d0, isElementDisplayed {id=52}]
Apr 25, 2019 6:40:45 PM org.openqa.selenium.remote.RemoteWebDriver log
WARNING: Executing: isElementDisplayed [a6cd9e71f1555307bba9603edc9a488fd7ea12d0, isElementDisplayed {id=53}]
Apr 25, 2019 6:40:46 PM org.openqa.selenium.remote.RemoteWebDriver log
WARNING: Executed: [a6cd9e71f1555307bba9603edc9a488fd7ea12d0, isElementDisplayed {id=53}]
Apr 25, 2019 6:40:46 PM org.openqa.selenium.remote.RemoteWebDriver log
WARNING: Executing: isElementDisplayed [a6cd9e71f1555307bba9603edc9a488fd7ea12d0, isElementDisplayed {id=54}]
Apr 25, 2019 6:40:46 PM org.openqa.selenium.remote.RemoteWebDriver log
WARNING: Executed: [a6cd9e71f1555307bba9603edc9a488fd7ea12d0, isElementDisplayed {id=54}]
Apr 25, 2019 6:40:46 PM org.openqa.selenium.remote.RemoteWebDriver log
WARNING: Executing: isElementDisplayed [a6cd9e71f1555307bba9603edc9a488fd7ea12d0, isElementDisplayed {id=55}]
Apr 25, 2019 6:40:46 PM org.openqa.selenium.remote.RemoteWebDriver log
WARNING: Executed: [a6cd9e71f1555307bba9603edc9a488fd7ea12d0, isElementDisplayed {id=55}]
Apr 25, 2019 6:40:46 PM org.openqa.selenium.remote.RemoteWebDriver log
WARNING: Executing: isElementDisplayed [a6cd9e71f1555307bba9603edc9a488fd7ea12d0, isElementDisplayed {id=56}]
Apr 25, 2019 6:40:46 PM org.openqa.selenium.remote.RemoteWebDriver log
WARNING: Executed: [a6cd9e71f1555307bba9603edc9a488fd7ea12d0, isElementDisplayed {id=56}]
Apr 25, 2019 6:40:46 PM org.openqa.selenium.remote.RemoteWebDriver log
WARNING: Executing: isElementDisplayed [a6cd9e71f1555307bba9603edc9a488fd7ea12d0, isElementDisplayed {id=57}]
Apr 25, 2019 6:40:47 PM org.openqa.selenium.remote.RemoteWebDriver log
WARNING: Executed: [a6cd9e71f1555307bba9603edc9a488fd7ea12d0, isElementDisplayed {id=57}]
Apr 25, 2019 6:40:47 PM org.openqa.selenium.remote.RemoteWebDriver log
WARNING: Executing: isElementDisplayed [a6cd9e71f1555307bba9603edc9a488fd7ea12d0, isElementDisplayed {id=58}]
Apr 25, 2019 6:40:47 PM org.openqa.selenium.remote.RemoteWebDriver log
WARNING: Executed: [a6cd9e71f1555307bba9603edc9a488fd7ea12d0, isElementDisplayed {id=58}]
Apr 25, 2019 6:40:47 PM org.openqa.selenium.remote.RemoteWebDriver log
WARNING: Executing: isElementDisplayed [a6cd9e71f1555307bba9603edc9a488fd7ea12d0, isElementDisplayed {id=59}]
Apr 25, 2019 6:40:47 PM org.openqa.selenium.remote.RemoteWebDriver log
WARNING: Executed: [a6cd9e71f1555307bba9603edc9a488fd7ea12d0, isElementDisplayed {id=59}]
Apr 25, 2019 6:40:47 PM org.openqa.selenium.remote.RemoteWebDriver log
WARNING: Executing: isElementDisplayed [a6cd9e71f1555307bba9603edc9a488fd7ea12d0, isElementDisplayed {id=60}]
Apr 25, 2019 6:40:48 PM org.openqa.selenium.remote.RemoteWebDriver log
WARNING: Executed: [a6cd9e71f1555307bba9603edc9a488fd7ea12d0, isElementDisplayed {id=60}]
Apr 25, 2019 6:40:48 PM org.openqa.selenium.remote.RemoteWebDriver log
WARNING: Executing: isElementDisplayed [a6cd9e71f1555307bba9603edc9a488fd7ea12d0, isElementDisplayed {id=61}]
Apr 25, 2019 6:40:48 PM org.openqa.selenium.remote.RemoteWebDriver log
WARNING: Executed: [a6cd9e71f1555307bba9603edc9a488fd7ea12d0, isElementDisplayed {id=61}]
Apr 25, 2019 6:40:48 PM org.openqa.selenium.remote.RemoteWebDriver log
WARNING: Executing: isElementDisplayed [a6cd9e71f1555307bba9603edc9a488fd7ea12d0, isElementDisplayed {id=62}]
Apr 25, 2019 6:40:48 PM org.openqa.selenium.remote.RemoteWebDriver log
WARNING: Executed: [a6cd9e71f1555307bba9603edc9a488fd7ea12d0, isElementDisplayed {id=62}]
Apr 25, 2019 6:40:48 PM org.openqa.selenium.remote.RemoteWebDriver log
WARNING: Executing: isElementDisplayed [a6cd9e71f1555307bba9603edc9a488fd7ea12d0, isElementDisplayed {id=63}]
Apr 25, 2019 6:40:48 PM org.openqa.selenium.remote.RemoteWebDriver log
WARNING: Executed: [a6cd9e71f1555307bba9603edc9a488fd7ea12d0, isElementDisplayed {id=63}]
Apr 25, 2019 6:40:48 PM org.openqa.selenium.remote.RemoteWebDriver log
WARNING: Executing: isElementDisplayed [a6cd9e71f1555307bba9603edc9a488fd7ea12d0, isElementDisplayed {id=64}]
Apr 25, 2019 6:40:49 PM org.openqa.selenium.remote.RemoteWebDriver log
WARNING: Executed: [a6cd9e71f1555307bba9603edc9a488fd7ea12d0, isElementDisplayed {id=64}]
Apr 25, 2019 6:40:49 PM org.openqa.selenium.remote.RemoteWebDriver log
WARNING: Executing: isElementDisplayed [a6cd9e71f1555307bba9603edc9a488fd7ea12d0, isElementDisplayed {id=65}]
Apr 25, 2019 6:40:49 PM org.openqa.selenium.remote.RemoteWebDriver log
WARNING: Executed: [a6cd9e71f1555307bba9603edc9a488fd7ea12d0, isElementDisplayed {id=65}]
Apr 25, 2019 6:40:49 PM org.openqa.selenium.remote.RemoteWebDriver log
WARNING: Executing: isElementDisplayed [a6cd9e71f1555307bba9603edc9a488fd7ea12d0, isElementDisplayed {id=66}]
Apr 25, 2019 6:40:49 PM org.openqa.selenium.remote.RemoteWebDriver log
WARNING: Executed: [a6cd9e71f1555307bba9603edc9a488fd7ea12d0, isElementDisplayed {id=66}]
Apr 25, 2019 6:40:49 PM org.openqa.selenium.remote.RemoteWebDriver log
WARNING: Executing: isElementDisplayed [a6cd9e71f1555307bba9603edc9a488fd7ea12d0, isElementDisplayed {id=67}]
Apr 25, 2019 6:40:49 PM org.openqa.selenium.remote.RemoteWebDriver log
WARNING: Executed: [a6cd9e71f1555307bba9603edc9a488fd7ea12d0, isElementDisplayed {id=67}]
Apr 25, 2019 6:40:49 PM org.openqa.selenium.remote.RemoteWebDriver log
WARNING: Executing: isElementDisplayed [a6cd9e71f1555307bba9603edc9a488fd7ea12d0, isElementDisplayed {id=68}]
Apr 25, 2019 6:40:50 PM org.openqa.selenium.remote.RemoteWebDriver log
WARNING: Executed: [a6cd9e71f1555307bba9603edc9a488fd7ea12d0, isElementDisplayed {id=68}]
Apr 25, 2019 6:40:50 PM org.openqa.selenium.remote.RemoteWebDriver log
WARNING: Executing: isElementDisplayed [a6cd9e71f1555307bba9603edc9a488fd7ea12d0, isElementDisplayed {id=69}]
Apr 25, 2019 6:40:50 PM org.openqa.selenium.remote.RemoteWebDriver log
WARNING: Executed: [a6cd9e71f1555307bba9603edc9a488fd7ea12d0, isElementDisplayed {id=69}]
Apr 25, 2019 6:40:50 PM org.openqa.selenium.remote.RemoteWebDriver log
WARNING: Executing: isElementDisplayed [a6cd9e71f1555307bba9603edc9a488fd7ea12d0, isElementDisplayed {id=70}]
Apr 25, 2019 6:40:50 PM org.openqa.selenium.remote.RemoteWebDriver log
WARNING: Executed: [a6cd9e71f1555307bba9603edc9a488fd7ea12d0, isElementDisplayed {id=70}]
Apr 25, 2019 6:40:50 PM org.openqa.selenium.remote.RemoteWebDriver log
WARNING: Executing: isElementDisplayed [a6cd9e71f1555307bba9603edc9a488fd7ea12d0, isElementDisplayed {id=71}]
Apr 25, 2019 6:40:50 PM org.openqa.selenium.remote.RemoteWebDriver log
WARNING: Executed: [a6cd9e71f1555307bba9603edc9a488fd7ea12d0, isElementDisplayed {id=71}]
Apr 25, 2019 6:40:50 PM org.openqa.selenium.remote.RemoteWebDriver log
WARNING: Executing: isElementDisplayed [a6cd9e71f1555307bba9603edc9a488fd7ea12d0, isElementDisplayed {id=72}]
Apr 25, 2019 6:40:51 PM org.openqa.selenium.remote.RemoteWebDriver log
WARNING: Executed: [a6cd9e71f1555307bba9603edc9a488fd7ea12d0, isElementDisplayed {id=72}]
Apr 25, 2019 6:40:51 PM org.openqa.selenium.remote.RemoteWebDriver log
WARNING: Executing: isElementDisplayed [a6cd9e71f1555307bba9603edc9a488fd7ea12d0, isElementDisplayed {id=73}]
Apr 25, 2019 6:40:51 PM org.openqa.selenium.remote.RemoteWebDriver log
WARNING: Executed: [a6cd9e71f1555307bba9603edc9a488fd7ea12d0, isElementDisplayed {id=73}]
Apr 25, 2019 6:40:51 PM org.openqa.selenium.remote.RemoteWebDriver log
WARNING: Executing: isElementDisplayed [a6cd9e71f1555307bba9603edc9a488fd7ea12d0, isElementDisplayed {id=74}]
Apr 25, 2019 6:40:51 PM org.openqa.selenium.remote.RemoteWebDriver log
WARNING: Executed: [a6cd9e71f1555307bba9603edc9a488fd7ea12d0, isElementDisplayed {id=74}]
Apr 25, 2019 6:40:51 PM org.openqa.selenium.remote.RemoteWebDriver log
WARNING: Executing: isElementDisplayed [a6cd9e71f1555307bba9603edc9a488fd7ea12d0, isElementDisplayed {id=75}]
Apr 25, 2019 6:40:51 PM org.openqa.selenium.remote.RemoteWebDriver log
WARNING: Executed: [a6cd9e71f1555307bba9603edc9a488fd7ea12d0, isElementDisplayed {id=75}]
Apr 25, 2019 6:40:51 PM org.openqa.selenium.remote.RemoteWebDriver log
WARNING: Executing: isElementDisplayed [a6cd9e71f1555307bba9603edc9a488fd7ea12d0, isElementDisplayed {id=76}]
Apr 25, 2019 6:40:51 PM org.openqa.selenium.remote.RemoteWebDriver log
WARNING: Executed: [a6cd9e71f1555307bba9603edc9a488fd7ea12d0, isElementDisplayed {id=76}]
Apr 25, 2019 6:40:51 PM org.openqa.selenium.remote.RemoteWebDriver log
WARNING: Executing: isElementDisplayed [a6cd9e71f1555307bba9603edc9a488fd7ea12d0, isElementDisplayed {id=77}]
Apr 25, 2019 6:40:52 PM org.openqa.selenium.remote.RemoteWebDriver log
WARNING: Executed: [a6cd9e71f1555307bba9603edc9a488fd7ea12d0, isElementDisplayed {id=77}]
Apr 25, 2019 6:40:52 PM org.openqa.selenium.remote.RemoteWebDriver log
WARNING: Executing: isElementDisplayed [a6cd9e71f1555307bba9603edc9a488fd7ea12d0, isElementDisplayed {id=78}]
Apr 25, 2019 6:40:52 PM org.openqa.selenium.remote.RemoteWebDriver log
WARNING: Executed: [a6cd9e71f1555307bba9603edc9a488fd7ea12d0, isElementDisplayed {id=78}]
Apr 25, 2019 6:40:52 PM org.openqa.selenium.remote.RemoteWebDriver log
WARNING: Executing: isElementDisplayed [a6cd9e71f1555307bba9603edc9a488fd7ea12d0, isElementDisplayed {id=79}]
Apr 25, 2019 6:40:52 PM org.openqa.selenium.remote.RemoteWebDriver log
WARNING: Executed: [a6cd9e71f1555307bba9603edc9a488fd7ea12d0, isElementDisplayed {id=79}]
Apr 25, 2019 6:40:52 PM org.openqa.selenium.remote.RemoteWebDriver log
WARNING: Executing: isElementDisplayed [a6cd9e71f1555307bba9603edc9a488fd7ea12d0, isElementDisplayed {id=80}]
Apr 25, 2019 6:40:52 PM org.openqa.selenium.remote.RemoteWebDriver log
WARNING: Executed: [a6cd9e71f1555307bba9603edc9a488fd7ea12d0, isElementDisplayed {id=80}]
Apr 25, 2019 6:40:52 PM org.openqa.selenium.remote.RemoteWebDriver log
WARNING: Executing: isElementDisplayed [a6cd9e71f1555307bba9603edc9a488fd7ea12d0, isElementDisplayed {id=81}]
Apr 25, 2019 6:40:53 PM org.openqa.selenium.remote.RemoteWebDriver log
WARNING: Executed: [a6cd9e71f1555307bba9603edc9a488fd7ea12d0, isElementDisplayed {id=81}]
Apr 25, 2019 6:40:53 PM org.openqa.selenium.remote.RemoteWebDriver log
WARNING: Executing: isElementDisplayed [a6cd9e71f1555307bba9603edc9a488fd7ea12d0, isElementDisplayed {id=82}]
Apr 25, 2019 6:40:53 PM org.openqa.selenium.remote.RemoteWebDriver log
WARNING: Executed: [a6cd9e71f1555307bba9603edc9a488fd7ea12d0, isElementDisplayed {id=82}]
Apr 25, 2019 6:40:53 PM org.openqa.selenium.remote.RemoteWebDriver log
WARNING: Executing: isElementDisplayed [a6cd9e71f1555307bba9603edc9a488fd7ea12d0, isElementDisplayed {id=83}]
Apr 25, 2019 6:40:53 PM org.openqa.selenium.remote.RemoteWebDriver log
WARNING: Executed: [a6cd9e71f1555307bba9603edc9a488fd7ea12d0, isElementDisplayed {id=83}]
Apr 25, 2019 6:40:53 PM org.openqa.selenium.remote.RemoteWebDriver log
WARNING: Executing: isElementDisplayed [a6cd9e71f1555307bba9603edc9a488fd7ea12d0, isElementDisplayed {id=84}]
Apr 25, 2019 6:40:53 PM org.openqa.selenium.remote.RemoteWebDriver log
WARNING: Executed: [a6cd9e71f1555307bba9603edc9a488fd7ea12d0, isElementDisplayed {id=84}]
Apr 25, 2019 6:40:53 PM org.openqa.selenium.remote.RemoteWebDriver log
WARNING: Executing: isElementDisplayed [a6cd9e71f1555307bba9603edc9a488fd7ea12d0, isElementDisplayed {id=85}]
Apr 25, 2019 6:40:54 PM org.openqa.selenium.remote.RemoteWebDriver log
WARNING: Executed: [a6cd9e71f1555307bba9603edc9a488fd7ea12d0, isElementDisplayed {id=85}]
Apr 25, 2019 6:40:54 PM org.openqa.selenium.remote.RemoteWebDriver log
WARNING: Executing: isElementDisplayed [a6cd9e71f1555307bba9603edc9a488fd7ea12d0, isElementDisplayed {id=86}]
Apr 25, 2019 6:40:54 PM org.openqa.selenium.remote.RemoteWebDriver log
WARNING: Executed: [a6cd9e71f1555307bba9603edc9a488fd7ea12d0, isElementDisplayed {id=86}]
Apr 25, 2019 6:40:54 PM org.openqa.selenium.remote.RemoteWebDriver log
WARNING: Executing: isElementDisplayed [a6cd9e71f1555307bba9603edc9a488fd7ea12d0, isElementDisplayed {id=87}]
Apr 25, 2019 6:40:54 PM org.openqa.selenium.remote.RemoteWebDriver log
WARNING: Executed: [a6cd9e71f1555307bba9603edc9a488fd7ea12d0, isElementDisplayed {id=87}]
Apr 25, 2019 6:40:54 PM org.openqa.selenium.remote.RemoteWebDriver log
WARNING: Executing: isElementDisplayed [a6cd9e71f1555307bba9603edc9a488fd7ea12d0, isElementDisplayed {id=88}]
Apr 25, 2019 6:40:54 PM org.openqa.selenium.remote.RemoteWebDriver log
WARNING: Executed: [a6cd9e71f1555307bba9603edc9a488fd7ea12d0, isElementDisplayed {id=88}]
Apr 25, 2019 6:40:54 PM org.openqa.selenium.remote.RemoteWebDriver log
WARNING: Executing: isElementDisplayed [a6cd9e71f1555307bba9603edc9a488fd7ea12d0, isElementDisplayed {id=89}]
Apr 25, 2019 6:40:55 PM org.openqa.selenium.remote.RemoteWebDriver log
WARNING: Executed: [a6cd9e71f1555307bba9603edc9a488fd7ea12d0, isElementDisplayed {id=89}]
Apr 25, 2019 6:40:55 PM org.openqa.selenium.remote.RemoteWebDriver log
WARNING: Executing: isElementDisplayed [a6cd9e71f1555307bba9603edc9a488fd7ea12d0, isElementDisplayed {id=90}]
Apr 25, 2019 6:40:55 PM org.openqa.selenium.remote.RemoteWebDriver log
WARNING: Executed: [a6cd9e71f1555307bba9603edc9a488fd7ea12d0, isElementDisplayed {id=90}]
Apr 25, 2019 6:40:55 PM org.openqa.selenium.remote.RemoteWebDriver log
WARNING: Executing: isElementDisplayed [a6cd9e71f1555307bba9603edc9a488fd7ea12d0, isElementDisplayed {id=91}]
Apr 25, 2019 6:40:55 PM org.openqa.selenium.remote.RemoteWebDriver log
WARNING: Executed: [a6cd9e71f1555307bba9603edc9a488fd7ea12d0, isElementDisplayed {id=91}]
Apr 25, 2019 6:40:55 PM org.openqa.selenium.remote.RemoteWebDriver log
WARNING: Executing: isElementDisplayed [a6cd9e71f1555307bba9603edc9a488fd7ea12d0, isElementDisplayed {id=92}]
Apr 25, 2019 6:40:55 PM org.openqa.selenium.remote.RemoteWebDriver log
WARNING: Executed: [a6cd9e71f1555307bba9603edc9a488fd7ea12d0, isElementDisplayed {id=92}]
Apr 25, 2019 6:40:55 PM org.openqa.selenium.remote.RemoteWebDriver log
WARNING: Executing: isElementDisplayed [a6cd9e71f1555307bba9603edc9a488fd7ea12d0, isElementDisplayed {id=93}]
Apr 25, 2019 6:40:55 PM org.openqa.selenium.remote.RemoteWebDriver log
WARNING: Executed: [a6cd9e71f1555307bba9603edc9a488fd7ea12d0, isElementDisplayed {id=93}]
Apr 25, 2019 6:40:55 PM org.openqa.selenium.remote.RemoteWebDriver log
WARNING: Executing: isElementDisplayed [a6cd9e71f1555307bba9603edc9a488fd7ea12d0, isElementDisplayed {id=94}]
Apr 25, 2019 6:40:56 PM org.openqa.selenium.remote.RemoteWebDriver log
WARNING: Executed: [a6cd9e71f1555307bba9603edc9a488fd7ea12d0, isElementDisplayed {id=94}]
Apr 25, 2019 6:40:56 PM org.openqa.selenium.remote.RemoteWebDriver log
WARNING: Executing: isElementDisplayed [a6cd9e71f1555307bba9603edc9a488fd7ea12d0, isElementDisplayed {id=95}]
Apr 25, 2019 6:40:56 PM org.openqa.selenium.remote.RemoteWebDriver log
WARNING: Executed: [a6cd9e71f1555307bba9603edc9a488fd7ea12d0, isElementDisplayed {id=95}]
Apr 25, 2019 6:40:56 PM org.openqa.selenium.remote.RemoteWebDriver log
WARNING: Executing: isElementDisplayed [a6cd9e71f1555307bba9603edc9a488fd7ea12d0, isElementDisplayed {id=96}]
Apr 25, 2019 6:40:56 PM org.openqa.selenium.remote.RemoteWebDriver log
WARNING: Executed: [a6cd9e71f1555307bba9603edc9a488fd7ea12d0, isElementDisplayed {id=96}]
Apr 25, 2019 6:40:56 PM org.openqa.selenium.remote.RemoteWebDriver log
WARNING: Executing: isElementDisplayed [a6cd9e71f1555307bba9603edc9a488fd7ea12d0, isElementDisplayed {id=97}]
Apr 25, 2019 6:40:56 PM org.openqa.selenium.remote.RemoteWebDriver log
WARNING: Executed: [a6cd9e71f1555307bba9603edc9a488fd7ea12d0, isElementDisplayed {id=97}]
Apr 25, 2019 6:40:56 PM org.openqa.selenium.remote.RemoteWebDriver log
WARNING: Executing: isElementDisplayed [a6cd9e71f1555307bba9603edc9a488fd7ea12d0, isElementDisplayed {id=98}]
Apr 25, 2019 6:40:57 PM org.openqa.selenium.remote.RemoteWebDriver log
WARNING: Executed: [a6cd9e71f1555307bba9603edc9a488fd7ea12d0, isElementDisplayed {id=98}]
Apr 25, 2019 6:40:57 PM org.openqa.selenium.remote.RemoteWebDriver log
WARNING: Executing: isElementDisplayed [a6cd9e71f1555307bba9603edc9a488fd7ea12d0, isElementDisplayed {id=99}]
Apr 25, 2019 6:40:57 PM org.openqa.selenium.remote.RemoteWebDriver log
WARNING: Executed: [a6cd9e71f1555307bba9603edc9a488fd7ea12d0, isElementDisplayed {id=99}]
Apr 25, 2019 6:40:57 PM org.openqa.selenium.remote.RemoteWebDriver log
WARNING: Executing: isElementDisplayed [a6cd9e71f1555307bba9603edc9a488fd7ea12d0, isElementDisplayed {id=100}]
Apr 25, 2019 6:40:57 PM org.openqa.selenium.remote.RemoteWebDriver log
WARNING: Executed: [a6cd9e71f1555307bba9603edc9a488fd7ea12d0, isElementDisplayed {id=100}]
Apr 25, 2019 6:40:57 PM org.openqa.selenium.remote.RemoteWebDriver log
WARNING: Executing: isElementDisplayed [a6cd9e71f1555307bba9603edc9a488fd7ea12d0, isElementDisplayed {id=101}]
Apr 25, 2019 6:40:57 PM org.openqa.selenium.remote.RemoteWebDriver log
WARNING: Executed: [a6cd9e71f1555307bba9603edc9a488fd7ea12d0, isElementDisplayed {id=101}]
Apr 25, 2019 6:40:57 PM org.openqa.selenium.remote.RemoteWebDriver log
WARNING: Executing: isElementDisplayed [a6cd9e71f1555307bba9603edc9a488fd7ea12d0, isElementDisplayed {id=102}]
Apr 25, 2019 6:40:58 PM org.openqa.selenium.remote.RemoteWebDriver log
WARNING: Executed: [a6cd9e71f1555307bba9603edc9a488fd7ea12d0, isElementDisplayed {id=102}]
Apr 25, 2019 6:40:58 PM org.openqa.selenium.remote.RemoteWebDriver log
WARNING: Executing: isElementDisplayed [a6cd9e71f1555307bba9603edc9a488fd7ea12d0, isElementDisplayed {id=103}]
Apr 25, 2019 6:40:58 PM org.openqa.selenium.remote.RemoteWebDriver log
WARNING: Executed: [a6cd9e71f1555307bba9603edc9a488fd7ea12d0, isElementDisplayed {id=103}]
Apr 25, 2019 6:40:58 PM org.openqa.selenium.remote.RemoteWebDriver log
WARNING: Executing: isElementDisplayed [a6cd9e71f1555307bba9603edc9a488fd7ea12d0, isElementDisplayed {id=104}]
Apr 25, 2019 6:40:58 PM org.openqa.selenium.remote.RemoteWebDriver log
WARNING: Executed: [a6cd9e71f1555307bba9603edc9a488fd7ea12d0, isElementDisplayed {id=104}]
Apr 25, 2019 6:40:58 PM org.openqa.selenium.remote.RemoteWebDriver log
WARNING: Executing: isElementDisplayed [a6cd9e71f1555307bba9603edc9a488fd7ea12d0, isElementDisplayed {id=105}]
Apr 25, 2019 6:40:58 PM org.openqa.selenium.remote.RemoteWebDriver log
WARNING: Executed: [a6cd9e71f1555307bba9603edc9a488fd7ea12d0, isElementDisplayed {id=105}]
Apr 25, 2019 6:40:58 PM org.openqa.selenium.remote.RemoteWebDriver log
WARNING: Executing: isElementDisplayed [a6cd9e71f1555307bba9603edc9a488fd7ea12d0, isElementDisplayed {id=106}]
Apr 25, 2019 6:40:59 PM org.openqa.selenium.remote.RemoteWebDriver log
WARNING: Executed: [a6cd9e71f1555307bba9603edc9a488fd7ea12d0, isElementDisplayed {id=106}]
Apr 25, 2019 6:40:59 PM org.openqa.selenium.remote.RemoteWebDriver log
WARNING: Executing: isElementDisplayed [a6cd9e71f1555307bba9603edc9a488fd7ea12d0, isElementDisplayed {id=107}]
Apr 25, 2019 6:40:59 PM org.openqa.selenium.remote.RemoteWebDriver log
WARNING: Executed: [a6cd9e71f1555307bba9603edc9a488fd7ea12d0, isElementDisplayed {id=107}]
Apr 25, 2019 6:40:59 PM org.openqa.selenium.remote.RemoteWebDriver log
WARNING: Executing: isElementDisplayed [a6cd9e71f1555307bba9603edc9a488fd7ea12d0, isElementDisplayed {id=108}]
Apr 25, 2019 6:40:59 PM org.openqa.selenium.remote.RemoteWebDriver log
WARNING: Executed: [a6cd9e71f1555307bba9603edc9a488fd7ea12d0, isElementDisplayed {id=108}]
Apr 25, 2019 6:40:59 PM org.openqa.selenium.remote.RemoteWebDriver log
WARNING: Executing: isElementDisplayed [a6cd9e71f1555307bba9603edc9a488fd7ea12d0, isElementDisplayed {id=109}]
Apr 25, 2019 6:40:59 PM org.openqa.selenium.remote.RemoteWebDriver log
WARNING: Executed: [a6cd9e71f1555307bba9603edc9a488fd7ea12d0, isElementDisplayed {id=109}]
Apr 25, 2019 6:40:59 PM org.openqa.selenium.remote.RemoteWebDriver log
WARNING: Executing: isElementDisplayed [a6cd9e71f1555307bba9603edc9a488fd7ea12d0, isElementDisplayed {id=110}]
Apr 25, 2019 6:41:00 PM org.openqa.selenium.remote.RemoteWebDriver log
WARNING: Executed: [a6cd9e71f1555307bba9603edc9a488fd7ea12d0, isElementDisplayed {id=110}]
Apr 25, 2019 6:41:00 PM org.openqa.selenium.remote.RemoteWebDriver log
WARNING: Executing: isElementDisplayed [a6cd9e71f1555307bba9603edc9a488fd7ea12d0, isElementDisplayed {id=111}]
Apr 25, 2019 6:41:00 PM org.openqa.selenium.remote.RemoteWebDriver log
WARNING: Executed: [a6cd9e71f1555307bba9603edc9a488fd7ea12d0, isElementDisplayed {id=111}]
Apr 25, 2019 6:41:00 PM org.openqa.selenium.remote.RemoteWebDriver log
WARNING: Executing: isElementDisplayed [a6cd9e71f1555307bba9603edc9a488fd7ea12d0, isElementDisplayed {id=112}]
Apr 25, 2019 6:41:00 PM org.openqa.selenium.remote.RemoteWebDriver log
WARNING: Executed: [a6cd9e71f1555307bba9603edc9a488fd7ea12d0, isElementDisplayed {id=112}]
Apr 25, 2019 6:41:00 PM org.openqa.selenium.remote.RemoteWebDriver log
WARNING: Executing: isElementDisplayed [a6cd9e71f1555307bba9603edc9a488fd7ea12d0, isElementDisplayed {id=113}]
Apr 25, 2019 6:41:00 PM org.openqa.selenium.remote.RemoteWebDriver log
WARNING: Executed: [a6cd9e71f1555307bba9603edc9a488fd7ea12d0, isElementDisplayed {id=113}]
Apr 25, 2019 6:41:00 PM org.openqa.selenium.remote.RemoteWebDriver log
WARNING: Executing: isElementDisplayed [a6cd9e71f1555307bba9603edc9a488fd7ea12d0, isElementDisplayed {id=114}]
Apr 25, 2019 6:41:01 PM org.openqa.selenium.remote.RemoteWebDriver log
WARNING: Executed: [a6cd9e71f1555307bba9603edc9a488fd7ea12d0, isElementDisplayed {id=114}]
Apr 25, 2019 6:41:01 PM org.openqa.selenium.remote.RemoteWebDriver log
WARNING: Executing: isElementDisplayed [a6cd9e71f1555307bba9603edc9a488fd7ea12d0, isElementDisplayed {id=115}]
Apr 25, 2019 6:41:01 PM org.openqa.selenium.remote.RemoteWebDriver log
WARNING: Executed: [a6cd9e71f1555307bba9603edc9a488fd7ea12d0, isElementDisplayed {id=115}]
Apr 25, 2019 6:41:01 PM org.openqa.selenium.remote.RemoteWebDriver log
WARNING: Executing: isElementDisplayed [a6cd9e71f1555307bba9603edc9a488fd7ea12d0, isElementDisplayed {id=116}]
Apr 25, 2019 6:41:01 PM org.openqa.selenium.remote.RemoteWebDriver log
WARNING: Executed: [a6cd9e71f1555307bba9603edc9a488fd7ea12d0, isElementDisplayed {id=116}]
Apr 25, 2019 6:41:01 PM org.openqa.selenium.remote.RemoteWebDriver log
WARNING: Executing: isElementDisplayed [a6cd9e71f1555307bba9603edc9a488fd7ea12d0, isElementDisplayed {id=117}]
Apr 25, 2019 6:41:01 PM org.openqa.selenium.remote.RemoteWebDriver log
WARNING: Executed: [a6cd9e71f1555307bba9603edc9a488fd7ea12d0, isElementDisplayed {id=117}]
Apr 25, 2019 6:41:01 PM org.openqa.selenium.remote.RemoteWebDriver log
WARNING: Executing: isElementDisplayed [a6cd9e71f1555307bba9603edc9a488fd7ea12d0, isElementDisplayed {id=118}]
Apr 25, 2019 6:41:02 PM org.openqa.selenium.remote.RemoteWebDriver log
WARNING: Executed: [a6cd9e71f1555307bba9603edc9a488fd7ea12d0, isElementDisplayed {id=118}]
Apr 25, 2019 6:41:02 PM org.openqa.selenium.remote.RemoteWebDriver log
WARNING: Executing: isElementDisplayed [a6cd9e71f1555307bba9603edc9a488fd7ea12d0, isElementDisplayed {id=119}]
Apr 25, 2019 6:41:02 PM org.openqa.selenium.remote.RemoteWebDriver log
WARNING: Executed: [a6cd9e71f1555307bba9603edc9a488fd7ea12d0, isElementDisplayed {id=119}]
Apr 25, 2019 6:41:02 PM org.openqa.selenium.remote.RemoteWebDriver log
WARNING: Executing: isElementDisplayed [a6cd9e71f1555307bba9603edc9a488fd7ea12d0, isElementDisplayed {id=120}]
Apr 25, 2019 6:41:02 PM org.openqa.selenium.remote.RemoteWebDriver log
WARNING: Executed: [a6cd9e71f1555307bba9603edc9a488fd7ea12d0, isElementDisplayed {id=120}]
Apr 25, 2019 6:41:02 PM org.openqa.selenium.remote.RemoteWebDriver log
WARNING: Executing: isElementDisplayed [a6cd9e71f1555307bba9603edc9a488fd7ea12d0, isElementDisplayed {id=121}]
Apr 25, 2019 6:41:02 PM org.openqa.selenium.remote.RemoteWebDriver log
WARNING: Executed: [a6cd9e71f1555307bba9603edc9a488fd7ea12d0, isElementDisplayed {id=121}]
Apr 25, 2019 6:41:02 PM org.openqa.selenium.remote.RemoteWebDriver log
WARNING: Executing: isElementDisplayed [a6cd9e71f1555307bba9603edc9a488fd7ea12d0, isElementDisplayed {id=122}]
Apr 25, 2019 6:41:02 PM org.openqa.selenium.remote.RemoteWebDriver log
WARNING: Executed: [a6cd9e71f1555307bba9603edc9a488fd7ea12d0, isElementDisplayed {id=122}]
Apr 25, 2019 6:41:02 PM org.openqa.selenium.remote.RemoteWebDriver log
WARNING: Executing: isElementDisplayed [a6cd9e71f1555307bba9603edc9a488fd7ea12d0, isElementDisplayed {id=123}]
Apr 25, 2019 6:41:03 PM org.openqa.selenium.remote.RemoteWebDriver log
WARNING: Executed: [a6cd9e71f1555307bba9603edc9a488fd7ea12d0, isElementDisplayed {id=123}]
Apr 25, 2019 6:41:03 PM org.openqa.selenium.remote.RemoteWebDriver log
WARNING: Executing: isElementDisplayed [a6cd9e71f1555307bba9603edc9a488fd7ea12d0, isElementDisplayed {id=124}]
Apr 25, 2019 6:41:03 PM org.openqa.selenium.remote.RemoteWebDriver log
WARNING: Executed: [a6cd9e71f1555307bba9603edc9a488fd7ea12d0, isElementDisplayed {id=124}]
Apr 25, 2019 6:41:03 PM org.openqa.selenium.remote.RemoteWebDriver log
WARNING: Executing: isElementDisplayed [a6cd9e71f1555307bba9603edc9a488fd7ea12d0, isElementDisplayed {id=125}]
Apr 25, 2019 6:41:03 PM org.openqa.selenium.remote.RemoteWebDriver log
WARNING: Executed: [a6cd9e71f1555307bba9603edc9a488fd7ea12d0, isElementDisplayed {id=125}]
Apr 25, 2019 6:41:03 PM org.openqa.selenium.remote.RemoteWebDriver log
WARNING: Executing: isElementDisplayed [a6cd9e71f1555307bba9603edc9a488fd7ea12d0, isElementDisplayed {id=126}]
Apr 25, 2019 6:41:03 PM org.openqa.selenium.remote.RemoteWebDriver log
WARNING: Executed: [a6cd9e71f1555307bba9603edc9a488fd7ea12d0, isElementDisplayed {id=126}]
Apr 25, 2019 6:41:03 PM org.openqa.selenium.remote.RemoteWebDriver log
WARNING: Executing: isElementDisplayed [a6cd9e71f1555307bba9603edc9a488fd7ea12d0, isElementDisplayed {id=127}]
Apr 25, 2019 6:41:04 PM org.openqa.selenium.remote.RemoteWebDriver log
WARNING: Executed: [a6cd9e71f1555307bba9603edc9a488fd7ea12d0, isElementDisplayed {id=127}]
Apr 25, 2019 6:41:04 PM org.openqa.selenium.remote.RemoteWebDriver log
WARNING: Executing: isElementDisplayed [a6cd9e71f1555307bba9603edc9a488fd7ea12d0, isElementDisplayed {id=128}]
Apr 25, 2019 6:41:04 PM org.openqa.selenium.remote.RemoteWebDriver log
WARNING: Executed: [a6cd9e71f1555307bba9603edc9a488fd7ea12d0, isElementDisplayed {id=128}]
Apr 25, 2019 6:41:04 PM org.openqa.selenium.remote.RemoteWebDriver log
WARNING: Executing: isElementDisplayed [a6cd9e71f1555307bba9603edc9a488fd7ea12d0, isElementDisplayed {id=129}]
Apr 25, 2019 6:41:04 PM org.openqa.selenium.remote.RemoteWebDriver log
WARNING: Executed: [a6cd9e71f1555307bba9603edc9a488fd7ea12d0, isElementDisplayed {id=129}]
Apr 25, 2019 6:41:04 PM org.openqa.selenium.remote.RemoteWebDriver log
WARNING: Executing: isElementDisplayed [a6cd9e71f1555307bba9603edc9a488fd7ea12d0, isElementDisplayed {id=130}]
Apr 25, 2019 6:41:04 PM org.openqa.selenium.remote.RemoteWebDriver log
WARNING: Executed: [a6cd9e71f1555307bba9603edc9a488fd7ea12d0, isElementDisplayed {id=130}]
Apr 25, 2019 6:41:04 PM org.openqa.selenium.remote.RemoteWebDriver log
WARNING: Executing: isElementDisplayed [a6cd9e71f1555307bba9603edc9a488fd7ea12d0, isElementDisplayed {id=131}]
Apr 25, 2019 6:41:05 PM org.openqa.selenium.remote.RemoteWebDriver log
WARNING: Executed: [a6cd9e71f1555307bba9603edc9a488fd7ea12d0, isElementDisplayed {id=131}]
Apr 25, 2019 6:41:05 PM org.openqa.selenium.remote.RemoteWebDriver log
WARNING: Executing: isElementDisplayed [a6cd9e71f1555307bba9603edc9a488fd7ea12d0, isElementDisplayed {id=132}]
Apr 25, 2019 6:41:05 PM org.openqa.selenium.remote.RemoteWebDriver log
WARNING: Executed: [a6cd9e71f1555307bba9603edc9a488fd7ea12d0, isElementDisplayed {id=132}]
Apr 25, 2019 6:41:05 PM org.openqa.selenium.remote.RemoteWebDriver log
WARNING: Executing: isElementDisplayed [a6cd9e71f1555307bba9603edc9a488fd7ea12d0, isElementDisplayed {id=133}]
Apr 25, 2019 6:41:05 PM org.openqa.selenium.remote.RemoteWebDriver log
WARNING: Executed: [a6cd9e71f1555307bba9603edc9a488fd7ea12d0, isElementDisplayed {id=133}]
Apr 25, 2019 6:41:05 PM org.openqa.selenium.remote.RemoteWebDriver log
WARNING: Executing: isElementDisplayed [a6cd9e71f1555307bba9603edc9a488fd7ea12d0, isElementDisplayed {id=134}]
Apr 25, 2019 6:41:05 PM org.openqa.selenium.remote.RemoteWebDriver log
WARNING: Executed: [a6cd9e71f1555307bba9603edc9a488fd7ea12d0, isElementDisplayed {id=134}]
Apr 25, 2019 6:41:05 PM org.openqa.selenium.remote.RemoteWebDriver log
WARNING: Executing: isElementDisplayed [a6cd9e71f1555307bba9603edc9a488fd7ea12d0, isElementDisplayed {id=135}]
Apr 25, 2019 6:41:06 PM org.openqa.selenium.remote.RemoteWebDriver log
WARNING: Executed: [a6cd9e71f1555307bba9603edc9a488fd7ea12d0, isElementDisplayed {id=135}]
Apr 25, 2019 6:41:06 PM org.openqa.selenium.remote.RemoteWebDriver log
WARNING: Executing: isElementDisplayed [a6cd9e71f1555307bba9603edc9a488fd7ea12d0, isElementDisplayed {id=136}]
Apr 25, 2019 6:41:06 PM org.openqa.selenium.remote.RemoteWebDriver log
WARNING: Executed: [a6cd9e71f1555307bba9603edc9a488fd7ea12d0, isElementDisplayed {id=136}]
Apr 25, 2019 6:41:06 PM org.openqa.selenium.remote.RemoteWebDriver log
WARNING: Executing: isElementDisplayed [a6cd9e71f1555307bba9603edc9a488fd7ea12d0, isElementDisplayed {id=137}]
Apr 25, 2019 6:41:06 PM org.openqa.selenium.remote.RemoteWebDriver log
WARNING: Executed: [a6cd9e71f1555307bba9603edc9a488fd7ea12d0, isElementDisplayed {id=137}]
Apr 25, 2019 6:41:06 PM org.openqa.selenium.remote.RemoteWebDriver log
WARNING: Executing: isElementDisplayed [a6cd9e71f1555307bba9603edc9a488fd7ea12d0, isElementDisplayed {id=138}]
Apr 25, 2019 6:41:07 PM org.openqa.selenium.remote.RemoteWebDriver log
WARNING: Executed: [a6cd9e71f1555307bba9603edc9a488fd7ea12d0, isElementDisplayed {id=138}]
Apr 25, 2019 6:41:07 PM org.openqa.selenium.remote.RemoteWebDriver log
WARNING: Executing: isElementDisplayed [a6cd9e71f1555307bba9603edc9a488fd7ea12d0, isElementDisplayed {id=139}]
Apr 25, 2019 6:41:07 PM org.openqa.selenium.remote.RemoteWebDriver log
WARNING: Executed: [a6cd9e71f1555307bba9603edc9a488fd7ea12d0, isElementDisplayed {id=139}]
Apr 25, 2019 6:41:07 PM org.openqa.selenium.remote.RemoteWebDriver log
WARNING: Executing: isElementDisplayed [a6cd9e71f1555307bba9603edc9a488fd7ea12d0, isElementDisplayed {id=140}]
Apr 25, 2019 6:41:08 PM org.openqa.selenium.remote.RemoteWebDriver log
WARNING: Executed: [a6cd9e71f1555307bba9603edc9a488fd7ea12d0, isElementDisplayed {id=140}]
Apr 25, 2019 6:41:08 PM org.openqa.selenium.remote.RemoteWebDriver log
WARNING: Executing: isElementDisplayed [a6cd9e71f1555307bba9603edc9a488fd7ea12d0, isElementDisplayed {id=141}]
Apr 25, 2019 6:41:08 PM org.openqa.selenium.remote.RemoteWebDriver log
WARNING: Executed: [a6cd9e71f1555307bba9603edc9a488fd7ea12d0, isElementDisplayed {id=141}]
Apr 25, 2019 6:41:08 PM org.openqa.selenium.remote.RemoteWebDriver log
WARNING: Executing: isElementDisplayed [a6cd9e71f1555307bba9603edc9a488fd7ea12d0, isElementDisplayed {id=142}]
Apr 25, 2019 6:41:08 PM org.openqa.selenium.remote.RemoteWebDriver log
WARNING: Executed: [a6cd9e71f1555307bba9603edc9a488fd7ea12d0, isElementDisplayed {id=142}]
Apr 25, 2019 6:41:08 PM org.openqa.selenium.remote.RemoteWebDriver log
WARNING: Executing: isElementDisplayed [a6cd9e71f1555307bba9603edc9a488fd7ea12d0, isElementDisplayed {id=143}]
Apr 25, 2019 6:41:08 PM org.openqa.selenium.remote.RemoteWebDriver log
WARNING: Executed: [a6cd9e71f1555307bba9603edc9a488fd7ea12d0, isElementDisplayed {id=143}]
Apr 25, 2019 6:41:08 PM org.openqa.selenium.remote.RemoteWebDriver log
WARNING: Executing: isElementDisplayed [a6cd9e71f1555307bba9603edc9a488fd7ea12d0, isElementDisplayed {id=144}]
Apr 25, 2019 6:41:09 PM org.openqa.selenium.remote.RemoteWebDriver log
WARNING: Executed: [a6cd9e71f1555307bba9603edc9a488fd7ea12d0, isElementDisplayed {id=144}]
Apr 25, 2019 6:41:09 PM org.openqa.selenium.remote.RemoteWebDriver log
WARNING: Executing: isElementDisplayed [a6cd9e71f1555307bba9603edc9a488fd7ea12d0, isElementDisplayed {id=145}]
Apr 25, 2019 6:41:09 PM org.openqa.selenium.remote.RemoteWebDriver log
WARNING: Executed: [a6cd9e71f1555307bba9603edc9a488fd7ea12d0, isElementDisplayed {id=145}]
Apr 25, 2019 6:41:09 PM org.openqa.selenium.remote.RemoteWebDriver log
WARNING: Executing: isElementDisplayed [a6cd9e71f1555307bba9603edc9a488fd7ea12d0, isElementDisplayed {id=146}]
Apr 25, 2019 6:41:09 PM org.openqa.selenium.remote.RemoteWebDriver log
WARNING: Executed: [a6cd9e71f1555307bba9603edc9a488fd7ea12d0, isElementDisplayed {id=146}]
Apr 25, 2019 6:41:09 PM org.openqa.selenium.remote.RemoteWebDriver log
WARNING: Executing: isElementDisplayed [a6cd9e71f1555307bba9603edc9a488fd7ea12d0, isElementDisplayed {id=147}]
Apr 25, 2019 6:41:09 PM org.openqa.selenium.remote.RemoteWebDriver log
WARNING: Executed: [a6cd9e71f1555307bba9603edc9a488fd7ea12d0, isElementDisplayed {id=147}]
Apr 25, 2019 6:41:09 PM org.openqa.selenium.remote.RemoteWebDriver log
WARNING: Executing: isElementDisplayed [a6cd9e71f1555307bba9603edc9a488fd7ea12d0, isElementDisplayed {id=148}]
Apr 25, 2019 6:41:10 PM org.openqa.selenium.remote.RemoteWebDriver log
WARNING: Executed: [a6cd9e71f1555307bba9603edc9a488fd7ea12d0, isElementDisplayed {id=148}]
Apr 25, 2019 6:41:10 PM org.openqa.selenium.remote.RemoteWebDriver log
WARNING: Executing: isElementDisplayed [a6cd9e71f1555307bba9603edc9a488fd7ea12d0, isElementDisplayed {id=149}]
Apr 25, 2019 6:41:10 PM org.openqa.selenium.remote.RemoteWebDriver log
WARNING: Executed: [a6cd9e71f1555307bba9603edc9a488fd7ea12d0, isElementDisplayed {id=149}]
Apr 25, 2019 6:41:10 PM org.openqa.selenium.remote.RemoteWebDriver log
WARNING: Executing: isElementDisplayed [a6cd9e71f1555307bba9603edc9a488fd7ea12d0, isElementDisplayed {id=150}]
Apr 25, 2019 6:41:10 PM org.openqa.selenium.remote.RemoteWebDriver log
WARNING: Executed: [a6cd9e71f1555307bba9603edc9a488fd7ea12d0, isElementDisplayed {id=150}]
Apr 25, 2019 6:41:10 PM org.openqa.selenium.remote.RemoteWebDriver log
WARNING: Executing: isElementDisplayed [a6cd9e71f1555307bba9603edc9a488fd7ea12d0, isElementDisplayed {id=151}]
Apr 25, 2019 6:41:10 PM org.openqa.selenium.remote.RemoteWebDriver log
WARNING: Executed: [a6cd9e71f1555307bba9603edc9a488fd7ea12d0, isElementDisplayed {id=151}]
Apr 25, 2019 6:41:10 PM org.openqa.selenium.remote.RemoteWebDriver log
WARNING: Executing: isElementDisplayed [a6cd9e71f1555307bba9603edc9a488fd7ea12d0, isElementDisplayed {id=152}]
Apr 25, 2019 6:41:10 PM org.openqa.selenium.remote.RemoteWebDriver log
WARNING: Executed: [a6cd9e71f1555307bba9603edc9a488fd7ea12d0, isElementDisplayed {id=152}]
Apr 25, 2019 6:41:10 PM org.openqa.selenium.remote.RemoteWebDriver log
WARNING: Executing: isElementDisplayed [a6cd9e71f1555307bba9603edc9a488fd7ea12d0, isElementDisplayed {id=153}]
Apr 25, 2019 6:41:11 PM org.openqa.selenium.remote.RemoteWebDriver log
WARNING: Executed: [a6cd9e71f1555307bba9603edc9a488fd7ea12d0, isElementDisplayed {id=153}]
Apr 25, 2019 6:41:11 PM org.openqa.selenium.remote.RemoteWebDriver log
WARNING: Executing: isElementDisplayed [a6cd9e71f1555307bba9603edc9a488fd7ea12d0, isElementDisplayed {id=154}]
Apr 25, 2019 6:41:11 PM org.openqa.selenium.remote.RemoteWebDriver log
WARNING: Executed: [a6cd9e71f1555307bba9603edc9a488fd7ea12d0, isElementDisplayed {id=154}]
Apr 25, 2019 6:41:11 PM org.openqa.selenium.remote.RemoteWebDriver log
WARNING: Executing: isElementDisplayed [a6cd9e71f1555307bba9603edc9a488fd7ea12d0, isElementDisplayed {id=155}]
Apr 25, 2019 6:41:11 PM org.openqa.selenium.remote.RemoteWebDriver log
WARNING: Executed: [a6cd9e71f1555307bba9603edc9a488fd7ea12d0, isElementDisplayed {id=155}]
Apr 25, 2019 6:41:11 PM org.openqa.selenium.remote.RemoteWebDriver log
WARNING: Executing: isElementDisplayed [a6cd9e71f1555307bba9603edc9a488fd7ea12d0, isElementDisplayed {id=156}]
Apr 25, 2019 6:41:12 PM org.openqa.selenium.remote.RemoteWebDriver log
WARNING: Executed: [a6cd9e71f1555307bba9603edc9a488fd7ea12d0, isElementDisplayed {id=156}]
Apr 25, 2019 6:41:12 PM org.openqa.selenium.remote.RemoteWebDriver log
WARNING: Executing: isElementDisplayed [a6cd9e71f1555307bba9603edc9a488fd7ea12d0, isElementDisplayed {id=157}]
Apr 25, 2019 6:41:12 PM org.openqa.selenium.remote.RemoteWebDriver log
WARNING: Executed: [a6cd9e71f1555307bba9603edc9a488fd7ea12d0, isElementDisplayed {id=157}]
Apr 25, 2019 6:41:12 PM org.openqa.selenium.remote.RemoteWebDriver log
WARNING: Executing: isElementDisplayed [a6cd9e71f1555307bba9603edc9a488fd7ea12d0, isElementDisplayed {id=158}]
Apr 25, 2019 6:41:12 PM org.openqa.selenium.remote.RemoteWebDriver log
WARNING: Executed: [a6cd9e71f1555307bba9603edc9a488fd7ea12d0, isElementDisplayed {id=158}]
Apr 25, 2019 6:41:12 PM org.openqa.selenium.remote.RemoteWebDriver log
WARNING: Executing: isElementDisplayed [a6cd9e71f1555307bba9603edc9a488fd7ea12d0, isElementDisplayed {id=159}]
Apr 25, 2019 6:41:12 PM org.openqa.selenium.remote.RemoteWebDriver log
WARNING: Executed: [a6cd9e71f1555307bba9603edc9a488fd7ea12d0, isElementDisplayed {id=159}]
Apr 25, 2019 6:41:12 PM org.openqa.selenium.remote.RemoteWebDriver log
WARNING: Executing: isElementDisplayed [a6cd9e71f1555307bba9603edc9a488fd7ea12d0, isElementDisplayed {id=160}]
Apr 25, 2019 6:41:13 PM org.openqa.selenium.remote.RemoteWebDriver log
WARNING: Executed: [a6cd9e71f1555307bba9603edc9a488fd7ea12d0, isElementDisplayed {id=160}]
Apr 25, 2019 6:41:13 PM org.openqa.selenium.remote.RemoteWebDriver log
WARNING: Executing: isElementDisplayed [a6cd9e71f1555307bba9603edc9a488fd7ea12d0, isElementDisplayed {id=161}]
Apr 25, 2019 6:41:13 PM org.openqa.selenium.remote.RemoteWebDriver log
WARNING: Executed: [a6cd9e71f1555307bba9603edc9a488fd7ea12d0, isElementDisplayed {id=161}]
Apr 25, 2019 6:41:13 PM org.openqa.selenium.remote.RemoteWebDriver log
WARNING: Executing: isElementDisplayed [a6cd9e71f1555307bba9603edc9a488fd7ea12d0, isElementDisplayed {id=162}]
Apr 25, 2019 6:41:13 PM org.openqa.selenium.remote.RemoteWebDriver log
WARNING: Executed: [a6cd9e71f1555307bba9603edc9a488fd7ea12d0, isElementDisplayed {id=162}]
Apr 25, 2019 6:41:13 PM org.openqa.selenium.remote.RemoteWebDriver log
WARNING: Executing: isElementDisplayed [a6cd9e71f1555307bba9603edc9a488fd7ea12d0, isElementDisplayed {id=163}]
Apr 25, 2019 6:41:14 PM org.openqa.selenium.remote.RemoteWebDriver log
WARNING: Executed: [a6cd9e71f1555307bba9603edc9a488fd7ea12d0, isElementDisplayed {id=163}]
Apr 25, 2019 6:41:14 PM org.openqa.selenium.remote.RemoteWebDriver log
WARNING: Executing: isElementDisplayed [a6cd9e71f1555307bba9603edc9a488fd7ea12d0, isElementDisplayed {id=164}]
Apr 25, 2019 6:41:14 PM org.openqa.selenium.remote.RemoteWebDriver log
WARNING: Executed: [a6cd9e71f1555307bba9603edc9a488fd7ea12d0, isElementDisplayed {id=164}]
Apr 25, 2019 6:41:14 PM org.openqa.selenium.remote.RemoteWebDriver log
WARNING: Executing: isElementDisplayed [a6cd9e71f1555307bba9603edc9a488fd7ea12d0, isElementDisplayed {id=165}]
Apr 25, 2019 6:41:14 PM org.openqa.selenium.remote.RemoteWebDriver log
WARNING: Executed: [a6cd9e71f1555307bba9603edc9a488fd7ea12d0, isElementDisplayed {id=165}]
Apr 25, 2019 6:41:14 PM org.openqa.selenium.remote.RemoteWebDriver log
WARNING: Executing: isElementDisplayed [a6cd9e71f1555307bba9603edc9a488fd7ea12d0, isElementDisplayed {id=166}]
Apr 25, 2019 6:41:14 PM org.openqa.selenium.remote.RemoteWebDriver log
WARNING: Executed: [a6cd9e71f1555307bba9603edc9a488fd7ea12d0, isElementDisplayed {id=166}]
Apr 25, 2019 6:41:14 PM org.openqa.selenium.remote.RemoteWebDriver log
WARNING: Executing: isElementDisplayed [a6cd9e71f1555307bba9603edc9a488fd7ea12d0, isElementDisplayed {id=167}]
Apr 25, 2019 6:41:15 PM org.openqa.selenium.remote.RemoteWebDriver log
WARNING: Executed: [a6cd9e71f1555307bba9603edc9a488fd7ea12d0, isElementDisplayed {id=167}]
Apr 25, 2019 6:41:15 PM org.openqa.selenium.remote.RemoteWebDriver log
WARNING: Executing: isElementDisplayed [a6cd9e71f1555307bba9603edc9a488fd7ea12d0, isElementDisplayed {id=168}]
Apr 25, 2019 6:41:15 PM org.openqa.selenium.remote.RemoteWebDriver log
WARNING: Executed: [a6cd9e71f1555307bba9603edc9a488fd7ea12d0, isElementDisplayed {id=168}]
Apr 25, 2019 6:41:15 PM org.openqa.selenium.remote.RemoteWebDriver log
WARNING: Executing: isElementDisplayed [a6cd9e71f1555307bba9603edc9a488fd7ea12d0, isElementDisplayed {id=169}]
Apr 25, 2019 6:41:15 PM org.openqa.selenium.remote.RemoteWebDriver log
WARNING: Executed: [a6cd9e71f1555307bba9603edc9a488fd7ea12d0, isElementDisplayed {id=169}]
Apr 25, 2019 6:41:15 PM org.openqa.selenium.remote.RemoteWebDriver log
WARNING: Executing: isElementDisplayed [a6cd9e71f1555307bba9603edc9a488fd7ea12d0, isElementDisplayed {id=170}]
Apr 25, 2019 6:41:15 PM org.openqa.selenium.remote.RemoteWebDriver log
WARNING: Executed: [a6cd9e71f1555307bba9603edc9a488fd7ea12d0, isElementDisplayed {id=170}]
Apr 25, 2019 6:41:15 PM org.openqa.selenium.remote.RemoteWebDriver log
WARNING: Executing: isElementDisplayed [a6cd9e71f1555307bba9603edc9a488fd7ea12d0, isElementDisplayed {id=171}]
Apr 25, 2019 6:41:15 PM org.openqa.selenium.remote.RemoteWebDriver log
WARNING: Executed: [a6cd9e71f1555307bba9603edc9a488fd7ea12d0, isElementDisplayed {id=171}]
Apr 25, 2019 6:41:15 PM org.openqa.selenium.remote.RemoteWebDriver log
WARNING: Executing: isElementDisplayed [a6cd9e71f1555307bba9603edc9a488fd7ea12d0, isElementDisplayed {id=172}]
Apr 25, 2019 6:41:16 PM org.openqa.selenium.remote.RemoteWebDriver log
WARNING: Executed: [a6cd9e71f1555307bba9603edc9a488fd7ea12d0, isElementDisplayed {id=172}]
Apr 25, 2019 6:41:16 PM org.openqa.selenium.remote.RemoteWebDriver log
WARNING: Executing: isElementDisplayed [a6cd9e71f1555307bba9603edc9a488fd7ea12d0, isElementDisplayed {id=173}]
Apr 25, 2019 6:41:16 PM org.openqa.selenium.remote.RemoteWebDriver log
WARNING: Executed: [a6cd9e71f1555307bba9603edc9a488fd7ea12d0, isElementDisplayed {id=173}]
Apr 25, 2019 6:41:16 PM org.openqa.selenium.remote.RemoteWebDriver log
WARNING: Executing: isElementDisplayed [a6cd9e71f1555307bba9603edc9a488fd7ea12d0, isElementDisplayed {id=174}]
Apr 25, 2019 6:41:16 PM org.openqa.selenium.remote.RemoteWebDriver log
WARNING: Executed: [a6cd9e71f1555307bba9603edc9a488fd7ea12d0, isElementDisplayed {id=174}]
Apr 25, 2019 6:41:16 PM org.openqa.selenium.remote.RemoteWebDriver log
WARNING: Executing: isElementDisplayed [a6cd9e71f1555307bba9603edc9a488fd7ea12d0, isElementDisplayed {id=175}]
Apr 25, 2019 6:41:16 PM org.openqa.selenium.remote.RemoteWebDriver log
WARNING: Executed: [a6cd9e71f1555307bba9603edc9a488fd7ea12d0, isElementDisplayed {id=175}]
Apr 25, 2019 6:41:16 PM org.openqa.selenium.remote.RemoteWebDriver log
WARNING: Executing: isElementDisplayed [a6cd9e71f1555307bba9603edc9a488fd7ea12d0, isElementDisplayed {id=176}]
Apr 25, 2019 6:41:17 PM org.openqa.selenium.remote.RemoteWebDriver log
WARNING: Executed: [a6cd9e71f1555307bba9603edc9a488fd7ea12d0, isElementDisplayed {id=176}]
Apr 25, 2019 6:41:17 PM org.openqa.selenium.remote.RemoteWebDriver log
WARNING: Executing: isElementDisplayed [a6cd9e71f1555307bba9603edc9a488fd7ea12d0, isElementDisplayed {id=177}]
Apr 25, 2019 6:41:17 PM org.openqa.selenium.remote.RemoteWebDriver log
WARNING: Executed: [a6cd9e71f1555307bba9603edc9a488fd7ea12d0, isElementDisplayed {id=177}]
Apr 25, 2019 6:41:17 PM org.openqa.selenium.remote.RemoteWebDriver log
WARNING: Executing: isElementDisplayed [a6cd9e71f1555307bba9603edc9a488fd7ea12d0, isElementDisplayed {id=178}]
Apr 25, 2019 6:41:17 PM org.openqa.selenium.remote.RemoteWebDriver log
WARNING: Executed: [a6cd9e71f1555307bba9603edc9a488fd7ea12d0, isElementDisplayed {id=178}]
Apr 25, 2019 6:41:17 PM org.openqa.selenium.remote.RemoteWebDriver log
WARNING: Executing: isElementDisplayed [a6cd9e71f1555307bba9603edc9a488fd7ea12d0, isElementDisplayed {id=179}]
Apr 25, 2019 6:41:17 PM org.openqa.selenium.remote.RemoteWebDriver log
WARNING: Executed: [a6cd9e71f1555307bba9603edc9a488fd7ea12d0, isElementDisplayed {id=179}]
Apr 25, 2019 6:41:17 PM org.openqa.selenium.remote.RemoteWebDriver log
WARNING: Executing: isElementDisplayed [a6cd9e71f1555307bba9603edc9a488fd7ea12d0, isElementDisplayed {id=180}]
Apr 25, 2019 6:41:18 PM org.openqa.selenium.remote.RemoteWebDriver log
WARNING: Executed: [a6cd9e71f1555307bba9603edc9a488fd7ea12d0, isElementDisplayed {id=180}]
Apr 25, 2019 6:41:18 PM org.openqa.selenium.remote.RemoteWebDriver log
WARNING: Executing: isElementDisplayed [a6cd9e71f1555307bba9603edc9a488fd7ea12d0, isElementDisplayed {id=181}]
Apr 25, 2019 6:41:18 PM org.openqa.selenium.remote.RemoteWebDriver log
WARNING: Executed: [a6cd9e71f1555307bba9603edc9a488fd7ea12d0, isElementDisplayed {id=181}]
Apr 25, 2019 6:41:18 PM org.openqa.selenium.remote.RemoteWebDriver log
WARNING: Executing: isElementDisplayed [a6cd9e71f1555307bba9603edc9a488fd7ea12d0, isElementDisplayed {id=182}]
Apr 25, 2019 6:41:18 PM org.openqa.selenium.remote.RemoteWebDriver log
WARNING: Executed: [a6cd9e71f1555307bba9603edc9a488fd7ea12d0, isElementDisplayed {id=182}]
Apr 25, 2019 6:41:18 PM org.openqa.selenium.remote.RemoteWebDriver log
WARNING: Executing: isElementDisplayed [a6cd9e71f1555307bba9603edc9a488fd7ea12d0, isElementDisplayed {id=183}]
Apr 25, 2019 6:41:18 PM org.openqa.selenium.remote.RemoteWebDriver log
WARNING: Executed: [a6cd9e71f1555307bba9603edc9a488fd7ea12d0, isElementDisplayed {id=183}]
Apr 25, 2019 6:41:18 PM org.openqa.selenium.remote.RemoteWebDriver log
WARNING: Executing: isElementDisplayed [a6cd9e71f1555307bba9603edc9a488fd7ea12d0, isElementDisplayed {id=184}]
Apr 25, 2019 6:41:18 PM org.openqa.selenium.remote.RemoteWebDriver log
WARNING: Executed: [a6cd9e71f1555307bba9603edc9a488fd7ea12d0, isElementDisplayed {id=184}]
Apr 25, 2019 6:41:18 PM org.openqa.selenium.remote.RemoteWebDriver log
WARNING: Executing: isElementDisplayed [a6cd9e71f1555307bba9603edc9a488fd7ea12d0, isElementDisplayed {id=185}]
Apr 25, 2019 6:41:19 PM org.openqa.selenium.remote.RemoteWebDriver log
WARNING: Executed: [a6cd9e71f1555307bba9603edc9a488fd7ea12d0, isElementDisplayed {id=185}]
Apr 25, 2019 6:41:19 PM org.openqa.selenium.remote.RemoteWebDriver log
WARNING: Executing: isElementDisplayed [a6cd9e71f1555307bba9603edc9a488fd7ea12d0, isElementDisplayed {id=186}]
Apr 25, 2019 6:41:19 PM org.openqa.selenium.remote.RemoteWebDriver log
WARNING: Executed: [a6cd9e71f1555307bba9603edc9a488fd7ea12d0, isElementDisplayed {id=186}]
Apr 25, 2019 6:41:19 PM org.openqa.selenium.remote.RemoteWebDriver log
WARNING: Executing: isElementDisplayed [a6cd9e71f1555307bba9603edc9a488fd7ea12d0, isElementDisplayed {id=187}]
Apr 25, 2019 6:41:19 PM org.openqa.selenium.remote.RemoteWebDriver log
WARNING: Executed: [a6cd9e71f1555307bba9603edc9a488fd7ea12d0, isElementDisplayed {id=187}]
Apr 25, 2019 6:41:19 PM org.openqa.selenium.remote.RemoteWebDriver log
WARNING: Executing: isElementDisplayed [a6cd9e71f1555307bba9603edc9a488fd7ea12d0, isElementDisplayed {id=188}]
Apr 25, 2019 6:41:19 PM org.openqa.selenium.remote.RemoteWebDriver log
WARNING: Executed: [a6cd9e71f1555307bba9603edc9a488fd7ea12d0, isElementDisplayed {id=188}]
Apr 25, 2019 6:41:19 PM org.openqa.selenium.remote.RemoteWebDriver log
WARNING: Executing: isElementDisplayed [a6cd9e71f1555307bba9603edc9a488fd7ea12d0, isElementDisplayed {id=189}]
Apr 25, 2019 6:41:20 PM org.openqa.selenium.remote.RemoteWebDriver log
WARNING: Executed: [a6cd9e71f1555307bba9603edc9a488fd7ea12d0, isElementDisplayed {id=189}]
Apr 25, 2019 6:41:20 PM org.openqa.selenium.remote.RemoteWebDriver log
WARNING: Executing: isElementDisplayed [a6cd9e71f1555307bba9603edc9a488fd7ea12d0, isElementDisplayed {id=190}]
Apr 25, 2019 6:41:20 PM org.openqa.selenium.remote.RemoteWebDriver log
WARNING: Executed: [a6cd9e71f1555307bba9603edc9a488fd7ea12d0, isElementDisplayed {id=190}]
Apr 25, 2019 6:41:20 PM org.openqa.selenium.remote.RemoteWebDriver log
WARNING: Executing: isElementDisplayed [a6cd9e71f1555307bba9603edc9a488fd7ea12d0, isElementDisplayed {id=191}]
Apr 25, 2019 6:41:20 PM org.openqa.selenium.remote.RemoteWebDriver log
WARNING: Executed: [a6cd9e71f1555307bba9603edc9a488fd7ea12d0, isElementDisplayed {id=191}]
Apr 25, 2019 6:41:20 PM org.openqa.selenium.remote.RemoteWebDriver log
WARNING: Executing: isElementDisplayed [a6cd9e71f1555307bba9603edc9a488fd7ea12d0, isElementDisplayed {id=192}]
Apr 25, 2019 6:41:20 PM org.openqa.selenium.remote.RemoteWebDriver log
WARNING: Executed: [a6cd9e71f1555307bba9603edc9a488fd7ea12d0, isElementDisplayed {id=192}]
Apr 25, 2019 6:41:20 PM org.openqa.selenium.remote.RemoteWebDriver log
WARNING: Executing: isElementDisplayed [a6cd9e71f1555307bba9603edc9a488fd7ea12d0, isElementDisplayed {id=193}]
Apr 25, 2019 6:41:20 PM org.openqa.selenium.remote.RemoteWebDriver log
WARNING: Executed: [a6cd9e71f1555307bba9603edc9a488fd7ea12d0, isElementDisplayed {id=193}]
Apr 25, 2019 6:41:20 PM org.openqa.selenium.remote.RemoteWebDriver log
WARNING: Executing: isElementDisplayed [a6cd9e71f1555307bba9603edc9a488fd7ea12d0, isElementDisplayed {id=194}]
Apr 25, 2019 6:41:21 PM org.openqa.selenium.remote.RemoteWebDriver log
WARNING: Executed: [a6cd9e71f1555307bba9603edc9a488fd7ea12d0, isElementDisplayed {id=194}]
Apr 25, 2019 6:41:21 PM org.openqa.selenium.remote.RemoteWebDriver log
WARNING: Executing: isElementDisplayed [a6cd9e71f1555307bba9603edc9a488fd7ea12d0, isElementDisplayed {id=195}]
Apr 25, 2019 6:41:21 PM org.openqa.selenium.remote.RemoteWebDriver log
WARNING: Executed: [a6cd9e71f1555307bba9603edc9a488fd7ea12d0, isElementDisplayed {id=195}]
Apr 25, 2019 6:41:21 PM org.openqa.selenium.remote.RemoteWebDriver log
WARNING: Executing: isElementDisplayed [a6cd9e71f1555307bba9603edc9a488fd7ea12d0, isElementDisplayed {id=196}]
Apr 25, 2019 6:41:21 PM org.openqa.selenium.remote.RemoteWebDriver log
WARNING: Executed: [a6cd9e71f1555307bba9603edc9a488fd7ea12d0, isElementDisplayed {id=196}]
Apr 25, 2019 6:41:21 PM org.openqa.selenium.remote.RemoteWebDriver log
WARNING: Executing: isElementDisplayed [a6cd9e71f1555307bba9603edc9a488fd7ea12d0, isElementDisplayed {id=197}]
Apr 25, 2019 6:41:21 PM org.openqa.selenium.remote.RemoteWebDriver log
WARNING: Executed: [a6cd9e71f1555307bba9603edc9a488fd7ea12d0, isElementDisplayed {id=197}]
Apr 25, 2019 6:41:21 PM org.openqa.selenium.remote.RemoteWebDriver log
WARNING: Executing: isElementDisplayed [a6cd9e71f1555307bba9603edc9a488fd7ea12d0, isElementDisplayed {id=198}]
Apr 25, 2019 6:41:22 PM org.openqa.selenium.remote.RemoteWebDriver log
WARNING: Executed: [a6cd9e71f1555307bba9603edc9a488fd7ea12d0, isElementDisplayed {id=198}]
Apr 25, 2019 6:41:22 PM org.openqa.selenium.remote.RemoteWebDriver log
WARNING: Executing: isElementDisplayed [a6cd9e71f1555307bba9603edc9a488fd7ea12d0, isElementDisplayed {id=199}]
Apr 25, 2019 6:41:22 PM org.openqa.selenium.remote.RemoteWebDriver log
WARNING: Executed: [a6cd9e71f1555307bba9603edc9a488fd7ea12d0, isElementDisplayed {id=199}]
Apr 25, 2019 6:41:22 PM org.openqa.selenium.remote.RemoteWebDriver log
WARNING: Executing: isElementDisplayed [a6cd9e71f1555307bba9603edc9a488fd7ea12d0, isElementDisplayed {id=200}]
Apr 25, 2019 6:41:22 PM org.openqa.selenium.remote.RemoteWebDriver log
WARNING: Executed: [a6cd9e71f1555307bba9603edc9a488fd7ea12d0, isElementDisplayed {id=200}]
Apr 25, 2019 6:41:22 PM org.openqa.selenium.remote.RemoteWebDriver log
WARNING: Executing: isElementDisplayed [a6cd9e71f1555307bba9603edc9a488fd7ea12d0, isElementDisplayed {id=201}]
Apr 25, 2019 6:41:22 PM org.openqa.selenium.remote.RemoteWebDriver log
WARNING: Executed: [a6cd9e71f1555307bba9603edc9a488fd7ea12d0, isElementDisplayed {id=201}]
Apr 25, 2019 6:41:22 PM org.openqa.selenium.remote.RemoteWebDriver log
WARNING: Executing: isElementDisplayed [a6cd9e71f1555307bba9603edc9a488fd7ea12d0, isElementDisplayed {id=202}]
Apr 25, 2019 6:41:23 PM org.openqa.selenium.remote.RemoteWebDriver log
WARNING: Executed: [a6cd9e71f1555307bba9603edc9a488fd7ea12d0, isElementDisplayed {id=202}]
Apr 25, 2019 6:41:23 PM org.openqa.selenium.remote.RemoteWebDriver log
WARNING: Executing: isElementDisplayed [a6cd9e71f1555307bba9603edc9a488fd7ea12d0, isElementDisplayed {id=203}]
Apr 25, 2019 6:41:23 PM org.openqa.selenium.remote.RemoteWebDriver log
WARNING: Executed: [a6cd9e71f1555307bba9603edc9a488fd7ea12d0, isElementDisplayed {id=203}]
Apr 25, 2019 6:41:23 PM org.openqa.selenium.remote.RemoteWebDriver log
WARNING: Executing: isElementDisplayed [a6cd9e71f1555307bba9603edc9a488fd7ea12d0, isElementDisplayed {id=204}]
Apr 25, 2019 6:41:23 PM org.openqa.selenium.remote.RemoteWebDriver log
WARNING: Executed: [a6cd9e71f1555307bba9603edc9a488fd7ea12d0, isElementDisplayed {id=204}]
Apr 25, 2019 6:41:23 PM org.openqa.selenium.remote.RemoteWebDriver log
WARNING: Executing: isElementDisplayed [a6cd9e71f1555307bba9603edc9a488fd7ea12d0, isElementDisplayed {id=205}]
Apr 25, 2019 6:41:23 PM org.openqa.selenium.remote.RemoteWebDriver log
WARNING: Executed: [a6cd9e71f1555307bba9603edc9a488fd7ea12d0, isElementDisplayed {id=205}]
Apr 25, 2019 6:41:23 PM org.openqa.selenium.remote.RemoteWebDriver log
WARNING: Executing: isElementDisplayed [a6cd9e71f1555307bba9603edc9a488fd7ea12d0, isElementDisplayed {id=206}]
Apr 25, 2019 6:41:24 PM org.openqa.selenium.remote.RemoteWebDriver log
WARNING: Executed: [a6cd9e71f1555307bba9603edc9a488fd7ea12d0, isElementDisplayed {id=206}]
Apr 25, 2019 6:41:24 PM org.openqa.selenium.remote.RemoteWebDriver log
WARNING: Executing: isElementDisplayed [a6cd9e71f1555307bba9603edc9a488fd7ea12d0, isElementDisplayed {id=207}]
Apr 25, 2019 6:41:24 PM org.openqa.selenium.remote.RemoteWebDriver log
WARNING: Executed: [a6cd9e71f1555307bba9603edc9a488fd7ea12d0, isElementDisplayed {id=207}]
Apr 25, 2019 6:41:24 PM org.openqa.selenium.remote.RemoteWebDriver log
WARNING: Executing: isElementDisplayed [a6cd9e71f1555307bba9603edc9a488fd7ea12d0, isElementDisplayed {id=208}]
Apr 25, 2019 6:41:24 PM org.openqa.selenium.remote.RemoteWebDriver log
WARNING: Executed: [a6cd9e71f1555307bba9603edc9a488fd7ea12d0, isElementDisplayed {id=208}]
Apr 25, 2019 6:41:24 PM org.openqa.selenium.remote.RemoteWebDriver log
WARNING: Executing: isElementDisplayed [a6cd9e71f1555307bba9603edc9a488fd7ea12d0, isElementDisplayed {id=209}]
Apr 25, 2019 6:41:24 PM org.openqa.selenium.remote.RemoteWebDriver log
WARNING: Executed: [a6cd9e71f1555307bba9603edc9a488fd7ea12d0, isElementDisplayed {id=209}]
Apr 25, 2019 6:41:24 PM org.openqa.selenium.remote.RemoteWebDriver log
WARNING: Executing: isElementDisplayed [a6cd9e71f1555307bba9603edc9a488fd7ea12d0, isElementDisplayed {id=210}]
Apr 25, 2019 6:41:24 PM org.openqa.selenium.remote.RemoteWebDriver log
WARNING: Executed: [a6cd9e71f1555307bba9603edc9a488fd7ea12d0, isElementDisplayed {id=210}]
Apr 25, 2019 6:41:24 PM org.openqa.selenium.remote.RemoteWebDriver log
WARNING: Executing: isElementDisplayed [a6cd9e71f1555307bba9603edc9a488fd7ea12d0, isElementDisplayed {id=211}]
Apr 25, 2019 6:41:25 PM org.openqa.selenium.remote.RemoteWebDriver log
WARNING: Executed: [a6cd9e71f1555307bba9603edc9a488fd7ea12d0, isElementDisplayed {id=211}]
Apr 25, 2019 6:41:25 PM org.openqa.selenium.remote.RemoteWebDriver log
WARNING: Executing: isElementDisplayed [a6cd9e71f1555307bba9603edc9a488fd7ea12d0, isElementDisplayed {id=212}]
Apr 25, 2019 6:41:25 PM org.openqa.selenium.remote.RemoteWebDriver log
WARNING: Executed: [a6cd9e71f1555307bba9603edc9a488fd7ea12d0, isElementDisplayed {id=212}]
Apr 25, 2019 6:41:25 PM org.openqa.selenium.remote.RemoteWebDriver log
WARNING: Executing: isElementDisplayed [a6cd9e71f1555307bba9603edc9a488fd7ea12d0, isElementDisplayed {id=213}]
Apr 25, 2019 6:41:25 PM org.openqa.selenium.remote.RemoteWebDriver log
WARNING: Executed: [a6cd9e71f1555307bba9603edc9a488fd7ea12d0, isElementDisplayed {id=213}]
Apr 25, 2019 6:41:25 PM org.openqa.selenium.remote.RemoteWebDriver log
WARNING: Executing: isElementDisplayed [a6cd9e71f1555307bba9603edc9a488fd7ea12d0, isElementDisplayed {id=214}]
Apr 25, 2019 6:41:25 PM org.openqa.selenium.remote.RemoteWebDriver log
WARNING: Executed: [a6cd9e71f1555307bba9603edc9a488fd7ea12d0, isElementDisplayed {id=214}]
Apr 25, 2019 6:41:25 PM org.openqa.selenium.remote.RemoteWebDriver log
WARNING: Executing: isElementDisplayed [a6cd9e71f1555307bba9603edc9a488fd7ea12d0, isElementDisplayed {id=215}]
Apr 25, 2019 6:41:26 PM org.openqa.selenium.remote.RemoteWebDriver log
WARNING: Executed: [a6cd9e71f1555307bba9603edc9a488fd7ea12d0, isElementDisplayed {id=215}]
Apr 25, 2019 6:41:26 PM org.openqa.selenium.remote.RemoteWebDriver log
WARNING: Executing: isElementDisplayed [a6cd9e71f1555307bba9603edc9a488fd7ea12d0, isElementDisplayed {id=216}]
Apr 25, 2019 6:41:26 PM org.openqa.selenium.remote.RemoteWebDriver log
WARNING: Executed: [a6cd9e71f1555307bba9603edc9a488fd7ea12d0, isElementDisplayed {id=216}]
Apr 25, 2019 6:41:26 PM org.openqa.selenium.remote.RemoteWebDriver log
WARNING: Executing: isElementDisplayed [a6cd9e71f1555307bba9603edc9a488fd7ea12d0, isElementDisplayed {id=217}]
Apr 25, 2019 6:41:26 PM org.openqa.selenium.remote.RemoteWebDriver log
WARNING: Executed: [a6cd9e71f1555307bba9603edc9a488fd7ea12d0, isElementDisplayed {id=217}]
Apr 25, 2019 6:41:26 PM org.openqa.selenium.remote.RemoteWebDriver log
WARNING: Executing: isElementDisplayed [a6cd9e71f1555307bba9603edc9a488fd7ea12d0, isElementDisplayed {id=218}]
Apr 25, 2019 6:41:27 PM org.openqa.selenium.remote.RemoteWebDriver log
WARNING: Executed: [a6cd9e71f1555307bba9603edc9a488fd7ea12d0, isElementDisplayed {id=218}]
Apr 25, 2019 6:41:27 PM org.openqa.selenium.remote.RemoteWebDriver log
WARNING: Executing: isElementDisplayed [a6cd9e71f1555307bba9603edc9a488fd7ea12d0, isElementDisplayed {id=219}]
Apr 25, 2019 6:41:27 PM org.openqa.selenium.remote.RemoteWebDriver log
WARNING: Executed: [a6cd9e71f1555307bba9603edc9a488fd7ea12d0, isElementDisplayed {id=219}]
Apr 25, 2019 6:41:27 PM org.openqa.selenium.remote.RemoteWebDriver log
WARNING: Executing: isElementDisplayed [a6cd9e71f1555307bba9603edc9a488fd7ea12d0, isElementDisplayed {id=220}]
Apr 25, 2019 6:41:27 PM org.openqa.selenium.remote.RemoteWebDriver log
WARNING: Executed: [a6cd9e71f1555307bba9603edc9a488fd7ea12d0, isElementDisplayed {id=220}]
Apr 25, 2019 6:41:27 PM org.openqa.selenium.remote.RemoteWebDriver log
WARNING: Executing: isElementDisplayed [a6cd9e71f1555307bba9603edc9a488fd7ea12d0, isElementDisplayed {id=221}]
Apr 25, 2019 6:41:27 PM org.openqa.selenium.remote.RemoteWebDriver log
WARNING: Executed: [a6cd9e71f1555307bba9603edc9a488fd7ea12d0, isElementDisplayed {id=221}]
Apr 25, 2019 6:41:27 PM org.openqa.selenium.remote.RemoteWebDriver log
WARNING: Executing: isElementDisplayed [a6cd9e71f1555307bba9603edc9a488fd7ea12d0, isElementDisplayed {id=222}]
Apr 25, 2019 6:41:28 PM org.openqa.selenium.remote.RemoteWebDriver log
WARNING: Executed: [a6cd9e71f1555307bba9603edc9a488fd7ea12d0, isElementDisplayed {id=222}]
Apr 25, 2019 6:41:28 PM org.openqa.selenium.remote.RemoteWebDriver log
WARNING: Executing: isElementDisplayed [a6cd9e71f1555307bba9603edc9a488fd7ea12d0, isElementDisplayed {id=223}]
Apr 25, 2019 6:41:28 PM org.openqa.selenium.remote.RemoteWebDriver log
WARNING: Executed: [a6cd9e71f1555307bba9603edc9a488fd7ea12d0, isElementDisplayed {id=223}]
Apr 25, 2019 6:41:28 PM org.openqa.selenium.remote.RemoteWebDriver log
WARNING: Executing: isElementDisplayed [a6cd9e71f1555307bba9603edc9a488fd7ea12d0, isElementDisplayed {id=224}]
Apr 25, 2019 6:41:28 PM org.openqa.selenium.remote.RemoteWebDriver log
WARNING: Executed: [a6cd9e71f1555307bba9603edc9a488fd7ea12d0, isElementDisplayed {id=224}]
Apr 25, 2019 6:41:28 PM org.openqa.selenium.remote.RemoteWebDriver log
WARNING: Executing: isElementDisplayed [a6cd9e71f1555307bba9603edc9a488fd7ea12d0, isElementDisplayed {id=225}]
Apr 25, 2019 6:41:28 PM org.openqa.selenium.remote.RemoteWebDriver log
WARNING: Executed: [a6cd9e71f1555307bba9603edc9a488fd7ea12d0, isElementDisplayed {id=225}]
Apr 25, 2019 6:41:28 PM org.openqa.selenium.remote.RemoteWebDriver log
WARNING: Executing: isElementDisplayed [a6cd9e71f1555307bba9603edc9a488fd7ea12d0, isElementDisplayed {id=226}]
Apr 25, 2019 6:41:28 PM org.openqa.selenium.remote.RemoteWebDriver log
WARNING: Executed: [a6cd9e71f1555307bba9603edc9a488fd7ea12d0, isElementDisplayed {id=226}]
Apr 25, 2019 6:41:28 PM org.openqa.selenium.remote.RemoteWebDriver log
WARNING: Executing: isElementDisplayed [a6cd9e71f1555307bba9603edc9a488fd7ea12d0, isElementDisplayed {id=227}]
Apr 25, 2019 6:41:29 PM org.openqa.selenium.remote.RemoteWebDriver log
WARNING: Executed: [a6cd9e71f1555307bba9603edc9a488fd7ea12d0, isElementDisplayed {id=227}]
Apr 25, 2019 6:41:29 PM org.openqa.selenium.remote.RemoteWebDriver log
WARNING: Executing: isElementDisplayed [a6cd9e71f1555307bba9603edc9a488fd7ea12d0, isElementDisplayed {id=228}]
Apr 25, 2019 6:41:29 PM org.openqa.selenium.remote.RemoteWebDriver log
WARNING: Executed: [a6cd9e71f1555307bba9603edc9a488fd7ea12d0, isElementDisplayed {id=228}]
Apr 25, 2019 6:41:29 PM org.openqa.selenium.remote.RemoteWebDriver log
WARNING: Executing: isElementDisplayed [a6cd9e71f1555307bba9603edc9a488fd7ea12d0, isElementDisplayed {id=229}]
Apr 25, 2019 6:41:29 PM org.openqa.selenium.remote.RemoteWebDriver log
WARNING: Executed: [a6cd9e71f1555307bba9603edc9a488fd7ea12d0, isElementDisplayed {id=229}]
Apr 25, 2019 6:41:29 PM org.openqa.selenium.remote.RemoteWebDriver log
WARNING: Executing: isElementDisplayed [a6cd9e71f1555307bba9603edc9a488fd7ea12d0, isElementDisplayed {id=230}]
Apr 25, 2019 6:41:29 PM org.openqa.selenium.remote.RemoteWebDriver log
WARNING: Executed: [a6cd9e71f1555307bba9603edc9a488fd7ea12d0, isElementDisplayed {id=230}]
Apr 25, 2019 6:41:29 PM org.openqa.selenium.remote.RemoteWebDriver log
WARNING: Executing: isElementDisplayed [a6cd9e71f1555307bba9603edc9a488fd7ea12d0, isElementDisplayed {id=231}]
Apr 25, 2019 6:41:30 PM org.openqa.selenium.remote.RemoteWebDriver log
WARNING: Executed: [a6cd9e71f1555307bba9603edc9a488fd7ea12d0, isElementDisplayed {id=231}]
Apr 25, 2019 6:41:30 PM org.openqa.selenium.remote.RemoteWebDriver log
WARNING: Executing: isElementDisplayed [a6cd9e71f1555307bba9603edc9a488fd7ea12d0, isElementDisplayed {id=232}]
Apr 25, 2019 6:41:30 PM org.openqa.selenium.remote.RemoteWebDriver log
WARNING: Executed: [a6cd9e71f1555307bba9603edc9a488fd7ea12d0, isElementDisplayed {id=232}]
Apr 25, 2019 6:41:30 PM org.openqa.selenium.remote.RemoteWebDriver log
WARNING: Executing: isElementDisplayed [a6cd9e71f1555307bba9603edc9a488fd7ea12d0, isElementDisplayed {id=233}]
Apr 25, 2019 6:41:30 PM org.openqa.selenium.remote.RemoteWebDriver log
WARNING: Executed: [a6cd9e71f1555307bba9603edc9a488fd7ea12d0, isElementDisplayed {id=233}]
Apr 25, 2019 6:41:30 PM org.openqa.selenium.remote.RemoteWebDriver log
WARNING: Executing: isElementDisplayed [a6cd9e71f1555307bba9603edc9a488fd7ea12d0, isElementDisplayed {id=234}]
Apr 25, 2019 6:41:30 PM org.openqa.selenium.remote.RemoteWebDriver log
WARNING: Executed: [a6cd9e71f1555307bba9603edc9a488fd7ea12d0, isElementDisplayed {id=234}]
Apr 25, 2019 6:41:30 PM org.openqa.selenium.remote.RemoteWebDriver log
WARNING: Executing: isElementDisplayed [a6cd9e71f1555307bba9603edc9a488fd7ea12d0, isElementDisplayed {id=235}]
Apr 25, 2019 6:41:30 PM org.openqa.selenium.remote.RemoteWebDriver log
WARNING: Executed: [a6cd9e71f1555307bba9603edc9a488fd7ea12d0, isElementDisplayed {id=235}]
Apr 25, 2019 6:41:30 PM org.openqa.selenium.remote.RemoteWebDriver log
WARNING: Executing: isElementDisplayed [a6cd9e71f1555307bba9603edc9a488fd7ea12d0, isElementDisplayed {id=236}]
Apr 25, 2019 6:41:31 PM org.openqa.selenium.remote.RemoteWebDriver log
WARNING: Executed: [a6cd9e71f1555307bba9603edc9a488fd7ea12d0, isElementDisplayed {id=236}]
Apr 25, 2019 6:41:31 PM org.openqa.selenium.remote.RemoteWebDriver log
WARNING: Executing: isElementDisplayed [a6cd9e71f1555307bba9603edc9a488fd7ea12d0, isElementDisplayed {id=237}]
Apr 25, 2019 6:41:31 PM org.openqa.selenium.remote.RemoteWebDriver log
WARNING: Executed: [a6cd9e71f1555307bba9603edc9a488fd7ea12d0, isElementDisplayed {id=237}]
Apr 25, 2019 6:41:31 PM org.openqa.selenium.remote.RemoteWebDriver log
WARNING: Executing: isElementDisplayed [a6cd9e71f1555307bba9603edc9a488fd7ea12d0, isElementDisplayed {id=238}]
Apr 25, 2019 6:41:31 PM org.openqa.selenium.remote.RemoteWebDriver log
WARNING: Executed: [a6cd9e71f1555307bba9603edc9a488fd7ea12d0, isElementDisplayed {id=238}]
Apr 25, 2019 6:41:31 PM org.openqa.selenium.remote.RemoteWebDriver log
WARNING: Executing: isElementDisplayed [a6cd9e71f1555307bba9603edc9a488fd7ea12d0, isElementDisplayed {id=239}]
Apr 25, 2019 6:41:31 PM org.openqa.selenium.remote.RemoteWebDriver log
WARNING: Executed: [a6cd9e71f1555307bba9603edc9a488fd7ea12d0, isElementDisplayed {id=239}]
Apr 25, 2019 6:41:31 PM org.openqa.selenium.remote.RemoteWebDriver log
WARNING: Executing: isElementDisplayed [a6cd9e71f1555307bba9603edc9a488fd7ea12d0, isElementDisplayed {id=240}]
Apr 25, 2019 6:41:32 PM org.openqa.selenium.remote.RemoteWebDriver log
WARNING: Executed: [a6cd9e71f1555307bba9603edc9a488fd7ea12d0, isElementDisplayed {id=240}]
Apr 25, 2019 6:41:32 PM org.openqa.selenium.remote.RemoteWebDriver log
WARNING: Executing: isElementDisplayed [a6cd9e71f1555307bba9603edc9a488fd7ea12d0, isElementDisplayed {id=241}]
Apr 25, 2019 6:41:32 PM org.openqa.selenium.remote.RemoteWebDriver log
WARNING: Executed: [a6cd9e71f1555307bba9603edc9a488fd7ea12d0, isElementDisplayed {id=241}]
Apr 25, 2019 6:41:32 PM org.openqa.selenium.remote.RemoteWebDriver log
WARNING: Executing: isElementDisplayed [a6cd9e71f1555307bba9603edc9a488fd7ea12d0, isElementDisplayed {id=242}]
Apr 25, 2019 6:41:32 PM org.openqa.selenium.remote.RemoteWebDriver log
WARNING: Executed: [a6cd9e71f1555307bba9603edc9a488fd7ea12d0, isElementDisplayed {id=242}]
Apr 25, 2019 6:41:32 PM org.openqa.selenium.remote.RemoteWebDriver log
WARNING: Executing: isElementDisplayed [a6cd9e71f1555307bba9603edc9a488fd7ea12d0, isElementDisplayed {id=243}]
Apr 25, 2019 6:41:32 PM org.openqa.selenium.remote.RemoteWebDriver log
WARNING: Executed: [a6cd9e71f1555307bba9603edc9a488fd7ea12d0, isElementDisplayed {id=243}]
Apr 25, 2019 6:41:32 PM org.openqa.selenium.remote.RemoteWebDriver log
WARNING: Executing: isElementDisplayed [a6cd9e71f1555307bba9603edc9a488fd7ea12d0, isElementDisplayed {id=244}]
Apr 25, 2019 6:41:33 PM org.openqa.selenium.remote.RemoteWebDriver log
WARNING: Executed: [a6cd9e71f1555307bba9603edc9a488fd7ea12d0, isElementDisplayed {id=244}]
Apr 25, 2019 6:41:33 PM org.openqa.selenium.remote.RemoteWebDriver log
WARNING: Executing: isElementDisplayed [a6cd9e71f1555307bba9603edc9a488fd7ea12d0, isElementDisplayed {id=245}]
Apr 25, 2019 6:41:33 PM org.openqa.selenium.remote.RemoteWebDriver log
WARNING: Executed: [a6cd9e71f1555307bba9603edc9a488fd7ea12d0, isElementDisplayed {id=245}]
Apr 25, 2019 6:41:33 PM org.openqa.selenium.remote.RemoteWebDriver log
WARNING: Executing: isElementDisplayed [a6cd9e71f1555307bba9603edc9a488fd7ea12d0, isElementDisplayed {id=246}]
Apr 25, 2019 6:41:33 PM org.openqa.selenium.remote.RemoteWebDriver log
WARNING: Executed: [a6cd9e71f1555307bba9603edc9a488fd7ea12d0, isElementDisplayed {id=246}]
Apr 25, 2019 6:41:33 PM org.openqa.selenium.remote.RemoteWebDriver log
WARNING: Executing: isElementDisplayed [a6cd9e71f1555307bba9603edc9a488fd7ea12d0, isElementDisplayed {id=247}]
Apr 25, 2019 6:41:33 PM org.openqa.selenium.remote.RemoteWebDriver log
WARNING: Executed: [a6cd9e71f1555307bba9603edc9a488fd7ea12d0, isElementDisplayed {id=247}]
Apr 25, 2019 6:41:33 PM org.openqa.selenium.remote.RemoteWebDriver log
WARNING: Executing: isElementDisplayed [a6cd9e71f1555307bba9603edc9a488fd7ea12d0, isElementDisplayed {id=248}]
Apr 25, 2019 6:41:34 PM org.openqa.selenium.remote.RemoteWebDriver log
WARNING: Executed: [a6cd9e71f1555307bba9603edc9a488fd7ea12d0, isElementDisplayed {id=248}]
Apr 25, 2019 6:41:34 PM org.openqa.selenium.remote.RemoteWebDriver log
WARNING: Executing: isElementDisplayed [a6cd9e71f1555307bba9603edc9a488fd7ea12d0, isElementDisplayed {id=249}]
Apr 25, 2019 6:41:34 PM org.openqa.selenium.remote.RemoteWebDriver log
WARNING: Executed: [a6cd9e71f1555307bba9603edc9a488fd7ea12d0, isElementDisplayed {id=249}]
Apr 25, 2019 6:41:34 PM org.openqa.selenium.remote.RemoteWebDriver log
WARNING: Executing: isElementDisplayed [a6cd9e71f1555307bba9603edc9a488fd7ea12d0, isElementDisplayed {id=250}]
Apr 25, 2019 6:41:34 PM org.openqa.selenium.remote.RemoteWebDriver log
WARNING: Executed: [a6cd9e71f1555307bba9603edc9a488fd7ea12d0, isElementDisplayed {id=250}]
Apr 25, 2019 6:41:34 PM org.openqa.selenium.remote.RemoteWebDriver log
WARNING: Executing: isElementDisplayed [a6cd9e71f1555307bba9603edc9a488fd7ea12d0, isElementDisplayed {id=251}]
Apr 25, 2019 6:41:35 PM org.openqa.selenium.remote.RemoteWebDriver log
WARNING: Executed: [a6cd9e71f1555307bba9603edc9a488fd7ea12d0, isElementDisplayed {id=251}]
Apr 25, 2019 6:41:35 PM org.openqa.selenium.remote.RemoteWebDriver log
WARNING: Executing: isElementDisplayed [a6cd9e71f1555307bba9603edc9a488fd7ea12d0, isElementDisplayed {id=252}]
Apr 25, 2019 6:41:35 PM org.openqa.selenium.remote.RemoteWebDriver log
WARNING: Executed: [a6cd9e71f1555307bba9603edc9a488fd7ea12d0, isElementDisplayed {id=252}]
Apr 25, 2019 6:41:35 PM org.openqa.selenium.remote.RemoteWebDriver log
WARNING: Executing: isElementDisplayed [a6cd9e71f1555307bba9603edc9a488fd7ea12d0, isElementDisplayed {id=253}]
Apr 25, 2019 6:41:35 PM org.openqa.selenium.remote.RemoteWebDriver log
WARNING: Executed: [a6cd9e71f1555307bba9603edc9a488fd7ea12d0, isElementDisplayed {id=253}]
Apr 25, 2019 6:41:35 PM org.openqa.selenium.remote.RemoteWebDriver log
WARNING: Executing: isElementDisplayed [a6cd9e71f1555307bba9603edc9a488fd7ea12d0, isElementDisplayed {id=254}]
Apr 25, 2019 6:41:35 PM org.openqa.selenium.remote.RemoteWebDriver log
WARNING: Executed: [a6cd9e71f1555307bba9603edc9a488fd7ea12d0, isElementDisplayed {id=254}]
Apr 25, 2019 6:41:35 PM org.openqa.selenium.remote.RemoteWebDriver log
WARNING: Executing: isElementDisplayed [a6cd9e71f1555307bba9603edc9a488fd7ea12d0, isElementDisplayed {id=255}]
Apr 25, 2019 6:41:36 PM org.openqa.selenium.remote.RemoteWebDriver log
WARNING: Executed: [a6cd9e71f1555307bba9603edc9a488fd7ea12d0, isElementDisplayed {id=255}]
Apr 25, 2019 6:41:36 PM org.openqa.selenium.remote.RemoteWebDriver log
WARNING: Executing: isElementDisplayed [a6cd9e71f1555307bba9603edc9a488fd7ea12d0, isElementDisplayed {id=256}]
Apr 25, 2019 6:41:36 PM org.openqa.selenium.remote.RemoteWebDriver log
WARNING: Executed: [a6cd9e71f1555307bba9603edc9a488fd7ea12d0, isElementDisplayed {id=256}]
Apr 25, 2019 6:41:36 PM org.openqa.selenium.remote.RemoteWebDriver log
WARNING: Executing: isElementDisplayed [a6cd9e71f1555307bba9603edc9a488fd7ea12d0, isElementDisplayed {id=257}]
Apr 25, 2019 6:41:36 PM org.openqa.selenium.remote.RemoteWebDriver log
WARNING: Executed: [a6cd9e71f1555307bba9603edc9a488fd7ea12d0, isElementDisplayed {id=257}]
Apr 25, 2019 6:41:36 PM org.openqa.selenium.remote.RemoteWebDriver log
WARNING: Executing: isElementDisplayed [a6cd9e71f1555307bba9603edc9a488fd7ea12d0, isElementDisplayed {id=258}]
Apr 25, 2019 6:41:36 PM org.openqa.selenium.remote.RemoteWebDriver log
WARNING: Executed: [a6cd9e71f1555307bba9603edc9a488fd7ea12d0, isElementDisplayed {id=258}]
Apr 25, 2019 6:41:36 PM org.openqa.selenium.remote.RemoteWebDriver log
WARNING: Executing: isElementDisplayed [a6cd9e71f1555307bba9603edc9a488fd7ea12d0, isElementDisplayed {id=259}]
Apr 25, 2019 6:41:37 PM org.openqa.selenium.remote.RemoteWebDriver log
WARNING: Executed: [a6cd9e71f1555307bba9603edc9a488fd7ea12d0, isElementDisplayed {id=259}]
Apr 25, 2019 6:41:37 PM org.openqa.selenium.remote.RemoteWebDriver log
WARNING: Executing: isElementDisplayed [a6cd9e71f1555307bba9603edc9a488fd7ea12d0, isElementDisplayed {id=260}]
Apr 25, 2019 6:41:37 PM org.openqa.selenium.remote.RemoteWebDriver log
WARNING: Executed: [a6cd9e71f1555307bba9603edc9a488fd7ea12d0, isElementDisplayed {id=260}]
Apr 25, 2019 6:41:37 PM org.openqa.selenium.remote.RemoteWebDriver log
WARNING: Executing: isElementDisplayed [a6cd9e71f1555307bba9603edc9a488fd7ea12d0, isElementDisplayed {id=261}]
Apr 25, 2019 6:41:37 PM org.openqa.selenium.remote.RemoteWebDriver log
WARNING: Executed: [a6cd9e71f1555307bba9603edc9a488fd7ea12d0, isElementDisplayed {id=261}]
Apr 25, 2019 6:41:37 PM org.openqa.selenium.remote.RemoteWebDriver log
WARNING: Executing: isElementDisplayed [a6cd9e71f1555307bba9603edc9a488fd7ea12d0, isElementDisplayed {id=262}]
Apr 25, 2019 6:41:37 PM org.openqa.selenium.remote.RemoteWebDriver log
WARNING: Executed: [a6cd9e71f1555307bba9603edc9a488fd7ea12d0, isElementDisplayed {id=262}]
Apr 25, 2019 6:41:37 PM org.openqa.selenium.remote.RemoteWebDriver log
WARNING: Executing: isElementDisplayed [a6cd9e71f1555307bba9603edc9a488fd7ea12d0, isElementDisplayed {id=263}]
Apr 25, 2019 6:41:38 PM org.openqa.selenium.remote.RemoteWebDriver log
WARNING: Executed: [a6cd9e71f1555307bba9603edc9a488fd7ea12d0, isElementDisplayed {id=263}]
Apr 25, 2019 6:41:38 PM org.openqa.selenium.remote.RemoteWebDriver log
WARNING: Executing: isElementDisplayed [a6cd9e71f1555307bba9603edc9a488fd7ea12d0, isElementDisplayed {id=264}]
Apr 25, 2019 6:41:38 PM org.openqa.selenium.remote.RemoteWebDriver log
WARNING: Executed: [a6cd9e71f1555307bba9603edc9a488fd7ea12d0, isElementDisplayed {id=264}]
Apr 25, 2019 6:41:38 PM org.openqa.selenium.remote.RemoteWebDriver log
WARNING: Executing: isElementDisplayed [a6cd9e71f1555307bba9603edc9a488fd7ea12d0, isElementDisplayed {id=265}]
Apr 25, 2019 6:41:38 PM org.openqa.selenium.remote.RemoteWebDriver log
WARNING: Executed: [a6cd9e71f1555307bba9603edc9a488fd7ea12d0, isElementDisplayed {id=265}]
Apr 25, 2019 6:41:38 PM org.openqa.selenium.remote.RemoteWebDriver log
WARNING: Executing: isElementDisplayed [a6cd9e71f1555307bba9603edc9a488fd7ea12d0, isElementDisplayed {id=266}]
Apr 25, 2019 6:41:38 PM org.openqa.selenium.remote.RemoteWebDriver log
WARNING: Executed: [a6cd9e71f1555307bba9603edc9a488fd7ea12d0, isElementDisplayed {id=266}]
Apr 25, 2019 6:41:38 PM org.openqa.selenium.remote.RemoteWebDriver log
WARNING: Executing: isElementDisplayed [a6cd9e71f1555307bba9603edc9a488fd7ea12d0, isElementDisplayed {id=267}]
Apr 25, 2019 6:41:39 PM org.openqa.selenium.remote.RemoteWebDriver log
WARNING: Executed: [a6cd9e71f1555307bba9603edc9a488fd7ea12d0, isElementDisplayed {id=267}]
Apr 25, 2019 6:41:39 PM org.openqa.selenium.remote.RemoteWebDriver log
WARNING: Executing: isElementDisplayed [a6cd9e71f1555307bba9603edc9a488fd7ea12d0, isElementDisplayed {id=268}]
Apr 25, 2019 6:41:39 PM org.openqa.selenium.remote.RemoteWebDriver log
WARNING: Executed: [a6cd9e71f1555307bba9603edc9a488fd7ea12d0, isElementDisplayed {id=268}]
Apr 25, 2019 6:41:39 PM org.openqa.selenium.remote.RemoteWebDriver log
WARNING: Executing: isElementDisplayed [a6cd9e71f1555307bba9603edc9a488fd7ea12d0, isElementDisplayed {id=269}]
Apr 25, 2019 6:41:39 PM org.openqa.selenium.remote.RemoteWebDriver log
WARNING: Executed: [a6cd9e71f1555307bba9603edc9a488fd7ea12d0, isElementDisplayed {id=269}]
Apr 25, 2019 6:41:39 PM org.openqa.selenium.remote.RemoteWebDriver log
WARNING: Executing: isElementDisplayed [a6cd9e71f1555307bba9603edc9a488fd7ea12d0, isElementDisplayed {id=270}]
Apr 25, 2019 6:41:39 PM org.openqa.selenium.remote.RemoteWebDriver log
WARNING: Executed: [a6cd9e71f1555307bba9603edc9a488fd7ea12d0, isElementDisplayed {id=270}]
Apr 25, 2019 6:41:39 PM org.openqa.selenium.remote.RemoteWebDriver log
WARNING: Executing: isElementDisplayed [a6cd9e71f1555307bba9603edc9a488fd7ea12d0, isElementDisplayed {id=271}]
Apr 25, 2019 6:41:40 PM org.openqa.selenium.remote.RemoteWebDriver log
WARNING: Executed: [a6cd9e71f1555307bba9603edc9a488fd7ea12d0, isElementDisplayed {id=271}]
Apr 25, 2019 6:41:40 PM org.openqa.selenium.remote.RemoteWebDriver log
WARNING: Executing: isElementDisplayed [a6cd9e71f1555307bba9603edc9a488fd7ea12d0, isElementDisplayed {id=272}]
Apr 25, 2019 6:41:40 PM org.openqa.selenium.remote.RemoteWebDriver log
WARNING: Executed: [a6cd9e71f1555307bba9603edc9a488fd7ea12d0, isElementDisplayed {id=272}]
Apr 25, 2019 6:41:40 PM org.openqa.selenium.remote.RemoteWebDriver log
WARNING: Executing: isElementDisplayed [a6cd9e71f1555307bba9603edc9a488fd7ea12d0, isElementDisplayed {id=273}]
Apr 25, 2019 6:41:40 PM org.openqa.selenium.remote.RemoteWebDriver log
WARNING: Executed: [a6cd9e71f1555307bba9603edc9a488fd7ea12d0, isElementDisplayed {id=273}]
Apr 25, 2019 6:41:40 PM org.openqa.selenium.remote.RemoteWebDriver log
WARNING: Executing: isElementDisplayed [a6cd9e71f1555307bba9603edc9a488fd7ea12d0, isElementDisplayed {id=274}]
Apr 25, 2019 6:41:41 PM org.openqa.selenium.remote.RemoteWebDriver log
WARNING: Executed: [a6cd9e71f1555307bba9603edc9a488fd7ea12d0, isElementDisplayed {id=274}]
Apr 25, 2019 6:41:41 PM org.openqa.selenium.remote.RemoteWebDriver log
WARNING: Executing: isElementDisplayed [a6cd9e71f1555307bba9603edc9a488fd7ea12d0, isElementDisplayed {id=275}]
Apr 25, 2019 6:41:41 PM org.openqa.selenium.remote.RemoteWebDriver log
WARNING: Executed: [a6cd9e71f1555307bba9603edc9a488fd7ea12d0, isElementDisplayed {id=275}]
Apr 25, 2019 6:41:41 PM org.openqa.selenium.remote.RemoteWebDriver log
WARNING: Executing: isElementDisplayed [a6cd9e71f1555307bba9603edc9a488fd7ea12d0, isElementDisplayed {id=276}]
Apr 25, 2019 6:41:41 PM org.openqa.selenium.remote.RemoteWebDriver log
WARNING: Executed: [a6cd9e71f1555307bba9603edc9a488fd7ea12d0, isElementDisplayed {id=276}]
Apr 25, 2019 6:41:41 PM org.openqa.selenium.remote.RemoteWebDriver log
WARNING: Executing: isElementDisplayed [a6cd9e71f1555307bba9603edc9a488fd7ea12d0, isElementDisplayed {id=277}]
Apr 25, 2019 6:41:41 PM org.openqa.selenium.remote.RemoteWebDriver log
WARNING: Executed: [a6cd9e71f1555307bba9603edc9a488fd7ea12d0, isElementDisplayed {id=277}]
Apr 25, 2019 6:41:41 PM org.openqa.selenium.remote.RemoteWebDriver log
WARNING: Executing: isElementDisplayed [a6cd9e71f1555307bba9603edc9a488fd7ea12d0, isElementDisplayed {id=278}]
Apr 25, 2019 6:41:42 PM org.openqa.selenium.remote.RemoteWebDriver log
WARNING: Executed: [a6cd9e71f1555307bba9603edc9a488fd7ea12d0, isElementDisplayed {id=278}]
Apr 25, 2019 6:41:42 PM org.openqa.selenium.remote.RemoteWebDriver log
WARNING: Executing: isElementDisplayed [a6cd9e71f1555307bba9603edc9a488fd7ea12d0, isElementDisplayed {id=279}]
Apr 25, 2019 6:41:42 PM org.openqa.selenium.remote.RemoteWebDriver log
WARNING: Executed: [a6cd9e71f1555307bba9603edc9a488fd7ea12d0, isElementDisplayed {id=279}]
Apr 25, 2019 6:41:42 PM org.openqa.selenium.remote.RemoteWebDriver log
WARNING: Executing: isElementDisplayed [a6cd9e71f1555307bba9603edc9a488fd7ea12d0, isElementDisplayed {id=280}]
Apr 25, 2019 6:41:42 PM org.openqa.selenium.remote.RemoteWebDriver log
WARNING: Executed: [a6cd9e71f1555307bba9603edc9a488fd7ea12d0, isElementDisplayed {id=280}]
Apr 25, 2019 6:41:42 PM org.openqa.selenium.remote.RemoteWebDriver log
WARNING: Executing: isElementDisplayed [a6cd9e71f1555307bba9603edc9a488fd7ea12d0, isElementDisplayed {id=281}]
Apr 25, 2019 6:41:42 PM org.openqa.selenium.remote.RemoteWebDriver log
WARNING: Executed: [a6cd9e71f1555307bba9603edc9a488fd7ea12d0, isElementDisplayed {id=281}]
Apr 25, 2019 6:41:42 PM org.openqa.selenium.remote.RemoteWebDriver log
WARNING: Executing: isElementDisplayed [a6cd9e71f1555307bba9603edc9a488fd7ea12d0, isElementDisplayed {id=282}]
Apr 25, 2019 6:41:43 PM org.openqa.selenium.remote.RemoteWebDriver log
WARNING: Executed: [a6cd9e71f1555307bba9603edc9a488fd7ea12d0, isElementDisplayed {id=282}]
Apr 25, 2019 6:41:43 PM org.openqa.selenium.remote.RemoteWebDriver log
WARNING: Executing: isElementDisplayed [a6cd9e71f1555307bba9603edc9a488fd7ea12d0, isElementDisplayed {id=283}]
Apr 25, 2019 6:41:43 PM org.openqa.selenium.remote.RemoteWebDriver log
WARNING: Executed: [a6cd9e71f1555307bba9603edc9a488fd7ea12d0, isElementDisplayed {id=283}]
Apr 25, 2019 6:41:43 PM org.openqa.selenium.remote.RemoteWebDriver log
WARNING: Executing: isElementDisplayed [a6cd9e71f1555307bba9603edc9a488fd7ea12d0, isElementDisplayed {id=284}]
Apr 25, 2019 6:41:43 PM org.openqa.selenium.remote.RemoteWebDriver log
WARNING: Executed: [a6cd9e71f1555307bba9603edc9a488fd7ea12d0, isElementDisplayed {id=284}]
Apr 25, 2019 6:41:43 PM org.openqa.selenium.remote.RemoteWebDriver log
WARNING: Executing: isElementDisplayed [a6cd9e71f1555307bba9603edc9a488fd7ea12d0, isElementDisplayed {id=285}]
Apr 25, 2019 6:41:43 PM org.openqa.selenium.remote.RemoteWebDriver log
WARNING: Executed: [a6cd9e71f1555307bba9603edc9a488fd7ea12d0, isElementDisplayed {id=285}]
Apr 25, 2019 6:41:43 PM org.openqa.selenium.remote.RemoteWebDriver log
WARNING: Executing: isElementDisplayed [a6cd9e71f1555307bba9603edc9a488fd7ea12d0, isElementDisplayed {id=286}]
Apr 25, 2019 6:41:44 PM org.openqa.selenium.remote.RemoteWebDriver log
WARNING: Executed: [a6cd9e71f1555307bba9603edc9a488fd7ea12d0, isElementDisplayed {id=286}]
Apr 25, 2019 6:41:44 PM org.openqa.selenium.remote.RemoteWebDriver log
WARNING: Executing: isElementDisplayed [a6cd9e71f1555307bba9603edc9a488fd7ea12d0, isElementDisplayed {id=287}]
Apr 25, 2019 6:41:44 PM org.openqa.selenium.remote.RemoteWebDriver log
WARNING: Executed: [a6cd9e71f1555307bba9603edc9a488fd7ea12d0, isElementDisplayed {id=287}]
Apr 25, 2019 6:41:44 PM org.openqa.selenium.remote.RemoteWebDriver log
WARNING: Executing: isElementDisplayed [a6cd9e71f1555307bba9603edc9a488fd7ea12d0, isElementDisplayed {id=288}]
Apr 25, 2019 6:41:44 PM org.openqa.selenium.remote.RemoteWebDriver log
WARNING: Executed: [a6cd9e71f1555307bba9603edc9a488fd7ea12d0, isElementDisplayed {id=288}]
Apr 25, 2019 6:41:44 PM org.openqa.selenium.remote.RemoteWebDriver log
WARNING: Executing: isElementDisplayed [a6cd9e71f1555307bba9603edc9a488fd7ea12d0, isElementDisplayed {id=289}]
Apr 25, 2019 6:41:44 PM org.openqa.selenium.remote.RemoteWebDriver log
WARNING: Executed: [a6cd9e71f1555307bba9603edc9a488fd7ea12d0, isElementDisplayed {id=289}]
Apr 25, 2019 6:41:44 PM org.openqa.selenium.remote.RemoteWebDriver log
WARNING: Executing: isElementDisplayed [a6cd9e71f1555307bba9603edc9a488fd7ea12d0, isElementDisplayed {id=290}]
Apr 25, 2019 6:41:45 PM org.openqa.selenium.remote.RemoteWebDriver log
WARNING: Executed: [a6cd9e71f1555307bba9603edc9a488fd7ea12d0, isElementDisplayed {id=290}]
Apr 25, 2019 6:41:45 PM org.openqa.selenium.remote.RemoteWebDriver log
WARNING: Executing: isElementDisplayed [a6cd9e71f1555307bba9603edc9a488fd7ea12d0, isElementDisplayed {id=291}]
Apr 25, 2019 6:41:45 PM org.openqa.selenium.remote.RemoteWebDriver log
WARNING: Executed: [a6cd9e71f1555307bba9603edc9a488fd7ea12d0, isElementDisplayed {id=291}]
Apr 25, 2019 6:41:45 PM org.openqa.selenium.remote.RemoteWebDriver log
WARNING: Executing: isElementDisplayed [a6cd9e71f1555307bba9603edc9a488fd7ea12d0, isElementDisplayed {id=292}]
Apr 25, 2019 6:41:45 PM org.openqa.selenium.remote.RemoteWebDriver log
WARNING: Executed: [a6cd9e71f1555307bba9603edc9a488fd7ea12d0, isElementDisplayed {id=292}]
Apr 25, 2019 6:41:45 PM org.openqa.selenium.remote.RemoteWebDriver log
WARNING: Executing: isElementDisplayed [a6cd9e71f1555307bba9603edc9a488fd7ea12d0, isElementDisplayed {id=293}]
Apr 25, 2019 6:41:45 PM org.openqa.selenium.remote.RemoteWebDriver log
WARNING: Executed: [a6cd9e71f1555307bba9603edc9a488fd7ea12d0, isElementDisplayed {id=293}]
Apr 25, 2019 6:41:45 PM org.openqa.selenium.remote.RemoteWebDriver log
WARNING: Executing: isElementDisplayed [a6cd9e71f1555307bba9603edc9a488fd7ea12d0, isElementDisplayed {id=294}]
Apr 25, 2019 6:41:46 PM org.openqa.selenium.remote.RemoteWebDriver log
WARNING: Executed: [a6cd9e71f1555307bba9603edc9a488fd7ea12d0, isElementDisplayed {id=294}]
Apr 25, 2019 6:41:46 PM org.openqa.selenium.remote.RemoteWebDriver log
WARNING: Executing: isElementDisplayed [a6cd9e71f1555307bba9603edc9a488fd7ea12d0, isElementDisplayed {id=295}]
Apr 25, 2019 6:41:46 PM org.openqa.selenium.remote.RemoteWebDriver log
WARNING: Executed: [a6cd9e71f1555307bba9603edc9a488fd7ea12d0, isElementDisplayed {id=295}]
Apr 25, 2019 6:41:46 PM org.openqa.selenium.remote.RemoteWebDriver log
WARNING: Executing: isElementDisplayed [a6cd9e71f1555307bba9603edc9a488fd7ea12d0, isElementDisplayed {id=296}]
Apr 25, 2019 6:41:46 PM org.openqa.selenium.remote.RemoteWebDriver log
WARNING: Executed: [a6cd9e71f1555307bba9603edc9a488fd7ea12d0, isElementDisplayed {id=296}]
Apr 25, 2019 6:41:46 PM org.openqa.selenium.remote.RemoteWebDriver log
WARNING: Executing: isElementDisplayed [a6cd9e71f1555307bba9603edc9a488fd7ea12d0, isElementDisplayed {id=297}]
Apr 25, 2019 6:41:46 PM org.openqa.selenium.remote.RemoteWebDriver log
WARNING: Executed: [a6cd9e71f1555307bba9603edc9a488fd7ea12d0, isElementDisplayed {id=297}]
Apr 25, 2019 6:41:46 PM org.openqa.selenium.remote.RemoteWebDriver log
WARNING: Executing: isElementDisplayed [a6cd9e71f1555307bba9603edc9a488fd7ea12d0, isElementDisplayed {id=298}]
Apr 25, 2019 6:41:47 PM org.openqa.selenium.remote.RemoteWebDriver log
WARNING: Executed: [a6cd9e71f1555307bba9603edc9a488fd7ea12d0, isElementDisplayed {id=298}]
Apr 25, 2019 6:41:47 PM org.openqa.selenium.remote.RemoteWebDriver log
WARNING: Executing: isElementDisplayed [a6cd9e71f1555307bba9603edc9a488fd7ea12d0, isElementDisplayed {id=299}]
Apr 25, 2019 6:41:47 PM org.openqa.selenium.remote.RemoteWebDriver log
WARNING: Executed: [a6cd9e71f1555307bba9603edc9a488fd7ea12d0, isElementDisplayed {id=299}]
Apr 25, 2019 6:41:47 PM org.openqa.selenium.remote.RemoteWebDriver log
WARNING: Executing: isElementDisplayed [a6cd9e71f1555307bba9603edc9a488fd7ea12d0, isElementDisplayed {id=300}]
Apr 25, 2019 6:41:47 PM org.openqa.selenium.remote.RemoteWebDriver log
WARNING: Executed: [a6cd9e71f1555307bba9603edc9a488fd7ea12d0, isElementDisplayed {id=300}]
Apr 25, 2019 6:41:47 PM org.openqa.selenium.remote.RemoteWebDriver log
WARNING: Executing: isElementDisplayed [a6cd9e71f1555307bba9603edc9a488fd7ea12d0, isElementDisplayed {id=301}]
Apr 25, 2019 6:41:47 PM org.openqa.selenium.remote.RemoteWebDriver log
WARNING: Executed: [a6cd9e71f1555307bba9603edc9a488fd7ea12d0, isElementDisplayed {id=301}]
Apr 25, 2019 6:41:47 PM org.openqa.selenium.remote.RemoteWebDriver log
WARNING: Executing: isElementDisplayed [a6cd9e71f1555307bba9603edc9a488fd7ea12d0, isElementDisplayed {id=302}]
Apr 25, 2019 6:41:47 PM org.openqa.selenium.remote.RemoteWebDriver log
WARNING: Executed: [a6cd9e71f1555307bba9603edc9a488fd7ea12d0, isElementDisplayed {id=302}]
Apr 25, 2019 6:41:47 PM org.openqa.selenium.remote.RemoteWebDriver log
WARNING: Executing: isElementDisplayed [a6cd9e71f1555307bba9603edc9a488fd7ea12d0, isElementDisplayed {id=303}]
Apr 25, 2019 6:41:48 PM org.openqa.selenium.remote.RemoteWebDriver log
WARNING: Executed: [a6cd9e71f1555307bba9603edc9a488fd7ea12d0, isElementDisplayed {id=303}]
Apr 25, 2019 6:41:48 PM org.openqa.selenium.remote.RemoteWebDriver log
WARNING: Executing: isElementDisplayed [a6cd9e71f1555307bba9603edc9a488fd7ea12d0, isElementDisplayed {id=304}]
Apr 25, 2019 6:41:48 PM org.openqa.selenium.remote.RemoteWebDriver log
WARNING: Executed: [a6cd9e71f1555307bba9603edc9a488fd7ea12d0, isElementDisplayed {id=304}]
Apr 25, 2019 6:41:48 PM org.openqa.selenium.remote.RemoteWebDriver log
WARNING: Executing: isElementDisplayed [a6cd9e71f1555307bba9603edc9a488fd7ea12d0, isElementDisplayed {id=305}]
Apr 25, 2019 6:41:48 PM org.openqa.selenium.remote.RemoteWebDriver log
WARNING: Executed: [a6cd9e71f1555307bba9603edc9a488fd7ea12d0, isElementDisplayed {id=305}]
Apr 25, 2019 6:41:48 PM org.openqa.selenium.remote.RemoteWebDriver log
WARNING: Executing: isElementDisplayed [a6cd9e71f1555307bba9603edc9a488fd7ea12d0, isElementDisplayed {id=306}]
Apr 25, 2019 6:41:49 PM org.openqa.selenium.remote.RemoteWebDriver log
WARNING: Executed: [a6cd9e71f1555307bba9603edc9a488fd7ea12d0, isElementDisplayed {id=306}]
Apr 25, 2019 6:41:49 PM org.openqa.selenium.remote.RemoteWebDriver log
WARNING: Executing: isElementDisplayed [a6cd9e71f1555307bba9603edc9a488fd7ea12d0, isElementDisplayed {id=307}]
Apr 25, 2019 6:41:49 PM org.openqa.selenium.remote.RemoteWebDriver log
WARNING: Executed: [a6cd9e71f1555307bba9603edc9a488fd7ea12d0, isElementDisplayed {id=307}]
Apr 25, 2019 6:41:49 PM org.openqa.selenium.remote.RemoteWebDriver log
WARNING: Executing: isElementDisplayed [a6cd9e71f1555307bba9603edc9a488fd7ea12d0, isElementDisplayed {id=308}]
Apr 25, 2019 6:41:49 PM org.openqa.selenium.remote.RemoteWebDriver log
WARNING: Executed: [a6cd9e71f1555307bba9603edc9a488fd7ea12d0, isElementDisplayed {id=308}]
Apr 25, 2019 6:41:49 PM org.openqa.selenium.remote.RemoteWebDriver log
WARNING: Executing: isElementDisplayed [a6cd9e71f1555307bba9603edc9a488fd7ea12d0, isElementDisplayed {id=309}]
Apr 25, 2019 6:41:49 PM org.openqa.selenium.remote.RemoteWebDriver log
WARNING: Executed: [a6cd9e71f1555307bba9603edc9a488fd7ea12d0, isElementDisplayed {id=309}]
Apr 25, 2019 6:41:49 PM org.openqa.selenium.remote.RemoteWebDriver log
WARNING: Executing: isElementDisplayed [a6cd9e71f1555307bba9603edc9a488fd7ea12d0, isElementDisplayed {id=310}]
Apr 25, 2019 6:41:49 PM org.openqa.selenium.remote.RemoteWebDriver log
WARNING: Executed: [a6cd9e71f1555307bba9603edc9a488fd7ea12d0, isElementDisplayed {id=310}]
Apr 25, 2019 6:41:49 PM org.openqa.selenium.remote.RemoteWebDriver log
WARNING: Executing: isElementDisplayed [a6cd9e71f1555307bba9603edc9a488fd7ea12d0, isElementDisplayed {id=311}]
Apr 25, 2019 6:41:50 PM org.openqa.selenium.remote.RemoteWebDriver log
WARNING: Executed: [a6cd9e71f1555307bba9603edc9a488fd7ea12d0, isElementDisplayed {id=311}]
Apr 25, 2019 6:41:50 PM org.openqa.selenium.remote.RemoteWebDriver log
WARNING: Executing: getElementText [a6cd9e71f1555307bba9603edc9a488fd7ea12d0, getElementText {id=13}]
Apr 25, 2019 6:41:50 PM org.openqa.selenium.remote.RemoteWebDriver log
WARNING: Executed: [a6cd9e71f1555307bba9603edc9a488fd7ea12d0, getElementText {id=13}]
Apr 25, 2019 6:41:50 PM org.openqa.selenium.remote.RemoteWebDriver log
WARNING: Executing: findElements [a6cd9e71f1555307bba9603edc9a488fd7ea12d0, findElements {using=css selector, value=div[data-testcase-triage-category='FAIL'] div.testName}]
Apr 25, 2019 6:41:50 PM org.openqa.selenium.remote.RemoteWebDriver log
WARNING: Executed: [a6cd9e71f1555307bba9603edc9a488fd7ea12d0, findElements {using=css selector, value=div[data-testcase-triage-category='FAIL'] div.testName}]
Apr 25, 2019 6:41:50 PM org.openqa.selenium.remote.RemoteWebDriver log
WARNING: Executing: getElementText [a6cd9e71f1555307bba9603edc9a488fd7ea12d0, getElementText {id=13}]
Apr 25, 2019 6:41:50 PM org.openqa.selenium.remote.RemoteWebDriver log
WARNING: Executed: [a6cd9e71f1555307bba9603edc9a488fd7ea12d0, getElementText {id=13}]
Apr 25, 2019 6:41:50 PM org.openqa.selenium.remote.RemoteWebDriver log
WARNING: Executing: clickElement [a6cd9e71f1555307bba9603edc9a488fd7ea12d0, clickElement {id=13}]
Apr 25, 2019 6:41:51 PM org.openqa.selenium.remote.RemoteWebDriver log
WARNING: Executed: [a6cd9e71f1555307bba9603edc9a488fd7ea12d0, clickElement {id=13}]
Apr 25, 2019 6:41:51 PM org.openqa.selenium.remote.RemoteWebDriver log
WARNING: Executing: getCurrentUrl [a6cd9e71f1555307bba9603edc9a488fd7ea12d0, getCurrentUrl {}]
Apr 25, 2019 6:41:51 PM org.openqa.selenium.remote.RemoteWebDriver log
WARNING: Executed: [a6cd9e71f1555307bba9603edc9a488fd7ea12d0, getCurrentUrl {}]
Apr 25, 2019 6:41:51 PM org.openqa.selenium.remote.RemoteWebDriver log
WARNING: Executing: findElement [a6cd9e71f1555307bba9603edc9a488fd7ea12d0, findElement {using=class name, value=homeRoot}]
Apr 25, 2019 6:41:52 PM org.openqa.selenium.remote.RemoteWebDriver log
WARNING: Executed: [a6cd9e71f1555307bba9603edc9a488fd7ea12d0, findElement {using=class name, value=homeRoot}]
Apr 25, 2019 6:41:52 PM org.openqa.selenium.remote.RemoteWebDriver log
WARNING: Executing: findElement [a6cd9e71f1555307bba9603edc9a488fd7ea12d0, findElement {using=xpath, value=//div[starts-with(text(), 'Automatic')]}]
Apr 25, 2019 6:41:54 PM org.openqa.selenium.remote.RemoteWebDriver log
WARNING: Executed: [a6cd9e71f1555307bba9603edc9a488fd7ea12d0, findElement {using=xpath, value=//div[starts-with(text(), 'Automatic')]}]
Apr 25, 2019 6:41:54 PM org.openqa.selenium.remote.RemoteWebDriver log
WARNING: Executing: isElementDisplayed [a6cd9e71f1555307bba9603edc9a488fd7ea12d0, isElementDisplayed {id=312}]
Apr 25, 2019 6:41:54 PM org.openqa.selenium.remote.RemoteWebDriver log
WARNING: Executed: [a6cd9e71f1555307bba9603edc9a488fd7ea12d0, isElementDisplayed {id=312}]
Apr 25, 2019 6:41:54 PM org.openqa.selenium.remote.RemoteWebDriver log
WARNING: Executing: isElementEnabled [a6cd9e71f1555307bba9603edc9a488fd7ea12d0, isElementEnabled {id=312}]
Apr 25, 2019 6:41:54 PM org.openqa.selenium.remote.RemoteWebDriver log
WARNING: Executed: [a6cd9e71f1555307bba9603edc9a488fd7ea12d0, isElementEnabled {id=312}]
Apr 25, 2019 6:41:54 PM org.openqa.selenium.remote.RemoteWebDriver log
WARNING: Executing: clickElement [a6cd9e71f1555307bba9603edc9a488fd7ea12d0, clickElement {id=312}]
Apr 25, 2019 6:41:55 PM org.openqa.selenium.remote.RemoteWebDriver log
WARNING: Executed: [a6cd9e71f1555307bba9603edc9a488fd7ea12d0, clickElement {id=312}]
Apr 25, 2019 6:41:55 PM org.openqa.selenium.remote.RemoteWebDriver log
WARNING: Executing: findElement [a6cd9e71f1555307bba9603edc9a488fd7ea12d0, findElement {using=css selector, value=li[data-value='MEDIUM']}]
Apr 25, 2019 6:41:58 PM org.openqa.selenium.remote.RemoteWebDriver log
WARNING: Executed: [a6cd9e71f1555307bba9603edc9a488fd7ea12d0, findElement {using=css selector, value=li[data-value='MEDIUM']}]
Apr 25, 2019 6:41:58 PM org.openqa.selenium.remote.RemoteWebDriver log
WARNING: Executing: findElement [a6cd9e71f1555307bba9603edc9a488fd7ea12d0, findElement {using=css selector, value=li[data-value='MEDIUM']}]
Apr 25, 2019 6:42:02 PM org.openqa.selenium.remote.RemoteWebDriver log
WARNING: Executed: [a6cd9e71f1555307bba9603edc9a488fd7ea12d0, findElement {using=css selector, value=li[data-value='MEDIUM']}]
]]></system-err>
  </testcase>
  <testcase name="testPinned" classname="com.clarolab.AutomationIssuesTest" time="17.623"/>
  <testcase name="testSaveCancelCleanNote" classname="com.clarolab.AutomationIssuesTest" time="10.839">
    <failure type="java.lang.NullPointerException">java.lang.NullPointerException
	at com.clarolab.AutomationIssuesTest.testSaveCancelCleanNote(AutomationIssuesTest.java:152)
</failure>
    <system-err><![CDATA[Apr 25, 2019 6:42:42 PM org.openqa.selenium.remote.RemoteWebDriver log
WARNING: Executing: deleteAllCookies [75199bb7f183e765eea92fe6376bfd00a7579632, deleteAllCookies {}]
Apr 25, 2019 6:42:42 PM org.openqa.selenium.remote.RemoteWebDriver log
WARNING: Executed: [75199bb7f183e765eea92fe6376bfd00a7579632, deleteAllCookies {}]
Apr 25, 2019 6:42:42 PM org.openqa.selenium.remote.RemoteWebDriver log
WARNING: Executing: quit [75199bb7f183e765eea92fe6376bfd00a7579632, quit {}]
Apr 25, 2019 6:42:44 PM org.openqa.selenium.remote.RemoteWebDriver log
WARNING: Executed: [75199bb7f183e765eea92fe6376bfd00a7579632, quit {}]
Apr 25, 2019 6:42:55 PM org.openqa.selenium.remote.RemoteWebDriver log
WARNING: Executing: setTimeout [af04d33f00241cdc25e1f31363e73d4f342c1562, setTimeout {type=page load, ms=80000}]
Apr 25, 2019 6:42:55 PM org.openqa.selenium.remote.RemoteWebDriver log
WARNING: Executed: [af04d33f00241cdc25e1f31363e73d4f342c1562, setTimeout {type=page load, ms=80000}]
Apr 25, 2019 6:42:55 PM org.openqa.selenium.remote.RemoteWebDriver log
WARNING: Executing: implicitlyWait [af04d33f00241cdc25e1f31363e73d4f342c1562, implicitlyWait {ms=2000}]
Apr 25, 2019 6:42:55 PM org.openqa.selenium.remote.RemoteWebDriver log
WARNING: Executed: [af04d33f00241cdc25e1f31363e73d4f342c1562, implicitlyWait {ms=2000}]
Apr 25, 2019 6:42:55 PM org.openqa.selenium.remote.RemoteWebDriver log
WARNING: Executing: get [af04d33f00241cdc25e1f31363e73d4f342c1562, get {url=http://tdev.clarolab.com/}]
Apr 25, 2019 6:43:00 PM org.openqa.selenium.remote.RemoteWebDriver log
WARNING: Executed: [af04d33f00241cdc25e1f31363e73d4f342c1562, get {url=http://tdev.clarolab.com/}]
Apr 25, 2019 6:43:00 PM org.openqa.selenium.remote.RemoteWebDriver log
WARNING: Executing: getCurrentUrl [af04d33f00241cdc25e1f31363e73d4f342c1562, getCurrentUrl {}]
Apr 25, 2019 6:43:00 PM org.openqa.selenium.remote.RemoteWebDriver log
WARNING: Executed: [af04d33f00241cdc25e1f31363e73d4f342c1562, getCurrentUrl {}]
Apr 25, 2019 6:43:00 PM org.openqa.selenium.remote.RemoteWebDriver log
WARNING: Executing: getCurrentUrl [af04d33f00241cdc25e1f31363e73d4f342c1562, getCurrentUrl {}]
Apr 25, 2019 6:43:00 PM org.openqa.selenium.remote.RemoteWebDriver log
WARNING: Executed: [af04d33f00241cdc25e1f31363e73d4f342c1562, getCurrentUrl {}]
Apr 25, 2019 6:43:00 PM org.openqa.selenium.remote.RemoteWebDriver log
WARNING: Executing: findElement [af04d33f00241cdc25e1f31363e73d4f342c1562, findElement {using=id, value=loginForm}]
Apr 25, 2019 6:43:01 PM org.openqa.selenium.remote.RemoteWebDriver log
WARNING: Executed: [af04d33f00241cdc25e1f31363e73d4f342c1562, findElement {using=id, value=loginForm}]
Apr 25, 2019 6:43:01 PM org.openqa.selenium.remote.RemoteWebDriver log
WARNING: Executing: findElement [af04d33f00241cdc25e1f31363e73d4f342c1562, findElement {using=tag name, value=body}]
Apr 25, 2019 6:43:01 PM org.openqa.selenium.remote.RemoteWebDriver log
WARNING: Executed: [af04d33f00241cdc25e1f31363e73d4f342c1562, findElement {using=tag name, value=body}]
Apr 25, 2019 6:43:01 PM org.openqa.selenium.remote.RemoteWebDriver log
WARNING: Executing: getElementText [af04d33f00241cdc25e1f31363e73d4f342c1562, getElementText {id=1}]
Apr 25, 2019 6:43:02 PM org.openqa.selenium.remote.RemoteWebDriver log
WARNING: Executed: [af04d33f00241cdc25e1f31363e73d4f342c1562, getElementText {id=1}]
Apr 25, 2019 6:43:02 PM org.openqa.selenium.remote.RemoteWebDriver log
WARNING: Executing: findElement [af04d33f00241cdc25e1f31363e73d4f342c1562, findElement {using=tag name, value=body}]
Apr 25, 2019 6:43:03 PM org.openqa.selenium.remote.RemoteWebDriver log
WARNING: Executed: [af04d33f00241cdc25e1f31363e73d4f342c1562, findElement {using=tag name, value=body}]
Apr 25, 2019 6:43:03 PM org.openqa.selenium.remote.RemoteWebDriver log
WARNING: Executing: getElementText [af04d33f00241cdc25e1f31363e73d4f342c1562, getElementText {id=1}]
Apr 25, 2019 6:43:03 PM org.openqa.selenium.remote.RemoteWebDriver log
WARNING: Executed: [af04d33f00241cdc25e1f31363e73d4f342c1562, getElementText {id=1}]
Apr 25, 2019 6:43:03 PM org.openqa.selenium.remote.RemoteWebDriver log
WARNING: Executing: findElement [af04d33f00241cdc25e1f31363e73d4f342c1562, findElement {using=id, value=email}]
Apr 25, 2019 6:43:03 PM org.openqa.selenium.remote.RemoteWebDriver log
WARNING: Executed: [af04d33f00241cdc25e1f31363e73d4f342c1562, findElement {using=id, value=email}]
Apr 25, 2019 6:43:03 PM org.openqa.selenium.remote.RemoteWebDriver log
WARNING: Executing: sendKeysToElement [af04d33f00241cdc25e1f31363e73d4f342c1562, sendKeysToElement {id=2, value=[Ljava.lang.CharSequence;@401f7633}]
Apr 25, 2019 6:43:03 PM org.openqa.selenium.remote.RemoteWebDriver log
WARNING: Executed: [af04d33f00241cdc25e1f31363e73d4f342c1562, sendKeysToElement {id=2, value=[Ljava.lang.CharSequence;@401f7633}]
Apr 25, 2019 6:43:03 PM org.openqa.selenium.remote.RemoteWebDriver log
WARNING: Executing: findElement [af04d33f00241cdc25e1f31363e73d4f342c1562, findElement {using=id, value=password}]
Apr 25, 2019 6:43:04 PM org.openqa.selenium.remote.RemoteWebDriver log
WARNING: Executed: [af04d33f00241cdc25e1f31363e73d4f342c1562, findElement {using=id, value=password}]
Apr 25, 2019 6:43:04 PM org.openqa.selenium.remote.RemoteWebDriver log
WARNING: Executing: sendKeysToElement [af04d33f00241cdc25e1f31363e73d4f342c1562, sendKeysToElement {id=3, value=[Ljava.lang.CharSequence;@31ff43be}]
Apr 25, 2019 6:43:04 PM org.openqa.selenium.remote.RemoteWebDriver log
WARNING: Executed: [af04d33f00241cdc25e1f31363e73d4f342c1562, sendKeysToElement {id=3, value=[Ljava.lang.CharSequence;@31ff43be}]
Apr 25, 2019 6:43:04 PM org.openqa.selenium.remote.RemoteWebDriver log
WARNING: Executing: findElement [af04d33f00241cdc25e1f31363e73d4f342c1562, findElement {using=id, value=internalLoginSubmit}]
Apr 25, 2019 6:43:04 PM org.openqa.selenium.remote.RemoteWebDriver log
WARNING: Executed: [af04d33f00241cdc25e1f31363e73d4f342c1562, findElement {using=id, value=internalLoginSubmit}]
Apr 25, 2019 6:43:04 PM org.openqa.selenium.remote.RemoteWebDriver log
WARNING: Executing: isElementDisplayed [af04d33f00241cdc25e1f31363e73d4f342c1562, isElementDisplayed {id=4}]
Apr 25, 2019 6:43:04 PM org.openqa.selenium.remote.RemoteWebDriver log
WARNING: Executed: [af04d33f00241cdc25e1f31363e73d4f342c1562, isElementDisplayed {id=4}]
Apr 25, 2019 6:43:04 PM org.openqa.selenium.remote.RemoteWebDriver log
WARNING: Executing: isElementEnabled [af04d33f00241cdc25e1f31363e73d4f342c1562, isElementEnabled {id=4}]
Apr 25, 2019 6:43:05 PM org.openqa.selenium.remote.RemoteWebDriver log
WARNING: Executed: [af04d33f00241cdc25e1f31363e73d4f342c1562, isElementEnabled {id=4}]
Apr 25, 2019 6:43:05 PM org.openqa.selenium.remote.RemoteWebDriver log
WARNING: Executing: clickElement [af04d33f00241cdc25e1f31363e73d4f342c1562, clickElement {id=4}]
Apr 25, 2019 6:43:05 PM org.openqa.selenium.remote.RemoteWebDriver log
WARNING: Executed: [af04d33f00241cdc25e1f31363e73d4f342c1562, clickElement {id=4}]
Apr 25, 2019 6:43:05 PM org.openqa.selenium.remote.RemoteWebDriver log
WARNING: Executing: getCurrentUrl [af04d33f00241cdc25e1f31363e73d4f342c1562, getCurrentUrl {}]
Apr 25, 2019 6:43:05 PM org.openqa.selenium.remote.RemoteWebDriver log
WARNING: Executed: [af04d33f00241cdc25e1f31363e73d4f342c1562, getCurrentUrl {}]
Apr 25, 2019 6:43:05 PM org.openqa.selenium.remote.RemoteWebDriver log
WARNING: Executing: findElement [af04d33f00241cdc25e1f31363e73d4f342c1562, findElement {using=class name, value=homeRoot}]
Apr 25, 2019 6:43:06 PM org.openqa.selenium.remote.RemoteWebDriver log
WARNING: Executed: [af04d33f00241cdc25e1f31363e73d4f342c1562, findElement {using=class name, value=homeRoot}]
Apr 25, 2019 6:43:06 PM org.openqa.selenium.remote.RemoteWebDriver log
WARNING: Executing: findElement [af04d33f00241cdc25e1f31363e73d4f342c1562, findElement {using=tag name, value=body}]
Apr 25, 2019 6:43:06 PM org.openqa.selenium.remote.RemoteWebDriver log
WARNING: Executed: [af04d33f00241cdc25e1f31363e73d4f342c1562, findElement {using=tag name, value=body}]
Apr 25, 2019 6:43:06 PM org.openqa.selenium.remote.RemoteWebDriver log
WARNING: Executing: getElementText [af04d33f00241cdc25e1f31363e73d4f342c1562, getElementText {id=1}]
Apr 25, 2019 6:43:07 PM org.openqa.selenium.remote.RemoteWebDriver log
WARNING: Executed: [af04d33f00241cdc25e1f31363e73d4f342c1562, getElementText {id=1}]
Apr 25, 2019 6:43:07 PM org.openqa.selenium.remote.RemoteWebDriver log
WARNING: Executing: findElement [af04d33f00241cdc25e1f31363e73d4f342c1562, findElement {using=tag name, value=body}]
Apr 25, 2019 6:43:07 PM org.openqa.selenium.remote.RemoteWebDriver log
WARNING: Executed: [af04d33f00241cdc25e1f31363e73d4f342c1562, findElement {using=tag name, value=body}]
Apr 25, 2019 6:43:07 PM org.openqa.selenium.remote.RemoteWebDriver log
WARNING: Executing: getElementText [af04d33f00241cdc25e1f31363e73d4f342c1562, getElementText {id=1}]
Apr 25, 2019 6:43:08 PM org.openqa.selenium.remote.RemoteWebDriver log
WARNING: Executed: [af04d33f00241cdc25e1f31363e73d4f342c1562, getElementText {id=1}]
Apr 25, 2019 6:43:08 PM org.openqa.selenium.remote.RemoteWebDriver log
WARNING: Executing: findElement [af04d33f00241cdc25e1f31363e73d4f342c1562, findElement {using=tag name, value=body}]
Apr 25, 2019 6:43:09 PM org.openqa.selenium.remote.RemoteWebDriver log
WARNING: Executed: [af04d33f00241cdc25e1f31363e73d4f342c1562, findElement {using=tag name, value=body}]
Apr 25, 2019 6:43:09 PM org.openqa.selenium.remote.RemoteWebDriver log
WARNING: Executing: getElementText [af04d33f00241cdc25e1f31363e73d4f342c1562, getElementText {id=1}]
Apr 25, 2019 6:43:09 PM org.openqa.selenium.remote.RemoteWebDriver log
WARNING: Executed: [af04d33f00241cdc25e1f31363e73d4f342c1562, getElementText {id=1}]
Apr 25, 2019 6:43:09 PM org.openqa.selenium.remote.RemoteWebDriver log
WARNING: Executing: get [af04d33f00241cdc25e1f31363e73d4f342c1562, get {url=http://tdev.clarolab.com/AutomationIssues/}]
Apr 25, 2019 6:43:11 PM org.openqa.selenium.remote.RemoteWebDriver log
WARNING: Executed: [af04d33f00241cdc25e1f31363e73d4f342c1562, get {url=http://tdev.clarolab.com/AutomationIssues/}]
Apr 25, 2019 6:43:11 PM org.openqa.selenium.remote.RemoteWebDriver log
WARNING: Executing: getCurrentUrl [af04d33f00241cdc25e1f31363e73d4f342c1562, getCurrentUrl {}]
Apr 25, 2019 6:43:11 PM org.openqa.selenium.remote.RemoteWebDriver log
WARNING: Executed: [af04d33f00241cdc25e1f31363e73d4f342c1562, getCurrentUrl {}]
Apr 25, 2019 6:43:11 PM org.openqa.selenium.remote.RemoteWebDriver log
WARNING: Executing: findElement [af04d33f00241cdc25e1f31363e73d4f342c1562, findElement {using=css selector, value=main#automationListDiv}]
Apr 25, 2019 6:43:11 PM org.openqa.selenium.remote.RemoteWebDriver log
WARNING: Executed: [af04d33f00241cdc25e1f31363e73d4f342c1562, findElement {using=css selector, value=main#automationListDiv}]
Apr 25, 2019 6:43:11 PM org.openqa.selenium.remote.RemoteWebDriver log
WARNING: Executing: findElement [af04d33f00241cdc25e1f31363e73d4f342c1562, findElement {using=css selector, value=img.iconStyle}]
Apr 25, 2019 6:43:14 PM org.openqa.selenium.remote.RemoteWebDriver log
WARNING: Executed: [af04d33f00241cdc25e1f31363e73d4f342c1562, findElement {using=css selector, value=img.iconStyle}]
Apr 25, 2019 6:43:15 PM org.openqa.selenium.remote.RemoteWebDriver log
WARNING: Executing: findElement [af04d33f00241cdc25e1f31363e73d4f342c1562, findElement {using=css selector, value=img.iconStyle}]
Apr 25, 2019 6:43:15 PM org.openqa.selenium.remote.RemoteWebDriver log
WARNING: Executed: [af04d33f00241cdc25e1f31363e73d4f342c1562, findElement {using=css selector, value=img.iconStyle}]
Apr 25, 2019 6:43:15 PM org.openqa.selenium.remote.RemoteWebDriver log
WARNING: Executing: isElementDisplayed [af04d33f00241cdc25e1f31363e73d4f342c1562, isElementDisplayed {id=7}]
Apr 25, 2019 6:43:15 PM org.openqa.selenium.remote.RemoteWebDriver log
WARNING: Executed: [af04d33f00241cdc25e1f31363e73d4f342c1562, isElementDisplayed {id=7}]
Apr 25, 2019 6:43:15 PM org.openqa.selenium.remote.RemoteWebDriver log
WARNING: Executing: isElementEnabled [af04d33f00241cdc25e1f31363e73d4f342c1562, isElementEnabled {id=7}]
Apr 25, 2019 6:43:16 PM org.openqa.selenium.remote.RemoteWebDriver log
WARNING: Executed: [af04d33f00241cdc25e1f31363e73d4f342c1562, isElementEnabled {id=7}]
Apr 25, 2019 6:43:16 PM org.openqa.selenium.remote.RemoteWebDriver log
WARNING: Executing: findElements [af04d33f00241cdc25e1f31363e73d4f342c1562, findElements {using=css selector, value=div.textArea div textArea:last-child}]
Apr 25, 2019 6:43:16 PM org.openqa.selenium.remote.RemoteWebDriver log
WARNING: Executed: [af04d33f00241cdc25e1f31363e73d4f342c1562, findElements {using=css selector, value=div.textArea div textArea:last-child}]
Apr 25, 2019 6:43:16 PM org.openqa.selenium.remote.RemoteWebDriver log
WARNING: Executing: isElementDisplayed [af04d33f00241cdc25e1f31363e73d4f342c1562, isElementDisplayed {id=8}]
Apr 25, 2019 6:43:16 PM org.openqa.selenium.remote.RemoteWebDriver log
WARNING: Executed: [af04d33f00241cdc25e1f31363e73d4f342c1562, isElementDisplayed {id=8}]
Apr 25, 2019 6:43:16 PM org.openqa.selenium.remote.RemoteWebDriver log
WARNING: Executing: clearElement [af04d33f00241cdc25e1f31363e73d4f342c1562, clearElement {id=8}]
Apr 25, 2019 6:43:16 PM org.openqa.selenium.remote.RemoteWebDriver log
WARNING: Executed: [af04d33f00241cdc25e1f31363e73d4f342c1562, clearElement {id=8}]
Apr 25, 2019 6:43:16 PM org.openqa.selenium.remote.RemoteWebDriver log
WARNING: Executing: sendKeysToElement [af04d33f00241cdc25e1f31363e73d4f342c1562, sendKeysToElement {id=8, value=[Ljava.lang.CharSequence;@5c44c582}]
Apr 25, 2019 6:43:17 PM org.openqa.selenium.remote.RemoteWebDriver log
WARNING: Executed: [af04d33f00241cdc25e1f31363e73d4f342c1562, sendKeysToElement {id=8, value=[Ljava.lang.CharSequence;@5c44c582}]
Apr 25, 2019 6:43:17 PM org.openqa.selenium.remote.RemoteWebDriver log
WARNING: Executing: findElements [af04d33f00241cdc25e1f31363e73d4f342c1562, findElements {using=css selector, value=button#save}]
Apr 25, 2019 6:43:17 PM org.openqa.selenium.remote.RemoteWebDriver log
WARNING: Executed: [af04d33f00241cdc25e1f31363e73d4f342c1562, findElements {using=css selector, value=button#save}]
Apr 25, 2019 6:43:17 PM org.openqa.selenium.remote.RemoteWebDriver log
WARNING: Executing: isElementDisplayed [af04d33f00241cdc25e1f31363e73d4f342c1562, isElementDisplayed {id=11}]
Apr 25, 2019 6:43:17 PM org.openqa.selenium.remote.RemoteWebDriver log
WARNING: Executed: [af04d33f00241cdc25e1f31363e73d4f342c1562, isElementDisplayed {id=11}]
Apr 25, 2019 6:43:17 PM org.openqa.selenium.remote.RemoteWebDriver log
WARNING: Executing: getElementSize [af04d33f00241cdc25e1f31363e73d4f342c1562, getElementSize {id=11}]
Apr 25, 2019 6:43:17 PM org.openqa.selenium.remote.RemoteWebDriver log
WARNING: Executed: [af04d33f00241cdc25e1f31363e73d4f342c1562, getElementSize {id=11}]
Apr 25, 2019 6:43:17 PM org.openqa.selenium.remote.RemoteWebDriver log
WARNING: Executing: getElementSize [af04d33f00241cdc25e1f31363e73d4f342c1562, getElementSize {id=11}]
Apr 25, 2019 6:43:17 PM org.openqa.selenium.remote.RemoteWebDriver log
WARNING: Executed: [af04d33f00241cdc25e1f31363e73d4f342c1562, getElementSize {id=11}]
Apr 25, 2019 6:43:17 PM org.openqa.selenium.remote.RemoteWebDriver log
WARNING: Executing: findElements [af04d33f00241cdc25e1f31363e73d4f342c1562, findElements {using=css selector, value=button#save}]
Apr 25, 2019 6:43:18 PM org.openqa.selenium.remote.RemoteWebDriver log
WARNING: Executed: [af04d33f00241cdc25e1f31363e73d4f342c1562, findElements {using=css selector, value=button#save}]
Apr 25, 2019 6:43:18 PM org.openqa.selenium.remote.RemoteWebDriver log
WARNING: Executing: isElementDisplayed [af04d33f00241cdc25e1f31363e73d4f342c1562, isElementDisplayed {id=11}]
Apr 25, 2019 6:43:18 PM org.openqa.selenium.remote.RemoteWebDriver log
WARNING: Executed: [af04d33f00241cdc25e1f31363e73d4f342c1562, isElementDisplayed {id=11}]
Apr 25, 2019 6:43:18 PM org.openqa.selenium.remote.RemoteWebDriver log
WARNING: Executing: clickElement [af04d33f00241cdc25e1f31363e73d4f342c1562, clickElement {id=11}]
Apr 25, 2019 6:43:18 PM org.openqa.selenium.remote.RemoteWebDriver log
WARNING: Executed: [af04d33f00241cdc25e1f31363e73d4f342c1562, clickElement {id=11}]
Apr 25, 2019 6:43:18 PM org.openqa.selenium.remote.RemoteWebDriver log
WARNING: Executing: clearElement [af04d33f00241cdc25e1f31363e73d4f342c1562, clearElement {id=8}]
Apr 25, 2019 6:43:19 PM org.openqa.selenium.remote.RemoteWebDriver log
WARNING: Executed: [af04d33f00241cdc25e1f31363e73d4f342c1562, clearElement {id=8}]
Apr 25, 2019 6:43:19 PM org.openqa.selenium.remote.RemoteWebDriver log
WARNING: Executing: sendKeysToElement [af04d33f00241cdc25e1f31363e73d4f342c1562, sendKeysToElement {id=8, value=[Ljava.lang.CharSequence;@67d18ed7}]
Apr 25, 2019 6:43:19 PM org.openqa.selenium.remote.RemoteWebDriver log
WARNING: Executed: [af04d33f00241cdc25e1f31363e73d4f342c1562, sendKeysToElement {id=8, value=[Ljava.lang.CharSequence;@67d18ed7}]
Apr 25, 2019 6:43:19 PM org.openqa.selenium.remote.RemoteWebDriver log
WARNING: Executing: findElements [af04d33f00241cdc25e1f31363e73d4f342c1562, findElements {using=css selector, value=button#cancel}]
Apr 25, 2019 6:43:19 PM org.openqa.selenium.remote.RemoteWebDriver log
WARNING: Executed: [af04d33f00241cdc25e1f31363e73d4f342c1562, findElements {using=css selector, value=button#cancel}]
Apr 25, 2019 6:43:19 PM org.openqa.selenium.remote.RemoteWebDriver log
WARNING: Executing: isElementDisplayed [af04d33f00241cdc25e1f31363e73d4f342c1562, isElementDisplayed {id=14}]
Apr 25, 2019 6:43:19 PM org.openqa.selenium.remote.RemoteWebDriver log
WARNING: Executed: [af04d33f00241cdc25e1f31363e73d4f342c1562, isElementDisplayed {id=14}]
Apr 25, 2019 6:43:19 PM org.openqa.selenium.remote.RemoteWebDriver log
WARNING: Executing: isElementDisplayed [af04d33f00241cdc25e1f31363e73d4f342c1562, isElementDisplayed {id=15}]
Apr 25, 2019 6:43:20 PM org.openqa.selenium.remote.RemoteWebDriver log
WARNING: Executed: [af04d33f00241cdc25e1f31363e73d4f342c1562, isElementDisplayed {id=15}]
Apr 25, 2019 6:43:20 PM org.openqa.selenium.remote.RemoteWebDriver log
WARNING: Executing: isElementDisplayed [af04d33f00241cdc25e1f31363e73d4f342c1562, isElementDisplayed {id=16}]
Apr 25, 2019 6:43:20 PM org.openqa.selenium.remote.RemoteWebDriver log
WARNING: Executed: [af04d33f00241cdc25e1f31363e73d4f342c1562, isElementDisplayed {id=16}]
]]></system-err>
  </testcase>
  <testcase name="testShowPassingIssues" classname="com.clarolab.AutomationIssuesTest" time="11.277">
    <failure type="java.lang.AssertionError">java.lang.AssertionError
	at com.clarolab.AutomationIssuesTest.testShowPassingIssues(AutomationIssuesTest.java:117)
</failure>
    <system-err><![CDATA[Apr 25, 2019 6:43:20 PM org.openqa.selenium.remote.RemoteWebDriver log
WARNING: Executing: deleteAllCookies [af04d33f00241cdc25e1f31363e73d4f342c1562, deleteAllCookies {}]
Apr 25, 2019 6:43:20 PM org.openqa.selenium.remote.RemoteWebDriver log
WARNING: Executed: [af04d33f00241cdc25e1f31363e73d4f342c1562, deleteAllCookies {}]
Apr 25, 2019 6:43:20 PM org.openqa.selenium.remote.RemoteWebDriver log
WARNING: Executing: quit [af04d33f00241cdc25e1f31363e73d4f342c1562, quit {}]
Apr 25, 2019 6:43:22 PM org.openqa.selenium.remote.RemoteWebDriver log
WARNING: Executed: [af04d33f00241cdc25e1f31363e73d4f342c1562, quit {}]
Apr 25, 2019 6:43:27 PM org.openqa.selenium.remote.RemoteWebDriver log
WARNING: Executing: setTimeout [2246f77ab190a582c262eca3fd7c8fd6ad241dcf, setTimeout {type=page load, ms=80000}]
Apr 25, 2019 6:43:27 PM org.openqa.selenium.remote.RemoteWebDriver log
WARNING: Executed: [2246f77ab190a582c262eca3fd7c8fd6ad241dcf, setTimeout {type=page load, ms=80000}]
Apr 25, 2019 6:43:27 PM org.openqa.selenium.remote.RemoteWebDriver log
WARNING: Executing: implicitlyWait [2246f77ab190a582c262eca3fd7c8fd6ad241dcf, implicitlyWait {ms=2000}]
Apr 25, 2019 6:43:27 PM org.openqa.selenium.remote.RemoteWebDriver log
WARNING: Executed: [2246f77ab190a582c262eca3fd7c8fd6ad241dcf, implicitlyWait {ms=2000}]
Apr 25, 2019 6:43:27 PM org.openqa.selenium.remote.RemoteWebDriver log
WARNING: Executing: get [2246f77ab190a582c262eca3fd7c8fd6ad241dcf, get {url=http://tdev.clarolab.com/}]
Apr 25, 2019 6:43:32 PM org.openqa.selenium.remote.RemoteWebDriver log
WARNING: Executed: [2246f77ab190a582c262eca3fd7c8fd6ad241dcf, get {url=http://tdev.clarolab.com/}]
Apr 25, 2019 6:43:32 PM org.openqa.selenium.remote.RemoteWebDriver log
WARNING: Executing: getCurrentUrl [2246f77ab190a582c262eca3fd7c8fd6ad241dcf, getCurrentUrl {}]
Apr 25, 2019 6:43:32 PM org.openqa.selenium.remote.RemoteWebDriver log
WARNING: Executed: [2246f77ab190a582c262eca3fd7c8fd6ad241dcf, getCurrentUrl {}]
Apr 25, 2019 6:43:32 PM org.openqa.selenium.remote.RemoteWebDriver log
WARNING: Executing: getCurrentUrl [2246f77ab190a582c262eca3fd7c8fd6ad241dcf, getCurrentUrl {}]
Apr 25, 2019 6:43:32 PM org.openqa.selenium.remote.RemoteWebDriver log
WARNING: Executed: [2246f77ab190a582c262eca3fd7c8fd6ad241dcf, getCurrentUrl {}]
Apr 25, 2019 6:43:32 PM org.openqa.selenium.remote.RemoteWebDriver log
WARNING: Executing: findElement [2246f77ab190a582c262eca3fd7c8fd6ad241dcf, findElement {using=id, value=loginForm}]
Apr 25, 2019 6:43:32 PM org.openqa.selenium.remote.RemoteWebDriver log
WARNING: Executed: [2246f77ab190a582c262eca3fd7c8fd6ad241dcf, findElement {using=id, value=loginForm}]
Apr 25, 2019 6:43:32 PM org.openqa.selenium.remote.RemoteWebDriver log
WARNING: Executing: findElement [2246f77ab190a582c262eca3fd7c8fd6ad241dcf, findElement {using=tag name, value=body}]
Apr 25, 2019 6:43:33 PM org.openqa.selenium.remote.RemoteWebDriver log
WARNING: Executed: [2246f77ab190a582c262eca3fd7c8fd6ad241dcf, findElement {using=tag name, value=body}]
Apr 25, 2019 6:43:33 PM org.openqa.selenium.remote.RemoteWebDriver log
WARNING: Executing: getElementText [2246f77ab190a582c262eca3fd7c8fd6ad241dcf, getElementText {id=1}]
Apr 25, 2019 6:43:33 PM org.openqa.selenium.remote.RemoteWebDriver log
WARNING: Executed: [2246f77ab190a582c262eca3fd7c8fd6ad241dcf, getElementText {id=1}]
Apr 25, 2019 6:43:34 PM org.openqa.selenium.remote.RemoteWebDriver log
WARNING: Executing: findElement [2246f77ab190a582c262eca3fd7c8fd6ad241dcf, findElement {using=tag name, value=body}]
Apr 25, 2019 6:43:34 PM org.openqa.selenium.remote.RemoteWebDriver log
WARNING: Executed: [2246f77ab190a582c262eca3fd7c8fd6ad241dcf, findElement {using=tag name, value=body}]
Apr 25, 2019 6:43:34 PM org.openqa.selenium.remote.RemoteWebDriver log
WARNING: Executing: getElementText [2246f77ab190a582c262eca3fd7c8fd6ad241dcf, getElementText {id=1}]
Apr 25, 2019 6:43:34 PM org.openqa.selenium.remote.RemoteWebDriver log
WARNING: Executed: [2246f77ab190a582c262eca3fd7c8fd6ad241dcf, getElementText {id=1}]
Apr 25, 2019 6:43:34 PM org.openqa.selenium.remote.RemoteWebDriver log
WARNING: Executing: findElement [2246f77ab190a582c262eca3fd7c8fd6ad241dcf, findElement {using=id, value=email}]
Apr 25, 2019 6:43:35 PM org.openqa.selenium.remote.RemoteWebDriver log
WARNING: Executed: [2246f77ab190a582c262eca3fd7c8fd6ad241dcf, findElement {using=id, value=email}]
Apr 25, 2019 6:43:35 PM org.openqa.selenium.remote.RemoteWebDriver log
WARNING: Executing: sendKeysToElement [2246f77ab190a582c262eca3fd7c8fd6ad241dcf, sendKeysToElement {id=2, value=[Ljava.lang.CharSequence;@7a67e3c6}]
Apr 25, 2019 6:43:35 PM org.openqa.selenium.remote.RemoteWebDriver log
WARNING: Executed: [2246f77ab190a582c262eca3fd7c8fd6ad241dcf, sendKeysToElement {id=2, value=[Ljava.lang.CharSequence;@7a67e3c6}]
Apr 25, 2019 6:43:35 PM org.openqa.selenium.remote.RemoteWebDriver log
WARNING: Executing: findElement [2246f77ab190a582c262eca3fd7c8fd6ad241dcf, findElement {using=id, value=password}]
Apr 25, 2019 6:43:35 PM org.openqa.selenium.remote.RemoteWebDriver log
WARNING: Executed: [2246f77ab190a582c262eca3fd7c8fd6ad241dcf, findElement {using=id, value=password}]
Apr 25, 2019 6:43:35 PM org.openqa.selenium.remote.RemoteWebDriver log
WARNING: Executing: sendKeysToElement [2246f77ab190a582c262eca3fd7c8fd6ad241dcf, sendKeysToElement {id=3, value=[Ljava.lang.CharSequence;@6cc558c6}]
Apr 25, 2019 6:43:35 PM org.openqa.selenium.remote.RemoteWebDriver log
WARNING: Executed: [2246f77ab190a582c262eca3fd7c8fd6ad241dcf, sendKeysToElement {id=3, value=[Ljava.lang.CharSequence;@6cc558c6}]
Apr 25, 2019 6:43:35 PM org.openqa.selenium.remote.RemoteWebDriver log
WARNING: Executing: findElement [2246f77ab190a582c262eca3fd7c8fd6ad241dcf, findElement {using=id, value=internalLoginSubmit}]
Apr 25, 2019 6:43:36 PM org.openqa.selenium.remote.RemoteWebDriver log
WARNING: Executed: [2246f77ab190a582c262eca3fd7c8fd6ad241dcf, findElement {using=id, value=internalLoginSubmit}]
Apr 25, 2019 6:43:36 PM org.openqa.selenium.remote.RemoteWebDriver log
WARNING: Executing: isElementDisplayed [2246f77ab190a582c262eca3fd7c8fd6ad241dcf, isElementDisplayed {id=4}]
Apr 25, 2019 6:43:36 PM org.openqa.selenium.remote.RemoteWebDriver log
WARNING: Executed: [2246f77ab190a582c262eca3fd7c8fd6ad241dcf, isElementDisplayed {id=4}]
Apr 25, 2019 6:43:36 PM org.openqa.selenium.remote.RemoteWebDriver log
WARNING: Executing: isElementEnabled [2246f77ab190a582c262eca3fd7c8fd6ad241dcf, isElementEnabled {id=4}]
Apr 25, 2019 6:43:36 PM org.openqa.selenium.remote.RemoteWebDriver log
WARNING: Executed: [2246f77ab190a582c262eca3fd7c8fd6ad241dcf, isElementEnabled {id=4}]
Apr 25, 2019 6:43:36 PM org.openqa.selenium.remote.RemoteWebDriver log
WARNING: Executing: clickElement [2246f77ab190a582c262eca3fd7c8fd6ad241dcf, clickElement {id=4}]
Apr 25, 2019 6:43:36 PM org.openqa.selenium.remote.RemoteWebDriver log
WARNING: Executed: [2246f77ab190a582c262eca3fd7c8fd6ad241dcf, clickElement {id=4}]
Apr 25, 2019 6:43:36 PM org.openqa.selenium.remote.RemoteWebDriver log
WARNING: Executing: getCurrentUrl [2246f77ab190a582c262eca3fd7c8fd6ad241dcf, getCurrentUrl {}]
Apr 25, 2019 6:43:37 PM org.openqa.selenium.remote.RemoteWebDriver log
WARNING: Executed: [2246f77ab190a582c262eca3fd7c8fd6ad241dcf, getCurrentUrl {}]
Apr 25, 2019 6:43:37 PM org.openqa.selenium.remote.RemoteWebDriver log
WARNING: Executing: findElement [2246f77ab190a582c262eca3fd7c8fd6ad241dcf, findElement {using=class name, value=homeRoot}]
Apr 25, 2019 6:43:38 PM org.openqa.selenium.remote.RemoteWebDriver log
WARNING: Executed: [2246f77ab190a582c262eca3fd7c8fd6ad241dcf, findElement {using=class name, value=homeRoot}]
Apr 25, 2019 6:43:38 PM org.openqa.selenium.remote.RemoteWebDriver log
WARNING: Executing: findElement [2246f77ab190a582c262eca3fd7c8fd6ad241dcf, findElement {using=tag name, value=body}]
Apr 25, 2019 6:43:39 PM org.openqa.selenium.remote.RemoteWebDriver log
WARNING: Executed: [2246f77ab190a582c262eca3fd7c8fd6ad241dcf, findElement {using=tag name, value=body}]
Apr 25, 2019 6:43:39 PM org.openqa.selenium.remote.RemoteWebDriver log
WARNING: Executing: getElementText [2246f77ab190a582c262eca3fd7c8fd6ad241dcf, getElementText {id=1}]
Apr 25, 2019 6:43:39 PM org.openqa.selenium.remote.RemoteWebDriver log
WARNING: Executed: [2246f77ab190a582c262eca3fd7c8fd6ad241dcf, getElementText {id=1}]
Apr 25, 2019 6:43:39 PM org.openqa.selenium.remote.RemoteWebDriver log
WARNING: Executing: findElement [2246f77ab190a582c262eca3fd7c8fd6ad241dcf, findElement {using=tag name, value=body}]
Apr 25, 2019 6:43:40 PM org.openqa.selenium.remote.RemoteWebDriver log
WARNING: Executed: [2246f77ab190a582c262eca3fd7c8fd6ad241dcf, findElement {using=tag name, value=body}]
Apr 25, 2019 6:43:40 PM org.openqa.selenium.remote.RemoteWebDriver log
WARNING: Executing: getElementText [2246f77ab190a582c262eca3fd7c8fd6ad241dcf, getElementText {id=1}]
Apr 25, 2019 6:43:40 PM org.openqa.selenium.remote.RemoteWebDriver log
WARNING: Executed: [2246f77ab190a582c262eca3fd7c8fd6ad241dcf, getElementText {id=1}]
Apr 25, 2019 6:43:41 PM org.openqa.selenium.remote.RemoteWebDriver log
WARNING: Executing: findElement [2246f77ab190a582c262eca3fd7c8fd6ad241dcf, findElement {using=tag name, value=body}]
Apr 25, 2019 6:43:41 PM org.openqa.selenium.remote.RemoteWebDriver log
WARNING: Executed: [2246f77ab190a582c262eca3fd7c8fd6ad241dcf, findElement {using=tag name, value=body}]
Apr 25, 2019 6:43:41 PM org.openqa.selenium.remote.RemoteWebDriver log
WARNING: Executing: getElementText [2246f77ab190a582c262eca3fd7c8fd6ad241dcf, getElementText {id=1}]
Apr 25, 2019 6:43:42 PM org.openqa.selenium.remote.RemoteWebDriver log
WARNING: Executed: [2246f77ab190a582c262eca3fd7c8fd6ad241dcf, getElementText {id=1}]
Apr 25, 2019 6:43:42 PM org.openqa.selenium.remote.RemoteWebDriver log
WARNING: Executing: get [2246f77ab190a582c262eca3fd7c8fd6ad241dcf, get {url=http://tdev.clarolab.com/AutomationIssues/}]
Apr 25, 2019 6:43:42 PM org.openqa.selenium.remote.RemoteWebDriver log
WARNING: Executed: [2246f77ab190a582c262eca3fd7c8fd6ad241dcf, get {url=http://tdev.clarolab.com/AutomationIssues/}]
Apr 25, 2019 6:43:42 PM org.openqa.selenium.remote.RemoteWebDriver log
WARNING: Executing: getCurrentUrl [2246f77ab190a582c262eca3fd7c8fd6ad241dcf, getCurrentUrl {}]
Apr 25, 2019 6:43:43 PM org.openqa.selenium.remote.RemoteWebDriver log
WARNING: Executed: [2246f77ab190a582c262eca3fd7c8fd6ad241dcf, getCurrentUrl {}]
Apr 25, 2019 6:43:43 PM org.openqa.selenium.remote.RemoteWebDriver log
WARNING: Executing: findElement [2246f77ab190a582c262eca3fd7c8fd6ad241dcf, findElement {using=css selector, value=main#automationListDiv}]
Apr 25, 2019 6:43:43 PM org.openqa.selenium.remote.RemoteWebDriver log
WARNING: Executed: [2246f77ab190a582c262eca3fd7c8fd6ad241dcf, findElement {using=css selector, value=main#automationListDiv}]
Apr 25, 2019 6:43:43 PM org.openqa.selenium.remote.RemoteWebDriver log
WARNING: Executing: findElement [2246f77ab190a582c262eca3fd7c8fd6ad241dcf, findElement {using=css selector, value=img.iconStyle}]
Apr 25, 2019 6:43:45 PM org.openqa.selenium.remote.RemoteWebDriver log
WARNING: Executed: [2246f77ab190a582c262eca3fd7c8fd6ad241dcf, findElement {using=css selector, value=img.iconStyle}]
Apr 25, 2019 6:43:45 PM org.openqa.selenium.remote.RemoteWebDriver log
WARNING: Executing: isElementDisplayed [2246f77ab190a582c262eca3fd7c8fd6ad241dcf, isElementDisplayed {id=7}]
Apr 25, 2019 6:43:45 PM org.openqa.selenium.remote.RemoteWebDriver log
WARNING: Executed: [2246f77ab190a582c262eca3fd7c8fd6ad241dcf, isElementDisplayed {id=7}]
Apr 25, 2019 6:43:45 PM org.openqa.selenium.remote.RemoteWebDriver log
WARNING: Executing: isElementEnabled [2246f77ab190a582c262eca3fd7c8fd6ad241dcf, isElementEnabled {id=7}]
Apr 25, 2019 6:43:45 PM org.openqa.selenium.remote.RemoteWebDriver log
WARNING: Executed: [2246f77ab190a582c262eca3fd7c8fd6ad241dcf, isElementEnabled {id=7}]
Apr 25, 2019 6:43:45 PM org.openqa.selenium.remote.RemoteWebDriver log
WARNING: Executing: findElement [2246f77ab190a582c262eca3fd7c8fd6ad241dcf, findElement {using=css selector, value=button[title='Filter and Sort']}]
Apr 25, 2019 6:43:45 PM org.openqa.selenium.remote.RemoteWebDriver log
WARNING: Executed: [2246f77ab190a582c262eca3fd7c8fd6ad241dcf, findElement {using=css selector, value=button[title='Filter and Sort']}]
Apr 25, 2019 6:43:45 PM org.openqa.selenium.remote.RemoteWebDriver log
WARNING: Executing: isElementDisplayed [2246f77ab190a582c262eca3fd7c8fd6ad241dcf, isElementDisplayed {id=8}]
Apr 25, 2019 6:43:45 PM org.openqa.selenium.remote.RemoteWebDriver log
WARNING: Executed: [2246f77ab190a582c262eca3fd7c8fd6ad241dcf, isElementDisplayed {id=8}]
Apr 25, 2019 6:43:45 PM org.openqa.selenium.remote.RemoteWebDriver log
WARNING: Executing: isElementEnabled [2246f77ab190a582c262eca3fd7c8fd6ad241dcf, isElementEnabled {id=8}]
Apr 25, 2019 6:43:46 PM org.openqa.selenium.remote.RemoteWebDriver log
WARNING: Executed: [2246f77ab190a582c262eca3fd7c8fd6ad241dcf, isElementEnabled {id=8}]
Apr 25, 2019 6:43:46 PM org.openqa.selenium.remote.RemoteWebDriver log
WARNING: Executing: clickElement [2246f77ab190a582c262eca3fd7c8fd6ad241dcf, clickElement {id=8}]
Apr 25, 2019 6:43:46 PM org.openqa.selenium.remote.RemoteWebDriver log
WARNING: Executed: [2246f77ab190a582c262eca3fd7c8fd6ad241dcf, clickElement {id=8}]
Apr 25, 2019 6:43:46 PM org.openqa.selenium.remote.RemoteWebDriver log
WARNING: Executing: findElement [2246f77ab190a582c262eca3fd7c8fd6ad241dcf, findElement {using=css selector, value=label.filterByPassing}]
Apr 25, 2019 6:43:46 PM org.openqa.selenium.remote.RemoteWebDriver log
WARNING: Executed: [2246f77ab190a582c262eca3fd7c8fd6ad241dcf, findElement {using=css selector, value=label.filterByPassing}]
Apr 25, 2019 6:43:46 PM org.openqa.selenium.remote.RemoteWebDriver log
WARNING: Executing: isElementDisplayed [2246f77ab190a582c262eca3fd7c8fd6ad241dcf, isElementDisplayed {id=9}]
Apr 25, 2019 6:43:47 PM org.openqa.selenium.remote.RemoteWebDriver log
WARNING: Executed: [2246f77ab190a582c262eca3fd7c8fd6ad241dcf, isElementDisplayed {id=9}]
Apr 25, 2019 6:43:47 PM org.openqa.selenium.remote.RemoteWebDriver log
WARNING: Executing: isElementEnabled [2246f77ab190a582c262eca3fd7c8fd6ad241dcf, isElementEnabled {id=9}]
Apr 25, 2019 6:43:47 PM org.openqa.selenium.remote.RemoteWebDriver log
WARNING: Executed: [2246f77ab190a582c262eca3fd7c8fd6ad241dcf, isElementEnabled {id=9}]
Apr 25, 2019 6:43:47 PM org.openqa.selenium.remote.RemoteWebDriver log
WARNING: Executing: clickElement [2246f77ab190a582c262eca3fd7c8fd6ad241dcf, clickElement {id=9}]
Apr 25, 2019 6:43:47 PM org.openqa.selenium.remote.RemoteWebDriver log
WARNING: Executed: [2246f77ab190a582c262eca3fd7c8fd6ad241dcf, clickElement {id=9}]
Apr 25, 2019 6:43:47 PM org.openqa.selenium.remote.RemoteWebDriver log
WARNING: Executing: findElement [2246f77ab190a582c262eca3fd7c8fd6ad241dcf, findElement {using=tag name, value=body}]
Apr 25, 2019 6:43:48 PM org.openqa.selenium.remote.RemoteWebDriver log
WARNING: Executed: [2246f77ab190a582c262eca3fd7c8fd6ad241dcf, findElement {using=tag name, value=body}]
Apr 25, 2019 6:43:48 PM org.openqa.selenium.remote.RemoteWebDriver log
WARNING: Executing: getElementText [2246f77ab190a582c262eca3fd7c8fd6ad241dcf, getElementText {id=10}]
Apr 25, 2019 6:43:48 PM org.openqa.selenium.remote.RemoteWebDriver log
WARNING: Executed: [2246f77ab190a582c262eca3fd7c8fd6ad241dcf, getElementText {id=10}]
Apr 25, 2019 6:43:49 PM org.openqa.selenium.remote.RemoteWebDriver log
WARNING: Executing: findElement [2246f77ab190a582c262eca3fd7c8fd6ad241dcf, findElement {using=tag name, value=body}]
Apr 25, 2019 6:43:49 PM org.openqa.selenium.remote.RemoteWebDriver log
WARNING: Executed: [2246f77ab190a582c262eca3fd7c8fd6ad241dcf, findElement {using=tag name, value=body}]
Apr 25, 2019 6:43:49 PM org.openqa.selenium.remote.RemoteWebDriver log
WARNING: Executing: getElementText [2246f77ab190a582c262eca3fd7c8fd6ad241dcf, getElementText {id=10}]
Apr 25, 2019 6:43:50 PM org.openqa.selenium.remote.RemoteWebDriver log
WARNING: Executed: [2246f77ab190a582c262eca3fd7c8fd6ad241dcf, getElementText {id=10}]
Apr 25, 2019 6:43:50 PM org.openqa.selenium.remote.RemoteWebDriver log
WARNING: Executing: findElements [2246f77ab190a582c262eca3fd7c8fd6ad241dcf, findElements {using=class name, value=issueType}]
Apr 25, 2019 6:43:50 PM org.openqa.selenium.remote.RemoteWebDriver log
WARNING: Executed: [2246f77ab190a582c262eca3fd7c8fd6ad241dcf, findElements {using=class name, value=issueType}]
Apr 25, 2019 6:43:50 PM org.openqa.selenium.remote.RemoteWebDriver log
WARNING: Executing: executeScript [2246f77ab190a582c262eca3fd7c8fd6ad241dcf, executeScript {script=return window.innerHeight || document.documentElement.clientHeight || document.body.clientHeight;, args=[]}]
Apr 25, 2019 6:43:50 PM org.openqa.selenium.remote.RemoteWebDriver log
WARNING: Executed: [2246f77ab190a582c262eca3fd7c8fd6ad241dcf, executeScript {script=return window.innerHeight || document.documentElement.clientHeight || document.body.clientHeight;, args=[]}]
Apr 25, 2019 6:43:50 PM org.openqa.selenium.remote.RemoteWebDriver log
WARNING: Executing: getElementLocation [2246f77ab190a582c262eca3fd7c8fd6ad241dcf, getElementLocation {id=11}]
Apr 25, 2019 6:43:50 PM org.openqa.selenium.remote.RemoteWebDriver log
WARNING: Executed: [2246f77ab190a582c262eca3fd7c8fd6ad241dcf, getElementLocation {id=11}]
Apr 25, 2019 6:43:50 PM org.openqa.selenium.remote.RemoteWebDriver log
WARNING: Executing: executeScript [2246f77ab190a582c262eca3fd7c8fd6ad241dcf, executeScript {script=window.scrollTo(0, 74), args=[]}]
Apr 25, 2019 6:43:51 PM org.openqa.selenium.remote.RemoteWebDriver log
WARNING: Executed: [2246f77ab190a582c262eca3fd7c8fd6ad241dcf, executeScript {script=window.scrollTo(0, 74), args=[]}]
Apr 25, 2019 6:43:51 PM org.openqa.selenium.remote.RemoteWebDriver log
WARNING: Executing: getElementText [2246f77ab190a582c262eca3fd7c8fd6ad241dcf, getElementText {id=11}]
Apr 25, 2019 6:43:51 PM org.openqa.selenium.remote.RemoteWebDriver log
WARNING: Executed: [2246f77ab190a582c262eca3fd7c8fd6ad241dcf, getElementText {id=11}]
Apr 25, 2019 6:43:51 PM org.openqa.selenium.remote.RemoteWebDriver log
WARNING: Executing: executeScript [2246f77ab190a582c262eca3fd7c8fd6ad241dcf, executeScript {script=return window.innerHeight || document.documentElement.clientHeight || document.body.clientHeight;, args=[]}]
Apr 25, 2019 6:43:51 PM org.openqa.selenium.remote.RemoteWebDriver log
WARNING: Executed: [2246f77ab190a582c262eca3fd7c8fd6ad241dcf, executeScript {script=return window.innerHeight || document.documentElement.clientHeight || document.body.clientHeight;, args=[]}]
Apr 25, 2019 6:43:51 PM org.openqa.selenium.remote.RemoteWebDriver log
WARNING: Executing: getElementLocation [2246f77ab190a582c262eca3fd7c8fd6ad241dcf, getElementLocation {id=12}]
Apr 25, 2019 6:43:51 PM org.openqa.selenium.remote.RemoteWebDriver log
WARNING: Executed: [2246f77ab190a582c262eca3fd7c8fd6ad241dcf, getElementLocation {id=12}]
Apr 25, 2019 6:43:51 PM org.openqa.selenium.remote.RemoteWebDriver log
WARNING: Executing: executeScript [2246f77ab190a582c262eca3fd7c8fd6ad241dcf, executeScript {script=window.scrollTo(0, 454), args=[]}]
Apr 25, 2019 6:43:51 PM org.openqa.selenium.remote.RemoteWebDriver log
WARNING: Executed: [2246f77ab190a582c262eca3fd7c8fd6ad241dcf, executeScript {script=window.scrollTo(0, 454), args=[]}]
Apr 25, 2019 6:43:51 PM org.openqa.selenium.remote.RemoteWebDriver log
WARNING: Executing: getElementText [2246f77ab190a582c262eca3fd7c8fd6ad241dcf, getElementText {id=12}]
Apr 25, 2019 6:43:52 PM org.openqa.selenium.remote.RemoteWebDriver log
WARNING: Executed: [2246f77ab190a582c262eca3fd7c8fd6ad241dcf, getElementText {id=12}]
Apr 25, 2019 6:43:52 PM org.openqa.selenium.remote.RemoteWebDriver log
WARNING: Executing: executeScript [2246f77ab190a582c262eca3fd7c8fd6ad241dcf, executeScript {script=return window.innerHeight || document.documentElement.clientHeight || document.body.clientHeight;, args=[]}]
Apr 25, 2019 6:43:52 PM org.openqa.selenium.remote.RemoteWebDriver log
WARNING: Executed: [2246f77ab190a582c262eca3fd7c8fd6ad241dcf, executeScript {script=return window.innerHeight || document.documentElement.clientHeight || document.body.clientHeight;, args=[]}]
Apr 25, 2019 6:43:52 PM org.openqa.selenium.remote.RemoteWebDriver log
WARNING: Executing: getElementLocation [2246f77ab190a582c262eca3fd7c8fd6ad241dcf, getElementLocation {id=13}]
Apr 25, 2019 6:43:52 PM org.openqa.selenium.remote.RemoteWebDriver log
WARNING: Executed: [2246f77ab190a582c262eca3fd7c8fd6ad241dcf, getElementLocation {id=13}]
Apr 25, 2019 6:43:52 PM org.openqa.selenium.remote.RemoteWebDriver log
WARNING: Executing: executeScript [2246f77ab190a582c262eca3fd7c8fd6ad241dcf, executeScript {script=window.scrollTo(0, 818), args=[]}]
Apr 25, 2019 6:43:52 PM org.openqa.selenium.remote.RemoteWebDriver log
WARNING: Executed: [2246f77ab190a582c262eca3fd7c8fd6ad241dcf, executeScript {script=window.scrollTo(0, 818), args=[]}]
Apr 25, 2019 6:43:52 PM org.openqa.selenium.remote.RemoteWebDriver log
WARNING: Executing: getElementText [2246f77ab190a582c262eca3fd7c8fd6ad241dcf, getElementText {id=13}]
Apr 25, 2019 6:43:53 PM org.openqa.selenium.remote.RemoteWebDriver log
WARNING: Executed: [2246f77ab190a582c262eca3fd7c8fd6ad241dcf, getElementText {id=13}]
]]></system-err>
  </testcase>
  <testcase name="testSortByNewerFirst" classname="com.clarolab.AutomationIssuesTest" time="16.919">
    <failure type="java.lang.AssertionError">java.lang.AssertionError
	at com.clarolab.AutomationIssuesTest.testSortByNewerFirst(AutomationIssuesTest.java:99)
</failure>
    <system-err><![CDATA[Apr 25, 2019 6:43:53 PM org.openqa.selenium.remote.RemoteWebDriver log
WARNING: Executing: deleteAllCookies [2246f77ab190a582c262eca3fd7c8fd6ad241dcf, deleteAllCookies {}]
Apr 25, 2019 6:43:53 PM org.openqa.selenium.remote.RemoteWebDriver log
WARNING: Executed: [2246f77ab190a582c262eca3fd7c8fd6ad241dcf, deleteAllCookies {}]
Apr 25, 2019 6:43:53 PM org.openqa.selenium.remote.RemoteWebDriver log
WARNING: Executing: quit [2246f77ab190a582c262eca3fd7c8fd6ad241dcf, quit {}]
Apr 25, 2019 6:43:55 PM org.openqa.selenium.remote.RemoteWebDriver log
WARNING: Executed: [2246f77ab190a582c262eca3fd7c8fd6ad241dcf, quit {}]
Apr 25, 2019 6:43:59 PM org.openqa.selenium.remote.RemoteWebDriver log
WARNING: Executing: setTimeout [94df13c6e59131200f158a6d241647f5bbd13fde, setTimeout {type=page load, ms=80000}]
Apr 25, 2019 6:43:59 PM org.openqa.selenium.remote.RemoteWebDriver log
WARNING: Executed: [94df13c6e59131200f158a6d241647f5bbd13fde, setTimeout {type=page load, ms=80000}]
Apr 25, 2019 6:43:59 PM org.openqa.selenium.remote.RemoteWebDriver log
WARNING: Executing: implicitlyWait [94df13c6e59131200f158a6d241647f5bbd13fde, implicitlyWait {ms=2000}]
Apr 25, 2019 6:43:59 PM org.openqa.selenium.remote.RemoteWebDriver log
WARNING: Executed: [94df13c6e59131200f158a6d241647f5bbd13fde, implicitlyWait {ms=2000}]
Apr 25, 2019 6:43:59 PM org.openqa.selenium.remote.RemoteWebDriver log
WARNING: Executing: get [94df13c6e59131200f158a6d241647f5bbd13fde, get {url=http://tdev.clarolab.com/}]
Apr 25, 2019 6:44:05 PM org.openqa.selenium.remote.RemoteWebDriver log
WARNING: Executed: [94df13c6e59131200f158a6d241647f5bbd13fde, get {url=http://tdev.clarolab.com/}]
Apr 25, 2019 6:44:05 PM org.openqa.selenium.remote.RemoteWebDriver log
WARNING: Executing: getCurrentUrl [94df13c6e59131200f158a6d241647f5bbd13fde, getCurrentUrl {}]
Apr 25, 2019 6:44:05 PM org.openqa.selenium.remote.RemoteWebDriver log
WARNING: Executed: [94df13c6e59131200f158a6d241647f5bbd13fde, getCurrentUrl {}]
Apr 25, 2019 6:44:05 PM org.openqa.selenium.remote.RemoteWebDriver log
WARNING: Executing: getCurrentUrl [94df13c6e59131200f158a6d241647f5bbd13fde, getCurrentUrl {}]
Apr 25, 2019 6:44:05 PM org.openqa.selenium.remote.RemoteWebDriver log
WARNING: Executed: [94df13c6e59131200f158a6d241647f5bbd13fde, getCurrentUrl {}]
Apr 25, 2019 6:44:05 PM org.openqa.selenium.remote.RemoteWebDriver log
WARNING: Executing: findElement [94df13c6e59131200f158a6d241647f5bbd13fde, findElement {using=id, value=loginForm}]
Apr 25, 2019 6:44:06 PM org.openqa.selenium.remote.RemoteWebDriver log
WARNING: Executed: [94df13c6e59131200f158a6d241647f5bbd13fde, findElement {using=id, value=loginForm}]
Apr 25, 2019 6:44:06 PM org.openqa.selenium.remote.RemoteWebDriver log
WARNING: Executing: findElement [94df13c6e59131200f158a6d241647f5bbd13fde, findElement {using=tag name, value=body}]
Apr 25, 2019 6:44:06 PM org.openqa.selenium.remote.RemoteWebDriver log
WARNING: Executed: [94df13c6e59131200f158a6d241647f5bbd13fde, findElement {using=tag name, value=body}]
Apr 25, 2019 6:44:06 PM org.openqa.selenium.remote.RemoteWebDriver log
WARNING: Executing: getElementText [94df13c6e59131200f158a6d241647f5bbd13fde, getElementText {id=1}]
Apr 25, 2019 6:44:07 PM org.openqa.selenium.remote.RemoteWebDriver log
WARNING: Executed: [94df13c6e59131200f158a6d241647f5bbd13fde, getElementText {id=1}]
Apr 25, 2019 6:44:07 PM org.openqa.selenium.remote.RemoteWebDriver log
WARNING: Executing: findElement [94df13c6e59131200f158a6d241647f5bbd13fde, findElement {using=tag name, value=body}]
Apr 25, 2019 6:44:07 PM org.openqa.selenium.remote.RemoteWebDriver log
WARNING: Executed: [94df13c6e59131200f158a6d241647f5bbd13fde, findElement {using=tag name, value=body}]
Apr 25, 2019 6:44:07 PM org.openqa.selenium.remote.RemoteWebDriver log
WARNING: Executing: getElementText [94df13c6e59131200f158a6d241647f5bbd13fde, getElementText {id=1}]
Apr 25, 2019 6:44:08 PM org.openqa.selenium.remote.RemoteWebDriver log
WARNING: Executed: [94df13c6e59131200f158a6d241647f5bbd13fde, getElementText {id=1}]
Apr 25, 2019 6:44:08 PM org.openqa.selenium.remote.RemoteWebDriver log
WARNING: Executing: findElement [94df13c6e59131200f158a6d241647f5bbd13fde, findElement {using=tag name, value=body}]
Apr 25, 2019 6:44:08 PM org.openqa.selenium.remote.RemoteWebDriver log
WARNING: Executed: [94df13c6e59131200f158a6d241647f5bbd13fde, findElement {using=tag name, value=body}]
Apr 25, 2019 6:44:08 PM org.openqa.selenium.remote.RemoteWebDriver log
WARNING: Executing: getElementText [94df13c6e59131200f158a6d241647f5bbd13fde, getElementText {id=1}]
Apr 25, 2019 6:44:09 PM org.openqa.selenium.remote.RemoteWebDriver log
WARNING: Executed: [94df13c6e59131200f158a6d241647f5bbd13fde, getElementText {id=1}]
Apr 25, 2019 6:44:09 PM org.openqa.selenium.remote.RemoteWebDriver log
WARNING: Executing: findElement [94df13c6e59131200f158a6d241647f5bbd13fde, findElement {using=id, value=email}]
Apr 25, 2019 6:44:09 PM org.openqa.selenium.remote.RemoteWebDriver log
WARNING: Executed: [94df13c6e59131200f158a6d241647f5bbd13fde, findElement {using=id, value=email}]
Apr 25, 2019 6:44:09 PM org.openqa.selenium.remote.RemoteWebDriver log
WARNING: Executing: sendKeysToElement [94df13c6e59131200f158a6d241647f5bbd13fde, sendKeysToElement {id=2, value=[Ljava.lang.CharSequence;@5c2375a9}]
Apr 25, 2019 6:44:09 PM org.openqa.selenium.remote.RemoteWebDriver log
WARNING: Executed: [94df13c6e59131200f158a6d241647f5bbd13fde, sendKeysToElement {id=2, value=[Ljava.lang.CharSequence;@5c2375a9}]
Apr 25, 2019 6:44:09 PM org.openqa.selenium.remote.RemoteWebDriver log
WARNING: Executing: findElement [94df13c6e59131200f158a6d241647f5bbd13fde, findElement {using=id, value=password}]
Apr 25, 2019 6:44:09 PM org.openqa.selenium.remote.RemoteWebDriver log
WARNING: Executed: [94df13c6e59131200f158a6d241647f5bbd13fde, findElement {using=id, value=password}]
Apr 25, 2019 6:44:09 PM org.openqa.selenium.remote.RemoteWebDriver log
WARNING: Executing: sendKeysToElement [94df13c6e59131200f158a6d241647f5bbd13fde, sendKeysToElement {id=3, value=[Ljava.lang.CharSequence;@60129b9a}]
Apr 25, 2019 6:44:10 PM org.openqa.selenium.remote.RemoteWebDriver log
WARNING: Executed: [94df13c6e59131200f158a6d241647f5bbd13fde, sendKeysToElement {id=3, value=[Ljava.lang.CharSequence;@60129b9a}]
Apr 25, 2019 6:44:10 PM org.openqa.selenium.remote.RemoteWebDriver log
WARNING: Executing: findElement [94df13c6e59131200f158a6d241647f5bbd13fde, findElement {using=id, value=internalLoginSubmit}]
Apr 25, 2019 6:44:10 PM org.openqa.selenium.remote.RemoteWebDriver log
WARNING: Executed: [94df13c6e59131200f158a6d241647f5bbd13fde, findElement {using=id, value=internalLoginSubmit}]
Apr 25, 2019 6:44:10 PM org.openqa.selenium.remote.RemoteWebDriver log
WARNING: Executing: isElementDisplayed [94df13c6e59131200f158a6d241647f5bbd13fde, isElementDisplayed {id=4}]
Apr 25, 2019 6:44:10 PM org.openqa.selenium.remote.RemoteWebDriver log
WARNING: Executed: [94df13c6e59131200f158a6d241647f5bbd13fde, isElementDisplayed {id=4}]
Apr 25, 2019 6:44:10 PM org.openqa.selenium.remote.RemoteWebDriver log
WARNING: Executing: isElementEnabled [94df13c6e59131200f158a6d241647f5bbd13fde, isElementEnabled {id=4}]
Apr 25, 2019 6:44:10 PM org.openqa.selenium.remote.RemoteWebDriver log
WARNING: Executed: [94df13c6e59131200f158a6d241647f5bbd13fde, isElementEnabled {id=4}]
Apr 25, 2019 6:44:10 PM org.openqa.selenium.remote.RemoteWebDriver log
WARNING: Executing: clickElement [94df13c6e59131200f158a6d241647f5bbd13fde, clickElement {id=4}]
Apr 25, 2019 6:44:11 PM org.openqa.selenium.remote.RemoteWebDriver log
WARNING: Executed: [94df13c6e59131200f158a6d241647f5bbd13fde, clickElement {id=4}]
Apr 25, 2019 6:44:11 PM org.openqa.selenium.remote.RemoteWebDriver log
WARNING: Executing: getCurrentUrl [94df13c6e59131200f158a6d241647f5bbd13fde, getCurrentUrl {}]
Apr 25, 2019 6:44:11 PM org.openqa.selenium.remote.RemoteWebDriver log
WARNING: Executed: [94df13c6e59131200f158a6d241647f5bbd13fde, getCurrentUrl {}]
Apr 25, 2019 6:44:11 PM org.openqa.selenium.remote.RemoteWebDriver log
WARNING: Executing: findElement [94df13c6e59131200f158a6d241647f5bbd13fde, findElement {using=class name, value=homeRoot}]
Apr 25, 2019 6:44:12 PM org.openqa.selenium.remote.RemoteWebDriver log
WARNING: Executed: [94df13c6e59131200f158a6d241647f5bbd13fde, findElement {using=class name, value=homeRoot}]
Apr 25, 2019 6:44:12 PM org.openqa.selenium.remote.RemoteWebDriver log
WARNING: Executing: findElement [94df13c6e59131200f158a6d241647f5bbd13fde, findElement {using=tag name, value=body}]
Apr 25, 2019 6:44:12 PM org.openqa.selenium.remote.RemoteWebDriver log
WARNING: Executed: [94df13c6e59131200f158a6d241647f5bbd13fde, findElement {using=tag name, value=body}]
Apr 25, 2019 6:44:12 PM org.openqa.selenium.remote.RemoteWebDriver log
WARNING: Executing: getElementText [94df13c6e59131200f158a6d241647f5bbd13fde, getElementText {id=1}]
Apr 25, 2019 6:44:12 PM org.openqa.selenium.remote.RemoteWebDriver log
WARNING: Executed: [94df13c6e59131200f158a6d241647f5bbd13fde, getElementText {id=1}]
Apr 25, 2019 6:44:13 PM org.openqa.selenium.remote.RemoteWebDriver log
WARNING: Executing: findElement [94df13c6e59131200f158a6d241647f5bbd13fde, findElement {using=tag name, value=body}]
Apr 25, 2019 6:44:13 PM org.openqa.selenium.remote.RemoteWebDriver log
WARNING: Executed: [94df13c6e59131200f158a6d241647f5bbd13fde, findElement {using=tag name, value=body}]
Apr 25, 2019 6:44:13 PM org.openqa.selenium.remote.RemoteWebDriver log
WARNING: Executing: getElementText [94df13c6e59131200f158a6d241647f5bbd13fde, getElementText {id=1}]
Apr 25, 2019 6:44:13 PM org.openqa.selenium.remote.RemoteWebDriver log
WARNING: Executed: [94df13c6e59131200f158a6d241647f5bbd13fde, getElementText {id=1}]
Apr 25, 2019 6:44:14 PM org.openqa.selenium.remote.RemoteWebDriver log
WARNING: Executing: findElement [94df13c6e59131200f158a6d241647f5bbd13fde, findElement {using=tag name, value=body}]
Apr 25, 2019 6:44:14 PM org.openqa.selenium.remote.RemoteWebDriver log
WARNING: Executed: [94df13c6e59131200f158a6d241647f5bbd13fde, findElement {using=tag name, value=body}]
Apr 25, 2019 6:44:14 PM org.openqa.selenium.remote.RemoteWebDriver log
WARNING: Executing: getElementText [94df13c6e59131200f158a6d241647f5bbd13fde, getElementText {id=1}]
Apr 25, 2019 6:44:15 PM org.openqa.selenium.remote.RemoteWebDriver log
WARNING: Executed: [94df13c6e59131200f158a6d241647f5bbd13fde, getElementText {id=1}]
Apr 25, 2019 6:44:15 PM org.openqa.selenium.remote.RemoteWebDriver log
WARNING: Executing: get [94df13c6e59131200f158a6d241647f5bbd13fde, get {url=http://tdev.clarolab.com/AutomationIssues/}]
Apr 25, 2019 6:44:16 PM org.openqa.selenium.remote.RemoteWebDriver log
WARNING: Executed: [94df13c6e59131200f158a6d241647f5bbd13fde, get {url=http://tdev.clarolab.com/AutomationIssues/}]
Apr 25, 2019 6:44:16 PM org.openqa.selenium.remote.RemoteWebDriver log
WARNING: Executing: getCurrentUrl [94df13c6e59131200f158a6d241647f5bbd13fde, getCurrentUrl {}]
Apr 25, 2019 6:44:16 PM org.openqa.selenium.remote.RemoteWebDriver log
WARNING: Executed: [94df13c6e59131200f158a6d241647f5bbd13fde, getCurrentUrl {}]
Apr 25, 2019 6:44:16 PM org.openqa.selenium.remote.RemoteWebDriver log
WARNING: Executing: findElement [94df13c6e59131200f158a6d241647f5bbd13fde, findElement {using=css selector, value=main#automationListDiv}]
Apr 25, 2019 6:44:17 PM org.openqa.selenium.remote.RemoteWebDriver log
WARNING: Executed: [94df13c6e59131200f158a6d241647f5bbd13fde, findElement {using=css selector, value=main#automationListDiv}]
Apr 25, 2019 6:44:17 PM org.openqa.selenium.remote.RemoteWebDriver log
WARNING: Executing: findElement [94df13c6e59131200f158a6d241647f5bbd13fde, findElement {using=css selector, value=img.iconStyle}]
Apr 25, 2019 6:44:20 PM org.openqa.selenium.remote.RemoteWebDriver log
WARNING: Executed: [94df13c6e59131200f158a6d241647f5bbd13fde, findElement {using=css selector, value=img.iconStyle}]
Apr 25, 2019 6:44:20 PM org.openqa.selenium.remote.RemoteWebDriver log
WARNING: Executing: findElement [94df13c6e59131200f158a6d241647f5bbd13fde, findElement {using=css selector, value=img.iconStyle}]
Apr 25, 2019 6:44:20 PM org.openqa.selenium.remote.RemoteWebDriver log
WARNING: Executed: [94df13c6e59131200f158a6d241647f5bbd13fde, findElement {using=css selector, value=img.iconStyle}]
Apr 25, 2019 6:44:20 PM org.openqa.selenium.remote.RemoteWebDriver log
WARNING: Executing: isElementDisplayed [94df13c6e59131200f158a6d241647f5bbd13fde, isElementDisplayed {id=7}]
Apr 25, 2019 6:44:21 PM org.openqa.selenium.remote.RemoteWebDriver log
WARNING: Executed: [94df13c6e59131200f158a6d241647f5bbd13fde, isElementDisplayed {id=7}]
Apr 25, 2019 6:44:21 PM org.openqa.selenium.remote.RemoteWebDriver log
WARNING: Executing: isElementEnabled [94df13c6e59131200f158a6d241647f5bbd13fde, isElementEnabled {id=7}]
Apr 25, 2019 6:44:21 PM org.openqa.selenium.remote.RemoteWebDriver log
WARNING: Executed: [94df13c6e59131200f158a6d241647f5bbd13fde, isElementEnabled {id=7}]
Apr 25, 2019 6:44:21 PM org.openqa.selenium.remote.RemoteWebDriver log
WARNING: Executing: findElement [94df13c6e59131200f158a6d241647f5bbd13fde, findElement {using=css selector, value=button[title='Filter and Sort']}]
Apr 25, 2019 6:44:21 PM org.openqa.selenium.remote.RemoteWebDriver log
WARNING: Executed: [94df13c6e59131200f158a6d241647f5bbd13fde, findElement {using=css selector, value=button[title='Filter and Sort']}]
Apr 25, 2019 6:44:21 PM org.openqa.selenium.remote.RemoteWebDriver log
WARNING: Executing: isElementDisplayed [94df13c6e59131200f158a6d241647f5bbd13fde, isElementDisplayed {id=8}]
Apr 25, 2019 6:44:21 PM org.openqa.selenium.remote.RemoteWebDriver log
WARNING: Executed: [94df13c6e59131200f158a6d241647f5bbd13fde, isElementDisplayed {id=8}]
Apr 25, 2019 6:44:21 PM org.openqa.selenium.remote.RemoteWebDriver log
WARNING: Executing: isElementEnabled [94df13c6e59131200f158a6d241647f5bbd13fde, isElementEnabled {id=8}]
Apr 25, 2019 6:44:21 PM org.openqa.selenium.remote.RemoteWebDriver log
WARNING: Executed: [94df13c6e59131200f158a6d241647f5bbd13fde, isElementEnabled {id=8}]
Apr 25, 2019 6:44:21 PM org.openqa.selenium.remote.RemoteWebDriver log
WARNING: Executing: clickElement [94df13c6e59131200f158a6d241647f5bbd13fde, clickElement {id=8}]
Apr 25, 2019 6:44:22 PM org.openqa.selenium.remote.RemoteWebDriver log
WARNING: Executed: [94df13c6e59131200f158a6d241647f5bbd13fde, clickElement {id=8}]
Apr 25, 2019 6:44:22 PM org.openqa.selenium.remote.RemoteWebDriver log
WARNING: Executing: findElement [94df13c6e59131200f158a6d241647f5bbd13fde, findElement {using=css selector, value=label.newerFirst}]
Apr 25, 2019 6:44:22 PM org.openqa.selenium.remote.RemoteWebDriver log
WARNING: Executed: [94df13c6e59131200f158a6d241647f5bbd13fde, findElement {using=css selector, value=label.newerFirst}]
Apr 25, 2019 6:44:22 PM org.openqa.selenium.remote.RemoteWebDriver log
WARNING: Executing: isElementDisplayed [94df13c6e59131200f158a6d241647f5bbd13fde, isElementDisplayed {id=9}]
Apr 25, 2019 6:44:22 PM org.openqa.selenium.remote.RemoteWebDriver log
WARNING: Executed: [94df13c6e59131200f158a6d241647f5bbd13fde, isElementDisplayed {id=9}]
Apr 25, 2019 6:44:22 PM org.openqa.selenium.remote.RemoteWebDriver log
WARNING: Executing: isElementEnabled [94df13c6e59131200f158a6d241647f5bbd13fde, isElementEnabled {id=9}]
Apr 25, 2019 6:44:22 PM org.openqa.selenium.remote.RemoteWebDriver log
WARNING: Executed: [94df13c6e59131200f158a6d241647f5bbd13fde, isElementEnabled {id=9}]
Apr 25, 2019 6:44:22 PM org.openqa.selenium.remote.RemoteWebDriver log
WARNING: Executing: clickElement [94df13c6e59131200f158a6d241647f5bbd13fde, clickElement {id=9}]
Apr 25, 2019 6:44:23 PM org.openqa.selenium.remote.RemoteWebDriver log
WARNING: Executed: [94df13c6e59131200f158a6d241647f5bbd13fde, clickElement {id=9}]
Apr 25, 2019 6:44:23 PM org.openqa.selenium.remote.RemoteWebDriver log
WARNING: Executing: findElement [94df13c6e59131200f158a6d241647f5bbd13fde, findElement {using=css selector, value=img.iconStyle}]
Apr 25, 2019 6:44:23 PM org.openqa.selenium.remote.RemoteWebDriver log
WARNING: Executed: [94df13c6e59131200f158a6d241647f5bbd13fde, findElement {using=css selector, value=img.iconStyle}]
Apr 25, 2019 6:44:23 PM org.openqa.selenium.remote.RemoteWebDriver log
WARNING: Executing: isElementDisplayed [94df13c6e59131200f158a6d241647f5bbd13fde, isElementDisplayed {id=7}]
Apr 25, 2019 6:44:23 PM org.openqa.selenium.remote.RemoteWebDriver log
WARNING: Executed: [94df13c6e59131200f158a6d241647f5bbd13fde, isElementDisplayed {id=7}]
Apr 25, 2019 6:44:23 PM org.openqa.selenium.remote.RemoteWebDriver log
WARNING: Executing: isElementEnabled [94df13c6e59131200f158a6d241647f5bbd13fde, isElementEnabled {id=7}]
Apr 25, 2019 6:44:23 PM org.openqa.selenium.remote.RemoteWebDriver log
WARNING: Executed: [94df13c6e59131200f158a6d241647f5bbd13fde, isElementEnabled {id=7}]
Apr 25, 2019 6:44:23 PM org.openqa.selenium.remote.RemoteWebDriver log
WARNING: Executing: findElement [94df13c6e59131200f158a6d241647f5bbd13fde, findElement {using=tag name, value=body}]
Apr 25, 2019 6:44:23 PM org.openqa.selenium.remote.RemoteWebDriver log
WARNING: Executed: [94df13c6e59131200f158a6d241647f5bbd13fde, findElement {using=tag name, value=body}]
Apr 25, 2019 6:44:23 PM org.openqa.selenium.remote.RemoteWebDriver log
WARNING: Executing: getElementText [94df13c6e59131200f158a6d241647f5bbd13fde, getElementText {id=10}]
Apr 25, 2019 6:44:24 PM org.openqa.selenium.remote.RemoteWebDriver log
WARNING: Executed: [94df13c6e59131200f158a6d241647f5bbd13fde, getElementText {id=10}]
Apr 25, 2019 6:44:24 PM org.openqa.selenium.remote.RemoteWebDriver log
WARNING: Executing: findElement [94df13c6e59131200f158a6d241647f5bbd13fde, findElement {using=tag name, value=body}]
Apr 25, 2019 6:44:25 PM org.openqa.selenium.remote.RemoteWebDriver log
WARNING: Executed: [94df13c6e59131200f158a6d241647f5bbd13fde, findElement {using=tag name, value=body}]
Apr 25, 2019 6:44:25 PM org.openqa.selenium.remote.RemoteWebDriver log
WARNING: Executing: getElementText [94df13c6e59131200f158a6d241647f5bbd13fde, getElementText {id=10}]
Apr 25, 2019 6:44:25 PM org.openqa.selenium.remote.RemoteWebDriver log
WARNING: Executed: [94df13c6e59131200f158a6d241647f5bbd13fde, getElementText {id=10}]
Apr 25, 2019 6:44:25 PM org.openqa.selenium.remote.RemoteWebDriver log
WARNING: Executing: findElements [94df13c6e59131200f158a6d241647f5bbd13fde, findElements {using=class name, value=failedSince}]
Apr 25, 2019 6:44:25 PM org.openqa.selenium.remote.RemoteWebDriver log
WARNING: Executed: [94df13c6e59131200f158a6d241647f5bbd13fde, findElements {using=class name, value=failedSince}]
Apr 25, 2019 6:44:25 PM org.openqa.selenium.remote.RemoteWebDriver log
WARNING: Executing: executeScript [94df13c6e59131200f158a6d241647f5bbd13fde, executeScript {script=return window.innerHeight || document.documentElement.clientHeight || document.body.clientHeight;, args=[]}]
Apr 25, 2019 6:44:26 PM org.openqa.selenium.remote.RemoteWebDriver log
WARNING: Executed: [94df13c6e59131200f158a6d241647f5bbd13fde, executeScript {script=return window.innerHeight || document.documentElement.clientHeight || document.body.clientHeight;, args=[]}]
Apr 25, 2019 6:44:26 PM org.openqa.selenium.remote.RemoteWebDriver log
WARNING: Executing: getElementLocation [94df13c6e59131200f158a6d241647f5bbd13fde, getElementLocation {id=11}]
Apr 25, 2019 6:44:26 PM org.openqa.selenium.remote.RemoteWebDriver log
WARNING: Executed: [94df13c6e59131200f158a6d241647f5bbd13fde, getElementLocation {id=11}]
Apr 25, 2019 6:44:26 PM org.openqa.selenium.remote.RemoteWebDriver log
WARNING: Executing: executeScript [94df13c6e59131200f158a6d241647f5bbd13fde, executeScript {script=window.scrollTo(0, 72), args=[]}]
Apr 25, 2019 6:44:26 PM org.openqa.selenium.remote.RemoteWebDriver log
WARNING: Executed: [94df13c6e59131200f158a6d241647f5bbd13fde, executeScript {script=window.scrollTo(0, 72), args=[]}]
Apr 25, 2019 6:44:26 PM org.openqa.selenium.remote.RemoteWebDriver log
WARNING: Executing: getElementText [94df13c6e59131200f158a6d241647f5bbd13fde, getElementText {id=11}]
Apr 25, 2019 6:44:26 PM org.openqa.selenium.remote.RemoteWebDriver log
WARNING: Executed: [94df13c6e59131200f158a6d241647f5bbd13fde, getElementText {id=11}]
Apr 25, 2019 6:44:26 PM org.openqa.selenium.remote.RemoteWebDriver log
WARNING: Executing: executeScript [94df13c6e59131200f158a6d241647f5bbd13fde, executeScript {script=return window.innerHeight || document.documentElement.clientHeight || document.body.clientHeight;, args=[]}]
Apr 25, 2019 6:44:26 PM org.openqa.selenium.remote.RemoteWebDriver log
WARNING: Executed: [94df13c6e59131200f158a6d241647f5bbd13fde, executeScript {script=return window.innerHeight || document.documentElement.clientHeight || document.body.clientHeight;, args=[]}]
Apr 25, 2019 6:44:26 PM org.openqa.selenium.remote.RemoteWebDriver log
WARNING: Executing: getElementLocation [94df13c6e59131200f158a6d241647f5bbd13fde, getElementLocation {id=12}]
Apr 25, 2019 6:44:27 PM org.openqa.selenium.remote.RemoteWebDriver log
WARNING: Executed: [94df13c6e59131200f158a6d241647f5bbd13fde, getElementLocation {id=12}]
Apr 25, 2019 6:44:27 PM org.openqa.selenium.remote.RemoteWebDriver log
WARNING: Executing: executeScript [94df13c6e59131200f158a6d241647f5bbd13fde, executeScript {script=window.scrollTo(0, 452), args=[]}]
Apr 25, 2019 6:44:27 PM org.openqa.selenium.remote.RemoteWebDriver log
WARNING: Executed: [94df13c6e59131200f158a6d241647f5bbd13fde, executeScript {script=window.scrollTo(0, 452), args=[]}]
Apr 25, 2019 6:44:27 PM org.openqa.selenium.remote.RemoteWebDriver log
WARNING: Executing: getElementText [94df13c6e59131200f158a6d241647f5bbd13fde, getElementText {id=12}]
Apr 25, 2019 6:44:27 PM org.openqa.selenium.remote.RemoteWebDriver log
WARNING: Executed: [94df13c6e59131200f158a6d241647f5bbd13fde, getElementText {id=12}]
Apr 25, 2019 6:44:27 PM org.openqa.selenium.remote.RemoteWebDriver log
WARNING: Executing: executeScript [94df13c6e59131200f158a6d241647f5bbd13fde, executeScript {script=return window.innerHeight || document.documentElement.clientHeight || document.body.clientHeight;, args=[]}]
Apr 25, 2019 6:44:27 PM org.openqa.selenium.remote.RemoteWebDriver log
WARNING: Executed: [94df13c6e59131200f158a6d241647f5bbd13fde, executeScript {script=return window.innerHeight || document.documentElement.clientHeight || document.body.clientHeight;, args=[]}]
Apr 25, 2019 6:44:27 PM org.openqa.selenium.remote.RemoteWebDriver log
WARNING: Executing: getElementLocation [94df13c6e59131200f158a6d241647f5bbd13fde, getElementLocation {id=13}]
Apr 25, 2019 6:44:27 PM org.openqa.selenium.remote.RemoteWebDriver log
WARNING: Executed: [94df13c6e59131200f158a6d241647f5bbd13fde, getElementLocation {id=13}]
Apr 25, 2019 6:44:27 PM org.openqa.selenium.remote.RemoteWebDriver log
WARNING: Executing: executeScript [94df13c6e59131200f158a6d241647f5bbd13fde, executeScript {script=window.scrollTo(0, 816), args=[]}]
Apr 25, 2019 6:44:28 PM org.openqa.selenium.remote.RemoteWebDriver log
WARNING: Executed: [94df13c6e59131200f158a6d241647f5bbd13fde, executeScript {script=window.scrollTo(0, 816), args=[]}]
Apr 25, 2019 6:44:28 PM org.openqa.selenium.remote.RemoteWebDriver log
WARNING: Executing: getElementText [94df13c6e59131200f158a6d241647f5bbd13fde, getElementText {id=13}]
Apr 25, 2019 6:44:28 PM org.openqa.selenium.remote.RemoteWebDriver log
WARNING: Executed: [94df13c6e59131200f158a6d241647f5bbd13fde, getElementText {id=13}]
Apr 25, 2019 6:44:28 PM org.openqa.selenium.remote.RemoteWebDriver log
WARNING: Executing: findElement [94df13c6e59131200f158a6d241647f5bbd13fde, findElement {using=tag name, value=body}]
Apr 25, 2019 6:44:28 PM org.openqa.selenium.remote.RemoteWebDriver log
WARNING: Executed: [94df13c6e59131200f158a6d241647f5bbd13fde, findElement {using=tag name, value=body}]
Apr 25, 2019 6:44:28 PM org.openqa.selenium.remote.RemoteWebDriver log
WARNING: Executing: getElementText [94df13c6e59131200f158a6d241647f5bbd13fde, getElementText {id=10}]
Apr 25, 2019 6:44:29 PM org.openqa.selenium.remote.RemoteWebDriver log
WARNING: Executed: [94df13c6e59131200f158a6d241647f5bbd13fde, getElementText {id=10}]
Apr 25, 2019 6:44:29 PM org.openqa.selenium.remote.RemoteWebDriver log
WARNING: Executing: findElement [94df13c6e59131200f158a6d241647f5bbd13fde, findElement {using=tag name, value=body}]
Apr 25, 2019 6:44:29 PM org.openqa.selenium.remote.RemoteWebDriver log
WARNING: Executed: [94df13c6e59131200f158a6d241647f5bbd13fde, findElement {using=tag name, value=body}]
Apr 25, 2019 6:44:29 PM org.openqa.selenium.remote.RemoteWebDriver log
WARNING: Executing: getElementText [94df13c6e59131200f158a6d241647f5bbd13fde, getElementText {id=10}]
Apr 25, 2019 6:44:30 PM org.openqa.selenium.remote.RemoteWebDriver log
WARNING: Executed: [94df13c6e59131200f158a6d241647f5bbd13fde, getElementText {id=10}]
Apr 25, 2019 6:44:30 PM org.openqa.selenium.remote.RemoteWebDriver log
WARNING: Executing: findElement [94df13c6e59131200f158a6d241647f5bbd13fde, findElement {using=tag name, value=body}]
Apr 25, 2019 6:44:31 PM org.openqa.selenium.remote.RemoteWebDriver log
WARNING: Executed: [94df13c6e59131200f158a6d241647f5bbd13fde, findElement {using=tag name, value=body}]
Apr 25, 2019 6:44:31 PM org.openqa.selenium.remote.RemoteWebDriver log
WARNING: Executing: getElementText [94df13c6e59131200f158a6d241647f5bbd13fde, getElementText {id=10}]
Apr 25, 2019 6:44:31 PM org.openqa.selenium.remote.RemoteWebDriver log
WARNING: Executed: [94df13c6e59131200f158a6d241647f5bbd13fde, getElementText {id=10}]
]]></system-err>
  </testcase>
  <testcase name="testSortByOlderFirst" classname="com.clarolab.AutomationIssuesTest" time="15.424"/>
  <testcase name="testSortByPriority" classname="com.clarolab.AutomationIssuesTest" time="7.681"/>
  <testcase name="testSortBySuiteName" classname="com.clarolab.AutomationIssuesTest" time="8.445">
    <failure type="java.lang.AssertionError">java.lang.AssertionError
	at com.clarolab.AutomationIssuesTest.testSortBySuiteName(AutomationIssuesTest.java:90)
</failure>
    <system-err><![CDATA[Apr 25, 2019 6:45:45 PM org.openqa.selenium.remote.RemoteWebDriver log
WARNING: Executing: deleteAllCookies [18797dbb7e98f1a77574f3d3399aec0f72c4f6e2, deleteAllCookies {}]
Apr 25, 2019 6:45:46 PM org.openqa.selenium.remote.RemoteWebDriver log
WARNING: Executed: [18797dbb7e98f1a77574f3d3399aec0f72c4f6e2, deleteAllCookies {}]
Apr 25, 2019 6:45:46 PM org.openqa.selenium.remote.RemoteWebDriver log
WARNING: Executing: quit [18797dbb7e98f1a77574f3d3399aec0f72c4f6e2, quit {}]
Apr 25, 2019 6:45:47 PM org.openqa.selenium.remote.RemoteWebDriver log
WARNING: Executed: [18797dbb7e98f1a77574f3d3399aec0f72c4f6e2, quit {}]
Apr 25, 2019 6:45:56 PM org.openqa.selenium.remote.RemoteWebDriver log
WARNING: Executing: setTimeout [7652b17113d9e0e5bca376410d41627a59f6086f, setTimeout {type=page load, ms=80000}]
Apr 25, 2019 6:45:56 PM org.openqa.selenium.remote.RemoteWebDriver log
WARNING: Executed: [7652b17113d9e0e5bca376410d41627a59f6086f, setTimeout {type=page load, ms=80000}]
Apr 25, 2019 6:45:56 PM org.openqa.selenium.remote.RemoteWebDriver log
WARNING: Executing: implicitlyWait [7652b17113d9e0e5bca376410d41627a59f6086f, implicitlyWait {ms=2000}]
Apr 25, 2019 6:45:57 PM org.openqa.selenium.remote.RemoteWebDriver log
WARNING: Executed: [7652b17113d9e0e5bca376410d41627a59f6086f, implicitlyWait {ms=2000}]
Apr 25, 2019 6:45:57 PM org.openqa.selenium.remote.RemoteWebDriver log
WARNING: Executing: get [7652b17113d9e0e5bca376410d41627a59f6086f, get {url=http://tdev.clarolab.com/}]
Apr 25, 2019 6:46:03 PM org.openqa.selenium.remote.RemoteWebDriver log
WARNING: Executed: [7652b17113d9e0e5bca376410d41627a59f6086f, get {url=http://tdev.clarolab.com/}]
Apr 25, 2019 6:46:03 PM org.openqa.selenium.remote.RemoteWebDriver log
WARNING: Executing: getCurrentUrl [7652b17113d9e0e5bca376410d41627a59f6086f, getCurrentUrl {}]
Apr 25, 2019 6:46:04 PM org.openqa.selenium.remote.RemoteWebDriver log
WARNING: Executed: [7652b17113d9e0e5bca376410d41627a59f6086f, getCurrentUrl {}]
Apr 25, 2019 6:46:04 PM org.openqa.selenium.remote.RemoteWebDriver log
WARNING: Executing: getCurrentUrl [7652b17113d9e0e5bca376410d41627a59f6086f, getCurrentUrl {}]
Apr 25, 2019 6:46:04 PM org.openqa.selenium.remote.RemoteWebDriver log
WARNING: Executed: [7652b17113d9e0e5bca376410d41627a59f6086f, getCurrentUrl {}]
Apr 25, 2019 6:46:04 PM org.openqa.selenium.remote.RemoteWebDriver log
WARNING: Executing: findElement [7652b17113d9e0e5bca376410d41627a59f6086f, findElement {using=id, value=loginForm}]
Apr 25, 2019 6:46:04 PM org.openqa.selenium.remote.RemoteWebDriver log
WARNING: Executed: [7652b17113d9e0e5bca376410d41627a59f6086f, findElement {using=id, value=loginForm}]
Apr 25, 2019 6:46:04 PM org.openqa.selenium.remote.RemoteWebDriver log
WARNING: Executing: findElement [7652b17113d9e0e5bca376410d41627a59f6086f, findElement {using=tag name, value=body}]
Apr 25, 2019 6:46:04 PM org.openqa.selenium.remote.RemoteWebDriver log
WARNING: Executed: [7652b17113d9e0e5bca376410d41627a59f6086f, findElement {using=tag name, value=body}]
Apr 25, 2019 6:46:04 PM org.openqa.selenium.remote.RemoteWebDriver log
WARNING: Executing: getElementText [7652b17113d9e0e5bca376410d41627a59f6086f, getElementText {id=1}]
Apr 25, 2019 6:46:05 PM org.openqa.selenium.remote.RemoteWebDriver log
WARNING: Executed: [7652b17113d9e0e5bca376410d41627a59f6086f, getElementText {id=1}]
Apr 25, 2019 6:46:05 PM org.openqa.selenium.remote.RemoteWebDriver log
WARNING: Executing: findElement [7652b17113d9e0e5bca376410d41627a59f6086f, findElement {using=tag name, value=body}]
Apr 25, 2019 6:46:05 PM org.openqa.selenium.remote.RemoteWebDriver log
WARNING: Executed: [7652b17113d9e0e5bca376410d41627a59f6086f, findElement {using=tag name, value=body}]
Apr 25, 2019 6:46:05 PM org.openqa.selenium.remote.RemoteWebDriver log
WARNING: Executing: getElementText [7652b17113d9e0e5bca376410d41627a59f6086f, getElementText {id=1}]
Apr 25, 2019 6:46:06 PM org.openqa.selenium.remote.RemoteWebDriver log
WARNING: Executed: [7652b17113d9e0e5bca376410d41627a59f6086f, getElementText {id=1}]
Apr 25, 2019 6:46:06 PM org.openqa.selenium.remote.RemoteWebDriver log
WARNING: Executing: findElement [7652b17113d9e0e5bca376410d41627a59f6086f, findElement {using=id, value=email}]
Apr 25, 2019 6:46:06 PM org.openqa.selenium.remote.RemoteWebDriver log
WARNING: Executed: [7652b17113d9e0e5bca376410d41627a59f6086f, findElement {using=id, value=email}]
Apr 25, 2019 6:46:06 PM org.openqa.selenium.remote.RemoteWebDriver log
WARNING: Executing: sendKeysToElement [7652b17113d9e0e5bca376410d41627a59f6086f, sendKeysToElement {id=2, value=[Ljava.lang.CharSequence;@5505ae1a}]
Apr 25, 2019 6:46:06 PM org.openqa.selenium.remote.RemoteWebDriver log
WARNING: Executed: [7652b17113d9e0e5bca376410d41627a59f6086f, sendKeysToElement {id=2, value=[Ljava.lang.CharSequence;@5505ae1a}]
Apr 25, 2019 6:46:06 PM org.openqa.selenium.remote.RemoteWebDriver log
WARNING: Executing: findElement [7652b17113d9e0e5bca376410d41627a59f6086f, findElement {using=id, value=password}]
Apr 25, 2019 6:46:06 PM org.openqa.selenium.remote.RemoteWebDriver log
WARNING: Executed: [7652b17113d9e0e5bca376410d41627a59f6086f, findElement {using=id, value=password}]
Apr 25, 2019 6:46:06 PM org.openqa.selenium.remote.RemoteWebDriver log
WARNING: Executing: sendKeysToElement [7652b17113d9e0e5bca376410d41627a59f6086f, sendKeysToElement {id=3, value=[Ljava.lang.CharSequence;@73cd37c0}]
Apr 25, 2019 6:46:07 PM org.openqa.selenium.remote.RemoteWebDriver log
WARNING: Executed: [7652b17113d9e0e5bca376410d41627a59f6086f, sendKeysToElement {id=3, value=[Ljava.lang.CharSequence;@73cd37c0}]
Apr 25, 2019 6:46:07 PM org.openqa.selenium.remote.RemoteWebDriver log
WARNING: Executing: findElement [7652b17113d9e0e5bca376410d41627a59f6086f, findElement {using=id, value=internalLoginSubmit}]
Apr 25, 2019 6:46:07 PM org.openqa.selenium.remote.RemoteWebDriver log
WARNING: Executed: [7652b17113d9e0e5bca376410d41627a59f6086f, findElement {using=id, value=internalLoginSubmit}]
Apr 25, 2019 6:46:07 PM org.openqa.selenium.remote.RemoteWebDriver log
WARNING: Executing: isElementDisplayed [7652b17113d9e0e5bca376410d41627a59f6086f, isElementDisplayed {id=4}]
Apr 25, 2019 6:46:07 PM org.openqa.selenium.remote.RemoteWebDriver log
WARNING: Executed: [7652b17113d9e0e5bca376410d41627a59f6086f, isElementDisplayed {id=4}]
Apr 25, 2019 6:46:07 PM org.openqa.selenium.remote.RemoteWebDriver log
WARNING: Executing: isElementEnabled [7652b17113d9e0e5bca376410d41627a59f6086f, isElementEnabled {id=4}]
Apr 25, 2019 6:46:07 PM org.openqa.selenium.remote.RemoteWebDriver log
WARNING: Executed: [7652b17113d9e0e5bca376410d41627a59f6086f, isElementEnabled {id=4}]
Apr 25, 2019 6:46:07 PM org.openqa.selenium.remote.RemoteWebDriver log
WARNING: Executing: clickElement [7652b17113d9e0e5bca376410d41627a59f6086f, clickElement {id=4}]
Apr 25, 2019 6:46:08 PM org.openqa.selenium.remote.RemoteWebDriver log
WARNING: Executed: [7652b17113d9e0e5bca376410d41627a59f6086f, clickElement {id=4}]
Apr 25, 2019 6:46:08 PM org.openqa.selenium.remote.RemoteWebDriver log
WARNING: Executing: getCurrentUrl [7652b17113d9e0e5bca376410d41627a59f6086f, getCurrentUrl {}]
Apr 25, 2019 6:46:08 PM org.openqa.selenium.remote.RemoteWebDriver log
WARNING: Executed: [7652b17113d9e0e5bca376410d41627a59f6086f, getCurrentUrl {}]
Apr 25, 2019 6:46:08 PM org.openqa.selenium.remote.RemoteWebDriver log
WARNING: Executing: findElement [7652b17113d9e0e5bca376410d41627a59f6086f, findElement {using=class name, value=homeRoot}]
Apr 25, 2019 6:46:10 PM org.openqa.selenium.remote.RemoteWebDriver log
WARNING: Executed: [7652b17113d9e0e5bca376410d41627a59f6086f, findElement {using=class name, value=homeRoot}]
Apr 25, 2019 6:46:10 PM org.openqa.selenium.remote.RemoteWebDriver log
WARNING: Executing: findElement [7652b17113d9e0e5bca376410d41627a59f6086f, findElement {using=tag name, value=body}]
Apr 25, 2019 6:46:10 PM org.openqa.selenium.remote.RemoteWebDriver log
WARNING: Executed: [7652b17113d9e0e5bca376410d41627a59f6086f, findElement {using=tag name, value=body}]
Apr 25, 2019 6:46:10 PM org.openqa.selenium.remote.RemoteWebDriver log
WARNING: Executing: getElementText [7652b17113d9e0e5bca376410d41627a59f6086f, getElementText {id=1}]
Apr 25, 2019 6:46:10 PM org.openqa.selenium.remote.RemoteWebDriver log
WARNING: Executed: [7652b17113d9e0e5bca376410d41627a59f6086f, getElementText {id=1}]
Apr 25, 2019 6:46:11 PM org.openqa.selenium.remote.RemoteWebDriver log
WARNING: Executing: findElement [7652b17113d9e0e5bca376410d41627a59f6086f, findElement {using=tag name, value=body}]
Apr 25, 2019 6:46:11 PM org.openqa.selenium.remote.RemoteWebDriver log
WARNING: Executed: [7652b17113d9e0e5bca376410d41627a59f6086f, findElement {using=tag name, value=body}]
Apr 25, 2019 6:46:11 PM org.openqa.selenium.remote.RemoteWebDriver log
WARNING: Executing: getElementText [7652b17113d9e0e5bca376410d41627a59f6086f, getElementText {id=1}]
Apr 25, 2019 6:46:12 PM org.openqa.selenium.remote.RemoteWebDriver log
WARNING: Executed: [7652b17113d9e0e5bca376410d41627a59f6086f, getElementText {id=1}]
Apr 25, 2019 6:46:12 PM org.openqa.selenium.remote.RemoteWebDriver log
WARNING: Executing: findElement [7652b17113d9e0e5bca376410d41627a59f6086f, findElement {using=tag name, value=body}]
Apr 25, 2019 6:46:12 PM org.openqa.selenium.remote.RemoteWebDriver log
WARNING: Executed: [7652b17113d9e0e5bca376410d41627a59f6086f, findElement {using=tag name, value=body}]
Apr 25, 2019 6:46:12 PM org.openqa.selenium.remote.RemoteWebDriver log
WARNING: Executing: getElementText [7652b17113d9e0e5bca376410d41627a59f6086f, getElementText {id=1}]
Apr 25, 2019 6:46:14 PM org.openqa.selenium.remote.RemoteWebDriver log
WARNING: Executed: [7652b17113d9e0e5bca376410d41627a59f6086f, getElementText {id=1}]
Apr 25, 2019 6:46:14 PM org.openqa.selenium.remote.RemoteWebDriver log
WARNING: Executing: get [7652b17113d9e0e5bca376410d41627a59f6086f, get {url=http://tdev.clarolab.com/AutomationIssues/}]
Apr 25, 2019 6:46:15 PM org.openqa.selenium.remote.RemoteWebDriver log
WARNING: Executed: [7652b17113d9e0e5bca376410d41627a59f6086f, get {url=http://tdev.clarolab.com/AutomationIssues/}]
Apr 25, 2019 6:46:15 PM org.openqa.selenium.remote.RemoteWebDriver log
WARNING: Executing: getCurrentUrl [7652b17113d9e0e5bca376410d41627a59f6086f, getCurrentUrl {}]
Apr 25, 2019 6:46:15 PM org.openqa.selenium.remote.RemoteWebDriver log
WARNING: Executed: [7652b17113d9e0e5bca376410d41627a59f6086f, getCurrentUrl {}]
Apr 25, 2019 6:46:15 PM org.openqa.selenium.remote.RemoteWebDriver log
WARNING: Executing: findElement [7652b17113d9e0e5bca376410d41627a59f6086f, findElement {using=css selector, value=main#automationListDiv}]
Apr 25, 2019 6:46:16 PM org.openqa.selenium.remote.RemoteWebDriver log
WARNING: Executed: [7652b17113d9e0e5bca376410d41627a59f6086f, findElement {using=css selector, value=main#automationListDiv}]
Apr 25, 2019 6:46:16 PM org.openqa.selenium.remote.RemoteWebDriver log
WARNING: Executing: findElement [7652b17113d9e0e5bca376410d41627a59f6086f, findElement {using=css selector, value=img.iconStyle}]
Apr 25, 2019 6:46:17 PM org.openqa.selenium.remote.RemoteWebDriver log
WARNING: Executed: [7652b17113d9e0e5bca376410d41627a59f6086f, findElement {using=css selector, value=img.iconStyle}]
Apr 25, 2019 6:46:17 PM org.openqa.selenium.remote.RemoteWebDriver log
WARNING: Executing: isElementDisplayed [7652b17113d9e0e5bca376410d41627a59f6086f, isElementDisplayed {id=7}]
Apr 25, 2019 6:46:17 PM org.openqa.selenium.remote.RemoteWebDriver log
WARNING: Executed: [7652b17113d9e0e5bca376410d41627a59f6086f, isElementDisplayed {id=7}]
Apr 25, 2019 6:46:17 PM org.openqa.selenium.remote.RemoteWebDriver log
WARNING: Executing: isElementEnabled [7652b17113d9e0e5bca376410d41627a59f6086f, isElementEnabled {id=7}]
Apr 25, 2019 6:46:17 PM org.openqa.selenium.remote.RemoteWebDriver log
WARNING: Executed: [7652b17113d9e0e5bca376410d41627a59f6086f, isElementEnabled {id=7}]
Apr 25, 2019 6:46:17 PM org.openqa.selenium.remote.RemoteWebDriver log
WARNING: Executing: findElement [7652b17113d9e0e5bca376410d41627a59f6086f, findElement {using=css selector, value=button[title='Filter and Sort']}]
Apr 25, 2019 6:46:18 PM org.openqa.selenium.remote.RemoteWebDriver log
WARNING: Executed: [7652b17113d9e0e5bca376410d41627a59f6086f, findElement {using=css selector, value=button[title='Filter and Sort']}]
Apr 25, 2019 6:46:18 PM org.openqa.selenium.remote.RemoteWebDriver log
WARNING: Executing: isElementDisplayed [7652b17113d9e0e5bca376410d41627a59f6086f, isElementDisplayed {id=8}]
Apr 25, 2019 6:46:18 PM org.openqa.selenium.remote.RemoteWebDriver log
WARNING: Executed: [7652b17113d9e0e5bca376410d41627a59f6086f, isElementDisplayed {id=8}]
Apr 25, 2019 6:46:18 PM org.openqa.selenium.remote.RemoteWebDriver log
WARNING: Executing: isElementEnabled [7652b17113d9e0e5bca376410d41627a59f6086f, isElementEnabled {id=8}]
Apr 25, 2019 6:46:18 PM org.openqa.selenium.remote.RemoteWebDriver log
WARNING: Executed: [7652b17113d9e0e5bca376410d41627a59f6086f, isElementEnabled {id=8}]
Apr 25, 2019 6:46:18 PM org.openqa.selenium.remote.RemoteWebDriver log
WARNING: Executing: clickElement [7652b17113d9e0e5bca376410d41627a59f6086f, clickElement {id=8}]
Apr 25, 2019 6:46:19 PM org.openqa.selenium.remote.RemoteWebDriver log
WARNING: Executed: [7652b17113d9e0e5bca376410d41627a59f6086f, clickElement {id=8}]
Apr 25, 2019 6:46:19 PM org.openqa.selenium.remote.RemoteWebDriver log
WARNING: Executing: findElement [7652b17113d9e0e5bca376410d41627a59f6086f, findElement {using=css selector, value=label.sortBySuite}]
Apr 25, 2019 6:46:19 PM org.openqa.selenium.remote.RemoteWebDriver log
WARNING: Executed: [7652b17113d9e0e5bca376410d41627a59f6086f, findElement {using=css selector, value=label.sortBySuite}]
Apr 25, 2019 6:46:19 PM org.openqa.selenium.remote.RemoteWebDriver log
WARNING: Executing: isElementDisplayed [7652b17113d9e0e5bca376410d41627a59f6086f, isElementDisplayed {id=9}]
Apr 25, 2019 6:46:19 PM org.openqa.selenium.remote.RemoteWebDriver log
WARNING: Executed: [7652b17113d9e0e5bca376410d41627a59f6086f, isElementDisplayed {id=9}]
Apr 25, 2019 6:46:19 PM org.openqa.selenium.remote.RemoteWebDriver log
WARNING: Executing: isElementEnabled [7652b17113d9e0e5bca376410d41627a59f6086f, isElementEnabled {id=9}]
Apr 25, 2019 6:46:19 PM org.openqa.selenium.remote.RemoteWebDriver log
WARNING: Executed: [7652b17113d9e0e5bca376410d41627a59f6086f, isElementEnabled {id=9}]
Apr 25, 2019 6:46:19 PM org.openqa.selenium.remote.RemoteWebDriver log
WARNING: Executing: clickElement [7652b17113d9e0e5bca376410d41627a59f6086f, clickElement {id=9}]
Apr 25, 2019 6:46:20 PM org.openqa.selenium.remote.RemoteWebDriver log
WARNING: Executed: [7652b17113d9e0e5bca376410d41627a59f6086f, clickElement {id=9}]
Apr 25, 2019 6:46:20 PM org.openqa.selenium.remote.RemoteWebDriver log
WARNING: Executing: findElement [7652b17113d9e0e5bca376410d41627a59f6086f, findElement {using=css selector, value=img.iconStyle}]
Apr 25, 2019 6:46:20 PM org.openqa.selenium.remote.RemoteWebDriver log
WARNING: Executed: [7652b17113d9e0e5bca376410d41627a59f6086f, findElement {using=css selector, value=img.iconStyle}]
Apr 25, 2019 6:46:20 PM org.openqa.selenium.remote.RemoteWebDriver log
WARNING: Executing: isElementDisplayed [7652b17113d9e0e5bca376410d41627a59f6086f, isElementDisplayed {id=7}]
Apr 25, 2019 6:46:20 PM org.openqa.selenium.remote.RemoteWebDriver log
WARNING: Executed: [7652b17113d9e0e5bca376410d41627a59f6086f, isElementDisplayed {id=7}]
Apr 25, 2019 6:46:20 PM org.openqa.selenium.remote.RemoteWebDriver log
WARNING: Executing: isElementEnabled [7652b17113d9e0e5bca376410d41627a59f6086f, isElementEnabled {id=7}]
Apr 25, 2019 6:46:20 PM org.openqa.selenium.remote.RemoteWebDriver log
WARNING: Executed: [7652b17113d9e0e5bca376410d41627a59f6086f, isElementEnabled {id=7}]
Apr 25, 2019 6:46:20 PM org.openqa.selenium.remote.RemoteWebDriver log
WARNING: Executing: findElements [7652b17113d9e0e5bca376410d41627a59f6086f, findElements {using=class name, value=suiteName}]
Apr 25, 2019 6:46:20 PM org.openqa.selenium.remote.RemoteWebDriver log
WARNING: Executed: [7652b17113d9e0e5bca376410d41627a59f6086f, findElements {using=class name, value=suiteName}]
Apr 25, 2019 6:46:20 PM org.openqa.selenium.remote.RemoteWebDriver log
WARNING: Executing: executeScript [7652b17113d9e0e5bca376410d41627a59f6086f, executeScript {script=return window.innerHeight || document.documentElement.clientHeight || document.body.clientHeight;, args=[]}]
Apr 25, 2019 6:46:21 PM org.openqa.selenium.remote.RemoteWebDriver log
WARNING: Executed: [7652b17113d9e0e5bca376410d41627a59f6086f, executeScript {script=return window.innerHeight || document.documentElement.clientHeight || document.body.clientHeight;, args=[]}]
Apr 25, 2019 6:46:21 PM org.openqa.selenium.remote.RemoteWebDriver log
WARNING: Executing: getElementLocation [7652b17113d9e0e5bca376410d41627a59f6086f, getElementLocation {id=10}]
Apr 25, 2019 6:46:21 PM org.openqa.selenium.remote.RemoteWebDriver log
WARNING: Executed: [7652b17113d9e0e5bca376410d41627a59f6086f, getElementLocation {id=10}]
Apr 25, 2019 6:46:21 PM org.openqa.selenium.remote.RemoteWebDriver log
WARNING: Executing: executeScript [7652b17113d9e0e5bca376410d41627a59f6086f, executeScript {script=window.scrollTo(0, 6), args=[]}]
Apr 25, 2019 6:46:21 PM org.openqa.selenium.remote.RemoteWebDriver log
WARNING: Executed: [7652b17113d9e0e5bca376410d41627a59f6086f, executeScript {script=window.scrollTo(0, 6), args=[]}]
Apr 25, 2019 6:46:21 PM org.openqa.selenium.remote.RemoteWebDriver log
WARNING: Executing: getElementText [7652b17113d9e0e5bca376410d41627a59f6086f, getElementText {id=10}]
Apr 25, 2019 6:46:21 PM org.openqa.selenium.remote.RemoteWebDriver log
WARNING: Executed: [7652b17113d9e0e5bca376410d41627a59f6086f, getElementText {id=10}]
Apr 25, 2019 6:46:21 PM org.openqa.selenium.remote.RemoteWebDriver log
WARNING: Executing: executeScript [7652b17113d9e0e5bca376410d41627a59f6086f, executeScript {script=return window.innerHeight || document.documentElement.clientHeight || document.body.clientHeight;, args=[]}]
Apr 25, 2019 6:46:21 PM org.openqa.selenium.remote.RemoteWebDriver log
WARNING: Executed: [7652b17113d9e0e5bca376410d41627a59f6086f, executeScript {script=return window.innerHeight || document.documentElement.clientHeight || document.body.clientHeight;, args=[]}]
Apr 25, 2019 6:46:21 PM org.openqa.selenium.remote.RemoteWebDriver log
WARNING: Executing: getElementLocation [7652b17113d9e0e5bca376410d41627a59f6086f, getElementLocation {id=11}]
Apr 25, 2019 6:46:22 PM org.openqa.selenium.remote.RemoteWebDriver log
WARNING: Executed: [7652b17113d9e0e5bca376410d41627a59f6086f, getElementLocation {id=11}]
Apr 25, 2019 6:46:22 PM org.openqa.selenium.remote.RemoteWebDriver log
WARNING: Executing: executeScript [7652b17113d9e0e5bca376410d41627a59f6086f, executeScript {script=window.scrollTo(0, 766), args=[]}]
Apr 25, 2019 6:46:22 PM org.openqa.selenium.remote.RemoteWebDriver log
WARNING: Executed: [7652b17113d9e0e5bca376410d41627a59f6086f, executeScript {script=window.scrollTo(0, 766), args=[]}]
Apr 25, 2019 6:46:22 PM org.openqa.selenium.remote.RemoteWebDriver log
WARNING: Executing: getElementText [7652b17113d9e0e5bca376410d41627a59f6086f, getElementText {id=11}]
Apr 25, 2019 6:46:22 PM org.openqa.selenium.remote.RemoteWebDriver log
WARNING: Executed: [7652b17113d9e0e5bca376410d41627a59f6086f, getElementText {id=11}]
Apr 25, 2019 6:46:22 PM org.openqa.selenium.remote.RemoteWebDriver log
WARNING: Executing: executeScript [7652b17113d9e0e5bca376410d41627a59f6086f, executeScript {script=return window.innerHeight || document.documentElement.clientHeight || document.body.clientHeight;, args=[]}]
Apr 25, 2019 6:46:22 PM org.openqa.selenium.remote.RemoteWebDriver log
WARNING: Executed: [7652b17113d9e0e5bca376410d41627a59f6086f, executeScript {script=return window.innerHeight || document.documentElement.clientHeight || document.body.clientHeight;, args=[]}]
Apr 25, 2019 6:46:22 PM org.openqa.selenium.remote.RemoteWebDriver log
WARNING: Executing: getElementLocation [7652b17113d9e0e5bca376410d41627a59f6086f, getElementLocation {id=12}]
Apr 25, 2019 6:46:22 PM org.openqa.selenium.remote.RemoteWebDriver log
WARNING: Executed: [7652b17113d9e0e5bca376410d41627a59f6086f, getElementLocation {id=12}]
Apr 25, 2019 6:46:22 PM org.openqa.selenium.remote.RemoteWebDriver log
WARNING: Executing: executeScript [7652b17113d9e0e5bca376410d41627a59f6086f, executeScript {script=window.scrollTo(0, 15), args=[]}]
Apr 25, 2019 6:46:23 PM org.openqa.selenium.remote.RemoteWebDriver log
WARNING: Executed: [7652b17113d9e0e5bca376410d41627a59f6086f, executeScript {script=window.scrollTo(0, 15), args=[]}]
Apr 25, 2019 6:46:23 PM org.openqa.selenium.remote.RemoteWebDriver log
WARNING: Executing: getElementText [7652b17113d9e0e5bca376410d41627a59f6086f, getElementText {id=12}]
Apr 25, 2019 6:46:23 PM org.openqa.selenium.remote.RemoteWebDriver log
WARNING: Executed: [7652b17113d9e0e5bca376410d41627a59f6086f, getElementText {id=12}]
]]></system-err>
  </testcase>
</testsuite>