<?xml version="1.0" encoding="UTF-8"?>
<!--
  ~ Copyright (c) 2019, Clarolab. All rights reserved.
  -->

<testsuite xmlns:xsi="http://www.w3.org/2001/XMLSchema-instance" xsi:noNamespaceSchemaLocation="https://maven.apache.org/surefire/maven-surefire-plugin/xsd/surefire-test-report-3.0.xsd" version="3.0" name="com.clarolab.runner.suite.AllTestSuite" time="133.329" tests="97" errors="1" skipped="5" failures="0">
  <properties>
    <property name="sun.desktop" value="gnome"/>
    <property name="awt.toolkit" value="sun.awt.X11.XToolkit"/>
    <property name="file.encoding.pkg" value="sun.io"/>
    <property name="java.specification.version" value="1.8"/>
    <property name="sun.cpu.isalist" value=""/>
    <property name="sun.jnu.encoding" value="UTF-8"/>
    <property name="java.class.path" value="/home/rodrigo/Desarrollo/maven_repo/org/apache/maven/surefire/surefire-booter/3.0.0-M3/surefire-booter-3.0.0-M3.jar:/home/rodrigo/Desarrollo/maven_repo/org/apache/maven/surefire/surefire-api/3.0.0-M3/surefire-api-3.0.0-M3.jar:/home/rodrigo/Desarrollo/maven_repo/org/apache/maven/surefire/surefire-logger-api/3.0.0-M3/surefire-logger-api-3.0.0-M3.jar:/home/rodrigo/Desarrollo/Stash_Projects/Clarolab/qa-reports/target/test-classes:/home/rodrigo/Desarrollo/Stash_Projects/Clarolab/qa-reports/target/classes:/home/rodrigo/Desarrollo/maven_repo/org/slf4j/slf4j-api/1.7.21/slf4j-api-1.7.21.jar:/home/rodrigo/Desarrollo/maven_repo/javax/xml/bind/jaxb-api/2.3.0/jaxb-api-2.3.0.jar:/home/rodrigo/Desarrollo/maven_repo/com/google/code/gson/gson/2.8.5/gson-2.8.5.jar:/home/rodrigo/Desarrollo/maven_repo/org/modelmapper/modelmapper/0.7.4/modelmapper-0.7.4.jar:/home/rodrigo/Desarrollo/maven_repo/org/springframework/boot/spring-boot-starter-data-jpa/2.1.2.RELEASE/spring-boot-starter-data-jpa-2.1.2.RELEASE.jar:/home/rodrigo/Desarrollo/maven_repo/org/springframework/boot/spring-boot-starter-aop/2.1.2.RELEASE/spring-boot-starter-aop-2.1.2.RELEASE.jar:/home/rodrigo/Desarrollo/maven_repo/org/springframework/spring-aop/5.1.4.RELEASE/spring-aop-5.1.4.RELEASE.jar:/home/rodrigo/Desarrollo/maven_repo/org/aspectj/aspectjweaver/1.9.2/aspectjweaver-1.9.2.jar:/home/rodrigo/Desarrollo/maven_repo/javax/transaction/javax.transaction-api/1.3/javax.transaction-api-1.3.jar:/home/rodrigo/Desarrollo/maven_repo/org/hibernate/hibernate-core/5.3.7.Final/hibernate-core-5.3.7.Final.jar:/home/rodrigo/Desarrollo/maven_repo/org/jboss/logging/jboss-logging/3.3.2.Final/jboss-logging-3.3.2.Final.jar:/home/rodrigo/Desarrollo/maven_repo/javax/persistence/javax.persistence-api/2.2/javax.persistence-api-2.2.jar:/home/rodrigo/Desarrollo/maven_repo/org/javassist/javassist/3.23.1-GA/javassist-3.23.1-GA.jar:/home/rodrigo/Desarrollo/maven_repo/net/bytebuddy/byte-buddy/1.9.7/byte-buddy-1.9.7.jar:/home/rodrigo/Desarrollo/maven_repo/antlr/antlr/2.7.7/antlr-2.7.7.jar:/home/rodrigo/Desarrollo/maven_repo/org/jboss/jandex/2.0.5.Final/jandex-2.0.5.Final.jar:/home/rodrigo/Desarrollo/maven_repo/javax/activation/javax.activation-api/1.2.0/javax.activation-api-1.2.0.jar:/home/rodrigo/Desarrollo/maven_repo/org/dom4j/dom4j/2.1.1/dom4j-2.1.1.jar:/home/rodrigo/Desarrollo/maven_repo/org/hibernate/common/hibernate-commons-annotations/5.0.4.Final/hibernate-commons-annotations-5.0.4.Final.jar:/home/rodrigo/Desarrollo/maven_repo/org/springframework/data/spring-data-jpa/2.1.4.RELEASE/spring-data-jpa-2.1.4.RELEASE.jar:/home/rodrigo/Desarrollo/maven_repo/org/springframework/data/spring-data-commons/2.1.4.RELEASE/spring-data-commons-2.1.4.RELEASE.jar:/home/rodrigo/Desarrollo/maven_repo/org/springframework/spring-orm/5.1.4.RELEASE/spring-orm-5.1.4.RELEASE.jar:/home/rodrigo/Desarrollo/maven_repo/org/springframework/spring-context/5.1.4.RELEASE/spring-context-5.1.4.RELEASE.jar:/home/rodrigo/Desarrollo/maven_repo/org/springframework/spring-aspects/5.1.4.RELEASE/spring-aspects-5.1.4.RELEASE.jar:/home/rodrigo/Desarrollo/maven_repo/org/springframework/boot/spring-boot-starter-data-rest/2.1.2.RELEASE/spring-boot-starter-data-rest-2.1.2.RELEASE.jar:/home/rodrigo/Desarrollo/maven_repo/org/springframework/boot/spring-boot-starter-web/2.1.2.RELEASE/spring-boot-starter-web-2.1.2.RELEASE.jar:/home/rodrigo/Desarrollo/maven_repo/org/springframework/boot/spring-boot-starter-json/2.1.2.RELEASE/spring-boot-starter-json-2.1.2.RELEASE.jar:/home/rodrigo/Desarrollo/maven_repo/com/fasterxml/jackson/datatype/jackson-datatype-jdk8/2.9.8/jackson-datatype-jdk8-2.9.8.jar:/home/rodrigo/Desarrollo/maven_repo/com/fasterxml/jackson/datatype/jackson-datatype-jsr310/2.9.8/jackson-datatype-jsr310-2.9.8.jar:/home/rodrigo/Desarrollo/maven_repo/com/fasterxml/jackson/module/jackson-module-parameter-names/2.9.8/jackson-module-parameter-names-2.9.8.jar:/home/rodrigo/Desarrollo/maven_repo/org/springframework/boot/spring-boot-starter-tomcat/2.1.2.RELEASE/spring-boot-starter-tomcat-2.1.2.RELEASE.jar:/home/rodrigo/Desarrollo/maven_repo/org/apache/tomcat/embed/tomcat-embed-core/9.0.14/tomcat-embed-core-9.0.14.jar:/home/rodrigo/Desarrollo/maven_repo/org/apache/tomcat/embed/tomcat-embed-el/9.0.14/tomcat-embed-el-9.0.14.jar:/home/rodrigo/Desarrollo/maven_repo/org/apache/tomcat/embed/tomcat-embed-websocket/9.0.14/tomcat-embed-websocket-9.0.14.jar:/home/rodrigo/Desarrollo/maven_repo/org/hibernate/validator/hibernate-validator/6.0.14.Final/hibernate-validator-6.0.14.Final.jar:/home/rodrigo/Desarrollo/maven_repo/javax/validation/validation-api/2.0.1.Final/validation-api-2.0.1.Final.jar:/home/rodrigo/Desarrollo/maven_repo/org/springframework/spring-web/5.1.4.RELEASE/spring-web-5.1.4.RELEASE.jar:/home/rodrigo/Desarrollo/maven_repo/org/springframework/data/spring-data-rest-webmvc/3.1.4.RELEASE/spring-data-rest-webmvc-3.1.4.RELEASE.jar:/home/rodrigo/Desarrollo/maven_repo/org/springframework/data/spring-data-rest-core/3.1.4.RELEASE/spring-data-rest-core-3.1.4.RELEASE.jar:/home/rodrigo/Desarrollo/maven_repo/org/atteo/evo-inflector/1.2.2/evo-inflector-1.2.2.jar:/home/rodrigo/Desarrollo/maven_repo/org/springframework/boot/spring-boot-starter-test/2.1.2.RELEASE/spring-boot-starter-test-2.1.2.RELEASE.jar:/home/rodrigo/Desarrollo/maven_repo/org/springframework/boot/spring-boot-starter/2.1.2.RELEASE/spring-boot-starter-2.1.2.RELEASE.jar:/home/rodrigo/Desarrollo/maven_repo/org/springframework/boot/spring-boot/2.1.2.RELEASE/spring-boot-2.1.2.RELEASE.jar:/home/rodrigo/Desarrollo/maven_repo/org/springframework/boot/spring-boot-autoconfigure/2.1.2.RELEASE/spring-boot-autoconfigure-2.1.2.RELEASE.jar:/home/rodrigo/Desarrollo/maven_repo/org/springframework/boot/spring-boot-starter-logging/2.1.2.RELEASE/spring-boot-starter-logging-2.1.2.RELEASE.jar:/home/rodrigo/Desarrollo/maven_repo/ch/qos/logback/logback-classic/1.2.3/logback-classic-1.2.3.jar:/home/rodrigo/Desarrollo/maven_repo/ch/qos/logback/logback-core/1.2.3/logback-core-1.2.3.jar:/home/rodrigo/Desarrollo/maven_repo/org/apache/logging/log4j/log4j-to-slf4j/2.11.1/log4j-to-slf4j-2.11.1.jar:/home/rodrigo/Desarrollo/maven_repo/org/apache/logging/log4j/log4j-api/2.11.1/log4j-api-2.11.1.jar:/home/rodrigo/Desarrollo/maven_repo/org/slf4j/jul-to-slf4j/1.7.25/jul-to-slf4j-1.7.25.jar:/home/rodrigo/Desarrollo/maven_repo/javax/annotation/javax.annotation-api/1.3.2/javax.annotation-api-1.3.2.jar:/home/rodrigo/Desarrollo/maven_repo/org/yaml/snakeyaml/1.23/snakeyaml-1.23.jar:/home/rodrigo/Desarrollo/maven_repo/org/springframework/boot/spring-boot-test/2.1.2.RELEASE/spring-boot-test-2.1.2.RELEASE.jar:/home/rodrigo/Desarrollo/maven_repo/org/springframework/boot/spring-boot-test-autoconfigure/2.1.2.RELEASE/spring-boot-test-autoconfigure-2.1.2.RELEASE.jar:/home/rodrigo/Desarrollo/maven_repo/com/jayway/jsonpath/json-path/2.4.0/json-path-2.4.0.jar:/home/rodrigo/Desarrollo/maven_repo/net/minidev/json-smart/2.3/json-smart-2.3.jar:/home/rodrigo/Desarrollo/maven_repo/net/minidev/accessors-smart/1.2/accessors-smart-1.2.jar:/home/rodrigo/Desarrollo/maven_repo/org/ow2/asm/asm/5.0.4/asm-5.0.4.jar:/home/rodrigo/Desarrollo/maven_repo/junit/junit/4.12/junit-4.12.jar:/home/rodrigo/Desarrollo/maven_repo/org/assertj/assertj-core/3.11.1/assertj-core-3.11.1.jar:/home/rodrigo/Desarrollo/maven_repo/org/mockito/mockito-core/2.23.4/mockito-core-2.23.4.jar:/home/rodrigo/Desarrollo/maven_repo/net/bytebuddy/byte-buddy-agent/1.9.7/byte-buddy-agent-1.9.7.jar:/home/rodrigo/Desarrollo/maven_repo/org/objenesis/objenesis/2.6/objenesis-2.6.jar:/home/rodrigo/Desarrollo/maven_repo/org/hamcrest/hamcrest-core/1.3/hamcrest-core-1.3.jar:/home/rodrigo/Desarrollo/maven_repo/org/skyscreamer/jsonassert/1.5.0/jsonassert-1.5.0.jar:/home/rodrigo/Desarrollo/maven_repo/org/springframework/spring-core/5.1.4.RELEASE/spring-core-5.1.4.RELEASE.jar:/home/rodrigo/Desarrollo/maven_repo/org/springframework/spring-jcl/5.1.4.RELEASE/spring-jcl-5.1.4.RELEASE.jar:/home/rodrigo/Desarrollo/maven_repo/org/springframework/spring-test/5.1.4.RELEASE/spring-test-5.1.4.RELEASE.jar:/home/rodrigo/Desarrollo/maven_repo/org/xmlunit/xmlunit-core/2.6.2/xmlunit-core-2.6.2.jar:/home/rodrigo/Desarrollo/maven_repo/org/springframework/restdocs/spring-restdocs-mockmvc/2.0.3.RELEASE/spring-restdocs-mockmvc-2.0.3.RELEASE.jar:/home/rodrigo/Desarrollo/maven_repo/javax/servlet/javax.servlet-api/4.0.1/javax.servlet-api-4.0.1.jar:/home/rodrigo/Desarrollo/maven_repo/org/springframework/restdocs/spring-restdocs-core/2.0.3.RELEASE/spring-restdocs-core-2.0.3.RELEASE.jar:/home/rodrigo/Desarrollo/maven_repo/org/springframework/spring-webmvc/5.1.4.RELEASE/spring-webmvc-5.1.4.RELEASE.jar:/home/rodrigo/Desarrollo/maven_repo/org/springframework/spring-expression/5.1.4.RELEASE/spring-expression-5.1.4.RELEASE.jar:/home/rodrigo/Desarrollo/maven_repo/org/springframework/boot/spring-boot-starter-jdbc/2.1.2.RELEASE/spring-boot-starter-jdbc-2.1.2.RELEASE.jar:/home/rodrigo/Desarrollo/maven_repo/com/zaxxer/HikariCP/3.2.0/HikariCP-3.2.0.jar:/home/rodrigo/Desarrollo/maven_repo/org/springframework/spring-jdbc/5.1.4.RELEASE/spring-jdbc-5.1.4.RELEASE.jar:/home/rodrigo/Desarrollo/maven_repo/org/springframework/spring-beans/5.1.4.RELEASE/spring-beans-5.1.4.RELEASE.jar:/home/rodrigo/Desarrollo/maven_repo/org/springframework/spring-tx/5.1.4.RELEASE/spring-tx-5.1.4.RELEASE.jar:/home/rodrigo/Desarrollo/maven_repo/org/springframework/boot/spring-boot-starter-thymeleaf/2.1.2.RELEASE/spring-boot-starter-thymeleaf-2.1.2.RELEASE.jar:/home/rodrigo/Desarrollo/maven_repo/org/thymeleaf/thymeleaf-spring5/3.0.11.RELEASE/thymeleaf-spring5-3.0.11.RELEASE.jar:/home/rodrigo/Desarrollo/maven_repo/org/thymeleaf/thymeleaf/3.0.11.RELEASE/thymeleaf-3.0.11.RELEASE.jar:/home/rodrigo/Desarrollo/maven_repo/org/attoparser/attoparser/2.0.5.RELEASE/attoparser-2.0.5.RELEASE.jar:/home/rodrigo/Desarrollo/maven_repo/org/unbescape/unbescape/1.1.6.RELEASE/unbescape-1.1.6.RELEASE.jar:/home/rodrigo/Desarrollo/maven_repo/org/thymeleaf/extras/thymeleaf-extras-java8time/3.0.2.RELEASE/thymeleaf-extras-java8time-3.0.2.RELEASE.jar:/home/rodrigo/Desarrollo/maven_repo/org/springframework/boot/spring-boot-starter-hateoas/2.1.2.RELEASE/spring-boot-starter-hateoas-2.1.2.RELEASE.jar:/home/rodrigo/Desarrollo/maven_repo/org/springframework/hateoas/spring-hateoas/0.25.0.RELEASE/spring-hateoas-0.25.0.RELEASE.jar:/home/rodrigo/Desarrollo/maven_repo/org/springframework/plugin/spring-plugin-core/1.2.0.RELEASE/spring-plugin-core-1.2.0.RELEASE.jar:/home/rodrigo/Desarrollo/maven_repo/io/springfox/springfox-swagger2/2.6.1/springfox-swagger2-2.6.1.jar:/home/rodrigo/Desarrollo/maven_repo/io/swagger/swagger-annotations/1.5.10/swagger-annotations-1.5.10.jar:/home/rodrigo/Desarrollo/maven_repo/io/swagger/swagger-models/1.5.10/swagger-models-1.5.10.jar:/home/rodrigo/Desarrollo/maven_repo/io/springfox/springfox-spi/2.6.1/springfox-spi-2.6.1.jar:/home/rodrigo/Desarrollo/maven_repo/io/springfox/springfox-core/2.6.1/springfox-core-2.6.1.jar:/home/rodrigo/Desarrollo/maven_repo/io/springfox/springfox-schema/2.6.1/springfox-schema-2.6.1.jar:/home/rodrigo/Desarrollo/maven_repo/io/springfox/springfox-swagger-common/2.6.1/springfox-swagger-common-2.6.1.jar:/home/rodrigo/Desarrollo/maven_repo/io/springfox/springfox-spring-web/2.6.1/springfox-spring-web-2.6.1.jar:/home/rodrigo/Desarrollo/maven_repo/com/google/guava/guava/18.0/guava-18.0.jar:/home/rodrigo/Desarrollo/maven_repo/com/fasterxml/classmate/1.4.0/classmate-1.4.0.jar:/home/rodrigo/Desarrollo/maven_repo/org/springframework/plugin/spring-plugin-metadata/1.2.0.RELEASE/spring-plugin-metadata-1.2.0.RELEASE.jar:/home/rodrigo/Desarrollo/maven_repo/io/springfox/springfox-swagger-ui/2.6.1/springfox-swagger-ui-2.6.1.jar:/home/rodrigo/Desarrollo/maven_repo/io/springfox/springfox-bean-validators/2.6.1/springfox-bean-validators-2.6.1.jar:/home/rodrigo/Desarrollo/maven_repo/org/projectlombok/lombok/1.18.4/lombok-1.18.4.jar:/home/rodrigo/Desarrollo/maven_repo/com/h2database/h2/1.4.197/h2-1.4.197.jar:/home/rodrigo/Desarrollo/maven_repo/org/postgresql/postgresql/42.2.5/postgresql-42.2.5.jar:/home/rodrigo/Desarrollo/maven_repo/com/fasterxml/jackson/core/jackson-databind/2.9.4/jackson-databind-2.9.4.jar:/home/rodrigo/Desarrollo/maven_repo/com/fasterxml/jackson/core/jackson-annotations/2.9.0/jackson-annotations-2.9.0.jar:/home/rodrigo/Desarrollo/maven_repo/com/fasterxml/jackson/core/jackson-core/2.9.8/jackson-core-2.9.8.jar:/home/rodrigo/Desarrollo/maven_repo/org/mindrot/jbcrypt/0.3m/jbcrypt-0.3m.jar:/home/rodrigo/Desarrollo/maven_repo/com/offbytwo/jenkins/jenkins-client/0.3.8/jenkins-client-0.3.8.jar:/home/rodrigo/Desarrollo/maven_repo/dom4j/dom4j/1.6.1/dom4j-1.6.1.jar:/home/rodrigo/Desarrollo/maven_repo/net/sf/json-lib/json-lib/2.4/json-lib-2.4-jdk15.jar:/home/rodrigo/Desarrollo/maven_repo/commons-beanutils/commons-beanutils/1.8.0/commons-beanutils-1.8.0.jar:/home/rodrigo/Desarrollo/maven_repo/commons-collections/commons-collections/3.2.1/commons-collections-3.2.1.jar:/home/rodrigo/Desarrollo/maven_repo/commons-logging/commons-logging/1.1.1/commons-logging-1.1.1.jar:/home/rodrigo/Desarrollo/maven_repo/net/sf/ezmorph/ezmorph/1.0.6/ezmorph-1.0.6.jar:/home/rodrigo/Desarrollo/maven_repo/commons-lang/commons-lang/2.6/commons-lang-2.6.jar:/home/rodrigo/Desarrollo/maven_repo/commons-io/commons-io/2.4/commons-io-2.4.jar:/home/rodrigo/Desarrollo/maven_repo/org/apache/httpcomponents/httpcore/4.4.10/httpcore-4.4.10.jar:/home/rodrigo/Desarrollo/maven_repo/org/apache/httpcomponents/httpmime/4.5.6/httpmime-4.5.6.jar:/home/rodrigo/Desarrollo/maven_repo/jaxen/jaxen/1.1.6/jaxen-1.1.6.jar:/home/rodrigo/Desarrollo/maven_repo/xml-apis/xml-apis/1.4.01/xml-apis-1.4.01.jar:/home/rodrigo/Desarrollo/maven_repo/org/jsoup/jsoup/1.11.3/jsoup-1.11.3.jar:/home/rodrigo/Desarrollo/maven_repo/io/rest-assured/json-schema-validator/3.0.7/json-schema-validator-3.0.7.jar:/home/rodrigo/Desarrollo/maven_repo/com/github/fge/json-schema-validator/2.2.6/json-schema-validator-2.2.6.jar:/home/rodrigo/Desarrollo/maven_repo/com/google/code/findbugs/jsr305/3.0.0/jsr305-3.0.0.jar:/home/rodrigo/Desarrollo/maven_repo/joda-time/joda-time/2.10.1/joda-time-2.10.1.jar:/home/rodrigo/Desarrollo/maven_repo/com/googlecode/libphonenumber/libphonenumber/6.2/libphonenumber-6.2.jar:/home/rodrigo/Desarrollo/maven_repo/com/github/fge/json-schema-core/1.2.5/json-schema-core-1.2.5.jar:/home/rodrigo/Desarrollo/maven_repo/com/github/fge/uri-template/0.9/uri-template-0.9.jar:/home/rodrigo/Desarrollo/maven_repo/com/github/fge/msg-simple/1.1/msg-simple-1.1.jar:/home/rodrigo/Desarrollo/maven_repo/com/github/fge/btf/1.2/btf-1.2.jar:/home/rodrigo/Desarrollo/maven_repo/com/github/fge/jackson-coreutils/1.8/jackson-coreutils-1.8.jar:/home/rodrigo/Desarrollo/maven_repo/org/mozilla/rhino/1.7R4/rhino-1.7R4.jar:/home/rodrigo/Desarrollo/maven_repo/javax/mail/mailapi/1.4.3/mailapi-1.4.3.jar:/home/rodrigo/Desarrollo/maven_repo/javax/activation/activation/1.1/activation-1.1.jar:/home/rodrigo/Desarrollo/maven_repo/net/sf/jopt-simple/jopt-simple/4.6/jopt-simple-4.6.jar:/home/rodrigo/Desarrollo/maven_repo/io/rest-assured/rest-assured/3.1.1/rest-assured-3.1.1.jar:/home/rodrigo/Desarrollo/maven_repo/org/codehaus/groovy/groovy/2.5.5/groovy-2.5.5.jar:/home/rodrigo/Desarrollo/maven_repo/org/codehaus/groovy/groovy-xml/2.5.5/groovy-xml-2.5.5.jar:/home/rodrigo/Desarrollo/maven_repo/org/ccil/cowan/tagsoup/tagsoup/1.2.1/tagsoup-1.2.1.jar:/home/rodrigo/Desarrollo/maven_repo/io/rest-assured/json-path/3.1.1/json-path-3.1.1.jar:/home/rodrigo/Desarrollo/maven_repo/org/codehaus/groovy/groovy-json/2.5.5/groovy-json-2.5.5.jar:/home/rodrigo/Desarrollo/maven_repo/io/rest-assured/rest-assured-common/3.1.1/rest-assured-common-3.1.1.jar:/home/rodrigo/Desarrollo/maven_repo/io/rest-assured/xml-path/3.1.1/xml-path-3.1.1.jar:/home/rodrigo/Desarrollo/maven_repo/org/hamcrest/hamcrest-library/1.3/hamcrest-library-1.3.jar:/home/rodrigo/Desarrollo/maven_repo/org/json/json/20180813/json-20180813.jar:/home/rodrigo/Desarrollo/maven_repo/org/apache/httpcomponents/httpclient/4.5.6/httpclient-4.5.6.jar:/home/rodrigo/Desarrollo/maven_repo/commons-codec/commons-codec/1.11/commons-codec-1.11.jar:/home/rodrigo/Desarrollo/maven_repo/org/apache/commons/commons-lang3/3.3.2/commons-lang3-3.3.2.jar:/home/rodrigo/Desarrollo/maven_repo/org/apache/poi/poi/3.15/poi-3.15.jar:/home/rodrigo/Desarrollo/maven_repo/org/apache/commons/commons-collections4/4.1/commons-collections4-4.1.jar:/home/rodrigo/Desarrollo/maven_repo/org/apache/poi/poi-ooxml/3.15/poi-ooxml-3.15.jar:/home/rodrigo/Desarrollo/maven_repo/org/apache/poi/poi-ooxml-schemas/3.15/poi-ooxml-schemas-3.15.jar:/home/rodrigo/Desarrollo/maven_repo/org/apache/xmlbeans/xmlbeans/2.6.0/xmlbeans-2.6.0.jar:/home/rodrigo/Desarrollo/maven_repo/stax/stax-api/1.0.1/stax-api-1.0.1.jar:/home/rodrigo/Desarrollo/maven_repo/com/github/virtuald/curvesapi/1.04/curvesapi-1.04.jar:/home/rodrigo/Desarrollo/maven_repo/net/sf/supercsv/super-csv/2.4.0/super-csv-2.4.0.jar:/home/rodrigo/Desarrollo/maven_repo/com/itextpdf/itextpdf/5.5.10/itextpdf-5.5.10.jar:/home/rodrigo/Desarrollo/maven_repo/com/spotify/dockerfile-maven-plugin/1.4.0/dockerfile-maven-plugin-1.4.0.jar:/home/rodrigo/Desarrollo/maven_repo/com/spotify/docker-client/8.11.1/docker-client-8.11.1-shaded.jar:/home/rodrigo/Desarrollo/maven_repo/com/fasterxml/jackson/jaxrs/jackson-jaxrs-json-provider/2.9.8/jackson-jaxrs-json-provider-2.9.8.jar:/home/rodrigo/Desarrollo/maven_repo/com/fasterxml/jackson/jaxrs/jackson-jaxrs-base/2.9.8/jackson-jaxrs-base-2.9.8.jar:/home/rodrigo/Desarrollo/maven_repo/com/fasterxml/jackson/module/jackson-module-jaxb-annotations/2.9.8/jackson-module-jaxb-annotations-2.9.8.jar:/home/rodrigo/Desarrollo/maven_repo/com/fasterxml/jackson/datatype/jackson-datatype-guava/2.9.8/jackson-datatype-guava-2.9.8.jar:/home/rodrigo/Desarrollo/maven_repo/org/glassfish/jersey/core/jersey-client/2.27/jersey-client-2.27.jar:/home/rodrigo/Desarrollo/maven_repo/javax/ws/rs/javax.ws.rs-api/2.1/javax.ws.rs-api-2.1.jar:/home/rodrigo/Desarrollo/maven_repo/org/glassfish/jersey/core/jersey-common/2.27/jersey-common-2.27.jar:/home/rodrigo/Desarrollo/maven_repo/org/glassfish/hk2/osgi-resource-locator/1.0.1/osgi-resource-locator-1.0.1.jar:/home/rodrigo/Desarrollo/maven_repo/org/glassfish/hk2/external/javax.inject/2.5.0-b42/javax.inject-2.5.0-b42.jar:/home/rodrigo/Desarrollo/maven_repo/org/glassfish/jersey/connectors/jersey-apache-connector/2.27/jersey-apache-connector-2.27.jar:/home/rodrigo/Desarrollo/maven_repo/org/glassfish/jersey/media/jersey-media-json-jackson/2.27/jersey-media-json-jackson-2.27.jar:/home/rodrigo/Desarrollo/maven_repo/org/glassfish/jersey/ext/jersey-entity-filtering/2.27/jersey-entity-filtering-2.27.jar:/home/rodrigo/Desarrollo/maven_repo/org/apache/commons/commons-compress/1.9/commons-compress-1.9.jar:/home/rodrigo/Desarrollo/maven_repo/com/github/jnr/jnr-unixsocket/0.18/jnr-unixsocket-0.18.jar:/home/rodrigo/Desarrollo/maven_repo/com/github/jnr/jnr-ffi/2.1.4/jnr-ffi-2.1.4.jar:/home/rodrigo/Desarrollo/maven_repo/com/github/jnr/jffi/1.2.15/jffi-1.2.15.jar:/home/rodrigo/Desarrollo/maven_repo/com/github/jnr/jffi/1.2.15/jffi-1.2.15-native.jar:/home/rodrigo/Desarrollo/maven_repo/org/ow2/asm/asm-commons/5.0.3/asm-commons-5.0.3.jar:/home/rodrigo/Desarrollo/maven_repo/org/ow2/asm/asm-analysis/5.0.3/asm-analysis-5.0.3.jar:/home/rodrigo/Desarrollo/maven_repo/org/ow2/asm/asm-tree/5.0.3/asm-tree-5.0.3.jar:/home/rodrigo/Desarrollo/maven_repo/org/ow2/asm/asm-util/5.0.3/asm-util-5.0.3.jar:/home/rodrigo/Desarrollo/maven_repo/com/github/jnr/jnr-x86asm/1.0.2/jnr-x86asm-1.0.2.jar:/home/rodrigo/Desarrollo/maven_repo/com/github/jnr/jnr-constants/0.9.8/jnr-constants-0.9.8.jar:/home/rodrigo/Desarrollo/maven_repo/com/github/jnr/jnr-enxio/0.16/jnr-enxio-0.16.jar:/home/rodrigo/Desarrollo/maven_repo/com/github/jnr/jnr-posix/3.0.35/jnr-posix-3.0.35.jar:/home/rodrigo/Desarrollo/maven_repo/org/bouncycastle/bcpkix-jdk15on/1.59/bcpkix-jdk15on-1.59.jar:/home/rodrigo/Desarrollo/maven_repo/org/bouncycastle/bcprov-jdk15on/1.59/bcprov-jdk15on-1.59.jar:/home/rodrigo/Desarrollo/maven_repo/com/google/auth/google-auth-library-oauth2-http/0.6.0/google-auth-library-oauth2-http-0.6.0.jar:/home/rodrigo/Desarrollo/maven_repo/com/google/auth/google-auth-library-credentials/0.6.0/google-auth-library-credentials-0.6.0.jar:/home/rodrigo/Desarrollo/maven_repo/com/google/http-client/google-http-client/1.19.0/google-http-client-1.19.0.jar:/home/rodrigo/Desarrollo/maven_repo/com/google/http-client/google-http-client-jackson2/1.19.0/google-http-client-jackson2-1.19.0.jar:/home/rodrigo/Desarrollo/maven_repo/com/spotify/dockerfile-maven-extension/1.4.0/dockerfile-maven-extension-1.4.0.jar:/home/rodrigo/Desarrollo/maven_repo/org/apache/maven/maven-plugin-api/3.3.9/maven-plugin-api-3.3.9.jar:/home/rodrigo/Desarrollo/maven_repo/org/apache/maven/maven-model/3.3.9/maven-model-3.3.9.jar:/home/rodrigo/Desarrollo/maven_repo/org/apache/maven/maven-artifact/3.3.9/maven-artifact-3.3.9.jar:/home/rodrigo/Desarrollo/maven_repo/org/eclipse/sisu/org.eclipse.sisu.plexus/0.3.2/org.eclipse.sisu.plexus-0.3.2.jar:/home/rodrigo/Desarrollo/maven_repo/javax/enterprise/cdi-api/1.0/cdi-api-1.0.jar:/home/rodrigo/Desarrollo/maven_repo/javax/annotation/jsr250-api/1.0/jsr250-api-1.0.jar:/home/rodrigo/Desarrollo/maven_repo/org/eclipse/sisu/org.eclipse.sisu.inject/0.3.2/org.eclipse.sisu.inject-0.3.2.jar:/home/rodrigo/Desarrollo/maven_repo/org/apache/maven/maven-core/3.3.9/maven-core-3.3.9.jar:/home/rodrigo/Desarrollo/maven_repo/org/apache/maven/maven-settings/3.3.9/maven-settings-3.3.9.jar:/home/rodrigo/Desarrollo/maven_repo/org/apache/maven/maven-settings-builder/3.3.9/maven-settings-builder-3.3.9.jar:/home/rodrigo/Desarrollo/maven_repo/org/apache/maven/maven-builder-support/3.3.9/maven-builder-support-3.3.9.jar:/home/rodrigo/Desarrollo/maven_repo/org/apache/maven/maven-repository-metadata/3.3.9/maven-repository-metadata-3.3.9.jar:/home/rodrigo/Desarrollo/maven_repo/org/apache/maven/maven-model-builder/3.3.9/maven-model-builder-3.3.9.jar:/home/rodrigo/Desarrollo/maven_repo/org/apache/maven/maven-aether-provider/3.3.9/maven-aether-provider-3.3.9.jar:/home/rodrigo/Desarrollo/maven_repo/org/eclipse/aether/aether-spi/1.0.2.v20150114/aether-spi-1.0.2.v20150114.jar:/home/rodrigo/Desarrollo/maven_repo/org/eclipse/aether/aether-impl/1.0.2.v20150114/aether-impl-1.0.2.v20150114.jar:/home/rodrigo/Desarrollo/maven_repo/org/eclipse/aether/aether-api/1.0.2.v20150114/aether-api-1.0.2.v20150114.jar:/home/rodrigo/Desarrollo/maven_repo/org/eclipse/aether/aether-util/1.0.2.v20150114/aether-util-1.0.2.v20150114.jar:/home/rodrigo/Desarrollo/maven_repo/com/google/inject/guice/4.0/guice-4.0-no_aop.jar:/home/rodrigo/Desarrollo/maven_repo/javax/inject/javax.inject/1/javax.inject-1.jar:/home/rodrigo/Desarrollo/maven_repo/aopalliance/aopalliance/1.0/aopalliance-1.0.jar:/home/rodrigo/Desarrollo/maven_repo/org/codehaus/plexus/plexus-interpolation/1.21/plexus-interpolation-1.21.jar:/home/rodrigo/Desarrollo/maven_repo/org/codehaus/plexus/plexus-utils/3.0.22/plexus-utils-3.0.22.jar:/home/rodrigo/Desarrollo/maven_repo/org/codehaus/plexus/plexus-classworlds/2.5.2/plexus-classworlds-2.5.2.jar:/home/rodrigo/Desarrollo/maven_repo/org/codehaus/plexus/plexus-component-annotations/1.6/plexus-component-annotations-1.6.jar:/home/rodrigo/Desarrollo/maven_repo/org/sonatype/plexus/plexus-sec-dispatcher/1.3/plexus-sec-dispatcher-1.3.jar:/home/rodrigo/Desarrollo/maven_repo/org/sonatype/plexus/plexus-cipher/1.4/plexus-cipher-1.4.jar:/home/rodrigo/Desarrollo/maven_repo/org/apache/maven/maven-archiver/3.0.0/maven-archiver-3.0.0.jar:/home/rodrigo/Desarrollo/maven_repo/org/apache/maven/shared/maven-shared-utils/3.0.0/maven-shared-utils-3.0.0.jar:/home/rodrigo/Desarrollo/maven_repo/org/codehaus/plexus/plexus-archiver/2.9.1/plexus-archiver-2.9.1.jar:/home/rodrigo/Desarrollo/maven_repo/org/codehaus/plexus/plexus-io/2.4.1/plexus-io-2.4.1.jar:/home/rodrigo/Desarrollo/maven_repo/org/apache/maven/surefire/surefire-junit4/3.0.0-M3/surefire-junit4-3.0.0-M3.jar:/home/rodrigo/Desarrollo/maven_repo/org/apache/maven/surefire/common-java5/3.0.0-M3/common-java5-3.0.0-M3.jar:/home/rodrigo/Desarrollo/maven_repo/org/apache/maven/surefire/common-junit3/3.0.0-M3/common-junit3-3.0.0-M3.jar:/home/rodrigo/Desarrollo/maven_repo/org/apache/maven/surefire/common-junit4/3.0.0-M3/common-junit4-3.0.0-M3.jar"/>
    <property name="java.vm.vendor" value="Oracle Corporation"/>
    <property name="sun.arch.data.model" value="64"/>
    <property name="java.vendor.url" value="http://java.oracle.com/"/>
    <property name="user.timezone" value=""/>
    <property name="java.vm.specification.version" value="1.8"/>
    <property name="os.name" value="Linux"/>
    <property name="user.country" value="US"/>
    <property name="sun.java.launcher" value="SUN_STANDARD"/>
    <property name="sun.boot.library.path" value="/home/rodrigo/Desarrollo/Java/jdk1.8.0_171__64b/jdk1.8.0_171/jre/lib/amd64"/>
    <property name="sun.java.command" value="org.apache.maven.surefire.booter.ForkedBooter /home/rodrigo/Desarrollo/Stash_Projects/Clarolab/qa-reports/target/surefire 2019-02-07T16-02-39_587-jvmRun1 surefire2341879046952429858tmp surefire_06504793053228909804tmp"/>
    <property name="test" value="AllTestSuite"/>
    <property name="surefire.test.class.path" value="/home/rodrigo/Desarrollo/Stash_Projects/Clarolab/qa-reports/target/test-classes:/home/rodrigo/Desarrollo/Stash_Projects/Clarolab/qa-reports/target/classes:/home/rodrigo/Desarrollo/maven_repo/org/slf4j/slf4j-api/1.7.21/slf4j-api-1.7.21.jar:/home/rodrigo/Desarrollo/maven_repo/javax/xml/bind/jaxb-api/2.3.0/jaxb-api-2.3.0.jar:/home/rodrigo/Desarrollo/maven_repo/com/google/code/gson/gson/2.8.5/gson-2.8.5.jar:/home/rodrigo/Desarrollo/maven_repo/org/modelmapper/modelmapper/0.7.4/modelmapper-0.7.4.jar:/home/rodrigo/Desarrollo/maven_repo/org/springframework/boot/spring-boot-starter-data-jpa/2.1.2.RELEASE/spring-boot-starter-data-jpa-2.1.2.RELEASE.jar:/home/rodrigo/Desarrollo/maven_repo/org/springframework/boot/spring-boot-starter-aop/2.1.2.RELEASE/spring-boot-starter-aop-2.1.2.RELEASE.jar:/home/rodrigo/Desarrollo/maven_repo/org/springframework/spring-aop/5.1.4.RELEASE/spring-aop-5.1.4.RELEASE.jar:/home/rodrigo/Desarrollo/maven_repo/org/aspectj/aspectjweaver/1.9.2/aspectjweaver-1.9.2.jar:/home/rodrigo/Desarrollo/maven_repo/javax/transaction/javax.transaction-api/1.3/javax.transaction-api-1.3.jar:/home/rodrigo/Desarrollo/maven_repo/org/hibernate/hibernate-core/5.3.7.Final/hibernate-core-5.3.7.Final.jar:/home/rodrigo/Desarrollo/maven_repo/org/jboss/logging/jboss-logging/3.3.2.Final/jboss-logging-3.3.2.Final.jar:/home/rodrigo/Desarrollo/maven_repo/javax/persistence/javax.persistence-api/2.2/javax.persistence-api-2.2.jar:/home/rodrigo/Desarrollo/maven_repo/org/javassist/javassist/3.23.1-GA/javassist-3.23.1-GA.jar:/home/rodrigo/Desarrollo/maven_repo/net/bytebuddy/byte-buddy/1.9.7/byte-buddy-1.9.7.jar:/home/rodrigo/Desarrollo/maven_repo/antlr/antlr/2.7.7/antlr-2.7.7.jar:/home/rodrigo/Desarrollo/maven_repo/org/jboss/jandex/2.0.5.Final/jandex-2.0.5.Final.jar:/home/rodrigo/Desarrollo/maven_repo/javax/activation/javax.activation-api/1.2.0/javax.activation-api-1.2.0.jar:/home/rodrigo/Desarrollo/maven_repo/org/dom4j/dom4j/2.1.1/dom4j-2.1.1.jar:/home/rodrigo/Desarrollo/maven_repo/org/hibernate/common/hibernate-commons-annotations/5.0.4.Final/hibernate-commons-annotations-5.0.4.Final.jar:/home/rodrigo/Desarrollo/maven_repo/org/springframework/data/spring-data-jpa/2.1.4.RELEASE/spring-data-jpa-2.1.4.RELEASE.jar:/home/rodrigo/Desarrollo/maven_repo/org/springframework/data/spring-data-commons/2.1.4.RELEASE/spring-data-commons-2.1.4.RELEASE.jar:/home/rodrigo/Desarrollo/maven_repo/org/springframework/spring-orm/5.1.4.RELEASE/spring-orm-5.1.4.RELEASE.jar:/home/rodrigo/Desarrollo/maven_repo/org/springframework/spring-context/5.1.4.RELEASE/spring-context-5.1.4.RELEASE.jar:/home/rodrigo/Desarrollo/maven_repo/org/springframework/spring-aspects/5.1.4.RELEASE/spring-aspects-5.1.4.RELEASE.jar:/home/rodrigo/Desarrollo/maven_repo/org/springframework/boot/spring-boot-starter-data-rest/2.1.2.RELEASE/spring-boot-starter-data-rest-2.1.2.RELEASE.jar:/home/rodrigo/Desarrollo/maven_repo/org/springframework/boot/spring-boot-starter-web/2.1.2.RELEASE/spring-boot-starter-web-2.1.2.RELEASE.jar:/home/rodrigo/Desarrollo/maven_repo/org/springframework/boot/spring-boot-starter-json/2.1.2.RELEASE/spring-boot-starter-json-2.1.2.RELEASE.jar:/home/rodrigo/Desarrollo/maven_repo/com/fasterxml/jackson/datatype/jackson-datatype-jdk8/2.9.8/jackson-datatype-jdk8-2.9.8.jar:/home/rodrigo/Desarrollo/maven_repo/com/fasterxml/jackson/datatype/jackson-datatype-jsr310/2.9.8/jackson-datatype-jsr310-2.9.8.jar:/home/rodrigo/Desarrollo/maven_repo/com/fasterxml/jackson/module/jackson-module-parameter-names/2.9.8/jackson-module-parameter-names-2.9.8.jar:/home/rodrigo/Desarrollo/maven_repo/org/springframework/boot/spring-boot-starter-tomcat/2.1.2.RELEASE/spring-boot-starter-tomcat-2.1.2.RELEASE.jar:/home/rodrigo/Desarrollo/maven_repo/org/apache/tomcat/embed/tomcat-embed-core/9.0.14/tomcat-embed-core-9.0.14.jar:/home/rodrigo/Desarrollo/maven_repo/org/apache/tomcat/embed/tomcat-embed-el/9.0.14/tomcat-embed-el-9.0.14.jar:/home/rodrigo/Desarrollo/maven_repo/org/apache/tomcat/embed/tomcat-embed-websocket/9.0.14/tomcat-embed-websocket-9.0.14.jar:/home/rodrigo/Desarrollo/maven_repo/org/hibernate/validator/hibernate-validator/6.0.14.Final/hibernate-validator-6.0.14.Final.jar:/home/rodrigo/Desarrollo/maven_repo/javax/validation/validation-api/2.0.1.Final/validation-api-2.0.1.Final.jar:/home/rodrigo/Desarrollo/maven_repo/org/springframework/spring-web/5.1.4.RELEASE/spring-web-5.1.4.RELEASE.jar:/home/rodrigo/Desarrollo/maven_repo/org/springframework/data/spring-data-rest-webmvc/3.1.4.RELEASE/spring-data-rest-webmvc-3.1.4.RELEASE.jar:/home/rodrigo/Desarrollo/maven_repo/org/springframework/data/spring-data-rest-core/3.1.4.RELEASE/spring-data-rest-core-3.1.4.RELEASE.jar:/home/rodrigo/Desarrollo/maven_repo/org/atteo/evo-inflector/1.2.2/evo-inflector-1.2.2.jar:/home/rodrigo/Desarrollo/maven_repo/org/springframework/boot/spring-boot-starter-test/2.1.2.RELEASE/spring-boot-starter-test-2.1.2.RELEASE.jar:/home/rodrigo/Desarrollo/maven_repo/org/springframework/boot/spring-boot-starter/2.1.2.RELEASE/spring-boot-starter-2.1.2.RELEASE.jar:/home/rodrigo/Desarrollo/maven_repo/org/springframework/boot/spring-boot/2.1.2.RELEASE/spring-boot-2.1.2.RELEASE.jar:/home/rodrigo/Desarrollo/maven_repo/org/springframework/boot/spring-boot-autoconfigure/2.1.2.RELEASE/spring-boot-autoconfigure-2.1.2.RELEASE.jar:/home/rodrigo/Desarrollo/maven_repo/org/springframework/boot/spring-boot-starter-logging/2.1.2.RELEASE/spring-boot-starter-logging-2.1.2.RELEASE.jar:/home/rodrigo/Desarrollo/maven_repo/ch/qos/logback/logback-classic/1.2.3/logback-classic-1.2.3.jar:/home/rodrigo/Desarrollo/maven_repo/ch/qos/logback/logback-core/1.2.3/logback-core-1.2.3.jar:/home/rodrigo/Desarrollo/maven_repo/org/apache/logging/log4j/log4j-to-slf4j/2.11.1/log4j-to-slf4j-2.11.1.jar:/home/rodrigo/Desarrollo/maven_repo/org/apache/logging/log4j/log4j-api/2.11.1/log4j-api-2.11.1.jar:/home/rodrigo/Desarrollo/maven_repo/org/slf4j/jul-to-slf4j/1.7.25/jul-to-slf4j-1.7.25.jar:/home/rodrigo/Desarrollo/maven_repo/javax/annotation/javax.annotation-api/1.3.2/javax.annotation-api-1.3.2.jar:/home/rodrigo/Desarrollo/maven_repo/org/yaml/snakeyaml/1.23/snakeyaml-1.23.jar:/home/rodrigo/Desarrollo/maven_repo/org/springframework/boot/spring-boot-test/2.1.2.RELEASE/spring-boot-test-2.1.2.RELEASE.jar:/home/rodrigo/Desarrollo/maven_repo/org/springframework/boot/spring-boot-test-autoconfigure/2.1.2.RELEASE/spring-boot-test-autoconfigure-2.1.2.RELEASE.jar:/home/rodrigo/Desarrollo/maven_repo/com/jayway/jsonpath/json-path/2.4.0/json-path-2.4.0.jar:/home/rodrigo/Desarrollo/maven_repo/net/minidev/json-smart/2.3/json-smart-2.3.jar:/home/rodrigo/Desarrollo/maven_repo/net/minidev/accessors-smart/1.2/accessors-smart-1.2.jar:/home/rodrigo/Desarrollo/maven_repo/org/ow2/asm/asm/5.0.4/asm-5.0.4.jar:/home/rodrigo/Desarrollo/maven_repo/junit/junit/4.12/junit-4.12.jar:/home/rodrigo/Desarrollo/maven_repo/org/assertj/assertj-core/3.11.1/assertj-core-3.11.1.jar:/home/rodrigo/Desarrollo/maven_repo/org/mockito/mockito-core/2.23.4/mockito-core-2.23.4.jar:/home/rodrigo/Desarrollo/maven_repo/net/bytebuddy/byte-buddy-agent/1.9.7/byte-buddy-agent-1.9.7.jar:/home/rodrigo/Desarrollo/maven_repo/org/objenesis/objenesis/2.6/objenesis-2.6.jar:/home/rodrigo/Desarrollo/maven_repo/org/hamcrest/hamcrest-core/1.3/hamcrest-core-1.3.jar:/home/rodrigo/Desarrollo/maven_repo/org/skyscreamer/jsonassert/1.5.0/jsonassert-1.5.0.jar:/home/rodrigo/Desarrollo/maven_repo/org/springframework/spring-core/5.1.4.RELEASE/spring-core-5.1.4.RELEASE.jar:/home/rodrigo/Desarrollo/maven_repo/org/springframework/spring-jcl/5.1.4.RELEASE/spring-jcl-5.1.4.RELEASE.jar:/home/rodrigo/Desarrollo/maven_repo/org/springframework/spring-test/5.1.4.RELEASE/spring-test-5.1.4.RELEASE.jar:/home/rodrigo/Desarrollo/maven_repo/org/xmlunit/xmlunit-core/2.6.2/xmlunit-core-2.6.2.jar:/home/rodrigo/Desarrollo/maven_repo/org/springframework/restdocs/spring-restdocs-mockmvc/2.0.3.RELEASE/spring-restdocs-mockmvc-2.0.3.RELEASE.jar:/home/rodrigo/Desarrollo/maven_repo/javax/servlet/javax.servlet-api/4.0.1/javax.servlet-api-4.0.1.jar:/home/rodrigo/Desarrollo/maven_repo/org/springframework/restdocs/spring-restdocs-core/2.0.3.RELEASE/spring-restdocs-core-2.0.3.RELEASE.jar:/home/rodrigo/Desarrollo/maven_repo/org/springframework/spring-webmvc/5.1.4.RELEASE/spring-webmvc-5.1.4.RELEASE.jar:/home/rodrigo/Desarrollo/maven_repo/org/springframework/spring-expression/5.1.4.RELEASE/spring-expression-5.1.4.RELEASE.jar:/home/rodrigo/Desarrollo/maven_repo/org/springframework/boot/spring-boot-starter-jdbc/2.1.2.RELEASE/spring-boot-starter-jdbc-2.1.2.RELEASE.jar:/home/rodrigo/Desarrollo/maven_repo/com/zaxxer/HikariCP/3.2.0/HikariCP-3.2.0.jar:/home/rodrigo/Desarrollo/maven_repo/org/springframework/spring-jdbc/5.1.4.RELEASE/spring-jdbc-5.1.4.RELEASE.jar:/home/rodrigo/Desarrollo/maven_repo/org/springframework/spring-beans/5.1.4.RELEASE/spring-beans-5.1.4.RELEASE.jar:/home/rodrigo/Desarrollo/maven_repo/org/springframework/spring-tx/5.1.4.RELEASE/spring-tx-5.1.4.RELEASE.jar:/home/rodrigo/Desarrollo/maven_repo/org/springframework/boot/spring-boot-starter-thymeleaf/2.1.2.RELEASE/spring-boot-starter-thymeleaf-2.1.2.RELEASE.jar:/home/rodrigo/Desarrollo/maven_repo/org/thymeleaf/thymeleaf-spring5/3.0.11.RELEASE/thymeleaf-spring5-3.0.11.RELEASE.jar:/home/rodrigo/Desarrollo/maven_repo/org/thymeleaf/thymeleaf/3.0.11.RELEASE/thymeleaf-3.0.11.RELEASE.jar:/home/rodrigo/Desarrollo/maven_repo/org/attoparser/attoparser/2.0.5.RELEASE/attoparser-2.0.5.RELEASE.jar:/home/rodrigo/Desarrollo/maven_repo/org/unbescape/unbescape/1.1.6.RELEASE/unbescape-1.1.6.RELEASE.jar:/home/rodrigo/Desarrollo/maven_repo/org/thymeleaf/extras/thymeleaf-extras-java8time/3.0.2.RELEASE/thymeleaf-extras-java8time-3.0.2.RELEASE.jar:/home/rodrigo/Desarrollo/maven_repo/org/springframework/boot/spring-boot-starter-hateoas/2.1.2.RELEASE/spring-boot-starter-hateoas-2.1.2.RELEASE.jar:/home/rodrigo/Desarrollo/maven_repo/org/springframework/hateoas/spring-hateoas/0.25.0.RELEASE/spring-hateoas-0.25.0.RELEASE.jar:/home/rodrigo/Desarrollo/maven_repo/org/springframework/plugin/spring-plugin-core/1.2.0.RELEASE/spring-plugin-core-1.2.0.RELEASE.jar:/home/rodrigo/Desarrollo/maven_repo/io/springfox/springfox-swagger2/2.6.1/springfox-swagger2-2.6.1.jar:/home/rodrigo/Desarrollo/maven_repo/io/swagger/swagger-annotations/1.5.10/swagger-annotations-1.5.10.jar:/home/rodrigo/Desarrollo/maven_repo/io/swagger/swagger-models/1.5.10/swagger-models-1.5.10.jar:/home/rodrigo/Desarrollo/maven_repo/io/springfox/springfox-spi/2.6.1/springfox-spi-2.6.1.jar:/home/rodrigo/Desarrollo/maven_repo/io/springfox/springfox-core/2.6.1/springfox-core-2.6.1.jar:/home/rodrigo/Desarrollo/maven_repo/io/springfox/springfox-schema/2.6.1/springfox-schema-2.6.1.jar:/home/rodrigo/Desarrollo/maven_repo/io/springfox/springfox-swagger-common/2.6.1/springfox-swagger-common-2.6.1.jar:/home/rodrigo/Desarrollo/maven_repo/io/springfox/springfox-spring-web/2.6.1/springfox-spring-web-2.6.1.jar:/home/rodrigo/Desarrollo/maven_repo/com/google/guava/guava/18.0/guava-18.0.jar:/home/rodrigo/Desarrollo/maven_repo/com/fasterxml/classmate/1.4.0/classmate-1.4.0.jar:/home/rodrigo/Desarrollo/maven_repo/org/springframework/plugin/spring-plugin-metadata/1.2.0.RELEASE/spring-plugin-metadata-1.2.0.RELEASE.jar:/home/rodrigo/Desarrollo/maven_repo/io/springfox/springfox-swagger-ui/2.6.1/springfox-swagger-ui-2.6.1.jar:/home/rodrigo/Desarrollo/maven_repo/io/springfox/springfox-bean-validators/2.6.1/springfox-bean-validators-2.6.1.jar:/home/rodrigo/Desarrollo/maven_repo/org/projectlombok/lombok/1.18.4/lombok-1.18.4.jar:/home/rodrigo/Desarrollo/maven_repo/com/h2database/h2/1.4.197/h2-1.4.197.jar:/home/rodrigo/Desarrollo/maven_repo/org/postgresql/postgresql/42.2.5/postgresql-42.2.5.jar:/home/rodrigo/Desarrollo/maven_repo/com/fasterxml/jackson/core/jackson-databind/2.9.4/jackson-databind-2.9.4.jar:/home/rodrigo/Desarrollo/maven_repo/com/fasterxml/jackson/core/jackson-annotations/2.9.0/jackson-annotations-2.9.0.jar:/home/rodrigo/Desarrollo/maven_repo/com/fasterxml/jackson/core/jackson-core/2.9.8/jackson-core-2.9.8.jar:/home/rodrigo/Desarrollo/maven_repo/org/mindrot/jbcrypt/0.3m/jbcrypt-0.3m.jar:/home/rodrigo/Desarrollo/maven_repo/com/offbytwo/jenkins/jenkins-client/0.3.8/jenkins-client-0.3.8.jar:/home/rodrigo/Desarrollo/maven_repo/dom4j/dom4j/1.6.1/dom4j-1.6.1.jar:/home/rodrigo/Desarrollo/maven_repo/net/sf/json-lib/json-lib/2.4/json-lib-2.4-jdk15.jar:/home/rodrigo/Desarrollo/maven_repo/commons-beanutils/commons-beanutils/1.8.0/commons-beanutils-1.8.0.jar:/home/rodrigo/Desarrollo/maven_repo/commons-collections/commons-collections/3.2.1/commons-collections-3.2.1.jar:/home/rodrigo/Desarrollo/maven_repo/commons-logging/commons-logging/1.1.1/commons-logging-1.1.1.jar:/home/rodrigo/Desarrollo/maven_repo/net/sf/ezmorph/ezmorph/1.0.6/ezmorph-1.0.6.jar:/home/rodrigo/Desarrollo/maven_repo/commons-lang/commons-lang/2.6/commons-lang-2.6.jar:/home/rodrigo/Desarrollo/maven_repo/commons-io/commons-io/2.4/commons-io-2.4.jar:/home/rodrigo/Desarrollo/maven_repo/org/apache/httpcomponents/httpcore/4.4.10/httpcore-4.4.10.jar:/home/rodrigo/Desarrollo/maven_repo/org/apache/httpcomponents/httpmime/4.5.6/httpmime-4.5.6.jar:/home/rodrigo/Desarrollo/maven_repo/jaxen/jaxen/1.1.6/jaxen-1.1.6.jar:/home/rodrigo/Desarrollo/maven_repo/xml-apis/xml-apis/1.4.01/xml-apis-1.4.01.jar:/home/rodrigo/Desarrollo/maven_repo/org/jsoup/jsoup/1.11.3/jsoup-1.11.3.jar:/home/rodrigo/Desarrollo/maven_repo/io/rest-assured/json-schema-validator/3.0.7/json-schema-validator-3.0.7.jar:/home/rodrigo/Desarrollo/maven_repo/com/github/fge/json-schema-validator/2.2.6/json-schema-validator-2.2.6.jar:/home/rodrigo/Desarrollo/maven_repo/com/google/code/findbugs/jsr305/3.0.0/jsr305-3.0.0.jar:/home/rodrigo/Desarrollo/maven_repo/joda-time/joda-time/2.10.1/joda-time-2.10.1.jar:/home/rodrigo/Desarrollo/maven_repo/com/googlecode/libphonenumber/libphonenumber/6.2/libphonenumber-6.2.jar:/home/rodrigo/Desarrollo/maven_repo/com/github/fge/json-schema-core/1.2.5/json-schema-core-1.2.5.jar:/home/rodrigo/Desarrollo/maven_repo/com/github/fge/uri-template/0.9/uri-template-0.9.jar:/home/rodrigo/Desarrollo/maven_repo/com/github/fge/msg-simple/1.1/msg-simple-1.1.jar:/home/rodrigo/Desarrollo/maven_repo/com/github/fge/btf/1.2/btf-1.2.jar:/home/rodrigo/Desarrollo/maven_repo/com/github/fge/jackson-coreutils/1.8/jackson-coreutils-1.8.jar:/home/rodrigo/Desarrollo/maven_repo/org/mozilla/rhino/1.7R4/rhino-1.7R4.jar:/home/rodrigo/Desarrollo/maven_repo/javax/mail/mailapi/1.4.3/mailapi-1.4.3.jar:/home/rodrigo/Desarrollo/maven_repo/javax/activation/activation/1.1/activation-1.1.jar:/home/rodrigo/Desarrollo/maven_repo/net/sf/jopt-simple/jopt-simple/4.6/jopt-simple-4.6.jar:/home/rodrigo/Desarrollo/maven_repo/io/rest-assured/rest-assured/3.1.1/rest-assured-3.1.1.jar:/home/rodrigo/Desarrollo/maven_repo/org/codehaus/groovy/groovy/2.5.5/groovy-2.5.5.jar:/home/rodrigo/Desarrollo/maven_repo/org/codehaus/groovy/groovy-xml/2.5.5/groovy-xml-2.5.5.jar:/home/rodrigo/Desarrollo/maven_repo/org/ccil/cowan/tagsoup/tagsoup/1.2.1/tagsoup-1.2.1.jar:/home/rodrigo/Desarrollo/maven_repo/io/rest-assured/json-path/3.1.1/json-path-3.1.1.jar:/home/rodrigo/Desarrollo/maven_repo/org/codehaus/groovy/groovy-json/2.5.5/groovy-json-2.5.5.jar:/home/rodrigo/Desarrollo/maven_repo/io/rest-assured/rest-assured-common/3.1.1/rest-assured-common-3.1.1.jar:/home/rodrigo/Desarrollo/maven_repo/io/rest-assured/xml-path/3.1.1/xml-path-3.1.1.jar:/home/rodrigo/Desarrollo/maven_repo/org/hamcrest/hamcrest-library/1.3/hamcrest-library-1.3.jar:/home/rodrigo/Desarrollo/maven_repo/org/json/json/20180813/json-20180813.jar:/home/rodrigo/Desarrollo/maven_repo/org/apache/httpcomponents/httpclient/4.5.6/httpclient-4.5.6.jar:/home/rodrigo/Desarrollo/maven_repo/commons-codec/commons-codec/1.11/commons-codec-1.11.jar:/home/rodrigo/Desarrollo/maven_repo/org/apache/commons/commons-lang3/3.3.2/commons-lang3-3.3.2.jar:/home/rodrigo/Desarrollo/maven_repo/org/apache/poi/poi/3.15/poi-3.15.jar:/home/rodrigo/Desarrollo/maven_repo/org/apache/commons/commons-collections4/4.1/commons-collections4-4.1.jar:/home/rodrigo/Desarrollo/maven_repo/org/apache/poi/poi-ooxml/3.15/poi-ooxml-3.15.jar:/home/rodrigo/Desarrollo/maven_repo/org/apache/poi/poi-ooxml-schemas/3.15/poi-ooxml-schemas-3.15.jar:/home/rodrigo/Desarrollo/maven_repo/org/apache/xmlbeans/xmlbeans/2.6.0/xmlbeans-2.6.0.jar:/home/rodrigo/Desarrollo/maven_repo/stax/stax-api/1.0.1/stax-api-1.0.1.jar:/home/rodrigo/Desarrollo/maven_repo/com/github/virtuald/curvesapi/1.04/curvesapi-1.04.jar:/home/rodrigo/Desarrollo/maven_repo/net/sf/supercsv/super-csv/2.4.0/super-csv-2.4.0.jar:/home/rodrigo/Desarrollo/maven_repo/com/itextpdf/itextpdf/5.5.10/itextpdf-5.5.10.jar:/home/rodrigo/Desarrollo/maven_repo/com/spotify/dockerfile-maven-plugin/1.4.0/dockerfile-maven-plugin-1.4.0.jar:/home/rodrigo/Desarrollo/maven_repo/com/spotify/docker-client/8.11.1/docker-client-8.11.1-shaded.jar:/home/rodrigo/Desarrollo/maven_repo/com/fasterxml/jackson/jaxrs/jackson-jaxrs-json-provider/2.9.8/jackson-jaxrs-json-provider-2.9.8.jar:/home/rodrigo/Desarrollo/maven_repo/com/fasterxml/jackson/jaxrs/jackson-jaxrs-base/2.9.8/jackson-jaxrs-base-2.9.8.jar:/home/rodrigo/Desarrollo/maven_repo/com/fasterxml/jackson/module/jackson-module-jaxb-annotations/2.9.8/jackson-module-jaxb-annotations-2.9.8.jar:/home/rodrigo/Desarrollo/maven_repo/com/fasterxml/jackson/datatype/jackson-datatype-guava/2.9.8/jackson-datatype-guava-2.9.8.jar:/home/rodrigo/Desarrollo/maven_repo/org/glassfish/jersey/core/jersey-client/2.27/jersey-client-2.27.jar:/home/rodrigo/Desarrollo/maven_repo/javax/ws/rs/javax.ws.rs-api/2.1/javax.ws.rs-api-2.1.jar:/home/rodrigo/Desarrollo/maven_repo/org/glassfish/jersey/core/jersey-common/2.27/jersey-common-2.27.jar:/home/rodrigo/Desarrollo/maven_repo/org/glassfish/hk2/osgi-resource-locator/1.0.1/osgi-resource-locator-1.0.1.jar:/home/rodrigo/Desarrollo/maven_repo/org/glassfish/hk2/external/javax.inject/2.5.0-b42/javax.inject-2.5.0-b42.jar:/home/rodrigo/Desarrollo/maven_repo/org/glassfish/jersey/connectors/jersey-apache-connector/2.27/jersey-apache-connector-2.27.jar:/home/rodrigo/Desarrollo/maven_repo/org/glassfish/jersey/media/jersey-media-json-jackson/2.27/jersey-media-json-jackson-2.27.jar:/home/rodrigo/Desarrollo/maven_repo/org/glassfish/jersey/ext/jersey-entity-filtering/2.27/jersey-entity-filtering-2.27.jar:/home/rodrigo/Desarrollo/maven_repo/org/apache/commons/commons-compress/1.9/commons-compress-1.9.jar:/home/rodrigo/Desarrollo/maven_repo/com/github/jnr/jnr-unixsocket/0.18/jnr-unixsocket-0.18.jar:/home/rodrigo/Desarrollo/maven_repo/com/github/jnr/jnr-ffi/2.1.4/jnr-ffi-2.1.4.jar:/home/rodrigo/Desarrollo/maven_repo/com/github/jnr/jffi/1.2.15/jffi-1.2.15.jar:/home/rodrigo/Desarrollo/maven_repo/com/github/jnr/jffi/1.2.15/jffi-1.2.15-native.jar:/home/rodrigo/Desarrollo/maven_repo/org/ow2/asm/asm-commons/5.0.3/asm-commons-5.0.3.jar:/home/rodrigo/Desarrollo/maven_repo/org/ow2/asm/asm-analysis/5.0.3/asm-analysis-5.0.3.jar:/home/rodrigo/Desarrollo/maven_repo/org/ow2/asm/asm-tree/5.0.3/asm-tree-5.0.3.jar:/home/rodrigo/Desarrollo/maven_repo/org/ow2/asm/asm-util/5.0.3/asm-util-5.0.3.jar:/home/rodrigo/Desarrollo/maven_repo/com/github/jnr/jnr-x86asm/1.0.2/jnr-x86asm-1.0.2.jar:/home/rodrigo/Desarrollo/maven_repo/com/github/jnr/jnr-constants/0.9.8/jnr-constants-0.9.8.jar:/home/rodrigo/Desarrollo/maven_repo/com/github/jnr/jnr-enxio/0.16/jnr-enxio-0.16.jar:/home/rodrigo/Desarrollo/maven_repo/com/github/jnr/jnr-posix/3.0.35/jnr-posix-3.0.35.jar:/home/rodrigo/Desarrollo/maven_repo/org/bouncycastle/bcpkix-jdk15on/1.59/bcpkix-jdk15on-1.59.jar:/home/rodrigo/Desarrollo/maven_repo/org/bouncycastle/bcprov-jdk15on/1.59/bcprov-jdk15on-1.59.jar:/home/rodrigo/Desarrollo/maven_repo/com/google/auth/google-auth-library-oauth2-http/0.6.0/google-auth-library-oauth2-http-0.6.0.jar:/home/rodrigo/Desarrollo/maven_repo/com/google/auth/google-auth-library-credentials/0.6.0/google-auth-library-credentials-0.6.0.jar:/home/rodrigo/Desarrollo/maven_repo/com/google/http-client/google-http-client/1.19.0/google-http-client-1.19.0.jar:/home/rodrigo/Desarrollo/maven_repo/com/google/http-client/google-http-client-jackson2/1.19.0/google-http-client-jackson2-1.19.0.jar:/home/rodrigo/Desarrollo/maven_repo/com/spotify/dockerfile-maven-extension/1.4.0/dockerfile-maven-extension-1.4.0.jar:/home/rodrigo/Desarrollo/maven_repo/org/apache/maven/maven-plugin-api/3.3.9/maven-plugin-api-3.3.9.jar:/home/rodrigo/Desarrollo/maven_repo/org/apache/maven/maven-model/3.3.9/maven-model-3.3.9.jar:/home/rodrigo/Desarrollo/maven_repo/org/apache/maven/maven-artifact/3.3.9/maven-artifact-3.3.9.jar:/home/rodrigo/Desarrollo/maven_repo/org/eclipse/sisu/org.eclipse.sisu.plexus/0.3.2/org.eclipse.sisu.plexus-0.3.2.jar:/home/rodrigo/Desarrollo/maven_repo/javax/enterprise/cdi-api/1.0/cdi-api-1.0.jar:/home/rodrigo/Desarrollo/maven_repo/javax/annotation/jsr250-api/1.0/jsr250-api-1.0.jar:/home/rodrigo/Desarrollo/maven_repo/org/eclipse/sisu/org.eclipse.sisu.inject/0.3.2/org.eclipse.sisu.inject-0.3.2.jar:/home/rodrigo/Desarrollo/maven_repo/org/apache/maven/maven-core/3.3.9/maven-core-3.3.9.jar:/home/rodrigo/Desarrollo/maven_repo/org/apache/maven/maven-settings/3.3.9/maven-settings-3.3.9.jar:/home/rodrigo/Desarrollo/maven_repo/org/apache/maven/maven-settings-builder/3.3.9/maven-settings-builder-3.3.9.jar:/home/rodrigo/Desarrollo/maven_repo/org/apache/maven/maven-builder-support/3.3.9/maven-builder-support-3.3.9.jar:/home/rodrigo/Desarrollo/maven_repo/org/apache/maven/maven-repository-metadata/3.3.9/maven-repository-metadata-3.3.9.jar:/home/rodrigo/Desarrollo/maven_repo/org/apache/maven/maven-model-builder/3.3.9/maven-model-builder-3.3.9.jar:/home/rodrigo/Desarrollo/maven_repo/org/apache/maven/maven-aether-provider/3.3.9/maven-aether-provider-3.3.9.jar:/home/rodrigo/Desarrollo/maven_repo/org/eclipse/aether/aether-spi/1.0.2.v20150114/aether-spi-1.0.2.v20150114.jar:/home/rodrigo/Desarrollo/maven_repo/org/eclipse/aether/aether-impl/1.0.2.v20150114/aether-impl-1.0.2.v20150114.jar:/home/rodrigo/Desarrollo/maven_repo/org/eclipse/aether/aether-api/1.0.2.v20150114/aether-api-1.0.2.v20150114.jar:/home/rodrigo/Desarrollo/maven_repo/org/eclipse/aether/aether-util/1.0.2.v20150114/aether-util-1.0.2.v20150114.jar:/home/rodrigo/Desarrollo/maven_repo/com/google/inject/guice/4.0/guice-4.0-no_aop.jar:/home/rodrigo/Desarrollo/maven_repo/javax/inject/javax.inject/1/javax.inject-1.jar:/home/rodrigo/Desarrollo/maven_repo/aopalliance/aopalliance/1.0/aopalliance-1.0.jar:/home/rodrigo/Desarrollo/maven_repo/org/codehaus/plexus/plexus-interpolation/1.21/plexus-interpolation-1.21.jar:/home/rodrigo/Desarrollo/maven_repo/org/codehaus/plexus/plexus-utils/3.0.22/plexus-utils-3.0.22.jar:/home/rodrigo/Desarrollo/maven_repo/org/codehaus/plexus/plexus-classworlds/2.5.2/plexus-classworlds-2.5.2.jar:/home/rodrigo/Desarrollo/maven_repo/org/codehaus/plexus/plexus-component-annotations/1.6/plexus-component-annotations-1.6.jar:/home/rodrigo/Desarrollo/maven_repo/org/sonatype/plexus/plexus-sec-dispatcher/1.3/plexus-sec-dispatcher-1.3.jar:/home/rodrigo/Desarrollo/maven_repo/org/sonatype/plexus/plexus-cipher/1.4/plexus-cipher-1.4.jar:/home/rodrigo/Desarrollo/maven_repo/org/apache/maven/maven-archiver/3.0.0/maven-archiver-3.0.0.jar:/home/rodrigo/Desarrollo/maven_repo/org/apache/maven/shared/maven-shared-utils/3.0.0/maven-shared-utils-3.0.0.jar:/home/rodrigo/Desarrollo/maven_repo/org/codehaus/plexus/plexus-archiver/2.9.1/plexus-archiver-2.9.1.jar:/home/rodrigo/Desarrollo/maven_repo/org/codehaus/plexus/plexus-io/2.4.1/plexus-io-2.4.1.jar:"/>
    <property name="sun.cpu.endian" value="little"/>
    <property name="user.home" value="/home/rodrigo"/>
    <property name="user.language" value="en"/>
    <property name="java.specification.vendor" value="Oracle Corporation"/>
    <property name="java.home" value="/home/rodrigo/Desarrollo/Java/jdk1.8.0_171__64b/jdk1.8.0_171/jre"/>
    <property name="basedir" value="/home/rodrigo/Desarrollo/Stash_Projects/Clarolab/qa-reports"/>
    <property name="file.separator" value="/"/>
    <property name="line.separator" value="
"/>
    <property name="java.vm.specification.vendor" value="Oracle Corporation"/>
    <property name="java.specification.name" value="Java Platform API Specification"/>
    <property name="java.awt.graphicsenv" value="sun.awt.X11GraphicsEnvironment"/>
    <property name="sun.boot.class.path" value="/home/rodrigo/Desarrollo/Java/jdk1.8.0_171__64b/jdk1.8.0_171/jre/lib/resources.jar:/home/rodrigo/Desarrollo/Java/jdk1.8.0_171__64b/jdk1.8.0_171/jre/lib/rt.jar:/home/rodrigo/Desarrollo/Java/jdk1.8.0_171__64b/jdk1.8.0_171/jre/lib/sunrsasign.jar:/home/rodrigo/Desarrollo/Java/jdk1.8.0_171__64b/jdk1.8.0_171/jre/lib/jsse.jar:/home/rodrigo/Desarrollo/Java/jdk1.8.0_171__64b/jdk1.8.0_171/jre/lib/jce.jar:/home/rodrigo/Desarrollo/Java/jdk1.8.0_171__64b/jdk1.8.0_171/jre/lib/charsets.jar:/home/rodrigo/Desarrollo/Java/jdk1.8.0_171__64b/jdk1.8.0_171/jre/lib/jfr.jar:/home/rodrigo/Desarrollo/Java/jdk1.8.0_171__64b/jdk1.8.0_171/jre/classes"/>
    <property name="sun.management.compiler" value="HotSpot 64-Bit Tiered Compilers"/>
    <property name="java.runtime.version" value="1.8.0_171-b11"/>
    <property name="user.name" value="rodrigo"/>
    <property name="path.separator" value=":"/>
    <property name="os.version" value="4.15.0-45-generic"/>
    <property name="java.endorsed.dirs" value="/home/rodrigo/Desarrollo/Java/jdk1.8.0_171__64b/jdk1.8.0_171/jre/lib/endorsed"/>
    <property name="java.runtime.name" value="Java(TM) SE Runtime Environment"/>
    <property name="file.encoding" value="UTF-8"/>
    <property name="java.vm.name" value="Java HotSpot(TM) 64-Bit Server VM"/>
    <property name="localRepository" value="/home/rodrigo/Desarrollo/maven_repo"/>
    <property name="java.vendor.url.bug" value="http://bugreport.sun.com/bugreport/"/>
    <property name="java.io.tmpdir" value="/tmp"/>
    <property name="java.version" value="1.8.0_171"/>
    <property name="user.dir" value="/home/rodrigo/Desarrollo/Stash_Projects/Clarolab/qa-reports"/>
    <property name="os.arch" value="amd64"/>
    <property name="java.vm.specification.name" value="Java Virtual Machine Specification"/>
    <property name="java.awt.printerjob" value="sun.print.PSPrinterJob"/>
    <property name="sun.os.patch.level" value="unknown"/>
    <property name="java.library.path" value="/usr/java/packages/lib/amd64:/usr/lib64:/lib64:/lib:/usr/lib"/>
    <property name="java.vm.info" value="mixed mode"/>
    <property name="java.vendor" value="Oracle Corporation"/>
    <property name="java.vm.version" value="25.171-b11"/>
    <property name="java.ext.dirs" value="/home/rodrigo/Desarrollo/Java/jdk1.8.0_171__64b/jdk1.8.0_171/jre/lib/ext:/usr/java/packages/lib/ext"/>
    <property name="sun.io.unicode.encoding" value="UnicodeLittle"/>
    <property name="java.class.version" value="52.0"/>
  </properties>
  <testcase name="testBuildListTimeOut" classname="com.clarolab.api.test.BuildAPITest" time="7.427"/>
  <testcase name="testBuildCreate" classname="com.clarolab.api.test.BuildAPITest" time="0.006"/>
  <testcase name="testBuildDelete" classname="com.clarolab.api.test.BuildAPITest" time="0.233"/>
  <testcase name="testBuildGetOne" classname="com.clarolab.api.test.BuildAPITest" time="0.093"/>
  <testcase name="testBuildListNotEmpty" classname="com.clarolab.api.test.BuildAPITest" time="0.585"/>
  <testcase name="testConnectorContainerList" classname="com.clarolab.api.test.ConnectorAPITest" time="0.053"/>
  <testcase name="testGet" classname="com.clarolab.api.test.ConnectorAPITest" time="0.053"/>
  <testcase name="testList" classname="com.clarolab.api.test.ConnectorAPITest" time="0.033"/>
  <testcase name="testAContainer" classname="com.clarolab.api.test.ConnectorAPITest" time="6.817"/>
  <testcase name="testCreate" classname="com.clarolab.api.test.ConnectorAPITest" time="0.103"/>
  <testcase name="testDelete" classname="com.clarolab.api.test.ConnectorAPITest" time="0.026"/>
  <testcase name="testPopulateId" classname="com.clarolab.api.test.ConnectorAPITest" time="0.002"/>
  <testcase name="testUpdate" classname="com.clarolab.api.test.ConnectorAPITest" time="0.042"/>
  <testcase name="testSpecList" classname="com.clarolab.api.test.ListAPITest" time="0.36"/>
  <testcase name="testBuildList" classname="com.clarolab.api.test.ListAPITest" time="0.368"/>
  <testcase name="testContainerList" classname="com.clarolab.api.test.ListAPITest" time="0.126"/>
  <testcase name="testExecutorList" classname="com.clarolab.api.test.ListAPITest" time="0.106"/>
  <testcase name="testPropertyList" classname="com.clarolab.api.test.ListAPITest" time="0.055"/>
  <testcase name="testUserList" classname="com.clarolab.api.test.ListAPITest" time="0.186"/>
  <testcase name="testReportList" classname="com.clarolab.api.test.ListAPITest" time="0.368"/>
  <testcase name="testConnectorList" classname="com.clarolab.api.test.ListAPITest" time="0.189"/>
  <testcase name="testTestCaseList" classname="com.clarolab.api.test.ListAPITest" time="0.212"/>
  <testcase name="testGet" classname="com.clarolab.api.test.ProductAPITest" time="0.036"/>
  <testcase name="testList" classname="com.clarolab.api.test.ProductAPITest" time="0.02"/>
  <testcase name="testCreate" classname="com.clarolab.api.test.ProductAPITest" time="0.04"/>
  <testcase name="testDelete" classname="com.clarolab.api.test.ProductAPITest" time="0.015"/>
  <testcase name="testUpdate" classname="com.clarolab.api.test.ProductAPITest" time="0.06"/>
  <testcase name="testUserCreateDuplicatedUsernames" classname="com.clarolab.api.test.UserAPITest" time="0.132"/>
  <testcase name="testUserCreate" classname="com.clarolab.api.test.UserAPITest" time="0.097"/>
  <testcase name="testUserDelete" classname="com.clarolab.api.test.UserAPITest" time="0.122"/>
  <testcase name="testUserListTimeOut" classname="com.clarolab.api.test.UserAPITest" time="0.016"/>
  <testcase name="testUserUpdate" classname="com.clarolab.api.test.UserAPITest" time="0.125"/>
  <testcase name="testUserDeleteNotInList" classname="com.clarolab.api.test.UserAPITest" time="0.132"/>
  <testcase name="testViewExportExecutorAsCSV" classname="com.clarolab.api.test.ExportAPITest" time="0.057"/>
  <testcase name="testViewExportExecutorAsPDF" classname="com.clarolab.api.test.ExportAPITest" time="0.151"/>
  <testcase name="testViewExportExecutorAsXLS" classname="com.clarolab.api.test.ExportAPITest" time="0.159"/>
  <testcase name="testViewExportUserAsCSV" classname="com.clarolab.api.test.ExportAPITest" time="0.099"/>
  <testcase name="testViewExportUserAsPDF" classname="com.clarolab.api.test.ExportAPITest" time="0.119"/>
  <testcase name="testViewExportUserAsXLS" classname="com.clarolab.api.test.ExportAPITest" time="0.115"/>
  <testcase name="testJobExecution" classname="com.clarolab.api.report.StatsAPITest" time="0.019"/>
  <testcase name="testBuildFails" classname="com.clarolab.api.report.StatsAPITest" time="0.022"/>
  <testcase name="testViewBuildReport" classname="com.clarolab.api.test.ViewAPITest" time="0.013"/>
  <testcase name="testViewBuildTriage" classname="com.clarolab.api.test.ViewAPITest" time="0.114"/>
  <testcase name="testViewExecutor" classname="com.clarolab.api.test.ViewAPITest" time="0.021"/>
  <testcase name="testViewTestCase" classname="com.clarolab.api.test.ViewAPITest" time="0.022"/>
  <testcase name="testViewExecutors" classname="com.clarolab.api.test.ViewAPITest" time="0.042"/>
  <testcase name="testTestCaseReport" classname="com.clarolab.api.test.ViewAPITest" time="0.03"/>
  <testcase name="testBasic" classname="com.clarolab.api.test.ApproveAutomaticTriageAPITest" time="0.119"/>
  <testcase name="testBase" classname="com.clarolab.api.test.AssigneeToBuildAPITest" time="0.122"/>
  <testcase name="testBasic" classname="com.clarolab.api.test.InvalidBuildTriageAPITest" time="0.119"/>
  <testcase name="testBasic" classname="com.clarolab.api.test.TriageBuildAPITest" time="0.124"/>
  <testcase name="testBasic" classname="com.clarolab.api.test.AssignTestCaseAPITest" time="0.111"/>
  <testcase name="testTestCaseListNotEmpty" classname="com.clarolab.api.test.TestExecutionAPITest" time="0.026"/>
  <testcase name="testTestCaseDeleteNotInList" classname="com.clarolab.api.test.TestExecutionAPITest" time="0.023"/>
  <testcase name="testTestCaseCreate" classname="com.clarolab.api.test.TestExecutionAPITest" time="0.004"/>
  <testcase name="testTestCaseDelete" classname="com.clarolab.api.test.TestExecutionAPITest" time="0.014"/>
  <testcase name="testTestCaseGetOne" classname="com.clarolab.api.test.TestExecutionAPITest" time="0.016"/>
  <testcase name="testTestCaseListTimeOut" classname="com.clarolab.api.test.TestExecutionAPITest" time="0.011"/>
  <testcase name="testBasic" classname="com.clarolab.api.test.TriageTestAPITest" time="0.1">
    <error type="java.lang.IllegalArgumentException">java.lang.IllegalArgumentException
	at com.clarolab.api.test.TriageTestAPITest.testBasic(TriageTestAPITest.java:39)
</error>
  </testcase>
  <testcase name="testExecutor" classname="com.clarolab.functional.test.DataProviderPersistenceFunctionalTest" time="0.014"/>
  <testcase name="testBuild" classname="com.clarolab.functional.test.DataProviderPersistenceFunctionalTest" time="0.007"/>
  <testcase name="testUser" classname="com.clarolab.functional.test.DataProviderPersistenceFunctionalTest" time="0.086"/>
  <testcase name="testProduct" classname="com.clarolab.functional.test.DataProviderPersistenceFunctionalTest" time="0.003"/>
  <testcase name="testTestCase" classname="com.clarolab.functional.test.DataProviderPersistenceFunctionalTest" time="0.006"/>
  <testcase name="testProperty" classname="com.clarolab.functional.test.DataProviderPersistenceFunctionalTest" time="0.004"/>
  <testcase name="testExecutorProductCombination" classname="com.clarolab.functional.test.DataProviderPersistenceFunctionalTest" time="0.003"/>
  <testcase name="testConnector" classname="com.clarolab.functional.test.DataProviderPersistenceFunctionalTest" time="0.002"/>
  <testcase name="testContainer" classname="com.clarolab.functional.test.DataProviderPersistenceFunctionalTest" time="0.003"/>
  <testcase name="testIssueTicket" classname="com.clarolab.functional.test.DataProviderPersistenceFunctionalTest" time="0.083"/>
  <testcase name="testDeadline" classname="com.clarolab.functional.test.DataProviderPersistenceFunctionalTest" time="0.005"/>
  <testcase name="testTestCaseTriage" classname="com.clarolab.functional.test.DataProviderPersistenceFunctionalTest" time="0.099"/>
  <testcase name="testBuildTriage" classname="com.clarolab.functional.test.DataProviderPersistenceFunctionalTest" time="0.083"/>
  <testcase name="testPermanentFail" classname="com.clarolab.functional.CurrentStateFunctionalTest" time="0.128"/>
  <testcase name="testPass" classname="com.clarolab.functional.CurrentStateFunctionalTest" time="0.125"/>
  <testcase name="testPermanentNewPass" classname="com.clarolab.functional.CurrentStateFunctionalTest" time="0.122"/>
  <testcase name="testSkipPermanent" classname="com.clarolab.functional.CurrentStateFunctionalTest" time="0.117"/>
  <testcase name="testSnooze" classname="com.clarolab.functional.CurrentStateFunctionalTest" time="0.117"/>
  <testcase name="testEmptyUsernameResult" classname="com.clarolab.functional.test.search.UserSearchFunctionalTest" time="0.005"/>
  <testcase name="testSearchOneRealnameResult" classname="com.clarolab.functional.test.search.UserSearchFunctionalTest" time="0.085"/>
  <testcase name="testSearchOneUsernameResult" classname="com.clarolab.functional.test.search.UserSearchFunctionalTest" time="0.079"/>
  <testcase name="findExecutorByName" classname="com.clarolab.integration.test.executors.ExecutorPersistenceTest" time="0.004"/>
  <testcase name="saveExecutorWithARangeOfBuildsTest" classname="com.clarolab.integration.test.executors.ExecutorPersistenceTest" time="0.002"/>
  <testcase name="saveExecutorTest" classname="com.clarolab.integration.test.executors.ExecutorPersistenceTest" time="0.002"/>
  <testcase name="verifyConnection" classname="com.clarolab.integration.test.connectors.JenkinsCIConnectorTest" time="0">
    <skipped message="got: &lt;false&gt;, expected: is &lt;true&gt;"/>
    <system-out><![CDATA[2019-02-07 16:04:51.662  INFO 31872 --- [           main] o.s.t.c.transaction.TransactionContext   : Began transaction (1) for test context [DefaultTestContext@267aa736 testClass = JenkinsCIConnectorTest, testInstance = com.clarolab.integration.test.connectors.JenkinsCIConnectorTest@53e1f1e1, testMethod = verifyConnection@JenkinsCIConnectorTest, testException = [null], mergedContextConfiguration = [WebMergedContextConfiguration@221fd541 testClass = JenkinsCIConnectorTest, locations = '{}', classes = '{class com.clarolab.QAReportApplication, class com.clarolab.QAReportApplication}', contextInitializerClasses = '[]', activeProfiles = '{}', propertySourceLocations = '{}', propertySourceProperties = '{org.springframework.boot.test.context.SpringBootTestContextBootstrapper=true}', contextCustomizers = set[org.springframework.boot.test.context.filter.ExcludeFilterContextCustomizer@11e21d0e, org.springframework.boot.test.json.DuplicateJsonObjectContextCustomizerFactory$DuplicateJsonObjectContextCustomizer@3e77a1ed, org.springframework.boot.test.mock.mockito.MockitoContextCustomizer@0, org.springframework.boot.test.web.client.TestRestTemplateContextCustomizer@27c6e487, org.springframework.boot.test.autoconfigure.properties.PropertyMappingContextCustomizer@0, org.springframework.boot.test.autoconfigure.web.servlet.WebDriverContextCustomizerFactory$Customizer@709ba3fb], resourceBasePath = 'src/main/webapp', contextLoader = 'org.springframework.boot.test.context.SpringBootContextLoader', parent = [null]], attributes = map['org.springframework.test.context.web.ServletTestExecutionListener.activateListener' -> true, 'org.springframework.test.context.web.ServletTestExecutionListener.populatedRequestContextHolder' -> true, 'org.springframework.test.context.web.ServletTestExecutionListener.resetRequestContextHolder' -> true]]; transaction manager [org.springframework.orm.jpa.JpaTransactionManager@2cacb73b]; rollback [true]
2019-02-07 16:04:58.109  INFO 31872 --- [           main] o.s.t.c.transaction.TransactionContext   : Rolled back transaction for test: [DefaultTestContext@267aa736 testClass = JenkinsCIConnectorTest, testInstance = com.clarolab.integration.test.connectors.JenkinsCIConnectorTest@53e1f1e1, testMethod = verifyConnection@JenkinsCIConnectorTest, testException = org.junit.AssumptionViolatedException: got: <false>, expected: is <true>, mergedContextConfiguration = [WebMergedContextConfiguration@221fd541 testClass = JenkinsCIConnectorTest, locations = '{}', classes = '{class com.clarolab.QAReportApplication, class com.clarolab.QAReportApplication}', contextInitializerClasses = '[]', activeProfiles = '{}', propertySourceLocations = '{}', propertySourceProperties = '{org.springframework.boot.test.context.SpringBootTestContextBootstrapper=true}', contextCustomizers = set[org.springframework.boot.test.context.filter.ExcludeFilterContextCustomizer@11e21d0e, org.springframework.boot.test.json.DuplicateJsonObjectContextCustomizerFactory$DuplicateJsonObjectContextCustomizer@3e77a1ed, org.springframework.boot.test.mock.mockito.MockitoContextCustomizer@0, org.springframework.boot.test.web.client.TestRestTemplateContextCustomizer@27c6e487, org.springframework.boot.test.autoconfigure.properties.PropertyMappingContextCustomizer@0, org.springframework.boot.test.autoconfigure.web.servlet.WebDriverContextCustomizerFactory$Customizer@709ba3fb], resourceBasePath = 'src/main/webapp', contextLoader = 'org.springframework.boot.test.context.SpringBootContextLoader', parent = [null]], attributes = map['org.springframework.test.context.web.ServletTestExecutionListener.activateListener' -> true, 'org.springframework.test.context.web.ServletTestExecutionListener.populatedRequestContextHolder' -> true, 'org.springframework.test.context.web.ServletTestExecutionListener.resetRequestContextHolder' -> true]]
]]></system-out>
  </testcase>
  <testcase name="verifyDisconnection" classname="com.clarolab.integration.test.connectors.JenkinsCIConnectorTest" time="0">
    <skipped message="got: &lt;false&gt;, expected: is &lt;true&gt;"/>
    <system-out><![CDATA[2019-02-07 16:04:58.112  INFO 31872 --- [           main] o.s.t.c.transaction.TransactionContext   : Began transaction (1) for test context [DefaultTestContext@267aa736 testClass = JenkinsCIConnectorTest, testInstance = com.clarolab.integration.test.connectors.JenkinsCIConnectorTest@2a4cc4fb, testMethod = verifyDisconnection@JenkinsCIConnectorTest, testException = [null], mergedContextConfiguration = [WebMergedContextConfiguration@221fd541 testClass = JenkinsCIConnectorTest, locations = '{}', classes = '{class com.clarolab.QAReportApplication, class com.clarolab.QAReportApplication}', contextInitializerClasses = '[]', activeProfiles = '{}', propertySourceLocations = '{}', propertySourceProperties = '{org.springframework.boot.test.context.SpringBootTestContextBootstrapper=true}', contextCustomizers = set[org.springframework.boot.test.context.filter.ExcludeFilterContextCustomizer@11e21d0e, org.springframework.boot.test.json.DuplicateJsonObjectContextCustomizerFactory$DuplicateJsonObjectContextCustomizer@3e77a1ed, org.springframework.boot.test.mock.mockito.MockitoContextCustomizer@0, org.springframework.boot.test.web.client.TestRestTemplateContextCustomizer@27c6e487, org.springframework.boot.test.autoconfigure.properties.PropertyMappingContextCustomizer@0, org.springframework.boot.test.autoconfigure.web.servlet.WebDriverContextCustomizerFactory$Customizer@709ba3fb], resourceBasePath = 'src/main/webapp', contextLoader = 'org.springframework.boot.test.context.SpringBootContextLoader', parent = [null]], attributes = map['org.springframework.test.context.web.ServletTestExecutionListener.activateListener' -> true, 'org.springframework.test.context.web.ServletTestExecutionListener.populatedRequestContextHolder' -> true, 'org.springframework.test.context.web.ServletTestExecutionListener.resetRequestContextHolder' -> true]]; transaction manager [org.springframework.orm.jpa.JpaTransactionManager@2cacb73b]; rollback [true]
2019-02-07 16:04:58.115  INFO 31872 --- [           main] o.s.t.c.transaction.TransactionContext   : Rolled back transaction for test: [DefaultTestContext@267aa736 testClass = JenkinsCIConnectorTest, testInstance = com.clarolab.integration.test.connectors.JenkinsCIConnectorTest@2a4cc4fb, testMethod = verifyDisconnection@JenkinsCIConnectorTest, testException = org.junit.AssumptionViolatedException: got: <false>, expected: is <true>, mergedContextConfiguration = [WebMergedContextConfiguration@221fd541 testClass = JenkinsCIConnectorTest, locations = '{}', classes = '{class com.clarolab.QAReportApplication, class com.clarolab.QAReportApplication}', contextInitializerClasses = '[]', activeProfiles = '{}', propertySourceLocations = '{}', propertySourceProperties = '{org.springframework.boot.test.context.SpringBootTestContextBootstrapper=true}', contextCustomizers = set[org.springframework.boot.test.context.filter.ExcludeFilterContextCustomizer@11e21d0e, org.springframework.boot.test.json.DuplicateJsonObjectContextCustomizerFactory$DuplicateJsonObjectContextCustomizer@3e77a1ed, org.springframework.boot.test.mock.mockito.MockitoContextCustomizer@0, org.springframework.boot.test.web.client.TestRestTemplateContextCustomizer@27c6e487, org.springframework.boot.test.autoconfigure.properties.PropertyMappingContextCustomizer@0, org.springframework.boot.test.autoconfigure.web.servlet.WebDriverContextCustomizerFactory$Customizer@709ba3fb], resourceBasePath = 'src/main/webapp', contextLoader = 'org.springframework.boot.test.context.SpringBootContextLoader', parent = [null]], attributes = map['org.springframework.test.context.web.ServletTestExecutionListener.activateListener' -> true, 'org.springframework.test.context.web.ServletTestExecutionListener.populatedRequestContextHolder' -> true, 'org.springframework.test.context.web.ServletTestExecutionListener.resetRequestContextHolder' -> true]]
]]></system-out>
  </testcase>
  <testcase name="getExecutorWithARangeOfBuildsTest" classname="com.clarolab.integration.test.connectors.JenkinsCIConnectorTest" time="0">
    <skipped message="got: &lt;false&gt;, expected: is &lt;true&gt;"/>
    <system-out><![CDATA[2019-02-07 16:04:58.116  INFO 31872 --- [           main] o.s.t.c.transaction.TransactionContext   : Began transaction (1) for test context [DefaultTestContext@267aa736 testClass = JenkinsCIConnectorTest, testInstance = com.clarolab.integration.test.connectors.JenkinsCIConnectorTest@7a5dff85, testMethod = getExecutorWithARangeOfBuildsTest@JenkinsCIConnectorTest, testException = [null], mergedContextConfiguration = [WebMergedContextConfiguration@221fd541 testClass = JenkinsCIConnectorTest, locations = '{}', classes = '{class com.clarolab.QAReportApplication, class com.clarolab.QAReportApplication}', contextInitializerClasses = '[]', activeProfiles = '{}', propertySourceLocations = '{}', propertySourceProperties = '{org.springframework.boot.test.context.SpringBootTestContextBootstrapper=true}', contextCustomizers = set[org.springframework.boot.test.context.filter.ExcludeFilterContextCustomizer@11e21d0e, org.springframework.boot.test.json.DuplicateJsonObjectContextCustomizerFactory$DuplicateJsonObjectContextCustomizer@3e77a1ed, org.springframework.boot.test.mock.mockito.MockitoContextCustomizer@0, org.springframework.boot.test.web.client.TestRestTemplateContextCustomizer@27c6e487, org.springframework.boot.test.autoconfigure.properties.PropertyMappingContextCustomizer@0, org.springframework.boot.test.autoconfigure.web.servlet.WebDriverContextCustomizerFactory$Customizer@709ba3fb], resourceBasePath = 'src/main/webapp', contextLoader = 'org.springframework.boot.test.context.SpringBootContextLoader', parent = [null]], attributes = map['org.springframework.test.context.web.ServletTestExecutionListener.activateListener' -> true, 'org.springframework.test.context.web.ServletTestExecutionListener.populatedRequestContextHolder' -> true, 'org.springframework.test.context.web.ServletTestExecutionListener.resetRequestContextHolder' -> true]]; transaction manager [org.springframework.orm.jpa.JpaTransactionManager@2cacb73b]; rollback [true]
2019-02-07 16:04:58.118  INFO 31872 --- [           main] o.s.t.c.transaction.TransactionContext   : Rolled back transaction for test: [DefaultTestContext@267aa736 testClass = JenkinsCIConnectorTest, testInstance = com.clarolab.integration.test.connectors.JenkinsCIConnectorTest@7a5dff85, testMethod = getExecutorWithARangeOfBuildsTest@JenkinsCIConnectorTest, testException = org.junit.AssumptionViolatedException: got: <false>, expected: is <true>, mergedContextConfiguration = [WebMergedContextConfiguration@221fd541 testClass = JenkinsCIConnectorTest, locations = '{}', classes = '{class com.clarolab.QAReportApplication, class com.clarolab.QAReportApplication}', contextInitializerClasses = '[]', activeProfiles = '{}', propertySourceLocations = '{}', propertySourceProperties = '{org.springframework.boot.test.context.SpringBootTestContextBootstrapper=true}', contextCustomizers = set[org.springframework.boot.test.context.filter.ExcludeFilterContextCustomizer@11e21d0e, org.springframework.boot.test.json.DuplicateJsonObjectContextCustomizerFactory$DuplicateJsonObjectContextCustomizer@3e77a1ed, org.springframework.boot.test.mock.mockito.MockitoContextCustomizer@0, org.springframework.boot.test.web.client.TestRestTemplateContextCustomizer@27c6e487, org.springframework.boot.test.autoconfigure.properties.PropertyMappingContextCustomizer@0, org.springframework.boot.test.autoconfigure.web.servlet.WebDriverContextCustomizerFactory$Customizer@709ba3fb], resourceBasePath = 'src/main/webapp', contextLoader = 'org.springframework.boot.test.context.SpringBootContextLoader', parent = [null]], attributes = map['org.springframework.test.context.web.ServletTestExecutionListener.activateListener' -> true, 'org.springframework.test.context.web.ServletTestExecutionListener.populatedRequestContextHolder' -> true, 'org.springframework.test.context.web.ServletTestExecutionListener.resetRequestContextHolder' -> true]]
]]></system-out>
  </testcase>
  <testcase name="getExecutorInfoTest" classname="com.clarolab.integration.test.connectors.JenkinsCIConnectorTest" time="0">
    <skipped message="got: &lt;false&gt;, expected: is &lt;true&gt;"/>
    <system-out><![CDATA[2019-02-07 16:04:58.119  INFO 31872 --- [           main] o.s.t.c.transaction.TransactionContext   : Began transaction (1) for test context [DefaultTestContext@267aa736 testClass = JenkinsCIConnectorTest, testInstance = com.clarolab.integration.test.connectors.JenkinsCIConnectorTest@7a013742, testMethod = getExecutorInfoTest@JenkinsCIConnectorTest, testException = [null], mergedContextConfiguration = [WebMergedContextConfiguration@221fd541 testClass = JenkinsCIConnectorTest, locations = '{}', classes = '{class com.clarolab.QAReportApplication, class com.clarolab.QAReportApplication}', contextInitializerClasses = '[]', activeProfiles = '{}', propertySourceLocations = '{}', propertySourceProperties = '{org.springframework.boot.test.context.SpringBootTestContextBootstrapper=true}', contextCustomizers = set[org.springframework.boot.test.context.filter.ExcludeFilterContextCustomizer@11e21d0e, org.springframework.boot.test.json.DuplicateJsonObjectContextCustomizerFactory$DuplicateJsonObjectContextCustomizer@3e77a1ed, org.springframework.boot.test.mock.mockito.MockitoContextCustomizer@0, org.springframework.boot.test.web.client.TestRestTemplateContextCustomizer@27c6e487, org.springframework.boot.test.autoconfigure.properties.PropertyMappingContextCustomizer@0, org.springframework.boot.test.autoconfigure.web.servlet.WebDriverContextCustomizerFactory$Customizer@709ba3fb], resourceBasePath = 'src/main/webapp', contextLoader = 'org.springframework.boot.test.context.SpringBootContextLoader', parent = [null]], attributes = map['org.springframework.test.context.web.ServletTestExecutionListener.activateListener' -> true, 'org.springframework.test.context.web.ServletTestExecutionListener.populatedRequestContextHolder' -> true, 'org.springframework.test.context.web.ServletTestExecutionListener.resetRequestContextHolder' -> true]]; transaction manager [org.springframework.orm.jpa.JpaTransactionManager@2cacb73b]; rollback [true]
2019-02-07 16:04:58.121  INFO 31872 --- [           main] o.s.t.c.transaction.TransactionContext   : Rolled back transaction for test: [DefaultTestContext@267aa736 testClass = JenkinsCIConnectorTest, testInstance = com.clarolab.integration.test.connectors.JenkinsCIConnectorTest@7a013742, testMethod = getExecutorInfoTest@JenkinsCIConnectorTest, testException = org.junit.AssumptionViolatedException: got: <false>, expected: is <true>, mergedContextConfiguration = [WebMergedContextConfiguration@221fd541 testClass = JenkinsCIConnectorTest, locations = '{}', classes = '{class com.clarolab.QAReportApplication, class com.clarolab.QAReportApplication}', contextInitializerClasses = '[]', activeProfiles = '{}', propertySourceLocations = '{}', propertySourceProperties = '{org.springframework.boot.test.context.SpringBootTestContextBootstrapper=true}', contextCustomizers = set[org.springframework.boot.test.context.filter.ExcludeFilterContextCustomizer@11e21d0e, org.springframework.boot.test.json.DuplicateJsonObjectContextCustomizerFactory$DuplicateJsonObjectContextCustomizer@3e77a1ed, org.springframework.boot.test.mock.mockito.MockitoContextCustomizer@0, org.springframework.boot.test.web.client.TestRestTemplateContextCustomizer@27c6e487, org.springframework.boot.test.autoconfigure.properties.PropertyMappingContextCustomizer@0, org.springframework.boot.test.autoconfigure.web.servlet.WebDriverContextCustomizerFactory$Customizer@709ba3fb], resourceBasePath = 'src/main/webapp', contextLoader = 'org.springframework.boot.test.context.SpringBootContextLoader', parent = [null]], attributes = map['org.springframework.test.context.web.ServletTestExecutionListener.activateListener' -> true, 'org.springframework.test.context.web.ServletTestExecutionListener.populatedRequestContextHolder' -> true, 'org.springframework.test.context.web.ServletTestExecutionListener.resetRequestContextHolder' -> true]]
]]></system-out>
  </testcase>
  <testcase name="getExecutorsInViewTest" classname="com.clarolab.integration.test.connectors.JenkinsCIConnectorTest" time="0">
    <skipped message="got: &lt;false&gt;, expected: is &lt;true&gt;"/>
    <system-out><![CDATA[2019-02-07 16:04:58.123  INFO 31872 --- [           main] o.s.t.c.transaction.TransactionContext   : Began transaction (1) for test context [DefaultTestContext@267aa736 testClass = JenkinsCIConnectorTest, testInstance = com.clarolab.integration.test.connectors.JenkinsCIConnectorTest@4139d8f0, testMethod = getExecutorsInViewTest@JenkinsCIConnectorTest, testException = [null], mergedContextConfiguration = [WebMergedContextConfiguration@221fd541 testClass = JenkinsCIConnectorTest, locations = '{}', classes = '{class com.clarolab.QAReportApplication, class com.clarolab.QAReportApplication}', contextInitializerClasses = '[]', activeProfiles = '{}', propertySourceLocations = '{}', propertySourceProperties = '{org.springframework.boot.test.context.SpringBootTestContextBootstrapper=true}', contextCustomizers = set[org.springframework.boot.test.context.filter.ExcludeFilterContextCustomizer@11e21d0e, org.springframework.boot.test.json.DuplicateJsonObjectContextCustomizerFactory$DuplicateJsonObjectContextCustomizer@3e77a1ed, org.springframework.boot.test.mock.mockito.MockitoContextCustomizer@0, org.springframework.boot.test.web.client.TestRestTemplateContextCustomizer@27c6e487, org.springframework.boot.test.autoconfigure.properties.PropertyMappingContextCustomizer@0, org.springframework.boot.test.autoconfigure.web.servlet.WebDriverContextCustomizerFactory$Customizer@709ba3fb], resourceBasePath = 'src/main/webapp', contextLoader = 'org.springframework.boot.test.context.SpringBootContextLoader', parent = [null]], attributes = map['org.springframework.test.context.web.ServletTestExecutionListener.activateListener' -> true, 'org.springframework.test.context.web.ServletTestExecutionListener.populatedRequestContextHolder' -> true, 'org.springframework.test.context.web.ServletTestExecutionListener.resetRequestContextHolder' -> true]]; transaction manager [org.springframework.orm.jpa.JpaTransactionManager@2cacb73b]; rollback [true]
2019-02-07 16:04:58.124  INFO 31872 --- [           main] o.s.t.c.transaction.TransactionContext   : Rolled back transaction for test: [DefaultTestContext@267aa736 testClass = JenkinsCIConnectorTest, testInstance = com.clarolab.integration.test.connectors.JenkinsCIConnectorTest@4139d8f0, testMethod = getExecutorsInViewTest@JenkinsCIConnectorTest, testException = org.junit.AssumptionViolatedException: got: <false>, expected: is <true>, mergedContextConfiguration = [WebMergedContextConfiguration@221fd541 testClass = JenkinsCIConnectorTest, locations = '{}', classes = '{class com.clarolab.QAReportApplication, class com.clarolab.QAReportApplication}', contextInitializerClasses = '[]', activeProfiles = '{}', propertySourceLocations = '{}', propertySourceProperties = '{org.springframework.boot.test.context.SpringBootTestContextBootstrapper=true}', contextCustomizers = set[org.springframework.boot.test.context.filter.ExcludeFilterContextCustomizer@11e21d0e, org.springframework.boot.test.json.DuplicateJsonObjectContextCustomizerFactory$DuplicateJsonObjectContextCustomizer@3e77a1ed, org.springframework.boot.test.mock.mockito.MockitoContextCustomizer@0, org.springframework.boot.test.web.client.TestRestTemplateContextCustomizer@27c6e487, org.springframework.boot.test.autoconfigure.properties.PropertyMappingContextCustomizer@0, org.springframework.boot.test.autoconfigure.web.servlet.WebDriverContextCustomizerFactory$Customizer@709ba3fb], resourceBasePath = 'src/main/webapp', contextLoader = 'org.springframework.boot.test.context.SpringBootContextLoader', parent = [null]], attributes = map['org.springframework.test.context.web.ServletTestExecutionListener.activateListener' -> true, 'org.springframework.test.context.web.ServletTestExecutionListener.populatedRequestContextHolder' -> true, 'org.springframework.test.context.web.ServletTestExecutionListener.resetRequestContextHolder' -> true]]
]]></system-out>
  </testcase>
  <testcase name="listAllBuilds" classname="com.clarolab.unit.test.BuilderServiceUnitTest" time="0.012"/>
  <testcase name="updateBuild" classname="com.clarolab.unit.test.BuilderServiceUnitTest" time="0"/>
  <testcase name="createBuild" classname="com.clarolab.unit.test.BuilderServiceUnitTest" time="0"/>
  <testcase name="createNullBuild" classname="com.clarolab.unit.test.BuilderServiceUnitTest" time="0"/>
  <testcase name="findByUsernameUser" classname="com.clarolab.unit.test.UserServiceUnitTest" time="0"/>
  <testcase name="listAllUsers" classname="com.clarolab.unit.test.UserServiceUnitTest" time="0"/>
  <testcase name="createNullUser" classname="com.clarolab.unit.test.UserServiceUnitTest" time="0.001"/>
  <testcase name="updateUser" classname="com.clarolab.unit.test.UserServiceUnitTest" time="0.001"/>
  <testcase name="createInvalidUsernameUser" classname="com.clarolab.unit.test.UserServiceUnitTest" time="0.001"/>
</testsuite>