<?xml version="1.0" encoding="UTF-8"?>
<testsuite xmlns:xsi="http://www.w3.org/2001/XMLSchema-instance" xsi:noNamespaceSchemaLocation="https://maven.apache.org/surefire/maven-surefire-plugin/xsd/surefire-test-report-3.0.xsd" version="3.0" name="io.jenkins.plugin.unit.bvt.BVTUnitTest" time="0.027" tests="1" errors="0" skipped="0" failures="0">
  <properties>
    <property name="awt.toolkit" value="sun.awt.X11.XToolkit"/>
    <property name="hudson.udp" value="-1"/>
    <property name="file.encoding.pkg" value="sun.io"/>
    <property name="java.specification.version" value="1.8"/>
    <property name="sun.cpu.isalist" value=""/>
    <property name="sun.jnu.encoding" value="UTF-8"/>
    <property name="java.class.path" value="/var/jenkins_home/.m2/repository/org/apache/maven/surefire/surefire-booter/3.0.0-M3/surefire-booter-3.0.0-M3.jar:/var/jenkins_home/.m2/repository/org/apache/maven/surefire/surefire-api/3.0.0-M3/surefire-api-3.0.0-M3.jar:/var/jenkins_home/.m2/repository/org/apache/maven/surefire/surefire-logger-api/3.0.0-M3/surefire-logger-api-3.0.0-M3.jar:/var/jenkins_home/workspace/TTriage Plugin/target/test-classes:/var/jenkins_home/workspace/TTriage Plugin/target/classes:/var/jenkins_home/.m2/repository/org/apache/httpcomponents/httpclient/4.5.8/httpclient-4.5.8.jar:/var/jenkins_home/.m2/repository/org/apache/httpcomponents/httpcore/4.4.11/httpcore-4.4.11.jar:/var/jenkins_home/.m2/repository/commons-logging/commons-logging/1.2/commons-logging-1.2.jar:/var/jenkins_home/.m2/repository/commons-codec/commons-codec/1.11/commons-codec-1.11.jar:/var/jenkins_home/.m2/repository/org/apache/commons/commons-lang3/3.9/commons-lang3-3.9.jar:/var/jenkins_home/.m2/repository/org/codehaus/jackson/jackson-mapper-asl/1.9.13/jackson-mapper-asl-1.9.13.jar:/var/jenkins_home/.m2/repository/org/codehaus/jackson/jackson-core-asl/1.9.13/jackson-core-asl-1.9.13.jar:/var/jenkins_home/.m2/repository/com/google/code/findbugs/annotations/3.0.0/annotations-3.0.0.jar:/var/jenkins_home/.m2/repository/net/jcip/jcip-annotations/1.0/jcip-annotations-1.0.jar:/var/jenkins_home/.m2/repository/org/codehaus/mojo/animal-sniffer-annotations/1.14/animal-sniffer-annotations-1.14.jar:/var/jenkins_home/.m2/repository/javax/servlet/javax.servlet-api/3.1.0/javax.servlet-api-3.1.0.jar:/var/jenkins_home/.m2/repository/org/jenkins-ci/main/jenkins-core/2.7.3/jenkins-core-2.7.3.jar:/var/jenkins_home/.m2/repository/org/jenkins-ci/plugins/icon-shim/icon-set/1.0.5/icon-set-1.0.5.jar:/var/jenkins_home/.m2/repository/org/jenkins-ci/main/remoting/2.60/remoting-2.60.jar:/var/jenkins_home/.m2/repository/org/jenkins-ci/constant-pool-scanner/1.2/constant-pool-scanner-1.2.jar:/var/jenkins_home/.m2/repository/org/jenkins-ci/main/cli/2.7.3/cli-2.7.3.jar:/var/jenkins_home/.m2/repository/org/jenkins-ci/version-number/1.1/version-number-1.1.jar:/var/jenkins_home/.m2/repository/org/jenkins-ci/crypto-util/1.1/crypto-util-1.1.jar:/var/jenkins_home/.m2/repository/org/jvnet/hudson/jtidy/4aug2000r7-dev-hudson-1/jtidy-4aug2000r7-dev-hudson-1.jar:/var/jenkins_home/.m2/repository/com/google/inject/guice/4.0-beta/guice-4.0-beta.jar:/var/jenkins_home/.m2/repository/javax/inject/javax.inject/1/javax.inject-1.jar:/var/jenkins_home/.m2/repository/aopalliance/aopalliance/1.0/aopalliance-1.0.jar:/var/jenkins_home/.m2/repository/org/jruby/ext/posix/jna-posix/1.0.3-jenkins-1/jna-posix-1.0.3-jenkins-1.jar:/var/jenkins_home/.m2/repository/com/github/jnr/jnr-posix/3.0.1/jnr-posix-3.0.1.jar:/var/jenkins_home/.m2/repository/com/github/jnr/jnr-ffi/1.0.7/jnr-ffi-1.0.7.jar:/var/jenkins_home/.m2/repository/com/github/jnr/jffi/1.2.7/jffi-1.2.7.jar:/var/jenkins_home/.m2/repository/com/github/jnr/jffi/1.2.7/jffi-1.2.7-native.jar:/var/jenkins_home/.m2/repository/org/ow2/asm/asm/4.0/asm-4.0.jar:/var/jenkins_home/.m2/repository/org/ow2/asm/asm-commons/4.0/asm-commons-4.0.jar:/var/jenkins_home/.m2/repository/org/ow2/asm/asm-analysis/4.0/asm-analysis-4.0.jar:/var/jenkins_home/.m2/repository/org/ow2/asm/asm-tree/4.0/asm-tree-4.0.jar:/var/jenkins_home/.m2/repository/org/ow2/asm/asm-util/4.0/asm-util-4.0.jar:/var/jenkins_home/.m2/repository/com/github/jnr/jnr-x86asm/1.0.2/jnr-x86asm-1.0.2.jar:/var/jenkins_home/.m2/repository/com/github/jnr/jnr-constants/0.8.5/jnr-constants-0.8.5.jar:/var/jenkins_home/.m2/repository/org/kohsuke/trilead-putty-extension/1.2/trilead-putty-extension-1.2.jar:/var/jenkins_home/.m2/repository/org/jenkins-ci/trilead-ssh2/build217-jenkins-8/trilead-ssh2-build217-jenkins-8.jar:/var/jenkins_home/.m2/repository/org/kohsuke/stapler/stapler-groovy/1.243/stapler-groovy-1.243.jar:/var/jenkins_home/.m2/repository/org/kohsuke/stapler/stapler-jelly/1.243/stapler-jelly-1.243.jar:/var/jenkins_home/.m2/repository/org/jenkins-ci/commons-jelly/1.1-jenkins-20120928/commons-jelly-1.1-jenkins-20120928.jar:/var/jenkins_home/.m2/repository/org/jenkins-ci/dom4j/dom4j/1.6.1-jenkins-4/dom4j-1.6.1-jenkins-4.jar:/var/jenkins_home/.m2/repository/org/kohsuke/stapler/stapler-jrebel/1.243/stapler-jrebel-1.243.jar:/var/jenkins_home/.m2/repository/org/kohsuke/stapler/stapler/1.243/stapler-1.243.jar:/var/jenkins_home/.m2/repository/javax/annotation/javax.annotation-api/1.2/javax.annotation-api-1.2.jar:/var/jenkins_home/.m2/repository/commons-discovery/commons-discovery/0.4/commons-discovery-0.4.jar:/var/jenkins_home/.m2/repository/org/jvnet/tiger-types/2.2/tiger-types-2.2.jar:/var/jenkins_home/.m2/repository/org/kohsuke/windows-package-checker/1.2/windows-package-checker-1.2.jar:/var/jenkins_home/.m2/repository/org/kohsuke/stapler/stapler-adjunct-zeroclipboard/1.3.5-1/stapler-adjunct-zeroclipboard-1.3.5-1.jar:/var/jenkins_home/.m2/repository/org/kohsuke/stapler/stapler-adjunct-timeline/1.4/stapler-adjunct-timeline-1.4.jar:/var/jenkins_home/.m2/repository/org/kohsuke/stapler/stapler-adjunct-codemirror/1.3/stapler-adjunct-codemirror-1.3.jar:/var/jenkins_home/.m2/repository/com/infradna/tool/bridge-method-annotation/1.13/bridge-method-annotation-1.13.jar:/var/jenkins_home/.m2/repository/org/kohsuke/stapler/json-lib/2.4-jenkins-2/json-lib-2.4-jenkins-2.jar:/var/jenkins_home/.m2/repository/net/sf/ezmorph/ezmorph/1.0.6/ezmorph-1.0.6.jar:/var/jenkins_home/.m2/repository/commons-httpclient/commons-httpclient/3.1/commons-httpclient-3.1.jar:/var/jenkins_home/.m2/repository/args4j/args4j/2.0.31/args4j-2.0.31.jar:/var/jenkins_home/.m2/repository/org/jenkins-ci/annotation-indexer/1.11/annotation-indexer-1.11.jar:/var/jenkins_home/.m2/repository/org/jenkins-ci/bytecode-compatibility-transformer/1.8/bytecode-compatibility-transformer-1.8.jar:/var/jenkins_home/.m2/repository/org/kohsuke/asm5/5.0.1/asm5-5.0.1.jar:/var/jenkins_home/.m2/repository/org/jenkins-ci/task-reactor/1.4/task-reactor-1.4.jar:/var/jenkins_home/.m2/repository/org/jvnet/localizer/localizer/1.23/localizer-1.23.jar:/var/jenkins_home/.m2/repository/antlr/antlr/2.7.6/antlr-2.7.6.jar:/var/jenkins_home/.m2/repository/org/jvnet/hudson/xstream/1.4.7-jenkins-1/xstream-1.4.7-jenkins-1.jar:/var/jenkins_home/.m2/repository/jfree/jfreechart/1.0.9/jfreechart-1.0.9.jar:/var/jenkins_home/.m2/repository/jfree/jcommon/1.0.12/jcommon-1.0.12.jar:/var/jenkins_home/.m2/repository/org/apache/ant/ant/1.8.4/ant-1.8.4.jar:/var/jenkins_home/.m2/repository/org/apache/ant/ant-launcher/1.8.4/ant-launcher-1.8.4.jar:/var/jenkins_home/.m2/repository/commons-io/commons-io/2.4/commons-io-2.4.jar:/var/jenkins_home/.m2/repository/commons-lang/commons-lang/2.6/commons-lang-2.6.jar:/var/jenkins_home/.m2/repository/commons-digester/commons-digester/2.1/commons-digester-2.1.jar:/var/jenkins_home/.m2/repository/commons-beanutils/commons-beanutils/1.8.3/commons-beanutils-1.8.3.jar:/var/jenkins_home/.m2/repository/org/apache/commons/commons-compress/1.10/commons-compress-1.10.jar:/var/jenkins_home/.m2/repository/javax/mail/mail/1.4.4/mail-1.4.4.jar:/var/jenkins_home/.m2/repository/org/jvnet/hudson/activation/1.1.1-hudson-1/activation-1.1.1-hudson-1.jar:/var/jenkins_home/.m2/repository/jaxen/jaxen/1.1-beta-11/jaxen-1.1-beta-11.jar:/var/jenkins_home/.m2/repository/commons-jelly/commons-jelly-tags-fmt/1.0/commons-jelly-tags-fmt-1.0.jar:/var/jenkins_home/.m2/repository/commons-jelly/commons-jelly-tags-xml/1.1/commons-jelly-tags-xml-1.1.jar:/var/jenkins_home/.m2/repository/org/jvnet/hudson/commons-jelly-tags-define/1.0.1-hudson-20071021/commons-jelly-tags-define-1.0.1-hudson-20071021.jar:/var/jenkins_home/.m2/repository/org/jenkins-ci/commons-jexl/1.1-jenkins-20111212/commons-jexl-1.1-jenkins-20111212.jar:/var/jenkins_home/.m2/repository/org/acegisecurity/acegi-security/1.0.7/acegi-security-1.0.7.jar:/var/jenkins_home/.m2/repository/org/springframework/spring-jdbc/1.2.9/spring-jdbc-1.2.9.jar:/var/jenkins_home/.m2/repository/org/springframework/spring-dao/1.2.9/spring-dao-1.2.9.jar:/var/jenkins_home/.m2/repository/oro/oro/2.0.8/oro-2.0.8.jar:/var/jenkins_home/.m2/repository/log4j/log4j/1.2.17/log4j-1.2.17.jar:/var/jenkins_home/.m2/repository/org/codehaus/groovy/groovy-all/2.4.7/groovy-all-2.4.7.jar:/var/jenkins_home/.m2/repository/jline/jline/2.12/jline-2.12.jar:/var/jenkins_home/.m2/repository/org/fusesource/jansi/jansi/1.11/jansi-1.11.jar:/var/jenkins_home/.m2/repository/org/springframework/spring-webmvc/2.5.6.SEC03/spring-webmvc-2.5.6.SEC03.jar:/var/jenkins_home/.m2/repository/org/springframework/spring-beans/2.5.6.SEC03/spring-beans-2.5.6.SEC03.jar:/var/jenkins_home/.m2/repository/org/springframework/spring-context/2.5.6.SEC03/spring-context-2.5.6.SEC03.jar:/var/jenkins_home/.m2/repository/org/springframework/spring-context-support/2.5.6.SEC03/spring-context-support-2.5.6.SEC03.jar:/var/jenkins_home/.m2/repository/org/springframework/spring-web/2.5.6.SEC03/spring-web-2.5.6.SEC03.jar:/var/jenkins_home/.m2/repository/org/springframework/spring-core/2.5.6.SEC03/spring-core-2.5.6.SEC03.jar:/var/jenkins_home/.m2/repository/org/springframework/spring-aop/2.5.6.SEC03/spring-aop-2.5.6.SEC03.jar:/var/jenkins_home/.m2/repository/xpp3/xpp3/1.1.4c/xpp3-1.1.4c.jar:/var/jenkins_home/.m2/repository/javax/servlet/jstl/1.1.0/jstl-1.1.0.jar:/var/jenkins_home/.m2/repository/com/sun/xml/txw2/txw2/20110809/txw2-20110809.jar:/var/jenkins_home/.m2/repository/javax/xml/stream/stax-api/1.0-2/stax-api-1.0-2.jar:/var/jenkins_home/.m2/repository/relaxngDatatype/relaxngDatatype/20020414/relaxngDatatype-20020414.jar:/var/jenkins_home/.m2/repository/commons-collections/commons-collections/3.2.1/commons-collections-3.2.1.jar:/var/jenkins_home/.m2/repository/org/jvnet/winp/winp/1.22/winp-1.22.jar:/var/jenkins_home/.m2/repository/org/jenkins-ci/memory-monitor/1.9/memory-monitor-1.9.jar:/var/jenkins_home/.m2/repository/org/codehaus/woodstox/wstx-asl/3.2.9/wstx-asl-3.2.9.jar:/var/jenkins_home/.m2/repository/stax/stax-api/1.0.1/stax-api-1.0.1.jar:/var/jenkins_home/.m2/repository/org/jenkins-ci/jmdns/3.4.0-jenkins-3/jmdns-3.4.0-jenkins-3.jar:/var/jenkins_home/.m2/repository/net/java/dev/jna/jna/4.2.1/jna-4.2.1.jar:/var/jenkins_home/.m2/repository/org/kohsuke/akuma/1.10/akuma-1.10.jar:/var/jenkins_home/.m2/repository/org/kohsuke/libpam4j/1.8/libpam4j-1.8.jar:/var/jenkins_home/.m2/repository/org/jvnet/libzfs/libzfs/0.5/libzfs-0.5.jar:/var/jenkins_home/.m2/repository/com/sun/solaris/embedded_su4j/1.1/embedded_su4j-1.1.jar:/var/jenkins_home/.m2/repository/net/java/sezpoz/sezpoz/1.11/sezpoz-1.11.jar:/var/jenkins_home/.m2/repository/org/kohsuke/jinterop/j-interop/2.0.6-kohsuke-1/j-interop-2.0.6-kohsuke-1.jar:/var/jenkins_home/.m2/repository/org/kohsuke/jinterop/j-interopdeps/2.0.6-kohsuke-1/j-interopdeps-2.0.6-kohsuke-1.jar:/var/jenkins_home/.m2/repository/org/samba/jcifs/jcifs/1.2.19/jcifs-1.2.19.jar:/var/jenkins_home/.m2/repository/org/jvnet/robust-http-client/robust-http-client/1.2/robust-http-client-1.2.jar:/var/jenkins_home/.m2/repository/org/jenkins-ci/symbol-annotation/1.1/symbol-annotation-1.1.jar:/var/jenkins_home/.m2/repository/org/kohsuke/access-modifier-annotation/1.4/access-modifier-annotation-1.4.jar:/var/jenkins_home/.m2/repository/commons-fileupload/commons-fileupload/1.3.1-jenkins-1/commons-fileupload-1.3.1-jenkins-1.jar:/var/jenkins_home/.m2/repository/org/mindrot/jbcrypt/0.3m/jbcrypt-0.3m.jar:/var/jenkins_home/.m2/repository/com/google/guava/guava/11.0.1/guava-11.0.1.jar:/var/jenkins_home/.m2/repository/com/google/code/findbugs/jsr305/1.3.9/jsr305-1.3.9.jar:/var/jenkins_home/.m2/repository/com/jcraft/jzlib/1.1.3-kohsuke-1/jzlib-1.1.3-kohsuke-1.jar:/var/jenkins_home/.m2/repository/org/jenkins-ci/main/jenkins-war/2.7.3/jenkins-war-2.7.3.war:/var/jenkins_home/.m2/repository/org/jenkins-ci/modules/instance-identity/1.5.1/instance-identity-1.5.1.jar:/var/jenkins_home/.m2/repository/org/bouncycastle/bcpkix-jdk15on/1.54/bcpkix-jdk15on-1.54.jar:/var/jenkins_home/.m2/repository/org/bouncycastle/bcprov-jdk15on/1.54/bcprov-jdk15on-1.54.jar:/var/jenkins_home/.m2/repository/org/jenkins-ci/modules/ssh-cli-auth/1.2/ssh-cli-auth-1.2.jar:/var/jenkins_home/.m2/repository/org/jenkins-ci/modules/slave-installer/1.5/slave-installer-1.5.jar:/var/jenkins_home/.m2/repository/org/jenkins-ci/modules/windows-slave-installer/1.6/windows-slave-installer-1.6.jar:/var/jenkins_home/.m2/repository/org/jenkins-ci/modules/launchd-slave-installer/1.2/launchd-slave-installer-1.2.jar:/var/jenkins_home/.m2/repository/org/jenkins-ci/modules/upstart-slave-installer/1.1/upstart-slave-installer-1.1.jar:/var/jenkins_home/.m2/repository/org/jenkins-ci/modules/systemd-slave-installer/1.1/systemd-slave-installer-1.1.jar:/var/jenkins_home/.m2/repository/org/jenkins-ci/modules/sshd/1.6/sshd-1.6.jar:/var/jenkins_home/.m2/repository/org/apache/sshd/sshd-core/0.8.0/sshd-core-0.8.0.jar:/var/jenkins_home/.m2/repository/org/apache/mina/mina-core/2.0.5/mina-core-2.0.5.jar:/var/jenkins_home/.m2/repository/org/jenkins-ci/ui/jquery-detached/1.2.1/jquery-detached-1.2.1-core-assets.jar:/var/jenkins_home/.m2/repository/org/jenkins-ci/ui/bootstrap/1.3.2/bootstrap-1.3.2-core-assets.jar:/var/jenkins_home/.m2/repository/org/jenkins-ci/ui/jquery-detached/1.2/jquery-detached-1.2.jar:/var/jenkins_home/.m2/repository/org/jenkins-ci/ui/handlebars/1.1.1/handlebars-1.1.1-core-assets.jar:/var/jenkins_home/.m2/repository/org/jenkins-ci/main/jenkins-test-harness/2.34/jenkins-test-harness-2.34.jar:/var/jenkins_home/.m2/repository/org/eclipse/jetty/jetty-webapp/9.4.5.v20170502/jetty-webapp-9.4.5.v20170502.jar:/var/jenkins_home/.m2/repository/org/eclipse/jetty/jetty-xml/9.4.5.v20170502/jetty-xml-9.4.5.v20170502.jar:/var/jenkins_home/.m2/repository/org/eclipse/jetty/jetty-util/9.4.5.v20170502/jetty-util-9.4.5.v20170502.jar:/var/jenkins_home/.m2/repository/org/eclipse/jetty/jetty-servlet/9.4.5.v20170502/jetty-servlet-9.4.5.v20170502.jar:/var/jenkins_home/.m2/repository/org/eclipse/jetty/jetty-security/9.4.5.v20170502/jetty-security-9.4.5.v20170502.jar:/var/jenkins_home/.m2/repository/org/eclipse/jetty/jetty-server/9.4.5.v20170502/jetty-server-9.4.5.v20170502.jar:/var/jenkins_home/.m2/repository/org/eclipse/jetty/jetty-http/9.4.5.v20170502/jetty-http-9.4.5.v20170502.jar:/var/jenkins_home/.m2/repository/org/eclipse/jetty/jetty-io/9.4.5.v20170502/jetty-io-9.4.5.v20170502.jar:/var/jenkins_home/.m2/repository/org/hamcrest/hamcrest-library/1.3/hamcrest-library-1.3.jar:/var/jenkins_home/.m2/repository/org/jenkins-ci/main/jenkins-test-harness-htmlunit/2.18-1/jenkins-test-harness-htmlunit-2.18-1.jar:/var/jenkins_home/.m2/repository/xalan/xalan/2.7.2/xalan-2.7.2.jar:/var/jenkins_home/.m2/repository/xalan/serializer/2.7.2/serializer-2.7.2.jar:/var/jenkins_home/.m2/repository/xerces/xercesImpl/2.11.0/xercesImpl-2.11.0.jar:/var/jenkins_home/.m2/repository/xml-apis/xml-apis/1.4.01/xml-apis-1.4.01.jar:/var/jenkins_home/.m2/repository/net/sourceforge/nekohtml/nekohtml/1.9.22/nekohtml-1.9.22.jar:/var/jenkins_home/.m2/repository/net/sourceforge/cssparser/cssparser/0.9.16/cssparser-0.9.16.jar:/var/jenkins_home/.m2/repository/org/w3c/css/sac/1.3/sac-1.3.jar:/var/jenkins_home/.m2/repository/org/eclipse/jetty/websocket/websocket-client/9.2.12.v20150709/websocket-client-9.2.12.v20150709.jar:/var/jenkins_home/.m2/repository/org/eclipse/jetty/websocket/websocket-common/9.2.12.v20150709/websocket-common-9.2.12.v20150709.jar:/var/jenkins_home/.m2/repository/org/eclipse/jetty/websocket/websocket-api/9.2.12.v20150709/websocket-api-9.2.12.v20150709.jar:/var/jenkins_home/.m2/repository/org/jvnet/hudson/embedded-rhino-debugger/1.2/embedded-rhino-debugger-1.2.jar:/var/jenkins_home/.m2/repository/org/netbeans/modules/org-netbeans-insane/RELEASE72/org-netbeans-insane-RELEASE72.jar:/var/jenkins_home/.m2/repository/com/github/stephenc/findbugs/findbugs-annotations/1.3.9-1/findbugs-annotations-1.3.9-1.jar:/var/jenkins_home/.m2/repository/org/jenkins-ci/test-annotations/1.2/test-annotations-1.2.jar:/var/jenkins_home/.m2/repository/junit/junit/4.12/junit-4.12.jar:/var/jenkins_home/.m2/repository/org/hamcrest/hamcrest-core/1.3/hamcrest-core-1.3.jar:/var/jenkins_home/.m2/repository/org/slf4j/slf4j-api/1.7.25/slf4j-api-1.7.25.jar:/var/jenkins_home/.m2/repository/org/slf4j/log4j-over-slf4j/1.7.25/log4j-over-slf4j-1.7.25.jar:/var/jenkins_home/.m2/repository/org/slf4j/jcl-over-slf4j/1.7.25/jcl-over-slf4j-1.7.25.jar:/var/jenkins_home/.m2/repository/org/slf4j/slf4j-jdk14/1.7.25/slf4j-jdk14-1.7.25.jar:/var/jenkins_home/.m2/repository/org/apache/maven/surefire/surefire-junit4/3.0.0-M3/surefire-junit4-3.0.0-M3.jar:/var/jenkins_home/.m2/repository/org/apache/maven/surefire/common-java5/3.0.0-M3/common-java5-3.0.0-M3.jar:/var/jenkins_home/.m2/repository/org/apache/maven/surefire/common-junit3/3.0.0-M3/common-junit3-3.0.0-M3.jar:/var/jenkins_home/.m2/repository/org/apache/maven/surefire/common-junit4/3.0.0-M3/common-junit4-3.0.0-M3.jar"/>
    <property name="java.vm.vendor" value="Oracle Corporation"/>
    <property name="sun.arch.data.model" value="64"/>
    <property name="java.vendor.url" value="http://java.oracle.com/"/>
    <property name="user.timezone" value=""/>
    <property name="java.vm.specification.version" value="1.8"/>
    <property name="os.name" value="Linux"/>
    <property name="sun.java.launcher" value="SUN_STANDARD"/>
    <property name="sun.boot.library.path" value="/usr/lib/jvm/java-8-openjdk-amd64/jre/lib/amd64"/>
    <property name="sun.java.command" value="org.apache.maven.surefire.booter.ForkedBooter /var/jenkins_home/workspace/TTriage Plugin/target/surefire 2019-04-24T16-55-30_206-jvmRun1 surefire4490691753475217564tmp surefire_01536335065249429545tmp"/>
    <property name="test" value="io/jenkins/plugin/unit/bvt/*Test"/>
    <property name="surefire.test.class.path" value="/var/jenkins_home/workspace/TTriage Plugin/target/test-classes:/var/jenkins_home/workspace/TTriage Plugin/target/classes:/var/jenkins_home/.m2/repository/org/apache/httpcomponents/httpclient/4.5.8/httpclient-4.5.8.jar:/var/jenkins_home/.m2/repository/org/apache/httpcomponents/httpcore/4.4.11/httpcore-4.4.11.jar:/var/jenkins_home/.m2/repository/commons-logging/commons-logging/1.2/commons-logging-1.2.jar:/var/jenkins_home/.m2/repository/commons-codec/commons-codec/1.11/commons-codec-1.11.jar:/var/jenkins_home/.m2/repository/org/apache/commons/commons-lang3/3.9/commons-lang3-3.9.jar:/var/jenkins_home/.m2/repository/org/codehaus/jackson/jackson-mapper-asl/1.9.13/jackson-mapper-asl-1.9.13.jar:/var/jenkins_home/.m2/repository/org/codehaus/jackson/jackson-core-asl/1.9.13/jackson-core-asl-1.9.13.jar:/var/jenkins_home/.m2/repository/com/google/code/findbugs/annotations/3.0.0/annotations-3.0.0.jar:/var/jenkins_home/.m2/repository/net/jcip/jcip-annotations/1.0/jcip-annotations-1.0.jar:/var/jenkins_home/.m2/repository/org/codehaus/mojo/animal-sniffer-annotations/1.14/animal-sniffer-annotations-1.14.jar:/var/jenkins_home/.m2/repository/javax/servlet/javax.servlet-api/3.1.0/javax.servlet-api-3.1.0.jar:/var/jenkins_home/.m2/repository/org/jenkins-ci/main/jenkins-core/2.7.3/jenkins-core-2.7.3.jar:/var/jenkins_home/.m2/repository/org/jenkins-ci/plugins/icon-shim/icon-set/1.0.5/icon-set-1.0.5.jar:/var/jenkins_home/.m2/repository/org/jenkins-ci/main/remoting/2.60/remoting-2.60.jar:/var/jenkins_home/.m2/repository/org/jenkins-ci/constant-pool-scanner/1.2/constant-pool-scanner-1.2.jar:/var/jenkins_home/.m2/repository/org/jenkins-ci/main/cli/2.7.3/cli-2.7.3.jar:/var/jenkins_home/.m2/repository/org/jenkins-ci/version-number/1.1/version-number-1.1.jar:/var/jenkins_home/.m2/repository/org/jenkins-ci/crypto-util/1.1/crypto-util-1.1.jar:/var/jenkins_home/.m2/repository/org/jvnet/hudson/jtidy/4aug2000r7-dev-hudson-1/jtidy-4aug2000r7-dev-hudson-1.jar:/var/jenkins_home/.m2/repository/com/google/inject/guice/4.0-beta/guice-4.0-beta.jar:/var/jenkins_home/.m2/repository/javax/inject/javax.inject/1/javax.inject-1.jar:/var/jenkins_home/.m2/repository/aopalliance/aopalliance/1.0/aopalliance-1.0.jar:/var/jenkins_home/.m2/repository/org/jruby/ext/posix/jna-posix/1.0.3-jenkins-1/jna-posix-1.0.3-jenkins-1.jar:/var/jenkins_home/.m2/repository/com/github/jnr/jnr-posix/3.0.1/jnr-posix-3.0.1.jar:/var/jenkins_home/.m2/repository/com/github/jnr/jnr-ffi/1.0.7/jnr-ffi-1.0.7.jar:/var/jenkins_home/.m2/repository/com/github/jnr/jffi/1.2.7/jffi-1.2.7.jar:/var/jenkins_home/.m2/repository/com/github/jnr/jffi/1.2.7/jffi-1.2.7-native.jar:/var/jenkins_home/.m2/repository/org/ow2/asm/asm/4.0/asm-4.0.jar:/var/jenkins_home/.m2/repository/org/ow2/asm/asm-commons/4.0/asm-commons-4.0.jar:/var/jenkins_home/.m2/repository/org/ow2/asm/asm-analysis/4.0/asm-analysis-4.0.jar:/var/jenkins_home/.m2/repository/org/ow2/asm/asm-tree/4.0/asm-tree-4.0.jar:/var/jenkins_home/.m2/repository/org/ow2/asm/asm-util/4.0/asm-util-4.0.jar:/var/jenkins_home/.m2/repository/com/github/jnr/jnr-x86asm/1.0.2/jnr-x86asm-1.0.2.jar:/var/jenkins_home/.m2/repository/com/github/jnr/jnr-constants/0.8.5/jnr-constants-0.8.5.jar:/var/jenkins_home/.m2/repository/org/kohsuke/trilead-putty-extension/1.2/trilead-putty-extension-1.2.jar:/var/jenkins_home/.m2/repository/org/jenkins-ci/trilead-ssh2/build217-jenkins-8/trilead-ssh2-build217-jenkins-8.jar:/var/jenkins_home/.m2/repository/org/kohsuke/stapler/stapler-groovy/1.243/stapler-groovy-1.243.jar:/var/jenkins_home/.m2/repository/org/kohsuke/stapler/stapler-jelly/1.243/stapler-jelly-1.243.jar:/var/jenkins_home/.m2/repository/org/jenkins-ci/commons-jelly/1.1-jenkins-20120928/commons-jelly-1.1-jenkins-20120928.jar:/var/jenkins_home/.m2/repository/org/jenkins-ci/dom4j/dom4j/1.6.1-jenkins-4/dom4j-1.6.1-jenkins-4.jar:/var/jenkins_home/.m2/repository/org/kohsuke/stapler/stapler-jrebel/1.243/stapler-jrebel-1.243.jar:/var/jenkins_home/.m2/repository/org/kohsuke/stapler/stapler/1.243/stapler-1.243.jar:/var/jenkins_home/.m2/repository/javax/annotation/javax.annotation-api/1.2/javax.annotation-api-1.2.jar:/var/jenkins_home/.m2/repository/commons-discovery/commons-discovery/0.4/commons-discovery-0.4.jar:/var/jenkins_home/.m2/repository/org/jvnet/tiger-types/2.2/tiger-types-2.2.jar:/var/jenkins_home/.m2/repository/org/kohsuke/windows-package-checker/1.2/windows-package-checker-1.2.jar:/var/jenkins_home/.m2/repository/org/kohsuke/stapler/stapler-adjunct-zeroclipboard/1.3.5-1/stapler-adjunct-zeroclipboard-1.3.5-1.jar:/var/jenkins_home/.m2/repository/org/kohsuke/stapler/stapler-adjunct-timeline/1.4/stapler-adjunct-timeline-1.4.jar:/var/jenkins_home/.m2/repository/org/kohsuke/stapler/stapler-adjunct-codemirror/1.3/stapler-adjunct-codemirror-1.3.jar:/var/jenkins_home/.m2/repository/com/infradna/tool/bridge-method-annotation/1.13/bridge-method-annotation-1.13.jar:/var/jenkins_home/.m2/repository/org/kohsuke/stapler/json-lib/2.4-jenkins-2/json-lib-2.4-jenkins-2.jar:/var/jenkins_home/.m2/repository/net/sf/ezmorph/ezmorph/1.0.6/ezmorph-1.0.6.jar:/var/jenkins_home/.m2/repository/commons-httpclient/commons-httpclient/3.1/commons-httpclient-3.1.jar:/var/jenkins_home/.m2/repository/args4j/args4j/2.0.31/args4j-2.0.31.jar:/var/jenkins_home/.m2/repository/org/jenkins-ci/annotation-indexer/1.11/annotation-indexer-1.11.jar:/var/jenkins_home/.m2/repository/org/jenkins-ci/bytecode-compatibility-transformer/1.8/bytecode-compatibility-transformer-1.8.jar:/var/jenkins_home/.m2/repository/org/kohsuke/asm5/5.0.1/asm5-5.0.1.jar:/var/jenkins_home/.m2/repository/org/jenkins-ci/task-reactor/1.4/task-reactor-1.4.jar:/var/jenkins_home/.m2/repository/org/jvnet/localizer/localizer/1.23/localizer-1.23.jar:/var/jenkins_home/.m2/repository/antlr/antlr/2.7.6/antlr-2.7.6.jar:/var/jenkins_home/.m2/repository/org/jvnet/hudson/xstream/1.4.7-jenkins-1/xstream-1.4.7-jenkins-1.jar:/var/jenkins_home/.m2/repository/jfree/jfreechart/1.0.9/jfreechart-1.0.9.jar:/var/jenkins_home/.m2/repository/jfree/jcommon/1.0.12/jcommon-1.0.12.jar:/var/jenkins_home/.m2/repository/org/apache/ant/ant/1.8.4/ant-1.8.4.jar:/var/jenkins_home/.m2/repository/org/apache/ant/ant-launcher/1.8.4/ant-launcher-1.8.4.jar:/var/jenkins_home/.m2/repository/commons-io/commons-io/2.4/commons-io-2.4.jar:/var/jenkins_home/.m2/repository/commons-lang/commons-lang/2.6/commons-lang-2.6.jar:/var/jenkins_home/.m2/repository/commons-digester/commons-digester/2.1/commons-digester-2.1.jar:/var/jenkins_home/.m2/repository/commons-beanutils/commons-beanutils/1.8.3/commons-beanutils-1.8.3.jar:/var/jenkins_home/.m2/repository/org/apache/commons/commons-compress/1.10/commons-compress-1.10.jar:/var/jenkins_home/.m2/repository/javax/mail/mail/1.4.4/mail-1.4.4.jar:/var/jenkins_home/.m2/repository/org/jvnet/hudson/activation/1.1.1-hudson-1/activation-1.1.1-hudson-1.jar:/var/jenkins_home/.m2/repository/jaxen/jaxen/1.1-beta-11/jaxen-1.1-beta-11.jar:/var/jenkins_home/.m2/repository/commons-jelly/commons-jelly-tags-fmt/1.0/commons-jelly-tags-fmt-1.0.jar:/var/jenkins_home/.m2/repository/commons-jelly/commons-jelly-tags-xml/1.1/commons-jelly-tags-xml-1.1.jar:/var/jenkins_home/.m2/repository/org/jvnet/hudson/commons-jelly-tags-define/1.0.1-hudson-20071021/commons-jelly-tags-define-1.0.1-hudson-20071021.jar:/var/jenkins_home/.m2/repository/org/jenkins-ci/commons-jexl/1.1-jenkins-20111212/commons-jexl-1.1-jenkins-20111212.jar:/var/jenkins_home/.m2/repository/org/acegisecurity/acegi-security/1.0.7/acegi-security-1.0.7.jar:/var/jenkins_home/.m2/repository/org/springframework/spring-jdbc/1.2.9/spring-jdbc-1.2.9.jar:/var/jenkins_home/.m2/repository/org/springframework/spring-dao/1.2.9/spring-dao-1.2.9.jar:/var/jenkins_home/.m2/repository/oro/oro/2.0.8/oro-2.0.8.jar:/var/jenkins_home/.m2/repository/log4j/log4j/1.2.17/log4j-1.2.17.jar:/var/jenkins_home/.m2/repository/org/codehaus/groovy/groovy-all/2.4.7/groovy-all-2.4.7.jar:/var/jenkins_home/.m2/repository/jline/jline/2.12/jline-2.12.jar:/var/jenkins_home/.m2/repository/org/fusesource/jansi/jansi/1.11/jansi-1.11.jar:/var/jenkins_home/.m2/repository/org/springframework/spring-webmvc/2.5.6.SEC03/spring-webmvc-2.5.6.SEC03.jar:/var/jenkins_home/.m2/repository/org/springframework/spring-beans/2.5.6.SEC03/spring-beans-2.5.6.SEC03.jar:/var/jenkins_home/.m2/repository/org/springframework/spring-context/2.5.6.SEC03/spring-context-2.5.6.SEC03.jar:/var/jenkins_home/.m2/repository/org/springframework/spring-context-support/2.5.6.SEC03/spring-context-support-2.5.6.SEC03.jar:/var/jenkins_home/.m2/repository/org/springframework/spring-web/2.5.6.SEC03/spring-web-2.5.6.SEC03.jar:/var/jenkins_home/.m2/repository/org/springframework/spring-core/2.5.6.SEC03/spring-core-2.5.6.SEC03.jar:/var/jenkins_home/.m2/repository/org/springframework/spring-aop/2.5.6.SEC03/spring-aop-2.5.6.SEC03.jar:/var/jenkins_home/.m2/repository/xpp3/xpp3/1.1.4c/xpp3-1.1.4c.jar:/var/jenkins_home/.m2/repository/javax/servlet/jstl/1.1.0/jstl-1.1.0.jar:/var/jenkins_home/.m2/repository/com/sun/xml/txw2/txw2/20110809/txw2-20110809.jar:/var/jenkins_home/.m2/repository/javax/xml/stream/stax-api/1.0-2/stax-api-1.0-2.jar:/var/jenkins_home/.m2/repository/relaxngDatatype/relaxngDatatype/20020414/relaxngDatatype-20020414.jar:/var/jenkins_home/.m2/repository/commons-collections/commons-collections/3.2.1/commons-collections-3.2.1.jar:/var/jenkins_home/.m2/repository/org/jvnet/winp/winp/1.22/winp-1.22.jar:/var/jenkins_home/.m2/repository/org/jenkins-ci/memory-monitor/1.9/memory-monitor-1.9.jar:/var/jenkins_home/.m2/repository/org/codehaus/woodstox/wstx-asl/3.2.9/wstx-asl-3.2.9.jar:/var/jenkins_home/.m2/repository/stax/stax-api/1.0.1/stax-api-1.0.1.jar:/var/jenkins_home/.m2/repository/org/jenkins-ci/jmdns/3.4.0-jenkins-3/jmdns-3.4.0-jenkins-3.jar:/var/jenkins_home/.m2/repository/net/java/dev/jna/jna/4.2.1/jna-4.2.1.jar:/var/jenkins_home/.m2/repository/org/kohsuke/akuma/1.10/akuma-1.10.jar:/var/jenkins_home/.m2/repository/org/kohsuke/libpam4j/1.8/libpam4j-1.8.jar:/var/jenkins_home/.m2/repository/org/jvnet/libzfs/libzfs/0.5/libzfs-0.5.jar:/var/jenkins_home/.m2/repository/com/sun/solaris/embedded_su4j/1.1/embedded_su4j-1.1.jar:/var/jenkins_home/.m2/repository/net/java/sezpoz/sezpoz/1.11/sezpoz-1.11.jar:/var/jenkins_home/.m2/repository/org/kohsuke/jinterop/j-interop/2.0.6-kohsuke-1/j-interop-2.0.6-kohsuke-1.jar:/var/jenkins_home/.m2/repository/org/kohsuke/jinterop/j-interopdeps/2.0.6-kohsuke-1/j-interopdeps-2.0.6-kohsuke-1.jar:/var/jenkins_home/.m2/repository/org/samba/jcifs/jcifs/1.2.19/jcifs-1.2.19.jar:/var/jenkins_home/.m2/repository/org/jvnet/robust-http-client/robust-http-client/1.2/robust-http-client-1.2.jar:/var/jenkins_home/.m2/repository/org/jenkins-ci/symbol-annotation/1.1/symbol-annotation-1.1.jar:/var/jenkins_home/.m2/repository/org/kohsuke/access-modifier-annotation/1.4/access-modifier-annotation-1.4.jar:/var/jenkins_home/.m2/repository/commons-fileupload/commons-fileupload/1.3.1-jenkins-1/commons-fileupload-1.3.1-jenkins-1.jar:/var/jenkins_home/.m2/repository/org/mindrot/jbcrypt/0.3m/jbcrypt-0.3m.jar:/var/jenkins_home/.m2/repository/com/google/guava/guava/11.0.1/guava-11.0.1.jar:/var/jenkins_home/.m2/repository/com/google/code/findbugs/jsr305/1.3.9/jsr305-1.3.9.jar:/var/jenkins_home/.m2/repository/com/jcraft/jzlib/1.1.3-kohsuke-1/jzlib-1.1.3-kohsuke-1.jar:/var/jenkins_home/.m2/repository/org/jenkins-ci/main/jenkins-war/2.7.3/jenkins-war-2.7.3.war:/var/jenkins_home/.m2/repository/org/jenkins-ci/modules/instance-identity/1.5.1/instance-identity-1.5.1.jar:/var/jenkins_home/.m2/repository/org/bouncycastle/bcpkix-jdk15on/1.54/bcpkix-jdk15on-1.54.jar:/var/jenkins_home/.m2/repository/org/bouncycastle/bcprov-jdk15on/1.54/bcprov-jdk15on-1.54.jar:/var/jenkins_home/.m2/repository/org/jenkins-ci/modules/ssh-cli-auth/1.2/ssh-cli-auth-1.2.jar:/var/jenkins_home/.m2/repository/org/jenkins-ci/modules/slave-installer/1.5/slave-installer-1.5.jar:/var/jenkins_home/.m2/repository/org/jenkins-ci/modules/windows-slave-installer/1.6/windows-slave-installer-1.6.jar:/var/jenkins_home/.m2/repository/org/jenkins-ci/modules/launchd-slave-installer/1.2/launchd-slave-installer-1.2.jar:/var/jenkins_home/.m2/repository/org/jenkins-ci/modules/upstart-slave-installer/1.1/upstart-slave-installer-1.1.jar:/var/jenkins_home/.m2/repository/org/jenkins-ci/modules/systemd-slave-installer/1.1/systemd-slave-installer-1.1.jar:/var/jenkins_home/.m2/repository/org/jenkins-ci/modules/sshd/1.6/sshd-1.6.jar:/var/jenkins_home/.m2/repository/org/apache/sshd/sshd-core/0.8.0/sshd-core-0.8.0.jar:/var/jenkins_home/.m2/repository/org/apache/mina/mina-core/2.0.5/mina-core-2.0.5.jar:/var/jenkins_home/.m2/repository/org/jenkins-ci/ui/jquery-detached/1.2.1/jquery-detached-1.2.1-core-assets.jar:/var/jenkins_home/.m2/repository/org/jenkins-ci/ui/bootstrap/1.3.2/bootstrap-1.3.2-core-assets.jar:/var/jenkins_home/.m2/repository/org/jenkins-ci/ui/jquery-detached/1.2/jquery-detached-1.2.jar:/var/jenkins_home/.m2/repository/org/jenkins-ci/ui/handlebars/1.1.1/handlebars-1.1.1-core-assets.jar:/var/jenkins_home/.m2/repository/org/jenkins-ci/main/jenkins-test-harness/2.34/jenkins-test-harness-2.34.jar:/var/jenkins_home/.m2/repository/org/eclipse/jetty/jetty-webapp/9.4.5.v20170502/jetty-webapp-9.4.5.v20170502.jar:/var/jenkins_home/.m2/repository/org/eclipse/jetty/jetty-xml/9.4.5.v20170502/jetty-xml-9.4.5.v20170502.jar:/var/jenkins_home/.m2/repository/org/eclipse/jetty/jetty-util/9.4.5.v20170502/jetty-util-9.4.5.v20170502.jar:/var/jenkins_home/.m2/repository/org/eclipse/jetty/jetty-servlet/9.4.5.v20170502/jetty-servlet-9.4.5.v20170502.jar:/var/jenkins_home/.m2/repository/org/eclipse/jetty/jetty-security/9.4.5.v20170502/jetty-security-9.4.5.v20170502.jar:/var/jenkins_home/.m2/repository/org/eclipse/jetty/jetty-server/9.4.5.v20170502/jetty-server-9.4.5.v20170502.jar:/var/jenkins_home/.m2/repository/org/eclipse/jetty/jetty-http/9.4.5.v20170502/jetty-http-9.4.5.v20170502.jar:/var/jenkins_home/.m2/repository/org/eclipse/jetty/jetty-io/9.4.5.v20170502/jetty-io-9.4.5.v20170502.jar:/var/jenkins_home/.m2/repository/org/hamcrest/hamcrest-library/1.3/hamcrest-library-1.3.jar:/var/jenkins_home/.m2/repository/org/jenkins-ci/main/jenkins-test-harness-htmlunit/2.18-1/jenkins-test-harness-htmlunit-2.18-1.jar:/var/jenkins_home/.m2/repository/xalan/xalan/2.7.2/xalan-2.7.2.jar:/var/jenkins_home/.m2/repository/xalan/serializer/2.7.2/serializer-2.7.2.jar:/var/jenkins_home/.m2/repository/xerces/xercesImpl/2.11.0/xercesImpl-2.11.0.jar:/var/jenkins_home/.m2/repository/xml-apis/xml-apis/1.4.01/xml-apis-1.4.01.jar:/var/jenkins_home/.m2/repository/net/sourceforge/nekohtml/nekohtml/1.9.22/nekohtml-1.9.22.jar:/var/jenkins_home/.m2/repository/net/sourceforge/cssparser/cssparser/0.9.16/cssparser-0.9.16.jar:/var/jenkins_home/.m2/repository/org/w3c/css/sac/1.3/sac-1.3.jar:/var/jenkins_home/.m2/repository/org/eclipse/jetty/websocket/websocket-client/9.2.12.v20150709/websocket-client-9.2.12.v20150709.jar:/var/jenkins_home/.m2/repository/org/eclipse/jetty/websocket/websocket-common/9.2.12.v20150709/websocket-common-9.2.12.v20150709.jar:/var/jenkins_home/.m2/repository/org/eclipse/jetty/websocket/websocket-api/9.2.12.v20150709/websocket-api-9.2.12.v20150709.jar:/var/jenkins_home/.m2/repository/org/jvnet/hudson/embedded-rhino-debugger/1.2/embedded-rhino-debugger-1.2.jar:/var/jenkins_home/.m2/repository/org/netbeans/modules/org-netbeans-insane/RELEASE72/org-netbeans-insane-RELEASE72.jar:/var/jenkins_home/.m2/repository/com/github/stephenc/findbugs/findbugs-annotations/1.3.9-1/findbugs-annotations-1.3.9-1.jar:/var/jenkins_home/.m2/repository/org/jenkins-ci/test-annotations/1.2/test-annotations-1.2.jar:/var/jenkins_home/.m2/repository/junit/junit/4.12/junit-4.12.jar:/var/jenkins_home/.m2/repository/org/hamcrest/hamcrest-core/1.3/hamcrest-core-1.3.jar:/var/jenkins_home/.m2/repository/org/slf4j/slf4j-api/1.7.25/slf4j-api-1.7.25.jar:/var/jenkins_home/.m2/repository/org/slf4j/log4j-over-slf4j/1.7.25/log4j-over-slf4j-1.7.25.jar:/var/jenkins_home/.m2/repository/org/slf4j/jcl-over-slf4j/1.7.25/jcl-over-slf4j-1.7.25.jar:/var/jenkins_home/.m2/repository/org/slf4j/slf4j-jdk14/1.7.25/slf4j-jdk14-1.7.25.jar:"/>
    <property name="sun.cpu.endian" value="little"/>
    <property name="user.home" value="/var/jenkins_home"/>
    <property name="user.language" value="en"/>
    <property name="java.specification.vendor" value="Oracle Corporation"/>
    <property name="java.home" value="/usr/lib/jvm/java-8-openjdk-amd64/jre"/>
    <property name="basedir" value="/var/jenkins_home/workspace/TTriage Plugin"/>
    <property name="file.separator" value="/"/>
    <property name="line.separator" value="
"/>
    <property name="java.vm.specification.vendor" value="Oracle Corporation"/>
    <property name="java.specification.name" value="Java Platform API Specification"/>
    <property name="java.awt.graphicsenv" value="sun.awt.X11GraphicsEnvironment"/>
    <property name="java.awt.headless" value="true"/>
    <property name="sun.boot.class.path" value="/usr/lib/jvm/java-8-openjdk-amd64/jre/lib/resources.jar:/usr/lib/jvm/java-8-openjdk-amd64/jre/lib/rt.jar:/usr/lib/jvm/java-8-openjdk-amd64/jre/lib/sunrsasign.jar:/usr/lib/jvm/java-8-openjdk-amd64/jre/lib/jsse.jar:/usr/lib/jvm/java-8-openjdk-amd64/jre/lib/jce.jar:/usr/lib/jvm/java-8-openjdk-amd64/jre/lib/charsets.jar:/usr/lib/jvm/java-8-openjdk-amd64/jre/lib/jfr.jar:/usr/lib/jvm/java-8-openjdk-amd64/jre/classes"/>
    <property name="sun.management.compiler" value="HotSpot 64-Bit Tiered Compilers"/>
    <property name="java.runtime.version" value="1.8.0_181-8u181-b13-2~deb9u1-b13"/>
    <property name="user.name" value="jenkins"/>
    <property name="path.separator" value=":"/>
    <property name="os.version" value="4.15.0-29-generic"/>
    <property name="java.endorsed.dirs" value="/usr/lib/jvm/java-8-openjdk-amd64/jre/lib/endorsed"/>
    <property name="java.runtime.name" value="OpenJDK Runtime Environment"/>
    <property name="file.encoding" value="UTF-8"/>
    <property name="java.vm.name" value="OpenJDK 64-Bit Server VM"/>
    <property name="localRepository" value="/var/jenkins_home/.m2/repository"/>
    <property name="java.vendor.url.bug" value="http://bugreport.sun.com/bugreport/"/>
    <property name="java.io.tmpdir" value="/tmp"/>
    <property name="java.version" value="1.8.0_181"/>
    <property name="user.dir" value="/var/jenkins_home/workspace/TTriage Plugin"/>
    <property name="os.arch" value="amd64"/>
    <property name="java.vm.specification.name" value="Java Virtual Machine Specification"/>
    <property name="java.awt.printerjob" value="sun.print.PSPrinterJob"/>
    <property name="sun.os.patch.level" value="unknown"/>
    <property name="java.library.path" value="/usr/java/packages/lib/amd64:/usr/lib/x86_64-linux-gnu/jni:/lib/x86_64-linux-gnu:/usr/lib/x86_64-linux-gnu:/usr/lib/jni:/lib:/usr/lib"/>
    <property name="java.vm.info" value="mixed mode"/>
    <property name="java.vendor" value="Oracle Corporation"/>
    <property name="java.vm.version" value="25.181-b13"/>
    <property name="java.ext.dirs" value="/usr/lib/jvm/java-8-openjdk-amd64/jre/lib/ext:/usr/java/packages/lib/ext"/>
    <property name="sun.io.unicode.encoding" value="UnicodeLittle"/>
    <property name="java.class.version" value="52.0"/>
  </properties>
  <testcase name="runTest" classname="io.jenkins.plugin.unit.bvt.BVTUnitTest" time="0.001"/>
</testsuite>