<?xml version="1.0" encoding="UTF-8"?>
<!--
  ~ Copyright (c) 2019, Clarolab. All rights reserved.
  -->

<testsuite xmlns:xsi="http://www.w3.org/2001/XMLSchema-instance" xsi:noNamespaceSchemaLocation="https://maven.apache.org/surefire/maven-surefire-plugin/xsd/surefire-test-report-3.0.xsd" version="3.0" name="com.clarolab.runner.suite.AllTestSuite" time="23.355" tests="123" errors="6" skipped="8" failures="6">
  <properties>
    <property name="awt.toolkit" value="sun.awt.X11.XToolkit"/>
    <property name="file.encoding.pkg" value="sun.io"/>
    <property name="java.specification.version" value="1.8"/>
    <property name="sun.cpu.isalist" value=""/>
    <property name="sun.jnu.encoding" value="UTF-8"/>
    <property name="java.class.path" value="/root/.m2/repository/org/apache/maven/surefire/surefire-booter/3.0.0-M3/surefire-booter-3.0.0-M3.jar:/root/.m2/repository/org/apache/maven/surefire/surefire-api/3.0.0-M3/surefire-api-3.0.0-M3.jar:/root/.m2/repository/org/apache/maven/surefire/surefire-logger-api/3.0.0-M3/surefire-logger-api-3.0.0-M3.jar:/root/repo/target/test-classes:/root/repo/target/classes:/root/.m2/repository/org/slf4j/slf4j-api/1.7.21/slf4j-api-1.7.21.jar:/root/.m2/repository/javax/xml/bind/jaxb-api/2.3.0/jaxb-api-2.3.0.jar:/root/.m2/repository/com/google/code/gson/gson/2.8.5/gson-2.8.5.jar:/root/.m2/repository/org/modelmapper/modelmapper/2.3.2/modelmapper-2.3.2.jar:/root/.m2/repository/org/springframework/boot/spring-boot-starter-data-jpa/2.1.2.RELEASE/spring-boot-starter-data-jpa-2.1.2.RELEASE.jar:/root/.m2/repository/org/springframework/boot/spring-boot-starter-aop/2.1.2.RELEASE/spring-boot-starter-aop-2.1.2.RELEASE.jar:/root/.m2/repository/org/aspectj/aspectjweaver/1.9.2/aspectjweaver-1.9.2.jar:/root/.m2/repository/javax/transaction/javax.transaction-api/1.3/javax.transaction-api-1.3.jar:/root/.m2/repository/org/hibernate/hibernate-core/5.3.7.Final/hibernate-core-5.3.7.Final.jar:/root/.m2/repository/org/jboss/logging/jboss-logging/3.3.2.Final/jboss-logging-3.3.2.Final.jar:/root/.m2/repository/javax/persistence/javax.persistence-api/2.2/javax.persistence-api-2.2.jar:/root/.m2/repository/org/javassist/javassist/3.23.1-GA/javassist-3.23.1-GA.jar:/root/.m2/repository/net/bytebuddy/byte-buddy/1.9.7/byte-buddy-1.9.7.jar:/root/.m2/repository/antlr/antlr/2.7.7/antlr-2.7.7.jar:/root/.m2/repository/org/jboss/jandex/2.0.5.Final/jandex-2.0.5.Final.jar:/root/.m2/repository/javax/activation/javax.activation-api/1.2.0/javax.activation-api-1.2.0.jar:/root/.m2/repository/org/dom4j/dom4j/2.1.1/dom4j-2.1.1.jar:/root/.m2/repository/org/hibernate/common/hibernate-commons-annotations/5.0.4.Final/hibernate-commons-annotations-5.0.4.Final.jar:/root/.m2/repository/org/springframework/data/spring-data-jpa/2.1.4.RELEASE/spring-data-jpa-2.1.4.RELEASE.jar:/root/.m2/repository/org/springframework/data/spring-data-commons/2.1.4.RELEASE/spring-data-commons-2.1.4.RELEASE.jar:/root/.m2/repository/org/springframework/spring-orm/5.1.4.RELEASE/spring-orm-5.1.4.RELEASE.jar:/root/.m2/repository/org/springframework/spring-context/5.1.4.RELEASE/spring-context-5.1.4.RELEASE.jar:/root/.m2/repository/org/springframework/spring-aspects/5.1.4.RELEASE/spring-aspects-5.1.4.RELEASE.jar:/root/.m2/repository/org/springframework/boot/spring-boot-starter-data-rest/2.1.2.RELEASE/spring-boot-starter-data-rest-2.1.2.RELEASE.jar:/root/.m2/repository/org/springframework/boot/spring-boot-starter-web/2.1.2.RELEASE/spring-boot-starter-web-2.1.2.RELEASE.jar:/root/.m2/repository/org/springframework/boot/spring-boot-starter-json/2.1.2.RELEASE/spring-boot-starter-json-2.1.2.RELEASE.jar:/root/.m2/repository/com/fasterxml/jackson/datatype/jackson-datatype-jdk8/2.9.8/jackson-datatype-jdk8-2.9.8.jar:/root/.m2/repository/com/fasterxml/jackson/datatype/jackson-datatype-jsr310/2.9.8/jackson-datatype-jsr310-2.9.8.jar:/root/.m2/repository/com/fasterxml/jackson/module/jackson-module-parameter-names/2.9.8/jackson-module-parameter-names-2.9.8.jar:/root/.m2/repository/org/springframework/boot/spring-boot-starter-tomcat/2.1.2.RELEASE/spring-boot-starter-tomcat-2.1.2.RELEASE.jar:/root/.m2/repository/org/apache/tomcat/embed/tomcat-embed-core/9.0.14/tomcat-embed-core-9.0.14.jar:/root/.m2/repository/org/apache/tomcat/embed/tomcat-embed-el/9.0.14/tomcat-embed-el-9.0.14.jar:/root/.m2/repository/org/apache/tomcat/embed/tomcat-embed-websocket/9.0.14/tomcat-embed-websocket-9.0.14.jar:/root/.m2/repository/org/hibernate/validator/hibernate-validator/6.0.14.Final/hibernate-validator-6.0.14.Final.jar:/root/.m2/repository/javax/validation/validation-api/2.0.1.Final/validation-api-2.0.1.Final.jar:/root/.m2/repository/org/springframework/spring-web/5.1.4.RELEASE/spring-web-5.1.4.RELEASE.jar:/root/.m2/repository/org/springframework/data/spring-data-rest-webmvc/3.1.4.RELEASE/spring-data-rest-webmvc-3.1.4.RELEASE.jar:/root/.m2/repository/org/springframework/data/spring-data-rest-core/3.1.4.RELEASE/spring-data-rest-core-3.1.4.RELEASE.jar:/root/.m2/repository/org/springframework/hateoas/spring-hateoas/0.25.0.RELEASE/spring-hateoas-0.25.0.RELEASE.jar:/root/.m2/repository/org/atteo/evo-inflector/1.2.2/evo-inflector-1.2.2.jar:/root/.m2/repository/org/springframework/boot/spring-boot-starter-test/2.1.2.RELEASE/spring-boot-starter-test-2.1.2.RELEASE.jar:/root/.m2/repository/org/springframework/boot/spring-boot-starter/2.1.2.RELEASE/spring-boot-starter-2.1.2.RELEASE.jar:/root/.m2/repository/org/springframework/boot/spring-boot/2.1.2.RELEASE/spring-boot-2.1.2.RELEASE.jar:/root/.m2/repository/org/springframework/boot/spring-boot-autoconfigure/2.1.2.RELEASE/spring-boot-autoconfigure-2.1.2.RELEASE.jar:/root/.m2/repository/org/springframework/boot/spring-boot-starter-logging/2.1.2.RELEASE/spring-boot-starter-logging-2.1.2.RELEASE.jar:/root/.m2/repository/ch/qos/logback/logback-classic/1.2.3/logback-classic-1.2.3.jar:/root/.m2/repository/ch/qos/logback/logback-core/1.2.3/logback-core-1.2.3.jar:/root/.m2/repository/org/apache/logging/log4j/log4j-to-slf4j/2.11.1/log4j-to-slf4j-2.11.1.jar:/root/.m2/repository/org/apache/logging/log4j/log4j-api/2.11.1/log4j-api-2.11.1.jar:/root/.m2/repository/org/slf4j/jul-to-slf4j/1.7.25/jul-to-slf4j-1.7.25.jar:/root/.m2/repository/javax/annotation/javax.annotation-api/1.3.2/javax.annotation-api-1.3.2.jar:/root/.m2/repository/org/yaml/snakeyaml/1.23/snakeyaml-1.23.jar:/root/.m2/repository/org/springframework/boot/spring-boot-test/2.1.2.RELEASE/spring-boot-test-2.1.2.RELEASE.jar:/root/.m2/repository/org/springframework/boot/spring-boot-test-autoconfigure/2.1.2.RELEASE/spring-boot-test-autoconfigure-2.1.2.RELEASE.jar:/root/.m2/repository/com/jayway/jsonpath/json-path/2.4.0/json-path-2.4.0.jar:/root/.m2/repository/net/minidev/json-smart/2.3/json-smart-2.3.jar:/root/.m2/repository/net/minidev/accessors-smart/1.2/accessors-smart-1.2.jar:/root/.m2/repository/org/ow2/asm/asm/5.0.4/asm-5.0.4.jar:/root/.m2/repository/junit/junit/4.12/junit-4.12.jar:/root/.m2/repository/org/assertj/assertj-core/3.11.1/assertj-core-3.11.1.jar:/root/.m2/repository/org/mockito/mockito-core/2.23.4/mockito-core-2.23.4.jar:/root/.m2/repository/net/bytebuddy/byte-buddy-agent/1.9.7/byte-buddy-agent-1.9.7.jar:/root/.m2/repository/org/objenesis/objenesis/2.6/objenesis-2.6.jar:/root/.m2/repository/org/hamcrest/hamcrest-core/1.3/hamcrest-core-1.3.jar:/root/.m2/repository/org/skyscreamer/jsonassert/1.5.0/jsonassert-1.5.0.jar:/root/.m2/repository/org/springframework/spring-core/5.1.4.RELEASE/spring-core-5.1.4.RELEASE.jar:/root/.m2/repository/org/springframework/spring-jcl/5.1.4.RELEASE/spring-jcl-5.1.4.RELEASE.jar:/root/.m2/repository/org/springframework/spring-test/5.1.4.RELEASE/spring-test-5.1.4.RELEASE.jar:/root/.m2/repository/org/xmlunit/xmlunit-core/2.6.2/xmlunit-core-2.6.2.jar:/root/.m2/repository/org/springframework/restdocs/spring-restdocs-mockmvc/2.0.3.RELEASE/spring-restdocs-mockmvc-2.0.3.RELEASE.jar:/root/.m2/repository/javax/servlet/javax.servlet-api/4.0.1/javax.servlet-api-4.0.1.jar:/root/.m2/repository/org/springframework/restdocs/spring-restdocs-core/2.0.3.RELEASE/spring-restdocs-core-2.0.3.RELEASE.jar:/root/.m2/repository/org/springframework/spring-webmvc/5.1.4.RELEASE/spring-webmvc-5.1.4.RELEASE.jar:/root/.m2/repository/org/springframework/spring-expression/5.1.4.RELEASE/spring-expression-5.1.4.RELEASE.jar:/root/.m2/repository/org/springframework/boot/spring-boot-starter-jdbc/2.1.2.RELEASE/spring-boot-starter-jdbc-2.1.2.RELEASE.jar:/root/.m2/repository/com/zaxxer/HikariCP/3.2.0/HikariCP-3.2.0.jar:/root/.m2/repository/org/springframework/spring-jdbc/5.1.4.RELEASE/spring-jdbc-5.1.4.RELEASE.jar:/root/.m2/repository/org/springframework/spring-beans/5.1.4.RELEASE/spring-beans-5.1.4.RELEASE.jar:/root/.m2/repository/org/springframework/spring-tx/5.1.4.RELEASE/spring-tx-5.1.4.RELEASE.jar:/root/.m2/repository/org/springframework/boot/spring-boot-starter-security/2.1.2.RELEASE/spring-boot-starter-security-2.1.2.RELEASE.jar:/root/.m2/repository/org/springframework/spring-aop/5.1.4.RELEASE/spring-aop-5.1.4.RELEASE.jar:/root/.m2/repository/org/springframework/security/spring-security-config/5.1.3.RELEASE/spring-security-config-5.1.3.RELEASE.jar:/root/.m2/repository/org/springframework/security/spring-security-web/5.1.3.RELEASE/spring-security-web-5.1.3.RELEASE.jar:/root/.m2/repository/org/springframework/security/spring-security-oauth2-client/5.1.3.RELEASE/spring-security-oauth2-client-5.1.3.RELEASE.jar:/root/.m2/repository/com/nimbusds/oauth2-oidc-sdk/6.0/oauth2-oidc-sdk-6.0.jar:/root/.m2/repository/com/sun/mail/javax.mail/1.6.2/javax.mail-1.6.2.jar:/root/.m2/repository/javax/activation/activation/1.1/activation-1.1.jar:/root/.m2/repository/com/github/stephenc/jcip/jcip-annotations/1.0-1/jcip-annotations-1.0-1.jar:/root/.m2/repository/com/nimbusds/lang-tag/1.4.4/lang-tag-1.4.4.jar:/root/.m2/repository/com/nimbusds/nimbus-jose-jwt/7.0.1/nimbus-jose-jwt-7.0.1.jar:/root/.m2/repository/org/springframework/security/spring-security-core/5.1.3.RELEASE/spring-security-core-5.1.3.RELEASE.jar:/root/.m2/repository/org/springframework/security/spring-security-oauth2-core/5.1.3.RELEASE/spring-security-oauth2-core-5.1.3.RELEASE.jar:/root/.m2/repository/io/jsonwebtoken/jjwt/0.9.1/jjwt-0.9.1.jar:/root/.m2/repository/io/springfox/springfox-swagger2/2.6.1/springfox-swagger2-2.6.1.jar:/root/.m2/repository/io/swagger/swagger-annotations/1.5.10/swagger-annotations-1.5.10.jar:/root/.m2/repository/io/swagger/swagger-models/1.5.10/swagger-models-1.5.10.jar:/root/.m2/repository/io/springfox/springfox-spi/2.6.1/springfox-spi-2.6.1.jar:/root/.m2/repository/io/springfox/springfox-core/2.6.1/springfox-core-2.6.1.jar:/root/.m2/repository/io/springfox/springfox-schema/2.6.1/springfox-schema-2.6.1.jar:/root/.m2/repository/io/springfox/springfox-swagger-common/2.6.1/springfox-swagger-common-2.6.1.jar:/root/.m2/repository/io/springfox/springfox-spring-web/2.6.1/springfox-spring-web-2.6.1.jar:/root/.m2/repository/com/google/guava/guava/18.0/guava-18.0.jar:/root/.m2/repository/com/fasterxml/classmate/1.4.0/classmate-1.4.0.jar:/root/.m2/repository/org/springframework/plugin/spring-plugin-core/1.2.0.RELEASE/spring-plugin-core-1.2.0.RELEASE.jar:/root/.m2/repository/org/springframework/plugin/spring-plugin-metadata/1.2.0.RELEASE/spring-plugin-metadata-1.2.0.RELEASE.jar:/root/.m2/repository/io/springfox/springfox-swagger-ui/2.6.1/springfox-swagger-ui-2.6.1.jar:/root/.m2/repository/io/springfox/springfox-bean-validators/2.6.1/springfox-bean-validators-2.6.1.jar:/root/.m2/repository/org/projectlombok/lombok/1.18.4/lombok-1.18.4.jar:/root/.m2/repository/com/h2database/h2/1.4.197/h2-1.4.197.jar:/root/.m2/repository/org/postgresql/postgresql/42.2.5/postgresql-42.2.5.jar:/root/.m2/repository/com/fasterxml/jackson/core/jackson-databind/2.9.4/jackson-databind-2.9.4.jar:/root/.m2/repository/com/fasterxml/jackson/core/jackson-annotations/2.9.0/jackson-annotations-2.9.0.jar:/root/.m2/repository/com/fasterxml/jackson/core/jackson-core/2.9.8/jackson-core-2.9.8.jar:/root/.m2/repository/com/offbytwo/jenkins/jenkins-client/0.3.8/jenkins-client-0.3.8.jar:/root/.m2/repository/dom4j/dom4j/1.6.1/dom4j-1.6.1.jar:/root/.m2/repository/net/sf/json-lib/json-lib/2.4/json-lib-2.4-jdk15.jar:/root/.m2/repository/commons-beanutils/commons-beanutils/1.8.0/commons-beanutils-1.8.0.jar:/root/.m2/repository/commons-collections/commons-collections/3.2.1/commons-collections-3.2.1.jar:/root/.m2/repository/commons-logging/commons-logging/1.1.1/commons-logging-1.1.1.jar:/root/.m2/repository/net/sf/ezmorph/ezmorph/1.0.6/ezmorph-1.0.6.jar:/root/.m2/repository/commons-lang/commons-lang/2.6/commons-lang-2.6.jar:/root/.m2/repository/commons-io/commons-io/2.4/commons-io-2.4.jar:/root/.m2/repository/org/apache/httpcomponents/httpcore/4.4.10/httpcore-4.4.10.jar:/root/.m2/repository/org/apache/httpcomponents/httpmime/4.5.6/httpmime-4.5.6.jar:/root/.m2/repository/jaxen/jaxen/1.1.6/jaxen-1.1.6.jar:/root/.m2/repository/xml-apis/xml-apis/1.4.01/xml-apis-1.4.01.jar:/root/.m2/repository/org/gitlab4j/gitlab4j-api/4.9.18/gitlab4j-api-4.9.18.jar:/root/.m2/repository/com/sun/activation/javax.activation/1.2.0/javax.activation-1.2.0.jar:/root/.m2/repository/com/fasterxml/jackson/jaxrs/jackson-jaxrs-json-provider/2.9.8/jackson-jaxrs-json-provider-2.9.8.jar:/root/.m2/repository/com/fasterxml/jackson/jaxrs/jackson-jaxrs-base/2.9.8/jackson-jaxrs-base-2.9.8.jar:/root/.m2/repository/com/fasterxml/jackson/module/jackson-module-jaxb-annotations/2.9.8/jackson-module-jaxb-annotations-2.9.8.jar:/root/.m2/repository/org/glassfish/jersey/inject/jersey-hk2/2.27/jersey-hk2-2.27.jar:/root/.m2/repository/org/glassfish/jersey/core/jersey-common/2.27/jersey-common-2.27.jar:/root/.m2/repository/org/glassfish/hk2/osgi-resource-locator/1.0.1/osgi-resource-locator-1.0.1.jar:/root/.m2/repository/org/glassfish/hk2/hk2-locator/2.5.0-b42/hk2-locator-2.5.0-b42.jar:/root/.m2/repository/org/glassfish/hk2/external/aopalliance-repackaged/2.5.0-b42/aopalliance-repackaged-2.5.0-b42.jar:/root/.m2/repository/org/glassfish/hk2/hk2-api/2.5.0-b42/hk2-api-2.5.0-b42.jar:/root/.m2/repository/org/glassfish/hk2/hk2-utils/2.5.0-b42/hk2-utils-2.5.0-b42.jar:/root/.m2/repository/org/glassfish/jersey/core/jersey-client/2.27/jersey-client-2.27.jar:/root/.m2/repository/javax/ws/rs/javax.ws.rs-api/2.1/javax.ws.rs-api-2.1.jar:/root/.m2/repository/org/glassfish/hk2/external/javax.inject/2.5.0-b42/javax.inject-2.5.0-b42.jar:/root/.m2/repository/org/glassfish/jersey/connectors/jersey-apache-connector/2.27/jersey-apache-connector-2.27.jar:/root/.m2/repository/org/glassfish/jersey/media/jersey-media-multipart/2.27/jersey-media-multipart-2.27.jar:/root/.m2/repository/org/jvnet/mimepull/mimepull/1.9.10/mimepull-1.9.10.jar:/root/.m2/repository/org/jsoup/jsoup/1.11.3/jsoup-1.11.3.jar:/root/.m2/repository/io/rest-assured/json-schema-validator/3.0.7/json-schema-validator-3.0.7.jar:/root/.m2/repository/com/github/fge/json-schema-validator/2.2.6/json-schema-validator-2.2.6.jar:/root/.m2/repository/com/google/code/findbugs/jsr305/3.0.0/jsr305-3.0.0.jar:/root/.m2/repository/joda-time/joda-time/2.10.1/joda-time-2.10.1.jar:/root/.m2/repository/com/googlecode/libphonenumber/libphonenumber/6.2/libphonenumber-6.2.jar:/root/.m2/repository/com/github/fge/json-schema-core/1.2.5/json-schema-core-1.2.5.jar:/root/.m2/repository/com/github/fge/uri-template/0.9/uri-template-0.9.jar:/root/.m2/repository/com/github/fge/msg-simple/1.1/msg-simple-1.1.jar:/root/.m2/repository/com/github/fge/btf/1.2/btf-1.2.jar:/root/.m2/repository/com/github/fge/jackson-coreutils/1.8/jackson-coreutils-1.8.jar:/root/.m2/repository/org/mozilla/rhino/1.7R4/rhino-1.7R4.jar:/root/.m2/repository/javax/mail/mailapi/1.4.3/mailapi-1.4.3.jar:/root/.m2/repository/net/sf/jopt-simple/jopt-simple/4.6/jopt-simple-4.6.jar:/root/.m2/repository/io/rest-assured/rest-assured/3.1.1/rest-assured-3.1.1.jar:/root/.m2/repository/org/codehaus/groovy/groovy/2.5.5/groovy-2.5.5.jar:/root/.m2/repository/org/codehaus/groovy/groovy-xml/2.5.5/groovy-xml-2.5.5.jar:/root/.m2/repository/org/ccil/cowan/tagsoup/tagsoup/1.2.1/tagsoup-1.2.1.jar:/root/.m2/repository/io/rest-assured/json-path/3.1.1/json-path-3.1.1.jar:/root/.m2/repository/org/codehaus/groovy/groovy-json/2.5.5/groovy-json-2.5.5.jar:/root/.m2/repository/io/rest-assured/rest-assured-common/3.1.1/rest-assured-common-3.1.1.jar:/root/.m2/repository/io/rest-assured/xml-path/3.1.1/xml-path-3.1.1.jar:/root/.m2/repository/org/hamcrest/hamcrest-library/1.3/hamcrest-library-1.3.jar:/root/.m2/repository/org/json/json/20180813/json-20180813.jar:/root/.m2/repository/org/apache/httpcomponents/httpclient/4.5.6/httpclient-4.5.6.jar:/root/.m2/repository/commons-codec/commons-codec/1.11/commons-codec-1.11.jar:/root/.m2/repository/org/apache/commons/commons-lang3/3.3.2/commons-lang3-3.3.2.jar:/root/.m2/repository/org/apache/poi/poi/3.15/poi-3.15.jar:/root/.m2/repository/org/apache/commons/commons-collections4/4.1/commons-collections4-4.1.jar:/root/.m2/repository/org/apache/poi/poi-ooxml/3.15/poi-ooxml-3.15.jar:/root/.m2/repository/org/apache/poi/poi-ooxml-schemas/3.15/poi-ooxml-schemas-3.15.jar:/root/.m2/repository/org/apache/xmlbeans/xmlbeans/2.6.0/xmlbeans-2.6.0.jar:/root/.m2/repository/stax/stax-api/1.0.1/stax-api-1.0.1.jar:/root/.m2/repository/com/github/virtuald/curvesapi/1.04/curvesapi-1.04.jar:/root/.m2/repository/net/sf/supercsv/super-csv/2.4.0/super-csv-2.4.0.jar:/root/.m2/repository/com/itextpdf/itextpdf/5.5.10/itextpdf-5.5.10.jar:/root/.m2/repository/com/spotify/dockerfile-maven-plugin/1.4.0/dockerfile-maven-plugin-1.4.0.jar:/root/.m2/repository/com/spotify/docker-client/8.11.1/docker-client-8.11.1-shaded.jar:/root/.m2/repository/com/fasterxml/jackson/datatype/jackson-datatype-guava/2.9.8/jackson-datatype-guava-2.9.8.jar:/root/.m2/repository/org/glassfish/jersey/media/jersey-media-json-jackson/2.27/jersey-media-json-jackson-2.27.jar:/root/.m2/repository/org/glassfish/jersey/ext/jersey-entity-filtering/2.27/jersey-entity-filtering-2.27.jar:/root/.m2/repository/org/apache/commons/commons-compress/1.9/commons-compress-1.9.jar:/root/.m2/repository/com/github/jnr/jnr-unixsocket/0.18/jnr-unixsocket-0.18.jar:/root/.m2/repository/com/github/jnr/jnr-ffi/2.1.4/jnr-ffi-2.1.4.jar:/root/.m2/repository/com/github/jnr/jffi/1.2.15/jffi-1.2.15.jar:/root/.m2/repository/com/github/jnr/jffi/1.2.15/jffi-1.2.15-native.jar:/root/.m2/repository/org/ow2/asm/asm-commons/5.0.3/asm-commons-5.0.3.jar:/root/.m2/repository/org/ow2/asm/asm-analysis/5.0.3/asm-analysis-5.0.3.jar:/root/.m2/repository/org/ow2/asm/asm-tree/5.0.3/asm-tree-5.0.3.jar:/root/.m2/repository/org/ow2/asm/asm-util/5.0.3/asm-util-5.0.3.jar:/root/.m2/repository/com/github/jnr/jnr-x86asm/1.0.2/jnr-x86asm-1.0.2.jar:/root/.m2/repository/com/github/jnr/jnr-constants/0.9.8/jnr-constants-0.9.8.jar:/root/.m2/repository/com/github/jnr/jnr-enxio/0.16/jnr-enxio-0.16.jar:/root/.m2/repository/com/github/jnr/jnr-posix/3.0.35/jnr-posix-3.0.35.jar:/root/.m2/repository/org/bouncycastle/bcpkix-jdk15on/1.59/bcpkix-jdk15on-1.59.jar:/root/.m2/repository/org/bouncycastle/bcprov-jdk15on/1.59/bcprov-jdk15on-1.59.jar:/root/.m2/repository/com/google/auth/google-auth-library-oauth2-http/0.6.0/google-auth-library-oauth2-http-0.6.0.jar:/root/.m2/repository/com/google/auth/google-auth-library-credentials/0.6.0/google-auth-library-credentials-0.6.0.jar:/root/.m2/repository/com/google/http-client/google-http-client/1.19.0/google-http-client-1.19.0.jar:/root/.m2/repository/com/google/http-client/google-http-client-jackson2/1.19.0/google-http-client-jackson2-1.19.0.jar:/root/.m2/repository/com/spotify/dockerfile-maven-extension/1.4.0/dockerfile-maven-extension-1.4.0.jar:/root/.m2/repository/org/apache/maven/maven-plugin-api/3.3.9/maven-plugin-api-3.3.9.jar:/root/.m2/repository/org/apache/maven/maven-model/3.3.9/maven-model-3.3.9.jar:/root/.m2/repository/org/apache/maven/maven-artifact/3.3.9/maven-artifact-3.3.9.jar:/root/.m2/repository/org/eclipse/sisu/org.eclipse.sisu.plexus/0.3.2/org.eclipse.sisu.plexus-0.3.2.jar:/root/.m2/repository/javax/enterprise/cdi-api/1.0/cdi-api-1.0.jar:/root/.m2/repository/javax/annotation/jsr250-api/1.0/jsr250-api-1.0.jar:/root/.m2/repository/org/eclipse/sisu/org.eclipse.sisu.inject/0.3.2/org.eclipse.sisu.inject-0.3.2.jar:/root/.m2/repository/org/apache/maven/maven-core/3.3.9/maven-core-3.3.9.jar:/root/.m2/repository/org/apache/maven/maven-settings/3.3.9/maven-settings-3.3.9.jar:/root/.m2/repository/org/apache/maven/maven-settings-builder/3.3.9/maven-settings-builder-3.3.9.jar:/root/.m2/repository/org/apache/maven/maven-builder-support/3.3.9/maven-builder-support-3.3.9.jar:/root/.m2/repository/org/apache/maven/maven-repository-metadata/3.3.9/maven-repository-metadata-3.3.9.jar:/root/.m2/repository/org/apache/maven/maven-model-builder/3.3.9/maven-model-builder-3.3.9.jar:/root/.m2/repository/org/apache/maven/maven-aether-provider/3.3.9/maven-aether-provider-3.3.9.jar:/root/.m2/repository/org/eclipse/aether/aether-spi/1.0.2.v20150114/aether-spi-1.0.2.v20150114.jar:/root/.m2/repository/org/eclipse/aether/aether-impl/1.0.2.v20150114/aether-impl-1.0.2.v20150114.jar:/root/.m2/repository/org/eclipse/aether/aether-api/1.0.2.v20150114/aether-api-1.0.2.v20150114.jar:/root/.m2/repository/org/eclipse/aether/aether-util/1.0.2.v20150114/aether-util-1.0.2.v20150114.jar:/root/.m2/repository/com/google/inject/guice/4.0/guice-4.0-no_aop.jar:/root/.m2/repository/javax/inject/javax.inject/1/javax.inject-1.jar:/root/.m2/repository/aopalliance/aopalliance/1.0/aopalliance-1.0.jar:/root/.m2/repository/org/codehaus/plexus/plexus-interpolation/1.21/plexus-interpolation-1.21.jar:/root/.m2/repository/org/codehaus/plexus/plexus-utils/3.0.22/plexus-utils-3.0.22.jar:/root/.m2/repository/org/codehaus/plexus/plexus-classworlds/2.5.2/plexus-classworlds-2.5.2.jar:/root/.m2/repository/org/codehaus/plexus/plexus-component-annotations/1.6/plexus-component-annotations-1.6.jar:/root/.m2/repository/org/sonatype/plexus/plexus-sec-dispatcher/1.3/plexus-sec-dispatcher-1.3.jar:/root/.m2/repository/org/sonatype/plexus/plexus-cipher/1.4/plexus-cipher-1.4.jar:/root/.m2/repository/org/apache/maven/maven-archiver/3.0.0/maven-archiver-3.0.0.jar:/root/.m2/repository/org/apache/maven/shared/maven-shared-utils/3.0.0/maven-shared-utils-3.0.0.jar:/root/.m2/repository/org/codehaus/plexus/plexus-archiver/2.9.1/plexus-archiver-2.9.1.jar:/root/.m2/repository/org/codehaus/plexus/plexus-io/2.4.1/plexus-io-2.4.1.jar:/root/.m2/repository/org/springframework/boot/spring-boot-configuration-processor/2.1.2.RELEASE/spring-boot-configuration-processor-2.1.2.RELEASE.jar:/root/.m2/repository/com/github/techguy-bhushan/xss.filter/1.0.2/xss.filter-1.0.2.jar:/root/.m2/repository/org/apache/maven/surefire/surefire-junit4/3.0.0-M3/surefire-junit4-3.0.0-M3.jar:/root/.m2/repository/org/apache/maven/surefire/common-java5/3.0.0-M3/common-java5-3.0.0-M3.jar:/root/.m2/repository/org/apache/maven/surefire/common-junit3/3.0.0-M3/common-junit3-3.0.0-M3.jar:/root/.m2/repository/org/apache/maven/surefire/common-junit4/3.0.0-M3/common-junit4-3.0.0-M3.jar"/>
    <property name="java.vm.vendor" value="Oracle Corporation"/>
    <property name="sun.arch.data.model" value="64"/>
    <property name="java.vendor.url" value="http://java.oracle.com/"/>
    <property name="user.timezone" value=""/>
    <property name="java.vm.specification.version" value="1.8"/>
    <property name="os.name" value="Linux"/>
    <property name="qe.pass" value="123123"/>
    <property name="sun.java.launcher" value="SUN_STANDARD"/>
    <property name="sun.boot.library.path" value="/usr/lib/jvm/java-8-openjdk-amd64/jre/lib/amd64"/>
    <property name="sun.java.command" value="org.apache.maven.surefire.booter.ForkedBooter /root/repo/target/surefire 2019-04-04T17-51-36_620-jvmRun1 surefire4476745485195305041tmp surefire_07930477304776278013tmp"/>
    <property name="test" value="AllTestSuite"/>
    <property name="surefire.test.class.path" value="/root/repo/target/test-classes:/root/repo/target/classes:/root/.m2/repository/org/slf4j/slf4j-api/1.7.21/slf4j-api-1.7.21.jar:/root/.m2/repository/javax/xml/bind/jaxb-api/2.3.0/jaxb-api-2.3.0.jar:/root/.m2/repository/com/google/code/gson/gson/2.8.5/gson-2.8.5.jar:/root/.m2/repository/org/modelmapper/modelmapper/2.3.2/modelmapper-2.3.2.jar:/root/.m2/repository/org/springframework/boot/spring-boot-starter-data-jpa/2.1.2.RELEASE/spring-boot-starter-data-jpa-2.1.2.RELEASE.jar:/root/.m2/repository/org/springframework/boot/spring-boot-starter-aop/2.1.2.RELEASE/spring-boot-starter-aop-2.1.2.RELEASE.jar:/root/.m2/repository/org/aspectj/aspectjweaver/1.9.2/aspectjweaver-1.9.2.jar:/root/.m2/repository/javax/transaction/javax.transaction-api/1.3/javax.transaction-api-1.3.jar:/root/.m2/repository/org/hibernate/hibernate-core/5.3.7.Final/hibernate-core-5.3.7.Final.jar:/root/.m2/repository/org/jboss/logging/jboss-logging/3.3.2.Final/jboss-logging-3.3.2.Final.jar:/root/.m2/repository/javax/persistence/javax.persistence-api/2.2/javax.persistence-api-2.2.jar:/root/.m2/repository/org/javassist/javassist/3.23.1-GA/javassist-3.23.1-GA.jar:/root/.m2/repository/net/bytebuddy/byte-buddy/1.9.7/byte-buddy-1.9.7.jar:/root/.m2/repository/antlr/antlr/2.7.7/antlr-2.7.7.jar:/root/.m2/repository/org/jboss/jandex/2.0.5.Final/jandex-2.0.5.Final.jar:/root/.m2/repository/javax/activation/javax.activation-api/1.2.0/javax.activation-api-1.2.0.jar:/root/.m2/repository/org/dom4j/dom4j/2.1.1/dom4j-2.1.1.jar:/root/.m2/repository/org/hibernate/common/hibernate-commons-annotations/5.0.4.Final/hibernate-commons-annotations-5.0.4.Final.jar:/root/.m2/repository/org/springframework/data/spring-data-jpa/2.1.4.RELEASE/spring-data-jpa-2.1.4.RELEASE.jar:/root/.m2/repository/org/springframework/data/spring-data-commons/2.1.4.RELEASE/spring-data-commons-2.1.4.RELEASE.jar:/root/.m2/repository/org/springframework/spring-orm/5.1.4.RELEASE/spring-orm-5.1.4.RELEASE.jar:/root/.m2/repository/org/springframework/spring-context/5.1.4.RELEASE/spring-context-5.1.4.RELEASE.jar:/root/.m2/repository/org/springframework/spring-aspects/5.1.4.RELEASE/spring-aspects-5.1.4.RELEASE.jar:/root/.m2/repository/org/springframework/boot/spring-boot-starter-data-rest/2.1.2.RELEASE/spring-boot-starter-data-rest-2.1.2.RELEASE.jar:/root/.m2/repository/org/springframework/boot/spring-boot-starter-web/2.1.2.RELEASE/spring-boot-starter-web-2.1.2.RELEASE.jar:/root/.m2/repository/org/springframework/boot/spring-boot-starter-json/2.1.2.RELEASE/spring-boot-starter-json-2.1.2.RELEASE.jar:/root/.m2/repository/com/fasterxml/jackson/datatype/jackson-datatype-jdk8/2.9.8/jackson-datatype-jdk8-2.9.8.jar:/root/.m2/repository/com/fasterxml/jackson/datatype/jackson-datatype-jsr310/2.9.8/jackson-datatype-jsr310-2.9.8.jar:/root/.m2/repository/com/fasterxml/jackson/module/jackson-module-parameter-names/2.9.8/jackson-module-parameter-names-2.9.8.jar:/root/.m2/repository/org/springframework/boot/spring-boot-starter-tomcat/2.1.2.RELEASE/spring-boot-starter-tomcat-2.1.2.RELEASE.jar:/root/.m2/repository/org/apache/tomcat/embed/tomcat-embed-core/9.0.14/tomcat-embed-core-9.0.14.jar:/root/.m2/repository/org/apache/tomcat/embed/tomcat-embed-el/9.0.14/tomcat-embed-el-9.0.14.jar:/root/.m2/repository/org/apache/tomcat/embed/tomcat-embed-websocket/9.0.14/tomcat-embed-websocket-9.0.14.jar:/root/.m2/repository/org/hibernate/validator/hibernate-validator/6.0.14.Final/hibernate-validator-6.0.14.Final.jar:/root/.m2/repository/javax/validation/validation-api/2.0.1.Final/validation-api-2.0.1.Final.jar:/root/.m2/repository/org/springframework/spring-web/5.1.4.RELEASE/spring-web-5.1.4.RELEASE.jar:/root/.m2/repository/org/springframework/data/spring-data-rest-webmvc/3.1.4.RELEASE/spring-data-rest-webmvc-3.1.4.RELEASE.jar:/root/.m2/repository/org/springframework/data/spring-data-rest-core/3.1.4.RELEASE/spring-data-rest-core-3.1.4.RELEASE.jar:/root/.m2/repository/org/springframework/hateoas/spring-hateoas/0.25.0.RELEASE/spring-hateoas-0.25.0.RELEASE.jar:/root/.m2/repository/org/atteo/evo-inflector/1.2.2/evo-inflector-1.2.2.jar:/root/.m2/repository/org/springframework/boot/spring-boot-starter-test/2.1.2.RELEASE/spring-boot-starter-test-2.1.2.RELEASE.jar:/root/.m2/repository/org/springframework/boot/spring-boot-starter/2.1.2.RELEASE/spring-boot-starter-2.1.2.RELEASE.jar:/root/.m2/repository/org/springframework/boot/spring-boot/2.1.2.RELEASE/spring-boot-2.1.2.RELEASE.jar:/root/.m2/repository/org/springframework/boot/spring-boot-autoconfigure/2.1.2.RELEASE/spring-boot-autoconfigure-2.1.2.RELEASE.jar:/root/.m2/repository/org/springframework/boot/spring-boot-starter-logging/2.1.2.RELEASE/spring-boot-starter-logging-2.1.2.RELEASE.jar:/root/.m2/repository/ch/qos/logback/logback-classic/1.2.3/logback-classic-1.2.3.jar:/root/.m2/repository/ch/qos/logback/logback-core/1.2.3/logback-core-1.2.3.jar:/root/.m2/repository/org/apache/logging/log4j/log4j-to-slf4j/2.11.1/log4j-to-slf4j-2.11.1.jar:/root/.m2/repository/org/apache/logging/log4j/log4j-api/2.11.1/log4j-api-2.11.1.jar:/root/.m2/repository/org/slf4j/jul-to-slf4j/1.7.25/jul-to-slf4j-1.7.25.jar:/root/.m2/repository/javax/annotation/javax.annotation-api/1.3.2/javax.annotation-api-1.3.2.jar:/root/.m2/repository/org/yaml/snakeyaml/1.23/snakeyaml-1.23.jar:/root/.m2/repository/org/springframework/boot/spring-boot-test/2.1.2.RELEASE/spring-boot-test-2.1.2.RELEASE.jar:/root/.m2/repository/org/springframework/boot/spring-boot-test-autoconfigure/2.1.2.RELEASE/spring-boot-test-autoconfigure-2.1.2.RELEASE.jar:/root/.m2/repository/com/jayway/jsonpath/json-path/2.4.0/json-path-2.4.0.jar:/root/.m2/repository/net/minidev/json-smart/2.3/json-smart-2.3.jar:/root/.m2/repository/net/minidev/accessors-smart/1.2/accessors-smart-1.2.jar:/root/.m2/repository/org/ow2/asm/asm/5.0.4/asm-5.0.4.jar:/root/.m2/repository/junit/junit/4.12/junit-4.12.jar:/root/.m2/repository/org/assertj/assertj-core/3.11.1/assertj-core-3.11.1.jar:/root/.m2/repository/org/mockito/mockito-core/2.23.4/mockito-core-2.23.4.jar:/root/.m2/repository/net/bytebuddy/byte-buddy-agent/1.9.7/byte-buddy-agent-1.9.7.jar:/root/.m2/repository/org/objenesis/objenesis/2.6/objenesis-2.6.jar:/root/.m2/repository/org/hamcrest/hamcrest-core/1.3/hamcrest-core-1.3.jar:/root/.m2/repository/org/skyscreamer/jsonassert/1.5.0/jsonassert-1.5.0.jar:/root/.m2/repository/org/springframework/spring-core/5.1.4.RELEASE/spring-core-5.1.4.RELEASE.jar:/root/.m2/repository/org/springframework/spring-jcl/5.1.4.RELEASE/spring-jcl-5.1.4.RELEASE.jar:/root/.m2/repository/org/springframework/spring-test/5.1.4.RELEASE/spring-test-5.1.4.RELEASE.jar:/root/.m2/repository/org/xmlunit/xmlunit-core/2.6.2/xmlunit-core-2.6.2.jar:/root/.m2/repository/org/springframework/restdocs/spring-restdocs-mockmvc/2.0.3.RELEASE/spring-restdocs-mockmvc-2.0.3.RELEASE.jar:/root/.m2/repository/javax/servlet/javax.servlet-api/4.0.1/javax.servlet-api-4.0.1.jar:/root/.m2/repository/org/springframework/restdocs/spring-restdocs-core/2.0.3.RELEASE/spring-restdocs-core-2.0.3.RELEASE.jar:/root/.m2/repository/org/springframework/spring-webmvc/5.1.4.RELEASE/spring-webmvc-5.1.4.RELEASE.jar:/root/.m2/repository/org/springframework/spring-expression/5.1.4.RELEASE/spring-expression-5.1.4.RELEASE.jar:/root/.m2/repository/org/springframework/boot/spring-boot-starter-jdbc/2.1.2.RELEASE/spring-boot-starter-jdbc-2.1.2.RELEASE.jar:/root/.m2/repository/com/zaxxer/HikariCP/3.2.0/HikariCP-3.2.0.jar:/root/.m2/repository/org/springframework/spring-jdbc/5.1.4.RELEASE/spring-jdbc-5.1.4.RELEASE.jar:/root/.m2/repository/org/springframework/spring-beans/5.1.4.RELEASE/spring-beans-5.1.4.RELEASE.jar:/root/.m2/repository/org/springframework/spring-tx/5.1.4.RELEASE/spring-tx-5.1.4.RELEASE.jar:/root/.m2/repository/org/springframework/boot/spring-boot-starter-security/2.1.2.RELEASE/spring-boot-starter-security-2.1.2.RELEASE.jar:/root/.m2/repository/org/springframework/spring-aop/5.1.4.RELEASE/spring-aop-5.1.4.RELEASE.jar:/root/.m2/repository/org/springframework/security/spring-security-config/5.1.3.RELEASE/spring-security-config-5.1.3.RELEASE.jar:/root/.m2/repository/org/springframework/security/spring-security-web/5.1.3.RELEASE/spring-security-web-5.1.3.RELEASE.jar:/root/.m2/repository/org/springframework/security/spring-security-oauth2-client/5.1.3.RELEASE/spring-security-oauth2-client-5.1.3.RELEASE.jar:/root/.m2/repository/com/nimbusds/oauth2-oidc-sdk/6.0/oauth2-oidc-sdk-6.0.jar:/root/.m2/repository/com/sun/mail/javax.mail/1.6.2/javax.mail-1.6.2.jar:/root/.m2/repository/javax/activation/activation/1.1/activation-1.1.jar:/root/.m2/repository/com/github/stephenc/jcip/jcip-annotations/1.0-1/jcip-annotations-1.0-1.jar:/root/.m2/repository/com/nimbusds/lang-tag/1.4.4/lang-tag-1.4.4.jar:/root/.m2/repository/com/nimbusds/nimbus-jose-jwt/7.0.1/nimbus-jose-jwt-7.0.1.jar:/root/.m2/repository/org/springframework/security/spring-security-core/5.1.3.RELEASE/spring-security-core-5.1.3.RELEASE.jar:/root/.m2/repository/org/springframework/security/spring-security-oauth2-core/5.1.3.RELEASE/spring-security-oauth2-core-5.1.3.RELEASE.jar:/root/.m2/repository/io/jsonwebtoken/jjwt/0.9.1/jjwt-0.9.1.jar:/root/.m2/repository/io/springfox/springfox-swagger2/2.6.1/springfox-swagger2-2.6.1.jar:/root/.m2/repository/io/swagger/swagger-annotations/1.5.10/swagger-annotations-1.5.10.jar:/root/.m2/repository/io/swagger/swagger-models/1.5.10/swagger-models-1.5.10.jar:/root/.m2/repository/io/springfox/springfox-spi/2.6.1/springfox-spi-2.6.1.jar:/root/.m2/repository/io/springfox/springfox-core/2.6.1/springfox-core-2.6.1.jar:/root/.m2/repository/io/springfox/springfox-schema/2.6.1/springfox-schema-2.6.1.jar:/root/.m2/repository/io/springfox/springfox-swagger-common/2.6.1/springfox-swagger-common-2.6.1.jar:/root/.m2/repository/io/springfox/springfox-spring-web/2.6.1/springfox-spring-web-2.6.1.jar:/root/.m2/repository/com/google/guava/guava/18.0/guava-18.0.jar:/root/.m2/repository/com/fasterxml/classmate/1.4.0/classmate-1.4.0.jar:/root/.m2/repository/org/springframework/plugin/spring-plugin-core/1.2.0.RELEASE/spring-plugin-core-1.2.0.RELEASE.jar:/root/.m2/repository/org/springframework/plugin/spring-plugin-metadata/1.2.0.RELEASE/spring-plugin-metadata-1.2.0.RELEASE.jar:/root/.m2/repository/io/springfox/springfox-swagger-ui/2.6.1/springfox-swagger-ui-2.6.1.jar:/root/.m2/repository/io/springfox/springfox-bean-validators/2.6.1/springfox-bean-validators-2.6.1.jar:/root/.m2/repository/org/projectlombok/lombok/1.18.4/lombok-1.18.4.jar:/root/.m2/repository/com/h2database/h2/1.4.197/h2-1.4.197.jar:/root/.m2/repository/org/postgresql/postgresql/42.2.5/postgresql-42.2.5.jar:/root/.m2/repository/com/fasterxml/jackson/core/jackson-databind/2.9.4/jackson-databind-2.9.4.jar:/root/.m2/repository/com/fasterxml/jackson/core/jackson-annotations/2.9.0/jackson-annotations-2.9.0.jar:/root/.m2/repository/com/fasterxml/jackson/core/jackson-core/2.9.8/jackson-core-2.9.8.jar:/root/.m2/repository/com/offbytwo/jenkins/jenkins-client/0.3.8/jenkins-client-0.3.8.jar:/root/.m2/repository/dom4j/dom4j/1.6.1/dom4j-1.6.1.jar:/root/.m2/repository/net/sf/json-lib/json-lib/2.4/json-lib-2.4-jdk15.jar:/root/.m2/repository/commons-beanutils/commons-beanutils/1.8.0/commons-beanutils-1.8.0.jar:/root/.m2/repository/commons-collections/commons-collections/3.2.1/commons-collections-3.2.1.jar:/root/.m2/repository/commons-logging/commons-logging/1.1.1/commons-logging-1.1.1.jar:/root/.m2/repository/net/sf/ezmorph/ezmorph/1.0.6/ezmorph-1.0.6.jar:/root/.m2/repository/commons-lang/commons-lang/2.6/commons-lang-2.6.jar:/root/.m2/repository/commons-io/commons-io/2.4/commons-io-2.4.jar:/root/.m2/repository/org/apache/httpcomponents/httpcore/4.4.10/httpcore-4.4.10.jar:/root/.m2/repository/org/apache/httpcomponents/httpmime/4.5.6/httpmime-4.5.6.jar:/root/.m2/repository/jaxen/jaxen/1.1.6/jaxen-1.1.6.jar:/root/.m2/repository/xml-apis/xml-apis/1.4.01/xml-apis-1.4.01.jar:/root/.m2/repository/org/gitlab4j/gitlab4j-api/4.9.18/gitlab4j-api-4.9.18.jar:/root/.m2/repository/com/sun/activation/javax.activation/1.2.0/javax.activation-1.2.0.jar:/root/.m2/repository/com/fasterxml/jackson/jaxrs/jackson-jaxrs-json-provider/2.9.8/jackson-jaxrs-json-provider-2.9.8.jar:/root/.m2/repository/com/fasterxml/jackson/jaxrs/jackson-jaxrs-base/2.9.8/jackson-jaxrs-base-2.9.8.jar:/root/.m2/repository/com/fasterxml/jackson/module/jackson-module-jaxb-annotations/2.9.8/jackson-module-jaxb-annotations-2.9.8.jar:/root/.m2/repository/org/glassfish/jersey/inject/jersey-hk2/2.27/jersey-hk2-2.27.jar:/root/.m2/repository/org/glassfish/jersey/core/jersey-common/2.27/jersey-common-2.27.jar:/root/.m2/repository/org/glassfish/hk2/osgi-resource-locator/1.0.1/osgi-resource-locator-1.0.1.jar:/root/.m2/repository/org/glassfish/hk2/hk2-locator/2.5.0-b42/hk2-locator-2.5.0-b42.jar:/root/.m2/repository/org/glassfish/hk2/external/aopalliance-repackaged/2.5.0-b42/aopalliance-repackaged-2.5.0-b42.jar:/root/.m2/repository/org/glassfish/hk2/hk2-api/2.5.0-b42/hk2-api-2.5.0-b42.jar:/root/.m2/repository/org/glassfish/hk2/hk2-utils/2.5.0-b42/hk2-utils-2.5.0-b42.jar:/root/.m2/repository/org/glassfish/jersey/core/jersey-client/2.27/jersey-client-2.27.jar:/root/.m2/repository/javax/ws/rs/javax.ws.rs-api/2.1/javax.ws.rs-api-2.1.jar:/root/.m2/repository/org/glassfish/hk2/external/javax.inject/2.5.0-b42/javax.inject-2.5.0-b42.jar:/root/.m2/repository/org/glassfish/jersey/connectors/jersey-apache-connector/2.27/jersey-apache-connector-2.27.jar:/root/.m2/repository/org/glassfish/jersey/media/jersey-media-multipart/2.27/jersey-media-multipart-2.27.jar:/root/.m2/repository/org/jvnet/mimepull/mimepull/1.9.10/mimepull-1.9.10.jar:/root/.m2/repository/org/jsoup/jsoup/1.11.3/jsoup-1.11.3.jar:/root/.m2/repository/io/rest-assured/json-schema-validator/3.0.7/json-schema-validator-3.0.7.jar:/root/.m2/repository/com/github/fge/json-schema-validator/2.2.6/json-schema-validator-2.2.6.jar:/root/.m2/repository/com/google/code/findbugs/jsr305/3.0.0/jsr305-3.0.0.jar:/root/.m2/repository/joda-time/joda-time/2.10.1/joda-time-2.10.1.jar:/root/.m2/repository/com/googlecode/libphonenumber/libphonenumber/6.2/libphonenumber-6.2.jar:/root/.m2/repository/com/github/fge/json-schema-core/1.2.5/json-schema-core-1.2.5.jar:/root/.m2/repository/com/github/fge/uri-template/0.9/uri-template-0.9.jar:/root/.m2/repository/com/github/fge/msg-simple/1.1/msg-simple-1.1.jar:/root/.m2/repository/com/github/fge/btf/1.2/btf-1.2.jar:/root/.m2/repository/com/github/fge/jackson-coreutils/1.8/jackson-coreutils-1.8.jar:/root/.m2/repository/org/mozilla/rhino/1.7R4/rhino-1.7R4.jar:/root/.m2/repository/javax/mail/mailapi/1.4.3/mailapi-1.4.3.jar:/root/.m2/repository/net/sf/jopt-simple/jopt-simple/4.6/jopt-simple-4.6.jar:/root/.m2/repository/io/rest-assured/rest-assured/3.1.1/rest-assured-3.1.1.jar:/root/.m2/repository/org/codehaus/groovy/groovy/2.5.5/groovy-2.5.5.jar:/root/.m2/repository/org/codehaus/groovy/groovy-xml/2.5.5/groovy-xml-2.5.5.jar:/root/.m2/repository/org/ccil/cowan/tagsoup/tagsoup/1.2.1/tagsoup-1.2.1.jar:/root/.m2/repository/io/rest-assured/json-path/3.1.1/json-path-3.1.1.jar:/root/.m2/repository/org/codehaus/groovy/groovy-json/2.5.5/groovy-json-2.5.5.jar:/root/.m2/repository/io/rest-assured/rest-assured-common/3.1.1/rest-assured-common-3.1.1.jar:/root/.m2/repository/io/rest-assured/xml-path/3.1.1/xml-path-3.1.1.jar:/root/.m2/repository/org/hamcrest/hamcrest-library/1.3/hamcrest-library-1.3.jar:/root/.m2/repository/org/json/json/20180813/json-20180813.jar:/root/.m2/repository/org/apache/httpcomponents/httpclient/4.5.6/httpclient-4.5.6.jar:/root/.m2/repository/commons-codec/commons-codec/1.11/commons-codec-1.11.jar:/root/.m2/repository/org/apache/commons/commons-lang3/3.3.2/commons-lang3-3.3.2.jar:/root/.m2/repository/org/apache/poi/poi/3.15/poi-3.15.jar:/root/.m2/repository/org/apache/commons/commons-collections4/4.1/commons-collections4-4.1.jar:/root/.m2/repository/org/apache/poi/poi-ooxml/3.15/poi-ooxml-3.15.jar:/root/.m2/repository/org/apache/poi/poi-ooxml-schemas/3.15/poi-ooxml-schemas-3.15.jar:/root/.m2/repository/org/apache/xmlbeans/xmlbeans/2.6.0/xmlbeans-2.6.0.jar:/root/.m2/repository/stax/stax-api/1.0.1/stax-api-1.0.1.jar:/root/.m2/repository/com/github/virtuald/curvesapi/1.04/curvesapi-1.04.jar:/root/.m2/repository/net/sf/supercsv/super-csv/2.4.0/super-csv-2.4.0.jar:/root/.m2/repository/com/itextpdf/itextpdf/5.5.10/itextpdf-5.5.10.jar:/root/.m2/repository/com/spotify/dockerfile-maven-plugin/1.4.0/dockerfile-maven-plugin-1.4.0.jar:/root/.m2/repository/com/spotify/docker-client/8.11.1/docker-client-8.11.1-shaded.jar:/root/.m2/repository/com/fasterxml/jackson/datatype/jackson-datatype-guava/2.9.8/jackson-datatype-guava-2.9.8.jar:/root/.m2/repository/org/glassfish/jersey/media/jersey-media-json-jackson/2.27/jersey-media-json-jackson-2.27.jar:/root/.m2/repository/org/glassfish/jersey/ext/jersey-entity-filtering/2.27/jersey-entity-filtering-2.27.jar:/root/.m2/repository/org/apache/commons/commons-compress/1.9/commons-compress-1.9.jar:/root/.m2/repository/com/github/jnr/jnr-unixsocket/0.18/jnr-unixsocket-0.18.jar:/root/.m2/repository/com/github/jnr/jnr-ffi/2.1.4/jnr-ffi-2.1.4.jar:/root/.m2/repository/com/github/jnr/jffi/1.2.15/jffi-1.2.15.jar:/root/.m2/repository/com/github/jnr/jffi/1.2.15/jffi-1.2.15-native.jar:/root/.m2/repository/org/ow2/asm/asm-commons/5.0.3/asm-commons-5.0.3.jar:/root/.m2/repository/org/ow2/asm/asm-analysis/5.0.3/asm-analysis-5.0.3.jar:/root/.m2/repository/org/ow2/asm/asm-tree/5.0.3/asm-tree-5.0.3.jar:/root/.m2/repository/org/ow2/asm/asm-util/5.0.3/asm-util-5.0.3.jar:/root/.m2/repository/com/github/jnr/jnr-x86asm/1.0.2/jnr-x86asm-1.0.2.jar:/root/.m2/repository/com/github/jnr/jnr-constants/0.9.8/jnr-constants-0.9.8.jar:/root/.m2/repository/com/github/jnr/jnr-enxio/0.16/jnr-enxio-0.16.jar:/root/.m2/repository/com/github/jnr/jnr-posix/3.0.35/jnr-posix-3.0.35.jar:/root/.m2/repository/org/bouncycastle/bcpkix-jdk15on/1.59/bcpkix-jdk15on-1.59.jar:/root/.m2/repository/org/bouncycastle/bcprov-jdk15on/1.59/bcprov-jdk15on-1.59.jar:/root/.m2/repository/com/google/auth/google-auth-library-oauth2-http/0.6.0/google-auth-library-oauth2-http-0.6.0.jar:/root/.m2/repository/com/google/auth/google-auth-library-credentials/0.6.0/google-auth-library-credentials-0.6.0.jar:/root/.m2/repository/com/google/http-client/google-http-client/1.19.0/google-http-client-1.19.0.jar:/root/.m2/repository/com/google/http-client/google-http-client-jackson2/1.19.0/google-http-client-jackson2-1.19.0.jar:/root/.m2/repository/com/spotify/dockerfile-maven-extension/1.4.0/dockerfile-maven-extension-1.4.0.jar:/root/.m2/repository/org/apache/maven/maven-plugin-api/3.3.9/maven-plugin-api-3.3.9.jar:/root/.m2/repository/org/apache/maven/maven-model/3.3.9/maven-model-3.3.9.jar:/root/.m2/repository/org/apache/maven/maven-artifact/3.3.9/maven-artifact-3.3.9.jar:/root/.m2/repository/org/eclipse/sisu/org.eclipse.sisu.plexus/0.3.2/org.eclipse.sisu.plexus-0.3.2.jar:/root/.m2/repository/javax/enterprise/cdi-api/1.0/cdi-api-1.0.jar:/root/.m2/repository/javax/annotation/jsr250-api/1.0/jsr250-api-1.0.jar:/root/.m2/repository/org/eclipse/sisu/org.eclipse.sisu.inject/0.3.2/org.eclipse.sisu.inject-0.3.2.jar:/root/.m2/repository/org/apache/maven/maven-core/3.3.9/maven-core-3.3.9.jar:/root/.m2/repository/org/apache/maven/maven-settings/3.3.9/maven-settings-3.3.9.jar:/root/.m2/repository/org/apache/maven/maven-settings-builder/3.3.9/maven-settings-builder-3.3.9.jar:/root/.m2/repository/org/apache/maven/maven-builder-support/3.3.9/maven-builder-support-3.3.9.jar:/root/.m2/repository/org/apache/maven/maven-repository-metadata/3.3.9/maven-repository-metadata-3.3.9.jar:/root/.m2/repository/org/apache/maven/maven-model-builder/3.3.9/maven-model-builder-3.3.9.jar:/root/.m2/repository/org/apache/maven/maven-aether-provider/3.3.9/maven-aether-provider-3.3.9.jar:/root/.m2/repository/org/eclipse/aether/aether-spi/1.0.2.v20150114/aether-spi-1.0.2.v20150114.jar:/root/.m2/repository/org/eclipse/aether/aether-impl/1.0.2.v20150114/aether-impl-1.0.2.v20150114.jar:/root/.m2/repository/org/eclipse/aether/aether-api/1.0.2.v20150114/aether-api-1.0.2.v20150114.jar:/root/.m2/repository/org/eclipse/aether/aether-util/1.0.2.v20150114/aether-util-1.0.2.v20150114.jar:/root/.m2/repository/com/google/inject/guice/4.0/guice-4.0-no_aop.jar:/root/.m2/repository/javax/inject/javax.inject/1/javax.inject-1.jar:/root/.m2/repository/aopalliance/aopalliance/1.0/aopalliance-1.0.jar:/root/.m2/repository/org/codehaus/plexus/plexus-interpolation/1.21/plexus-interpolation-1.21.jar:/root/.m2/repository/org/codehaus/plexus/plexus-utils/3.0.22/plexus-utils-3.0.22.jar:/root/.m2/repository/org/codehaus/plexus/plexus-classworlds/2.5.2/plexus-classworlds-2.5.2.jar:/root/.m2/repository/org/codehaus/plexus/plexus-component-annotations/1.6/plexus-component-annotations-1.6.jar:/root/.m2/repository/org/sonatype/plexus/plexus-sec-dispatcher/1.3/plexus-sec-dispatcher-1.3.jar:/root/.m2/repository/org/sonatype/plexus/plexus-cipher/1.4/plexus-cipher-1.4.jar:/root/.m2/repository/org/apache/maven/maven-archiver/3.0.0/maven-archiver-3.0.0.jar:/root/.m2/repository/org/apache/maven/shared/maven-shared-utils/3.0.0/maven-shared-utils-3.0.0.jar:/root/.m2/repository/org/codehaus/plexus/plexus-archiver/2.9.1/plexus-archiver-2.9.1.jar:/root/.m2/repository/org/codehaus/plexus/plexus-io/2.4.1/plexus-io-2.4.1.jar:/root/.m2/repository/org/springframework/boot/spring-boot-configuration-processor/2.1.2.RELEASE/spring-boot-configuration-processor-2.1.2.RELEASE.jar:/root/.m2/repository/com/github/techguy-bhushan/xss.filter/1.0.2/xss.filter-1.0.2.jar:"/>
    <property name="sun.cpu.endian" value="little"/>
    <property name="user.home" value="/root"/>
    <property name="user.language" value="en"/>
    <property name="java.specification.vendor" value="Oracle Corporation"/>
    <property name="java.home" value="/usr/lib/jvm/java-8-openjdk-amd64/jre"/>
    <property name="spring.profiles.active" value="test"/>
    <property name="basedir" value="/root/repo"/>
    <property name="file.separator" value="/"/>
    <property name="line.separator" value="
"/>
    <property name="java.vm.specification.vendor" value="Oracle Corporation"/>
    <property name="java.specification.name" value="Java Platform API Specification"/>
    <property name="java.awt.graphicsenv" value="sun.awt.X11GraphicsEnvironment"/>
    <property name="sun.boot.class.path" value="/usr/lib/jvm/java-8-openjdk-amd64/jre/lib/resources.jar:/usr/lib/jvm/java-8-openjdk-amd64/jre/lib/rt.jar:/usr/lib/jvm/java-8-openjdk-amd64/jre/lib/sunrsasign.jar:/usr/lib/jvm/java-8-openjdk-amd64/jre/lib/jsse.jar:/usr/lib/jvm/java-8-openjdk-amd64/jre/lib/jce.jar:/usr/lib/jvm/java-8-openjdk-amd64/jre/lib/charsets.jar:/usr/lib/jvm/java-8-openjdk-amd64/jre/lib/jfr.jar:/usr/lib/jvm/java-8-openjdk-amd64/jre/classes"/>
    <property name="sun.management.compiler" value="HotSpot 64-Bit Tiered Compilers"/>
    <property name="java.runtime.version" value="1.8.0_121-8u121-b13-1~bpo8+1-b13"/>
    <property name="user.name" value="root"/>
    <property name="path.separator" value=":"/>
    <property name="os.version" value="4.4.0-141-generic"/>
    <property name="java.endorsed.dirs" value="/usr/lib/jvm/java-8-openjdk-amd64/jre/lib/endorsed"/>
    <property name="java.runtime.name" value="OpenJDK Runtime Environment"/>
    <property name="file.encoding" value="UTF-8"/>
    <property name="java.vm.name" value="OpenJDK 64-Bit Server VM"/>
    <property name="qe.user" value="info@clarolab.com"/>
    <property name="localRepository" value="/root/.m2/repository"/>
    <property name="java.vendor.url.bug" value="http://bugreport.sun.com/bugreport/"/>
    <property name="java.io.tmpdir" value="/tmp"/>
    <property name="java.version" value="1.8.0_121"/>
    <property name="user.dir" value="/root/repo"/>
    <property name="os.arch" value="amd64"/>
    <property name="java.vm.specification.name" value="Java Virtual Machine Specification"/>
    <property name="java.awt.printerjob" value="sun.print.PSPrinterJob"/>
    <property name="sun.os.patch.level" value="unknown"/>
    <property name="java.library.path" value="/usr/java/packages/lib/amd64:/usr/lib/x86_64-linux-gnu/jni:/lib/x86_64-linux-gnu:/usr/lib/x86_64-linux-gnu:/usr/lib/jni:/lib:/usr/lib"/>
    <property name="java.vm.info" value="mixed mode"/>
    <property name="java.vendor" value="Oracle Corporation"/>
    <property name="java.vm.version" value="25.121-b13"/>
    <property name="java.ext.dirs" value="/usr/lib/jvm/java-8-openjdk-amd64/jre/lib/ext:/usr/java/packages/lib/ext"/>
    <property name="sun.io.unicode.encoding" value="UnicodeLittle"/>
    <property name="java.class.version" value="52.0"/>
  </properties>
  <testcase name="testBuildListTimeOut" classname="com.clarolab.api.test.BuildAPITest" time="1.782"/>
  <testcase name="testBuildDeleteNotFound" classname="com.clarolab.api.test.BuildAPITest" time="0.05"/>
  <testcase name="testBuildDeleteNotInList" classname="com.clarolab.api.test.BuildAPITest" time="0.33"/>
  <testcase name="testBuildGetOne" classname="com.clarolab.api.test.BuildAPITest" time="0.028"/>
  <testcase name="testBuildListNotEmpty" classname="com.clarolab.api.test.BuildAPITest" time="0.036"/>
  <testcase name="testConnectorContainerList" classname="com.clarolab.api.test.ConnectorAPITest" time="0.053"/>
  <testcase name="testGet" classname="com.clarolab.api.test.ConnectorAPITest" time="0.031"/>
  <testcase name="testList" classname="com.clarolab.api.test.ConnectorAPITest" time="0.022"/>
  <testcase name="testAContainer" classname="com.clarolab.api.test.ConnectorAPITest" time="0.098">
    <error message="Cannot deserialize instance of `com.clarolab.dto.ContainerDTO` out of START_ARRAY token
 at [Source: (String)&quot;[]&quot;; line: 1, column: 1]" type="com.fasterxml.jackson.databind.exc.MismatchedInputException">com.fasterxml.jackson.databind.exc.MismatchedInputException:
        Cannot deserialize instance of `com.clarolab.dto.ContainerDTO` out of START_ARRAY token
        at [Source: (String)"[]"; line: 1, column: 1]
        at com.clarolab.api.test.ConnectorAPITest.testAContainer(ConnectorAPITest.java:98)
    </error>
    <system-out><![CDATA[Request method:	GET
Request URI:	http://localhost:44760/v1/connector/16/containers
Proxy:			<none>
Request params:	<none>
Query params:	<none>
Form params:	<none>
Path params:	<none>
Headers:		Authorization=Bearer eyJhbGciOiJIUzUxMiJ9.eyJzdWIiOiIyIiwiaWF0IjoxNTU0NDAwMzEwLCJleHAiOjE1NTUyNjQzMTB9.OP0Fvnk49My0Hx-NtQwvxOb3mqTNBS2NsBRSSKKYrGB9eFrx8iomqsmuBkytoSn1kMTqEXKJg0ACoBPTqAO72g
				Accept=*/*
				Content-Type=application/json; charset=UTF-8
Cookies:		<none>
Multiparts:		<none>
Body:			<none>
&amp#27;[30m2019-04-04 17:51:52,210&amp#27;[0;39m &amp#27;[34mINFO &amp#27;[0;39m [&amp#27;[34mhttp-nio-auto-1-exec-2&amp#27;[0;39m] &amp#27;[33mcom.clarolab.util.rest.HttpClient&amp#27;[0;39m: Curl to execute: curl -u testUser:null --header 'Accept: application/json;' -X GET "http://jenkins-strict.eng.jiveland.com/view/api/json?pretty=true&tree=views[name,url,jobs[name,url]]" --insecure
&amp#27;[30m2019-04-04 17:51:52,227&amp#27;[0;39m &amp#27;[34mINFO &amp#27;[0;39m [&amp#27;[34mhttp-nio-auto-1-exec-2&amp#27;[0;39m] &amp#27;[33mcom.clarolab.util.rest.HttpClient&amp#27;[0;39m: Try request: 1
&amp#27;[30m2019-04-04 17:51:52,229&amp#27;[0;39m &amp#27;[1;31mERROR&amp#27;[0;39m [&amp#27;[34mhttp-nio-auto-1-exec-2&amp#27;[0;39m] &amp#27;[33mcom.clarolab.connectors.services.exceptions.ContainerServiceException&amp#27;[0;39m: [getAllViews] : An error occurred trying to get containers
&amp#27;[30m2019-04-04 17:51:52,229&amp#27;[0;39m &amp#27;[1;31mERROR&amp#27;[0;39m [&amp#27;[34mhttp-nio-auto-1-exec-2&amp#27;[0;39m] &amp#27;[33mcom.clarolab.connectors.services.exceptions.ContainerServiceException&amp#27;[0;39m: com.clarolab.connectors.impl.jenkins.services.JenkinsHttpClient.getAllViews(JenkinsHttpClient.java:105)
&amp#27;[30m2019-04-04 17:51:52,230&amp#27;[0;39m &amp#27;[1;31mERROR&amp#27;[0;39m [&amp#27;[34mhttp-nio-auto-1-exec-2&amp#27;[0;39m] &amp#27;[33mcom.clarolab.connectors.services.exceptions.ContainerServiceException&amp#27;[0;39m: com.clarolab.connectors.impl.jenkins.services.JenkinsViewService.getAllViews(JenkinsViewService.java:33)
&amp#27;[30m2019-04-04 17:51:52,230&amp#27;[0;39m &amp#27;[1;31mERROR&amp#27;[0;39m [&amp#27;[34mhttp-nio-auto-1-exec-2&amp#27;[0;39m] &amp#27;[33mcom.clarolab.connectors.services.exceptions.ContainerServiceException&amp#27;[0;39m: com.clarolab.connectors.impl.jenkins.services.JenkinsFacade.getAllViews(JenkinsFacade.java:37)
&amp#27;[30m2019-04-04 17:51:52,230&amp#27;[0;39m &amp#27;[1;31mERROR&amp#27;[0;39m [&amp#27;[34mhttp-nio-auto-1-exec-2&amp#27;[0;39m] &amp#27;[33mcom.clarolab.connectors.services.exceptions.ContainerServiceException&amp#27;[0;39m: com.clarolab.connectors.impl.jenkins.JenkinsConnector.getAllContainers(JenkinsConnector.java:53)
&amp#27;[30m2019-04-04 17:51:52,230&amp#27;[0;39m &amp#27;[1;31mERROR&amp#27;[0;39m [&amp#27;[34mhttp-nio-auto-1-exec-2&amp#27;[0;39m] &amp#27;[33mcom.clarolab.connectors.services.exceptions.ContainerServiceException&amp#27;[0;39m: com.clarolab.service.ContainerService.getAllContainers(ContainerService.java:124)
&amp#27;[30m2019-04-04 17:51:52,230&amp#27;[0;39m &amp#27;[1;31mERROR&amp#27;[0;39m [&amp#27;[34mhttp-nio-auto-1-exec-2&amp#27;[0;39m] &amp#27;[33mcom.clarolab.connectors.services.exceptions.ContainerServiceException&amp#27;[0;39m: com.clarolab.service.ContainerService$$FastClassBySpringCGLIB$$43af7516.invoke(<generated>)
&amp#27;[30m2019-04-04 17:51:52,230&amp#27;[0;39m &amp#27;[1;31mERROR&amp#27;[0;39m [&amp#27;[34mhttp-nio-auto-1-exec-2&amp#27;[0;39m] &amp#27;[33mcom.clarolab.connectors.services.exceptions.ContainerServiceException&amp#27;[0;39m: org.springframework.cglib.proxy.MethodProxy.invoke(MethodProxy.java:218)
&amp#27;[30m2019-04-04 17:51:52,230&amp#27;[0;39m &amp#27;[1;31mERROR&amp#27;[0;39m [&amp#27;[34mhttp-nio-auto-1-exec-2&amp#27;[0;39m] &amp#27;[33mcom.clarolab.connectors.services.exceptions.ContainerServiceException&amp#27;[0;39m: org.springframework.aop.framework.CglibAopProxy$DynamicAdvisedInterceptor.intercept(CglibAopProxy.java:684)
&amp#27;[30m2019-04-04 17:51:52,230&amp#27;[0;39m &amp#27;[1;31mERROR&amp#27;[0;39m [&amp#27;[34mhttp-nio-auto-1-exec-2&amp#27;[0;39m] &amp#27;[33mcom.clarolab.connectors.services.exceptions.ContainerServiceException&amp#27;[0;39m: com.clarolab.service.ContainerService$$EnhancerBySpringCGLIB$$431784ba.getAllContainers(<generated>)
&amp#27;[30m2019-04-04 17:51:52,231&amp#27;[0;39m &amp#27;[1;31mERROR&amp#27;[0;39m [&amp#27;[34mhttp-nio-auto-1-exec-2&amp#27;[0;39m] &amp#27;[33mcom.clarolab.connectors.services.exceptions.ContainerServiceException&amp#27;[0;39m: com.clarolab.service.ConnectorService.getAllContainers(ConnectorService.java:105)
&amp#27;[30m2019-04-04 17:51:52,231&amp#27;[0;39m &amp#27;[1;31mERROR&amp#27;[0;39m [&amp#27;[34mhttp-nio-auto-1-exec-2&amp#27;[0;39m] &amp#27;[33mcom.clarolab.connectors.services.exceptions.ContainerServiceException&amp#27;[0;39m: com.clarolab.service.ConnectorService.getAllContainers(ConnectorService.java:100)
&amp#27;[30m2019-04-04 17:51:52,231&amp#27;[0;39m &amp#27;[1;31mERROR&amp#27;[0;39m [&amp#27;[34mhttp-nio-auto-1-exec-2&amp#27;[0;39m] &amp#27;[33mcom.clarolab.connectors.services.exceptions.ContainerServiceException&amp#27;[0;39m: com.clarolab.serviceDTO.ConnectorServiceDTO.getAllContainers(ConnectorServiceDTO.java:48)
&amp#27;[30m2019-04-04 17:51:52,231&amp#27;[0;39m &amp#27;[1;31mERROR&amp#27;[0;39m [&amp#27;[34mhttp-nio-auto-1-exec-2&amp#27;[0;39m] &amp#27;[33mcom.clarolab.connectors.services.exceptions.ContainerServiceException&amp#27;[0;39m: com.clarolab.controller.impl.ConnectorControllerImpl.getAllContainers(ConnectorControllerImpl.java:33)
&amp#27;[30m2019-04-04 17:51:52,231&amp#27;[0;39m &amp#27;[1;31mERROR&amp#27;[0;39m [&amp#27;[34mhttp-nio-auto-1-exec-2&amp#27;[0;39m] &amp#27;[33mcom.clarolab.connectors.services.exceptions.ContainerServiceException&amp#27;[0;39m: sun.reflect.NativeMethodAccessorImpl.invoke0(Native Method)
&amp#27;[30m2019-04-04 17:51:52,231&amp#27;[0;39m &amp#27;[1;31mERROR&amp#27;[0;39m [&amp#27;[34mhttp-nio-auto-1-exec-2&amp#27;[0;39m] &amp#27;[33mcom.clarolab.connectors.services.exceptions.ContainerServiceException&amp#27;[0;39m: sun.reflect.NativeMethodAccessorImpl.invoke(NativeMethodAccessorImpl.java:62)
&amp#27;[30m2019-04-04 17:51:52,232&amp#27;[0;39m &amp#27;[1;31mERROR&amp#27;[0;39m [&amp#27;[34mhttp-nio-auto-1-exec-2&amp#27;[0;39m] &amp#27;[33mcom.clarolab.connectors.services.exceptions.ContainerServiceException&amp#27;[0;39m: sun.reflect.DelegatingMethodAccessorImpl.invoke(DelegatingMethodAccessorImpl.java:43)
&amp#27;[30m2019-04-04 17:51:52,232&amp#27;[0;39m &amp#27;[1;31mERROR&amp#27;[0;39m [&amp#27;[34mhttp-nio-auto-1-exec-2&amp#27;[0;39m] &amp#27;[33mcom.clarolab.connectors.services.exceptions.ContainerServiceException&amp#27;[0;39m: java.lang.reflect.Method.invoke(Method.java:498)
&amp#27;[30m2019-04-04 17:51:52,232&amp#27;[0;39m &amp#27;[1;31mERROR&amp#27;[0;39m [&amp#27;[34mhttp-nio-auto-1-exec-2&amp#27;[0;39m] &amp#27;[33mcom.clarolab.connectors.services.exceptions.ContainerServiceException&amp#27;[0;39m: org.springframework.web.method.support.InvocableHandlerMethod.doInvoke(InvocableHandlerMethod.java:189)
&amp#27;[30m2019-04-04 17:51:52,232&amp#27;[0;39m &amp#27;[1;31mERROR&amp#27;[0;39m [&amp#27;[34mhttp-nio-auto-1-exec-2&amp#27;[0;39m] &amp#27;[33mcom.clarolab.connectors.services.exceptions.ContainerServiceException&amp#27;[0;39m: org.springframework.web.method.support.InvocableHandlerMethod.invokeForRequest(InvocableHandlerMethod.java:138)
&amp#27;[30m2019-04-04 17:51:52,232&amp#27;[0;39m &amp#27;[1;31mERROR&amp#27;[0;39m [&amp#27;[34mhttp-nio-auto-1-exec-2&amp#27;[0;39m] &amp#27;[33mcom.clarolab.connectors.services.exceptions.ContainerServiceException&amp#27;[0;39m: org.springframework.web.servlet.mvc.method.annotation.ServletInvocableHandlerMethod.invokeAndHandle(ServletInvocableHandlerMethod.java:102)
&amp#27;[30m2019-04-04 17:51:52,232&amp#27;[0;39m &amp#27;[1;31mERROR&amp#27;[0;39m [&amp#27;[34mhttp-nio-auto-1-exec-2&amp#27;[0;39m] &amp#27;[33mcom.clarolab.connectors.services.exceptions.ContainerServiceException&amp#27;[0;39m: org.springframework.web.servlet.mvc.method.annotation.RequestMappingHandlerAdapter.invokeHandlerMethod(RequestMappingHandlerAdapter.java:895)
&amp#27;[30m2019-04-04 17:51:52,233&amp#27;[0;39m &amp#27;[1;31mERROR&amp#27;[0;39m [&amp#27;[34mhttp-nio-auto-1-exec-2&amp#27;[0;39m] &amp#27;[33mcom.clarolab.connectors.services.exceptions.ContainerServiceException&amp#27;[0;39m: org.springframework.web.servlet.mvc.method.annotation.RequestMappingHandlerAdapter.handleInternal(RequestMappingHandlerAdapter.java:800)
&amp#27;[30m2019-04-04 17:51:52,233&amp#27;[0;39m &amp#27;[1;31mERROR&amp#27;[0;39m [&amp#27;[34mhttp-nio-auto-1-exec-2&amp#27;[0;39m] &amp#27;[33mcom.clarolab.connectors.services.exceptions.ContainerServiceException&amp#27;[0;39m: org.springframework.web.servlet.mvc.method.AbstractHandlerMethodAdapter.handle(AbstractHandlerMethodAdapter.java:87)
&amp#27;[30m2019-04-04 17:51:52,233&amp#27;[0;39m &amp#27;[1;31mERROR&amp#27;[0;39m [&amp#27;[34mhttp-nio-auto-1-exec-2&amp#27;[0;39m] &amp#27;[33mcom.clarolab.connectors.services.exceptions.ContainerServiceException&amp#27;[0;39m: org.springframework.web.servlet.DispatcherServlet.doDispatch(DispatcherServlet.java:1038)
&amp#27;[30m2019-04-04 17:51:52,233&amp#27;[0;39m &amp#27;[1;31mERROR&amp#27;[0;39m [&amp#27;[34mhttp-nio-auto-1-exec-2&amp#27;[0;39m] &amp#27;[33mcom.clarolab.connectors.services.exceptions.ContainerServiceException&amp#27;[0;39m: org.springframework.web.servlet.DispatcherServlet.doService(DispatcherServlet.java:942)
&amp#27;[30m2019-04-04 17:51:52,233&amp#27;[0;39m &amp#27;[1;31mERROR&amp#27;[0;39m [&amp#27;[34mhttp-nio-auto-1-exec-2&amp#27;[0;39m] &amp#27;[33mcom.clarolab.connectors.services.exceptions.ContainerServiceException&amp#27;[0;39m: org.springframework.web.servlet.FrameworkServlet.processRequest(FrameworkServlet.java:1005)
&amp#27;[30m2019-04-04 17:51:52,233&amp#27;[0;39m &amp#27;[1;31mERROR&amp#27;[0;39m [&amp#27;[34mhttp-nio-auto-1-exec-2&amp#27;[0;39m] &amp#27;[33mcom.clarolab.connectors.services.exceptions.ContainerServiceException&amp#27;[0;39m: org.springframework.web.servlet.FrameworkServlet.doGet(FrameworkServlet.java:897)
&amp#27;[30m2019-04-04 17:51:52,233&amp#27;[0;39m &amp#27;[1;31mERROR&amp#27;[0;39m [&amp#27;[34mhttp-nio-auto-1-exec-2&amp#27;[0;39m] &amp#27;[33mcom.clarolab.connectors.services.exceptions.ContainerServiceException&amp#27;[0;39m: javax.servlet.http.HttpServlet.service(HttpServlet.java:634)
&amp#27;[30m2019-04-04 17:51:52,234&amp#27;[0;39m &amp#27;[1;31mERROR&amp#27;[0;39m [&amp#27;[34mhttp-nio-auto-1-exec-2&amp#27;[0;39m] &amp#27;[33mcom.clarolab.connectors.services.exceptions.ContainerServiceException&amp#27;[0;39m: org.springframework.web.servlet.FrameworkServlet.service(FrameworkServlet.java:882)
&amp#27;[30m2019-04-04 17:51:52,234&amp#27;[0;39m &amp#27;[1;31mERROR&amp#27;[0;39m [&amp#27;[34mhttp-nio-auto-1-exec-2&amp#27;[0;39m] &amp#27;[33mcom.clarolab.connectors.services.exceptions.ContainerServiceException&amp#27;[0;39m: javax.servlet.http.HttpServlet.service(HttpServlet.java:741)
&amp#27;[30m2019-04-04 17:51:52,234&amp#27;[0;39m &amp#27;[1;31mERROR&amp#27;[0;39m [&amp#27;[34mhttp-nio-auto-1-exec-2&amp#27;[0;39m] &amp#27;[33mcom.clarolab.connectors.services.exceptions.ContainerServiceException&amp#27;[0;39m: org.apache.catalina.core.ApplicationFilterChain.internalDoFilter(ApplicationFilterChain.java:231)
&amp#27;[30m2019-04-04 17:51:52,234&amp#27;[0;39m &amp#27;[1;31mERROR&amp#27;[0;39m [&amp#27;[34mhttp-nio-auto-1-exec-2&amp#27;[0;39m] &amp#27;[33mcom.clarolab.connectors.services.exceptions.ContainerServiceException&amp#27;[0;39m: org.apache.catalina.core.ApplicationFilterChain.doFilter(ApplicationFilterChain.java:166)
&amp#27;[30m2019-04-04 17:51:52,234&amp#27;[0;39m &amp#27;[1;31mERROR&amp#27;[0;39m [&amp#27;[34mhttp-nio-auto-1-exec-2&amp#27;[0;39m] &amp#27;[33mcom.clarolab.connectors.services.exceptions.ContainerServiceException&amp#27;[0;39m: org.apache.tomcat.websocket.server.WsFilter.doFilter(WsFilter.java:53)
&amp#27;[30m2019-04-04 17:51:52,234&amp#27;[0;39m &amp#27;[1;31mERROR&amp#27;[0;39m [&amp#27;[34mhttp-nio-auto-1-exec-2&amp#27;[0;39m] &amp#27;[33mcom.clarolab.connectors.services.exceptions.ContainerServiceException&amp#27;[0;39m: org.apache.catalina.core.ApplicationFilterChain.internalDoFilter(ApplicationFilterChain.java:193)
&amp#27;[30m2019-04-04 17:51:52,234&amp#27;[0;39m &amp#27;[1;31mERROR&amp#27;[0;39m [&amp#27;[34mhttp-nio-auto-1-exec-2&amp#27;[0;39m] &amp#27;[33mcom.clarolab.connectors.services.exceptions.ContainerServiceException&amp#27;[0;39m: org.apache.catalina.core.ApplicationFilterChain.doFilter(ApplicationFilterChain.java:166)
&amp#27;[30m2019-04-04 17:51:52,234&amp#27;[0;39m &amp#27;[1;31mERROR&amp#27;[0;39m [&amp#27;[34mhttp-nio-auto-1-exec-2&amp#27;[0;39m] &amp#27;[33mcom.clarolab.connectors.services.exceptions.ContainerServiceException&amp#27;[0;39m: org.springframework.web.filter.OncePerRequestFilter.doFilter(OncePerRequestFilter.java:101)
&amp#27;[30m2019-04-04 17:51:52,235&amp#27;[0;39m &amp#27;[1;31mERROR&amp#27;[0;39m [&amp#27;[34mhttp-nio-auto-1-exec-2&amp#27;[0;39m] &amp#27;[33mcom.clarolab.connectors.services.exceptions.ContainerServiceException&amp#27;[0;39m: org.apache.catalina.core.ApplicationFilterChain.internalDoFilter(ApplicationFilterChain.java:193)
&amp#27;[30m2019-04-04 17:51:52,235&amp#27;[0;39m &amp#27;[1;31mERROR&amp#27;[0;39m [&amp#27;[34mhttp-nio-auto-1-exec-2&amp#27;[0;39m] &amp#27;[33mcom.clarolab.connectors.services.exceptions.ContainerServiceException&amp#27;[0;39m: org.apache.catalina.core.ApplicationFilterChain.doFilter(ApplicationFilterChain.java:166)
&amp#27;[30m2019-04-04 17:51:52,235&amp#27;[0;39m &amp#27;[1;31mERROR&amp#27;[0;39m [&amp#27;[34mhttp-nio-auto-1-exec-2&amp#27;[0;39m] &amp#27;[33mcom.clarolab.connectors.services.exceptions.ContainerServiceException&amp#27;[0;39m: org.springframework.web.filter.CharacterEncodingFilter.doFilterInternal(CharacterEncodingFilter.java:200)
&amp#27;[30m2019-04-04 17:51:52,235&amp#27;[0;39m &amp#27;[1;31mERROR&amp#27;[0;39m [&amp#27;[34mhttp-nio-auto-1-exec-2&amp#27;[0;39m] &amp#27;[33mcom.clarolab.connectors.services.exceptions.ContainerServiceException&amp#27;[0;39m: org.springframework.web.filter.OncePerRequestFilter.doFilter(OncePerRequestFilter.java:107)
&amp#27;[30m2019-04-04 17:51:52,235&amp#27;[0;39m &amp#27;[1;31mERROR&amp#27;[0;39m [&amp#27;[34mhttp-nio-auto-1-exec-2&amp#27;[0;39m] &amp#27;[33mcom.clarolab.connectors.services.exceptions.ContainerServiceException&amp#27;[0;39m: org.apache.catalina.core.ApplicationFilterChain.internalDoFilter(ApplicationFilterChain.java:193)
&amp#27;[30m2019-04-04 17:51:52,235&amp#27;[0;39m &amp#27;[1;31mERROR&amp#27;[0;39m [&amp#27;[34mhttp-nio-auto-1-exec-2&amp#27;[0;39m] &amp#27;[33mcom.clarolab.connectors.services.exceptions.ContainerServiceException&amp#27;[0;39m: org.apache.catalina.core.ApplicationFilterChain.doFilter(ApplicationFilterChain.java:166)
&amp#27;[30m2019-04-04 17:51:52,235&amp#27;[0;39m &amp#27;[1;31mERROR&amp#27;[0;39m [&amp#27;[34mhttp-nio-auto-1-exec-2&amp#27;[0;39m] &amp#27;[33mcom.clarolab.connectors.services.exceptions.ContainerServiceException&amp#27;[0;39m: org.springframework.security.web.FilterChainProxy$VirtualFilterChain.doFilter(FilterChainProxy.java:320)
&amp#27;[30m2019-04-04 17:51:52,235&amp#27;[0;39m &amp#27;[1;31mERROR&amp#27;[0;39m [&amp#27;[34mhttp-nio-auto-1-exec-2&amp#27;[0;39m] &amp#27;[33mcom.clarolab.connectors.services.exceptions.ContainerServiceException&amp#27;[0;39m: org.springframework.security.web.access.intercept.FilterSecurityInterceptor.invoke(FilterSecurityInterceptor.java:127)
&amp#27;[30m2019-04-04 17:51:52,236&amp#27;[0;39m &amp#27;[1;31mERROR&amp#27;[0;39m [&amp#27;[34mhttp-nio-auto-1-exec-2&amp#27;[0;39m] &amp#27;[33mcom.clarolab.connectors.services.exceptions.ContainerServiceException&amp#27;[0;39m: org.springframework.security.web.access.intercept.FilterSecurityInterceptor.doFilter(FilterSecurityInterceptor.java:91)
&amp#27;[30m2019-04-04 17:51:52,236&amp#27;[0;39m &amp#27;[1;31mERROR&amp#27;[0;39m [&amp#27;[34mhttp-nio-auto-1-exec-2&amp#27;[0;39m] &amp#27;[33mcom.clarolab.connectors.services.exceptions.ContainerServiceException&amp#27;[0;39m: org.springframework.security.web.FilterChainProxy$VirtualFilterChain.doFilter(FilterChainProxy.java:334)
&amp#27;[30m2019-04-04 17:51:52,236&amp#27;[0;39m &amp#27;[1;31mERROR&amp#27;[0;39m [&amp#27;[34mhttp-nio-auto-1-exec-2&amp#27;[0;39m] &amp#27;[33mcom.clarolab.connectors.services.exceptions.ContainerServiceException&amp#27;[0;39m: org.springframework.security.web.access.ExceptionTranslationFilter.doFilter(ExceptionTranslationFilter.java:119)
&amp#27;[30m2019-04-04 17:51:52,236&amp#27;[0;39m &amp#27;[1;31mERROR&amp#27;[0;39m [&amp#27;[34mhttp-nio-auto-1-exec-2&amp#27;[0;39m] &amp#27;[33mcom.clarolab.connectors.services.exceptions.ContainerServiceException&amp#27;[0;39m: org.springframework.security.web.FilterChainProxy$VirtualFilterChain.doFilter(FilterChainProxy.java:334)
&amp#27;[30m2019-04-04 17:51:52,236&amp#27;[0;39m &amp#27;[1;31mERROR&amp#27;[0;39m [&amp#27;[34mhttp-nio-auto-1-exec-2&amp#27;[0;39m] &amp#27;[33mcom.clarolab.connectors.services.exceptions.ContainerServiceException&amp#27;[0;39m: org.springframework.security.web.session.SessionManagementFilter.doFilter(SessionManagementFilter.java:137)
&amp#27;[30m2019-04-04 17:51:52,236&amp#27;[0;39m &amp#27;[1;31mERROR&amp#27;[0;39m [&amp#27;[34mhttp-nio-auto-1-exec-2&amp#27;[0;39m] &amp#27;[33mcom.clarolab.connectors.services.exceptions.ContainerServiceException&amp#27;[0;39m: org.springframework.security.web.FilterChainProxy$VirtualFilterChain.doFilter(FilterChainProxy.java:334)
&amp#27;[30m2019-04-04 17:51:52,237&amp#27;[0;39m &amp#27;[1;31mERROR&amp#27;[0;39m [&amp#27;[34mhttp-nio-auto-1-exec-2&amp#27;[0;39m] &amp#27;[33mcom.clarolab.connectors.services.exceptions.ContainerServiceException&amp#27;[0;39m: org.springframework.security.web.authentication.AnonymousAuthenticationFilter.doFilter(AnonymousAuthenticationFilter.java:111)
&amp#27;[30m2019-04-04 17:51:52,237&amp#27;[0;39m &amp#27;[1;31mERROR&amp#27;[0;39m [&amp#27;[34mhttp-nio-auto-1-exec-2&amp#27;[0;39m] &amp#27;[33mcom.clarolab.connectors.services.exceptions.ContainerServiceException&amp#27;[0;39m: org.springframework.security.web.FilterChainProxy$VirtualFilterChain.doFilter(FilterChainProxy.java:334)
&amp#27;[30m2019-04-04 17:51:52,237&amp#27;[0;39m &amp#27;[1;31mERROR&amp#27;[0;39m [&amp#27;[34mhttp-nio-auto-1-exec-2&amp#27;[0;39m] &amp#27;[33mcom.clarolab.connectors.services.exceptions.ContainerServiceException&amp#27;[0;39m: org.springframework.security.web.servletapi.SecurityContextHolderAwareRequestFilter.doFilter(SecurityContextHolderAwareRequestFilter.java:170)
&amp#27;[30m2019-04-04 17:51:52,237&amp#27;[0;39m &amp#27;[1;31mERROR&amp#27;[0;39m [&amp#27;[34mhttp-nio-auto-1-exec-2&amp#27;[0;39m] &amp#27;[33mcom.clarolab.connectors.services.exceptions.ContainerServiceException&amp#27;[0;39m: org.springframework.security.web.FilterChainProxy$VirtualFilterChain.doFilter(FilterChainProxy.java:334)
&amp#27;[30m2019-04-04 17:51:52,237&amp#27;[0;39m &amp#27;[1;31mERROR&amp#27;[0;39m [&amp#27;[34mhttp-nio-auto-1-exec-2&amp#27;[0;39m] &amp#27;[33mcom.clarolab.connectors.services.exceptions.ContainerServiceException&amp#27;[0;39m: org.springframework.security.web.savedrequest.RequestCacheAwareFilter.doFilter(RequestCacheAwareFilter.java:63)
&amp#27;[30m2019-04-04 17:51:52,237&amp#27;[0;39m &amp#27;[1;31mERROR&amp#27;[0;39m [&amp#27;[34mhttp-nio-auto-1-exec-2&amp#27;[0;39m] &amp#27;[33mcom.clarolab.connectors.services.exceptions.ContainerServiceException&amp#27;[0;39m: org.springframework.security.web.FilterChainProxy$VirtualFilterChain.doFilter(FilterChainProxy.java:334)
&amp#27;[30m2019-04-04 17:51:52,237&amp#27;[0;39m &amp#27;[1;31mERROR&amp#27;[0;39m [&amp#27;[34mhttp-nio-auto-1-exec-2&amp#27;[0;39m] &amp#27;[33mcom.clarolab.connectors.services.exceptions.ContainerServiceException&amp#27;[0;39m: com.clarolab.aaa.filter.TokenAuthenticationFilter.doFilterInternal(TokenAuthenticationFilter.java:59)
&amp#27;[30m2019-04-04 17:51:52,238&amp#27;[0;39m &amp#27;[1;31mERROR&amp#27;[0;39m [&amp#27;[34mhttp-nio-auto-1-exec-2&amp#27;[0;39m] &amp#27;[33mcom.clarolab.connectors.services.exceptions.ContainerServiceException&amp#27;[0;39m: org.springframework.web.filter.OncePerRequestFilter.doFilter(OncePerRequestFilter.java:107)
&amp#27;[30m2019-04-04 17:51:52,238&amp#27;[0;39m &amp#27;[1;31mERROR&amp#27;[0;39m [&amp#27;[34mhttp-nio-auto-1-exec-2&amp#27;[0;39m] &amp#27;[33mcom.clarolab.connectors.services.exceptions.ContainerServiceException&amp#27;[0;39m: org.springframework.security.web.FilterChainProxy$VirtualFilterChain.doFilter(FilterChainProxy.java:334)
&amp#27;[30m2019-04-04 17:51:52,238&amp#27;[0;39m &amp#27;[1;31mERROR&amp#27;[0;39m [&amp#27;[34mhttp-nio-auto-1-exec-2&amp#27;[0;39m] &amp#27;[33mcom.clarolab.connectors.services.exceptions.ContainerServiceException&amp#27;[0;39m: org.springframework.security.web.authentication.AbstractAuthenticationProcessingFilter.doFilter(AbstractAuthenticationProcessingFilter.java:200)
&amp#27;[30m2019-04-04 17:51:52,239&amp#27;[0;39m &amp#27;[1;31mERROR&amp#27;[0;39m [&amp#27;[34mhttp-nio-auto-1-exec-2&amp#27;[0;39m] &amp#27;[33mcom.clarolab.connectors.services.exceptions.ContainerServiceException&amp#27;[0;39m: org.springframework.security.web.FilterChainProxy$VirtualFilterChain.doFilter(FilterChainProxy.java:334)
&amp#27;[30m2019-04-04 17:51:52,239&amp#27;[0;39m &amp#27;[1;31mERROR&amp#27;[0;39m [&amp#27;[34mhttp-nio-auto-1-exec-2&amp#27;[0;39m] &amp#27;[33mcom.clarolab.connectors.services.exceptions.ContainerServiceException&amp#27;[0;39m: org.springframework.security.oauth2.client.web.OAuth2AuthorizationRequestRedirectFilter.doFilterInternal(OAuth2AuthorizationRequestRedirectFilter.java:160)
&amp#27;[30m2019-04-04 17:51:52,239&amp#27;[0;39m &amp#27;[1;31mERROR&amp#27;[0;39m [&amp#27;[34mhttp-nio-auto-1-exec-2&amp#27;[0;39m] &amp#27;[33mcom.clarolab.connectors.services.exceptions.ContainerServiceException&amp#27;[0;39m: org.springframework.web.filter.OncePerRequestFilter.doFilter(OncePerRequestFilter.java:107)
&amp#27;[30m2019-04-04 17:51:52,239&amp#27;[0;39m &amp#27;[1;31mERROR&amp#27;[0;39m [&amp#27;[34mhttp-nio-auto-1-exec-2&amp#27;[0;39m] &amp#27;[33mcom.clarolab.connectors.services.exceptions.ContainerServiceException&amp#27;[0;39m: org.springframework.security.web.FilterChainProxy$VirtualFilterChain.doFilter(FilterChainProxy.java:334)
&amp#27;[30m2019-04-04 17:51:52,239&amp#27;[0;39m &amp#27;[1;31mERROR&amp#27;[0;39m [&amp#27;[34mhttp-nio-auto-1-exec-2&amp#27;[0;39m] &amp#27;[33mcom.clarolab.connectors.services.exceptions.ContainerServiceException&amp#27;[0;39m: org.springframework.security.web.authentication.logout.LogoutFilter.doFilter(LogoutFilter.java:116)
&amp#27;[30m2019-04-04 17:51:52,239&amp#27;[0;39m &amp#27;[1;31mERROR&amp#27;[0;39m [&amp#27;[34mhttp-nio-auto-1-exec-2&amp#27;[0;39m] &amp#27;[33mcom.clarolab.connectors.services.exceptions.ContainerServiceException&amp#27;[0;39m: org.springframework.security.web.FilterChainProxy$VirtualFilterChain.doFilter(FilterChainProxy.java:334)
&amp#27;[30m2019-04-04 17:51:52,239&amp#27;[0;39m &amp#27;[1;31mERROR&amp#27;[0;39m [&amp#27;[34mhttp-nio-auto-1-exec-2&amp#27;[0;39m] &amp#27;[33mcom.clarolab.connectors.services.exceptions.ContainerServiceException&amp#27;[0;39m: org.springframework.web.filter.CorsFilter.doFilterInternal(CorsFilter.java:96)
&amp#27;[30m2019-04-04 17:51:52,240&amp#27;[0;39m &amp#27;[1;31mERROR&amp#27;[0;39m [&amp#27;[34mhttp-nio-auto-1-exec-2&amp#27;[0;39m] &amp#27;[33mcom.clarolab.connectors.services.exceptions.ContainerServiceException&amp#27;[0;39m: org.springframework.web.filter.OncePerRequestFilter.doFilter(OncePerRequestFilter.java:107)
&amp#27;[30m2019-04-04 17:51:52,240&amp#27;[0;39m &amp#27;[1;31mERROR&amp#27;[0;39m [&amp#27;[34mhttp-nio-auto-1-exec-2&amp#27;[0;39m] &amp#27;[33mcom.clarolab.connectors.services.exceptions.ContainerServiceException&amp#27;[0;39m: org.springframework.security.web.FilterChainProxy$VirtualFilterChain.doFilter(FilterChainProxy.java:334)
&amp#27;[30m2019-04-04 17:51:52,240&amp#27;[0;39m &amp#27;[1;31mERROR&amp#27;[0;39m [&amp#27;[34mhttp-nio-auto-1-exec-2&amp#27;[0;39m] &amp#27;[33mcom.clarolab.connectors.services.exceptions.ContainerServiceException&amp#27;[0;39m: org.springframework.security.web.header.HeaderWriterFilter.doFilterInternal(HeaderWriterFilter.java:74)
&amp#27;[30m2019-04-04 17:51:52,240&amp#27;[0;39m &amp#27;[1;31mERROR&amp#27;[0;39m [&amp#27;[34mhttp-nio-auto-1-exec-2&amp#27;[0;39m] &amp#27;[33mcom.clarolab.connectors.services.exceptions.ContainerServiceException&amp#27;[0;39m: org.springframework.web.filter.OncePerRequestFilter.doFilter(OncePerRequestFilter.java:107)
&amp#27;[30m2019-04-04 17:51:52,240&amp#27;[0;39m &amp#27;[1;31mERROR&amp#27;[0;39m [&amp#27;[34mhttp-nio-auto-1-exec-2&amp#27;[0;39m] &amp#27;[33mcom.clarolab.connectors.services.exceptions.ContainerServiceException&amp#27;[0;39m: org.springframework.security.web.FilterChainProxy$VirtualFilterChain.doFilter(FilterChainProxy.java:334)
&amp#27;[30m2019-04-04 17:51:52,240&amp#27;[0;39m &amp#27;[1;31mERROR&amp#27;[0;39m [&amp#27;[34mhttp-nio-auto-1-exec-2&amp#27;[0;39m] &amp#27;[33mcom.clarolab.connectors.services.exceptions.ContainerServiceException&amp#27;[0;39m: org.springframework.security.web.context.SecurityContextPersistenceFilter.doFilter(SecurityContextPersistenceFilter.java:105)
&amp#27;[30m2019-04-04 17:51:52,241&amp#27;[0;39m &amp#27;[1;31mERROR&amp#27;[0;39m [&amp#27;[34mhttp-nio-auto-1-exec-2&amp#27;[0;39m] &amp#27;[33mcom.clarolab.connectors.services.exceptions.ContainerServiceException&amp#27;[0;39m: org.springframework.security.web.FilterChainProxy$VirtualFilterChain.doFilter(FilterChainProxy.java:334)
&amp#27;[30m2019-04-04 17:51:52,241&amp#27;[0;39m &amp#27;[1;31mERROR&amp#27;[0;39m [&amp#27;[34mhttp-nio-auto-1-exec-2&amp#27;[0;39m] &amp#27;[33mcom.clarolab.connectors.services.exceptions.ContainerServiceException&amp#27;[0;39m: org.springframework.security.web.context.request.async.WebAsyncManagerIntegrationFilter.doFilterInternal(WebAsyncManagerIntegrationFilter.java:56)
&amp#27;[30m2019-04-04 17:51:52,241&amp#27;[0;39m &amp#27;[1;31mERROR&amp#27;[0;39m [&amp#27;[34mhttp-nio-auto-1-exec-2&amp#27;[0;39m] &amp#27;[33mcom.clarolab.connectors.services.exceptions.ContainerServiceException&amp#27;[0;39m: org.springframework.web.filter.OncePerRequestFilter.doFilter(OncePerRequestFilter.java:107)
&amp#27;[30m2019-04-04 17:51:52,241&amp#27;[0;39m &amp#27;[1;31mERROR&amp#27;[0;39m [&amp#27;[34mhttp-nio-auto-1-exec-2&amp#27;[0;39m] &amp#27;[33mcom.clarolab.connectors.services.exceptions.ContainerServiceException&amp#27;[0;39m: org.springframework.security.web.FilterChainProxy$VirtualFilterChain.doFilter(FilterChainProxy.java:334)
&amp#27;[30m2019-04-04 17:51:52,241&amp#27;[0;39m &amp#27;[1;31mERROR&amp#27;[0;39m [&amp#27;[34mhttp-nio-auto-1-exec-2&amp#27;[0;39m] &amp#27;[33mcom.clarolab.connectors.services.exceptions.ContainerServiceException&amp#27;[0;39m: org.springframework.security.web.FilterChainProxy.doFilterInternal(FilterChainProxy.java:215)
&amp#27;[30m2019-04-04 17:51:52,242&amp#27;[0;39m &amp#27;[1;31mERROR&amp#27;[0;39m [&amp#27;[34mhttp-nio-auto-1-exec-2&amp#27;[0;39m] &amp#27;[33mcom.clarolab.connectors.services.exceptions.ContainerServiceException&amp#27;[0;39m: org.springframework.security.web.FilterChainProxy.doFilter(FilterChainProxy.java:178)
&amp#27;[30m2019-04-04 17:51:52,242&amp#27;[0;39m &amp#27;[1;31mERROR&amp#27;[0;39m [&amp#27;[34mhttp-nio-auto-1-exec-2&amp#27;[0;39m] &amp#27;[33mcom.clarolab.connectors.services.exceptions.ContainerServiceException&amp#27;[0;39m: org.springframework.web.filter.DelegatingFilterProxy.invokeDelegate(DelegatingFilterProxy.java:357)
&amp#27;[30m2019-04-04 17:51:52,242&amp#27;[0;39m &amp#27;[1;31mERROR&amp#27;[0;39m [&amp#27;[34mhttp-nio-auto-1-exec-2&amp#27;[0;39m] &amp#27;[33mcom.clarolab.connectors.services.exceptions.ContainerServiceException&amp#27;[0;39m: org.springframework.web.filter.DelegatingFilterProxy.doFilter(DelegatingFilterProxy.java:270)
&amp#27;[30m2019-04-04 17:51:52,242&amp#27;[0;39m &amp#27;[1;31mERROR&amp#27;[0;39m [&amp#27;[34mhttp-nio-auto-1-exec-2&amp#27;[0;39m] &amp#27;[33mcom.clarolab.connectors.services.exceptions.ContainerServiceException&amp#27;[0;39m: org.apache.catalina.core.ApplicationFilterChain.internalDoFilter(ApplicationFilterChain.java:193)
&amp#27;[30m2019-04-04 17:51:52,242&amp#27;[0;39m &amp#27;[1;31mERROR&amp#27;[0;39m [&amp#27;[34mhttp-nio-auto-1-exec-2&amp#27;[0;39m] &amp#27;[33mcom.clarolab.connectors.services.exceptions.ContainerServiceException&amp#27;[0;39m: org.apache.catalina.core.ApplicationFilterChain.doFilter(ApplicationFilterChain.java:166)
&amp#27;[30m2019-04-04 17:51:52,242&amp#27;[0;39m &amp#27;[1;31mERROR&amp#27;[0;39m [&amp#27;[34mhttp-nio-auto-1-exec-2&amp#27;[0;39m] &amp#27;[33mcom.clarolab.connectors.services.exceptions.ContainerServiceException&amp#27;[0;39m: org.apache.catalina.core.StandardWrapperValve.invoke(StandardWrapperValve.java:199)
&amp#27;[30m2019-04-04 17:51:52,242&amp#27;[0;39m &amp#27;[1;31mERROR&amp#27;[0;39m [&amp#27;[34mhttp-nio-auto-1-exec-2&amp#27;[0;39m] &amp#27;[33mcom.clarolab.connectors.services.exceptions.ContainerServiceException&amp#27;[0;39m: org.apache.catalina.core.StandardContextValve.invoke(StandardContextValve.java:96)
&amp#27;[30m2019-04-04 17:51:52,243&amp#27;[0;39m &amp#27;[1;31mERROR&amp#27;[0;39m [&amp#27;[34mhttp-nio-auto-1-exec-2&amp#27;[0;39m] &amp#27;[33mcom.clarolab.connectors.services.exceptions.ContainerServiceException&amp#27;[0;39m: org.apache.catalina.authenticator.AuthenticatorBase.invoke(AuthenticatorBase.java:490)
&amp#27;[30m2019-04-04 17:51:52,243&amp#27;[0;39m &amp#27;[1;31mERROR&amp#27;[0;39m [&amp#27;[34mhttp-nio-auto-1-exec-2&amp#27;[0;39m] &amp#27;[33mcom.clarolab.connectors.services.exceptions.ContainerServiceException&amp#27;[0;39m: org.apache.catalina.core.StandardHostValve.invoke(StandardHostValve.java:139)
&amp#27;[30m2019-04-04 17:51:52,243&amp#27;[0;39m &amp#27;[1;31mERROR&amp#27;[0;39m [&amp#27;[34mhttp-nio-auto-1-exec-2&amp#27;[0;39m] &amp#27;[33mcom.clarolab.connectors.services.exceptions.ContainerServiceException&amp#27;[0;39m: org.apache.catalina.valves.ErrorReportValve.invoke(ErrorReportValve.java:92)
&amp#27;[30m2019-04-04 17:51:52,243&amp#27;[0;39m &amp#27;[1;31mERROR&amp#27;[0;39m [&amp#27;[34mhttp-nio-auto-1-exec-2&amp#27;[0;39m] &amp#27;[33mcom.clarolab.connectors.services.exceptions.ContainerServiceException&amp#27;[0;39m: org.apache.catalina.core.StandardEngineValve.invoke(StandardEngineValve.java:74)
&amp#27;[30m2019-04-04 17:51:52,243&amp#27;[0;39m &amp#27;[1;31mERROR&amp#27;[0;39m [&amp#27;[34mhttp-nio-auto-1-exec-2&amp#27;[0;39m] &amp#27;[33mcom.clarolab.connectors.services.exceptions.ContainerServiceException&amp#27;[0;39m: org.apache.catalina.connector.CoyoteAdapter.service(CoyoteAdapter.java:343)
&amp#27;[30m2019-04-04 17:51:52,243&amp#27;[0;39m &amp#27;[1;31mERROR&amp#27;[0;39m [&amp#27;[34mhttp-nio-auto-1-exec-2&amp#27;[0;39m] &amp#27;[33mcom.clarolab.connectors.services.exceptions.ContainerServiceException&amp#27;[0;39m: org.apache.coyote.http11.Http11Processor.service(Http11Processor.java:408)
&amp#27;[30m2019-04-04 17:51:52,243&amp#27;[0;39m &amp#27;[1;31mERROR&amp#27;[0;39m [&amp#27;[34mhttp-nio-auto-1-exec-2&amp#27;[0;39m] &amp#27;[33mcom.clarolab.connectors.services.exceptions.ContainerServiceException&amp#27;[0;39m: org.apache.coyote.AbstractProcessorLight.process(AbstractProcessorLight.java:66)
&amp#27;[30m2019-04-04 17:51:52,243&amp#27;[0;39m &amp#27;[1;31mERROR&amp#27;[0;39m [&amp#27;[34mhttp-nio-auto-1-exec-2&amp#27;[0;39m] &amp#27;[33mcom.clarolab.connectors.services.exceptions.ContainerServiceException&amp#27;[0;39m: org.apache.coyote.AbstractProtocol$ConnectionHandler.process(AbstractProtocol.java:834)
&amp#27;[30m2019-04-04 17:51:52,244&amp#27;[0;39m &amp#27;[1;31mERROR&amp#27;[0;39m [&amp#27;[34mhttp-nio-auto-1-exec-2&amp#27;[0;39m] &amp#27;[33mcom.clarolab.connectors.services.exceptions.ContainerServiceException&amp#27;[0;39m: org.apache.tomcat.util.net.NioEndpoint$SocketProcessor.doRun(NioEndpoint.java:1417)
&amp#27;[30m2019-04-04 17:51:52,244&amp#27;[0;39m &amp#27;[1;31mERROR&amp#27;[0;39m [&amp#27;[34mhttp-nio-auto-1-exec-2&amp#27;[0;39m] &amp#27;[33mcom.clarolab.connectors.services.exceptions.ContainerServiceException&amp#27;[0;39m: org.apache.tomcat.util.net.SocketProcessorBase.run(SocketProcessorBase.java:49)
&amp#27;[30m2019-04-04 17:51:52,244&amp#27;[0;39m &amp#27;[1;31mERROR&amp#27;[0;39m [&amp#27;[34mhttp-nio-auto-1-exec-2&amp#27;[0;39m] &amp#27;[33mcom.clarolab.connectors.services.exceptions.ContainerServiceException&amp#27;[0;39m: java.util.concurrent.ThreadPoolExecutor.runWorker(ThreadPoolExecutor.java:1142)
&amp#27;[30m2019-04-04 17:51:52,244&amp#27;[0;39m &amp#27;[1;31mERROR&amp#27;[0;39m [&amp#27;[34mhttp-nio-auto-1-exec-2&amp#27;[0;39m] &amp#27;[33mcom.clarolab.connectors.services.exceptions.ContainerServiceException&amp#27;[0;39m: java.util.concurrent.ThreadPoolExecutor$Worker.run(ThreadPoolExecutor.java:617)
&amp#27;[30m2019-04-04 17:51:52,244&amp#27;[0;39m &amp#27;[1;31mERROR&amp#27;[0;39m [&amp#27;[34mhttp-nio-auto-1-exec-2&amp#27;[0;39m] &amp#27;[33mcom.clarolab.connectors.services.exceptions.ContainerServiceException&amp#27;[0;39m: org.apache.tomcat.util.threads.TaskThread$WrappingRunnable.run(TaskThread.java:61)
&amp#27;[30m2019-04-04 17:51:52,244&amp#27;[0;39m &amp#27;[1;31mERROR&amp#27;[0;39m [&amp#27;[34mhttp-nio-auto-1-exec-2&amp#27;[0;39m] &amp#27;[33mcom.clarolab.connectors.services.exceptions.ContainerServiceException&amp#27;[0;39m: java.lang.Thread.run(Thread.java:745)
&amp#27;[30m2019-04-04 17:51:52,245&amp#27;[0;39m &amp#27;[1;31mERROR&amp#27;[0;39m [&amp#27;[34mhttp-nio-auto-1-exec-2&amp#27;[0;39m] &amp#27;[33mcom.clarolab.service.ContainerService&amp#27;[0;39m: com.clarolab.connectors.services.exceptions.ConnectorServiceException: jenkins-strict.eng.jiveland.com: Name or service not known
&amp#27;[30m2019-04-04 17:51:52,245&amp#27;[0;39m &amp#27;[34mINFO &amp#27;[0;39m [&amp#27;[34mhttp-nio-auto-1-exec-2&amp#27;[0;39m] &amp#27;[33mcom.clarolab.util.rest.HttpClient&amp#27;[0;39m: Curl to execute: curl -u testUser:null --header 'Accept: application/json;' -X GET "http://jenkins-strict.eng.jiveland.com/view/" --insecure
&amp#27;[30m2019-04-04 17:51:52,246&amp#27;[0;39m &amp#27;[34mINFO &amp#27;[0;39m [&amp#27;[34mhttp-nio-auto-1-exec-2&amp#27;[0;39m] &amp#27;[33mcom.clarolab.util.rest.HttpClient&amp#27;[0;39m: Try request: 1
&amp#27;[30m2019-04-04 17:51:52,246&amp#27;[0;39m &amp#27;[1;31mERROR&amp#27;[0;39m [&amp#27;[34mhttp-nio-auto-1-exec-2&amp#27;[0;39m] &amp#27;[33mcom.clarolab.connectors.impl.jenkins.services.JenkinsHttpClient&amp#27;[0;39m: jenkins-strict.eng.jiveland.com
HTTP/1.1 200 
X-Content-Type-Options: nosniff
X-XSS-Protection: 1; mode=block
Cache-Control: no-cache, no-store, max-age=0, must-revalidate
Pragma: no-cache
Expires: 0
Content-Type: application/json;charset=UTF-8
Transfer-Encoding: chunked
Date: Thu, 04 Apr 2019 17:51:52 GMT

[
    
]
]]></system-out>
  </testcase>
  <testcase name="testCreate" classname="com.clarolab.api.test.ConnectorAPITest" time="0.038"/>
  <testcase name="testDelete" classname="com.clarolab.api.test.ConnectorAPITest" time="0.024"/>
  <testcase name="testPopulateId" classname="com.clarolab.api.test.ConnectorAPITest" time="0.003"/>
  <testcase name="testUpdate" classname="com.clarolab.api.test.ConnectorAPITest" time="0.031"/>
  <testcase name="testSpecList" classname="com.clarolab.api.test.ListAPITest" time="0.215"/>
  <testcase name="testAutomatedIssueList" classname="com.clarolab.api.test.ListAPITest" time="0.154"/>
  <testcase name="testBuildList" classname="com.clarolab.api.test.ListAPITest" time="0.177"/>
  <testcase name="testContainerList" classname="com.clarolab.api.test.ListAPITest" time="0.162"/>
  <testcase name="testExecutorList" classname="com.clarolab.api.test.ListAPITest" time="0.118"/>
  <testcase name="testPropertyList" classname="com.clarolab.api.test.ListAPITest" time="0.114"/>
  <testcase name="testUserList" classname="com.clarolab.api.test.ListAPITest" time="0.15"/>
  <testcase name="testReportList" classname="com.clarolab.api.test.ListAPITest" time="0.149"/>
  <testcase name="testConnectorList" classname="com.clarolab.api.test.ListAPITest" time="0.204"/>
  <testcase name="testTestCaseList" classname="com.clarolab.api.test.ListAPITest" time="0.161"/>
  <testcase name="testGet" classname="com.clarolab.api.test.ProductAPITest" time="0.035"/>
  <testcase name="testList" classname="com.clarolab.api.test.ProductAPITest" time="0.021"/>
  <testcase name="testCreate" classname="com.clarolab.api.test.ProductAPITest" time="0.027"/>
  <testcase name="testDelete" classname="com.clarolab.api.test.ProductAPITest" time="0.028"/>
  <testcase name="testUpdate" classname="com.clarolab.api.test.ProductAPITest" time="0.021"/>
  <testcase name="testSearchUppercase" classname="com.clarolab.api.test.UserAPITest" time="0.023"/>
  <testcase name="testUserCreateDuplicatedUsernames" classname="com.clarolab.api.test.UserAPITest" time="0.049">
    <failure message="expected:&lt;404&gt; but was:&lt;401&gt;" type="java.lang.AssertionError"><![CDATA[java.lang.AssertionError: expected:<404> but was:<401>
	at com.clarolab.api.test.UserAPITest.testUserCreateDuplicatedUsernames(UserAPITest.java:144)
]]></failure>
    <system-out><![CDATA[Request method:	POST
Request URI:	http://localhost:44760/v1/user/create
Proxy:			<none>
Request params:	<none>
Query params:	<none>
Form params:	<none>
Path params:	<none>
Headers:		Authorization=Bearer eyJhbGciOiJIUzUxMiJ9.eyJzdWIiOiIyIiwiaWF0IjoxNTU0NDAwMzEwLCJleHAiOjE1NTUyNjQzMTB9.OP0Fvnk49My0Hx-NtQwvxOb3mqTNBS2NsBRSSKKYrGB9eFrx8iomqsmuBkytoSn1kMTqEXKJg0ACoBPTqAO72g
				Accept=*/*
				Content-Type=application/json; charset=UTF-8
Cookies:		<none>
Multiparts:		<none>
Body:
{
    "id": null,
    "enabled": true,
    "updated": 1554400314139,
    "timestamp": 1554400314139,
    "username": "JuATrzUhHU@ttriage.com",
    "realname": "xOhyxGBgkzFBPuakNgDjpBCmbLjgYE",
    "displayName": "JuATrzUhHU@ttriage.com",
    "avatar": "https://lh3.googleusercontent.com/6itEFCORQlcN17yqiZ25es8Khubvsg38EPrsCTVDxmGiOTy2E914BE0tpGB3LD_c-A",
    "roleType": null
}
HTTP/1.1 201 
X-Content-Type-Options: nosniff
X-XSS-Protection: 1; mode=block
Cache-Control: no-cache, no-store, max-age=0, must-revalidate
Pragma: no-cache
Expires: 0
Content-Type: application/json;charset=UTF-8
Transfer-Encoding: chunked
Date: Thu, 04 Apr 2019 17:51:53 GMT

{
    "id": 267,
    "enabled": true,
    "updated": 1554400314151,
    "timestamp": 1554400314151,
    "username": "JuATrzUhHU@ttriage.com",
    "realname": "xOhyxGBgkzFBPuakNgDjpBCmbLjgYE",
    "displayName": "xOhyxGBgkzFBPuakNgDjpBCmbLjgYE",
    "avatar": "https://lh3.googleusercontent.com/6itEFCORQlcN17yqiZ25es8Khubvsg38EPrsCTVDxmGiOTy2E914BE0tpGB3LD_c-A",
    "roleType": null
}
Request method:	POST
Request URI:	http://localhost:44760/v1/user/create
Proxy:			<none>
Request params:	<none>
Query params:	<none>
Form params:	<none>
Path params:	<none>
Headers:		Authorization=Bearer eyJhbGciOiJIUzUxMiJ9.eyJzdWIiOiIyIiwiaWF0IjoxNTU0NDAwMzEwLCJleHAiOjE1NTUyNjQzMTB9.OP0Fvnk49My0Hx-NtQwvxOb3mqTNBS2NsBRSSKKYrGB9eFrx8iomqsmuBkytoSn1kMTqEXKJg0ACoBPTqAO72g
				Accept=*/*
				Content-Type=application/json; charset=UTF-8
Cookies:		<none>
Multiparts:		<none>
Body:
{
    "id": null,
    "enabled": true,
    "updated": 1554400314156,
    "timestamp": 1554400314156,
    "username": "JuATrzUhHU@ttriage.com",
    "realname": "AGsrJkwgnZxXeVnslLGIYdlIOTovlN",
    "displayName": "JPJbiQCxOa@ttriage.com",
    "avatar": "https://lh3.googleusercontent.com/6itEFCORQlcN17yqiZ25es8Khubvsg38EPrsCTVDxmGiOTy2E914BE0tpGB3LD_c-A",
    "roleType": null
}
&amp#27;[30m2019-04-04 17:51:54,171&amp#27;[0;39m &amp#27;[31mWARN &amp#27;[0;39m [&amp#27;[34mhttp-nio-auto-1-exec-3&amp#27;[0;39m] &amp#27;[33morg.hibernate.engine.jdbc.spi.SqlExceptionHelper&amp#27;[0;39m: SQL Error: 23505, SQLState: 23505
&amp#27;[30m2019-04-04 17:51:54,172&amp#27;[0;39m &amp#27;[1;31mERROR&amp#27;[0;39m [&amp#27;[34mhttp-nio-auto-1-exec-3&amp#27;[0;39m] &amp#27;[33morg.hibernate.engine.jdbc.spi.SqlExceptionHelper&amp#27;[0;39m: Unique index or primary key violation: "IDX_USER_USERNAME_INDEX_3 ON PUBLIC.QA_USER(USERNAME) VALUES ('JuATrzUhHU@ttriage.com', 267)"; SQL statement:
insert into QA_USER (enabled, timestamp, updated, image_id, password, provider, providerId, realname, preference_id, username, id) values (?, ?, ?, ?, ?, ?, ?, ?, ?, ?, ?) [23505-197]
&amp#27;[30m2019-04-04 17:51:54,173&amp#27;[0;39m &amp#27;[1;31mERROR&amp#27;[0;39m [&amp#27;[34mhttp-nio-auto-1-exec-3&amp#27;[0;39m] &amp#27;[33morg.hibernate.internal.ExceptionMapperStandardImpl&amp#27;[0;39m: HHH000346: Error during managed flush [org.hibernate.exception.ConstraintViolationException: could not execute statement]
&amp#27;[30m2019-04-04 17:51:54,181&amp#27;[0;39m &amp#27;[1;31mERROR&amp#27;[0;39m [&amp#27;[34mhttp-nio-auto-1-exec-3&amp#27;[0;39m] &amp#27;[33mcom.clarolab.service.BaseService&amp#27;[0;39m: Error creating
org.springframework.dao.DataIntegrityViolationException: could not execute statement; SQL [n/a]; constraint ["IDX_USER_USERNAME_INDEX_3 ON PUBLIC.QA_USER(USERNAME) VALUES ('JuATrzUhHU@ttriage.com', 267)"; SQL statement:
insert into QA_USER (enabled, timestamp, updated, image_id, password, provider, providerId, realname, preference_id, username, id) values (?, ?, ?, ?, ?, ?, ?, ?, ?, ?, ?) [23505-197]]; nested exception is org.hibernate.exception.ConstraintViolationException: could not execute statement
	at org.springframework.orm.jpa.vendor.HibernateJpaDialect.convertHibernateAccessException(HibernateJpaDialect.java:296)
	at org.springframework.orm.jpa.vendor.HibernateJpaDialect.translateExceptionIfPossible(HibernateJpaDialect.java:253)
	at org.springframework.orm.jpa.JpaTransactionManager.doCommit(JpaTransactionManager.java:536)
	at org.springframework.transaction.support.AbstractPlatformTransactionManager.processCommit(AbstractPlatformTransactionManager.java:746)
	at org.springframework.transaction.support.AbstractPlatformTransactionManager.commit(AbstractPlatformTransactionManager.java:714)
	at org.springframework.transaction.interceptor.TransactionAspectSupport.commitTransactionAfterReturning(TransactionAspectSupport.java:533)
	at org.springframework.transaction.interceptor.TransactionAspectSupport.invokeWithinTransaction(TransactionAspectSupport.java:304)
	at org.springframework.transaction.interceptor.TransactionInterceptor.invoke(TransactionInterceptor.java:98)
	at org.springframework.aop.framework.ReflectiveMethodInvocation.proceed(ReflectiveMethodInvocation.java:186)
	at org.springframework.dao.support.PersistenceExceptionTranslationInterceptor.invoke(PersistenceExceptionTranslationInterceptor.java:139)
	at org.springframework.aop.framework.ReflectiveMethodInvocation.proceed(ReflectiveMethodInvocation.java:186)
	at org.springframework.data.jpa.repository.support.CrudMethodMetadataPostProcessor$CrudMethodMetadataPopulatingMethodInterceptor.invoke(CrudMethodMetadataPostProcessor.java:135)
	at org.springframework.aop.framework.ReflectiveMethodInvocation.proceed(ReflectiveMethodInvocation.java:186)
	at org.springframework.aop.interceptor.ExposeInvocationInterceptor.invoke(ExposeInvocationInterceptor.java:93)
	at org.springframework.aop.framework.ReflectiveMethodInvocation.proceed(ReflectiveMethodInvocation.java:186)
	at org.springframework.data.repository.core.support.SurroundingTransactionDetectorMethodInterceptor.invoke(SurroundingTransactionDetectorMethodInterceptor.java:61)
	at org.springframework.aop.framework.ReflectiveMethodInvocation.proceed(ReflectiveMethodInvocation.java:186)
	at org.springframework.aop.framework.JdkDynamicAopProxy.invoke(JdkDynamicAopProxy.java:212)
	at com.sun.proxy.$Proxy190.save(Unknown Source)
	at com.clarolab.service.BaseService.save(BaseService.java:49)
	at com.clarolab.service.BaseService.save(BaseService.java:28)
	at com.clarolab.service.BaseService$$FastClassBySpringCGLIB$$35782742.invoke(<generated>)
	at org.springframework.cglib.proxy.MethodProxy.invoke(MethodProxy.java:218)
	at org.springframework.aop.framework.CglibAopProxy$DynamicAdvisedInterceptor.intercept(CglibAopProxy.java:684)
	at com.clarolab.service.UserService$$EnhancerBySpringCGLIB$$2fa16bd0.save(<generated>)
	at com.clarolab.serviceDTO.BaseServiceDTO.saveToEntity(BaseServiceDTO.java:61)
	at com.clarolab.serviceDTO.BaseServiceDTO.save(BaseServiceDTO.java:51)
	at com.clarolab.serviceDTO.BaseServiceDTO.save(BaseServiceDTO.java:26)
	at com.clarolab.controller.impl.BaseControllerImpl.save(BaseControllerImpl.java:26)
	at com.clarolab.controller.impl.BaseControllerImpl$$FastClassBySpringCGLIB$$66c2c412.invoke(<generated>)
	at org.springframework.cglib.proxy.MethodProxy.invoke(MethodProxy.java:218)
	at org.springframework.aop.framework.CglibAopProxy$DynamicAdvisedInterceptor.intercept(CglibAopProxy.java:684)
	at com.clarolab.controller.impl.user.UserControllerImpl$$EnhancerBySpringCGLIB$$bba0ab4.save(<generated>)
	at sun.reflect.NativeMethodAccessorImpl.invoke0(Native Method)
	at sun.reflect.NativeMethodAccessorImpl.invoke(NativeMethodAccessorImpl.java:62)
	at sun.reflect.DelegatingMethodAccessorImpl.invoke(DelegatingMethodAccessorImpl.java:43)
	at java.lang.reflect.Method.invoke(Method.java:498)
	at org.springframework.web.method.support.InvocableHandlerMethod.doInvoke(InvocableHandlerMethod.java:189)
	at org.springframework.web.method.support.InvocableHandlerMethod.invokeForRequest(InvocableHandlerMethod.java:138)
	at org.springframework.web.servlet.mvc.method.annotation.ServletInvocableHandlerMethod.invokeAndHandle(ServletInvocableHandlerMethod.java:102)
	at org.springframework.web.servlet.mvc.method.annotation.RequestMappingHandlerAdapter.invokeHandlerMethod(RequestMappingHandlerAdapter.java:895)
	at org.springframework.web.servlet.mvc.method.annotation.RequestMappingHandlerAdapter.handleInternal(RequestMappingHandlerAdapter.java:800)
	at org.springframework.web.servlet.mvc.method.AbstractHandlerMethodAdapter.handle(AbstractHandlerMethodAdapter.java:87)
	at org.springframework.web.servlet.DispatcherServlet.doDispatch(DispatcherServlet.java:1038)
	at org.springframework.web.servlet.DispatcherServlet.doService(DispatcherServlet.java:942)
	at org.springframework.web.servlet.FrameworkServlet.processRequest(FrameworkServlet.java:1005)
	at org.springframework.web.servlet.FrameworkServlet.doPost(FrameworkServlet.java:908)
	at javax.servlet.http.HttpServlet.service(HttpServlet.java:660)
	at org.springframework.web.servlet.FrameworkServlet.service(FrameworkServlet.java:882)
	at javax.servlet.http.HttpServlet.service(HttpServlet.java:741)
	at org.apache.catalina.core.ApplicationFilterChain.internalDoFilter(ApplicationFilterChain.java:231)
	at org.apache.catalina.core.ApplicationFilterChain.doFilter(ApplicationFilterChain.java:166)
	at org.apache.tomcat.websocket.server.WsFilter.doFilter(WsFilter.java:53)
	at org.apache.catalina.core.ApplicationFilterChain.internalDoFilter(ApplicationFilterChain.java:193)
	at org.apache.catalina.core.ApplicationFilterChain.doFilter(ApplicationFilterChain.java:166)
	at org.springframework.web.filter.OncePerRequestFilter.doFilter(OncePerRequestFilter.java:101)
	at org.apache.catalina.core.ApplicationFilterChain.internalDoFilter(ApplicationFilterChain.java:193)
	at org.apache.catalina.core.ApplicationFilterChain.doFilter(ApplicationFilterChain.java:166)
	at org.springframework.web.filter.CharacterEncodingFilter.doFilterInternal(CharacterEncodingFilter.java:200)
	at org.springframework.web.filter.OncePerRequestFilter.doFilter(OncePerRequestFilter.java:107)
	at org.apache.catalina.core.ApplicationFilterChain.internalDoFilter(ApplicationFilterChain.java:193)
	at org.apache.catalina.core.ApplicationFilterChain.doFilter(ApplicationFilterChain.java:166)
	at com.xss.filters.filter.CustomXssFilter.doFilter(CustomXssFilter.java:40)
	at org.apache.catalina.core.ApplicationFilterChain.internalDoFilter(ApplicationFilterChain.java:193)
	at org.apache.catalina.core.ApplicationFilterChain.doFilter(ApplicationFilterChain.java:166)
	at org.springframework.security.web.FilterChainProxy$VirtualFilterChain.doFilter(FilterChainProxy.java:320)
	at org.springframework.security.web.access.intercept.FilterSecurityInterceptor.invoke(FilterSecurityInterceptor.java:127)
	at org.springframework.security.web.access.intercept.FilterSecurityInterceptor.doFilter(FilterSecurityInterceptor.java:91)
	at org.springframework.security.web.FilterChainProxy$VirtualFilterChain.doFilter(FilterChainProxy.java:334)
	at org.springframework.security.web.access.ExceptionTranslationFilter.doFilter(ExceptionTranslationFilter.java:119)
	at org.springframework.security.web.FilterChainProxy$VirtualFilterChain.doFilter(FilterChainProxy.java:334)
	at org.springframework.security.web.session.SessionManagementFilter.doFilter(SessionManagementFilter.java:137)
	at org.springframework.security.web.FilterChainProxy$VirtualFilterChain.doFilter(FilterChainProxy.java:334)
	at org.springframework.security.web.authentication.AnonymousAuthenticationFilter.doFilter(AnonymousAuthenticationFilter.java:111)
	at org.springframework.security.web.FilterChainProxy$VirtualFilterChain.doFilter(FilterChainProxy.java:334)
	at org.springframework.security.web.servletapi.SecurityContextHolderAwareRequestFilter.doFilter(SecurityContextHolderAwareRequestFilter.java:170)
	at org.springframework.security.web.FilterChainProxy$VirtualFilterChain.doFilter(FilterChainProxy.java:334)
	at org.springframework.security.web.savedrequest.RequestCacheAwareFilter.doFilter(RequestCacheAwareFilter.java:63)
	at org.springframework.security.web.FilterChainProxy$VirtualFilterChain.doFilter(FilterChainProxy.java:334)
	at com.clarolab.aaa.filter.TokenAuthenticationFilter.doFilterInternal(TokenAuthenticationFilter.java:59)
	at org.springframework.web.filter.OncePerRequestFilter.doFilter(OncePerRequestFilter.java:107)
	at org.springframework.security.web.FilterChainProxy$VirtualFilterChain.doFilter(FilterChainProxy.java:334)
	at org.springframework.security.web.authentication.AbstractAuthenticationProcessingFilter.doFilter(AbstractAuthenticationProcessingFilter.java:200)
	at org.springframework.security.web.FilterChainProxy$VirtualFilterChain.doFilter(FilterChainProxy.java:334)
	at org.springframework.security.oauth2.client.web.OAuth2AuthorizationRequestRedirectFilter.doFilterInternal(OAuth2AuthorizationRequestRedirectFilter.java:160)
	at org.springframework.web.filter.OncePerRequestFilter.doFilter(OncePerRequestFilter.java:107)
	at org.springframework.security.web.FilterChainProxy$VirtualFilterChain.doFilter(FilterChainProxy.java:334)
	at org.springframework.security.web.authentication.logout.LogoutFilter.doFilter(LogoutFilter.java:116)
	at org.springframework.security.web.FilterChainProxy$VirtualFilterChain.doFilter(FilterChainProxy.java:334)
	at org.springframework.web.filter.CorsFilter.doFilterInternal(CorsFilter.java:96)
	at org.springframework.web.filter.OncePerRequestFilter.doFilter(OncePerRequestFilter.java:107)
	at org.springframework.security.web.FilterChainProxy$VirtualFilterChain.doFilter(FilterChainProxy.java:334)
	at org.springframework.security.web.header.HeaderWriterFilter.doFilterInternal(HeaderWriterFilter.java:74)
	at org.springframework.web.filter.OncePerRequestFilter.doFilter(OncePerRequestFilter.java:107)
	at org.springframework.security.web.FilterChainProxy$VirtualFilterChain.doFilter(FilterChainProxy.java:334)
	at org.springframework.security.web.context.SecurityContextPersistenceFilter.doFilter(SecurityContextPersistenceFilter.java:105)
	at org.springframework.security.web.FilterChainProxy$VirtualFilterChain.doFilter(FilterChainProxy.java:334)
	at org.springframework.security.web.context.request.async.WebAsyncManagerIntegrationFilter.doFilterInternal(WebAsyncManagerIntegrationFilter.java:56)
	at org.springframework.web.filter.OncePerRequestFilter.doFilter(OncePerRequestFilter.java:107)
	at org.springframework.security.web.FilterChainProxy$VirtualFilterChain.doFilter(FilterChainProxy.java:334)
	at org.springframework.security.web.FilterChainProxy.doFilterInternal(FilterChainProxy.java:215)
	at org.springframework.security.web.FilterChainProxy.doFilter(FilterChainProxy.java:178)
	at org.springframework.web.filter.DelegatingFilterProxy.invokeDelegate(DelegatingFilterProxy.java:357)
	at org.springframework.web.filter.DelegatingFilterProxy.doFilter(DelegatingFilterProxy.java:270)
	at org.apache.catalina.core.ApplicationFilterChain.internalDoFilter(ApplicationFilterChain.java:193)
	at org.apache.catalina.core.ApplicationFilterChain.doFilter(ApplicationFilterChain.java:166)
	at org.apache.catalina.core.StandardWrapperValve.invoke(StandardWrapperValve.java:199)
	at org.apache.catalina.core.StandardContextValve.invoke(StandardContextValve.java:96)
	at org.apache.catalina.authenticator.AuthenticatorBase.invoke(AuthenticatorBase.java:490)
	at org.apache.catalina.core.StandardHostValve.invoke(StandardHostValve.java:139)
	at org.apache.catalina.valves.ErrorReportValve.invoke(ErrorReportValve.java:92)
	at org.apache.catalina.core.StandardEngineValve.invoke(StandardEngineValve.java:74)
	at org.apache.catalina.connector.CoyoteAdapter.service(CoyoteAdapter.java:343)
	at org.apache.coyote.http11.Http11Processor.service(Http11Processor.java:408)
	at org.apache.coyote.AbstractProcessorLight.process(AbstractProcessorLight.java:66)
	at org.apache.coyote.AbstractProtocol$ConnectionHandler.process(AbstractProtocol.java:834)
	at org.apache.tomcat.util.net.NioEndpoint$SocketProcessor.doRun(NioEndpoint.java:1417)
	at org.apache.tomcat.util.net.SocketProcessorBase.run(SocketProcessorBase.java:49)
	at java.util.concurrent.ThreadPoolExecutor.runWorker(ThreadPoolExecutor.java:1142)
	at java.util.concurrent.ThreadPoolExecutor$Worker.run(ThreadPoolExecutor.java:617)
	at org.apache.tomcat.util.threads.TaskThread$WrappingRunnable.run(TaskThread.java:61)
	at java.lang.Thread.run(Thread.java:745)
Caused by: org.hibernate.exception.ConstraintViolationException: could not execute statement
	at org.hibernate.exception.internal.SQLStateConversionDelegate.convert(SQLStateConversionDelegate.java:112)
	at org.hibernate.exception.internal.StandardSQLExceptionConverter.convert(StandardSQLExceptionConverter.java:42)
	at org.hibernate.engine.jdbc.spi.SqlExceptionHelper.convert(SqlExceptionHelper.java:113)
	at org.hibernate.engine.jdbc.spi.SqlExceptionHelper.convert(SqlExceptionHelper.java:99)
	at org.hibernate.engine.jdbc.internal.ResultSetReturnImpl.executeUpdate(ResultSetReturnImpl.java:178)
	at org.hibernate.persister.entity.AbstractEntityPersister.insert(AbstractEntityPersister.java:3171)
	at org.hibernate.persister.entity.AbstractEntityPersister.insert(AbstractEntityPersister.java:3686)
	at org.hibernate.action.internal.EntityInsertAction.execute(EntityInsertAction.java:90)
	at org.hibernate.engine.spi.ActionQueue.executeActions(ActionQueue.java:604)
	at org.hibernate.engine.spi.ActionQueue.executeActions(ActionQueue.java:478)
	at org.hibernate.event.internal.AbstractFlushingEventListener.performExecutions(AbstractFlushingEventListener.java:356)
	at org.hibernate.event.internal.DefaultFlushEventListener.onFlush(DefaultFlushEventListener.java:39)
	at org.hibernate.internal.SessionImpl.doFlush(SessionImpl.java:1454)
	at org.hibernate.internal.SessionImpl.managedFlush(SessionImpl.java:511)
	at org.hibernate.internal.SessionImpl.flushBeforeTransactionCompletion(SessionImpl.java:3283)
	at org.hibernate.internal.SessionImpl.beforeTransactionCompletion(SessionImpl.java:2479)
	at org.hibernate.engine.jdbc.internal.JdbcCoordinatorImpl.beforeTransactionCompletion(JdbcCoordinatorImpl.java:473)
	at org.hibernate.resource.transaction.backend.jdbc.internal.JdbcResourceLocalTransactionCoordinatorImpl.beforeCompletionCallback(JdbcResourceLocalTransactionCoordinatorImpl.java:178)
	at org.hibernate.resource.transaction.backend.jdbc.internal.JdbcResourceLocalTransactionCoordinatorImpl.access$300(JdbcResourceLocalTransactionCoordinatorImpl.java:39)
	at org.hibernate.resource.transaction.backend.jdbc.internal.JdbcResourceLocalTransactionCoordinatorImpl$TransactionDriverControlImpl.commit(JdbcResourceLocalTransactionCoordinatorImpl.java:271)
	at org.hibernate.engine.transaction.internal.TransactionImpl.commit(TransactionImpl.java:98)
	at org.springframework.orm.jpa.JpaTransactionManager.doCommit(JpaTransactionManager.java:532)
	... 119 common frames omitted
Caused by: org.h2.jdbc.JdbcSQLException: Unique index or primary key violation: "IDX_USER_USERNAME_INDEX_3 ON PUBLIC.QA_USER(USERNAME) VALUES ('JuATrzUhHU@ttriage.com', 267)"; SQL statement:
insert into QA_USER (enabled, timestamp, updated, image_id, password, provider, providerId, realname, preference_id, username, id) values (?, ?, ?, ?, ?, ?, ?, ?, ?, ?, ?) [23505-197]
	at org.h2.message.DbException.getJdbcSQLException(DbException.java:357)
	at org.h2.message.DbException.get(DbException.java:179)
	at org.h2.message.DbException.get(DbException.java:155)
	at org.h2.index.BaseIndex.getDuplicateKeyException(BaseIndex.java:101)
	at org.h2.mvstore.db.MVSecondaryIndex.requireUnique(MVSecondaryIndex.java:236)
	at org.h2.mvstore.db.MVSecondaryIndex.add(MVSecondaryIndex.java:202)
	at org.h2.mvstore.db.MVTable.addRow(MVTable.java:732)
	at org.h2.command.dml.Insert.insertRows(Insert.java:182)
	at org.h2.command.dml.Insert.update(Insert.java:134)
	at org.h2.command.CommandContainer.update(CommandContainer.java:102)
	at org.h2.command.Command.executeUpdate(Command.java:261)
	at org.h2.jdbc.JdbcPreparedStatement.executeUpdateInternal(JdbcPreparedStatement.java:199)
	at org.h2.jdbc.JdbcPreparedStatement.executeUpdate(JdbcPreparedStatement.java:153)
	at com.zaxxer.hikari.pool.ProxyPreparedStatement.executeUpdate(ProxyPreparedStatement.java:61)
	at com.zaxxer.hikari.pool.HikariProxyPreparedStatement.executeUpdate(HikariProxyPreparedStatement.java)
	at org.hibernate.engine.jdbc.internal.ResultSetReturnImpl.executeUpdate(ResultSetReturnImpl.java:175)
	... 136 common frames omitted
&amp#27;[30m2019-04-04 17:51:54,182&amp#27;[0;39m &amp#27;[1;31mERROR&amp#27;[0;39m [&amp#27;[34mhttp-nio-auto-1-exec-3&amp#27;[0;39m] &amp#27;[33mcom.clarolab.service.exception.ServiceException&amp#27;[0;39m: could not execute statement; SQL [n/a]; constraint ["IDX_USER_USERNAME_INDEX_3 ON PUBLIC.QA_USER(USERNAME) VALUES ('JuATrzUhHU@ttriage.com', 267)"; SQL statement:
insert into QA_USER (enabled, timestamp, updated, image_id, password, provider, providerId, realname, preference_id, username, id) values (?, ?, ?, ?, ?, ?, ?, ?, ?, ?, ?) [23505-197]]; nested exception is org.hibernate.exception.ConstraintViolationException: could not execute statement
HTTP/1.1 404 
X-Content-Type-Options: nosniff
X-XSS-Protection: 1; mode=block
Cache-Control: no-cache, no-store, max-age=0, must-revalidate
Pragma: no-cache
Expires: 0
Content-Type: application/json;charset=UTF-8
Transfer-Encoding: chunked
Date: Thu, 04 Apr 2019 17:51:54 GMT

{
    "code": 404,
    "error": "Not Found",
    "description": "could not execute statement; SQL [n/a]; constraint [\"IDX_USER_USERNAME_INDEX_3 ON PUBLIC.QA_USER(USERNAME) VALUES ('JuATrzUhHU@ttriage.com', 267)\"; SQL statement:\ninsert into QA_USER (enabled, timestamp, updated, image_id, password, provider, providerId, realname, preference_id, username, id) values (?, ?, ?, ?, ?, ?, ?, ?, ?, ?, ?) [23505-197]]; nested exception is org.hibernate.exception.ConstraintViolationException: could not execute statement"
}
]]></system-out>
  </testcase>
  <testcase name="testSearchLastName" classname="com.clarolab.api.test.UserAPITest" time="0.038"/>
  <testcase name="testSearch1Leters" classname="com.clarolab.api.test.UserAPITest" time="0.019"/>
  <testcase name="testUserCreate" classname="com.clarolab.api.test.UserAPITest" time="0.017"/>
  <testcase name="testUserDelete" classname="com.clarolab.api.test.UserAPITest" time="0.031">
    <failure message="1 expectation failed.
Expected status code &lt;404&gt; but was &lt;200&gt;.
" type="java.lang.AssertionError"><![CDATA[java.lang.AssertionError: 
1 expectation failed.
Expected status code <404> but was <200>.

	at com.clarolab.api.test.UserAPITest.testUserDelete(UserAPITest.java:119)
]]></failure>
    <system-out><![CDATA[Request method:	DELETE
Request URI:	http://localhost:44760/v1/user/delete/278
Proxy:			<none>
Request params:	<none>
Query params:	<none>
Form params:	<none>
Path params:	<none>
Headers:		Authorization=Bearer eyJhbGciOiJIUzUxMiJ9.eyJzdWIiOiIyIiwiaWF0IjoxNTU0NDAwMzEwLCJleHAiOjE1NTUyNjQzMTB9.OP0Fvnk49My0Hx-NtQwvxOb3mqTNBS2NsBRSSKKYrGB9eFrx8iomqsmuBkytoSn1kMTqEXKJg0ACoBPTqAO72g
				Accept=*/*
				Content-Type=application/json; charset=UTF-8
Cookies:		<none>
Multiparts:		<none>
Body:			<none>
HTTP/1.1 202 
X-Content-Type-Options: nosniff
X-XSS-Protection: 1; mode=block
Cache-Control: no-cache, no-store, max-age=0, must-revalidate
Pragma: no-cache
Expires: 0
Content-Type: application/json;charset=UTF-8
Transfer-Encoding: chunked
Date: Thu, 04 Apr 2019 17:51:54 GMT
Request method:	GET
Request URI:	http://localhost:44760/v1/user/get/278
Proxy:			<none>
Request params:	<none>
Query params:	<none>
Form params:	<none>
Path params:	<none>
Headers:		Authorization=Bearer eyJhbGciOiJIUzUxMiJ9.eyJzdWIiOiIyIiwiaWF0IjoxNTU0NDAwMzEwLCJleHAiOjE1NTUyNjQzMTB9.OP0Fvnk49My0Hx-NtQwvxOb3mqTNBS2NsBRSSKKYrGB9eFrx8iomqsmuBkytoSn1kMTqEXKJg0ACoBPTqAO72g
				Accept=*/*
				Content-Type=application/json; charset=UTF-8
Cookies:		<none>
Multiparts:		<none>
Body:			<none>
HTTP/1.1 200 
X-Content-Type-Options: nosniff
X-XSS-Protection: 1; mode=block
Cache-Control: no-cache, no-store, max-age=0, must-revalidate
Pragma: no-cache
Expires: 0
Content-Type: application/json;charset=UTF-8
Transfer-Encoding: chunked
Date: Thu, 04 Apr 2019 17:51:54 GMT

{
    "id": 278,
    "enabled": false,
    "updated": 1554400314274,
    "timestamp": 1554400314265,
    "username": "ftVnPGOZPC@ttriage.com",
    "realname": "AFszAZMukZINEsrFSlJhkVpRgnknWu",
    "displayName": "AFszAZMukZINEsrFSlJhkVpRgnknWu",
    "avatar": "https://lh3.googleusercontent.com/6itEFCORQlcN17yqiZ25es8Khubvsg38EPrsCTVDxmGiOTy2E914BE0tpGB3LD_c-A",
    "roleType": "ADMIN"
}
]]></system-out>
  </testcase>
  <testcase name="testUserListTimeOut" classname="com.clarolab.api.test.UserAPITest" time="0.017"/>
  <testcase name="testUserUpdate" classname="com.clarolab.api.test.UserAPITest" time="0.029">
    <failure message="expected:&lt;null&gt; but was:&lt;NRgLFxXIBc@ttriage.com&gt;" type="java.lang.AssertionError"><![CDATA[java.lang.AssertionError: expected:<null> but was:<NRgLFxXIBc@ttriage.com>
	at com.clarolab.api.test.UserAPITest.testUserUpdate(UserAPITest.java:80)
]]></failure>
    <system-out><![CDATA[Request method:	PUT
Request URI:	http://localhost:44760/v1/user/update
Proxy:			<none>
Request params:	<none>
Query params:	<none>
Form params:	<none>
Path params:	<none>
Headers:		Authorization=Bearer eyJhbGciOiJIUzUxMiJ9.eyJzdWIiOiIyIiwiaWF0IjoxNTU0NDAwMzEwLCJleHAiOjE1NTUyNjQzMTB9.OP0Fvnk49My0Hx-NtQwvxOb3mqTNBS2NsBRSSKKYrGB9eFrx8iomqsmuBkytoSn1kMTqEXKJg0ACoBPTqAO72g
				Accept=*/*
				Content-Type=application/json; charset=UTF-8
Cookies:		<none>
Multiparts:		<none>
Body:
{
    "id": 280,
    "enabled": true,
    "updated": 1554400314313,
    "timestamp": 1554400314313,
    "username": "NRgLFxXIBc@ttriage.com",
    "realname": "cxlSHjXWddaiemzkmBwmZbTffenuPY",
    "avatar": {
        "id": 279,
        "enabled": true,
        "updated": 1554400314313,
        "timestamp": 1554400314313,
        "name": "DEMO IMAGE",
        "type": null,
        "data": "https://lh3.googleusercontent.com/6itEFCORQlcN17yqiZ25es8Khubvsg38EPrsCTVDxmGiOTy2E914BE0tpGB3LD_c-A",
        "description": null
    },
    "password": null,
    "userPreference": null,
    "roleTypes": [
        "ADMIN"
    ],
    "provider": null,
    "providerId": null
}
&amp#27;[30m2019-04-04 17:51:54,330&amp#27;[0;39m &amp#27;[31mWARN &amp#27;[0;39m [&amp#27;[34mhttp-nio-auto-1-exec-10&amp#27;[0;39m] &amp#27;[33morg.springframework.web.servlet.handler.AbstractHandlerExceptionResolver&amp#27;[0;39m: Resolved [org.springframework.http.converter.HttpMessageNotReadableException: JSON parse error: Cannot deserialize instance of `java.lang.String` out of START_OBJECT token; nested exception is com.fasterxml.jackson.databind.exc.MismatchedInputException: Cannot deserialize instance of `java.lang.String` out of START_OBJECT token
 at [Source: (PushbackInputStream); line: 1, column: 165] (through reference chain: com.clarolab.dto.UserDTO["avatar"])]
HTTP/1.1 400 
X-Content-Type-Options: nosniff
X-XSS-Protection: 1; mode=block
Cache-Control: no-cache, no-store, max-age=0, must-revalidate
Pragma: no-cache
Expires: 0
Content-Type: application/json;charset=UTF-8
Transfer-Encoding: chunked
Date: Thu, 04 Apr 2019 17:51:54 GMT
Connection: close

{
    "timestamp": 1554400314335,
    "status": 400,
    "error": "Bad Request",
    "message": "JSON parse error: Cannot deserialize instance of `java.lang.String` out of START_OBJECT token; nested exception is com.fasterxml.jackson.databind.exc.MismatchedInputException: Cannot deserialize instance of `java.lang.String` out of START_OBJECT token\n at [Source: (PushbackInputStream); line: 1, column: 165] (through reference chain: com.clarolab.dto.UserDTO[\"avatar\"])",
    "path": "/v1/user/update"
}
]]></system-out>
  </testcase>
  <testcase name="testSearchDisabled" classname="com.clarolab.api.test.UserAPITest" time="0.021"/>
  <testcase name="testUserDeleteNotInList" classname="com.clarolab.api.test.UserAPITest" time="0.041"/>
  <testcase name="testSearch3Leters" classname="com.clarolab.api.test.UserAPITest" time="0.016"/>
  <testcase name="testViewExportExecutorAsCSV" classname="com.clarolab.api.test.ExportAPITest" time="0.115"/>
  <testcase name="testViewExportExecutorAsPDF" classname="com.clarolab.api.test.ExportAPITest" time="0.175"/>
  <testcase name="testViewExportExecutorAsXLS" classname="com.clarolab.api.test.ExportAPITest" time="0.191"/>
  <testcase name="testViewExportUserAsCSV" classname="com.clarolab.api.test.ExportAPITest" time="0.019"/>
  <testcase name="testViewExportUserAsPDF" classname="com.clarolab.api.test.ExportAPITest" time="0.027"/>
  <testcase name="testViewExportUserAsXLS" classname="com.clarolab.api.test.ExportAPITest" time="0.019"/>
  <testcase name="testViewBuildReport" classname="com.clarolab.api.test.ViewAPITest" time="0.02"/>
  <testcase name="testViewBuildTriage" classname="com.clarolab.api.test.ViewAPITest" time="0.024"/>
  <testcase name="testViewExecutor" classname="com.clarolab.api.test.ViewAPITest" time="0.018"/>
  <testcase name="testViewTestCase" classname="com.clarolab.api.test.ViewAPITest" time="0.018"/>
  <testcase name="testViewExecutors" classname="com.clarolab.api.test.ViewAPITest" time="0.064"/>
  <testcase name="testTestCaseReport" classname="com.clarolab.api.test.ViewAPITest" time="0.047"/>
  <testcase name="testBasic" classname="com.clarolab.api.test.ApproveAutomaticTriageAPITest" time="0.025"/>
  <testcase name="suggestedUsersSort" classname="com.clarolab.api.test.AssigneeToBuildAPITest" time="0.081"/>
  <testcase name="assign" classname="com.clarolab.api.test.AssigneeToBuildAPITest" time="0.038"/>
  <testcase name="suggestedMinimumUsers" classname="com.clarolab.api.test.AssigneeToBuildAPITest" time="0.032"/>
  <testcase name="suggestedExecutors" classname="com.clarolab.api.test.AssigneeToBuildAPITest" time="0.015"/>
  <testcase name="testBasic" classname="com.clarolab.api.test.InvalidBuildTriageAPITest" time="0.026"/>
  <testcase name="testBasic" classname="com.clarolab.api.test.TriageBuildAPITest" time="0.034"/>
  <testcase name="testBasic" classname="com.clarolab.api.test.AssignTestCaseAPITest" time="0.03"/>
  <testcase name="testTestCaseListNotEmpty" classname="com.clarolab.api.test.TestExecutionAPITest" time="0.033"/>
  <testcase name="testTestCaseDeleteNotInList" classname="com.clarolab.api.test.TestExecutionAPITest" time="0.031"/>
  <testcase name="testTestCaseCreate" classname="com.clarolab.api.test.TestExecutionAPITest" time="0.003"/>
  <testcase name="testTestCaseDelete" classname="com.clarolab.api.test.TestExecutionAPITest" time="0.017"/>
  <testcase name="testTestCaseGetOne" classname="com.clarolab.api.test.TestExecutionAPITest" time="0.019"/>
  <testcase name="testTestCaseListTimeOut" classname="com.clarolab.api.test.TestExecutionAPITest" time="0.025"/>
  <testcase name="testBasic" classname="com.clarolab.api.test.TriageTestAPITest" time="0.032"/>
  <testcase name="pin" classname="com.clarolab.api.test.TriageTestAPITest" time="0.033"/>
  <testcase name="testUpdate" classname="com.clarolab.api.test.TriageTestAPITest" time="0.05"/>
  <testcase name="testAutomatedTestIssue" classname="com.clarolab.functional.test.DataProviderPersistenceFunctionalTest" time="0.101"/>
  <testcase name="testExecutor" classname="com.clarolab.functional.test.DataProviderPersistenceFunctionalTest" time="0.008"/>
  <testcase name="testBuild" classname="com.clarolab.functional.test.DataProviderPersistenceFunctionalTest" time="0.009"/>
  <testcase name="testNote" classname="com.clarolab.functional.test.DataProviderPersistenceFunctionalTest" time="0.011"/>
  <testcase name="testUser" classname="com.clarolab.functional.test.DataProviderPersistenceFunctionalTest" time="0.008"/>
  <testcase name="testApplicationEvent" classname="com.clarolab.functional.test.DataProviderPersistenceFunctionalTest" time="0.009"/>
  <testcase name="testProduct" classname="com.clarolab.functional.test.DataProviderPersistenceFunctionalTest" time="0.007"/>
  <testcase name="testTestCase" classname="com.clarolab.functional.test.DataProviderPersistenceFunctionalTest" time="0.008"/>
  <testcase name="testProperty" classname="com.clarolab.functional.test.DataProviderPersistenceFunctionalTest" time="0.008"/>
  <testcase name="testExecutorProductCombination" classname="com.clarolab.functional.test.DataProviderPersistenceFunctionalTest" time="0.007"/>
  <testcase name="testExecutorStat" classname="com.clarolab.functional.test.DataProviderPersistenceFunctionalTest" time="0.008"/>
  <testcase name="testConnector" classname="com.clarolab.functional.test.DataProviderPersistenceFunctionalTest" time="0.007"/>
  <testcase name="testContainer" classname="com.clarolab.functional.test.DataProviderPersistenceFunctionalTest" time="0.007"/>
  <testcase name="testTestCaseNotUnique" classname="com.clarolab.functional.test.DataProviderPersistenceFunctionalTest" time="0.01"/>
  <testcase name="testIssueTicket" classname="com.clarolab.functional.test.DataProviderPersistenceFunctionalTest" time="0.011"/>
  <testcase name="testPopulateTon" classname="com.clarolab.functional.test.DataProviderPersistenceFunctionalTest" time="0.284"/>
  <testcase name="testDeadline" classname="com.clarolab.functional.test.DataProviderPersistenceFunctionalTest" time="0.008"/>
  <testcase name="testApplicationDomain" classname="com.clarolab.functional.test.DataProviderPersistenceFunctionalTest" time="0.008"/>
  <testcase name="testSlackSpec" classname="com.clarolab.functional.test.DataProviderPersistenceFunctionalTest" time="0.007"/>
  <testcase name="testTestCaseTriage" classname="com.clarolab.functional.test.DataProviderPersistenceFunctionalTest" time="0.016"/>
  <testcase name="testTestCaseUnique" classname="com.clarolab.functional.test.DataProviderPersistenceFunctionalTest" time="0.012"/>
  <testcase name="testBuildTriage" classname="com.clarolab.functional.test.DataProviderPersistenceFunctionalTest" time="0.014"/>
  <testcase name="testManyExecutorStat" classname="com.clarolab.functional.test.DataProviderPersistenceFunctionalTest" time="0.009"/>
  <testcase name="testPermanentFail" classname="com.clarolab.functional.test.rules.CurrentStateFunctionalTest" time="0.046">
    <error message="Unable to find com.clarolab.model.Report with id 1" type="com.clarolab.service.exception.NotFoundServiceException">com.clarolab.service.exception.NotFoundServiceException:
        Unable to find com.clarolab.model.Report with id 1
        at com.clarolab.functional.test.rules.CurrentStateFunctionalTest.testSpec(CurrentStateFunctionalTest.java:157)
        at
        com.clarolab.functional.test.rules.CurrentStateFunctionalTest.testPermanentFail(CurrentStateFunctionalTest.java:102)
    </error>
    <system-out><![CDATA[&amp#27;[30m2019-04-04 17:52:00,226&amp#27;[0;39m &amp#27;[34mINFO &amp#27;[0;39m [&amp#27;[34mmain&amp#27;[0;39m] &amp#27;[33morg.springframework.test.context.transaction.TransactionContext&amp#27;[0;39m: Began transaction (1) for test context [DefaultTestContext@98b63c1 testClass = CurrentStateFunctionalTest, testInstance = com.clarolab.functional.test.CurrentStateFunctionalTest@56d8cf3a, testMethod = testPermanentFail@CurrentStateFunctionalTest, testException = [null], mergedContextConfiguration = [WebMergedContextConfiguration@435210b3 testClass = CurrentStateFunctionalTest, locations = '{}', classes = '{class com.clarolab.QAReportApplication, class com.clarolab.QAReportApplication}', contextInitializerClasses = '[]', activeProfiles = '{}', propertySourceLocations = '{}', propertySourceProperties = '{org.springframework.boot.test.context.SpringBootTestContextBootstrapper=true}', contextCustomizers = set[org.springframework.boot.test.context.filter.ExcludeFilterContextCustomizer@2667f029, org.springframework.boot.test.json.DuplicateJsonObjectContextCustomizerFactory$DuplicateJsonObjectContextCustomizer@a9cd3b1, org.springframework.boot.test.mock.mockito.MockitoContextCustomizer@0, org.springframework.boot.test.web.client.TestRestTemplateContextCustomizer@4facf68f, org.springframework.boot.test.autoconfigure.properties.PropertyMappingContextCustomizer@0, org.springframework.boot.test.autoconfigure.web.servlet.WebDriverContextCustomizerFactory$Customizer@7722c3c3], resourceBasePath = 'src/main/webapp', contextLoader = 'org.springframework.boot.test.context.SpringBootContextLoader', parent = [null]], attributes = map['org.springframework.test.context.web.ServletTestExecutionListener.activateListener' -> true, 'org.springframework.test.context.web.ServletTestExecutionListener.populatedRequestContextHolder' -> true, 'org.springframework.test.context.web.ServletTestExecutionListener.resetRequestContextHolder' -> true]]; transaction manager [org.springframework.orm.jpa.JpaTransactionManager@4d10360e]; rollback [true]
&amp#27;[30m2019-04-04 17:52:00,259&amp#27;[0;39m &amp#27;[34mINFO &amp#27;[0;39m [&amp#27;[34mmain&amp#27;[0;39m] &amp#27;[33mcom.clarolab.agents.TriageAgent&amp#27;[0;39m: Processed 1 builds from PFwj
&amp#27;[30m2019-04-04 17:52:00,269&amp#27;[0;39m &amp#27;[1;31mERROR&amp#27;[0;39m [&amp#27;[34mmain&amp#27;[0;39m] &amp#27;[33mcom.clarolab.service.BaseService&amp#27;[0;39m: Error creating
javax.persistence.EntityNotFoundException: Unable to find com.clarolab.model.Report with id 1
	at org.hibernate.jpa.boot.internal.EntityManagerFactoryBuilderImpl$JpaEntityNotFoundDelegate.handleEntityNotFound(EntityManagerFactoryBuilderImpl.java:162)
	at org.hibernate.event.internal.DefaultLoadEventListener.returnNarrowedProxy(DefaultLoadEventListener.java:318)
	at org.hibernate.event.internal.DefaultLoadEventListener.proxyOrLoad(DefaultLoadEventListener.java:273)
	at org.hibernate.event.internal.DefaultLoadEventListener.doOnLoad(DefaultLoadEventListener.java:124)
	at org.hibernate.event.internal.DefaultLoadEventListener.onLoad(DefaultLoadEventListener.java:92)
	at org.hibernate.internal.SessionImpl.fireLoad(SessionImpl.java:1257)
	at org.hibernate.internal.SessionImpl.access$1900(SessionImpl.java:207)
	at org.hibernate.internal.SessionImpl$IdentifierLoadAccessImpl.doLoad(SessionImpl.java:2874)
	at org.hibernate.internal.SessionImpl$IdentifierLoadAccessImpl.load(SessionImpl.java:2848)
	at org.hibernate.internal.SessionImpl.get(SessionImpl.java:1098)
	at org.hibernate.event.internal.DefaultMergeEventListener.entityIsDetached(DefaultMergeEventListener.java:290)
	at org.hibernate.event.internal.DefaultMergeEventListener.onMerge(DefaultMergeEventListener.java:170)
	at org.hibernate.event.internal.DefaultMergeEventListener.onMerge(DefaultMergeEventListener.java:69)
	at org.hibernate.internal.SessionImpl.fireMerge(SessionImpl.java:901)
	at org.hibernate.internal.SessionImpl.merge(SessionImpl.java:887)
	at sun.reflect.GeneratedMethodAccessor262.invoke(Unknown Source)
	at sun.reflect.DelegatingMethodAccessorImpl.invoke(DelegatingMethodAccessorImpl.java:43)
	at java.lang.reflect.Method.invoke(Method.java:498)
	at org.springframework.orm.jpa.SharedEntityManagerCreator$SharedEntityManagerInvocationHandler.invoke(SharedEntityManagerCreator.java:308)
	at com.sun.proxy.$Proxy166.merge(Unknown Source)
	at org.springframework.data.jpa.repository.support.SimpleJpaRepository.save(SimpleJpaRepository.java:492)
	at sun.reflect.GeneratedMethodAccessor259.invoke(Unknown Source)
	at sun.reflect.DelegatingMethodAccessorImpl.invoke(DelegatingMethodAccessorImpl.java:43)
	at java.lang.reflect.Method.invoke(Method.java:498)
	at org.springframework.data.repository.core.support.RepositoryComposition$RepositoryFragments.invoke(RepositoryComposition.java:359)
	at org.springframework.data.repository.core.support.RepositoryComposition.invoke(RepositoryComposition.java:200)
	at org.springframework.data.repository.core.support.RepositoryFactorySupport$ImplementationMethodExecutionInterceptor.invoke(RepositoryFactorySupport.java:644)
	at org.springframework.aop.framework.ReflectiveMethodInvocation.proceed(ReflectiveMethodInvocation.java:186)
	at org.springframework.data.repository.core.support.RepositoryFactorySupport$QueryExecutorMethodInterceptor.doInvoke(RepositoryFactorySupport.java:608)
	at org.springframework.data.repository.core.support.RepositoryFactorySupport$QueryExecutorMethodInterceptor.lambda$invoke$3(RepositoryFactorySupport.java:595)
	at org.springframework.data.repository.core.support.RepositoryFactorySupport$QueryExecutorMethodInterceptor.invoke(RepositoryFactorySupport.java:595)
	at org.springframework.aop.framework.ReflectiveMethodInvocation.proceed(ReflectiveMethodInvocation.java:186)
	at org.springframework.data.projection.DefaultMethodInvokingMethodInterceptor.invoke(DefaultMethodInvokingMethodInterceptor.java:59)
	at org.springframework.aop.framework.ReflectiveMethodInvocation.proceed(ReflectiveMethodInvocation.java:186)
	at org.springframework.transaction.interceptor.TransactionAspectSupport.invokeWithinTransaction(TransactionAspectSupport.java:294)
	at org.springframework.transaction.interceptor.TransactionInterceptor.invoke(TransactionInterceptor.java:98)
	at org.springframework.aop.framework.ReflectiveMethodInvocation.proceed(ReflectiveMethodInvocation.java:186)
	at org.springframework.dao.support.PersistenceExceptionTranslationInterceptor.invoke(PersistenceExceptionTranslationInterceptor.java:139)
	at org.springframework.aop.framework.ReflectiveMethodInvocation.proceed(ReflectiveMethodInvocation.java:186)
	at org.springframework.data.jpa.repository.support.CrudMethodMetadataPostProcessor$CrudMethodMetadataPopulatingMethodInterceptor.invoke(CrudMethodMetadataPostProcessor.java:135)
	at org.springframework.aop.framework.ReflectiveMethodInvocation.proceed(ReflectiveMethodInvocation.java:186)
	at org.springframework.aop.interceptor.ExposeInvocationInterceptor.invoke(ExposeInvocationInterceptor.java:93)
	at org.springframework.aop.framework.ReflectiveMethodInvocation.proceed(ReflectiveMethodInvocation.java:186)
	at org.springframework.data.repository.core.support.SurroundingTransactionDetectorMethodInterceptor.invoke(SurroundingTransactionDetectorMethodInterceptor.java:61)
	at org.springframework.aop.framework.ReflectiveMethodInvocation.proceed(ReflectiveMethodInvocation.java:186)
	at org.springframework.aop.framework.JdkDynamicAopProxy.invoke(JdkDynamicAopProxy.java:212)
	at com.sun.proxy.$Proxy172.save(Unknown Source)
	at com.clarolab.service.BaseService.save(BaseService.java:49)
	at com.clarolab.populate.UseCaseDataProvider.getBuild(UseCaseDataProvider.java:356)
	at com.clarolab.populate.UseCaseDataProvider.getBuild(UseCaseDataProvider.java:329)
	at com.clarolab.populate.UseCaseDataProvider$$FastClassBySpringCGLIB$$449cf6f7.invoke(<generated>)
	at org.springframework.cglib.proxy.MethodProxy.invoke(MethodProxy.java:218)
	at org.springframework.aop.framework.CglibAopProxy$CglibMethodInvocation.invokeJoinpoint(CglibAopProxy.java:749)
	at org.springframework.aop.framework.ReflectiveMethodInvocation.proceed(ReflectiveMethodInvocation.java:163)
	at org.springframework.transaction.interceptor.TransactionAspectSupport.invokeWithinTransaction(TransactionAspectSupport.java:294)
	at org.springframework.transaction.interceptor.TransactionInterceptor.invoke(TransactionInterceptor.java:98)
	at org.springframework.aop.framework.ReflectiveMethodInvocation.proceed(ReflectiveMethodInvocation.java:186)
	at org.springframework.aop.framework.CglibAopProxy$DynamicAdvisedInterceptor.intercept(CglibAopProxy.java:688)
	at com.clarolab.populate.UseCaseDataProvider$$EnhancerBySpringCGLIB$$5d8bbefd.getBuild(<generated>)
	at com.clarolab.functional.test.rules.CurrentStateFunctionalTest.testSpec(CurrentStateFunctionalTest.java:157)
	at com.clarolab.functional.test.rules.CurrentStateFunctionalTest.testPermanentFail(CurrentStateFunctionalTest.java:102)
	at sun.reflect.NativeMethodAccessorImpl.invoke0(Native Method)
	at sun.reflect.NativeMethodAccessorImpl.invoke(NativeMethodAccessorImpl.java:62)
	at sun.reflect.DelegatingMethodAccessorImpl.invoke(DelegatingMethodAccessorImpl.java:43)
	at java.lang.reflect.Method.invoke(Method.java:498)
	at org.junit.runners.model.FrameworkMethod$1.runReflectiveCall(FrameworkMethod.java:50)
	at org.junit.internal.runners.model.ReflectiveCallable.run(ReflectiveCallable.java:12)
	at org.junit.runners.model.FrameworkMethod.invokeExplosively(FrameworkMethod.java:47)
	at org.junit.internal.runners.statements.InvokeMethod.evaluate(InvokeMethod.java:17)
	at org.springframework.test.context.junit4.statements.RunBeforeTestExecutionCallbacks.evaluate(RunBeforeTestExecutionCallbacks.java:74)
	at org.springframework.test.context.junit4.statements.RunAfterTestExecutionCallbacks.evaluate(RunAfterTestExecutionCallbacks.java:84)
	at org.junit.internal.runners.statements.RunBefores.evaluate(RunBefores.java:26)
	at org.springframework.test.context.junit4.statements.RunBeforeTestMethodCallbacks.evaluate(RunBeforeTestMethodCallbacks.java:75)
	at org.springframework.test.context.junit4.statements.RunAfterTestMethodCallbacks.evaluate(RunAfterTestMethodCallbacks.java:86)
	at org.springframework.test.context.junit4.statements.SpringRepeat.evaluate(SpringRepeat.java:84)
	at org.junit.runners.ParentRunner.runLeaf(ParentRunner.java:325)
	at org.springframework.test.context.junit4.SpringJUnit4ClassRunner.runChild(SpringJUnit4ClassRunner.java:251)
	at org.springframework.test.context.junit4.SpringJUnit4ClassRunner.runChild(SpringJUnit4ClassRunner.java:97)
	at org.junit.runners.ParentRunner$3.run(ParentRunner.java:290)
	at org.junit.runners.ParentRunner$1.schedule(ParentRunner.java:71)
	at org.junit.runners.ParentRunner.runChildren(ParentRunner.java:288)
	at org.junit.runners.ParentRunner.access$000(ParentRunner.java:58)
	at org.junit.runners.ParentRunner$2.evaluate(ParentRunner.java:268)
	at org.springframework.test.context.junit4.statements.RunBeforeTestClassCallbacks.evaluate(RunBeforeTestClassCallbacks.java:61)
	at org.springframework.test.context.junit4.statements.RunAfterTestClassCallbacks.evaluate(RunAfterTestClassCallbacks.java:70)
	at org.junit.runners.ParentRunner.run(ParentRunner.java:363)
	at org.springframework.test.context.junit4.SpringJUnit4ClassRunner.run(SpringJUnit4ClassRunner.java:190)
	at org.junit.runners.Suite.runChild(Suite.java:128)
	at org.junit.runners.Suite.runChild(Suite.java:27)
	at org.junit.runners.ParentRunner$3.run(ParentRunner.java:290)
	at org.junit.runners.ParentRunner$1.schedule(ParentRunner.java:71)
	at org.junit.runners.ParentRunner.runChildren(ParentRunner.java:288)
	at org.junit.runners.ParentRunner.access$000(ParentRunner.java:58)
	at org.junit.runners.ParentRunner$2.evaluate(ParentRunner.java:268)
	at org.junit.runners.ParentRunner.run(ParentRunner.java:363)
	at org.junit.runners.Suite.runChild(Suite.java:128)
	at org.junit.runners.Suite.runChild(Suite.java:27)
	at org.junit.runners.ParentRunner$3.run(ParentRunner.java:290)
	at org.junit.runners.ParentRunner$1.schedule(ParentRunner.java:71)
	at org.junit.runners.ParentRunner.runChildren(ParentRunner.java:288)
	at org.junit.runners.ParentRunner.access$000(ParentRunner.java:58)
	at org.junit.runners.ParentRunner$2.evaluate(ParentRunner.java:268)
	at org.junit.runners.ParentRunner.run(ParentRunner.java:363)
	at org.apache.maven.surefire.junit4.JUnit4Provider.execute(JUnit4Provider.java:365)
	at org.apache.maven.surefire.junit4.JUnit4Provider.executeWithRerun(JUnit4Provider.java:273)
	at org.apache.maven.surefire.junit4.JUnit4Provider.executeTestSet(JUnit4Provider.java:238)
	at org.apache.maven.surefire.junit4.JUnit4Provider.invoke(JUnit4Provider.java:159)
	at org.apache.maven.surefire.booter.ForkedBooter.invokeProviderInSameClassLoader(ForkedBooter.java:384)
	at org.apache.maven.surefire.booter.ForkedBooter.runSuitesInProcess(ForkedBooter.java:345)
	at org.apache.maven.surefire.booter.ForkedBooter.execute(ForkedBooter.java:126)
	at org.apache.maven.surefire.booter.ForkedBooter.main(ForkedBooter.java:418)
&amp#27;[30m2019-04-04 17:52:00,270&amp#27;[0;39m &amp#27;[1;31mERROR&amp#27;[0;39m [&amp#27;[34mmain&amp#27;[0;39m] &amp#27;[33mcom.clarolab.service.exception.ServiceException&amp#27;[0;39m: Unable to find com.clarolab.model.Report with id 1
&amp#27;[30m2019-04-04 17:52:00,271&amp#27;[0;39m &amp#27;[34mINFO &amp#27;[0;39m [&amp#27;[34mmain&amp#27;[0;39m] &amp#27;[33morg.springframework.test.context.transaction.TransactionContext&amp#27;[0;39m: Rolled back transaction for test: [DefaultTestContext@98b63c1 testClass = CurrentStateFunctionalTest, testInstance = com.clarolab.functional.test.CurrentStateFunctionalTest@56d8cf3a, testMethod = testPermanentFail@CurrentStateFunctionalTest, testException = com.clarolab.service.exception.NotFoundServiceException: Unable to find com.clarolab.model.Report with id 1, mergedContextConfiguration = [WebMergedContextConfiguration@435210b3 testClass = CurrentStateFunctionalTest, locations = '{}', classes = '{class com.clarolab.QAReportApplication, class com.clarolab.QAReportApplication}', contextInitializerClasses = '[]', activeProfiles = '{}', propertySourceLocations = '{}', propertySourceProperties = '{org.springframework.boot.test.context.SpringBootTestContextBootstrapper=true}', contextCustomizers = set[org.springframework.boot.test.context.filter.ExcludeFilterContextCustomizer@2667f029, org.springframework.boot.test.json.DuplicateJsonObjectContextCustomizerFactory$DuplicateJsonObjectContextCustomizer@a9cd3b1, org.springframework.boot.test.mock.mockito.MockitoContextCustomizer@0, org.springframework.boot.test.web.client.TestRestTemplateContextCustomizer@4facf68f, org.springframework.boot.test.autoconfigure.properties.PropertyMappingContextCustomizer@0, org.springframework.boot.test.autoconfigure.web.servlet.WebDriverContextCustomizerFactory$Customizer@7722c3c3], resourceBasePath = 'src/main/webapp', contextLoader = 'org.springframework.boot.test.context.SpringBootContextLoader', parent = [null]], attributes = map['org.springframework.test.context.web.ServletTestExecutionListener.activateListener' -> true, 'org.springframework.test.context.web.ServletTestExecutionListener.populatedRequestContextHolder' -> true, 'org.springframework.test.context.web.ServletTestExecutionListener.resetRequestContextHolder' -> true]]
]]></system-out>
  </testcase>
  <testcase name="testPass" classname="com.clarolab.functional.test.rules.CurrentStateFunctionalTest" time="0.054">
    <error message="Unable to find com.clarolab.model.Report with id 1" type="com.clarolab.service.exception.NotFoundServiceException">com.clarolab.service.exception.NotFoundServiceException:
        Unable to find com.clarolab.model.Report with id 1
        at com.clarolab.functional.test.rules.CurrentStateFunctionalTest.testSpec(CurrentStateFunctionalTest.java:157)
        at com.clarolab.functional.test.rules.CurrentStateFunctionalTest.testPass(CurrentStateFunctionalTest.java:81)
    </error>
    <system-out><![CDATA[&amp#27;[30m2019-04-04 17:52:00,272&amp#27;[0;39m &amp#27;[34mINFO &amp#27;[0;39m [&amp#27;[34mmain&amp#27;[0;39m] &amp#27;[33morg.springframework.test.context.transaction.TransactionContext&amp#27;[0;39m: Began transaction (1) for test context [DefaultTestContext@98b63c1 testClass = CurrentStateFunctionalTest, testInstance = com.clarolab.functional.test.CurrentStateFunctionalTest@316b0194, testMethod = testPass@CurrentStateFunctionalTest, testException = [null], mergedContextConfiguration = [WebMergedContextConfiguration@435210b3 testClass = CurrentStateFunctionalTest, locations = '{}', classes = '{class com.clarolab.QAReportApplication, class com.clarolab.QAReportApplication}', contextInitializerClasses = '[]', activeProfiles = '{}', propertySourceLocations = '{}', propertySourceProperties = '{org.springframework.boot.test.context.SpringBootTestContextBootstrapper=true}', contextCustomizers = set[org.springframework.boot.test.context.filter.ExcludeFilterContextCustomizer@2667f029, org.springframework.boot.test.json.DuplicateJsonObjectContextCustomizerFactory$DuplicateJsonObjectContextCustomizer@a9cd3b1, org.springframework.boot.test.mock.mockito.MockitoContextCustomizer@0, org.springframework.boot.test.web.client.TestRestTemplateContextCustomizer@4facf68f, org.springframework.boot.test.autoconfigure.properties.PropertyMappingContextCustomizer@0, org.springframework.boot.test.autoconfigure.web.servlet.WebDriverContextCustomizerFactory$Customizer@7722c3c3], resourceBasePath = 'src/main/webapp', contextLoader = 'org.springframework.boot.test.context.SpringBootContextLoader', parent = [null]], attributes = map['org.springframework.test.context.web.ServletTestExecutionListener.activateListener' -> true, 'org.springframework.test.context.web.ServletTestExecutionListener.populatedRequestContextHolder' -> true, 'org.springframework.test.context.web.ServletTestExecutionListener.resetRequestContextHolder' -> true]]; transaction manager [org.springframework.orm.jpa.JpaTransactionManager@4d10360e]; rollback [true]
&amp#27;[30m2019-04-04 17:52:00,317&amp#27;[0;39m &amp#27;[34mINFO &amp#27;[0;39m [&amp#27;[34mmain&amp#27;[0;39m] &amp#27;[33mcom.clarolab.agents.TriageAgent&amp#27;[0;39m: Processed 1 builds from OYFd
&amp#27;[30m2019-04-04 17:52:00,324&amp#27;[0;39m &amp#27;[1;31mERROR&amp#27;[0;39m [&amp#27;[34mmain&amp#27;[0;39m] &amp#27;[33mcom.clarolab.service.BaseService&amp#27;[0;39m: Error creating
javax.persistence.EntityNotFoundException: Unable to find com.clarolab.model.Report with id 1
	at org.hibernate.jpa.boot.internal.EntityManagerFactoryBuilderImpl$JpaEntityNotFoundDelegate.handleEntityNotFound(EntityManagerFactoryBuilderImpl.java:162)
	at org.hibernate.event.internal.DefaultLoadEventListener.returnNarrowedProxy(DefaultLoadEventListener.java:318)
	at org.hibernate.event.internal.DefaultLoadEventListener.proxyOrLoad(DefaultLoadEventListener.java:273)
	at org.hibernate.event.internal.DefaultLoadEventListener.doOnLoad(DefaultLoadEventListener.java:124)
	at org.hibernate.event.internal.DefaultLoadEventListener.onLoad(DefaultLoadEventListener.java:92)
	at org.hibernate.internal.SessionImpl.fireLoad(SessionImpl.java:1257)
	at org.hibernate.internal.SessionImpl.access$1900(SessionImpl.java:207)
	at org.hibernate.internal.SessionImpl$IdentifierLoadAccessImpl.doLoad(SessionImpl.java:2874)
	at org.hibernate.internal.SessionImpl$IdentifierLoadAccessImpl.load(SessionImpl.java:2848)
	at org.hibernate.internal.SessionImpl.get(SessionImpl.java:1098)
	at org.hibernate.event.internal.DefaultMergeEventListener.entityIsDetached(DefaultMergeEventListener.java:290)
	at org.hibernate.event.internal.DefaultMergeEventListener.onMerge(DefaultMergeEventListener.java:170)
	at org.hibernate.event.internal.DefaultMergeEventListener.onMerge(DefaultMergeEventListener.java:69)
	at org.hibernate.internal.SessionImpl.fireMerge(SessionImpl.java:901)
	at org.hibernate.internal.SessionImpl.merge(SessionImpl.java:887)
	at sun.reflect.GeneratedMethodAccessor262.invoke(Unknown Source)
	at sun.reflect.DelegatingMethodAccessorImpl.invoke(DelegatingMethodAccessorImpl.java:43)
	at java.lang.reflect.Method.invoke(Method.java:498)
	at org.springframework.orm.jpa.SharedEntityManagerCreator$SharedEntityManagerInvocationHandler.invoke(SharedEntityManagerCreator.java:308)
	at com.sun.proxy.$Proxy166.merge(Unknown Source)
	at org.springframework.data.jpa.repository.support.SimpleJpaRepository.save(SimpleJpaRepository.java:492)
	at sun.reflect.GeneratedMethodAccessor259.invoke(Unknown Source)
	at sun.reflect.DelegatingMethodAccessorImpl.invoke(DelegatingMethodAccessorImpl.java:43)
	at java.lang.reflect.Method.invoke(Method.java:498)
	at org.springframework.data.repository.core.support.RepositoryComposition$RepositoryFragments.invoke(RepositoryComposition.java:359)
	at org.springframework.data.repository.core.support.RepositoryComposition.invoke(RepositoryComposition.java:200)
	at org.springframework.data.repository.core.support.RepositoryFactorySupport$ImplementationMethodExecutionInterceptor.invoke(RepositoryFactorySupport.java:644)
	at org.springframework.aop.framework.ReflectiveMethodInvocation.proceed(ReflectiveMethodInvocation.java:186)
	at org.springframework.data.repository.core.support.RepositoryFactorySupport$QueryExecutorMethodInterceptor.doInvoke(RepositoryFactorySupport.java:608)
	at org.springframework.data.repository.core.support.RepositoryFactorySupport$QueryExecutorMethodInterceptor.lambda$invoke$3(RepositoryFactorySupport.java:595)
	at org.springframework.data.repository.core.support.RepositoryFactorySupport$QueryExecutorMethodInterceptor.invoke(RepositoryFactorySupport.java:595)
	at org.springframework.aop.framework.ReflectiveMethodInvocation.proceed(ReflectiveMethodInvocation.java:186)
	at org.springframework.data.projection.DefaultMethodInvokingMethodInterceptor.invoke(DefaultMethodInvokingMethodInterceptor.java:59)
	at org.springframework.aop.framework.ReflectiveMethodInvocation.proceed(ReflectiveMethodInvocation.java:186)
	at org.springframework.transaction.interceptor.TransactionAspectSupport.invokeWithinTransaction(TransactionAspectSupport.java:294)
	at org.springframework.transaction.interceptor.TransactionInterceptor.invoke(TransactionInterceptor.java:98)
	at org.springframework.aop.framework.ReflectiveMethodInvocation.proceed(ReflectiveMethodInvocation.java:186)
	at org.springframework.dao.support.PersistenceExceptionTranslationInterceptor.invoke(PersistenceExceptionTranslationInterceptor.java:139)
	at org.springframework.aop.framework.ReflectiveMethodInvocation.proceed(ReflectiveMethodInvocation.java:186)
	at org.springframework.data.jpa.repository.support.CrudMethodMetadataPostProcessor$CrudMethodMetadataPopulatingMethodInterceptor.invoke(CrudMethodMetadataPostProcessor.java:135)
	at org.springframework.aop.framework.ReflectiveMethodInvocation.proceed(ReflectiveMethodInvocation.java:186)
	at org.springframework.aop.interceptor.ExposeInvocationInterceptor.invoke(ExposeInvocationInterceptor.java:93)
	at org.springframework.aop.framework.ReflectiveMethodInvocation.proceed(ReflectiveMethodInvocation.java:186)
	at org.springframework.data.repository.core.support.SurroundingTransactionDetectorMethodInterceptor.invoke(SurroundingTransactionDetectorMethodInterceptor.java:61)
	at org.springframework.aop.framework.ReflectiveMethodInvocation.proceed(ReflectiveMethodInvocation.java:186)
	at org.springframework.aop.framework.JdkDynamicAopProxy.invoke(JdkDynamicAopProxy.java:212)
	at com.sun.proxy.$Proxy172.save(Unknown Source)
	at com.clarolab.service.BaseService.save(BaseService.java:49)
	at com.clarolab.populate.UseCaseDataProvider.getBuild(UseCaseDataProvider.java:356)
	at com.clarolab.populate.UseCaseDataProvider.getBuild(UseCaseDataProvider.java:329)
	at com.clarolab.populate.UseCaseDataProvider$$FastClassBySpringCGLIB$$449cf6f7.invoke(<generated>)
	at org.springframework.cglib.proxy.MethodProxy.invoke(MethodProxy.java:218)
	at org.springframework.aop.framework.CglibAopProxy$CglibMethodInvocation.invokeJoinpoint(CglibAopProxy.java:749)
	at org.springframework.aop.framework.ReflectiveMethodInvocation.proceed(ReflectiveMethodInvocation.java:163)
	at org.springframework.transaction.interceptor.TransactionAspectSupport.invokeWithinTransaction(TransactionAspectSupport.java:294)
	at org.springframework.transaction.interceptor.TransactionInterceptor.invoke(TransactionInterceptor.java:98)
	at org.springframework.aop.framework.ReflectiveMethodInvocation.proceed(ReflectiveMethodInvocation.java:186)
	at org.springframework.aop.framework.CglibAopProxy$DynamicAdvisedInterceptor.intercept(CglibAopProxy.java:688)
	at com.clarolab.populate.UseCaseDataProvider$$EnhancerBySpringCGLIB$$5d8bbefd.getBuild(<generated>)
	at com.clarolab.functional.test.rules.CurrentStateFunctionalTest.testSpec(CurrentStateFunctionalTest.java:157)
	at com.clarolab.functional.test.rules.CurrentStateFunctionalTest.testPass(CurrentStateFunctionalTest.java:81)
	at sun.reflect.NativeMethodAccessorImpl.invoke0(Native Method)
	at sun.reflect.NativeMethodAccessorImpl.invoke(NativeMethodAccessorImpl.java:62)
	at sun.reflect.DelegatingMethodAccessorImpl.invoke(DelegatingMethodAccessorImpl.java:43)
	at java.lang.reflect.Method.invoke(Method.java:498)
	at org.junit.runners.model.FrameworkMethod$1.runReflectiveCall(FrameworkMethod.java:50)
	at org.junit.internal.runners.model.ReflectiveCallable.run(ReflectiveCallable.java:12)
	at org.junit.runners.model.FrameworkMethod.invokeExplosively(FrameworkMethod.java:47)
	at org.junit.internal.runners.statements.InvokeMethod.evaluate(InvokeMethod.java:17)
	at org.springframework.test.context.junit4.statements.RunBeforeTestExecutionCallbacks.evaluate(RunBeforeTestExecutionCallbacks.java:74)
	at org.springframework.test.context.junit4.statements.RunAfterTestExecutionCallbacks.evaluate(RunAfterTestExecutionCallbacks.java:84)
	at org.junit.internal.runners.statements.RunBefores.evaluate(RunBefores.java:26)
	at org.springframework.test.context.junit4.statements.RunBeforeTestMethodCallbacks.evaluate(RunBeforeTestMethodCallbacks.java:75)
	at org.springframework.test.context.junit4.statements.RunAfterTestMethodCallbacks.evaluate(RunAfterTestMethodCallbacks.java:86)
	at org.springframework.test.context.junit4.statements.SpringRepeat.evaluate(SpringRepeat.java:84)
	at org.junit.runners.ParentRunner.runLeaf(ParentRunner.java:325)
	at org.springframework.test.context.junit4.SpringJUnit4ClassRunner.runChild(SpringJUnit4ClassRunner.java:251)
	at org.springframework.test.context.junit4.SpringJUnit4ClassRunner.runChild(SpringJUnit4ClassRunner.java:97)
	at org.junit.runners.ParentRunner$3.run(ParentRunner.java:290)
	at org.junit.runners.ParentRunner$1.schedule(ParentRunner.java:71)
	at org.junit.runners.ParentRunner.runChildren(ParentRunner.java:288)
	at org.junit.runners.ParentRunner.access$000(ParentRunner.java:58)
	at org.junit.runners.ParentRunner$2.evaluate(ParentRunner.java:268)
	at org.springframework.test.context.junit4.statements.RunBeforeTestClassCallbacks.evaluate(RunBeforeTestClassCallbacks.java:61)
	at org.springframework.test.context.junit4.statements.RunAfterTestClassCallbacks.evaluate(RunAfterTestClassCallbacks.java:70)
	at org.junit.runners.ParentRunner.run(ParentRunner.java:363)
	at org.springframework.test.context.junit4.SpringJUnit4ClassRunner.run(SpringJUnit4ClassRunner.java:190)
	at org.junit.runners.Suite.runChild(Suite.java:128)
	at org.junit.runners.Suite.runChild(Suite.java:27)
	at org.junit.runners.ParentRunner$3.run(ParentRunner.java:290)
	at org.junit.runners.ParentRunner$1.schedule(ParentRunner.java:71)
	at org.junit.runners.ParentRunner.runChildren(ParentRunner.java:288)
	at org.junit.runners.ParentRunner.access$000(ParentRunner.java:58)
	at org.junit.runners.ParentRunner$2.evaluate(ParentRunner.java:268)
	at org.junit.runners.ParentRunner.run(ParentRunner.java:363)
	at org.junit.runners.Suite.runChild(Suite.java:128)
	at org.junit.runners.Suite.runChild(Suite.java:27)
	at org.junit.runners.ParentRunner$3.run(ParentRunner.java:290)
	at org.junit.runners.ParentRunner$1.schedule(ParentRunner.java:71)
	at org.junit.runners.ParentRunner.runChildren(ParentRunner.java:288)
	at org.junit.runners.ParentRunner.access$000(ParentRunner.java:58)
	at org.junit.runners.ParentRunner$2.evaluate(ParentRunner.java:268)
	at org.junit.runners.ParentRunner.run(ParentRunner.java:363)
	at org.apache.maven.surefire.junit4.JUnit4Provider.execute(JUnit4Provider.java:365)
	at org.apache.maven.surefire.junit4.JUnit4Provider.executeWithRerun(JUnit4Provider.java:273)
	at org.apache.maven.surefire.junit4.JUnit4Provider.executeTestSet(JUnit4Provider.java:238)
	at org.apache.maven.surefire.junit4.JUnit4Provider.invoke(JUnit4Provider.java:159)
	at org.apache.maven.surefire.booter.ForkedBooter.invokeProviderInSameClassLoader(ForkedBooter.java:384)
	at org.apache.maven.surefire.booter.ForkedBooter.runSuitesInProcess(ForkedBooter.java:345)
	at org.apache.maven.surefire.booter.ForkedBooter.execute(ForkedBooter.java:126)
	at org.apache.maven.surefire.booter.ForkedBooter.main(ForkedBooter.java:418)
&amp#27;[30m2019-04-04 17:52:00,324&amp#27;[0;39m &amp#27;[1;31mERROR&amp#27;[0;39m [&amp#27;[34mmain&amp#27;[0;39m] &amp#27;[33mcom.clarolab.service.exception.ServiceException&amp#27;[0;39m: Unable to find com.clarolab.model.Report with id 1
&amp#27;[30m2019-04-04 17:52:00,325&amp#27;[0;39m &amp#27;[34mINFO &amp#27;[0;39m [&amp#27;[34mmain&amp#27;[0;39m] &amp#27;[33morg.springframework.test.context.transaction.TransactionContext&amp#27;[0;39m: Rolled back transaction for test: [DefaultTestContext@98b63c1 testClass = CurrentStateFunctionalTest, testInstance = com.clarolab.functional.test.CurrentStateFunctionalTest@316b0194, testMethod = testPass@CurrentStateFunctionalTest, testException = com.clarolab.service.exception.NotFoundServiceException: Unable to find com.clarolab.model.Report with id 1, mergedContextConfiguration = [WebMergedContextConfiguration@435210b3 testClass = CurrentStateFunctionalTest, locations = '{}', classes = '{class com.clarolab.QAReportApplication, class com.clarolab.QAReportApplication}', contextInitializerClasses = '[]', activeProfiles = '{}', propertySourceLocations = '{}', propertySourceProperties = '{org.springframework.boot.test.context.SpringBootTestContextBootstrapper=true}', contextCustomizers = set[org.springframework.boot.test.context.filter.ExcludeFilterContextCustomizer@2667f029, org.springframework.boot.test.json.DuplicateJsonObjectContextCustomizerFactory$DuplicateJsonObjectContextCustomizer@a9cd3b1, org.springframework.boot.test.mock.mockito.MockitoContextCustomizer@0, org.springframework.boot.test.web.client.TestRestTemplateContextCustomizer@4facf68f, org.springframework.boot.test.autoconfigure.properties.PropertyMappingContextCustomizer@0, org.springframework.boot.test.autoconfigure.web.servlet.WebDriverContextCustomizerFactory$Customizer@7722c3c3], resourceBasePath = 'src/main/webapp', contextLoader = 'org.springframework.boot.test.context.SpringBootContextLoader', parent = [null]], attributes = map['org.springframework.test.context.web.ServletTestExecutionListener.activateListener' -> true, 'org.springframework.test.context.web.ServletTestExecutionListener.populatedRequestContextHolder' -> true, 'org.springframework.test.context.web.ServletTestExecutionListener.resetRequestContextHolder' -> true]]
]]></system-out>
  </testcase>
  <testcase name="testPermanentNewPass" classname="com.clarolab.functional.test.rules.CurrentStateFunctionalTest" time="0.045">
    <error message="Unable to find com.clarolab.model.Report with id 1" type="com.clarolab.service.exception.NotFoundServiceException">com.clarolab.service.exception.NotFoundServiceException:
        Unable to find com.clarolab.model.Report with id 1
        at com.clarolab.functional.test.rules.CurrentStateFunctionalTest.testSpec(CurrentStateFunctionalTest.java:157)
        at
        com.clarolab.functional.test.rules.CurrentStateFunctionalTest.testPermanentNewPass(CurrentStateFunctionalTest.java:91)
    </error>
    <system-out><![CDATA[&amp#27;[30m2019-04-04 17:52:00,327&amp#27;[0;39m &amp#27;[34mINFO &amp#27;[0;39m [&amp#27;[34mmain&amp#27;[0;39m] &amp#27;[33morg.springframework.test.context.transaction.TransactionContext&amp#27;[0;39m: Began transaction (1) for test context [DefaultTestContext@98b63c1 testClass = CurrentStateFunctionalTest, testInstance = com.clarolab.functional.test.CurrentStateFunctionalTest@7c7e4f05, testMethod = testPermanentNewPass@CurrentStateFunctionalTest, testException = [null], mergedContextConfiguration = [WebMergedContextConfiguration@435210b3 testClass = CurrentStateFunctionalTest, locations = '{}', classes = '{class com.clarolab.QAReportApplication, class com.clarolab.QAReportApplication}', contextInitializerClasses = '[]', activeProfiles = '{}', propertySourceLocations = '{}', propertySourceProperties = '{org.springframework.boot.test.context.SpringBootTestContextBootstrapper=true}', contextCustomizers = set[org.springframework.boot.test.context.filter.ExcludeFilterContextCustomizer@2667f029, org.springframework.boot.test.json.DuplicateJsonObjectContextCustomizerFactory$DuplicateJsonObjectContextCustomizer@a9cd3b1, org.springframework.boot.test.mock.mockito.MockitoContextCustomizer@0, org.springframework.boot.test.web.client.TestRestTemplateContextCustomizer@4facf68f, org.springframework.boot.test.autoconfigure.properties.PropertyMappingContextCustomizer@0, org.springframework.boot.test.autoconfigure.web.servlet.WebDriverContextCustomizerFactory$Customizer@7722c3c3], resourceBasePath = 'src/main/webapp', contextLoader = 'org.springframework.boot.test.context.SpringBootContextLoader', parent = [null]], attributes = map['org.springframework.test.context.web.ServletTestExecutionListener.activateListener' -> true, 'org.springframework.test.context.web.ServletTestExecutionListener.populatedRequestContextHolder' -> true, 'org.springframework.test.context.web.ServletTestExecutionListener.resetRequestContextHolder' -> true]]; transaction manager [org.springframework.orm.jpa.JpaTransactionManager@4d10360e]; rollback [true]
&amp#27;[30m2019-04-04 17:52:00,364&amp#27;[0;39m &amp#27;[34mINFO &amp#27;[0;39m [&amp#27;[34mmain&amp#27;[0;39m] &amp#27;[33mcom.clarolab.agents.TriageAgent&amp#27;[0;39m: Processed 1 builds from HnPd
&amp#27;[30m2019-04-04 17:52:00,370&amp#27;[0;39m &amp#27;[1;31mERROR&amp#27;[0;39m [&amp#27;[34mmain&amp#27;[0;39m] &amp#27;[33mcom.clarolab.service.BaseService&amp#27;[0;39m: Error creating
javax.persistence.EntityNotFoundException: Unable to find com.clarolab.model.Report with id 1
	at org.hibernate.jpa.boot.internal.EntityManagerFactoryBuilderImpl$JpaEntityNotFoundDelegate.handleEntityNotFound(EntityManagerFactoryBuilderImpl.java:162)
	at org.hibernate.event.internal.DefaultLoadEventListener.returnNarrowedProxy(DefaultLoadEventListener.java:318)
	at org.hibernate.event.internal.DefaultLoadEventListener.proxyOrLoad(DefaultLoadEventListener.java:273)
	at org.hibernate.event.internal.DefaultLoadEventListener.doOnLoad(DefaultLoadEventListener.java:124)
	at org.hibernate.event.internal.DefaultLoadEventListener.onLoad(DefaultLoadEventListener.java:92)
	at org.hibernate.internal.SessionImpl.fireLoad(SessionImpl.java:1257)
	at org.hibernate.internal.SessionImpl.access$1900(SessionImpl.java:207)
	at org.hibernate.internal.SessionImpl$IdentifierLoadAccessImpl.doLoad(SessionImpl.java:2874)
	at org.hibernate.internal.SessionImpl$IdentifierLoadAccessImpl.load(SessionImpl.java:2848)
	at org.hibernate.internal.SessionImpl.get(SessionImpl.java:1098)
	at org.hibernate.event.internal.DefaultMergeEventListener.entityIsDetached(DefaultMergeEventListener.java:290)
	at org.hibernate.event.internal.DefaultMergeEventListener.onMerge(DefaultMergeEventListener.java:170)
	at org.hibernate.event.internal.DefaultMergeEventListener.onMerge(DefaultMergeEventListener.java:69)
	at org.hibernate.internal.SessionImpl.fireMerge(SessionImpl.java:901)
	at org.hibernate.internal.SessionImpl.merge(SessionImpl.java:887)
	at sun.reflect.GeneratedMethodAccessor262.invoke(Unknown Source)
	at sun.reflect.DelegatingMethodAccessorImpl.invoke(DelegatingMethodAccessorImpl.java:43)
	at java.lang.reflect.Method.invoke(Method.java:498)
	at org.springframework.orm.jpa.SharedEntityManagerCreator$SharedEntityManagerInvocationHandler.invoke(SharedEntityManagerCreator.java:308)
	at com.sun.proxy.$Proxy166.merge(Unknown Source)
	at org.springframework.data.jpa.repository.support.SimpleJpaRepository.save(SimpleJpaRepository.java:492)
	at sun.reflect.GeneratedMethodAccessor259.invoke(Unknown Source)
	at sun.reflect.DelegatingMethodAccessorImpl.invoke(DelegatingMethodAccessorImpl.java:43)
	at java.lang.reflect.Method.invoke(Method.java:498)
	at org.springframework.data.repository.core.support.RepositoryComposition$RepositoryFragments.invoke(RepositoryComposition.java:359)
	at org.springframework.data.repository.core.support.RepositoryComposition.invoke(RepositoryComposition.java:200)
	at org.springframework.data.repository.core.support.RepositoryFactorySupport$ImplementationMethodExecutionInterceptor.invoke(RepositoryFactorySupport.java:644)
	at org.springframework.aop.framework.ReflectiveMethodInvocation.proceed(ReflectiveMethodInvocation.java:186)
	at org.springframework.data.repository.core.support.RepositoryFactorySupport$QueryExecutorMethodInterceptor.doInvoke(RepositoryFactorySupport.java:608)
	at org.springframework.data.repository.core.support.RepositoryFactorySupport$QueryExecutorMethodInterceptor.lambda$invoke$3(RepositoryFactorySupport.java:595)
	at org.springframework.data.repository.core.support.RepositoryFactorySupport$QueryExecutorMethodInterceptor.invoke(RepositoryFactorySupport.java:595)
	at org.springframework.aop.framework.ReflectiveMethodInvocation.proceed(ReflectiveMethodInvocation.java:186)
	at org.springframework.data.projection.DefaultMethodInvokingMethodInterceptor.invoke(DefaultMethodInvokingMethodInterceptor.java:59)
	at org.springframework.aop.framework.ReflectiveMethodInvocation.proceed(ReflectiveMethodInvocation.java:186)
	at org.springframework.transaction.interceptor.TransactionAspectSupport.invokeWithinTransaction(TransactionAspectSupport.java:294)
	at org.springframework.transaction.interceptor.TransactionInterceptor.invoke(TransactionInterceptor.java:98)
	at org.springframework.aop.framework.ReflectiveMethodInvocation.proceed(ReflectiveMethodInvocation.java:186)
	at org.springframework.dao.support.PersistenceExceptionTranslationInterceptor.invoke(PersistenceExceptionTranslationInterceptor.java:139)
	at org.springframework.aop.framework.ReflectiveMethodInvocation.proceed(ReflectiveMethodInvocation.java:186)
	at org.springframework.data.jpa.repository.support.CrudMethodMetadataPostProcessor$CrudMethodMetadataPopulatingMethodInterceptor.invoke(CrudMethodMetadataPostProcessor.java:135)
	at org.springframework.aop.framework.ReflectiveMethodInvocation.proceed(ReflectiveMethodInvocation.java:186)
	at org.springframework.aop.interceptor.ExposeInvocationInterceptor.invoke(ExposeInvocationInterceptor.java:93)
	at org.springframework.aop.framework.ReflectiveMethodInvocation.proceed(ReflectiveMethodInvocation.java:186)
	at org.springframework.data.repository.core.support.SurroundingTransactionDetectorMethodInterceptor.invoke(SurroundingTransactionDetectorMethodInterceptor.java:61)
	at org.springframework.aop.framework.ReflectiveMethodInvocation.proceed(ReflectiveMethodInvocation.java:186)
	at org.springframework.aop.framework.JdkDynamicAopProxy.invoke(JdkDynamicAopProxy.java:212)
	at com.sun.proxy.$Proxy172.save(Unknown Source)
	at com.clarolab.service.BaseService.save(BaseService.java:49)
	at com.clarolab.populate.UseCaseDataProvider.getBuild(UseCaseDataProvider.java:356)
	at com.clarolab.populate.UseCaseDataProvider.getBuild(UseCaseDataProvider.java:329)
	at com.clarolab.populate.UseCaseDataProvider$$FastClassBySpringCGLIB$$449cf6f7.invoke(<generated>)
	at org.springframework.cglib.proxy.MethodProxy.invoke(MethodProxy.java:218)
	at org.springframework.aop.framework.CglibAopProxy$CglibMethodInvocation.invokeJoinpoint(CglibAopProxy.java:749)
	at org.springframework.aop.framework.ReflectiveMethodInvocation.proceed(ReflectiveMethodInvocation.java:163)
	at org.springframework.transaction.interceptor.TransactionAspectSupport.invokeWithinTransaction(TransactionAspectSupport.java:294)
	at org.springframework.transaction.interceptor.TransactionInterceptor.invoke(TransactionInterceptor.java:98)
	at org.springframework.aop.framework.ReflectiveMethodInvocation.proceed(ReflectiveMethodInvocation.java:186)
	at org.springframework.aop.framework.CglibAopProxy$DynamicAdvisedInterceptor.intercept(CglibAopProxy.java:688)
	at com.clarolab.populate.UseCaseDataProvider$$EnhancerBySpringCGLIB$$5d8bbefd.getBuild(<generated>)
	at com.clarolab.functional.test.rules.CurrentStateFunctionalTest.testSpec(CurrentStateFunctionalTest.java:157)
	at com.clarolab.functional.test.rules.CurrentStateFunctionalTest.testPermanentNewPass(CurrentStateFunctionalTest.java:91)
	at sun.reflect.NativeMethodAccessorImpl.invoke0(Native Method)
	at sun.reflect.NativeMethodAccessorImpl.invoke(NativeMethodAccessorImpl.java:62)
	at sun.reflect.DelegatingMethodAccessorImpl.invoke(DelegatingMethodAccessorImpl.java:43)
	at java.lang.reflect.Method.invoke(Method.java:498)
	at org.junit.runners.model.FrameworkMethod$1.runReflectiveCall(FrameworkMethod.java:50)
	at org.junit.internal.runners.model.ReflectiveCallable.run(ReflectiveCallable.java:12)
	at org.junit.runners.model.FrameworkMethod.invokeExplosively(FrameworkMethod.java:47)
	at org.junit.internal.runners.statements.InvokeMethod.evaluate(InvokeMethod.java:17)
	at org.springframework.test.context.junit4.statements.RunBeforeTestExecutionCallbacks.evaluate(RunBeforeTestExecutionCallbacks.java:74)
	at org.springframework.test.context.junit4.statements.RunAfterTestExecutionCallbacks.evaluate(RunAfterTestExecutionCallbacks.java:84)
	at org.junit.internal.runners.statements.RunBefores.evaluate(RunBefores.java:26)
	at org.springframework.test.context.junit4.statements.RunBeforeTestMethodCallbacks.evaluate(RunBeforeTestMethodCallbacks.java:75)
	at org.springframework.test.context.junit4.statements.RunAfterTestMethodCallbacks.evaluate(RunAfterTestMethodCallbacks.java:86)
	at org.springframework.test.context.junit4.statements.SpringRepeat.evaluate(SpringRepeat.java:84)
	at org.junit.runners.ParentRunner.runLeaf(ParentRunner.java:325)
	at org.springframework.test.context.junit4.SpringJUnit4ClassRunner.runChild(SpringJUnit4ClassRunner.java:251)
	at org.springframework.test.context.junit4.SpringJUnit4ClassRunner.runChild(SpringJUnit4ClassRunner.java:97)
	at org.junit.runners.ParentRunner$3.run(ParentRunner.java:290)
	at org.junit.runners.ParentRunner$1.schedule(ParentRunner.java:71)
	at org.junit.runners.ParentRunner.runChildren(ParentRunner.java:288)
	at org.junit.runners.ParentRunner.access$000(ParentRunner.java:58)
	at org.junit.runners.ParentRunner$2.evaluate(ParentRunner.java:268)
	at org.springframework.test.context.junit4.statements.RunBeforeTestClassCallbacks.evaluate(RunBeforeTestClassCallbacks.java:61)
	at org.springframework.test.context.junit4.statements.RunAfterTestClassCallbacks.evaluate(RunAfterTestClassCallbacks.java:70)
	at org.junit.runners.ParentRunner.run(ParentRunner.java:363)
	at org.springframework.test.context.junit4.SpringJUnit4ClassRunner.run(SpringJUnit4ClassRunner.java:190)
	at org.junit.runners.Suite.runChild(Suite.java:128)
	at org.junit.runners.Suite.runChild(Suite.java:27)
	at org.junit.runners.ParentRunner$3.run(ParentRunner.java:290)
	at org.junit.runners.ParentRunner$1.schedule(ParentRunner.java:71)
	at org.junit.runners.ParentRunner.runChildren(ParentRunner.java:288)
	at org.junit.runners.ParentRunner.access$000(ParentRunner.java:58)
	at org.junit.runners.ParentRunner$2.evaluate(ParentRunner.java:268)
	at org.junit.runners.ParentRunner.run(ParentRunner.java:363)
	at org.junit.runners.Suite.runChild(Suite.java:128)
	at org.junit.runners.Suite.runChild(Suite.java:27)
	at org.junit.runners.ParentRunner$3.run(ParentRunner.java:290)
	at org.junit.runners.ParentRunner$1.schedule(ParentRunner.java:71)
	at org.junit.runners.ParentRunner.runChildren(ParentRunner.java:288)
	at org.junit.runners.ParentRunner.access$000(ParentRunner.java:58)
	at org.junit.runners.ParentRunner$2.evaluate(ParentRunner.java:268)
	at org.junit.runners.ParentRunner.run(ParentRunner.java:363)
	at org.apache.maven.surefire.junit4.JUnit4Provider.execute(JUnit4Provider.java:365)
	at org.apache.maven.surefire.junit4.JUnit4Provider.executeWithRerun(JUnit4Provider.java:273)
	at org.apache.maven.surefire.junit4.JUnit4Provider.executeTestSet(JUnit4Provider.java:238)
	at org.apache.maven.surefire.junit4.JUnit4Provider.invoke(JUnit4Provider.java:159)
	at org.apache.maven.surefire.booter.ForkedBooter.invokeProviderInSameClassLoader(ForkedBooter.java:384)
	at org.apache.maven.surefire.booter.ForkedBooter.runSuitesInProcess(ForkedBooter.java:345)
	at org.apache.maven.surefire.booter.ForkedBooter.execute(ForkedBooter.java:126)
	at org.apache.maven.surefire.booter.ForkedBooter.main(ForkedBooter.java:418)
&amp#27;[30m2019-04-04 17:52:00,371&amp#27;[0;39m &amp#27;[1;31mERROR&amp#27;[0;39m [&amp#27;[34mmain&amp#27;[0;39m] &amp#27;[33mcom.clarolab.service.exception.ServiceException&amp#27;[0;39m: Unable to find com.clarolab.model.Report with id 1
&amp#27;[30m2019-04-04 17:52:00,372&amp#27;[0;39m &amp#27;[34mINFO &amp#27;[0;39m [&amp#27;[34mmain&amp#27;[0;39m] &amp#27;[33morg.springframework.test.context.transaction.TransactionContext&amp#27;[0;39m: Rolled back transaction for test: [DefaultTestContext@98b63c1 testClass = CurrentStateFunctionalTest, testInstance = com.clarolab.functional.test.CurrentStateFunctionalTest@7c7e4f05, testMethod = testPermanentNewPass@CurrentStateFunctionalTest, testException = com.clarolab.service.exception.NotFoundServiceException: Unable to find com.clarolab.model.Report with id 1, mergedContextConfiguration = [WebMergedContextConfiguration@435210b3 testClass = CurrentStateFunctionalTest, locations = '{}', classes = '{class com.clarolab.QAReportApplication, class com.clarolab.QAReportApplication}', contextInitializerClasses = '[]', activeProfiles = '{}', propertySourceLocations = '{}', propertySourceProperties = '{org.springframework.boot.test.context.SpringBootTestContextBootstrapper=true}', contextCustomizers = set[org.springframework.boot.test.context.filter.ExcludeFilterContextCustomizer@2667f029, org.springframework.boot.test.json.DuplicateJsonObjectContextCustomizerFactory$DuplicateJsonObjectContextCustomizer@a9cd3b1, org.springframework.boot.test.mock.mockito.MockitoContextCustomizer@0, org.springframework.boot.test.web.client.TestRestTemplateContextCustomizer@4facf68f, org.springframework.boot.test.autoconfigure.properties.PropertyMappingContextCustomizer@0, org.springframework.boot.test.autoconfigure.web.servlet.WebDriverContextCustomizerFactory$Customizer@7722c3c3], resourceBasePath = 'src/main/webapp', contextLoader = 'org.springframework.boot.test.context.SpringBootContextLoader', parent = [null]], attributes = map['org.springframework.test.context.web.ServletTestExecutionListener.activateListener' -> true, 'org.springframework.test.context.web.ServletTestExecutionListener.populatedRequestContextHolder' -> true, 'org.springframework.test.context.web.ServletTestExecutionListener.resetRequestContextHolder' -> true]]
]]></system-out>
  </testcase>
  <testcase name="testSkipPermanent" classname="com.clarolab.functional.test.rules.CurrentStateFunctionalTest" time="0.038">
    <error message="Unable to find com.clarolab.model.Report with id 1" type="com.clarolab.service.exception.NotFoundServiceException">com.clarolab.service.exception.NotFoundServiceException:
        Unable to find com.clarolab.model.Report with id 1
        at com.clarolab.functional.test.rules.CurrentStateFunctionalTest.testSpec(CurrentStateFunctionalTest.java:157)
        at
        com.clarolab.functional.test.rules.CurrentStateFunctionalTest.testSkipPermanent(CurrentStateFunctionalTest.java:122)
    </error>
    <system-out><![CDATA[&amp#27;[30m2019-04-04 17:52:00,373&amp#27;[0;39m &amp#27;[34mINFO &amp#27;[0;39m [&amp#27;[34mmain&amp#27;[0;39m] &amp#27;[33morg.springframework.test.context.transaction.TransactionContext&amp#27;[0;39m: Began transaction (1) for test context [DefaultTestContext@98b63c1 testClass = CurrentStateFunctionalTest, testInstance = com.clarolab.functional.test.CurrentStateFunctionalTest@50adedaa, testMethod = testSkipPermanent@CurrentStateFunctionalTest, testException = [null], mergedContextConfiguration = [WebMergedContextConfiguration@435210b3 testClass = CurrentStateFunctionalTest, locations = '{}', classes = '{class com.clarolab.QAReportApplication, class com.clarolab.QAReportApplication}', contextInitializerClasses = '[]', activeProfiles = '{}', propertySourceLocations = '{}', propertySourceProperties = '{org.springframework.boot.test.context.SpringBootTestContextBootstrapper=true}', contextCustomizers = set[org.springframework.boot.test.context.filter.ExcludeFilterContextCustomizer@2667f029, org.springframework.boot.test.json.DuplicateJsonObjectContextCustomizerFactory$DuplicateJsonObjectContextCustomizer@a9cd3b1, org.springframework.boot.test.mock.mockito.MockitoContextCustomizer@0, org.springframework.boot.test.web.client.TestRestTemplateContextCustomizer@4facf68f, org.springframework.boot.test.autoconfigure.properties.PropertyMappingContextCustomizer@0, org.springframework.boot.test.autoconfigure.web.servlet.WebDriverContextCustomizerFactory$Customizer@7722c3c3], resourceBasePath = 'src/main/webapp', contextLoader = 'org.springframework.boot.test.context.SpringBootContextLoader', parent = [null]], attributes = map['org.springframework.test.context.web.ServletTestExecutionListener.activateListener' -> true, 'org.springframework.test.context.web.ServletTestExecutionListener.populatedRequestContextHolder' -> true, 'org.springframework.test.context.web.ServletTestExecutionListener.resetRequestContextHolder' -> true]]; transaction manager [org.springframework.orm.jpa.JpaTransactionManager@4d10360e]; rollback [true]
&amp#27;[30m2019-04-04 17:52:00,403&amp#27;[0;39m &amp#27;[34mINFO &amp#27;[0;39m [&amp#27;[34mmain&amp#27;[0;39m] &amp#27;[33mcom.clarolab.agents.TriageAgent&amp#27;[0;39m: Processed 1 builds from VhYm
&amp#27;[30m2019-04-04 17:52:00,409&amp#27;[0;39m &amp#27;[1;31mERROR&amp#27;[0;39m [&amp#27;[34mmain&amp#27;[0;39m] &amp#27;[33mcom.clarolab.service.BaseService&amp#27;[0;39m: Error creating
javax.persistence.EntityNotFoundException: Unable to find com.clarolab.model.Report with id 1
	at org.hibernate.jpa.boot.internal.EntityManagerFactoryBuilderImpl$JpaEntityNotFoundDelegate.handleEntityNotFound(EntityManagerFactoryBuilderImpl.java:162)
	at org.hibernate.event.internal.DefaultLoadEventListener.returnNarrowedProxy(DefaultLoadEventListener.java:318)
	at org.hibernate.event.internal.DefaultLoadEventListener.proxyOrLoad(DefaultLoadEventListener.java:273)
	at org.hibernate.event.internal.DefaultLoadEventListener.doOnLoad(DefaultLoadEventListener.java:124)
	at org.hibernate.event.internal.DefaultLoadEventListener.onLoad(DefaultLoadEventListener.java:92)
	at org.hibernate.internal.SessionImpl.fireLoad(SessionImpl.java:1257)
	at org.hibernate.internal.SessionImpl.access$1900(SessionImpl.java:207)
	at org.hibernate.internal.SessionImpl$IdentifierLoadAccessImpl.doLoad(SessionImpl.java:2874)
	at org.hibernate.internal.SessionImpl$IdentifierLoadAccessImpl.load(SessionImpl.java:2848)
	at org.hibernate.internal.SessionImpl.get(SessionImpl.java:1098)
	at org.hibernate.event.internal.DefaultMergeEventListener.entityIsDetached(DefaultMergeEventListener.java:290)
	at org.hibernate.event.internal.DefaultMergeEventListener.onMerge(DefaultMergeEventListener.java:170)
	at org.hibernate.event.internal.DefaultMergeEventListener.onMerge(DefaultMergeEventListener.java:69)
	at org.hibernate.internal.SessionImpl.fireMerge(SessionImpl.java:901)
	at org.hibernate.internal.SessionImpl.merge(SessionImpl.java:887)
	at sun.reflect.GeneratedMethodAccessor262.invoke(Unknown Source)
	at sun.reflect.DelegatingMethodAccessorImpl.invoke(DelegatingMethodAccessorImpl.java:43)
	at java.lang.reflect.Method.invoke(Method.java:498)
	at org.springframework.orm.jpa.SharedEntityManagerCreator$SharedEntityManagerInvocationHandler.invoke(SharedEntityManagerCreator.java:308)
	at com.sun.proxy.$Proxy166.merge(Unknown Source)
	at org.springframework.data.jpa.repository.support.SimpleJpaRepository.save(SimpleJpaRepository.java:492)
	at sun.reflect.GeneratedMethodAccessor259.invoke(Unknown Source)
	at sun.reflect.DelegatingMethodAccessorImpl.invoke(DelegatingMethodAccessorImpl.java:43)
	at java.lang.reflect.Method.invoke(Method.java:498)
	at org.springframework.data.repository.core.support.RepositoryComposition$RepositoryFragments.invoke(RepositoryComposition.java:359)
	at org.springframework.data.repository.core.support.RepositoryComposition.invoke(RepositoryComposition.java:200)
	at org.springframework.data.repository.core.support.RepositoryFactorySupport$ImplementationMethodExecutionInterceptor.invoke(RepositoryFactorySupport.java:644)
	at org.springframework.aop.framework.ReflectiveMethodInvocation.proceed(ReflectiveMethodInvocation.java:186)
	at org.springframework.data.repository.core.support.RepositoryFactorySupport$QueryExecutorMethodInterceptor.doInvoke(RepositoryFactorySupport.java:608)
	at org.springframework.data.repository.core.support.RepositoryFactorySupport$QueryExecutorMethodInterceptor.lambda$invoke$3(RepositoryFactorySupport.java:595)
	at org.springframework.data.repository.core.support.RepositoryFactorySupport$QueryExecutorMethodInterceptor.invoke(RepositoryFactorySupport.java:595)
	at org.springframework.aop.framework.ReflectiveMethodInvocation.proceed(ReflectiveMethodInvocation.java:186)
	at org.springframework.data.projection.DefaultMethodInvokingMethodInterceptor.invoke(DefaultMethodInvokingMethodInterceptor.java:59)
	at org.springframework.aop.framework.ReflectiveMethodInvocation.proceed(ReflectiveMethodInvocation.java:186)
	at org.springframework.transaction.interceptor.TransactionAspectSupport.invokeWithinTransaction(TransactionAspectSupport.java:294)
	at org.springframework.transaction.interceptor.TransactionInterceptor.invoke(TransactionInterceptor.java:98)
	at org.springframework.aop.framework.ReflectiveMethodInvocation.proceed(ReflectiveMethodInvocation.java:186)
	at org.springframework.dao.support.PersistenceExceptionTranslationInterceptor.invoke(PersistenceExceptionTranslationInterceptor.java:139)
	at org.springframework.aop.framework.ReflectiveMethodInvocation.proceed(ReflectiveMethodInvocation.java:186)
	at org.springframework.data.jpa.repository.support.CrudMethodMetadataPostProcessor$CrudMethodMetadataPopulatingMethodInterceptor.invoke(CrudMethodMetadataPostProcessor.java:135)
	at org.springframework.aop.framework.ReflectiveMethodInvocation.proceed(ReflectiveMethodInvocation.java:186)
	at org.springframework.aop.interceptor.ExposeInvocationInterceptor.invoke(ExposeInvocationInterceptor.java:93)
	at org.springframework.aop.framework.ReflectiveMethodInvocation.proceed(ReflectiveMethodInvocation.java:186)
	at org.springframework.data.repository.core.support.SurroundingTransactionDetectorMethodInterceptor.invoke(SurroundingTransactionDetectorMethodInterceptor.java:61)
	at org.springframework.aop.framework.ReflectiveMethodInvocation.proceed(ReflectiveMethodInvocation.java:186)
	at org.springframework.aop.framework.JdkDynamicAopProxy.invoke(JdkDynamicAopProxy.java:212)
	at com.sun.proxy.$Proxy172.save(Unknown Source)
	at com.clarolab.service.BaseService.save(BaseService.java:49)
	at com.clarolab.populate.UseCaseDataProvider.getBuild(UseCaseDataProvider.java:356)
	at com.clarolab.populate.UseCaseDataProvider.getBuild(UseCaseDataProvider.java:329)
	at com.clarolab.populate.UseCaseDataProvider$$FastClassBySpringCGLIB$$449cf6f7.invoke(<generated>)
	at org.springframework.cglib.proxy.MethodProxy.invoke(MethodProxy.java:218)
	at org.springframework.aop.framework.CglibAopProxy$CglibMethodInvocation.invokeJoinpoint(CglibAopProxy.java:749)
	at org.springframework.aop.framework.ReflectiveMethodInvocation.proceed(ReflectiveMethodInvocation.java:163)
	at org.springframework.transaction.interceptor.TransactionAspectSupport.invokeWithinTransaction(TransactionAspectSupport.java:294)
	at org.springframework.transaction.interceptor.TransactionInterceptor.invoke(TransactionInterceptor.java:98)
	at org.springframework.aop.framework.ReflectiveMethodInvocation.proceed(ReflectiveMethodInvocation.java:186)
	at org.springframework.aop.framework.CglibAopProxy$DynamicAdvisedInterceptor.intercept(CglibAopProxy.java:688)
	at com.clarolab.populate.UseCaseDataProvider$$EnhancerBySpringCGLIB$$5d8bbefd.getBuild(<generated>)
	at com.clarolab.functional.test.rules.CurrentStateFunctionalTest.testSpec(CurrentStateFunctionalTest.java:157)
	at com.clarolab.functional.test.rules.CurrentStateFunctionalTest.testSkipPermanent(CurrentStateFunctionalTest.java:122)
	at sun.reflect.NativeMethodAccessorImpl.invoke0(Native Method)
	at sun.reflect.NativeMethodAccessorImpl.invoke(NativeMethodAccessorImpl.java:62)
	at sun.reflect.DelegatingMethodAccessorImpl.invoke(DelegatingMethodAccessorImpl.java:43)
	at java.lang.reflect.Method.invoke(Method.java:498)
	at org.junit.runners.model.FrameworkMethod$1.runReflectiveCall(FrameworkMethod.java:50)
	at org.junit.internal.runners.model.ReflectiveCallable.run(ReflectiveCallable.java:12)
	at org.junit.runners.model.FrameworkMethod.invokeExplosively(FrameworkMethod.java:47)
	at org.junit.internal.runners.statements.InvokeMethod.evaluate(InvokeMethod.java:17)
	at org.springframework.test.context.junit4.statements.RunBeforeTestExecutionCallbacks.evaluate(RunBeforeTestExecutionCallbacks.java:74)
	at org.springframework.test.context.junit4.statements.RunAfterTestExecutionCallbacks.evaluate(RunAfterTestExecutionCallbacks.java:84)
	at org.junit.internal.runners.statements.RunBefores.evaluate(RunBefores.java:26)
	at org.springframework.test.context.junit4.statements.RunBeforeTestMethodCallbacks.evaluate(RunBeforeTestMethodCallbacks.java:75)
	at org.springframework.test.context.junit4.statements.RunAfterTestMethodCallbacks.evaluate(RunAfterTestMethodCallbacks.java:86)
	at org.springframework.test.context.junit4.statements.SpringRepeat.evaluate(SpringRepeat.java:84)
	at org.junit.runners.ParentRunner.runLeaf(ParentRunner.java:325)
	at org.springframework.test.context.junit4.SpringJUnit4ClassRunner.runChild(SpringJUnit4ClassRunner.java:251)
	at org.springframework.test.context.junit4.SpringJUnit4ClassRunner.runChild(SpringJUnit4ClassRunner.java:97)
	at org.junit.runners.ParentRunner$3.run(ParentRunner.java:290)
	at org.junit.runners.ParentRunner$1.schedule(ParentRunner.java:71)
	at org.junit.runners.ParentRunner.runChildren(ParentRunner.java:288)
	at org.junit.runners.ParentRunner.access$000(ParentRunner.java:58)
	at org.junit.runners.ParentRunner$2.evaluate(ParentRunner.java:268)
	at org.springframework.test.context.junit4.statements.RunBeforeTestClassCallbacks.evaluate(RunBeforeTestClassCallbacks.java:61)
	at org.springframework.test.context.junit4.statements.RunAfterTestClassCallbacks.evaluate(RunAfterTestClassCallbacks.java:70)
	at org.junit.runners.ParentRunner.run(ParentRunner.java:363)
	at org.springframework.test.context.junit4.SpringJUnit4ClassRunner.run(SpringJUnit4ClassRunner.java:190)
	at org.junit.runners.Suite.runChild(Suite.java:128)
	at org.junit.runners.Suite.runChild(Suite.java:27)
	at org.junit.runners.ParentRunner$3.run(ParentRunner.java:290)
	at org.junit.runners.ParentRunner$1.schedule(ParentRunner.java:71)
	at org.junit.runners.ParentRunner.runChildren(ParentRunner.java:288)
	at org.junit.runners.ParentRunner.access$000(ParentRunner.java:58)
	at org.junit.runners.ParentRunner$2.evaluate(ParentRunner.java:268)
	at org.junit.runners.ParentRunner.run(ParentRunner.java:363)
	at org.junit.runners.Suite.runChild(Suite.java:128)
	at org.junit.runners.Suite.runChild(Suite.java:27)
	at org.junit.runners.ParentRunner$3.run(ParentRunner.java:290)
	at org.junit.runners.ParentRunner$1.schedule(ParentRunner.java:71)
	at org.junit.runners.ParentRunner.runChildren(ParentRunner.java:288)
	at org.junit.runners.ParentRunner.access$000(ParentRunner.java:58)
	at org.junit.runners.ParentRunner$2.evaluate(ParentRunner.java:268)
	at org.junit.runners.ParentRunner.run(ParentRunner.java:363)
	at org.apache.maven.surefire.junit4.JUnit4Provider.execute(JUnit4Provider.java:365)
	at org.apache.maven.surefire.junit4.JUnit4Provider.executeWithRerun(JUnit4Provider.java:273)
	at org.apache.maven.surefire.junit4.JUnit4Provider.executeTestSet(JUnit4Provider.java:238)
	at org.apache.maven.surefire.junit4.JUnit4Provider.invoke(JUnit4Provider.java:159)
	at org.apache.maven.surefire.booter.ForkedBooter.invokeProviderInSameClassLoader(ForkedBooter.java:384)
	at org.apache.maven.surefire.booter.ForkedBooter.runSuitesInProcess(ForkedBooter.java:345)
	at org.apache.maven.surefire.booter.ForkedBooter.execute(ForkedBooter.java:126)
	at org.apache.maven.surefire.booter.ForkedBooter.main(ForkedBooter.java:418)
&amp#27;[30m2019-04-04 17:52:00,410&amp#27;[0;39m &amp#27;[1;31mERROR&amp#27;[0;39m [&amp#27;[34mmain&amp#27;[0;39m] &amp#27;[33mcom.clarolab.service.exception.ServiceException&amp#27;[0;39m: Unable to find com.clarolab.model.Report with id 1
&amp#27;[30m2019-04-04 17:52:00,411&amp#27;[0;39m &amp#27;[34mINFO &amp#27;[0;39m [&amp#27;[34mmain&amp#27;[0;39m] &amp#27;[33morg.springframework.test.context.transaction.TransactionContext&amp#27;[0;39m: Rolled back transaction for test: [DefaultTestContext@98b63c1 testClass = CurrentStateFunctionalTest, testInstance = com.clarolab.functional.test.CurrentStateFunctionalTest@50adedaa, testMethod = testSkipPermanent@CurrentStateFunctionalTest, testException = com.clarolab.service.exception.NotFoundServiceException: Unable to find com.clarolab.model.Report with id 1, mergedContextConfiguration = [WebMergedContextConfiguration@435210b3 testClass = CurrentStateFunctionalTest, locations = '{}', classes = '{class com.clarolab.QAReportApplication, class com.clarolab.QAReportApplication}', contextInitializerClasses = '[]', activeProfiles = '{}', propertySourceLocations = '{}', propertySourceProperties = '{org.springframework.boot.test.context.SpringBootTestContextBootstrapper=true}', contextCustomizers = set[org.springframework.boot.test.context.filter.ExcludeFilterContextCustomizer@2667f029, org.springframework.boot.test.json.DuplicateJsonObjectContextCustomizerFactory$DuplicateJsonObjectContextCustomizer@a9cd3b1, org.springframework.boot.test.mock.mockito.MockitoContextCustomizer@0, org.springframework.boot.test.web.client.TestRestTemplateContextCustomizer@4facf68f, org.springframework.boot.test.autoconfigure.properties.PropertyMappingContextCustomizer@0, org.springframework.boot.test.autoconfigure.web.servlet.WebDriverContextCustomizerFactory$Customizer@7722c3c3], resourceBasePath = 'src/main/webapp', contextLoader = 'org.springframework.boot.test.context.SpringBootContextLoader', parent = [null]], attributes = map['org.springframework.test.context.web.ServletTestExecutionListener.activateListener' -> true, 'org.springframework.test.context.web.ServletTestExecutionListener.populatedRequestContextHolder' -> true, 'org.springframework.test.context.web.ServletTestExecutionListener.resetRequestContextHolder' -> true]]
]]></system-out>
  </testcase>
  <testcase name="testSnooze" classname="com.clarolab.functional.test.rules.CurrentStateFunctionalTest" time="0.04">
    <error message="Unable to find com.clarolab.model.Report with id 1" type="com.clarolab.service.exception.NotFoundServiceException">com.clarolab.service.exception.NotFoundServiceException:
        Unable to find com.clarolab.model.Report with id 1
        at com.clarolab.functional.test.rules.CurrentStateFunctionalTest.testSpec(CurrentStateFunctionalTest.java:157)
        at com.clarolab.functional.test.rules.CurrentStateFunctionalTest.testSnooze(CurrentStateFunctionalTest.java:113)
    </error>
    <system-out><![CDATA[&amp#27;[30m2019-04-04 17:52:00,412&amp#27;[0;39m &amp#27;[34mINFO &amp#27;[0;39m [&amp#27;[34mmain&amp#27;[0;39m] &amp#27;[33morg.springframework.test.context.transaction.TransactionContext&amp#27;[0;39m: Began transaction (1) for test context [DefaultTestContext@98b63c1 testClass = CurrentStateFunctionalTest, testInstance = com.clarolab.functional.test.CurrentStateFunctionalTest@76242b2c, testMethod = testSnooze@CurrentStateFunctionalTest, testException = [null], mergedContextConfiguration = [WebMergedContextConfiguration@435210b3 testClass = CurrentStateFunctionalTest, locations = '{}', classes = '{class com.clarolab.QAReportApplication, class com.clarolab.QAReportApplication}', contextInitializerClasses = '[]', activeProfiles = '{}', propertySourceLocations = '{}', propertySourceProperties = '{org.springframework.boot.test.context.SpringBootTestContextBootstrapper=true}', contextCustomizers = set[org.springframework.boot.test.context.filter.ExcludeFilterContextCustomizer@2667f029, org.springframework.boot.test.json.DuplicateJsonObjectContextCustomizerFactory$DuplicateJsonObjectContextCustomizer@a9cd3b1, org.springframework.boot.test.mock.mockito.MockitoContextCustomizer@0, org.springframework.boot.test.web.client.TestRestTemplateContextCustomizer@4facf68f, org.springframework.boot.test.autoconfigure.properties.PropertyMappingContextCustomizer@0, org.springframework.boot.test.autoconfigure.web.servlet.WebDriverContextCustomizerFactory$Customizer@7722c3c3], resourceBasePath = 'src/main/webapp', contextLoader = 'org.springframework.boot.test.context.SpringBootContextLoader', parent = [null]], attributes = map['org.springframework.test.context.web.ServletTestExecutionListener.activateListener' -> true, 'org.springframework.test.context.web.ServletTestExecutionListener.populatedRequestContextHolder' -> true, 'org.springframework.test.context.web.ServletTestExecutionListener.resetRequestContextHolder' -> true]]; transaction manager [org.springframework.orm.jpa.JpaTransactionManager@4d10360e]; rollback [true]
&amp#27;[30m2019-04-04 17:52:00,444&amp#27;[0;39m &amp#27;[34mINFO &amp#27;[0;39m [&amp#27;[34mmain&amp#27;[0;39m] &amp#27;[33mcom.clarolab.agents.TriageAgent&amp#27;[0;39m: Processed 1 builds from kGby
&amp#27;[30m2019-04-04 17:52:00,450&amp#27;[0;39m &amp#27;[1;31mERROR&amp#27;[0;39m [&amp#27;[34mmain&amp#27;[0;39m] &amp#27;[33mcom.clarolab.service.BaseService&amp#27;[0;39m: Error creating
javax.persistence.EntityNotFoundException: Unable to find com.clarolab.model.Report with id 1
	at org.hibernate.jpa.boot.internal.EntityManagerFactoryBuilderImpl$JpaEntityNotFoundDelegate.handleEntityNotFound(EntityManagerFactoryBuilderImpl.java:162)
	at org.hibernate.event.internal.DefaultLoadEventListener.returnNarrowedProxy(DefaultLoadEventListener.java:318)
	at org.hibernate.event.internal.DefaultLoadEventListener.proxyOrLoad(DefaultLoadEventListener.java:273)
	at org.hibernate.event.internal.DefaultLoadEventListener.doOnLoad(DefaultLoadEventListener.java:124)
	at org.hibernate.event.internal.DefaultLoadEventListener.onLoad(DefaultLoadEventListener.java:92)
	at org.hibernate.internal.SessionImpl.fireLoad(SessionImpl.java:1257)
	at org.hibernate.internal.SessionImpl.access$1900(SessionImpl.java:207)
	at org.hibernate.internal.SessionImpl$IdentifierLoadAccessImpl.doLoad(SessionImpl.java:2874)
	at org.hibernate.internal.SessionImpl$IdentifierLoadAccessImpl.load(SessionImpl.java:2848)
	at org.hibernate.internal.SessionImpl.get(SessionImpl.java:1098)
	at org.hibernate.event.internal.DefaultMergeEventListener.entityIsDetached(DefaultMergeEventListener.java:290)
	at org.hibernate.event.internal.DefaultMergeEventListener.onMerge(DefaultMergeEventListener.java:170)
	at org.hibernate.event.internal.DefaultMergeEventListener.onMerge(DefaultMergeEventListener.java:69)
	at org.hibernate.internal.SessionImpl.fireMerge(SessionImpl.java:901)
	at org.hibernate.internal.SessionImpl.merge(SessionImpl.java:887)
	at sun.reflect.GeneratedMethodAccessor262.invoke(Unknown Source)
	at sun.reflect.DelegatingMethodAccessorImpl.invoke(DelegatingMethodAccessorImpl.java:43)
	at java.lang.reflect.Method.invoke(Method.java:498)
	at org.springframework.orm.jpa.SharedEntityManagerCreator$SharedEntityManagerInvocationHandler.invoke(SharedEntityManagerCreator.java:308)
	at com.sun.proxy.$Proxy166.merge(Unknown Source)
	at org.springframework.data.jpa.repository.support.SimpleJpaRepository.save(SimpleJpaRepository.java:492)
	at sun.reflect.GeneratedMethodAccessor259.invoke(Unknown Source)
	at sun.reflect.DelegatingMethodAccessorImpl.invoke(DelegatingMethodAccessorImpl.java:43)
	at java.lang.reflect.Method.invoke(Method.java:498)
	at org.springframework.data.repository.core.support.RepositoryComposition$RepositoryFragments.invoke(RepositoryComposition.java:359)
	at org.springframework.data.repository.core.support.RepositoryComposition.invoke(RepositoryComposition.java:200)
	at org.springframework.data.repository.core.support.RepositoryFactorySupport$ImplementationMethodExecutionInterceptor.invoke(RepositoryFactorySupport.java:644)
	at org.springframework.aop.framework.ReflectiveMethodInvocation.proceed(ReflectiveMethodInvocation.java:186)
	at org.springframework.data.repository.core.support.RepositoryFactorySupport$QueryExecutorMethodInterceptor.doInvoke(RepositoryFactorySupport.java:608)
	at org.springframework.data.repository.core.support.RepositoryFactorySupport$QueryExecutorMethodInterceptor.lambda$invoke$3(RepositoryFactorySupport.java:595)
	at org.springframework.data.repository.core.support.RepositoryFactorySupport$QueryExecutorMethodInterceptor.invoke(RepositoryFactorySupport.java:595)
	at org.springframework.aop.framework.ReflectiveMethodInvocation.proceed(ReflectiveMethodInvocation.java:186)
	at org.springframework.data.projection.DefaultMethodInvokingMethodInterceptor.invoke(DefaultMethodInvokingMethodInterceptor.java:59)
	at org.springframework.aop.framework.ReflectiveMethodInvocation.proceed(ReflectiveMethodInvocation.java:186)
	at org.springframework.transaction.interceptor.TransactionAspectSupport.invokeWithinTransaction(TransactionAspectSupport.java:294)
	at org.springframework.transaction.interceptor.TransactionInterceptor.invoke(TransactionInterceptor.java:98)
	at org.springframework.aop.framework.ReflectiveMethodInvocation.proceed(ReflectiveMethodInvocation.java:186)
	at org.springframework.dao.support.PersistenceExceptionTranslationInterceptor.invoke(PersistenceExceptionTranslationInterceptor.java:139)
	at org.springframework.aop.framework.ReflectiveMethodInvocation.proceed(ReflectiveMethodInvocation.java:186)
	at org.springframework.data.jpa.repository.support.CrudMethodMetadataPostProcessor$CrudMethodMetadataPopulatingMethodInterceptor.invoke(CrudMethodMetadataPostProcessor.java:135)
	at org.springframework.aop.framework.ReflectiveMethodInvocation.proceed(ReflectiveMethodInvocation.java:186)
	at org.springframework.aop.interceptor.ExposeInvocationInterceptor.invoke(ExposeInvocationInterceptor.java:93)
	at org.springframework.aop.framework.ReflectiveMethodInvocation.proceed(ReflectiveMethodInvocation.java:186)
	at org.springframework.data.repository.core.support.SurroundingTransactionDetectorMethodInterceptor.invoke(SurroundingTransactionDetectorMethodInterceptor.java:61)
	at org.springframework.aop.framework.ReflectiveMethodInvocation.proceed(ReflectiveMethodInvocation.java:186)
	at org.springframework.aop.framework.JdkDynamicAopProxy.invoke(JdkDynamicAopProxy.java:212)
	at com.sun.proxy.$Proxy172.save(Unknown Source)
	at com.clarolab.service.BaseService.save(BaseService.java:49)
	at com.clarolab.populate.UseCaseDataProvider.getBuild(UseCaseDataProvider.java:356)
	at com.clarolab.populate.UseCaseDataProvider.getBuild(UseCaseDataProvider.java:329)
	at com.clarolab.populate.UseCaseDataProvider$$FastClassBySpringCGLIB$$449cf6f7.invoke(<generated>)
	at org.springframework.cglib.proxy.MethodProxy.invoke(MethodProxy.java:218)
	at org.springframework.aop.framework.CglibAopProxy$CglibMethodInvocation.invokeJoinpoint(CglibAopProxy.java:749)
	at org.springframework.aop.framework.ReflectiveMethodInvocation.proceed(ReflectiveMethodInvocation.java:163)
	at org.springframework.transaction.interceptor.TransactionAspectSupport.invokeWithinTransaction(TransactionAspectSupport.java:294)
	at org.springframework.transaction.interceptor.TransactionInterceptor.invoke(TransactionInterceptor.java:98)
	at org.springframework.aop.framework.ReflectiveMethodInvocation.proceed(ReflectiveMethodInvocation.java:186)
	at org.springframework.aop.framework.CglibAopProxy$DynamicAdvisedInterceptor.intercept(CglibAopProxy.java:688)
	at com.clarolab.populate.UseCaseDataProvider$$EnhancerBySpringCGLIB$$5d8bbefd.getBuild(<generated>)
	at com.clarolab.functional.test.rules.CurrentStateFunctionalTest.testSpec(CurrentStateFunctionalTest.java:157)
	at com.clarolab.functional.test.rules.CurrentStateFunctionalTest.testSnooze(CurrentStateFunctionalTest.java:113)
	at sun.reflect.NativeMethodAccessorImpl.invoke0(Native Method)
	at sun.reflect.NativeMethodAccessorImpl.invoke(NativeMethodAccessorImpl.java:62)
	at sun.reflect.DelegatingMethodAccessorImpl.invoke(DelegatingMethodAccessorImpl.java:43)
	at java.lang.reflect.Method.invoke(Method.java:498)
	at org.junit.runners.model.FrameworkMethod$1.runReflectiveCall(FrameworkMethod.java:50)
	at org.junit.internal.runners.model.ReflectiveCallable.run(ReflectiveCallable.java:12)
	at org.junit.runners.model.FrameworkMethod.invokeExplosively(FrameworkMethod.java:47)
	at org.junit.internal.runners.statements.InvokeMethod.evaluate(InvokeMethod.java:17)
	at org.springframework.test.context.junit4.statements.RunBeforeTestExecutionCallbacks.evaluate(RunBeforeTestExecutionCallbacks.java:74)
	at org.springframework.test.context.junit4.statements.RunAfterTestExecutionCallbacks.evaluate(RunAfterTestExecutionCallbacks.java:84)
	at org.junit.internal.runners.statements.RunBefores.evaluate(RunBefores.java:26)
	at org.springframework.test.context.junit4.statements.RunBeforeTestMethodCallbacks.evaluate(RunBeforeTestMethodCallbacks.java:75)
	at org.springframework.test.context.junit4.statements.RunAfterTestMethodCallbacks.evaluate(RunAfterTestMethodCallbacks.java:86)
	at org.springframework.test.context.junit4.statements.SpringRepeat.evaluate(SpringRepeat.java:84)
	at org.junit.runners.ParentRunner.runLeaf(ParentRunner.java:325)
	at org.springframework.test.context.junit4.SpringJUnit4ClassRunner.runChild(SpringJUnit4ClassRunner.java:251)
	at org.springframework.test.context.junit4.SpringJUnit4ClassRunner.runChild(SpringJUnit4ClassRunner.java:97)
	at org.junit.runners.ParentRunner$3.run(ParentRunner.java:290)
	at org.junit.runners.ParentRunner$1.schedule(ParentRunner.java:71)
	at org.junit.runners.ParentRunner.runChildren(ParentRunner.java:288)
	at org.junit.runners.ParentRunner.access$000(ParentRunner.java:58)
	at org.junit.runners.ParentRunner$2.evaluate(ParentRunner.java:268)
	at org.springframework.test.context.junit4.statements.RunBeforeTestClassCallbacks.evaluate(RunBeforeTestClassCallbacks.java:61)
	at org.springframework.test.context.junit4.statements.RunAfterTestClassCallbacks.evaluate(RunAfterTestClassCallbacks.java:70)
	at org.junit.runners.ParentRunner.run(ParentRunner.java:363)
	at org.springframework.test.context.junit4.SpringJUnit4ClassRunner.run(SpringJUnit4ClassRunner.java:190)
	at org.junit.runners.Suite.runChild(Suite.java:128)
	at org.junit.runners.Suite.runChild(Suite.java:27)
	at org.junit.runners.ParentRunner$3.run(ParentRunner.java:290)
	at org.junit.runners.ParentRunner$1.schedule(ParentRunner.java:71)
	at org.junit.runners.ParentRunner.runChildren(ParentRunner.java:288)
	at org.junit.runners.ParentRunner.access$000(ParentRunner.java:58)
	at org.junit.runners.ParentRunner$2.evaluate(ParentRunner.java:268)
	at org.junit.runners.ParentRunner.run(ParentRunner.java:363)
	at org.junit.runners.Suite.runChild(Suite.java:128)
	at org.junit.runners.Suite.runChild(Suite.java:27)
	at org.junit.runners.ParentRunner$3.run(ParentRunner.java:290)
	at org.junit.runners.ParentRunner$1.schedule(ParentRunner.java:71)
	at org.junit.runners.ParentRunner.runChildren(ParentRunner.java:288)
	at org.junit.runners.ParentRunner.access$000(ParentRunner.java:58)
	at org.junit.runners.ParentRunner$2.evaluate(ParentRunner.java:268)
	at org.junit.runners.ParentRunner.run(ParentRunner.java:363)
	at org.apache.maven.surefire.junit4.JUnit4Provider.execute(JUnit4Provider.java:365)
	at org.apache.maven.surefire.junit4.JUnit4Provider.executeWithRerun(JUnit4Provider.java:273)
	at org.apache.maven.surefire.junit4.JUnit4Provider.executeTestSet(JUnit4Provider.java:238)
	at org.apache.maven.surefire.junit4.JUnit4Provider.invoke(JUnit4Provider.java:159)
	at org.apache.maven.surefire.booter.ForkedBooter.invokeProviderInSameClassLoader(ForkedBooter.java:384)
	at org.apache.maven.surefire.booter.ForkedBooter.runSuitesInProcess(ForkedBooter.java:345)
	at org.apache.maven.surefire.booter.ForkedBooter.execute(ForkedBooter.java:126)
	at org.apache.maven.surefire.booter.ForkedBooter.main(ForkedBooter.java:418)
&amp#27;[30m2019-04-04 17:52:00,451&amp#27;[0;39m &amp#27;[1;31mERROR&amp#27;[0;39m [&amp#27;[34mmain&amp#27;[0;39m] &amp#27;[33mcom.clarolab.service.exception.ServiceException&amp#27;[0;39m: Unable to find com.clarolab.model.Report with id 1
&amp#27;[30m2019-04-04 17:52:00,452&amp#27;[0;39m &amp#27;[34mINFO &amp#27;[0;39m [&amp#27;[34mmain&amp#27;[0;39m] &amp#27;[33morg.springframework.test.context.transaction.TransactionContext&amp#27;[0;39m: Rolled back transaction for test: [DefaultTestContext@98b63c1 testClass = CurrentStateFunctionalTest, testInstance = com.clarolab.functional.test.CurrentStateFunctionalTest@76242b2c, testMethod = testSnooze@CurrentStateFunctionalTest, testException = com.clarolab.service.exception.NotFoundServiceException: Unable to find com.clarolab.model.Report with id 1, mergedContextConfiguration = [WebMergedContextConfiguration@435210b3 testClass = CurrentStateFunctionalTest, locations = '{}', classes = '{class com.clarolab.QAReportApplication, class com.clarolab.QAReportApplication}', contextInitializerClasses = '[]', activeProfiles = '{}', propertySourceLocations = '{}', propertySourceProperties = '{org.springframework.boot.test.context.SpringBootTestContextBootstrapper=true}', contextCustomizers = set[org.springframework.boot.test.context.filter.ExcludeFilterContextCustomizer@2667f029, org.springframework.boot.test.json.DuplicateJsonObjectContextCustomizerFactory$DuplicateJsonObjectContextCustomizer@a9cd3b1, org.springframework.boot.test.mock.mockito.MockitoContextCustomizer@0, org.springframework.boot.test.web.client.TestRestTemplateContextCustomizer@4facf68f, org.springframework.boot.test.autoconfigure.properties.PropertyMappingContextCustomizer@0, org.springframework.boot.test.autoconfigure.web.servlet.WebDriverContextCustomizerFactory$Customizer@7722c3c3], resourceBasePath = 'src/main/webapp', contextLoader = 'org.springframework.boot.test.context.SpringBootContextLoader', parent = [null]], attributes = map['org.springframework.test.context.web.ServletTestExecutionListener.activateListener' -> true, 'org.springframework.test.context.web.ServletTestExecutionListener.populatedRequestContextHolder' -> true, 'org.springframework.test.context.web.ServletTestExecutionListener.resetRequestContextHolder' -> true]]
]]></system-out>
  </testcase>
  <testcase name="testEmptyUsernameResult" classname="com.clarolab.functional.test.search.UserSearchFunctionalTest" time="0.008"/>
  <testcase name="testSearchOneRealnameResult" classname="com.clarolab.functional.test.search.UserSearchFunctionalTest" time="0.008"/>
  <testcase name="testSearchOneUsernameResult" classname="com.clarolab.functional.test.search.UserSearchFunctionalTest" time="0.007"/>
  <testcase name="findExecutorByName" classname="com.clarolab.integration.test.executors.ExecutorPersistenceTest" time="0.01"/>
  <testcase name="saveExecutorWithARangeOfBuildsTest" classname="com.clarolab.integration.test.executors.ExecutorPersistenceTest" time="0.006"/>
  <testcase name="saveExecutorTest" classname="com.clarolab.integration.test.executors.ExecutorPersistenceTest" time="0.006"/>
  <testcase name="verifyConnection" classname="com.clarolab.integration.test.connectors.JenkinsCIConnectorTest" time="0">
    <skipped message="got: &lt;false&gt;, expected: is &lt;true&gt;"/>
    <system-out><![CDATA[&amp#27;[30m2019-04-04 17:52:00,510&amp#27;[0;39m &amp#27;[34mINFO &amp#27;[0;39m [&amp#27;[34mmain&amp#27;[0;39m] &amp#27;[33morg.springframework.test.context.transaction.TransactionContext&amp#27;[0;39m: Began transaction (1) for test context [DefaultTestContext@5b07b2f1 testClass = JenkinsCIConnectorTest, testInstance = com.clarolab.integration.test.connectors.JenkinsCIConnectorTest@196fe9d2, testMethod = verifyConnection@JenkinsCIConnectorTest, testException = [null], mergedContextConfiguration = [WebMergedContextConfiguration@7308ed03 testClass = JenkinsCIConnectorTest, locations = '{}', classes = '{class com.clarolab.QAReportApplication, class com.clarolab.QAReportApplication}', contextInitializerClasses = '[]', activeProfiles = '{}', propertySourceLocations = '{}', propertySourceProperties = '{org.springframework.boot.test.context.SpringBootTestContextBootstrapper=true}', contextCustomizers = set[org.springframework.boot.test.context.filter.ExcludeFilterContextCustomizer@2667f029, org.springframework.boot.test.json.DuplicateJsonObjectContextCustomizerFactory$DuplicateJsonObjectContextCustomizer@a9cd3b1, org.springframework.boot.test.mock.mockito.MockitoContextCustomizer@0, org.springframework.boot.test.web.client.TestRestTemplateContextCustomizer@4facf68f, org.springframework.boot.test.autoconfigure.properties.PropertyMappingContextCustomizer@0, org.springframework.boot.test.autoconfigure.web.servlet.WebDriverContextCustomizerFactory$Customizer@7722c3c3], resourceBasePath = 'src/main/webapp', contextLoader = 'org.springframework.boot.test.context.SpringBootContextLoader', parent = [null]], attributes = map['org.springframework.test.context.web.ServletTestExecutionListener.activateListener' -> true, 'org.springframework.test.context.web.ServletTestExecutionListener.populatedRequestContextHolder' -> true, 'org.springframework.test.context.web.ServletTestExecutionListener.resetRequestContextHolder' -> true]]; transaction manager [org.springframework.orm.jpa.JpaTransactionManager@4d10360e]; rollback [true]
&amp#27;[30m2019-04-04 17:52:00,515&amp#27;[0;39m &amp#27;[34mINFO &amp#27;[0;39m [&amp#27;[34mmain&amp#27;[0;39m] &amp#27;[33mcom.clarolab.util.rest.HttpClient&amp#27;[0;39m: Curl to execute: curl -u jenkins.ci:805482bd5ba4ca42db0aad0914e84115 --header 'Accept: application/json;' -X GET "http://lith2-jnks-strict.phx1.jivehosted.com:8080/" --insecure
&amp#27;[30m2019-04-04 17:52:00,526&amp#27;[0;39m &amp#27;[34mINFO &amp#27;[0;39m [&amp#27;[34mmain&amp#27;[0;39m] &amp#27;[33mcom.clarolab.util.rest.HttpClient&amp#27;[0;39m: Try request: 1
&amp#27;[30m2019-04-04 17:52:00,527&amp#27;[0;39m &amp#27;[1;31mERROR&amp#27;[0;39m [&amp#27;[34mmain&amp#27;[0;39m] &amp#27;[33mcom.clarolab.connectors.impl.jenkins.services.JenkinsHttpClient&amp#27;[0;39m: lith2-jnks-strict.phx1.jivehosted.com: Name or service not known
&amp#27;[30m2019-04-04 17:52:00,529&amp#27;[0;39m &amp#27;[34mINFO &amp#27;[0;39m [&amp#27;[34mmain&amp#27;[0;39m] &amp#27;[33morg.springframework.test.context.transaction.TransactionContext&amp#27;[0;39m: Rolled back transaction for test: [DefaultTestContext@5b07b2f1 testClass = JenkinsCIConnectorTest, testInstance = com.clarolab.integration.test.connectors.JenkinsCIConnectorTest@196fe9d2, testMethod = verifyConnection@JenkinsCIConnectorTest, testException = org.junit.AssumptionViolatedException: got: <false>, expected: is <true>, mergedContextConfiguration = [WebMergedContextConfiguration@7308ed03 testClass = JenkinsCIConnectorTest, locations = '{}', classes = '{class com.clarolab.QAReportApplication, class com.clarolab.QAReportApplication}', contextInitializerClasses = '[]', activeProfiles = '{}', propertySourceLocations = '{}', propertySourceProperties = '{org.springframework.boot.test.context.SpringBootTestContextBootstrapper=true}', contextCustomizers = set[org.springframework.boot.test.context.filter.ExcludeFilterContextCustomizer@2667f029, org.springframework.boot.test.json.DuplicateJsonObjectContextCustomizerFactory$DuplicateJsonObjectContextCustomizer@a9cd3b1, org.springframework.boot.test.mock.mockito.MockitoContextCustomizer@0, org.springframework.boot.test.web.client.TestRestTemplateContextCustomizer@4facf68f, org.springframework.boot.test.autoconfigure.properties.PropertyMappingContextCustomizer@0, org.springframework.boot.test.autoconfigure.web.servlet.WebDriverContextCustomizerFactory$Customizer@7722c3c3], resourceBasePath = 'src/main/webapp', contextLoader = 'org.springframework.boot.test.context.SpringBootContextLoader', parent = [null]], attributes = map['org.springframework.test.context.web.ServletTestExecutionListener.activateListener' -> true, 'org.springframework.test.context.web.ServletTestExecutionListener.populatedRequestContextHolder' -> true, 'org.springframework.test.context.web.ServletTestExecutionListener.resetRequestContextHolder' -> true]]
]]></system-out>
  </testcase>
  <testcase name="verifyDisconnection" classname="com.clarolab.integration.test.connectors.JenkinsCIConnectorTest" time="0">
    <skipped message="got: &lt;false&gt;, expected: is &lt;true&gt;"/>
    <system-out><![CDATA[&amp#27;[30m2019-04-04 17:52:00,530&amp#27;[0;39m &amp#27;[34mINFO &amp#27;[0;39m [&amp#27;[34mmain&amp#27;[0;39m] &amp#27;[33morg.springframework.test.context.transaction.TransactionContext&amp#27;[0;39m: Began transaction (1) for test context [DefaultTestContext@5b07b2f1 testClass = JenkinsCIConnectorTest, testInstance = com.clarolab.integration.test.connectors.JenkinsCIConnectorTest@4a87c283, testMethod = verifyDisconnection@JenkinsCIConnectorTest, testException = [null], mergedContextConfiguration = [WebMergedContextConfiguration@7308ed03 testClass = JenkinsCIConnectorTest, locations = '{}', classes = '{class com.clarolab.QAReportApplication, class com.clarolab.QAReportApplication}', contextInitializerClasses = '[]', activeProfiles = '{}', propertySourceLocations = '{}', propertySourceProperties = '{org.springframework.boot.test.context.SpringBootTestContextBootstrapper=true}', contextCustomizers = set[org.springframework.boot.test.context.filter.ExcludeFilterContextCustomizer@2667f029, org.springframework.boot.test.json.DuplicateJsonObjectContextCustomizerFactory$DuplicateJsonObjectContextCustomizer@a9cd3b1, org.springframework.boot.test.mock.mockito.MockitoContextCustomizer@0, org.springframework.boot.test.web.client.TestRestTemplateContextCustomizer@4facf68f, org.springframework.boot.test.autoconfigure.properties.PropertyMappingContextCustomizer@0, org.springframework.boot.test.autoconfigure.web.servlet.WebDriverContextCustomizerFactory$Customizer@7722c3c3], resourceBasePath = 'src/main/webapp', contextLoader = 'org.springframework.boot.test.context.SpringBootContextLoader', parent = [null]], attributes = map['org.springframework.test.context.web.ServletTestExecutionListener.activateListener' -> true, 'org.springframework.test.context.web.ServletTestExecutionListener.populatedRequestContextHolder' -> true, 'org.springframework.test.context.web.ServletTestExecutionListener.resetRequestContextHolder' -> true]]; transaction manager [org.springframework.orm.jpa.JpaTransactionManager@4d10360e]; rollback [true]
&amp#27;[30m2019-04-04 17:52:00,536&amp#27;[0;39m &amp#27;[34mINFO &amp#27;[0;39m [&amp#27;[34mmain&amp#27;[0;39m] &amp#27;[33mcom.clarolab.util.rest.HttpClient&amp#27;[0;39m: Curl to execute: curl -u jenkins.ci:805482bd5ba4ca42db0aad0914e84115 --header 'Accept: application/json;' -X GET "http://lith2-jnks-strict.phx1.jivehosted.com:8080/" --insecure
&amp#27;[30m2019-04-04 17:52:00,536&amp#27;[0;39m &amp#27;[34mINFO &amp#27;[0;39m [&amp#27;[34mmain&amp#27;[0;39m] &amp#27;[33mcom.clarolab.util.rest.HttpClient&amp#27;[0;39m: Try request: 1
&amp#27;[30m2019-04-04 17:52:00,537&amp#27;[0;39m &amp#27;[1;31mERROR&amp#27;[0;39m [&amp#27;[34mmain&amp#27;[0;39m] &amp#27;[33mcom.clarolab.connectors.impl.jenkins.services.JenkinsHttpClient&amp#27;[0;39m: lith2-jnks-strict.phx1.jivehosted.com
&amp#27;[30m2019-04-04 17:52:00,537&amp#27;[0;39m &amp#27;[34mINFO &amp#27;[0;39m [&amp#27;[34mmain&amp#27;[0;39m] &amp#27;[33morg.springframework.test.context.transaction.TransactionContext&amp#27;[0;39m: Rolled back transaction for test: [DefaultTestContext@5b07b2f1 testClass = JenkinsCIConnectorTest, testInstance = com.clarolab.integration.test.connectors.JenkinsCIConnectorTest@4a87c283, testMethod = verifyDisconnection@JenkinsCIConnectorTest, testException = org.junit.AssumptionViolatedException: got: <false>, expected: is <true>, mergedContextConfiguration = [WebMergedContextConfiguration@7308ed03 testClass = JenkinsCIConnectorTest, locations = '{}', classes = '{class com.clarolab.QAReportApplication, class com.clarolab.QAReportApplication}', contextInitializerClasses = '[]', activeProfiles = '{}', propertySourceLocations = '{}', propertySourceProperties = '{org.springframework.boot.test.context.SpringBootTestContextBootstrapper=true}', contextCustomizers = set[org.springframework.boot.test.context.filter.ExcludeFilterContextCustomizer@2667f029, org.springframework.boot.test.json.DuplicateJsonObjectContextCustomizerFactory$DuplicateJsonObjectContextCustomizer@a9cd3b1, org.springframework.boot.test.mock.mockito.MockitoContextCustomizer@0, org.springframework.boot.test.web.client.TestRestTemplateContextCustomizer@4facf68f, org.springframework.boot.test.autoconfigure.properties.PropertyMappingContextCustomizer@0, org.springframework.boot.test.autoconfigure.web.servlet.WebDriverContextCustomizerFactory$Customizer@7722c3c3], resourceBasePath = 'src/main/webapp', contextLoader = 'org.springframework.boot.test.context.SpringBootContextLoader', parent = [null]], attributes = map['org.springframework.test.context.web.ServletTestExecutionListener.activateListener' -> true, 'org.springframework.test.context.web.ServletTestExecutionListener.populatedRequestContextHolder' -> true, 'org.springframework.test.context.web.ServletTestExecutionListener.resetRequestContextHolder' -> true]]
]]></system-out>
  </testcase>
  <testcase name="getExecutorsOnJenkinsView" classname="com.clarolab.integration.test.connectors.JenkinsCIConnectorTest" time="0">
    <skipped message="got: &lt;false&gt;, expected: is &lt;true&gt;"/>
    <system-out><![CDATA[&amp#27;[30m2019-04-04 17:52:00,538&amp#27;[0;39m &amp#27;[34mINFO &amp#27;[0;39m [&amp#27;[34mmain&amp#27;[0;39m] &amp#27;[33morg.springframework.test.context.transaction.TransactionContext&amp#27;[0;39m: Began transaction (1) for test context [DefaultTestContext@5b07b2f1 testClass = JenkinsCIConnectorTest, testInstance = com.clarolab.integration.test.connectors.JenkinsCIConnectorTest@abf4b39, testMethod = getExecutorsOnJenkinsView@JenkinsCIConnectorTest, testException = [null], mergedContextConfiguration = [WebMergedContextConfiguration@7308ed03 testClass = JenkinsCIConnectorTest, locations = '{}', classes = '{class com.clarolab.QAReportApplication, class com.clarolab.QAReportApplication}', contextInitializerClasses = '[]', activeProfiles = '{}', propertySourceLocations = '{}', propertySourceProperties = '{org.springframework.boot.test.context.SpringBootTestContextBootstrapper=true}', contextCustomizers = set[org.springframework.boot.test.context.filter.ExcludeFilterContextCustomizer@2667f029, org.springframework.boot.test.json.DuplicateJsonObjectContextCustomizerFactory$DuplicateJsonObjectContextCustomizer@a9cd3b1, org.springframework.boot.test.mock.mockito.MockitoContextCustomizer@0, org.springframework.boot.test.web.client.TestRestTemplateContextCustomizer@4facf68f, org.springframework.boot.test.autoconfigure.properties.PropertyMappingContextCustomizer@0, org.springframework.boot.test.autoconfigure.web.servlet.WebDriverContextCustomizerFactory$Customizer@7722c3c3], resourceBasePath = 'src/main/webapp', contextLoader = 'org.springframework.boot.test.context.SpringBootContextLoader', parent = [null]], attributes = map['org.springframework.test.context.web.ServletTestExecutionListener.activateListener' -> true, 'org.springframework.test.context.web.ServletTestExecutionListener.populatedRequestContextHolder' -> true, 'org.springframework.test.context.web.ServletTestExecutionListener.resetRequestContextHolder' -> true]]; transaction manager [org.springframework.orm.jpa.JpaTransactionManager@4d10360e]; rollback [true]
&amp#27;[30m2019-04-04 17:52:00,543&amp#27;[0;39m &amp#27;[34mINFO &amp#27;[0;39m [&amp#27;[34mmain&amp#27;[0;39m] &amp#27;[33mcom.clarolab.util.rest.HttpClient&amp#27;[0;39m: Curl to execute: curl -u jenkins.ci:805482bd5ba4ca42db0aad0914e84115 --header 'Accept: application/json;' -X GET "http://lith2-jnks-strict.phx1.jivehosted.com:8080/" --insecure
&amp#27;[30m2019-04-04 17:52:00,544&amp#27;[0;39m &amp#27;[34mINFO &amp#27;[0;39m [&amp#27;[34mmain&amp#27;[0;39m] &amp#27;[33mcom.clarolab.util.rest.HttpClient&amp#27;[0;39m: Try request: 1
&amp#27;[30m2019-04-04 17:52:00,544&amp#27;[0;39m &amp#27;[1;31mERROR&amp#27;[0;39m [&amp#27;[34mmain&amp#27;[0;39m] &amp#27;[33mcom.clarolab.connectors.impl.jenkins.services.JenkinsHttpClient&amp#27;[0;39m: lith2-jnks-strict.phx1.jivehosted.com
&amp#27;[30m2019-04-04 17:52:00,544&amp#27;[0;39m &amp#27;[34mINFO &amp#27;[0;39m [&amp#27;[34mmain&amp#27;[0;39m] &amp#27;[33morg.springframework.test.context.transaction.TransactionContext&amp#27;[0;39m: Rolled back transaction for test: [DefaultTestContext@5b07b2f1 testClass = JenkinsCIConnectorTest, testInstance = com.clarolab.integration.test.connectors.JenkinsCIConnectorTest@abf4b39, testMethod = getExecutorsOnJenkinsView@JenkinsCIConnectorTest, testException = org.junit.AssumptionViolatedException: got: <false>, expected: is <true>, mergedContextConfiguration = [WebMergedContextConfiguration@7308ed03 testClass = JenkinsCIConnectorTest, locations = '{}', classes = '{class com.clarolab.QAReportApplication, class com.clarolab.QAReportApplication}', contextInitializerClasses = '[]', activeProfiles = '{}', propertySourceLocations = '{}', propertySourceProperties = '{org.springframework.boot.test.context.SpringBootTestContextBootstrapper=true}', contextCustomizers = set[org.springframework.boot.test.context.filter.ExcludeFilterContextCustomizer@2667f029, org.springframework.boot.test.json.DuplicateJsonObjectContextCustomizerFactory$DuplicateJsonObjectContextCustomizer@a9cd3b1, org.springframework.boot.test.mock.mockito.MockitoContextCustomizer@0, org.springframework.boot.test.web.client.TestRestTemplateContextCustomizer@4facf68f, org.springframework.boot.test.autoconfigure.properties.PropertyMappingContextCustomizer@0, org.springframework.boot.test.autoconfigure.web.servlet.WebDriverContextCustomizerFactory$Customizer@7722c3c3], resourceBasePath = 'src/main/webapp', contextLoader = 'org.springframework.boot.test.context.SpringBootContextLoader', parent = [null]], attributes = map['org.springframework.test.context.web.ServletTestExecutionListener.activateListener' -> true, 'org.springframework.test.context.web.ServletTestExecutionListener.populatedRequestContextHolder' -> true, 'org.springframework.test.context.web.ServletTestExecutionListener.resetRequestContextHolder' -> true]]
]]></system-out>
  </testcase>
  <testcase name="getExecutorInfoTest" classname="com.clarolab.integration.test.connectors.JenkinsCIConnectorTest" time="0">
    <skipped message="got: &lt;false&gt;, expected: is &lt;true&gt;"/>
    <system-out><![CDATA[&amp#27;[30m2019-04-04 17:52:00,545&amp#27;[0;39m &amp#27;[34mINFO &amp#27;[0;39m [&amp#27;[34mmain&amp#27;[0;39m] &amp#27;[33morg.springframework.test.context.transaction.TransactionContext&amp#27;[0;39m: Began transaction (1) for test context [DefaultTestContext@5b07b2f1 testClass = JenkinsCIConnectorTest, testInstance = com.clarolab.integration.test.connectors.JenkinsCIConnectorTest@62ade661, testMethod = getExecutorInfoTest@JenkinsCIConnectorTest, testException = [null], mergedContextConfiguration = [WebMergedContextConfiguration@7308ed03 testClass = JenkinsCIConnectorTest, locations = '{}', classes = '{class com.clarolab.QAReportApplication, class com.clarolab.QAReportApplication}', contextInitializerClasses = '[]', activeProfiles = '{}', propertySourceLocations = '{}', propertySourceProperties = '{org.springframework.boot.test.context.SpringBootTestContextBootstrapper=true}', contextCustomizers = set[org.springframework.boot.test.context.filter.ExcludeFilterContextCustomizer@2667f029, org.springframework.boot.test.json.DuplicateJsonObjectContextCustomizerFactory$DuplicateJsonObjectContextCustomizer@a9cd3b1, org.springframework.boot.test.mock.mockito.MockitoContextCustomizer@0, org.springframework.boot.test.web.client.TestRestTemplateContextCustomizer@4facf68f, org.springframework.boot.test.autoconfigure.properties.PropertyMappingContextCustomizer@0, org.springframework.boot.test.autoconfigure.web.servlet.WebDriverContextCustomizerFactory$Customizer@7722c3c3], resourceBasePath = 'src/main/webapp', contextLoader = 'org.springframework.boot.test.context.SpringBootContextLoader', parent = [null]], attributes = map['org.springframework.test.context.web.ServletTestExecutionListener.activateListener' -> true, 'org.springframework.test.context.web.ServletTestExecutionListener.populatedRequestContextHolder' -> true, 'org.springframework.test.context.web.ServletTestExecutionListener.resetRequestContextHolder' -> true]]; transaction manager [org.springframework.orm.jpa.JpaTransactionManager@4d10360e]; rollback [true]
&amp#27;[30m2019-04-04 17:52:00,552&amp#27;[0;39m &amp#27;[34mINFO &amp#27;[0;39m [&amp#27;[34mmain&amp#27;[0;39m] &amp#27;[33mcom.clarolab.util.rest.HttpClient&amp#27;[0;39m: Curl to execute: curl -u jenkins.ci:805482bd5ba4ca42db0aad0914e84115 --header 'Accept: application/json;' -X GET "http://lith2-jnks-strict.phx1.jivehosted.com:8080/" --insecure
&amp#27;[30m2019-04-04 17:52:00,553&amp#27;[0;39m &amp#27;[34mINFO &amp#27;[0;39m [&amp#27;[34mmain&amp#27;[0;39m] &amp#27;[33mcom.clarolab.util.rest.HttpClient&amp#27;[0;39m: Try request: 1
&amp#27;[30m2019-04-04 17:52:00,553&amp#27;[0;39m &amp#27;[1;31mERROR&amp#27;[0;39m [&amp#27;[34mmain&amp#27;[0;39m] &amp#27;[33mcom.clarolab.connectors.impl.jenkins.services.JenkinsHttpClient&amp#27;[0;39m: lith2-jnks-strict.phx1.jivehosted.com
&amp#27;[30m2019-04-04 17:52:00,553&amp#27;[0;39m &amp#27;[34mINFO &amp#27;[0;39m [&amp#27;[34mmain&amp#27;[0;39m] &amp#27;[33morg.springframework.test.context.transaction.TransactionContext&amp#27;[0;39m: Rolled back transaction for test: [DefaultTestContext@5b07b2f1 testClass = JenkinsCIConnectorTest, testInstance = com.clarolab.integration.test.connectors.JenkinsCIConnectorTest@62ade661, testMethod = getExecutorInfoTest@JenkinsCIConnectorTest, testException = org.junit.AssumptionViolatedException: got: <false>, expected: is <true>, mergedContextConfiguration = [WebMergedContextConfiguration@7308ed03 testClass = JenkinsCIConnectorTest, locations = '{}', classes = '{class com.clarolab.QAReportApplication, class com.clarolab.QAReportApplication}', contextInitializerClasses = '[]', activeProfiles = '{}', propertySourceLocations = '{}', propertySourceProperties = '{org.springframework.boot.test.context.SpringBootTestContextBootstrapper=true}', contextCustomizers = set[org.springframework.boot.test.context.filter.ExcludeFilterContextCustomizer@2667f029, org.springframework.boot.test.json.DuplicateJsonObjectContextCustomizerFactory$DuplicateJsonObjectContextCustomizer@a9cd3b1, org.springframework.boot.test.mock.mockito.MockitoContextCustomizer@0, org.springframework.boot.test.web.client.TestRestTemplateContextCustomizer@4facf68f, org.springframework.boot.test.autoconfigure.properties.PropertyMappingContextCustomizer@0, org.springframework.boot.test.autoconfigure.web.servlet.WebDriverContextCustomizerFactory$Customizer@7722c3c3], resourceBasePath = 'src/main/webapp', contextLoader = 'org.springframework.boot.test.context.SpringBootContextLoader', parent = [null]], attributes = map['org.springframework.test.context.web.ServletTestExecutionListener.activateListener' -> true, 'org.springframework.test.context.web.ServletTestExecutionListener.populatedRequestContextHolder' -> true, 'org.springframework.test.context.web.ServletTestExecutionListener.resetRequestContextHolder' -> true]]
]]></system-out>
  </testcase>
  <testcase name="getViewsOnJenkins" classname="com.clarolab.integration.test.connectors.JenkinsCIConnectorTest" time="0">
    <skipped message="got: &lt;false&gt;, expected: is &lt;true&gt;"/>
    <system-out><![CDATA[&amp#27;[30m2019-04-04 17:52:00,555&amp#27;[0;39m &amp#27;[34mINFO &amp#27;[0;39m [&amp#27;[34mmain&amp#27;[0;39m] &amp#27;[33morg.springframework.test.context.transaction.TransactionContext&amp#27;[0;39m: Began transaction (1) for test context [DefaultTestContext@5b07b2f1 testClass = JenkinsCIConnectorTest, testInstance = com.clarolab.integration.test.connectors.JenkinsCIConnectorTest@1e2d085c, testMethod = getViewsOnJenkins@JenkinsCIConnectorTest, testException = [null], mergedContextConfiguration = [WebMergedContextConfiguration@7308ed03 testClass = JenkinsCIConnectorTest, locations = '{}', classes = '{class com.clarolab.QAReportApplication, class com.clarolab.QAReportApplication}', contextInitializerClasses = '[]', activeProfiles = '{}', propertySourceLocations = '{}', propertySourceProperties = '{org.springframework.boot.test.context.SpringBootTestContextBootstrapper=true}', contextCustomizers = set[org.springframework.boot.test.context.filter.ExcludeFilterContextCustomizer@2667f029, org.springframework.boot.test.json.DuplicateJsonObjectContextCustomizerFactory$DuplicateJsonObjectContextCustomizer@a9cd3b1, org.springframework.boot.test.mock.mockito.MockitoContextCustomizer@0, org.springframework.boot.test.web.client.TestRestTemplateContextCustomizer@4facf68f, org.springframework.boot.test.autoconfigure.properties.PropertyMappingContextCustomizer@0, org.springframework.boot.test.autoconfigure.web.servlet.WebDriverContextCustomizerFactory$Customizer@7722c3c3], resourceBasePath = 'src/main/webapp', contextLoader = 'org.springframework.boot.test.context.SpringBootContextLoader', parent = [null]], attributes = map['org.springframework.test.context.web.ServletTestExecutionListener.activateListener' -> true, 'org.springframework.test.context.web.ServletTestExecutionListener.populatedRequestContextHolder' -> true, 'org.springframework.test.context.web.ServletTestExecutionListener.resetRequestContextHolder' -> true]]; transaction manager [org.springframework.orm.jpa.JpaTransactionManager@4d10360e]; rollback [true]
&amp#27;[30m2019-04-04 17:52:00,565&amp#27;[0;39m &amp#27;[34mINFO &amp#27;[0;39m [&amp#27;[34mmain&amp#27;[0;39m] &amp#27;[33mcom.clarolab.util.rest.HttpClient&amp#27;[0;39m: Curl to execute: curl -u jenkins.ci:805482bd5ba4ca42db0aad0914e84115 --header 'Accept: application/json;' -X GET "http://lith2-jnks-strict.phx1.jivehosted.com:8080/" --insecure
&amp#27;[30m2019-04-04 17:52:00,566&amp#27;[0;39m &amp#27;[34mINFO &amp#27;[0;39m [&amp#27;[34mmain&amp#27;[0;39m] &amp#27;[33mcom.clarolab.util.rest.HttpClient&amp#27;[0;39m: Try request: 1
&amp#27;[30m2019-04-04 17:52:00,566&amp#27;[0;39m &amp#27;[1;31mERROR&amp#27;[0;39m [&amp#27;[34mmain&amp#27;[0;39m] &amp#27;[33mcom.clarolab.connectors.impl.jenkins.services.JenkinsHttpClient&amp#27;[0;39m: lith2-jnks-strict.phx1.jivehosted.com
&amp#27;[30m2019-04-04 17:52:00,567&amp#27;[0;39m &amp#27;[34mINFO &amp#27;[0;39m [&amp#27;[34mmain&amp#27;[0;39m] &amp#27;[33morg.springframework.test.context.transaction.TransactionContext&amp#27;[0;39m: Rolled back transaction for test: [DefaultTestContext@5b07b2f1 testClass = JenkinsCIConnectorTest, testInstance = com.clarolab.integration.test.connectors.JenkinsCIConnectorTest@1e2d085c, testMethod = getViewsOnJenkins@JenkinsCIConnectorTest, testException = org.junit.AssumptionViolatedException: got: <false>, expected: is <true>, mergedContextConfiguration = [WebMergedContextConfiguration@7308ed03 testClass = JenkinsCIConnectorTest, locations = '{}', classes = '{class com.clarolab.QAReportApplication, class com.clarolab.QAReportApplication}', contextInitializerClasses = '[]', activeProfiles = '{}', propertySourceLocations = '{}', propertySourceProperties = '{org.springframework.boot.test.context.SpringBootTestContextBootstrapper=true}', contextCustomizers = set[org.springframework.boot.test.context.filter.ExcludeFilterContextCustomizer@2667f029, org.springframework.boot.test.json.DuplicateJsonObjectContextCustomizerFactory$DuplicateJsonObjectContextCustomizer@a9cd3b1, org.springframework.boot.test.mock.mockito.MockitoContextCustomizer@0, org.springframework.boot.test.web.client.TestRestTemplateContextCustomizer@4facf68f, org.springframework.boot.test.autoconfigure.properties.PropertyMappingContextCustomizer@0, org.springframework.boot.test.autoconfigure.web.servlet.WebDriverContextCustomizerFactory$Customizer@7722c3c3], resourceBasePath = 'src/main/webapp', contextLoader = 'org.springframework.boot.test.context.SpringBootContextLoader', parent = [null]], attributes = map['org.springframework.test.context.web.ServletTestExecutionListener.activateListener' -> true, 'org.springframework.test.context.web.ServletTestExecutionListener.populatedRequestContextHolder' -> true, 'org.springframework.test.context.web.ServletTestExecutionListener.resetRequestContextHolder' -> true]]
]]></system-out>
  </testcase>
  <testcase name="getExecutorsOnJenkinsNestedView" classname="com.clarolab.integration.test.connectors.JenkinsCIConnectorTest" time="0">
    <skipped message="got: &lt;false&gt;, expected: is &lt;true&gt;"/>
    <system-out><![CDATA[&amp#27;[30m2019-04-04 17:52:00,568&amp#27;[0;39m &amp#27;[34mINFO &amp#27;[0;39m [&amp#27;[34mmain&amp#27;[0;39m] &amp#27;[33morg.springframework.test.context.transaction.TransactionContext&amp#27;[0;39m: Began transaction (1) for test context [DefaultTestContext@5b07b2f1 testClass = JenkinsCIConnectorTest, testInstance = com.clarolab.integration.test.connectors.JenkinsCIConnectorTest@bb526c, testMethod = getExecutorsOnJenkinsNestedView@JenkinsCIConnectorTest, testException = [null], mergedContextConfiguration = [WebMergedContextConfiguration@7308ed03 testClass = JenkinsCIConnectorTest, locations = '{}', classes = '{class com.clarolab.QAReportApplication, class com.clarolab.QAReportApplication}', contextInitializerClasses = '[]', activeProfiles = '{}', propertySourceLocations = '{}', propertySourceProperties = '{org.springframework.boot.test.context.SpringBootTestContextBootstrapper=true}', contextCustomizers = set[org.springframework.boot.test.context.filter.ExcludeFilterContextCustomizer@2667f029, org.springframework.boot.test.json.DuplicateJsonObjectContextCustomizerFactory$DuplicateJsonObjectContextCustomizer@a9cd3b1, org.springframework.boot.test.mock.mockito.MockitoContextCustomizer@0, org.springframework.boot.test.web.client.TestRestTemplateContextCustomizer@4facf68f, org.springframework.boot.test.autoconfigure.properties.PropertyMappingContextCustomizer@0, org.springframework.boot.test.autoconfigure.web.servlet.WebDriverContextCustomizerFactory$Customizer@7722c3c3], resourceBasePath = 'src/main/webapp', contextLoader = 'org.springframework.boot.test.context.SpringBootContextLoader', parent = [null]], attributes = map['org.springframework.test.context.web.ServletTestExecutionListener.activateListener' -> true, 'org.springframework.test.context.web.ServletTestExecutionListener.populatedRequestContextHolder' -> true, 'org.springframework.test.context.web.ServletTestExecutionListener.resetRequestContextHolder' -> true]]; transaction manager [org.springframework.orm.jpa.JpaTransactionManager@4d10360e]; rollback [true]
&amp#27;[30m2019-04-04 17:52:00,573&amp#27;[0;39m &amp#27;[34mINFO &amp#27;[0;39m [&amp#27;[34mmain&amp#27;[0;39m] &amp#27;[33mcom.clarolab.util.rest.HttpClient&amp#27;[0;39m: Curl to execute: curl -u jenkins.ci:805482bd5ba4ca42db0aad0914e84115 --header 'Accept: application/json;' -X GET "http://lith2-jnks-strict.phx1.jivehosted.com:8080/" --insecure
&amp#27;[30m2019-04-04 17:52:00,573&amp#27;[0;39m &amp#27;[34mINFO &amp#27;[0;39m [&amp#27;[34mmain&amp#27;[0;39m] &amp#27;[33mcom.clarolab.util.rest.HttpClient&amp#27;[0;39m: Try request: 1
&amp#27;[30m2019-04-04 17:52:00,573&amp#27;[0;39m &amp#27;[1;31mERROR&amp#27;[0;39m [&amp#27;[34mmain&amp#27;[0;39m] &amp#27;[33mcom.clarolab.connectors.impl.jenkins.services.JenkinsHttpClient&amp#27;[0;39m: lith2-jnks-strict.phx1.jivehosted.com
&amp#27;[30m2019-04-04 17:52:00,574&amp#27;[0;39m &amp#27;[34mINFO &amp#27;[0;39m [&amp#27;[34mmain&amp#27;[0;39m] &amp#27;[33morg.springframework.test.context.transaction.TransactionContext&amp#27;[0;39m: Rolled back transaction for test: [DefaultTestContext@5b07b2f1 testClass = JenkinsCIConnectorTest, testInstance = com.clarolab.integration.test.connectors.JenkinsCIConnectorTest@bb526c, testMethod = getExecutorsOnJenkinsNestedView@JenkinsCIConnectorTest, testException = org.junit.AssumptionViolatedException: got: <false>, expected: is <true>, mergedContextConfiguration = [WebMergedContextConfiguration@7308ed03 testClass = JenkinsCIConnectorTest, locations = '{}', classes = '{class com.clarolab.QAReportApplication, class com.clarolab.QAReportApplication}', contextInitializerClasses = '[]', activeProfiles = '{}', propertySourceLocations = '{}', propertySourceProperties = '{org.springframework.boot.test.context.SpringBootTestContextBootstrapper=true}', contextCustomizers = set[org.springframework.boot.test.context.filter.ExcludeFilterContextCustomizer@2667f029, org.springframework.boot.test.json.DuplicateJsonObjectContextCustomizerFactory$DuplicateJsonObjectContextCustomizer@a9cd3b1, org.springframework.boot.test.mock.mockito.MockitoContextCustomizer@0, org.springframework.boot.test.web.client.TestRestTemplateContextCustomizer@4facf68f, org.springframework.boot.test.autoconfigure.properties.PropertyMappingContextCustomizer@0, org.springframework.boot.test.autoconfigure.web.servlet.WebDriverContextCustomizerFactory$Customizer@7722c3c3], resourceBasePath = 'src/main/webapp', contextLoader = 'org.springframework.boot.test.context.SpringBootContextLoader', parent = [null]], attributes = map['org.springframework.test.context.web.ServletTestExecutionListener.activateListener' -> true, 'org.springframework.test.context.web.ServletTestExecutionListener.populatedRequestContextHolder' -> true, 'org.springframework.test.context.web.ServletTestExecutionListener.resetRequestContextHolder' -> true]]
]]></system-out>
  </testcase>
  <testcase name="getExecutorsOnJenkinsFolder" classname="com.clarolab.integration.test.connectors.JenkinsCIConnectorTest" time="0">
    <skipped message="got: &lt;false&gt;, expected: is &lt;true&gt;"/>
    <system-out><![CDATA[&amp#27;[30m2019-04-04 17:52:00,575&amp#27;[0;39m &amp#27;[34mINFO &amp#27;[0;39m [&amp#27;[34mmain&amp#27;[0;39m] &amp#27;[33morg.springframework.test.context.transaction.TransactionContext&amp#27;[0;39m: Began transaction (1) for test context [DefaultTestContext@5b07b2f1 testClass = JenkinsCIConnectorTest, testInstance = com.clarolab.integration.test.connectors.JenkinsCIConnectorTest@fd01dc5, testMethod = getExecutorsOnJenkinsFolder@JenkinsCIConnectorTest, testException = [null], mergedContextConfiguration = [WebMergedContextConfiguration@7308ed03 testClass = JenkinsCIConnectorTest, locations = '{}', classes = '{class com.clarolab.QAReportApplication, class com.clarolab.QAReportApplication}', contextInitializerClasses = '[]', activeProfiles = '{}', propertySourceLocations = '{}', propertySourceProperties = '{org.springframework.boot.test.context.SpringBootTestContextBootstrapper=true}', contextCustomizers = set[org.springframework.boot.test.context.filter.ExcludeFilterContextCustomizer@2667f029, org.springframework.boot.test.json.DuplicateJsonObjectContextCustomizerFactory$DuplicateJsonObjectContextCustomizer@a9cd3b1, org.springframework.boot.test.mock.mockito.MockitoContextCustomizer@0, org.springframework.boot.test.web.client.TestRestTemplateContextCustomizer@4facf68f, org.springframework.boot.test.autoconfigure.properties.PropertyMappingContextCustomizer@0, org.springframework.boot.test.autoconfigure.web.servlet.WebDriverContextCustomizerFactory$Customizer@7722c3c3], resourceBasePath = 'src/main/webapp', contextLoader = 'org.springframework.boot.test.context.SpringBootContextLoader', parent = [null]], attributes = map['org.springframework.test.context.web.ServletTestExecutionListener.activateListener' -> true, 'org.springframework.test.context.web.ServletTestExecutionListener.populatedRequestContextHolder' -> true, 'org.springframework.test.context.web.ServletTestExecutionListener.resetRequestContextHolder' -> true]]; transaction manager [org.springframework.orm.jpa.JpaTransactionManager@4d10360e]; rollback [true]
&amp#27;[30m2019-04-04 17:52:00,580&amp#27;[0;39m &amp#27;[34mINFO &amp#27;[0;39m [&amp#27;[34mmain&amp#27;[0;39m] &amp#27;[33mcom.clarolab.util.rest.HttpClient&amp#27;[0;39m: Curl to execute: curl -u jenkins.ci:805482bd5ba4ca42db0aad0914e84115 --header 'Accept: application/json;' -X GET "http://lith2-jnks-strict.phx1.jivehosted.com:8080/" --insecure
&amp#27;[30m2019-04-04 17:52:00,580&amp#27;[0;39m &amp#27;[34mINFO &amp#27;[0;39m [&amp#27;[34mmain&amp#27;[0;39m] &amp#27;[33mcom.clarolab.util.rest.HttpClient&amp#27;[0;39m: Try request: 1
&amp#27;[30m2019-04-04 17:52:00,581&amp#27;[0;39m &amp#27;[1;31mERROR&amp#27;[0;39m [&amp#27;[34mmain&amp#27;[0;39m] &amp#27;[33mcom.clarolab.connectors.impl.jenkins.services.JenkinsHttpClient&amp#27;[0;39m: lith2-jnks-strict.phx1.jivehosted.com
&amp#27;[30m2019-04-04 17:52:00,581&amp#27;[0;39m &amp#27;[34mINFO &amp#27;[0;39m [&amp#27;[34mmain&amp#27;[0;39m] &amp#27;[33morg.springframework.test.context.transaction.TransactionContext&amp#27;[0;39m: Rolled back transaction for test: [DefaultTestContext@5b07b2f1 testClass = JenkinsCIConnectorTest, testInstance = com.clarolab.integration.test.connectors.JenkinsCIConnectorTest@fd01dc5, testMethod = getExecutorsOnJenkinsFolder@JenkinsCIConnectorTest, testException = org.junit.AssumptionViolatedException: got: <false>, expected: is <true>, mergedContextConfiguration = [WebMergedContextConfiguration@7308ed03 testClass = JenkinsCIConnectorTest, locations = '{}', classes = '{class com.clarolab.QAReportApplication, class com.clarolab.QAReportApplication}', contextInitializerClasses = '[]', activeProfiles = '{}', propertySourceLocations = '{}', propertySourceProperties = '{org.springframework.boot.test.context.SpringBootTestContextBootstrapper=true}', contextCustomizers = set[org.springframework.boot.test.context.filter.ExcludeFilterContextCustomizer@2667f029, org.springframework.boot.test.json.DuplicateJsonObjectContextCustomizerFactory$DuplicateJsonObjectContextCustomizer@a9cd3b1, org.springframework.boot.test.mock.mockito.MockitoContextCustomizer@0, org.springframework.boot.test.web.client.TestRestTemplateContextCustomizer@4facf68f, org.springframework.boot.test.autoconfigure.properties.PropertyMappingContextCustomizer@0, org.springframework.boot.test.autoconfigure.web.servlet.WebDriverContextCustomizerFactory$Customizer@7722c3c3], resourceBasePath = 'src/main/webapp', contextLoader = 'org.springframework.boot.test.context.SpringBootContextLoader', parent = [null]], attributes = map['org.springframework.test.context.web.ServletTestExecutionListener.activateListener' -> true, 'org.springframework.test.context.web.ServletTestExecutionListener.populatedRequestContextHolder' -> true, 'org.springframework.test.context.web.ServletTestExecutionListener.resetRequestContextHolder' -> true]]
]]></system-out>
  </testcase>
  <testcase name="getExecutorsInViewTest" classname="com.clarolab.integration.test.connectors.JenkinsCIConnectorTest" time="0">
    <skipped message="got: &lt;false&gt;, expected: is &lt;true&gt;"/>
    <system-out><![CDATA[&amp#27;[30m2019-04-04 17:52:00,582&amp#27;[0;39m &amp#27;[34mINFO &amp#27;[0;39m [&amp#27;[34mmain&amp#27;[0;39m] &amp#27;[33morg.springframework.test.context.transaction.TransactionContext&amp#27;[0;39m: Began transaction (1) for test context [DefaultTestContext@5b07b2f1 testClass = JenkinsCIConnectorTest, testInstance = com.clarolab.integration.test.connectors.JenkinsCIConnectorTest@51b75097, testMethod = getExecutorsInViewTest@JenkinsCIConnectorTest, testException = [null], mergedContextConfiguration = [WebMergedContextConfiguration@7308ed03 testClass = JenkinsCIConnectorTest, locations = '{}', classes = '{class com.clarolab.QAReportApplication, class com.clarolab.QAReportApplication}', contextInitializerClasses = '[]', activeProfiles = '{}', propertySourceLocations = '{}', propertySourceProperties = '{org.springframework.boot.test.context.SpringBootTestContextBootstrapper=true}', contextCustomizers = set[org.springframework.boot.test.context.filter.ExcludeFilterContextCustomizer@2667f029, org.springframework.boot.test.json.DuplicateJsonObjectContextCustomizerFactory$DuplicateJsonObjectContextCustomizer@a9cd3b1, org.springframework.boot.test.mock.mockito.MockitoContextCustomizer@0, org.springframework.boot.test.web.client.TestRestTemplateContextCustomizer@4facf68f, org.springframework.boot.test.autoconfigure.properties.PropertyMappingContextCustomizer@0, org.springframework.boot.test.autoconfigure.web.servlet.WebDriverContextCustomizerFactory$Customizer@7722c3c3], resourceBasePath = 'src/main/webapp', contextLoader = 'org.springframework.boot.test.context.SpringBootContextLoader', parent = [null]], attributes = map['org.springframework.test.context.web.ServletTestExecutionListener.activateListener' -> true, 'org.springframework.test.context.web.ServletTestExecutionListener.populatedRequestContextHolder' -> true, 'org.springframework.test.context.web.ServletTestExecutionListener.resetRequestContextHolder' -> true]]; transaction manager [org.springframework.orm.jpa.JpaTransactionManager@4d10360e]; rollback [true]
&amp#27;[30m2019-04-04 17:52:00,587&amp#27;[0;39m &amp#27;[34mINFO &amp#27;[0;39m [&amp#27;[34mmain&amp#27;[0;39m] &amp#27;[33mcom.clarolab.util.rest.HttpClient&amp#27;[0;39m: Curl to execute: curl -u jenkins.ci:805482bd5ba4ca42db0aad0914e84115 --header 'Accept: application/json;' -X GET "http://lith2-jnks-strict.phx1.jivehosted.com:8080/" --insecure
&amp#27;[30m2019-04-04 17:52:00,588&amp#27;[0;39m &amp#27;[34mINFO &amp#27;[0;39m [&amp#27;[34mmain&amp#27;[0;39m] &amp#27;[33mcom.clarolab.util.rest.HttpClient&amp#27;[0;39m: Try request: 1
&amp#27;[30m2019-04-04 17:52:00,588&amp#27;[0;39m &amp#27;[1;31mERROR&amp#27;[0;39m [&amp#27;[34mmain&amp#27;[0;39m] &amp#27;[33mcom.clarolab.connectors.impl.jenkins.services.JenkinsHttpClient&amp#27;[0;39m: lith2-jnks-strict.phx1.jivehosted.com
&amp#27;[30m2019-04-04 17:52:00,588&amp#27;[0;39m &amp#27;[34mINFO &amp#27;[0;39m [&amp#27;[34mmain&amp#27;[0;39m] &amp#27;[33morg.springframework.test.context.transaction.TransactionContext&amp#27;[0;39m: Rolled back transaction for test: [DefaultTestContext@5b07b2f1 testClass = JenkinsCIConnectorTest, testInstance = com.clarolab.integration.test.connectors.JenkinsCIConnectorTest@51b75097, testMethod = getExecutorsInViewTest@JenkinsCIConnectorTest, testException = org.junit.AssumptionViolatedException: got: <false>, expected: is <true>, mergedContextConfiguration = [WebMergedContextConfiguration@7308ed03 testClass = JenkinsCIConnectorTest, locations = '{}', classes = '{class com.clarolab.QAReportApplication, class com.clarolab.QAReportApplication}', contextInitializerClasses = '[]', activeProfiles = '{}', propertySourceLocations = '{}', propertySourceProperties = '{org.springframework.boot.test.context.SpringBootTestContextBootstrapper=true}', contextCustomizers = set[org.springframework.boot.test.context.filter.ExcludeFilterContextCustomizer@2667f029, org.springframework.boot.test.json.DuplicateJsonObjectContextCustomizerFactory$DuplicateJsonObjectContextCustomizer@a9cd3b1, org.springframework.boot.test.mock.mockito.MockitoContextCustomizer@0, org.springframework.boot.test.web.client.TestRestTemplateContextCustomizer@4facf68f, org.springframework.boot.test.autoconfigure.properties.PropertyMappingContextCustomizer@0, org.springframework.boot.test.autoconfigure.web.servlet.WebDriverContextCustomizerFactory$Customizer@7722c3c3], resourceBasePath = 'src/main/webapp', contextLoader = 'org.springframework.boot.test.context.SpringBootContextLoader', parent = [null]], attributes = map['org.springframework.test.context.web.ServletTestExecutionListener.activateListener' -> true, 'org.springframework.test.context.web.ServletTestExecutionListener.populatedRequestContextHolder' -> true, 'org.springframework.test.context.web.ServletTestExecutionListener.resetRequestContextHolder' -> true]]
]]></system-out>
  </testcase>
  <testcase name="reportCucumberTest" classname="com.clarolab.integration.test.reports.CucumberReportTest" time="0.025"/>
  <testcase name="reportJunitTest" classname="com.clarolab.integration.test.reports.JunitReportTest" time="0.05"/>
  <testcase name="reportTestngTest" classname="com.clarolab.integration.test.reports.TestngReportTest" time="0.229"/>
  <testcase name="reportRobotTest" classname="com.clarolab.integration.test.reports.RobotReportTest" time="0.098"/>
  <testcase name="listAllBuilds" classname="com.clarolab.unit.test.BuilderServiceUnitTest" time="0.017">
    <failure message="expected:&lt;[com.clarolab.model.Build@461e3e5]&gt; but was:&lt;[]&gt;" type="java.lang.AssertionError"><![CDATA[java.lang.AssertionError: expected:<[com.clarolab.model.Build@461e3e5]> but was:<[]>
	at com.clarolab.unit.test.BuilderServiceUnitTest.listAllBuilds(BuilderServiceUnitTest.java:64)
]]></failure>
  </testcase>
  <testcase name="updateBuild" classname="com.clarolab.unit.test.BuilderServiceUnitTest" time="0.002"/>
  <testcase name="createBuild" classname="com.clarolab.unit.test.BuilderServiceUnitTest" time="0"/>
  <testcase name="createNullBuild" classname="com.clarolab.unit.test.BuilderServiceUnitTest" time="0.002"/>
  <testcase name="findByUsernameUser" classname="com.clarolab.unit.test.UserServiceUnitTest" time="0.001"/>
  <testcase name="listAllUsers" classname="com.clarolab.unit.test.UserServiceUnitTest" time="0.001">
    <failure message="expected:&lt;[com.clarolab.model.User@1002e64a]&gt; but was:&lt;[]&gt;" type="java.lang.AssertionError"><![CDATA[java.lang.AssertionError: expected:<[com.clarolab.model.User@1002e64a]> but was:<[]>
	at com.clarolab.unit.test.UserServiceUnitTest.listAllUsers(UserServiceUnitTest.java:79)
]]></failure>
  </testcase>
  <testcase name="createNullUser" classname="com.clarolab.unit.test.UserServiceUnitTest" time="0.002"/>
  <testcase name="updateUser" classname="com.clarolab.unit.test.UserServiceUnitTest" time="0.001"/>
  <testcase name="createInvalidUsernameUser" classname="com.clarolab.unit.test.UserServiceUnitTest" time="0.001">
    <failure message="Expected exception: com.clarolab.service.exception.InvalidDataException" type="java.lang.AssertionError">java.lang.AssertionError: Expected exception: com.clarolab.service.exception.InvalidDataException
</failure>
    <system-out><![CDATA[CREATED: com.clarolab.model.User@299e2070
]]></system-out>
  </testcase>
</testsuite>