<?xml version="1.0" encoding="UTF-8"?>
<testsuite xmlns:xsi="http://www.w3.org/2001/XMLSchema-instance" xsi:noNamespaceSchemaLocation="https://maven.apache.org/surefire/maven-surefire-plugin/xsd/surefire-test-report-3.0.xsd" version="3.0" name="TestSuite" time="935.003" tests="41" errors="0" skipped="0" failures="13">
  <properties>
    <property name="awt.toolkit" value="sun.awt.X11.XToolkit"/>
    <property name="tests.url" value="http://tdev.clarolab.com/"/>
    <property name="java.specification.version" value="1.8"/>
    <property name="file.encoding.pkg" value="sun.io"/>
    <property name="sun.cpu.isalist" value=""/>
    <property name="org.uncommons.reportng.frames" value="true"/>
    <property name="sun.jnu.encoding" value="UTF-8"/>
    <property name="org.uncommons.reportng.escape-output" value="false"/>
    <property name="java.class.path" value="/var/jenkins_home/workspace/TTriage Test Selenium Chrome/target/test-classes:/var/jenkins_home/workspace/TTriage Test Selenium Chrome/target/classes:/var/jenkins_home/.m2/repository/com/clarolab/selenium/pages-framework/1.1/pages-framework-1.1.jar:/var/jenkins_home/.m2/repository/org/apache/httpcomponents/httpclient/4.3.2/httpclient-4.3.2.jar:/var/jenkins_home/.m2/repository/commons-logging/commons-logging/1.1.3/commons-logging-1.1.3.jar:/var/jenkins_home/.m2/repository/org/apache/httpcomponents/httpcore/4.3.2/httpcore-4.3.2.jar:/var/jenkins_home/.m2/repository/org/slf4j/slf4j-api/1.7.7/slf4j-api-1.7.7.jar:/var/jenkins_home/.m2/repository/com/google/code/findbugs/jsr305/3.0.0/jsr305-3.0.0.jar:/var/jenkins_home/.m2/repository/com/google/guava/guava/18.0/guava-18.0.jar:/var/jenkins_home/.m2/repository/io/appium/java-client/2.1.0/java-client-2.1.0.jar:/var/jenkins_home/.m2/repository/cglib/cglib/3.1/cglib-3.1.jar:/var/jenkins_home/.m2/repository/org/ow2/asm/asm/4.2/asm-4.2.jar:/var/jenkins_home/.m2/repository/org/codehaus/jackson/jackson-mapper-asl/1.9.13/jackson-mapper-asl-1.9.13.jar:/var/jenkins_home/.m2/repository/org/codehaus/jackson/jackson-core-asl/1.9.13/jackson-core-asl-1.9.13.jar:/var/jenkins_home/.m2/repository/org/testng/testng/6.8.8/testng-6.8.8.jar:/var/jenkins_home/.m2/repository/org/beanshell/bsh/2.0b4/bsh-2.0b4.jar:/var/jenkins_home/.m2/repository/com/beust/jcommander/1.27/jcommander-1.27.jar:/var/jenkins_home/.m2/repository/org/seleniumhq/selenium/selenium-api/2.45.0/selenium-api-2.45.0.jar:/var/jenkins_home/.m2/repository/com/google/code/gson/gson/2.3.1/gson-2.3.1.jar:/var/jenkins_home/.m2/repository/org/seleniumhq/selenium/selenium-java/2.45.0/selenium-java-2.45.0.jar:/var/jenkins_home/.m2/repository/org/seleniumhq/selenium/selenium-chrome-driver/2.45.0/selenium-chrome-driver-2.45.0.jar:/var/jenkins_home/.m2/repository/org/seleniumhq/selenium/selenium-htmlunit-driver/2.45.0/selenium-htmlunit-driver-2.45.0.jar:/var/jenkins_home/.m2/repository/net/sourceforge/htmlunit/htmlunit/2.15/htmlunit-2.15.jar:/var/jenkins_home/.m2/repository/xalan/xalan/2.7.1/xalan-2.7.1.jar:/var/jenkins_home/.m2/repository/xalan/serializer/2.7.1/serializer-2.7.1.jar:/var/jenkins_home/.m2/repository/commons-collections/commons-collections/3.2.1/commons-collections-3.2.1.jar:/var/jenkins_home/.m2/repository/org/apache/commons/commons-lang3/3.3.2/commons-lang3-3.3.2.jar:/var/jenkins_home/.m2/repository/org/apache/httpcomponents/httpmime/4.3.3/httpmime-4.3.3.jar:/var/jenkins_home/.m2/repository/net/sourceforge/htmlunit/htmlunit-core-js/2.15/htmlunit-core-js-2.15.jar:/var/jenkins_home/.m2/repository/xerces/xercesImpl/2.11.0/xercesImpl-2.11.0.jar:/var/jenkins_home/.m2/repository/xml-apis/xml-apis/1.4.01/xml-apis-1.4.01.jar:/var/jenkins_home/.m2/repository/net/sourceforge/nekohtml/nekohtml/1.9.21/nekohtml-1.9.21.jar:/var/jenkins_home/.m2/repository/net/sourceforge/cssparser/cssparser/0.9.14/cssparser-0.9.14.jar:/var/jenkins_home/.m2/repository/org/w3c/css/sac/1.3/sac-1.3.jar:/var/jenkins_home/.m2/repository/org/eclipse/jetty/jetty-websocket/8.1.15.v20140411/jetty-websocket-8.1.15.v20140411.jar:/var/jenkins_home/.m2/repository/org/eclipse/jetty/jetty-util/8.1.15.v20140411/jetty-util-8.1.15.v20140411.jar:/var/jenkins_home/.m2/repository/org/eclipse/jetty/jetty-io/8.1.15.v20140411/jetty-io-8.1.15.v20140411.jar:/var/jenkins_home/.m2/repository/org/eclipse/jetty/jetty-http/8.1.15.v20140411/jetty-http-8.1.15.v20140411.jar:/var/jenkins_home/.m2/repository/org/seleniumhq/selenium/selenium-firefox-driver/2.45.0/selenium-firefox-driver-2.45.0.jar:/var/jenkins_home/.m2/repository/org/seleniumhq/selenium/selenium-ie-driver/2.45.0/selenium-ie-driver-2.45.0.jar:/var/jenkins_home/.m2/repository/org/seleniumhq/selenium/selenium-safari-driver/2.45.0/selenium-safari-driver-2.45.0.jar:/var/jenkins_home/.m2/repository/org/seleniumhq/selenium/selenium-support/2.45.0/selenium-support-2.45.0.jar:/var/jenkins_home/.m2/repository/org/webbitserver/webbit/0.4.14/webbit-0.4.14.jar:/var/jenkins_home/.m2/repository/io/netty/netty/3.5.2.Final/netty-3.5.2.Final.jar:/var/jenkins_home/.m2/repository/org/seleniumhq/selenium/selenium-leg-rc/2.45.0/selenium-leg-rc-2.45.0.jar:/var/jenkins_home/.m2/repository/org/seleniumhq/selenium/selenium-remote-driver/2.45.0/selenium-remote-driver-2.45.0.jar:/var/jenkins_home/.m2/repository/cglib/cglib-nodep/2.1_3/cglib-nodep-2.1_3.jar:/var/jenkins_home/.m2/repository/org/apache/commons/commons-exec/1.1/commons-exec-1.1.jar:/var/jenkins_home/.m2/repository/net/java/dev/jna/jna/3.4.0/jna-3.4.0.jar:/var/jenkins_home/.m2/repository/net/java/dev/jna/platform/3.4.0/platform-3.4.0.jar:/var/jenkins_home/.m2/repository/com/codeborne/selenide/4.2.1/selenide-4.2.1.jar:/var/jenkins_home/.m2/repository/net/lightbody/bmp/browsermob-core/2.1.2/browsermob-core-2.1.2.jar:/var/jenkins_home/.m2/repository/net/lightbody/bmp/littleproxy/1.1.0-beta-bmp-13/littleproxy-1.1.0-beta-bmp-13.jar:/var/jenkins_home/.m2/repository/com/fasterxml/jackson/core/jackson-core/2.7.5/jackson-core-2.7.5.jar:/var/jenkins_home/.m2/repository/com/fasterxml/jackson/core/jackson-databind/2.7.5/jackson-databind-2.7.5.jar:/var/jenkins_home/.m2/repository/com/fasterxml/jackson/core/jackson-annotations/2.7.5/jackson-annotations-2.7.5.jar:/var/jenkins_home/.m2/repository/net/sf/uadetector/uadetector-resources/2014.10/uadetector-resources-2014.10.jar:/var/jenkins_home/.m2/repository/net/sf/uadetector/uadetector-core/0.9.22/uadetector-core-0.9.22.jar:/var/jenkins_home/.m2/repository/net/sf/qualitycheck/quality-check/1.3/quality-check-1.3.jar:/var/jenkins_home/.m2/repository/javax/annotation/jsr250-api/1.0/jsr250-api-1.0.jar:/var/jenkins_home/.m2/repository/dnsjava/dnsjava/2.1.7/dnsjava-2.1.7.jar:/var/jenkins_home/.m2/repository/org/slf4j/jcl-over-slf4j/1.7.21/jcl-over-slf4j-1.7.21.jar:/var/jenkins_home/.m2/repository/com/jcraft/jzlib/1.1.3/jzlib-1.1.3.jar:/var/jenkins_home/.m2/repository/io/netty/netty-all/4.0.39.Final/netty-all-4.0.39.Final.jar:/var/jenkins_home/.m2/repository/org/bouncycastle/bcprov-jdk15on/1.54/bcprov-jdk15on-1.54.jar:/var/jenkins_home/.m2/repository/org/bouncycastle/bcpkix-jdk15on/1.54/bcpkix-jdk15on-1.54.jar:/var/jenkins_home/.m2/repository/net/lightbody/bmp/mitm/2.1.2/mitm-2.1.2.jar:/var/jenkins_home/.m2/repository/com/codeborne/phantomjsdriver/1.3.0/phantomjsdriver-1.3.0.jar:/var/jenkins_home/.m2/repository/commons-codec/commons-codec/1.10/commons-codec-1.10.jar:/var/jenkins_home/.m2/repository/org/json/json/20180813/json-20180813.jar:/var/jenkins_home/.m2/repository/com/googlecode/json-simple/json-simple/1.1.1/json-simple-1.1.1.jar:/var/jenkins_home/.m2/repository/junit/junit/4.10/junit-4.10.jar:/var/jenkins_home/.m2/repository/org/hamcrest/hamcrest-core/1.1/hamcrest-core-1.1.jar:/var/jenkins_home/.m2/repository/com/browserstack/browserstack-local-java/1.0.3/browserstack-local-java-1.0.3.jar:/var/jenkins_home/.m2/repository/commons-io/commons-io/1.3.2/commons-io-1.3.2.jar:/var/jenkins_home/.m2/repository/org/projectlombok/lombok/1.18.4/lombok-1.18.4.jar:"/>
    <property name="java.vm.vendor" value="Oracle Corporation"/>
    <property name="sun.arch.data.model" value="64"/>
    <property name="tests.webDriverPath" value=""/>
    <property name="org.uncommons.reportng.title" value="T-triage UI Test Results"/>
    <property name="java.vendor.url" value="http://java.oracle.com/"/>
    <property name="selenium.hub" value="BROWSERSTACK"/>
    <property name="user.timezone" value=""/>
    <property name="java.vm.specification.version" value="1.8"/>
    <property name="os.name" value="Linux"/>
    <property name="sun.java.launcher" value="SUN_STANDARD"/>
    <property name="sun.boot.library.path" value="/usr/lib/jvm/java-8-openjdk-amd64/jre/lib/amd64"/>
    <property name="sun.java.command" value="/var/jenkins_home/workspace/TTriage Test Selenium Chrome/target/surefire/surefirebooter3508195022769515663.jar /var/jenkins_home/workspace/TTriage Test Selenium Chrome/target/surefire 2019-05-09T13-04-03_013-jvmRun1 surefire138583792221352654tmp surefire_03861686069422904749tmp"/>
    <property name="surefire.test.class.path" value="/var/jenkins_home/workspace/TTriage Test Selenium Chrome/target/test-classes:/var/jenkins_home/workspace/TTriage Test Selenium Chrome/target/classes:/var/jenkins_home/.m2/repository/com/clarolab/selenium/pages-framework/1.1/pages-framework-1.1.jar:/var/jenkins_home/.m2/repository/org/apache/httpcomponents/httpclient/4.3.2/httpclient-4.3.2.jar:/var/jenkins_home/.m2/repository/commons-logging/commons-logging/1.1.3/commons-logging-1.1.3.jar:/var/jenkins_home/.m2/repository/org/apache/httpcomponents/httpcore/4.3.2/httpcore-4.3.2.jar:/var/jenkins_home/.m2/repository/org/slf4j/slf4j-api/1.7.7/slf4j-api-1.7.7.jar:/var/jenkins_home/.m2/repository/com/google/code/findbugs/jsr305/3.0.0/jsr305-3.0.0.jar:/var/jenkins_home/.m2/repository/com/google/guava/guava/18.0/guava-18.0.jar:/var/jenkins_home/.m2/repository/io/appium/java-client/2.1.0/java-client-2.1.0.jar:/var/jenkins_home/.m2/repository/cglib/cglib/3.1/cglib-3.1.jar:/var/jenkins_home/.m2/repository/org/ow2/asm/asm/4.2/asm-4.2.jar:/var/jenkins_home/.m2/repository/org/codehaus/jackson/jackson-mapper-asl/1.9.13/jackson-mapper-asl-1.9.13.jar:/var/jenkins_home/.m2/repository/org/codehaus/jackson/jackson-core-asl/1.9.13/jackson-core-asl-1.9.13.jar:/var/jenkins_home/.m2/repository/org/testng/testng/6.8.8/testng-6.8.8.jar:/var/jenkins_home/.m2/repository/org/beanshell/bsh/2.0b4/bsh-2.0b4.jar:/var/jenkins_home/.m2/repository/com/beust/jcommander/1.27/jcommander-1.27.jar:/var/jenkins_home/.m2/repository/org/seleniumhq/selenium/selenium-api/2.45.0/selenium-api-2.45.0.jar:/var/jenkins_home/.m2/repository/com/google/code/gson/gson/2.3.1/gson-2.3.1.jar:/var/jenkins_home/.m2/repository/org/seleniumhq/selenium/selenium-java/2.45.0/selenium-java-2.45.0.jar:/var/jenkins_home/.m2/repository/org/seleniumhq/selenium/selenium-chrome-driver/2.45.0/selenium-chrome-driver-2.45.0.jar:/var/jenkins_home/.m2/repository/org/seleniumhq/selenium/selenium-htmlunit-driver/2.45.0/selenium-htmlunit-driver-2.45.0.jar:/var/jenkins_home/.m2/repository/net/sourceforge/htmlunit/htmlunit/2.15/htmlunit-2.15.jar:/var/jenkins_home/.m2/repository/xalan/xalan/2.7.1/xalan-2.7.1.jar:/var/jenkins_home/.m2/repository/xalan/serializer/2.7.1/serializer-2.7.1.jar:/var/jenkins_home/.m2/repository/commons-collections/commons-collections/3.2.1/commons-collections-3.2.1.jar:/var/jenkins_home/.m2/repository/org/apache/commons/commons-lang3/3.3.2/commons-lang3-3.3.2.jar:/var/jenkins_home/.m2/repository/org/apache/httpcomponents/httpmime/4.3.3/httpmime-4.3.3.jar:/var/jenkins_home/.m2/repository/net/sourceforge/htmlunit/htmlunit-core-js/2.15/htmlunit-core-js-2.15.jar:/var/jenkins_home/.m2/repository/xerces/xercesImpl/2.11.0/xercesImpl-2.11.0.jar:/var/jenkins_home/.m2/repository/xml-apis/xml-apis/1.4.01/xml-apis-1.4.01.jar:/var/jenkins_home/.m2/repository/net/sourceforge/nekohtml/nekohtml/1.9.21/nekohtml-1.9.21.jar:/var/jenkins_home/.m2/repository/net/sourceforge/cssparser/cssparser/0.9.14/cssparser-0.9.14.jar:/var/jenkins_home/.m2/repository/org/w3c/css/sac/1.3/sac-1.3.jar:/var/jenkins_home/.m2/repository/org/eclipse/jetty/jetty-websocket/8.1.15.v20140411/jetty-websocket-8.1.15.v20140411.jar:/var/jenkins_home/.m2/repository/org/eclipse/jetty/jetty-util/8.1.15.v20140411/jetty-util-8.1.15.v20140411.jar:/var/jenkins_home/.m2/repository/org/eclipse/jetty/jetty-io/8.1.15.v20140411/jetty-io-8.1.15.v20140411.jar:/var/jenkins_home/.m2/repository/org/eclipse/jetty/jetty-http/8.1.15.v20140411/jetty-http-8.1.15.v20140411.jar:/var/jenkins_home/.m2/repository/org/seleniumhq/selenium/selenium-firefox-driver/2.45.0/selenium-firefox-driver-2.45.0.jar:/var/jenkins_home/.m2/repository/org/seleniumhq/selenium/selenium-ie-driver/2.45.0/selenium-ie-driver-2.45.0.jar:/var/jenkins_home/.m2/repository/org/seleniumhq/selenium/selenium-safari-driver/2.45.0/selenium-safari-driver-2.45.0.jar:/var/jenkins_home/.m2/repository/org/seleniumhq/selenium/selenium-support/2.45.0/selenium-support-2.45.0.jar:/var/jenkins_home/.m2/repository/org/webbitserver/webbit/0.4.14/webbit-0.4.14.jar:/var/jenkins_home/.m2/repository/io/netty/netty/3.5.2.Final/netty-3.5.2.Final.jar:/var/jenkins_home/.m2/repository/org/seleniumhq/selenium/selenium-leg-rc/2.45.0/selenium-leg-rc-2.45.0.jar:/var/jenkins_home/.m2/repository/org/seleniumhq/selenium/selenium-remote-driver/2.45.0/selenium-remote-driver-2.45.0.jar:/var/jenkins_home/.m2/repository/cglib/cglib-nodep/2.1_3/cglib-nodep-2.1_3.jar:/var/jenkins_home/.m2/repository/org/apache/commons/commons-exec/1.1/commons-exec-1.1.jar:/var/jenkins_home/.m2/repository/net/java/dev/jna/jna/3.4.0/jna-3.4.0.jar:/var/jenkins_home/.m2/repository/net/java/dev/jna/platform/3.4.0/platform-3.4.0.jar:/var/jenkins_home/.m2/repository/com/codeborne/selenide/4.2.1/selenide-4.2.1.jar:/var/jenkins_home/.m2/repository/net/lightbody/bmp/browsermob-core/2.1.2/browsermob-core-2.1.2.jar:/var/jenkins_home/.m2/repository/net/lightbody/bmp/littleproxy/1.1.0-beta-bmp-13/littleproxy-1.1.0-beta-bmp-13.jar:/var/jenkins_home/.m2/repository/com/fasterxml/jackson/core/jackson-core/2.7.5/jackson-core-2.7.5.jar:/var/jenkins_home/.m2/repository/com/fasterxml/jackson/core/jackson-databind/2.7.5/jackson-databind-2.7.5.jar:/var/jenkins_home/.m2/repository/com/fasterxml/jackson/core/jackson-annotations/2.7.5/jackson-annotations-2.7.5.jar:/var/jenkins_home/.m2/repository/net/sf/uadetector/uadetector-resources/2014.10/uadetector-resources-2014.10.jar:/var/jenkins_home/.m2/repository/net/sf/uadetector/uadetector-core/0.9.22/uadetector-core-0.9.22.jar:/var/jenkins_home/.m2/repository/net/sf/qualitycheck/quality-check/1.3/quality-check-1.3.jar:/var/jenkins_home/.m2/repository/javax/annotation/jsr250-api/1.0/jsr250-api-1.0.jar:/var/jenkins_home/.m2/repository/dnsjava/dnsjava/2.1.7/dnsjava-2.1.7.jar:/var/jenkins_home/.m2/repository/org/slf4j/jcl-over-slf4j/1.7.21/jcl-over-slf4j-1.7.21.jar:/var/jenkins_home/.m2/repository/com/jcraft/jzlib/1.1.3/jzlib-1.1.3.jar:/var/jenkins_home/.m2/repository/io/netty/netty-all/4.0.39.Final/netty-all-4.0.39.Final.jar:/var/jenkins_home/.m2/repository/org/bouncycastle/bcprov-jdk15on/1.54/bcprov-jdk15on-1.54.jar:/var/jenkins_home/.m2/repository/org/bouncycastle/bcpkix-jdk15on/1.54/bcpkix-jdk15on-1.54.jar:/var/jenkins_home/.m2/repository/net/lightbody/bmp/mitm/2.1.2/mitm-2.1.2.jar:/var/jenkins_home/.m2/repository/com/codeborne/phantomjsdriver/1.3.0/phantomjsdriver-1.3.0.jar:/var/jenkins_home/.m2/repository/commons-codec/commons-codec/1.10/commons-codec-1.10.jar:/var/jenkins_home/.m2/repository/org/json/json/20180813/json-20180813.jar:/var/jenkins_home/.m2/repository/com/googlecode/json-simple/json-simple/1.1.1/json-simple-1.1.1.jar:/var/jenkins_home/.m2/repository/junit/junit/4.10/junit-4.10.jar:/var/jenkins_home/.m2/repository/org/hamcrest/hamcrest-core/1.1/hamcrest-core-1.1.jar:/var/jenkins_home/.m2/repository/com/browserstack/browserstack-local-java/1.0.3/browserstack-local-java-1.0.3.jar:/var/jenkins_home/.m2/repository/commons-io/commons-io/1.3.2/commons-io-1.3.2.jar:/var/jenkins_home/.m2/repository/org/projectlombok/lombok/1.18.4/lombok-1.18.4.jar:"/>
    <property name="sun.cpu.endian" value="little"/>
    <property name="user.home" value="/var/jenkins_home"/>
    <property name="user.language" value="en"/>
    <property name="java.specification.vendor" value="Oracle Corporation"/>
    <property name="java.home" value="/usr/lib/jvm/java-8-openjdk-amd64/jre"/>
    <property name="basedir" value="/var/jenkins_home/workspace/TTriage Test Selenium Chrome"/>
    <property name="file.separator" value="/"/>
    <property name="line.separator" value="
"/>
    <property name="java.vm.specification.vendor" value="Oracle Corporation"/>
    <property name="java.specification.name" value="Java Platform API Specification"/>
    <property name="java.awt.graphicsenv" value="sun.awt.X11GraphicsEnvironment"/>
    <property name="org.uncommons.reportng.stylesheet" value="/var/jenkins_home/workspace/TTriage Test Selenium Chrome/etc/testng/report/stylesheet.css"/>
    <property name="surefire.real.class.path" value="/var/jenkins_home/workspace/TTriage Test Selenium Chrome/target/surefire/surefirebooter3508195022769515663.jar"/>
    <property name="sun.boot.class.path" value="/usr/lib/jvm/java-8-openjdk-amd64/jre/lib/resources.jar:/usr/lib/jvm/java-8-openjdk-amd64/jre/lib/rt.jar:/usr/lib/jvm/java-8-openjdk-amd64/jre/lib/sunrsasign.jar:/usr/lib/jvm/java-8-openjdk-amd64/jre/lib/jsse.jar:/usr/lib/jvm/java-8-openjdk-amd64/jre/lib/jce.jar:/usr/lib/jvm/java-8-openjdk-amd64/jre/lib/charsets.jar:/usr/lib/jvm/java-8-openjdk-amd64/jre/lib/jfr.jar:/usr/lib/jvm/java-8-openjdk-amd64/jre/classes"/>
    <property name="sun.management.compiler" value="HotSpot 64-Bit Tiered Compilers"/>
    <property name="java.runtime.version" value="1.8.0_212-8u212-b01-1~deb9u1-b01"/>
    <property name="user.name" value="jenkins"/>
    <property name="path.separator" value=":"/>
    <property name="os.version" value="4.15.0-29-generic"/>
    <property name="java.endorsed.dirs" value="/usr/lib/jvm/java-8-openjdk-amd64/jre/lib/endorsed"/>
    <property name="java.runtime.name" value="OpenJDK Runtime Environment"/>
    <property name="file.encoding" value="UTF-8"/>
    <property name="tests.browser.path" value=""/>
    <property name="java.vm.name" value="OpenJDK 64-Bit Server VM"/>
    <property name="localRepository" value="/var/jenkins_home/.m2/repository"/>
    <property name="java.vendor.url.bug" value="http://bugreport.sun.com/bugreport/"/>
    <property name="java.io.tmpdir" value="/tmp"/>
    <property name="java.version" value="1.8.0_212"/>
    <property name="user.dir" value="/var/jenkins_home/workspace/TTriage Test Selenium Chrome"/>
    <property name="os.arch" value="amd64"/>
    <property name="java.vm.specification.name" value="Java Virtual Machine Specification"/>
    <property name="java.awt.printerjob" value="sun.print.PSPrinterJob"/>
    <property name="sun.os.patch.level" value="unknown"/>
    <property name="tests.browser" value="chrome"/>
    <property name="tests.hubUrl" value="http://dev.clarolab.com:4444/wd/hub"/>
    <property name="java.library.path" value="/usr/java/packages/lib/amd64:/usr/lib/x86_64-linux-gnu/jni:/lib/x86_64-linux-gnu:/usr/lib/x86_64-linux-gnu:/usr/lib/jni:/lib:/usr/lib"/>
    <property name="java.vm.info" value="mixed mode"/>
    <property name="java.vendor" value="Oracle Corporation"/>
    <property name="java.vm.version" value="25.212-b01"/>
    <property name="java.ext.dirs" value="/usr/lib/jvm/java-8-openjdk-amd64/jre/lib/ext:/usr/java/packages/lib/ext"/>
    <property name="sun.io.unicode.encoding" value="UnicodeLittle"/>
    <property name="java.class.version" value="52.0"/>
  </properties>
  <testcase name="testDisableConnector" classname="com.clarolab.AdminConsoleTest" time="25.499"/>
  <testcase name="testDisableContainer" classname="com.clarolab.AdminConsoleTest" time="25.811"/>
  <testcase name="testDisableMilestone" classname="com.clarolab.AdminConsoleTest" time="25.579"/>
  <testcase name="testDisableProduct" classname="com.clarolab.AdminConsoleTest" time="22.267"/>
  <testcase name="testDisableProperties" classname="com.clarolab.AdminConsoleTest" time="22.738"/>
  <testcase name="testEditConnector" classname="com.clarolab.AdminConsoleTest" time="18.198"/>
  <testcase name="testEditContainer" classname="com.clarolab.AdminConsoleTest" time="12.211">
    <failure message="Timed out after 10 seconds: Failure in verifyElementPresented: element 'By.id: loginForm' never became presented after 10 seconds!
Build info: version: '2.45.0', revision: '5017cb8e7ca8e37638dc3091b2440b90a1d8686f', time: '2015-02-27 09:10:26'
System info: host: '6888e31d0e98', ip: '172.17.0.9', os.name: 'Linux', os.arch: 'amd64', os.version: '4.15.0-29-generic', java.version: '1.8.0_212'
Driver info: org.openqa.selenium.remote.RemoteWebDriver
Capabilities [{mobileEmulationEnabled=false, timeouts={implicit=0, pageLoad=300000, script=30000}, hasTouchScreen=false, platform=LINUX, acceptSslCerts=false, goog:chromeOptions={debuggerAddress=localhost:45673}, acceptInsecureCerts=false, webStorageEnabled=true, browserName=chrome, takesScreenshot=true, javascriptEnabled=true, setWindowRect=true, unexpectedAlertBehaviour=ignore, applicationCacheEnabled=false, rotatable=false, networkConnectionEnabled=false, chrome={chromedriverVersion=73.0.3683.68 (47787ec04b6e38e22703e856e101e840b65afe72), userDataDir=/tmp/.com.google.Chrome.x6qdBh}, takesHeapSnapshot=true, pageLoadStrategy=normal, strictFileInteractability=false, databaseEnabled=false, handlesAlerts=true, version=73.0.3683.86, browserConnectionEnabled=false, proxy={}, nativeEvents=true, webdriver.remote.sessionid=ef4108925880235a3d757c39a7ad8263, locationContextEnabled=true, cssSelectorsEnabled=true}]
Session ID: ef4108925880235a3d757c39a7ad8263" type="org.openqa.selenium.TimeoutException">org.openqa.selenium.TimeoutException: 
Timed out after 10 seconds: Failure in verifyElementPresented: element 'By.id: loginForm' never became presented after 10 seconds!
Build info: version: '2.45.0', revision: '5017cb8e7ca8e37638dc3091b2440b90a1d8686f', time: '2015-02-27 09:10:26'
System info: host: '6888e31d0e98', ip: '172.17.0.9', os.name: 'Linux', os.arch: 'amd64', os.version: '4.15.0-29-generic', java.version: '1.8.0_212'
Driver info: org.openqa.selenium.remote.RemoteWebDriver
Capabilities [{mobileEmulationEnabled=false, timeouts={implicit=0, pageLoad=300000, script=30000}, hasTouchScreen=false, platform=LINUX, acceptSslCerts=false, goog:chromeOptions={debuggerAddress=localhost:45673}, acceptInsecureCerts=false, webStorageEnabled=true, browserName=chrome, takesScreenshot=true, javascriptEnabled=true, setWindowRect=true, unexpectedAlertBehaviour=ignore, applicationCacheEnabled=false, rotatable=false, networkConnectionEnabled=false, chrome={chromedriverVersion=73.0.3683.68 (47787ec04b6e38e22703e856e101e840b65afe72), userDataDir=/tmp/.com.google.Chrome.x6qdBh}, takesHeapSnapshot=true, pageLoadStrategy=normal, strictFileInteractability=false, databaseEnabled=false, handlesAlerts=true, version=73.0.3683.86, browserConnectionEnabled=false, proxy={}, nativeEvents=true, webdriver.remote.sessionid=ef4108925880235a3d757c39a7ad8263, locationContextEnabled=true, cssSelectorsEnabled=true}]
Session ID: ef4108925880235a3d757c39a7ad8263
	at com.clarolab.AdminConsoleTest.login(AdminConsoleTest.java:227)
	at com.clarolab.AdminConsoleTest.testEditContainer(AdminConsoleTest.java:146)
Caused by: org.openqa.selenium.NoSuchElementException: 
no such element: Unable to locate element: {"method":"id","selector":"loginForm"}
  (Session info: chrome=73.0.3683.86)
  (Driver info: chromedriver=73.0.3683.68 (47787ec04b6e38e22703e856e101e840b65afe72),platform=Linux 4.15.0-29-generic x86_64) (WARNING: The server did not provide any stacktrace information)
Command duration or timeout: 2.03 seconds
For documentation on this error, please visit: http://seleniumhq.org/exceptions/no_such_element.html
Build info: version: '2.45.0', revision: '5017cb8e7ca8e37638dc3091b2440b90a1d8686f', time: '2015-02-27 09:10:26'
System info: host: '6888e31d0e98', ip: '172.17.0.9', os.name: 'Linux', os.arch: 'amd64', os.version: '4.15.0-29-generic', java.version: '1.8.0_212'
Driver info: org.openqa.selenium.remote.RemoteWebDriver
Capabilities [{mobileEmulationEnabled=false, timeouts={implicit=0, pageLoad=300000, script=30000}, hasTouchScreen=false, platform=LINUX, acceptSslCerts=false, goog:chromeOptions={debuggerAddress=localhost:45673}, acceptInsecureCerts=false, webStorageEnabled=true, browserName=chrome, takesScreenshot=true, javascriptEnabled=true, setWindowRect=true, unexpectedAlertBehaviour=ignore, applicationCacheEnabled=false, rotatable=false, networkConnectionEnabled=false, chrome={chromedriverVersion=73.0.3683.68 (47787ec04b6e38e22703e856e101e840b65afe72), userDataDir=/tmp/.com.google.Chrome.x6qdBh}, takesHeapSnapshot=true, pageLoadStrategy=normal, strictFileInteractability=false, databaseEnabled=false, handlesAlerts=true, version=73.0.3683.86, browserConnectionEnabled=false, proxy={}, nativeEvents=true, webdriver.remote.sessionid=ef4108925880235a3d757c39a7ad8263, locationContextEnabled=true, cssSelectorsEnabled=true}]
Session ID: ef4108925880235a3d757c39a7ad8263
*** Element info: {Using=id, value=loginForm}
	at com.clarolab.AdminConsoleTest.login(AdminConsoleTest.java:227)
	at com.clarolab.AdminConsoleTest.testEditContainer(AdminConsoleTest.java:146)
</failure>
    <system-err><![CDATA[May 09, 2019 1:06:39 PM org.openqa.selenium.remote.RemoteWebDriver log
WARNING: Executing: screenshot [a6c66bee40c198380a2b25b362f8747d, screenshot {}]
May 09, 2019 1:06:40 PM org.openqa.selenium.remote.RemoteWebDriver log
WARNING: Executed: [a6c66bee40c198380a2b25b362f8747d, screenshot {}]
May 09, 2019 1:06:40 PM org.openqa.selenium.remote.RemoteWebDriver log
WARNING: Executing: getCurrentUrl [a6c66bee40c198380a2b25b362f8747d, getCurrentUrl {}]
May 09, 2019 1:06:40 PM org.openqa.selenium.remote.RemoteWebDriver log
WARNING: Executed: [a6c66bee40c198380a2b25b362f8747d, getCurrentUrl {}]
May 09, 2019 1:06:40 PM com.clarolab.BaseTest takeScreenShot
INFO: Screenshot of http://tdev.clarolab.com/admin/ci%20connectors taken: screenshot674970.png
May 09, 2019 1:06:40 PM org.openqa.selenium.remote.RemoteWebDriver log
WARNING: Executing: deleteAllCookies [a6c66bee40c198380a2b25b362f8747d, deleteAllCookies {}]
May 09, 2019 1:06:40 PM org.openqa.selenium.remote.RemoteWebDriver log
WARNING: Executed: [a6c66bee40c198380a2b25b362f8747d, deleteAllCookies {}]
May 09, 2019 1:06:40 PM org.openqa.selenium.remote.RemoteWebDriver log
WARNING: Executing: quit [a6c66bee40c198380a2b25b362f8747d, quit {}]
May 09, 2019 1:06:40 PM org.openqa.selenium.remote.RemoteWebDriver log
WARNING: Executed: [a6c66bee40c198380a2b25b362f8747d, quit {}]
May 09, 2019 1:06:40 PM org.openqa.selenium.remote.RemoteWebDriver log
WARNING: Executing: quit [null, quit {}]
May 09, 2019 1:06:40 PM org.openqa.selenium.remote.RemoteWebDriver log
WARNING: Executed: [null, quit {}]
May 09, 2019 1:06:40 PM org.openqa.selenium.remote.RemoteWebDriver log
WARNING: Executing: setTimeout [ef4108925880235a3d757c39a7ad8263, setTimeout {type=page load, ms=80000}]
May 09, 2019 1:06:40 PM org.openqa.selenium.remote.RemoteWebDriver log
WARNING: Executed: [ef4108925880235a3d757c39a7ad8263, setTimeout {type=page load, ms=80000}]
May 09, 2019 1:06:40 PM org.openqa.selenium.remote.RemoteWebDriver log
WARNING: Executing: implicitlyWait [ef4108925880235a3d757c39a7ad8263, implicitlyWait {ms=2000}]
May 09, 2019 1:06:40 PM org.openqa.selenium.remote.RemoteWebDriver log
WARNING: Executed: [ef4108925880235a3d757c39a7ad8263, implicitlyWait {ms=2000}]
May 09, 2019 1:06:40 PM org.openqa.selenium.remote.RemoteWebDriver log
WARNING: Executing: get [ef4108925880235a3d757c39a7ad8263, get {url=http://tdev.clarolab.com/}]
May 09, 2019 1:06:59 PM org.openqa.selenium.remote.RemoteWebDriver log
WARNING: Executed: [ef4108925880235a3d757c39a7ad8263, get {url=http://tdev.clarolab.com/}]
May 09, 2019 1:06:59 PM org.openqa.selenium.remote.RemoteWebDriver log
WARNING: Executing: getCurrentUrl [ef4108925880235a3d757c39a7ad8263, getCurrentUrl {}]
May 09, 2019 1:06:59 PM org.openqa.selenium.remote.RemoteWebDriver log
WARNING: Executed: [ef4108925880235a3d757c39a7ad8263, getCurrentUrl {}]
May 09, 2019 1:06:59 PM org.openqa.selenium.remote.RemoteWebDriver log
WARNING: Executing: getCurrentUrl [ef4108925880235a3d757c39a7ad8263, getCurrentUrl {}]
May 09, 2019 1:06:59 PM org.openqa.selenium.remote.RemoteWebDriver log
WARNING: Executed: [ef4108925880235a3d757c39a7ad8263, getCurrentUrl {}]
May 09, 2019 1:06:59 PM org.openqa.selenium.remote.RemoteWebDriver log
WARNING: Executing: findElement [ef4108925880235a3d757c39a7ad8263, findElement {using=id, value=loginForm}]
May 09, 2019 1:07:01 PM org.openqa.selenium.remote.RemoteWebDriver log
WARNING: Executed: [ef4108925880235a3d757c39a7ad8263, findElement {using=id, value=loginForm}]
May 09, 2019 1:07:01 PM org.openqa.selenium.remote.RemoteWebDriver log
WARNING: Executing: findElement [ef4108925880235a3d757c39a7ad8263, findElement {using=id, value=loginForm}]
May 09, 2019 1:07:03 PM org.openqa.selenium.remote.RemoteWebDriver log
WARNING: Executed: [ef4108925880235a3d757c39a7ad8263, findElement {using=id, value=loginForm}]
May 09, 2019 1:07:04 PM org.openqa.selenium.remote.RemoteWebDriver log
WARNING: Executing: findElement [ef4108925880235a3d757c39a7ad8263, findElement {using=id, value=loginForm}]
May 09, 2019 1:07:06 PM org.openqa.selenium.remote.RemoteWebDriver log
WARNING: Executed: [ef4108925880235a3d757c39a7ad8263, findElement {using=id, value=loginForm}]
May 09, 2019 1:07:06 PM org.openqa.selenium.remote.RemoteWebDriver log
WARNING: Executing: findElement [ef4108925880235a3d757c39a7ad8263, findElement {using=id, value=loginForm}]
May 09, 2019 1:07:08 PM org.openqa.selenium.remote.RemoteWebDriver log
WARNING: Executed: [ef4108925880235a3d757c39a7ad8263, findElement {using=id, value=loginForm}]
May 09, 2019 1:07:09 PM org.openqa.selenium.remote.RemoteWebDriver log
WARNING: Executing: findElement [ef4108925880235a3d757c39a7ad8263, findElement {using=id, value=loginForm}]
May 09, 2019 1:07:11 PM org.openqa.selenium.remote.RemoteWebDriver log
WARNING: Executed: [ef4108925880235a3d757c39a7ad8263, findElement {using=id, value=loginForm}]
]]></system-err>
  </testcase>
  <testcase name="testEditMilestone" classname="com.clarolab.AdminConsoleTest" time="18.788"/>
  <testcase name="testEditProduct" classname="com.clarolab.AdminConsoleTest" time="12.195">
    <failure message="Timed out after 10 seconds: Failure in verifyElementPresented: element 'By.id: loginForm' never became presented after 10 seconds!
Build info: version: '2.45.0', revision: '5017cb8e7ca8e37638dc3091b2440b90a1d8686f', time: '2015-02-27 09:10:26'
System info: host: '6888e31d0e98', ip: '172.17.0.9', os.name: 'Linux', os.arch: 'amd64', os.version: '4.15.0-29-generic', java.version: '1.8.0_212'
Driver info: org.openqa.selenium.remote.RemoteWebDriver
Capabilities [{mobileEmulationEnabled=false, timeouts={implicit=0, pageLoad=300000, script=30000}, hasTouchScreen=false, platform=LINUX, acceptSslCerts=false, goog:chromeOptions={debuggerAddress=localhost:45367}, acceptInsecureCerts=false, webStorageEnabled=true, browserName=chrome, takesScreenshot=true, javascriptEnabled=true, setWindowRect=true, unexpectedAlertBehaviour=ignore, applicationCacheEnabled=false, rotatable=false, networkConnectionEnabled=false, chrome={chromedriverVersion=73.0.3683.68 (47787ec04b6e38e22703e856e101e840b65afe72), userDataDir=/tmp/.com.google.Chrome.MlMteP}, takesHeapSnapshot=true, pageLoadStrategy=normal, strictFileInteractability=false, databaseEnabled=false, handlesAlerts=true, version=73.0.3683.86, browserConnectionEnabled=false, proxy={}, nativeEvents=true, webdriver.remote.sessionid=9686647e3a0d42894c2581f0999ccb10, locationContextEnabled=true, cssSelectorsEnabled=true}]
Session ID: 9686647e3a0d42894c2581f0999ccb10" type="org.openqa.selenium.TimeoutException">org.openqa.selenium.TimeoutException: 
Timed out after 10 seconds: Failure in verifyElementPresented: element 'By.id: loginForm' never became presented after 10 seconds!
Build info: version: '2.45.0', revision: '5017cb8e7ca8e37638dc3091b2440b90a1d8686f', time: '2015-02-27 09:10:26'
System info: host: '6888e31d0e98', ip: '172.17.0.9', os.name: 'Linux', os.arch: 'amd64', os.version: '4.15.0-29-generic', java.version: '1.8.0_212'
Driver info: org.openqa.selenium.remote.RemoteWebDriver
Capabilities [{mobileEmulationEnabled=false, timeouts={implicit=0, pageLoad=300000, script=30000}, hasTouchScreen=false, platform=LINUX, acceptSslCerts=false, goog:chromeOptions={debuggerAddress=localhost:45367}, acceptInsecureCerts=false, webStorageEnabled=true, browserName=chrome, takesScreenshot=true, javascriptEnabled=true, setWindowRect=true, unexpectedAlertBehaviour=ignore, applicationCacheEnabled=false, rotatable=false, networkConnectionEnabled=false, chrome={chromedriverVersion=73.0.3683.68 (47787ec04b6e38e22703e856e101e840b65afe72), userDataDir=/tmp/.com.google.Chrome.MlMteP}, takesHeapSnapshot=true, pageLoadStrategy=normal, strictFileInteractability=false, databaseEnabled=false, handlesAlerts=true, version=73.0.3683.86, browserConnectionEnabled=false, proxy={}, nativeEvents=true, webdriver.remote.sessionid=9686647e3a0d42894c2581f0999ccb10, locationContextEnabled=true, cssSelectorsEnabled=true}]
Session ID: 9686647e3a0d42894c2581f0999ccb10
	at com.clarolab.AdminConsoleTest.login(AdminConsoleTest.java:227)
	at com.clarolab.AdminConsoleTest.testEditProduct(AdminConsoleTest.java:22)
Caused by: org.openqa.selenium.NoSuchElementException: 
no such element: Unable to locate element: {"method":"id","selector":"loginForm"}
  (Session info: chrome=73.0.3683.86)
  (Driver info: chromedriver=73.0.3683.68 (47787ec04b6e38e22703e856e101e840b65afe72),platform=Linux 4.15.0-29-generic x86_64) (WARNING: The server did not provide any stacktrace information)
Command duration or timeout: 2.02 seconds
For documentation on this error, please visit: http://seleniumhq.org/exceptions/no_such_element.html
Build info: version: '2.45.0', revision: '5017cb8e7ca8e37638dc3091b2440b90a1d8686f', time: '2015-02-27 09:10:26'
System info: host: '6888e31d0e98', ip: '172.17.0.9', os.name: 'Linux', os.arch: 'amd64', os.version: '4.15.0-29-generic', java.version: '1.8.0_212'
Driver info: org.openqa.selenium.remote.RemoteWebDriver
Capabilities [{mobileEmulationEnabled=false, timeouts={implicit=0, pageLoad=300000, script=30000}, hasTouchScreen=false, platform=LINUX, acceptSslCerts=false, goog:chromeOptions={debuggerAddress=localhost:45367}, acceptInsecureCerts=false, webStorageEnabled=true, browserName=chrome, takesScreenshot=true, javascriptEnabled=true, setWindowRect=true, unexpectedAlertBehaviour=ignore, applicationCacheEnabled=false, rotatable=false, networkConnectionEnabled=false, chrome={chromedriverVersion=73.0.3683.68 (47787ec04b6e38e22703e856e101e840b65afe72), userDataDir=/tmp/.com.google.Chrome.MlMteP}, takesHeapSnapshot=true, pageLoadStrategy=normal, strictFileInteractability=false, databaseEnabled=false, handlesAlerts=true, version=73.0.3683.86, browserConnectionEnabled=false, proxy={}, nativeEvents=true, webdriver.remote.sessionid=9686647e3a0d42894c2581f0999ccb10, locationContextEnabled=true, cssSelectorsEnabled=true}]
Session ID: 9686647e3a0d42894c2581f0999ccb10
*** Element info: {Using=id, value=loginForm}
	at com.clarolab.AdminConsoleTest.login(AdminConsoleTest.java:227)
	at com.clarolab.AdminConsoleTest.testEditProduct(AdminConsoleTest.java:22)
</failure>
    <system-err><![CDATA[May 09, 2019 1:07:33 PM org.openqa.selenium.remote.RemoteWebDriver log
WARNING: Executing: screenshot [81d7c92adc34cbe43f2045ed7f7bd42e, screenshot {}]
May 09, 2019 1:07:33 PM org.openqa.selenium.remote.RemoteWebDriver log
WARNING: Executed: [81d7c92adc34cbe43f2045ed7f7bd42e, screenshot {}]
May 09, 2019 1:07:33 PM org.openqa.selenium.remote.RemoteWebDriver log
WARNING: Executing: getCurrentUrl [81d7c92adc34cbe43f2045ed7f7bd42e, getCurrentUrl {}]
May 09, 2019 1:07:33 PM org.openqa.selenium.remote.RemoteWebDriver log
WARNING: Executed: [81d7c92adc34cbe43f2045ed7f7bd42e, getCurrentUrl {}]
May 09, 2019 1:07:33 PM com.clarolab.BaseTest takeScreenShot
INFO: Screenshot of http://tdev.clarolab.com/admin/milestones taken: screenshot475032.png
May 09, 2019 1:07:33 PM org.openqa.selenium.remote.RemoteWebDriver log
WARNING: Executing: deleteAllCookies [81d7c92adc34cbe43f2045ed7f7bd42e, deleteAllCookies {}]
May 09, 2019 1:07:33 PM org.openqa.selenium.remote.RemoteWebDriver log
WARNING: Executed: [81d7c92adc34cbe43f2045ed7f7bd42e, deleteAllCookies {}]
May 09, 2019 1:07:33 PM org.openqa.selenium.remote.RemoteWebDriver log
WARNING: Executing: quit [81d7c92adc34cbe43f2045ed7f7bd42e, quit {}]
May 09, 2019 1:07:33 PM org.openqa.selenium.remote.RemoteWebDriver log
WARNING: Executed: [81d7c92adc34cbe43f2045ed7f7bd42e, quit {}]
May 09, 2019 1:07:33 PM org.openqa.selenium.remote.RemoteWebDriver log
WARNING: Executing: quit [null, quit {}]
May 09, 2019 1:07:33 PM org.openqa.selenium.remote.RemoteWebDriver log
WARNING: Executed: [null, quit {}]
May 09, 2019 1:07:34 PM org.openqa.selenium.remote.RemoteWebDriver log
WARNING: Executing: setTimeout [9686647e3a0d42894c2581f0999ccb10, setTimeout {type=page load, ms=80000}]
May 09, 2019 1:07:34 PM org.openqa.selenium.remote.RemoteWebDriver log
WARNING: Executed: [9686647e3a0d42894c2581f0999ccb10, setTimeout {type=page load, ms=80000}]
May 09, 2019 1:07:34 PM org.openqa.selenium.remote.RemoteWebDriver log
WARNING: Executing: implicitlyWait [9686647e3a0d42894c2581f0999ccb10, implicitlyWait {ms=2000}]
May 09, 2019 1:07:34 PM org.openqa.selenium.remote.RemoteWebDriver log
WARNING: Executed: [9686647e3a0d42894c2581f0999ccb10, implicitlyWait {ms=2000}]
May 09, 2019 1:07:34 PM org.openqa.selenium.remote.RemoteWebDriver log
WARNING: Executing: get [9686647e3a0d42894c2581f0999ccb10, get {url=http://tdev.clarolab.com/}]
May 09, 2019 1:07:52 PM org.openqa.selenium.remote.RemoteWebDriver log
WARNING: Executed: [9686647e3a0d42894c2581f0999ccb10, get {url=http://tdev.clarolab.com/}]
May 09, 2019 1:07:52 PM org.openqa.selenium.remote.RemoteWebDriver log
WARNING: Executing: getCurrentUrl [9686647e3a0d42894c2581f0999ccb10, getCurrentUrl {}]
May 09, 2019 1:07:52 PM org.openqa.selenium.remote.RemoteWebDriver log
WARNING: Executed: [9686647e3a0d42894c2581f0999ccb10, getCurrentUrl {}]
May 09, 2019 1:07:52 PM org.openqa.selenium.remote.RemoteWebDriver log
WARNING: Executing: getCurrentUrl [9686647e3a0d42894c2581f0999ccb10, getCurrentUrl {}]
May 09, 2019 1:07:52 PM org.openqa.selenium.remote.RemoteWebDriver log
WARNING: Executed: [9686647e3a0d42894c2581f0999ccb10, getCurrentUrl {}]
May 09, 2019 1:07:52 PM org.openqa.selenium.remote.RemoteWebDriver log
WARNING: Executing: findElement [9686647e3a0d42894c2581f0999ccb10, findElement {using=id, value=loginForm}]
May 09, 2019 1:07:54 PM org.openqa.selenium.remote.RemoteWebDriver log
WARNING: Executed: [9686647e3a0d42894c2581f0999ccb10, findElement {using=id, value=loginForm}]
May 09, 2019 1:07:55 PM org.openqa.selenium.remote.RemoteWebDriver log
WARNING: Executing: findElement [9686647e3a0d42894c2581f0999ccb10, findElement {using=id, value=loginForm}]
May 09, 2019 1:07:57 PM org.openqa.selenium.remote.RemoteWebDriver log
WARNING: Executed: [9686647e3a0d42894c2581f0999ccb10, findElement {using=id, value=loginForm}]
May 09, 2019 1:07:57 PM org.openqa.selenium.remote.RemoteWebDriver log
WARNING: Executing: findElement [9686647e3a0d42894c2581f0999ccb10, findElement {using=id, value=loginForm}]
May 09, 2019 1:07:59 PM org.openqa.selenium.remote.RemoteWebDriver log
WARNING: Executed: [9686647e3a0d42894c2581f0999ccb10, findElement {using=id, value=loginForm}]
May 09, 2019 1:08:00 PM org.openqa.selenium.remote.RemoteWebDriver log
WARNING: Executing: findElement [9686647e3a0d42894c2581f0999ccb10, findElement {using=id, value=loginForm}]
May 09, 2019 1:08:02 PM org.openqa.selenium.remote.RemoteWebDriver log
WARNING: Executed: [9686647e3a0d42894c2581f0999ccb10, findElement {using=id, value=loginForm}]
May 09, 2019 1:08:02 PM org.openqa.selenium.remote.RemoteWebDriver log
WARNING: Executing: findElement [9686647e3a0d42894c2581f0999ccb10, findElement {using=id, value=loginForm}]
May 09, 2019 1:08:04 PM org.openqa.selenium.remote.RemoteWebDriver log
WARNING: Executed: [9686647e3a0d42894c2581f0999ccb10, findElement {using=id, value=loginForm}]
]]></system-err>
  </testcase>
  <testcase name="testEditProperties" classname="com.clarolab.AdminConsoleTest" time="17.643"/>
  <testcase name="testSaveConnector" classname="com.clarolab.AdminConsoleTest" time="12.213">
    <failure message="Timed out after 10 seconds: Failure in verifyElementPresented: element 'By.id: loginForm' never became presented after 10 seconds!
Build info: version: '2.45.0', revision: '5017cb8e7ca8e37638dc3091b2440b90a1d8686f', time: '2015-02-27 09:10:26'
System info: host: '6888e31d0e98', ip: '172.17.0.9', os.name: 'Linux', os.arch: 'amd64', os.version: '4.15.0-29-generic', java.version: '1.8.0_212'
Driver info: org.openqa.selenium.remote.RemoteWebDriver
Capabilities [{mobileEmulationEnabled=false, timeouts={implicit=0, pageLoad=300000, script=30000}, hasTouchScreen=false, platform=LINUX, acceptSslCerts=false, goog:chromeOptions={debuggerAddress=localhost:38937}, acceptInsecureCerts=false, webStorageEnabled=true, browserName=chrome, takesScreenshot=true, javascriptEnabled=true, setWindowRect=true, unexpectedAlertBehaviour=ignore, applicationCacheEnabled=false, rotatable=false, networkConnectionEnabled=false, chrome={chromedriverVersion=73.0.3683.68 (47787ec04b6e38e22703e856e101e840b65afe72), userDataDir=/tmp/.com.google.Chrome.LrPID4}, takesHeapSnapshot=true, pageLoadStrategy=normal, strictFileInteractability=false, databaseEnabled=false, handlesAlerts=true, version=73.0.3683.86, browserConnectionEnabled=false, proxy={}, nativeEvents=true, webdriver.remote.sessionid=988abbecaf64e2c3c317e1a2c62c99d0, locationContextEnabled=true, cssSelectorsEnabled=true}]
Session ID: 988abbecaf64e2c3c317e1a2c62c99d0" type="org.openqa.selenium.TimeoutException">org.openqa.selenium.TimeoutException: 
Timed out after 10 seconds: Failure in verifyElementPresented: element 'By.id: loginForm' never became presented after 10 seconds!
Build info: version: '2.45.0', revision: '5017cb8e7ca8e37638dc3091b2440b90a1d8686f', time: '2015-02-27 09:10:26'
System info: host: '6888e31d0e98', ip: '172.17.0.9', os.name: 'Linux', os.arch: 'amd64', os.version: '4.15.0-29-generic', java.version: '1.8.0_212'
Driver info: org.openqa.selenium.remote.RemoteWebDriver
Capabilities [{mobileEmulationEnabled=false, timeouts={implicit=0, pageLoad=300000, script=30000}, hasTouchScreen=false, platform=LINUX, acceptSslCerts=false, goog:chromeOptions={debuggerAddress=localhost:38937}, acceptInsecureCerts=false, webStorageEnabled=true, browserName=chrome, takesScreenshot=true, javascriptEnabled=true, setWindowRect=true, unexpectedAlertBehaviour=ignore, applicationCacheEnabled=false, rotatable=false, networkConnectionEnabled=false, chrome={chromedriverVersion=73.0.3683.68 (47787ec04b6e38e22703e856e101e840b65afe72), userDataDir=/tmp/.com.google.Chrome.LrPID4}, takesHeapSnapshot=true, pageLoadStrategy=normal, strictFileInteractability=false, databaseEnabled=false, handlesAlerts=true, version=73.0.3683.86, browserConnectionEnabled=false, proxy={}, nativeEvents=true, webdriver.remote.sessionid=988abbecaf64e2c3c317e1a2c62c99d0, locationContextEnabled=true, cssSelectorsEnabled=true}]
Session ID: 988abbecaf64e2c3c317e1a2c62c99d0
	at com.clarolab.AdminConsoleTest.login(AdminConsoleTest.java:227)
	at com.clarolab.AdminConsoleTest.testSaveConnector(AdminConsoleTest.java:89)
Caused by: org.openqa.selenium.NoSuchElementException: 
no such element: Unable to locate element: {"method":"id","selector":"loginForm"}
  (Session info: chrome=73.0.3683.86)
  (Driver info: chromedriver=73.0.3683.68 (47787ec04b6e38e22703e856e101e840b65afe72),platform=Linux 4.15.0-29-generic x86_64) (WARNING: The server did not provide any stacktrace information)
Command duration or timeout: 2.03 seconds
For documentation on this error, please visit: http://seleniumhq.org/exceptions/no_such_element.html
Build info: version: '2.45.0', revision: '5017cb8e7ca8e37638dc3091b2440b90a1d8686f', time: '2015-02-27 09:10:26'
System info: host: '6888e31d0e98', ip: '172.17.0.9', os.name: 'Linux', os.arch: 'amd64', os.version: '4.15.0-29-generic', java.version: '1.8.0_212'
Driver info: org.openqa.selenium.remote.RemoteWebDriver
Capabilities [{mobileEmulationEnabled=false, timeouts={implicit=0, pageLoad=300000, script=30000}, hasTouchScreen=false, platform=LINUX, acceptSslCerts=false, goog:chromeOptions={debuggerAddress=localhost:38937}, acceptInsecureCerts=false, webStorageEnabled=true, browserName=chrome, takesScreenshot=true, javascriptEnabled=true, setWindowRect=true, unexpectedAlertBehaviour=ignore, applicationCacheEnabled=false, rotatable=false, networkConnectionEnabled=false, chrome={chromedriverVersion=73.0.3683.68 (47787ec04b6e38e22703e856e101e840b65afe72), userDataDir=/tmp/.com.google.Chrome.LrPID4}, takesHeapSnapshot=true, pageLoadStrategy=normal, strictFileInteractability=false, databaseEnabled=false, handlesAlerts=true, version=73.0.3683.86, browserConnectionEnabled=false, proxy={}, nativeEvents=true, webdriver.remote.sessionid=988abbecaf64e2c3c317e1a2c62c99d0, locationContextEnabled=true, cssSelectorsEnabled=true}]
Session ID: 988abbecaf64e2c3c317e1a2c62c99d0
*** Element info: {Using=id, value=loginForm}
	at com.clarolab.AdminConsoleTest.login(AdminConsoleTest.java:227)
	at com.clarolab.AdminConsoleTest.testSaveConnector(AdminConsoleTest.java:89)
</failure>
    <system-err><![CDATA[May 09, 2019 1:08:25 PM org.openqa.selenium.remote.RemoteWebDriver log
WARNING: Executing: screenshot [6fa41aeee71972198ce1f5c46506a3cb, screenshot {}]
May 09, 2019 1:08:25 PM org.openqa.selenium.remote.RemoteWebDriver log
WARNING: Executed: [6fa41aeee71972198ce1f5c46506a3cb, screenshot {}]
May 09, 2019 1:08:25 PM org.openqa.selenium.remote.RemoteWebDriver log
WARNING: Executing: getCurrentUrl [6fa41aeee71972198ce1f5c46506a3cb, getCurrentUrl {}]
May 09, 2019 1:08:25 PM org.openqa.selenium.remote.RemoteWebDriver log
WARNING: Executed: [6fa41aeee71972198ce1f5c46506a3cb, getCurrentUrl {}]
May 09, 2019 1:08:25 PM com.clarolab.BaseTest takeScreenShot
INFO: Screenshot of http://tdev.clarolab.com/admin/properties taken: screenshot741065.png
May 09, 2019 1:08:25 PM org.openqa.selenium.remote.RemoteWebDriver log
WARNING: Executing: deleteAllCookies [6fa41aeee71972198ce1f5c46506a3cb, deleteAllCookies {}]
May 09, 2019 1:08:25 PM org.openqa.selenium.remote.RemoteWebDriver log
WARNING: Executed: [6fa41aeee71972198ce1f5c46506a3cb, deleteAllCookies {}]
May 09, 2019 1:08:25 PM org.openqa.selenium.remote.RemoteWebDriver log
WARNING: Executing: quit [6fa41aeee71972198ce1f5c46506a3cb, quit {}]
May 09, 2019 1:08:25 PM org.openqa.selenium.remote.RemoteWebDriver log
WARNING: Executed: [6fa41aeee71972198ce1f5c46506a3cb, quit {}]
May 09, 2019 1:08:25 PM org.openqa.selenium.remote.RemoteWebDriver log
WARNING: Executing: quit [null, quit {}]
May 09, 2019 1:08:25 PM org.openqa.selenium.remote.RemoteWebDriver log
WARNING: Executed: [null, quit {}]
May 09, 2019 1:08:26 PM org.openqa.selenium.remote.RemoteWebDriver log
WARNING: Executing: setTimeout [988abbecaf64e2c3c317e1a2c62c99d0, setTimeout {type=page load, ms=80000}]
May 09, 2019 1:08:26 PM org.openqa.selenium.remote.RemoteWebDriver log
WARNING: Executed: [988abbecaf64e2c3c317e1a2c62c99d0, setTimeout {type=page load, ms=80000}]
May 09, 2019 1:08:26 PM org.openqa.selenium.remote.RemoteWebDriver log
WARNING: Executing: implicitlyWait [988abbecaf64e2c3c317e1a2c62c99d0, implicitlyWait {ms=2000}]
May 09, 2019 1:08:26 PM org.openqa.selenium.remote.RemoteWebDriver log
WARNING: Executed: [988abbecaf64e2c3c317e1a2c62c99d0, implicitlyWait {ms=2000}]
May 09, 2019 1:08:26 PM org.openqa.selenium.remote.RemoteWebDriver log
WARNING: Executing: get [988abbecaf64e2c3c317e1a2c62c99d0, get {url=http://tdev.clarolab.com/}]
May 09, 2019 1:08:44 PM org.openqa.selenium.remote.RemoteWebDriver log
WARNING: Executed: [988abbecaf64e2c3c317e1a2c62c99d0, get {url=http://tdev.clarolab.com/}]
May 09, 2019 1:08:44 PM org.openqa.selenium.remote.RemoteWebDriver log
WARNING: Executing: getCurrentUrl [988abbecaf64e2c3c317e1a2c62c99d0, getCurrentUrl {}]
May 09, 2019 1:08:44 PM org.openqa.selenium.remote.RemoteWebDriver log
WARNING: Executed: [988abbecaf64e2c3c317e1a2c62c99d0, getCurrentUrl {}]
May 09, 2019 1:08:44 PM org.openqa.selenium.remote.RemoteWebDriver log
WARNING: Executing: getCurrentUrl [988abbecaf64e2c3c317e1a2c62c99d0, getCurrentUrl {}]
May 09, 2019 1:08:44 PM org.openqa.selenium.remote.RemoteWebDriver log
WARNING: Executed: [988abbecaf64e2c3c317e1a2c62c99d0, getCurrentUrl {}]
May 09, 2019 1:08:44 PM org.openqa.selenium.remote.RemoteWebDriver log
WARNING: Executing: findElement [988abbecaf64e2c3c317e1a2c62c99d0, findElement {using=id, value=loginForm}]
May 09, 2019 1:08:46 PM org.openqa.selenium.remote.RemoteWebDriver log
WARNING: Executed: [988abbecaf64e2c3c317e1a2c62c99d0, findElement {using=id, value=loginForm}]
May 09, 2019 1:08:47 PM org.openqa.selenium.remote.RemoteWebDriver log
WARNING: Executing: findElement [988abbecaf64e2c3c317e1a2c62c99d0, findElement {using=id, value=loginForm}]
May 09, 2019 1:08:49 PM org.openqa.selenium.remote.RemoteWebDriver log
WARNING: Executed: [988abbecaf64e2c3c317e1a2c62c99d0, findElement {using=id, value=loginForm}]
May 09, 2019 1:08:49 PM org.openqa.selenium.remote.RemoteWebDriver log
WARNING: Executing: findElement [988abbecaf64e2c3c317e1a2c62c99d0, findElement {using=id, value=loginForm}]
May 09, 2019 1:08:51 PM org.openqa.selenium.remote.RemoteWebDriver log
WARNING: Executed: [988abbecaf64e2c3c317e1a2c62c99d0, findElement {using=id, value=loginForm}]
May 09, 2019 1:08:52 PM org.openqa.selenium.remote.RemoteWebDriver log
WARNING: Executing: findElement [988abbecaf64e2c3c317e1a2c62c99d0, findElement {using=id, value=loginForm}]
May 09, 2019 1:08:54 PM org.openqa.selenium.remote.RemoteWebDriver log
WARNING: Executed: [988abbecaf64e2c3c317e1a2c62c99d0, findElement {using=id, value=loginForm}]
May 09, 2019 1:08:54 PM org.openqa.selenium.remote.RemoteWebDriver log
WARNING: Executing: findElement [988abbecaf64e2c3c317e1a2c62c99d0, findElement {using=id, value=loginForm}]
May 09, 2019 1:08:56 PM org.openqa.selenium.remote.RemoteWebDriver log
WARNING: Executed: [988abbecaf64e2c3c317e1a2c62c99d0, findElement {using=id, value=loginForm}]
]]></system-err>
  </testcase>
  <testcase name="testSaveContainer" classname="com.clarolab.AdminConsoleTest" time="17.155">
    <failure message="Timed out after 5 seconds: Element 'By.cssSelector: div#downshift-simple-menu div div' never became clickable after '5' seconds
Build info: version: '2.45.0', revision: '5017cb8e7ca8e37638dc3091b2440b90a1d8686f', time: '2015-02-27 09:10:26'
System info: host: '6888e31d0e98', ip: '172.17.0.9', os.name: 'Linux', os.arch: 'amd64', os.version: '4.15.0-29-generic', java.version: '1.8.0_212'
Driver info: org.openqa.selenium.remote.RemoteWebDriver
Capabilities [{mobileEmulationEnabled=false, timeouts={implicit=0, pageLoad=300000, script=30000}, hasTouchScreen=false, platform=LINUX, acceptSslCerts=false, goog:chromeOptions={debuggerAddress=localhost:38551}, acceptInsecureCerts=false, webStorageEnabled=true, browserName=chrome, takesScreenshot=true, javascriptEnabled=true, setWindowRect=true, unexpectedAlertBehaviour=ignore, applicationCacheEnabled=false, rotatable=false, networkConnectionEnabled=false, chrome={chromedriverVersion=73.0.3683.68 (47787ec04b6e38e22703e856e101e840b65afe72), userDataDir=/tmp/.com.google.Chrome.dZRkee}, takesHeapSnapshot=true, pageLoadStrategy=normal, strictFileInteractability=false, databaseEnabled=false, handlesAlerts=true, version=73.0.3683.86, browserConnectionEnabled=false, proxy={}, nativeEvents=true, webdriver.remote.sessionid=84bbb5284a1422d78b59fc208b4e51ae, locationContextEnabled=true, cssSelectorsEnabled=true}]
Session ID: 84bbb5284a1422d78b59fc208b4e51ae" type="org.openqa.selenium.TimeoutException">org.openqa.selenium.TimeoutException: 
Timed out after 5 seconds: Element 'By.cssSelector: div#downshift-simple-menu div div' never became clickable after '5' seconds
Build info: version: '2.45.0', revision: '5017cb8e7ca8e37638dc3091b2440b90a1d8686f', time: '2015-02-27 09:10:26'
System info: host: '6888e31d0e98', ip: '172.17.0.9', os.name: 'Linux', os.arch: 'amd64', os.version: '4.15.0-29-generic', java.version: '1.8.0_212'
Driver info: org.openqa.selenium.remote.RemoteWebDriver
Capabilities [{mobileEmulationEnabled=false, timeouts={implicit=0, pageLoad=300000, script=30000}, hasTouchScreen=false, platform=LINUX, acceptSslCerts=false, goog:chromeOptions={debuggerAddress=localhost:38551}, acceptInsecureCerts=false, webStorageEnabled=true, browserName=chrome, takesScreenshot=true, javascriptEnabled=true, setWindowRect=true, unexpectedAlertBehaviour=ignore, applicationCacheEnabled=false, rotatable=false, networkConnectionEnabled=false, chrome={chromedriverVersion=73.0.3683.68 (47787ec04b6e38e22703e856e101e840b65afe72), userDataDir=/tmp/.com.google.Chrome.dZRkee}, takesHeapSnapshot=true, pageLoadStrategy=normal, strictFileInteractability=false, databaseEnabled=false, handlesAlerts=true, version=73.0.3683.86, browserConnectionEnabled=false, proxy={}, nativeEvents=true, webdriver.remote.sessionid=84bbb5284a1422d78b59fc208b4e51ae, locationContextEnabled=true, cssSelectorsEnabled=true}]
Session ID: 84bbb5284a1422d78b59fc208b4e51ae
	at com.clarolab.AdminConsoleTest.testSaveContainer(AdminConsoleTest.java:139)
Caused by: org.openqa.selenium.NoSuchElementException: 
no such element: Unable to locate element: {"method":"css selector","selector":"div#downshift-simple-menu div div"}
  (Session info: chrome=73.0.3683.86)
  (Driver info: chromedriver=73.0.3683.68 (47787ec04b6e38e22703e856e101e840b65afe72),platform=Linux 4.15.0-29-generic x86_64) (WARNING: The server did not provide any stacktrace information)
Command duration or timeout: 2.02 seconds
For documentation on this error, please visit: http://seleniumhq.org/exceptions/no_such_element.html
Build info: version: '2.45.0', revision: '5017cb8e7ca8e37638dc3091b2440b90a1d8686f', time: '2015-02-27 09:10:26'
System info: host: '6888e31d0e98', ip: '172.17.0.9', os.name: 'Linux', os.arch: 'amd64', os.version: '4.15.0-29-generic', java.version: '1.8.0_212'
Driver info: org.openqa.selenium.remote.RemoteWebDriver
Capabilities [{mobileEmulationEnabled=false, timeouts={implicit=0, pageLoad=300000, script=30000}, hasTouchScreen=false, platform=LINUX, acceptSslCerts=false, goog:chromeOptions={debuggerAddress=localhost:38551}, acceptInsecureCerts=false, webStorageEnabled=true, browserName=chrome, takesScreenshot=true, javascriptEnabled=true, setWindowRect=true, unexpectedAlertBehaviour=ignore, applicationCacheEnabled=false, rotatable=false, networkConnectionEnabled=false, chrome={chromedriverVersion=73.0.3683.68 (47787ec04b6e38e22703e856e101e840b65afe72), userDataDir=/tmp/.com.google.Chrome.dZRkee}, takesHeapSnapshot=true, pageLoadStrategy=normal, strictFileInteractability=false, databaseEnabled=false, handlesAlerts=true, version=73.0.3683.86, browserConnectionEnabled=false, proxy={}, nativeEvents=true, webdriver.remote.sessionid=84bbb5284a1422d78b59fc208b4e51ae, locationContextEnabled=true, cssSelectorsEnabled=true}]
Session ID: 84bbb5284a1422d78b59fc208b4e51ae
*** Element info: {Using=css selector, value=div#downshift-simple-menu div div}
	at com.clarolab.AdminConsoleTest.testSaveContainer(AdminConsoleTest.java:139)
</failure>
    <system-err><![CDATA[May 09, 2019 1:08:56 PM org.openqa.selenium.remote.RemoteWebDriver log
WARNING: Executing: screenshot [988abbecaf64e2c3c317e1a2c62c99d0, screenshot {}]
May 09, 2019 1:08:57 PM org.openqa.selenium.remote.RemoteWebDriver log
WARNING: Executed: [988abbecaf64e2c3c317e1a2c62c99d0, screenshot {}]
May 09, 2019 1:08:57 PM org.openqa.selenium.remote.RemoteWebDriver log
WARNING: Executing: getCurrentUrl [988abbecaf64e2c3c317e1a2c62c99d0, getCurrentUrl {}]
May 09, 2019 1:08:57 PM org.openqa.selenium.remote.RemoteWebDriver log
WARNING: Executed: [988abbecaf64e2c3c317e1a2c62c99d0, getCurrentUrl {}]
May 09, 2019 1:08:57 PM com.clarolab.BaseTest takeScreenShot
INFO: Screenshot of http://tdev.clarolab.com/ taken: screenshot940562.png
May 09, 2019 1:08:57 PM org.openqa.selenium.remote.RemoteWebDriver log
WARNING: Executing: deleteAllCookies [988abbecaf64e2c3c317e1a2c62c99d0, deleteAllCookies {}]
May 09, 2019 1:08:57 PM org.openqa.selenium.remote.RemoteWebDriver log
WARNING: Executed: [988abbecaf64e2c3c317e1a2c62c99d0, deleteAllCookies {}]
May 09, 2019 1:08:57 PM org.openqa.selenium.remote.RemoteWebDriver log
WARNING: Executing: quit [988abbecaf64e2c3c317e1a2c62c99d0, quit {}]
May 09, 2019 1:08:57 PM org.openqa.selenium.remote.RemoteWebDriver log
WARNING: Executed: [988abbecaf64e2c3c317e1a2c62c99d0, quit {}]
May 09, 2019 1:08:57 PM org.openqa.selenium.remote.RemoteWebDriver log
WARNING: Executing: quit [null, quit {}]
May 09, 2019 1:08:57 PM org.openqa.selenium.remote.RemoteWebDriver log
WARNING: Executed: [null, quit {}]
May 09, 2019 1:08:57 PM org.openqa.selenium.remote.RemoteWebDriver log
WARNING: Executing: setTimeout [84bbb5284a1422d78b59fc208b4e51ae, setTimeout {type=page load, ms=80000}]
May 09, 2019 1:08:57 PM org.openqa.selenium.remote.RemoteWebDriver log
WARNING: Executed: [84bbb5284a1422d78b59fc208b4e51ae, setTimeout {type=page load, ms=80000}]
May 09, 2019 1:08:57 PM org.openqa.selenium.remote.RemoteWebDriver log
WARNING: Executing: implicitlyWait [84bbb5284a1422d78b59fc208b4e51ae, implicitlyWait {ms=2000}]
May 09, 2019 1:08:57 PM org.openqa.selenium.remote.RemoteWebDriver log
WARNING: Executed: [84bbb5284a1422d78b59fc208b4e51ae, implicitlyWait {ms=2000}]
May 09, 2019 1:08:57 PM org.openqa.selenium.remote.RemoteWebDriver log
WARNING: Executing: get [84bbb5284a1422d78b59fc208b4e51ae, get {url=http://tdev.clarolab.com/}]
May 09, 2019 1:08:59 PM org.openqa.selenium.remote.RemoteWebDriver log
WARNING: Executed: [84bbb5284a1422d78b59fc208b4e51ae, get {url=http://tdev.clarolab.com/}]
May 09, 2019 1:08:59 PM org.openqa.selenium.remote.RemoteWebDriver log
WARNING: Executing: getCurrentUrl [84bbb5284a1422d78b59fc208b4e51ae, getCurrentUrl {}]
May 09, 2019 1:08:59 PM org.openqa.selenium.remote.RemoteWebDriver log
WARNING: Executed: [84bbb5284a1422d78b59fc208b4e51ae, getCurrentUrl {}]
May 09, 2019 1:08:59 PM org.openqa.selenium.remote.RemoteWebDriver log
WARNING: Executing: getCurrentUrl [84bbb5284a1422d78b59fc208b4e51ae, getCurrentUrl {}]
May 09, 2019 1:08:59 PM org.openqa.selenium.remote.RemoteWebDriver log
WARNING: Executed: [84bbb5284a1422d78b59fc208b4e51ae, getCurrentUrl {}]
May 09, 2019 1:08:59 PM org.openqa.selenium.remote.RemoteWebDriver log
WARNING: Executing: findElement [84bbb5284a1422d78b59fc208b4e51ae, findElement {using=id, value=loginForm}]
May 09, 2019 1:08:59 PM org.openqa.selenium.remote.RemoteWebDriver log
WARNING: Executed: [84bbb5284a1422d78b59fc208b4e51ae, findElement {using=id, value=loginForm}]
May 09, 2019 1:08:59 PM org.openqa.selenium.remote.RemoteWebDriver log
WARNING: Executing: findElement [84bbb5284a1422d78b59fc208b4e51ae, findElement {using=tag name, value=body}]
May 09, 2019 1:08:59 PM org.openqa.selenium.remote.RemoteWebDriver log
WARNING: Executed: [84bbb5284a1422d78b59fc208b4e51ae, findElement {using=tag name, value=body}]
May 09, 2019 1:08:59 PM org.openqa.selenium.remote.RemoteWebDriver log
WARNING: Executing: getElementText [84bbb5284a1422d78b59fc208b4e51ae, getElementText {id=0.9286261455720577-2}]
May 09, 2019 1:09:00 PM org.openqa.selenium.remote.RemoteWebDriver log
WARNING: Executed: [84bbb5284a1422d78b59fc208b4e51ae, getElementText {id=0.9286261455720577-2}]
May 09, 2019 1:09:00 PM org.openqa.selenium.remote.RemoteWebDriver log
WARNING: Executing: findElement [84bbb5284a1422d78b59fc208b4e51ae, findElement {using=tag name, value=body}]
May 09, 2019 1:09:00 PM org.openqa.selenium.remote.RemoteWebDriver log
WARNING: Executed: [84bbb5284a1422d78b59fc208b4e51ae, findElement {using=tag name, value=body}]
May 09, 2019 1:09:00 PM org.openqa.selenium.remote.RemoteWebDriver log
WARNING: Executing: getElementText [84bbb5284a1422d78b59fc208b4e51ae, getElementText {id=0.9286261455720577-2}]
May 09, 2019 1:09:00 PM org.openqa.selenium.remote.RemoteWebDriver log
WARNING: Executed: [84bbb5284a1422d78b59fc208b4e51ae, getElementText {id=0.9286261455720577-2}]
May 09, 2019 1:09:01 PM org.openqa.selenium.remote.RemoteWebDriver log
WARNING: Executing: findElement [84bbb5284a1422d78b59fc208b4e51ae, findElement {using=tag name, value=body}]
May 09, 2019 1:09:01 PM org.openqa.selenium.remote.RemoteWebDriver log
WARNING: Executed: [84bbb5284a1422d78b59fc208b4e51ae, findElement {using=tag name, value=body}]
May 09, 2019 1:09:01 PM org.openqa.selenium.remote.RemoteWebDriver log
WARNING: Executing: getElementText [84bbb5284a1422d78b59fc208b4e51ae, getElementText {id=0.9286261455720577-2}]
May 09, 2019 1:09:01 PM org.openqa.selenium.remote.RemoteWebDriver log
WARNING: Executed: [84bbb5284a1422d78b59fc208b4e51ae, getElementText {id=0.9286261455720577-2}]
May 09, 2019 1:09:01 PM org.openqa.selenium.remote.RemoteWebDriver log
WARNING: Executing: findElement [84bbb5284a1422d78b59fc208b4e51ae, findElement {using=id, value=internalLoginSubmit}]
May 09, 2019 1:09:01 PM org.openqa.selenium.remote.RemoteWebDriver log
WARNING: Executed: [84bbb5284a1422d78b59fc208b4e51ae, findElement {using=id, value=internalLoginSubmit}]
May 09, 2019 1:09:01 PM org.openqa.selenium.remote.RemoteWebDriver log
WARNING: Executing: isElementDisplayed [84bbb5284a1422d78b59fc208b4e51ae, isElementDisplayed {id=0.9286261455720577-3}]
May 09, 2019 1:09:01 PM org.openqa.selenium.remote.RemoteWebDriver log
WARNING: Executed: [84bbb5284a1422d78b59fc208b4e51ae, isElementDisplayed {id=0.9286261455720577-3}]
May 09, 2019 1:09:01 PM org.openqa.selenium.remote.RemoteWebDriver log
WARNING: Executing: isElementEnabled [84bbb5284a1422d78b59fc208b4e51ae, isElementEnabled {id=0.9286261455720577-3}]
May 09, 2019 1:09:01 PM org.openqa.selenium.remote.RemoteWebDriver log
WARNING: Executed: [84bbb5284a1422d78b59fc208b4e51ae, isElementEnabled {id=0.9286261455720577-3}]
May 09, 2019 1:09:01 PM org.openqa.selenium.remote.RemoteWebDriver log
WARNING: Executing: findElement [84bbb5284a1422d78b59fc208b4e51ae, findElement {using=id, value=email}]
May 09, 2019 1:09:01 PM org.openqa.selenium.remote.RemoteWebDriver log
WARNING: Executed: [84bbb5284a1422d78b59fc208b4e51ae, findElement {using=id, value=email}]
May 09, 2019 1:09:01 PM org.openqa.selenium.remote.RemoteWebDriver log
WARNING: Executing: getElementTagName [84bbb5284a1422d78b59fc208b4e51ae, getElementTagName {id=0.9286261455720577-4}]
May 09, 2019 1:09:01 PM org.openqa.selenium.remote.RemoteWebDriver log
WARNING: Executed: [84bbb5284a1422d78b59fc208b4e51ae, getElementTagName {id=0.9286261455720577-4}]
May 09, 2019 1:09:01 PM org.openqa.selenium.remote.RemoteWebDriver log
WARNING: Executing: sendKeysToElement [84bbb5284a1422d78b59fc208b4e51ae, sendKeysToElement {id=0.9286261455720577-4, value=[Ljava.lang.CharSequence;@67d18ed7}]
May 09, 2019 1:09:01 PM org.openqa.selenium.remote.RemoteWebDriver log
WARNING: Executed: [84bbb5284a1422d78b59fc208b4e51ae, sendKeysToElement {id=0.9286261455720577-4, value=[Ljava.lang.CharSequence;@67d18ed7}]
May 09, 2019 1:09:01 PM org.openqa.selenium.remote.RemoteWebDriver log
WARNING: Executing: sendKeysToElement [84bbb5284a1422d78b59fc208b4e51ae, sendKeysToElement {id=0.9286261455720577-4, value=[Ljava.lang.CharSequence;@2c78d320}]
May 09, 2019 1:09:01 PM org.openqa.selenium.remote.RemoteWebDriver log
WARNING: Executed: [84bbb5284a1422d78b59fc208b4e51ae, sendKeysToElement {id=0.9286261455720577-4, value=[Ljava.lang.CharSequence;@2c78d320}]
May 09, 2019 1:09:01 PM org.openqa.selenium.remote.RemoteWebDriver log
WARNING: Executing: sendKeysToElement [84bbb5284a1422d78b59fc208b4e51ae, sendKeysToElement {id=0.9286261455720577-4, value=[Ljava.lang.CharSequence;@132e0cc}]
May 09, 2019 1:09:01 PM org.openqa.selenium.remote.RemoteWebDriver log
WARNING: Executed: [84bbb5284a1422d78b59fc208b4e51ae, sendKeysToElement {id=0.9286261455720577-4, value=[Ljava.lang.CharSequence;@132e0cc}]
May 09, 2019 1:09:01 PM org.openqa.selenium.remote.RemoteWebDriver log
WARNING: Executing: sendKeysToElement [84bbb5284a1422d78b59fc208b4e51ae, sendKeysToElement {id=0.9286261455720577-4, value=[Ljava.lang.CharSequence;@7b205dbd}]
May 09, 2019 1:09:01 PM org.openqa.selenium.remote.RemoteWebDriver log
WARNING: Executed: [84bbb5284a1422d78b59fc208b4e51ae, sendKeysToElement {id=0.9286261455720577-4, value=[Ljava.lang.CharSequence;@7b205dbd}]
May 09, 2019 1:09:01 PM org.openqa.selenium.remote.RemoteWebDriver log
WARNING: Executing: sendKeysToElement [84bbb5284a1422d78b59fc208b4e51ae, sendKeysToElement {id=0.9286261455720577-4, value=[Ljava.lang.CharSequence;@106cc338}]
May 09, 2019 1:09:01 PM org.openqa.selenium.remote.RemoteWebDriver log
WARNING: Executed: [84bbb5284a1422d78b59fc208b4e51ae, sendKeysToElement {id=0.9286261455720577-4, value=[Ljava.lang.CharSequence;@106cc338}]
May 09, 2019 1:09:01 PM org.openqa.selenium.remote.RemoteWebDriver log
WARNING: Executing: sendKeysToElement [84bbb5284a1422d78b59fc208b4e51ae, sendKeysToElement {id=0.9286261455720577-4, value=[Ljava.lang.CharSequence;@7a67e3c6}]
May 09, 2019 1:09:01 PM org.openqa.selenium.remote.RemoteWebDriver log
WARNING: Executed: [84bbb5284a1422d78b59fc208b4e51ae, sendKeysToElement {id=0.9286261455720577-4, value=[Ljava.lang.CharSequence;@7a67e3c6}]
May 09, 2019 1:09:01 PM org.openqa.selenium.remote.RemoteWebDriver log
WARNING: Executing: sendKeysToElement [84bbb5284a1422d78b59fc208b4e51ae, sendKeysToElement {id=0.9286261455720577-4, value=[Ljava.lang.CharSequence;@6cc558c6}]
May 09, 2019 1:09:01 PM org.openqa.selenium.remote.RemoteWebDriver log
WARNING: Executed: [84bbb5284a1422d78b59fc208b4e51ae, sendKeysToElement {id=0.9286261455720577-4, value=[Ljava.lang.CharSequence;@6cc558c6}]
May 09, 2019 1:09:01 PM org.openqa.selenium.remote.RemoteWebDriver log
WARNING: Executing: sendKeysToElement [84bbb5284a1422d78b59fc208b4e51ae, sendKeysToElement {id=0.9286261455720577-4, value=[Ljava.lang.CharSequence;@15713d56}]
May 09, 2019 1:09:01 PM org.openqa.selenium.remote.RemoteWebDriver log
WARNING: Executed: [84bbb5284a1422d78b59fc208b4e51ae, sendKeysToElement {id=0.9286261455720577-4, value=[Ljava.lang.CharSequence;@15713d56}]
May 09, 2019 1:09:02 PM org.openqa.selenium.remote.RemoteWebDriver log
WARNING: Executing: sendKeysToElement [84bbb5284a1422d78b59fc208b4e51ae, sendKeysToElement {id=0.9286261455720577-4, value=[Ljava.lang.CharSequence;@63f259c3}]
May 09, 2019 1:09:02 PM org.openqa.selenium.remote.RemoteWebDriver log
WARNING: Executed: [84bbb5284a1422d78b59fc208b4e51ae, sendKeysToElement {id=0.9286261455720577-4, value=[Ljava.lang.CharSequence;@63f259c3}]
May 09, 2019 1:09:02 PM org.openqa.selenium.remote.RemoteWebDriver log
WARNING: Executing: sendKeysToElement [84bbb5284a1422d78b59fc208b4e51ae, sendKeysToElement {id=0.9286261455720577-4, value=[Ljava.lang.CharSequence;@26ceffa8}]
May 09, 2019 1:09:02 PM org.openqa.selenium.remote.RemoteWebDriver log
WARNING: Executed: [84bbb5284a1422d78b59fc208b4e51ae, sendKeysToElement {id=0.9286261455720577-4, value=[Ljava.lang.CharSequence;@26ceffa8}]
May 09, 2019 1:09:02 PM org.openqa.selenium.remote.RemoteWebDriver log
WARNING: Executing: sendKeysToElement [84bbb5284a1422d78b59fc208b4e51ae, sendKeysToElement {id=0.9286261455720577-4, value=[Ljava.lang.CharSequence;@600b90df}]
May 09, 2019 1:09:02 PM org.openqa.selenium.remote.RemoteWebDriver log
WARNING: Executed: [84bbb5284a1422d78b59fc208b4e51ae, sendKeysToElement {id=0.9286261455720577-4, value=[Ljava.lang.CharSequence;@600b90df}]
May 09, 2019 1:09:02 PM org.openqa.selenium.remote.RemoteWebDriver log
WARNING: Executing: sendKeysToElement [84bbb5284a1422d78b59fc208b4e51ae, sendKeysToElement {id=0.9286261455720577-4, value=[Ljava.lang.CharSequence;@7c8c9a05}]
May 09, 2019 1:09:02 PM org.openqa.selenium.remote.RemoteWebDriver log
WARNING: Executed: [84bbb5284a1422d78b59fc208b4e51ae, sendKeysToElement {id=0.9286261455720577-4, value=[Ljava.lang.CharSequence;@7c8c9a05}]
May 09, 2019 1:09:02 PM org.openqa.selenium.remote.RemoteWebDriver log
WARNING: Executing: sendKeysToElement [84bbb5284a1422d78b59fc208b4e51ae, sendKeysToElement {id=0.9286261455720577-4, value=[Ljava.lang.CharSequence;@d41f816}]
May 09, 2019 1:09:02 PM org.openqa.selenium.remote.RemoteWebDriver log
WARNING: Executed: [84bbb5284a1422d78b59fc208b4e51ae, sendKeysToElement {id=0.9286261455720577-4, value=[Ljava.lang.CharSequence;@d41f816}]
May 09, 2019 1:09:02 PM org.openqa.selenium.remote.RemoteWebDriver log
WARNING: Executing: sendKeysToElement [84bbb5284a1422d78b59fc208b4e51ae, sendKeysToElement {id=0.9286261455720577-4, value=[Ljava.lang.CharSequence;@5c2375a9}]
May 09, 2019 1:09:02 PM org.openqa.selenium.remote.RemoteWebDriver log
WARNING: Executed: [84bbb5284a1422d78b59fc208b4e51ae, sendKeysToElement {id=0.9286261455720577-4, value=[Ljava.lang.CharSequence;@5c2375a9}]
May 09, 2019 1:09:02 PM org.openqa.selenium.remote.RemoteWebDriver log
WARNING: Executing: sendKeysToElement [84bbb5284a1422d78b59fc208b4e51ae, sendKeysToElement {id=0.9286261455720577-4, value=[Ljava.lang.CharSequence;@60129b9a}]
May 09, 2019 1:09:02 PM org.openqa.selenium.remote.RemoteWebDriver log
WARNING: Executed: [84bbb5284a1422d78b59fc208b4e51ae, sendKeysToElement {id=0.9286261455720577-4, value=[Ljava.lang.CharSequence;@60129b9a}]
May 09, 2019 1:09:02 PM org.openqa.selenium.remote.RemoteWebDriver log
WARNING: Executing: sendKeysToElement [84bbb5284a1422d78b59fc208b4e51ae, sendKeysToElement {id=0.9286261455720577-4, value=[Ljava.lang.CharSequence;@78d6692f}]
May 09, 2019 1:09:02 PM org.openqa.selenium.remote.RemoteWebDriver log
WARNING: Executed: [84bbb5284a1422d78b59fc208b4e51ae, sendKeysToElement {id=0.9286261455720577-4, value=[Ljava.lang.CharSequence;@78d6692f}]
May 09, 2019 1:09:02 PM org.openqa.selenium.remote.RemoteWebDriver log
WARNING: Executing: sendKeysToElement [84bbb5284a1422d78b59fc208b4e51ae, sendKeysToElement {id=0.9286261455720577-4, value=[Ljava.lang.CharSequence;@7a55af6b}]
May 09, 2019 1:09:02 PM org.openqa.selenium.remote.RemoteWebDriver log
WARNING: Executed: [84bbb5284a1422d78b59fc208b4e51ae, sendKeysToElement {id=0.9286261455720577-4, value=[Ljava.lang.CharSequence;@7a55af6b}]
May 09, 2019 1:09:02 PM org.openqa.selenium.remote.RemoteWebDriver log
WARNING: Executing: findElement [84bbb5284a1422d78b59fc208b4e51ae, findElement {using=id, value=password}]
May 09, 2019 1:09:02 PM org.openqa.selenium.remote.RemoteWebDriver log
WARNING: Executed: [84bbb5284a1422d78b59fc208b4e51ae, findElement {using=id, value=password}]
May 09, 2019 1:09:02 PM org.openqa.selenium.remote.RemoteWebDriver log
WARNING: Executing: getElementTagName [84bbb5284a1422d78b59fc208b4e51ae, getElementTagName {id=0.9286261455720577-5}]
May 09, 2019 1:09:02 PM org.openqa.selenium.remote.RemoteWebDriver log
WARNING: Executed: [84bbb5284a1422d78b59fc208b4e51ae, getElementTagName {id=0.9286261455720577-5}]
May 09, 2019 1:09:02 PM org.openqa.selenium.remote.RemoteWebDriver log
WARNING: Executing: sendKeysToElement [84bbb5284a1422d78b59fc208b4e51ae, sendKeysToElement {id=0.9286261455720577-5, value=[Ljava.lang.CharSequence;@3d9c13b5}]
May 09, 2019 1:09:02 PM org.openqa.selenium.remote.RemoteWebDriver log
WARNING: Executed: [84bbb5284a1422d78b59fc208b4e51ae, sendKeysToElement {id=0.9286261455720577-5, value=[Ljava.lang.CharSequence;@3d9c13b5}]
May 09, 2019 1:09:02 PM org.openqa.selenium.remote.RemoteWebDriver log
WARNING: Executing: sendKeysToElement [84bbb5284a1422d78b59fc208b4e51ae, sendKeysToElement {id=0.9286261455720577-5, value=[Ljava.lang.CharSequence;@492691d7}]
May 09, 2019 1:09:02 PM org.openqa.selenium.remote.RemoteWebDriver log
WARNING: Executed: [84bbb5284a1422d78b59fc208b4e51ae, sendKeysToElement {id=0.9286261455720577-5, value=[Ljava.lang.CharSequence;@492691d7}]
May 09, 2019 1:09:03 PM org.openqa.selenium.remote.RemoteWebDriver log
WARNING: Executing: sendKeysToElement [84bbb5284a1422d78b59fc208b4e51ae, sendKeysToElement {id=0.9286261455720577-5, value=[Ljava.lang.CharSequence;@27216cd}]
May 09, 2019 1:09:03 PM org.openqa.selenium.remote.RemoteWebDriver log
WARNING: Executed: [84bbb5284a1422d78b59fc208b4e51ae, sendKeysToElement {id=0.9286261455720577-5, value=[Ljava.lang.CharSequence;@27216cd}]
May 09, 2019 1:09:03 PM org.openqa.selenium.remote.RemoteWebDriver log
WARNING: Executing: sendKeysToElement [84bbb5284a1422d78b59fc208b4e51ae, sendKeysToElement {id=0.9286261455720577-5, value=[Ljava.lang.CharSequence;@558bdf1f}]
May 09, 2019 1:09:03 PM org.openqa.selenium.remote.RemoteWebDriver log
WARNING: Executed: [84bbb5284a1422d78b59fc208b4e51ae, sendKeysToElement {id=0.9286261455720577-5, value=[Ljava.lang.CharSequence;@558bdf1f}]
May 09, 2019 1:09:03 PM org.openqa.selenium.remote.RemoteWebDriver log
WARNING: Executing: sendKeysToElement [84bbb5284a1422d78b59fc208b4e51ae, sendKeysToElement {id=0.9286261455720577-5, value=[Ljava.lang.CharSequence;@8576fa0}]
May 09, 2019 1:09:03 PM org.openqa.selenium.remote.RemoteWebDriver log
WARNING: Executed: [84bbb5284a1422d78b59fc208b4e51ae, sendKeysToElement {id=0.9286261455720577-5, value=[Ljava.lang.CharSequence;@8576fa0}]
May 09, 2019 1:09:03 PM org.openqa.selenium.remote.RemoteWebDriver log
WARNING: Executing: sendKeysToElement [84bbb5284a1422d78b59fc208b4e51ae, sendKeysToElement {id=0.9286261455720577-5, value=[Ljava.lang.CharSequence;@7582ff54}]
May 09, 2019 1:09:03 PM org.openqa.selenium.remote.RemoteWebDriver log
WARNING: Executed: [84bbb5284a1422d78b59fc208b4e51ae, sendKeysToElement {id=0.9286261455720577-5, value=[Ljava.lang.CharSequence;@7582ff54}]
May 09, 2019 1:09:03 PM org.openqa.selenium.remote.RemoteWebDriver log
WARNING: Executing: findElement [84bbb5284a1422d78b59fc208b4e51ae, findElement {using=tag name, value=body}]
May 09, 2019 1:09:03 PM org.openqa.selenium.remote.RemoteWebDriver log
WARNING: Executed: [84bbb5284a1422d78b59fc208b4e51ae, findElement {using=tag name, value=body}]
May 09, 2019 1:09:03 PM org.openqa.selenium.remote.RemoteWebDriver log
WARNING: Executing: getElementText [84bbb5284a1422d78b59fc208b4e51ae, getElementText {id=0.9286261455720577-2}]
May 09, 2019 1:09:03 PM org.openqa.selenium.remote.RemoteWebDriver log
WARNING: Executed: [84bbb5284a1422d78b59fc208b4e51ae, getElementText {id=0.9286261455720577-2}]
May 09, 2019 1:09:03 PM org.openqa.selenium.remote.RemoteWebDriver log
WARNING: Executing: findElement [84bbb5284a1422d78b59fc208b4e51ae, findElement {using=tag name, value=body}]
May 09, 2019 1:09:03 PM org.openqa.selenium.remote.RemoteWebDriver log
WARNING: Executed: [84bbb5284a1422d78b59fc208b4e51ae, findElement {using=tag name, value=body}]
May 09, 2019 1:09:03 PM org.openqa.selenium.remote.RemoteWebDriver log
WARNING: Executing: getElementText [84bbb5284a1422d78b59fc208b4e51ae, getElementText {id=0.9286261455720577-2}]
May 09, 2019 1:09:03 PM org.openqa.selenium.remote.RemoteWebDriver log
WARNING: Executed: [84bbb5284a1422d78b59fc208b4e51ae, getElementText {id=0.9286261455720577-2}]
May 09, 2019 1:09:04 PM org.openqa.selenium.remote.RemoteWebDriver log
WARNING: Executing: findElement [84bbb5284a1422d78b59fc208b4e51ae, findElement {using=tag name, value=body}]
May 09, 2019 1:09:04 PM org.openqa.selenium.remote.RemoteWebDriver log
WARNING: Executed: [84bbb5284a1422d78b59fc208b4e51ae, findElement {using=tag name, value=body}]
May 09, 2019 1:09:04 PM org.openqa.selenium.remote.RemoteWebDriver log
WARNING: Executing: getElementText [84bbb5284a1422d78b59fc208b4e51ae, getElementText {id=0.9286261455720577-2}]
May 09, 2019 1:09:04 PM org.openqa.selenium.remote.RemoteWebDriver log
WARNING: Executed: [84bbb5284a1422d78b59fc208b4e51ae, getElementText {id=0.9286261455720577-2}]
May 09, 2019 1:09:04 PM org.openqa.selenium.remote.RemoteWebDriver log
WARNING: Executing: findElement [84bbb5284a1422d78b59fc208b4e51ae, findElement {using=id, value=internalLoginSubmit}]
May 09, 2019 1:09:04 PM org.openqa.selenium.remote.RemoteWebDriver log
WARNING: Executed: [84bbb5284a1422d78b59fc208b4e51ae, findElement {using=id, value=internalLoginSubmit}]
May 09, 2019 1:09:04 PM org.openqa.selenium.remote.RemoteWebDriver log
WARNING: Executing: isElementDisplayed [84bbb5284a1422d78b59fc208b4e51ae, isElementDisplayed {id=0.9286261455720577-3}]
May 09, 2019 1:09:04 PM org.openqa.selenium.remote.RemoteWebDriver log
WARNING: Executed: [84bbb5284a1422d78b59fc208b4e51ae, isElementDisplayed {id=0.9286261455720577-3}]
May 09, 2019 1:09:04 PM org.openqa.selenium.remote.RemoteWebDriver log
WARNING: Executing: isElementEnabled [84bbb5284a1422d78b59fc208b4e51ae, isElementEnabled {id=0.9286261455720577-3}]
May 09, 2019 1:09:04 PM org.openqa.selenium.remote.RemoteWebDriver log
WARNING: Executed: [84bbb5284a1422d78b59fc208b4e51ae, isElementEnabled {id=0.9286261455720577-3}]
May 09, 2019 1:09:04 PM org.openqa.selenium.remote.RemoteWebDriver log
WARNING: Executing: clickElement [84bbb5284a1422d78b59fc208b4e51ae, clickElement {id=0.9286261455720577-3}]
May 09, 2019 1:09:04 PM org.openqa.selenium.remote.RemoteWebDriver log
WARNING: Executed: [84bbb5284a1422d78b59fc208b4e51ae, clickElement {id=0.9286261455720577-3}]
May 09, 2019 1:09:04 PM org.openqa.selenium.remote.RemoteWebDriver log
WARNING: Executing: getCurrentUrl [84bbb5284a1422d78b59fc208b4e51ae, getCurrentUrl {}]
May 09, 2019 1:09:04 PM org.openqa.selenium.remote.RemoteWebDriver log
WARNING: Executed: [84bbb5284a1422d78b59fc208b4e51ae, getCurrentUrl {}]
May 09, 2019 1:09:04 PM org.openqa.selenium.remote.RemoteWebDriver log
WARNING: Executing: findElement [84bbb5284a1422d78b59fc208b4e51ae, findElement {using=class name, value=homeRoot}]
May 09, 2019 1:09:04 PM org.openqa.selenium.remote.RemoteWebDriver log
WARNING: Executed: [84bbb5284a1422d78b59fc208b4e51ae, findElement {using=class name, value=homeRoot}]
May 09, 2019 1:09:04 PM org.openqa.selenium.remote.RemoteWebDriver log
WARNING: Executing: get [84bbb5284a1422d78b59fc208b4e51ae, get {url=http://tdev.clarolab.com/admin/}]
May 09, 2019 1:09:07 PM org.openqa.selenium.remote.RemoteWebDriver log
WARNING: Executed: [84bbb5284a1422d78b59fc208b4e51ae, get {url=http://tdev.clarolab.com/admin/}]
May 09, 2019 1:09:07 PM org.openqa.selenium.remote.RemoteWebDriver log
WARNING: Executing: getCurrentUrl [84bbb5284a1422d78b59fc208b4e51ae, getCurrentUrl {}]
May 09, 2019 1:09:07 PM org.openqa.selenium.remote.RemoteWebDriver log
WARNING: Executed: [84bbb5284a1422d78b59fc208b4e51ae, getCurrentUrl {}]
May 09, 2019 1:09:07 PM org.openqa.selenium.remote.RemoteWebDriver log
WARNING: Executing: findElement [84bbb5284a1422d78b59fc208b4e51ae, findElement {using=class name, value=CenterList}]
May 09, 2019 1:09:08 PM org.openqa.selenium.remote.RemoteWebDriver log
WARNING: Executed: [84bbb5284a1422d78b59fc208b4e51ae, findElement {using=class name, value=CenterList}]
May 09, 2019 1:09:08 PM org.openqa.selenium.remote.RemoteWebDriver log
WARNING: Executing: findElements [84bbb5284a1422d78b59fc208b4e51ae, findElements {using=css selector, value=nav button}]
May 09, 2019 1:09:08 PM org.openqa.selenium.remote.RemoteWebDriver log
WARNING: Executed: [84bbb5284a1422d78b59fc208b4e51ae, findElements {using=css selector, value=nav button}]
May 09, 2019 1:09:08 PM org.openqa.selenium.remote.RemoteWebDriver log
WARNING: Executing: clickElement [84bbb5284a1422d78b59fc208b4e51ae, clickElement {id=0.4706757737618503-6}]
May 09, 2019 1:09:09 PM org.openqa.selenium.remote.RemoteWebDriver log
WARNING: Executed: [84bbb5284a1422d78b59fc208b4e51ae, clickElement {id=0.4706757737618503-6}]
May 09, 2019 1:09:09 PM org.openqa.selenium.remote.RemoteWebDriver log
WARNING: Executing: findElement [84bbb5284a1422d78b59fc208b4e51ae, findElement {using=id, value=shortName}]
May 09, 2019 1:09:09 PM org.openqa.selenium.remote.RemoteWebDriver log
WARNING: Executed: [84bbb5284a1422d78b59fc208b4e51ae, findElement {using=id, value=shortName}]
May 09, 2019 1:09:09 PM org.openqa.selenium.remote.RemoteWebDriver log
WARNING: Executing: findElements [84bbb5284a1422d78b59fc208b4e51ae, findElements {using=id, value=shortName}]
May 09, 2019 1:09:09 PM org.openqa.selenium.remote.RemoteWebDriver log
WARNING: Executed: [84bbb5284a1422d78b59fc208b4e51ae, findElements {using=id, value=shortName}]
May 09, 2019 1:09:09 PM org.openqa.selenium.remote.RemoteWebDriver log
WARNING: Executing: isElementDisplayed [84bbb5284a1422d78b59fc208b4e51ae, isElementDisplayed {id=0.4706757737618503-10}]
May 09, 2019 1:09:09 PM org.openqa.selenium.remote.RemoteWebDriver log
WARNING: Executed: [84bbb5284a1422d78b59fc208b4e51ae, isElementDisplayed {id=0.4706757737618503-10}]
May 09, 2019 1:09:09 PM org.openqa.selenium.remote.RemoteWebDriver log
WARNING: Executing: getElementAttribute [84bbb5284a1422d78b59fc208b4e51ae, getElementAttribute {id=0.4706757737618503-10, name=value}]
May 09, 2019 1:09:09 PM org.openqa.selenium.remote.RemoteWebDriver log
WARNING: Executed: [84bbb5284a1422d78b59fc208b4e51ae, getElementAttribute {id=0.4706757737618503-10, name=value}]
May 09, 2019 1:09:09 PM org.openqa.selenium.remote.RemoteWebDriver log
WARNING: Executing: findElement [84bbb5284a1422d78b59fc208b4e51ae, findElement {using=id, value=shortName}]
May 09, 2019 1:09:09 PM org.openqa.selenium.remote.RemoteWebDriver log
WARNING: Executed: [84bbb5284a1422d78b59fc208b4e51ae, findElement {using=id, value=shortName}]
May 09, 2019 1:09:09 PM org.openqa.selenium.remote.RemoteWebDriver log
WARNING: Executing: sendKeysToElement [84bbb5284a1422d78b59fc208b4e51ae, sendKeysToElement {id=0.4706757737618503-10, value=[Ljava.lang.CharSequence;@67545b57}]
May 09, 2019 1:09:09 PM org.openqa.selenium.remote.RemoteWebDriver log
WARNING: Executed: [84bbb5284a1422d78b59fc208b4e51ae, sendKeysToElement {id=0.4706757737618503-10, value=[Ljava.lang.CharSequence;@67545b57}]
May 09, 2019 1:09:09 PM org.openqa.selenium.remote.RemoteWebDriver log
WARNING: Executing: findElement [84bbb5284a1422d78b59fc208b4e51ae, findElement {using=id, value=Description}]
May 09, 2019 1:09:09 PM org.openqa.selenium.remote.RemoteWebDriver log
WARNING: Executed: [84bbb5284a1422d78b59fc208b4e51ae, findElement {using=id, value=Description}]
May 09, 2019 1:09:09 PM org.openqa.selenium.remote.RemoteWebDriver log
WARNING: Executing: sendKeysToElement [84bbb5284a1422d78b59fc208b4e51ae, sendKeysToElement {id=0.4706757737618503-11, value=[Ljava.lang.CharSequence;@6c2c1385}]
May 09, 2019 1:09:09 PM org.openqa.selenium.remote.RemoteWebDriver log
WARNING: Executed: [84bbb5284a1422d78b59fc208b4e51ae, sendKeysToElement {id=0.4706757737618503-11, value=[Ljava.lang.CharSequence;@6c2c1385}]
May 09, 2019 1:09:09 PM org.openqa.selenium.remote.RemoteWebDriver log
WARNING: Executing: findElement [84bbb5284a1422d78b59fc208b4e51ae, findElement {using=id, value=URL}]
May 09, 2019 1:09:09 PM org.openqa.selenium.remote.RemoteWebDriver log
WARNING: Executed: [84bbb5284a1422d78b59fc208b4e51ae, findElement {using=id, value=URL}]
May 09, 2019 1:09:09 PM org.openqa.selenium.remote.RemoteWebDriver log
WARNING: Executing: sendKeysToElement [84bbb5284a1422d78b59fc208b4e51ae, sendKeysToElement {id=0.4706757737618503-12, value=[Ljava.lang.CharSequence;@5f354bcf}]
May 09, 2019 1:09:09 PM org.openqa.selenium.remote.RemoteWebDriver log
WARNING: Executed: [84bbb5284a1422d78b59fc208b4e51ae, sendKeysToElement {id=0.4706757737618503-12, value=[Ljava.lang.CharSequence;@5f354bcf}]
May 09, 2019 1:09:09 PM org.openqa.selenium.remote.RemoteWebDriver log
WARNING: Executing: findElement [84bbb5284a1422d78b59fc208b4e51ae, findElement {using=id, value=downshift-simple-input}]
May 09, 2019 1:09:09 PM org.openqa.selenium.remote.RemoteWebDriver log
WARNING: Executed: [84bbb5284a1422d78b59fc208b4e51ae, findElement {using=id, value=downshift-simple-input}]
May 09, 2019 1:09:09 PM org.openqa.selenium.remote.RemoteWebDriver log
WARNING: Executing: sendKeysToElement [84bbb5284a1422d78b59fc208b4e51ae, sendKeysToElement {id=0.4706757737618503-13, value=[Ljava.lang.CharSequence;@3daf7722}]
May 09, 2019 1:09:09 PM org.openqa.selenium.remote.RemoteWebDriver log
WARNING: Executed: [84bbb5284a1422d78b59fc208b4e51ae, sendKeysToElement {id=0.4706757737618503-13, value=[Ljava.lang.CharSequence;@3daf7722}]
May 09, 2019 1:09:09 PM org.openqa.selenium.remote.RemoteWebDriver log
WARNING: Executing: findElement [84bbb5284a1422d78b59fc208b4e51ae, findElement {using=id, value=downshift-simple-input}]
May 09, 2019 1:09:09 PM org.openqa.selenium.remote.RemoteWebDriver log
WARNING: Executed: [84bbb5284a1422d78b59fc208b4e51ae, findElement {using=id, value=downshift-simple-input}]
May 09, 2019 1:09:09 PM org.openqa.selenium.remote.RemoteWebDriver log
WARNING: Executing: isElementDisplayed [84bbb5284a1422d78b59fc208b4e51ae, isElementDisplayed {id=0.4706757737618503-13}]
May 09, 2019 1:09:09 PM org.openqa.selenium.remote.RemoteWebDriver log
WARNING: Executed: [84bbb5284a1422d78b59fc208b4e51ae, isElementDisplayed {id=0.4706757737618503-13}]
May 09, 2019 1:09:09 PM org.openqa.selenium.remote.RemoteWebDriver log
WARNING: Executing: isElementEnabled [84bbb5284a1422d78b59fc208b4e51ae, isElementEnabled {id=0.4706757737618503-13}]
May 09, 2019 1:09:09 PM org.openqa.selenium.remote.RemoteWebDriver log
WARNING: Executed: [84bbb5284a1422d78b59fc208b4e51ae, isElementEnabled {id=0.4706757737618503-13}]
May 09, 2019 1:09:09 PM org.openqa.selenium.remote.RemoteWebDriver log
WARNING: Executing: clickElement [84bbb5284a1422d78b59fc208b4e51ae, clickElement {id=0.4706757737618503-13}]
May 09, 2019 1:09:10 PM org.openqa.selenium.remote.RemoteWebDriver log
WARNING: Executed: [84bbb5284a1422d78b59fc208b4e51ae, clickElement {id=0.4706757737618503-13}]
May 09, 2019 1:09:10 PM org.openqa.selenium.remote.RemoteWebDriver log
WARNING: Executing: findElement [84bbb5284a1422d78b59fc208b4e51ae, findElement {using=css selector, value=div#downshift-simple-menu div div}]
May 09, 2019 1:09:12 PM org.openqa.selenium.remote.RemoteWebDriver log
WARNING: Executed: [84bbb5284a1422d78b59fc208b4e51ae, findElement {using=css selector, value=div#downshift-simple-menu div div}]
May 09, 2019 1:09:12 PM org.openqa.selenium.remote.RemoteWebDriver log
WARNING: Executing: findElement [84bbb5284a1422d78b59fc208b4e51ae, findElement {using=css selector, value=div#downshift-simple-menu div div}]
May 09, 2019 1:09:14 PM org.openqa.selenium.remote.RemoteWebDriver log
WARNING: Executed: [84bbb5284a1422d78b59fc208b4e51ae, findElement {using=css selector, value=div#downshift-simple-menu div div}]
May 09, 2019 1:09:15 PM org.openqa.selenium.remote.RemoteWebDriver log
WARNING: Executing: findElement [84bbb5284a1422d78b59fc208b4e51ae, findElement {using=css selector, value=div#downshift-simple-menu div div}]
May 09, 2019 1:09:17 PM org.openqa.selenium.remote.RemoteWebDriver log
WARNING: Executed: [84bbb5284a1422d78b59fc208b4e51ae, findElement {using=css selector, value=div#downshift-simple-menu div div}]
]]></system-err>
  </testcase>
  <testcase name="testSaveMilestone" classname="com.clarolab.AdminConsoleTest" time="14.795"/>
  <testcase name="testSaveProduct" classname="com.clarolab.AdminConsoleTest" time="10.516"/>
  <testcase name="testSaveProperties" classname="com.clarolab.AdminConsoleTest" time="13.668"/>
  <testcase name="testSaveUsers" classname="com.clarolab.AdminConsoleTest" time="10.948"/>
  <testcase name="testFilterByAutomatedTriages" classname="com.clarolab.KanbanTest" time="25.524">
    <failure message="expected not same" type="java.lang.AssertionError">java.lang.AssertionError: expected not same
	at com.clarolab.KanbanTest.testFilterByAutomatedTriages(KanbanTest.java:29)
</failure>
    <system-err><![CDATA[May 09, 2019 1:10:18 PM org.openqa.selenium.remote.RemoteWebDriver log
WARNING: Executing: screenshot [0cf14c4757f5a39edf8ee862b7827606, screenshot {}]
May 09, 2019 1:10:18 PM org.openqa.selenium.remote.RemoteWebDriver log
WARNING: Executed: [0cf14c4757f5a39edf8ee862b7827606, screenshot {}]
May 09, 2019 1:10:18 PM org.openqa.selenium.remote.RemoteWebDriver log
WARNING: Executing: getCurrentUrl [0cf14c4757f5a39edf8ee862b7827606, getCurrentUrl {}]
May 09, 2019 1:10:18 PM org.openqa.selenium.remote.RemoteWebDriver log
WARNING: Executed: [0cf14c4757f5a39edf8ee862b7827606, getCurrentUrl {}]
May 09, 2019 1:10:18 PM com.clarolab.BaseTest takeScreenShot
INFO: Screenshot of http://tdev.clarolab.com/admin/users taken: screenshot291924.png
May 09, 2019 1:10:18 PM org.openqa.selenium.remote.RemoteWebDriver log
WARNING: Executing: deleteAllCookies [0cf14c4757f5a39edf8ee862b7827606, deleteAllCookies {}]
May 09, 2019 1:10:18 PM org.openqa.selenium.remote.RemoteWebDriver log
WARNING: Executed: [0cf14c4757f5a39edf8ee862b7827606, deleteAllCookies {}]
May 09, 2019 1:10:18 PM org.openqa.selenium.remote.RemoteWebDriver log
WARNING: Executing: quit [0cf14c4757f5a39edf8ee862b7827606, quit {}]
May 09, 2019 1:10:18 PM org.openqa.selenium.remote.RemoteWebDriver log
WARNING: Executed: [0cf14c4757f5a39edf8ee862b7827606, quit {}]
May 09, 2019 1:10:18 PM org.openqa.selenium.remote.RemoteWebDriver log
WARNING: Executing: quit [null, quit {}]
May 09, 2019 1:10:18 PM org.openqa.selenium.remote.RemoteWebDriver log
WARNING: Executed: [null, quit {}]
May 09, 2019 1:10:18 PM org.openqa.selenium.remote.RemoteWebDriver log
WARNING: Executing: setTimeout [a8c8e1665f0be27516a1ded5a79fbd3a, setTimeout {type=page load, ms=80000}]
May 09, 2019 1:10:18 PM org.openqa.selenium.remote.RemoteWebDriver log
WARNING: Executed: [a8c8e1665f0be27516a1ded5a79fbd3a, setTimeout {type=page load, ms=80000}]
May 09, 2019 1:10:18 PM org.openqa.selenium.remote.RemoteWebDriver log
WARNING: Executing: implicitlyWait [a8c8e1665f0be27516a1ded5a79fbd3a, implicitlyWait {ms=2000}]
May 09, 2019 1:10:18 PM org.openqa.selenium.remote.RemoteWebDriver log
WARNING: Executed: [a8c8e1665f0be27516a1ded5a79fbd3a, implicitlyWait {ms=2000}]
May 09, 2019 1:10:18 PM org.openqa.selenium.remote.RemoteWebDriver log
WARNING: Executing: get [a8c8e1665f0be27516a1ded5a79fbd3a, get {url=http://tdev.clarolab.com/}]
May 09, 2019 1:10:21 PM org.openqa.selenium.remote.RemoteWebDriver log
WARNING: Executed: [a8c8e1665f0be27516a1ded5a79fbd3a, get {url=http://tdev.clarolab.com/}]
May 09, 2019 1:10:21 PM org.openqa.selenium.remote.RemoteWebDriver log
WARNING: Executing: getCurrentUrl [a8c8e1665f0be27516a1ded5a79fbd3a, getCurrentUrl {}]
May 09, 2019 1:10:21 PM org.openqa.selenium.remote.RemoteWebDriver log
WARNING: Executed: [a8c8e1665f0be27516a1ded5a79fbd3a, getCurrentUrl {}]
May 09, 2019 1:10:21 PM org.openqa.selenium.remote.RemoteWebDriver log
WARNING: Executing: getCurrentUrl [a8c8e1665f0be27516a1ded5a79fbd3a, getCurrentUrl {}]
May 09, 2019 1:10:21 PM org.openqa.selenium.remote.RemoteWebDriver log
WARNING: Executed: [a8c8e1665f0be27516a1ded5a79fbd3a, getCurrentUrl {}]
May 09, 2019 1:10:21 PM org.openqa.selenium.remote.RemoteWebDriver log
WARNING: Executing: findElement [a8c8e1665f0be27516a1ded5a79fbd3a, findElement {using=id, value=loginForm}]
May 09, 2019 1:10:21 PM org.openqa.selenium.remote.RemoteWebDriver log
WARNING: Executed: [a8c8e1665f0be27516a1ded5a79fbd3a, findElement {using=id, value=loginForm}]
May 09, 2019 1:10:21 PM org.openqa.selenium.remote.RemoteWebDriver log
WARNING: Executing: findElement [a8c8e1665f0be27516a1ded5a79fbd3a, findElement {using=tag name, value=body}]
May 09, 2019 1:10:21 PM org.openqa.selenium.remote.RemoteWebDriver log
WARNING: Executed: [a8c8e1665f0be27516a1ded5a79fbd3a, findElement {using=tag name, value=body}]
May 09, 2019 1:10:21 PM org.openqa.selenium.remote.RemoteWebDriver log
WARNING: Executing: getElementText [a8c8e1665f0be27516a1ded5a79fbd3a, getElementText {id=0.639971228563875-2}]
May 09, 2019 1:10:21 PM org.openqa.selenium.remote.RemoteWebDriver log
WARNING: Executed: [a8c8e1665f0be27516a1ded5a79fbd3a, getElementText {id=0.639971228563875-2}]
May 09, 2019 1:10:21 PM org.openqa.selenium.remote.RemoteWebDriver log
WARNING: Executing: findElement [a8c8e1665f0be27516a1ded5a79fbd3a, findElement {using=tag name, value=body}]
May 09, 2019 1:10:21 PM org.openqa.selenium.remote.RemoteWebDriver log
WARNING: Executed: [a8c8e1665f0be27516a1ded5a79fbd3a, findElement {using=tag name, value=body}]
May 09, 2019 1:10:21 PM org.openqa.selenium.remote.RemoteWebDriver log
WARNING: Executing: getElementText [a8c8e1665f0be27516a1ded5a79fbd3a, getElementText {id=0.639971228563875-2}]
May 09, 2019 1:10:21 PM org.openqa.selenium.remote.RemoteWebDriver log
WARNING: Executed: [a8c8e1665f0be27516a1ded5a79fbd3a, getElementText {id=0.639971228563875-2}]
May 09, 2019 1:10:22 PM org.openqa.selenium.remote.RemoteWebDriver log
WARNING: Executing: findElement [a8c8e1665f0be27516a1ded5a79fbd3a, findElement {using=tag name, value=body}]
May 09, 2019 1:10:22 PM org.openqa.selenium.remote.RemoteWebDriver log
WARNING: Executed: [a8c8e1665f0be27516a1ded5a79fbd3a, findElement {using=tag name, value=body}]
May 09, 2019 1:10:22 PM org.openqa.selenium.remote.RemoteWebDriver log
WARNING: Executing: getElementText [a8c8e1665f0be27516a1ded5a79fbd3a, getElementText {id=0.639971228563875-2}]
May 09, 2019 1:10:22 PM org.openqa.selenium.remote.RemoteWebDriver log
WARNING: Executed: [a8c8e1665f0be27516a1ded5a79fbd3a, getElementText {id=0.639971228563875-2}]
May 09, 2019 1:10:22 PM org.openqa.selenium.remote.RemoteWebDriver log
WARNING: Executing: findElement [a8c8e1665f0be27516a1ded5a79fbd3a, findElement {using=id, value=internalLoginSubmit}]
May 09, 2019 1:10:22 PM org.openqa.selenium.remote.RemoteWebDriver log
WARNING: Executed: [a8c8e1665f0be27516a1ded5a79fbd3a, findElement {using=id, value=internalLoginSubmit}]
May 09, 2019 1:10:22 PM org.openqa.selenium.remote.RemoteWebDriver log
WARNING: Executing: isElementDisplayed [a8c8e1665f0be27516a1ded5a79fbd3a, isElementDisplayed {id=0.639971228563875-3}]
May 09, 2019 1:10:22 PM org.openqa.selenium.remote.RemoteWebDriver log
WARNING: Executed: [a8c8e1665f0be27516a1ded5a79fbd3a, isElementDisplayed {id=0.639971228563875-3}]
May 09, 2019 1:10:22 PM org.openqa.selenium.remote.RemoteWebDriver log
WARNING: Executing: isElementEnabled [a8c8e1665f0be27516a1ded5a79fbd3a, isElementEnabled {id=0.639971228563875-3}]
May 09, 2019 1:10:22 PM org.openqa.selenium.remote.RemoteWebDriver log
WARNING: Executed: [a8c8e1665f0be27516a1ded5a79fbd3a, isElementEnabled {id=0.639971228563875-3}]
May 09, 2019 1:10:22 PM org.openqa.selenium.remote.RemoteWebDriver log
WARNING: Executing: findElement [a8c8e1665f0be27516a1ded5a79fbd3a, findElement {using=id, value=email}]
May 09, 2019 1:10:22 PM org.openqa.selenium.remote.RemoteWebDriver log
WARNING: Executed: [a8c8e1665f0be27516a1ded5a79fbd3a, findElement {using=id, value=email}]
May 09, 2019 1:10:22 PM org.openqa.selenium.remote.RemoteWebDriver log
WARNING: Executing: getElementTagName [a8c8e1665f0be27516a1ded5a79fbd3a, getElementTagName {id=0.639971228563875-4}]
May 09, 2019 1:10:22 PM org.openqa.selenium.remote.RemoteWebDriver log
WARNING: Executed: [a8c8e1665f0be27516a1ded5a79fbd3a, getElementTagName {id=0.639971228563875-4}]
May 09, 2019 1:10:22 PM org.openqa.selenium.remote.RemoteWebDriver log
WARNING: Executing: sendKeysToElement [a8c8e1665f0be27516a1ded5a79fbd3a, sendKeysToElement {id=0.639971228563875-4, value=[Ljava.lang.CharSequence;@554e218}]
May 09, 2019 1:10:22 PM org.openqa.selenium.remote.RemoteWebDriver log
WARNING: Executed: [a8c8e1665f0be27516a1ded5a79fbd3a, sendKeysToElement {id=0.639971228563875-4, value=[Ljava.lang.CharSequence;@554e218}]
May 09, 2019 1:10:22 PM org.openqa.selenium.remote.RemoteWebDriver log
WARNING: Executing: sendKeysToElement [a8c8e1665f0be27516a1ded5a79fbd3a, sendKeysToElement {id=0.639971228563875-4, value=[Ljava.lang.CharSequence;@1608bcbd}]
May 09, 2019 1:10:22 PM org.openqa.selenium.remote.RemoteWebDriver log
WARNING: Executed: [a8c8e1665f0be27516a1ded5a79fbd3a, sendKeysToElement {id=0.639971228563875-4, value=[Ljava.lang.CharSequence;@1608bcbd}]
May 09, 2019 1:10:22 PM org.openqa.selenium.remote.RemoteWebDriver log
WARNING: Executing: sendKeysToElement [a8c8e1665f0be27516a1ded5a79fbd3a, sendKeysToElement {id=0.639971228563875-4, value=[Ljava.lang.CharSequence;@5bf8fa12}]
May 09, 2019 1:10:22 PM org.openqa.selenium.remote.RemoteWebDriver log
WARNING: Executed: [a8c8e1665f0be27516a1ded5a79fbd3a, sendKeysToElement {id=0.639971228563875-4, value=[Ljava.lang.CharSequence;@5bf8fa12}]
May 09, 2019 1:10:22 PM org.openqa.selenium.remote.RemoteWebDriver log
WARNING: Executing: sendKeysToElement [a8c8e1665f0be27516a1ded5a79fbd3a, sendKeysToElement {id=0.639971228563875-4, value=[Ljava.lang.CharSequence;@29ca3d04}]
May 09, 2019 1:10:22 PM org.openqa.selenium.remote.RemoteWebDriver log
WARNING: Executed: [a8c8e1665f0be27516a1ded5a79fbd3a, sendKeysToElement {id=0.639971228563875-4, value=[Ljava.lang.CharSequence;@29ca3d04}]
May 09, 2019 1:10:22 PM org.openqa.selenium.remote.RemoteWebDriver log
WARNING: Executing: sendKeysToElement [a8c8e1665f0be27516a1ded5a79fbd3a, sendKeysToElement {id=0.639971228563875-4, value=[Ljava.lang.CharSequence;@b2c5e07}]
May 09, 2019 1:10:22 PM org.openqa.selenium.remote.RemoteWebDriver log
WARNING: Executed: [a8c8e1665f0be27516a1ded5a79fbd3a, sendKeysToElement {id=0.639971228563875-4, value=[Ljava.lang.CharSequence;@b2c5e07}]
May 09, 2019 1:10:22 PM org.openqa.selenium.remote.RemoteWebDriver log
WARNING: Executing: sendKeysToElement [a8c8e1665f0be27516a1ded5a79fbd3a, sendKeysToElement {id=0.639971228563875-4, value=[Ljava.lang.CharSequence;@5812f68b}]
May 09, 2019 1:10:22 PM org.openqa.selenium.remote.RemoteWebDriver log
WARNING: Executed: [a8c8e1665f0be27516a1ded5a79fbd3a, sendKeysToElement {id=0.639971228563875-4, value=[Ljava.lang.CharSequence;@5812f68b}]
May 09, 2019 1:10:22 PM org.openqa.selenium.remote.RemoteWebDriver log
WARNING: Executing: sendKeysToElement [a8c8e1665f0be27516a1ded5a79fbd3a, sendKeysToElement {id=0.639971228563875-4, value=[Ljava.lang.CharSequence;@4426bff1}]
May 09, 2019 1:10:22 PM org.openqa.selenium.remote.RemoteWebDriver log
WARNING: Executed: [a8c8e1665f0be27516a1ded5a79fbd3a, sendKeysToElement {id=0.639971228563875-4, value=[Ljava.lang.CharSequence;@4426bff1}]
May 09, 2019 1:10:22 PM org.openqa.selenium.remote.RemoteWebDriver log
WARNING: Executing: sendKeysToElement [a8c8e1665f0be27516a1ded5a79fbd3a, sendKeysToElement {id=0.639971228563875-4, value=[Ljava.lang.CharSequence;@3c7c886c}]
May 09, 2019 1:10:23 PM org.openqa.selenium.remote.RemoteWebDriver log
WARNING: Executed: [a8c8e1665f0be27516a1ded5a79fbd3a, sendKeysToElement {id=0.639971228563875-4, value=[Ljava.lang.CharSequence;@3c7c886c}]
May 09, 2019 1:10:23 PM org.openqa.selenium.remote.RemoteWebDriver log
WARNING: Executing: sendKeysToElement [a8c8e1665f0be27516a1ded5a79fbd3a, sendKeysToElement {id=0.639971228563875-4, value=[Ljava.lang.CharSequence;@55493582}]
May 09, 2019 1:10:23 PM org.openqa.selenium.remote.RemoteWebDriver log
WARNING: Executed: [a8c8e1665f0be27516a1ded5a79fbd3a, sendKeysToElement {id=0.639971228563875-4, value=[Ljava.lang.CharSequence;@55493582}]
May 09, 2019 1:10:23 PM org.openqa.selenium.remote.RemoteWebDriver log
WARNING: Executing: sendKeysToElement [a8c8e1665f0be27516a1ded5a79fbd3a, sendKeysToElement {id=0.639971228563875-4, value=[Ljava.lang.CharSequence;@1a20270e}]
May 09, 2019 1:10:23 PM org.openqa.selenium.remote.RemoteWebDriver log
WARNING: Executed: [a8c8e1665f0be27516a1ded5a79fbd3a, sendKeysToElement {id=0.639971228563875-4, value=[Ljava.lang.CharSequence;@1a20270e}]
May 09, 2019 1:10:23 PM org.openqa.selenium.remote.RemoteWebDriver log
WARNING: Executing: sendKeysToElement [a8c8e1665f0be27516a1ded5a79fbd3a, sendKeysToElement {id=0.639971228563875-4, value=[Ljava.lang.CharSequence;@6b88ca8c}]
May 09, 2019 1:10:23 PM org.openqa.selenium.remote.RemoteWebDriver log
WARNING: Executed: [a8c8e1665f0be27516a1ded5a79fbd3a, sendKeysToElement {id=0.639971228563875-4, value=[Ljava.lang.CharSequence;@6b88ca8c}]
May 09, 2019 1:10:23 PM org.openqa.selenium.remote.RemoteWebDriver log
WARNING: Executing: sendKeysToElement [a8c8e1665f0be27516a1ded5a79fbd3a, sendKeysToElement {id=0.639971228563875-4, value=[Ljava.lang.CharSequence;@336f1079}]
May 09, 2019 1:10:23 PM org.openqa.selenium.remote.RemoteWebDriver log
WARNING: Executed: [a8c8e1665f0be27516a1ded5a79fbd3a, sendKeysToElement {id=0.639971228563875-4, value=[Ljava.lang.CharSequence;@336f1079}]
May 09, 2019 1:10:23 PM org.openqa.selenium.remote.RemoteWebDriver log
WARNING: Executing: sendKeysToElement [a8c8e1665f0be27516a1ded5a79fbd3a, sendKeysToElement {id=0.639971228563875-4, value=[Ljava.lang.CharSequence;@2f16c6b3}]
May 09, 2019 1:10:23 PM org.openqa.selenium.remote.RemoteWebDriver log
WARNING: Executed: [a8c8e1665f0be27516a1ded5a79fbd3a, sendKeysToElement {id=0.639971228563875-4, value=[Ljava.lang.CharSequence;@2f16c6b3}]
May 09, 2019 1:10:23 PM org.openqa.selenium.remote.RemoteWebDriver log
WARNING: Executing: sendKeysToElement [a8c8e1665f0be27516a1ded5a79fbd3a, sendKeysToElement {id=0.639971228563875-4, value=[Ljava.lang.CharSequence;@34158c08}]
May 09, 2019 1:10:23 PM org.openqa.selenium.remote.RemoteWebDriver log
WARNING: Executed: [a8c8e1665f0be27516a1ded5a79fbd3a, sendKeysToElement {id=0.639971228563875-4, value=[Ljava.lang.CharSequence;@34158c08}]
May 09, 2019 1:10:23 PM org.openqa.selenium.remote.RemoteWebDriver log
WARNING: Executing: sendKeysToElement [a8c8e1665f0be27516a1ded5a79fbd3a, sendKeysToElement {id=0.639971228563875-4, value=[Ljava.lang.CharSequence;@19e4fcac}]
May 09, 2019 1:10:23 PM org.openqa.selenium.remote.RemoteWebDriver log
WARNING: Executed: [a8c8e1665f0be27516a1ded5a79fbd3a, sendKeysToElement {id=0.639971228563875-4, value=[Ljava.lang.CharSequence;@19e4fcac}]
May 09, 2019 1:10:23 PM org.openqa.selenium.remote.RemoteWebDriver log
WARNING: Executing: sendKeysToElement [a8c8e1665f0be27516a1ded5a79fbd3a, sendKeysToElement {id=0.639971228563875-4, value=[Ljava.lang.CharSequence;@52c3cb31}]
May 09, 2019 1:10:23 PM org.openqa.selenium.remote.RemoteWebDriver log
WARNING: Executed: [a8c8e1665f0be27516a1ded5a79fbd3a, sendKeysToElement {id=0.639971228563875-4, value=[Ljava.lang.CharSequence;@52c3cb31}]
May 09, 2019 1:10:23 PM org.openqa.selenium.remote.RemoteWebDriver log
WARNING: Executing: sendKeysToElement [a8c8e1665f0be27516a1ded5a79fbd3a, sendKeysToElement {id=0.639971228563875-4, value=[Ljava.lang.CharSequence;@4b79ac84}]
May 09, 2019 1:10:24 PM org.openqa.selenium.remote.RemoteWebDriver log
WARNING: Executed: [a8c8e1665f0be27516a1ded5a79fbd3a, sendKeysToElement {id=0.639971228563875-4, value=[Ljava.lang.CharSequence;@4b79ac84}]
May 09, 2019 1:10:24 PM org.openqa.selenium.remote.RemoteWebDriver log
WARNING: Executing: findElement [a8c8e1665f0be27516a1ded5a79fbd3a, findElement {using=id, value=password}]
May 09, 2019 1:10:24 PM org.openqa.selenium.remote.RemoteWebDriver log
WARNING: Executed: [a8c8e1665f0be27516a1ded5a79fbd3a, findElement {using=id, value=password}]
May 09, 2019 1:10:24 PM org.openqa.selenium.remote.RemoteWebDriver log
WARNING: Executing: getElementTagName [a8c8e1665f0be27516a1ded5a79fbd3a, getElementTagName {id=0.639971228563875-5}]
May 09, 2019 1:10:24 PM org.openqa.selenium.remote.RemoteWebDriver log
WARNING: Executed: [a8c8e1665f0be27516a1ded5a79fbd3a, getElementTagName {id=0.639971228563875-5}]
May 09, 2019 1:10:24 PM org.openqa.selenium.remote.RemoteWebDriver log
WARNING: Executing: sendKeysToElement [a8c8e1665f0be27516a1ded5a79fbd3a, sendKeysToElement {id=0.639971228563875-5, value=[Ljava.lang.CharSequence;@53941c2f}]
May 09, 2019 1:10:24 PM org.openqa.selenium.remote.RemoteWebDriver log
WARNING: Executed: [a8c8e1665f0be27516a1ded5a79fbd3a, sendKeysToElement {id=0.639971228563875-5, value=[Ljava.lang.CharSequence;@53941c2f}]
May 09, 2019 1:10:24 PM org.openqa.selenium.remote.RemoteWebDriver log
WARNING: Executing: sendKeysToElement [a8c8e1665f0be27516a1ded5a79fbd3a, sendKeysToElement {id=0.639971228563875-5, value=[Ljava.lang.CharSequence;@6dab9b6d}]
May 09, 2019 1:10:24 PM org.openqa.selenium.remote.RemoteWebDriver log
WARNING: Executed: [a8c8e1665f0be27516a1ded5a79fbd3a, sendKeysToElement {id=0.639971228563875-5, value=[Ljava.lang.CharSequence;@6dab9b6d}]
May 09, 2019 1:10:24 PM org.openqa.selenium.remote.RemoteWebDriver log
WARNING: Executing: sendKeysToElement [a8c8e1665f0be27516a1ded5a79fbd3a, sendKeysToElement {id=0.639971228563875-5, value=[Ljava.lang.CharSequence;@21fd5faa}]
May 09, 2019 1:10:24 PM org.openqa.selenium.remote.RemoteWebDriver log
WARNING: Executed: [a8c8e1665f0be27516a1ded5a79fbd3a, sendKeysToElement {id=0.639971228563875-5, value=[Ljava.lang.CharSequence;@21fd5faa}]
May 09, 2019 1:10:24 PM org.openqa.selenium.remote.RemoteWebDriver log
WARNING: Executing: sendKeysToElement [a8c8e1665f0be27516a1ded5a79fbd3a, sendKeysToElement {id=0.639971228563875-5, value=[Ljava.lang.CharSequence;@2766ca9d}]
May 09, 2019 1:10:24 PM org.openqa.selenium.remote.RemoteWebDriver log
WARNING: Executed: [a8c8e1665f0be27516a1ded5a79fbd3a, sendKeysToElement {id=0.639971228563875-5, value=[Ljava.lang.CharSequence;@2766ca9d}]
May 09, 2019 1:10:24 PM org.openqa.selenium.remote.RemoteWebDriver log
WARNING: Executing: sendKeysToElement [a8c8e1665f0be27516a1ded5a79fbd3a, sendKeysToElement {id=0.639971228563875-5, value=[Ljava.lang.CharSequence;@5460cf3a}]
May 09, 2019 1:10:24 PM org.openqa.selenium.remote.RemoteWebDriver log
WARNING: Executed: [a8c8e1665f0be27516a1ded5a79fbd3a, sendKeysToElement {id=0.639971228563875-5, value=[Ljava.lang.CharSequence;@5460cf3a}]
May 09, 2019 1:10:24 PM org.openqa.selenium.remote.RemoteWebDriver log
WARNING: Executing: sendKeysToElement [a8c8e1665f0be27516a1ded5a79fbd3a, sendKeysToElement {id=0.639971228563875-5, value=[Ljava.lang.CharSequence;@65a15628}]
May 09, 2019 1:10:24 PM org.openqa.selenium.remote.RemoteWebDriver log
WARNING: Executed: [a8c8e1665f0be27516a1ded5a79fbd3a, sendKeysToElement {id=0.639971228563875-5, value=[Ljava.lang.CharSequence;@65a15628}]
May 09, 2019 1:10:24 PM org.openqa.selenium.remote.RemoteWebDriver log
WARNING: Executing: findElement [a8c8e1665f0be27516a1ded5a79fbd3a, findElement {using=tag name, value=body}]
May 09, 2019 1:10:24 PM org.openqa.selenium.remote.RemoteWebDriver log
WARNING: Executed: [a8c8e1665f0be27516a1ded5a79fbd3a, findElement {using=tag name, value=body}]
May 09, 2019 1:10:24 PM org.openqa.selenium.remote.RemoteWebDriver log
WARNING: Executing: getElementText [a8c8e1665f0be27516a1ded5a79fbd3a, getElementText {id=0.639971228563875-2}]
May 09, 2019 1:10:24 PM org.openqa.selenium.remote.RemoteWebDriver log
WARNING: Executed: [a8c8e1665f0be27516a1ded5a79fbd3a, getElementText {id=0.639971228563875-2}]
May 09, 2019 1:10:25 PM org.openqa.selenium.remote.RemoteWebDriver log
WARNING: Executing: findElement [a8c8e1665f0be27516a1ded5a79fbd3a, findElement {using=tag name, value=body}]
May 09, 2019 1:10:25 PM org.openqa.selenium.remote.RemoteWebDriver log
WARNING: Executed: [a8c8e1665f0be27516a1ded5a79fbd3a, findElement {using=tag name, value=body}]
May 09, 2019 1:10:25 PM org.openqa.selenium.remote.RemoteWebDriver log
WARNING: Executing: getElementText [a8c8e1665f0be27516a1ded5a79fbd3a, getElementText {id=0.639971228563875-2}]
May 09, 2019 1:10:25 PM org.openqa.selenium.remote.RemoteWebDriver log
WARNING: Executed: [a8c8e1665f0be27516a1ded5a79fbd3a, getElementText {id=0.639971228563875-2}]
May 09, 2019 1:10:25 PM org.openqa.selenium.remote.RemoteWebDriver log
WARNING: Executing: findElement [a8c8e1665f0be27516a1ded5a79fbd3a, findElement {using=tag name, value=body}]
May 09, 2019 1:10:25 PM org.openqa.selenium.remote.RemoteWebDriver log
WARNING: Executed: [a8c8e1665f0be27516a1ded5a79fbd3a, findElement {using=tag name, value=body}]
May 09, 2019 1:10:25 PM org.openqa.selenium.remote.RemoteWebDriver log
WARNING: Executing: getElementText [a8c8e1665f0be27516a1ded5a79fbd3a, getElementText {id=0.639971228563875-2}]
May 09, 2019 1:10:25 PM org.openqa.selenium.remote.RemoteWebDriver log
WARNING: Executed: [a8c8e1665f0be27516a1ded5a79fbd3a, getElementText {id=0.639971228563875-2}]
May 09, 2019 1:10:25 PM org.openqa.selenium.remote.RemoteWebDriver log
WARNING: Executing: findElement [a8c8e1665f0be27516a1ded5a79fbd3a, findElement {using=id, value=internalLoginSubmit}]
May 09, 2019 1:10:25 PM org.openqa.selenium.remote.RemoteWebDriver log
WARNING: Executed: [a8c8e1665f0be27516a1ded5a79fbd3a, findElement {using=id, value=internalLoginSubmit}]
May 09, 2019 1:10:25 PM org.openqa.selenium.remote.RemoteWebDriver log
WARNING: Executing: isElementDisplayed [a8c8e1665f0be27516a1ded5a79fbd3a, isElementDisplayed {id=0.639971228563875-3}]
May 09, 2019 1:10:25 PM org.openqa.selenium.remote.RemoteWebDriver log
WARNING: Executed: [a8c8e1665f0be27516a1ded5a79fbd3a, isElementDisplayed {id=0.639971228563875-3}]
May 09, 2019 1:10:25 PM org.openqa.selenium.remote.RemoteWebDriver log
WARNING: Executing: isElementEnabled [a8c8e1665f0be27516a1ded5a79fbd3a, isElementEnabled {id=0.639971228563875-3}]
May 09, 2019 1:10:25 PM org.openqa.selenium.remote.RemoteWebDriver log
WARNING: Executed: [a8c8e1665f0be27516a1ded5a79fbd3a, isElementEnabled {id=0.639971228563875-3}]
May 09, 2019 1:10:25 PM org.openqa.selenium.remote.RemoteWebDriver log
WARNING: Executing: clickElement [a8c8e1665f0be27516a1ded5a79fbd3a, clickElement {id=0.639971228563875-3}]
May 09, 2019 1:10:25 PM org.openqa.selenium.remote.RemoteWebDriver log
WARNING: Executed: [a8c8e1665f0be27516a1ded5a79fbd3a, clickElement {id=0.639971228563875-3}]
May 09, 2019 1:10:25 PM org.openqa.selenium.remote.RemoteWebDriver log
WARNING: Executing: getCurrentUrl [a8c8e1665f0be27516a1ded5a79fbd3a, getCurrentUrl {}]
May 09, 2019 1:10:25 PM org.openqa.selenium.remote.RemoteWebDriver log
WARNING: Executed: [a8c8e1665f0be27516a1ded5a79fbd3a, getCurrentUrl {}]
May 09, 2019 1:10:25 PM org.openqa.selenium.remote.RemoteWebDriver log
WARNING: Executing: findElement [a8c8e1665f0be27516a1ded5a79fbd3a, findElement {using=class name, value=homeRoot}]
May 09, 2019 1:10:27 PM org.openqa.selenium.remote.RemoteWebDriver log
WARNING: Executed: [a8c8e1665f0be27516a1ded5a79fbd3a, findElement {using=class name, value=homeRoot}]
May 09, 2019 1:10:27 PM org.openqa.selenium.remote.RemoteWebDriver log
WARNING: Executing: findElement [a8c8e1665f0be27516a1ded5a79fbd3a, findElement {using=tag name, value=body}]
May 09, 2019 1:10:27 PM org.openqa.selenium.remote.RemoteWebDriver log
WARNING: Executed: [a8c8e1665f0be27516a1ded5a79fbd3a, findElement {using=tag name, value=body}]
May 09, 2019 1:10:27 PM org.openqa.selenium.remote.RemoteWebDriver log
WARNING: Executing: getElementText [a8c8e1665f0be27516a1ded5a79fbd3a, getElementText {id=0.639971228563875-2}]
May 09, 2019 1:10:27 PM org.openqa.selenium.remote.RemoteWebDriver log
WARNING: Executed: [a8c8e1665f0be27516a1ded5a79fbd3a, getElementText {id=0.639971228563875-2}]
May 09, 2019 1:10:27 PM org.openqa.selenium.remote.RemoteWebDriver log
WARNING: Executing: findElement [a8c8e1665f0be27516a1ded5a79fbd3a, findElement {using=tag name, value=body}]
May 09, 2019 1:10:27 PM org.openqa.selenium.remote.RemoteWebDriver log
WARNING: Executed: [a8c8e1665f0be27516a1ded5a79fbd3a, findElement {using=tag name, value=body}]
May 09, 2019 1:10:27 PM org.openqa.selenium.remote.RemoteWebDriver log
WARNING: Executing: getElementText [a8c8e1665f0be27516a1ded5a79fbd3a, getElementText {id=0.639971228563875-2}]
May 09, 2019 1:10:27 PM org.openqa.selenium.remote.RemoteWebDriver log
WARNING: Executed: [a8c8e1665f0be27516a1ded5a79fbd3a, getElementText {id=0.639971228563875-2}]
May 09, 2019 1:10:28 PM org.openqa.selenium.remote.RemoteWebDriver log
WARNING: Executing: findElement [a8c8e1665f0be27516a1ded5a79fbd3a, findElement {using=tag name, value=body}]
May 09, 2019 1:10:28 PM org.openqa.selenium.remote.RemoteWebDriver log
WARNING: Executed: [a8c8e1665f0be27516a1ded5a79fbd3a, findElement {using=tag name, value=body}]
May 09, 2019 1:10:28 PM org.openqa.selenium.remote.RemoteWebDriver log
WARNING: Executing: getElementText [a8c8e1665f0be27516a1ded5a79fbd3a, getElementText {id=0.639971228563875-2}]
May 09, 2019 1:10:28 PM org.openqa.selenium.remote.RemoteWebDriver log
WARNING: Executed: [a8c8e1665f0be27516a1ded5a79fbd3a, getElementText {id=0.639971228563875-2}]
May 09, 2019 1:10:29 PM org.openqa.selenium.remote.RemoteWebDriver log
WARNING: Executing: findElement [a8c8e1665f0be27516a1ded5a79fbd3a, findElement {using=tag name, value=body}]
May 09, 2019 1:10:29 PM org.openqa.selenium.remote.RemoteWebDriver log
WARNING: Executed: [a8c8e1665f0be27516a1ded5a79fbd3a, findElement {using=tag name, value=body}]
May 09, 2019 1:10:29 PM org.openqa.selenium.remote.RemoteWebDriver log
WARNING: Executing: getElementText [a8c8e1665f0be27516a1ded5a79fbd3a, getElementText {id=0.639971228563875-2}]
May 09, 2019 1:10:29 PM org.openqa.selenium.remote.RemoteWebDriver log
WARNING: Executed: [a8c8e1665f0be27516a1ded5a79fbd3a, getElementText {id=0.639971228563875-2}]
May 09, 2019 1:10:29 PM org.openqa.selenium.remote.RemoteWebDriver log
WARNING: Executing: findElements [a8c8e1665f0be27516a1ded5a79fbd3a, findElements {using=css selector, value=tr.jobsTableRow}]
May 09, 2019 1:10:29 PM org.openqa.selenium.remote.RemoteWebDriver log
WARNING: Executed: [a8c8e1665f0be27516a1ded5a79fbd3a, findElements {using=css selector, value=tr.jobsTableRow}]
May 09, 2019 1:10:29 PM org.openqa.selenium.remote.RemoteWebDriver log
WARNING: Executing: isElementDisplayed [a8c8e1665f0be27516a1ded5a79fbd3a, isElementDisplayed {id=0.639971228563875-7}]
May 09, 2019 1:10:29 PM org.openqa.selenium.remote.RemoteWebDriver log
WARNING: Executed: [a8c8e1665f0be27516a1ded5a79fbd3a, isElementDisplayed {id=0.639971228563875-7}]
May 09, 2019 1:10:29 PM org.openqa.selenium.remote.RemoteWebDriver log
WARNING: Executing: isElementDisplayed [a8c8e1665f0be27516a1ded5a79fbd3a, isElementDisplayed {id=0.639971228563875-8}]
May 09, 2019 1:10:29 PM org.openqa.selenium.remote.RemoteWebDriver log
WARNING: Executed: [a8c8e1665f0be27516a1ded5a79fbd3a, isElementDisplayed {id=0.639971228563875-8}]
May 09, 2019 1:10:29 PM org.openqa.selenium.remote.RemoteWebDriver log
WARNING: Executing: isElementDisplayed [a8c8e1665f0be27516a1ded5a79fbd3a, isElementDisplayed {id=0.639971228563875-9}]
May 09, 2019 1:10:29 PM org.openqa.selenium.remote.RemoteWebDriver log
WARNING: Executed: [a8c8e1665f0be27516a1ded5a79fbd3a, isElementDisplayed {id=0.639971228563875-9}]
May 09, 2019 1:10:29 PM org.openqa.selenium.remote.RemoteWebDriver log
WARNING: Executing: isElementDisplayed [a8c8e1665f0be27516a1ded5a79fbd3a, isElementDisplayed {id=0.639971228563875-10}]
May 09, 2019 1:10:29 PM org.openqa.selenium.remote.RemoteWebDriver log
WARNING: Executed: [a8c8e1665f0be27516a1ded5a79fbd3a, isElementDisplayed {id=0.639971228563875-10}]
May 09, 2019 1:10:29 PM org.openqa.selenium.remote.RemoteWebDriver log
WARNING: Executing: isElementDisplayed [a8c8e1665f0be27516a1ded5a79fbd3a, isElementDisplayed {id=0.639971228563875-11}]
May 09, 2019 1:10:29 PM org.openqa.selenium.remote.RemoteWebDriver log
WARNING: Executed: [a8c8e1665f0be27516a1ded5a79fbd3a, isElementDisplayed {id=0.639971228563875-11}]
May 09, 2019 1:10:29 PM org.openqa.selenium.remote.RemoteWebDriver log
WARNING: Executing: isElementDisplayed [a8c8e1665f0be27516a1ded5a79fbd3a, isElementDisplayed {id=0.639971228563875-12}]
May 09, 2019 1:10:29 PM org.openqa.selenium.remote.RemoteWebDriver log
WARNING: Executed: [a8c8e1665f0be27516a1ded5a79fbd3a, isElementDisplayed {id=0.639971228563875-12}]
May 09, 2019 1:10:29 PM org.openqa.selenium.remote.RemoteWebDriver log
WARNING: Executing: isElementDisplayed [a8c8e1665f0be27516a1ded5a79fbd3a, isElementDisplayed {id=0.639971228563875-13}]
May 09, 2019 1:10:29 PM org.openqa.selenium.remote.RemoteWebDriver log
WARNING: Executed: [a8c8e1665f0be27516a1ded5a79fbd3a, isElementDisplayed {id=0.639971228563875-13}]
May 09, 2019 1:10:29 PM org.openqa.selenium.remote.RemoteWebDriver log
WARNING: Executing: findChildElement [a8c8e1665f0be27516a1ded5a79fbd3a, findChildElement {id=0.639971228563875-7, using=css selector, value=td.jobStatusTableCell div div:first-child}]
May 09, 2019 1:10:29 PM org.openqa.selenium.remote.RemoteWebDriver log
WARNING: Executed: [a8c8e1665f0be27516a1ded5a79fbd3a, findChildElement {id=0.639971228563875-7, using=css selector, value=td.jobStatusTableCell div div:first-child}]
May 09, 2019 1:10:29 PM org.openqa.selenium.remote.RemoteWebDriver log
WARNING: Executing: getElementText [a8c8e1665f0be27516a1ded5a79fbd3a, getElementText {id=0.639971228563875-14}]
May 09, 2019 1:10:29 PM org.openqa.selenium.remote.RemoteWebDriver log
WARNING: Executed: [a8c8e1665f0be27516a1ded5a79fbd3a, getElementText {id=0.639971228563875-14}]
May 09, 2019 1:10:29 PM org.openqa.selenium.remote.RemoteWebDriver log
WARNING: Executing: findChildElement [a8c8e1665f0be27516a1ded5a79fbd3a, findChildElement {id=0.639971228563875-8, using=css selector, value=td.jobStatusTableCell div div:first-child}]
May 09, 2019 1:10:29 PM org.openqa.selenium.remote.RemoteWebDriver log
WARNING: Executed: [a8c8e1665f0be27516a1ded5a79fbd3a, findChildElement {id=0.639971228563875-8, using=css selector, value=td.jobStatusTableCell div div:first-child}]
May 09, 2019 1:10:29 PM org.openqa.selenium.remote.RemoteWebDriver log
WARNING: Executing: getElementText [a8c8e1665f0be27516a1ded5a79fbd3a, getElementText {id=0.639971228563875-15}]
May 09, 2019 1:10:29 PM org.openqa.selenium.remote.RemoteWebDriver log
WARNING: Executed: [a8c8e1665f0be27516a1ded5a79fbd3a, getElementText {id=0.639971228563875-15}]
May 09, 2019 1:10:29 PM org.openqa.selenium.remote.RemoteWebDriver log
WARNING: Executing: findChildElement [a8c8e1665f0be27516a1ded5a79fbd3a, findChildElement {id=0.639971228563875-9, using=css selector, value=td.jobStatusTableCell div div:first-child}]
May 09, 2019 1:10:29 PM org.openqa.selenium.remote.RemoteWebDriver log
WARNING: Executed: [a8c8e1665f0be27516a1ded5a79fbd3a, findChildElement {id=0.639971228563875-9, using=css selector, value=td.jobStatusTableCell div div:first-child}]
May 09, 2019 1:10:29 PM org.openqa.selenium.remote.RemoteWebDriver log
WARNING: Executing: getElementText [a8c8e1665f0be27516a1ded5a79fbd3a, getElementText {id=0.639971228563875-16}]
May 09, 2019 1:10:29 PM org.openqa.selenium.remote.RemoteWebDriver log
WARNING: Executed: [a8c8e1665f0be27516a1ded5a79fbd3a, getElementText {id=0.639971228563875-16}]
May 09, 2019 1:10:29 PM org.openqa.selenium.remote.RemoteWebDriver log
WARNING: Executing: findChildElement [a8c8e1665f0be27516a1ded5a79fbd3a, findChildElement {id=0.639971228563875-9, using=css selector, value=td div}]
May 09, 2019 1:10:29 PM org.openqa.selenium.remote.RemoteWebDriver log
WARNING: Executed: [a8c8e1665f0be27516a1ded5a79fbd3a, findChildElement {id=0.639971228563875-9, using=css selector, value=td div}]
May 09, 2019 1:10:29 PM org.openqa.selenium.remote.RemoteWebDriver log
WARNING: Executing: isElementDisplayed [a8c8e1665f0be27516a1ded5a79fbd3a, isElementDisplayed {id=0.639971228563875-17}]
May 09, 2019 1:10:29 PM org.openqa.selenium.remote.RemoteWebDriver log
WARNING: Executed: [a8c8e1665f0be27516a1ded5a79fbd3a, isElementDisplayed {id=0.639971228563875-17}]
May 09, 2019 1:10:29 PM org.openqa.selenium.remote.RemoteWebDriver log
WARNING: Executing: getElementSize [a8c8e1665f0be27516a1ded5a79fbd3a, getElementSize {id=0.639971228563875-17}]
May 09, 2019 1:10:29 PM org.openqa.selenium.remote.RemoteWebDriver log
WARNING: Executed: [a8c8e1665f0be27516a1ded5a79fbd3a, getElementSize {id=0.639971228563875-17}]
May 09, 2019 1:10:29 PM org.openqa.selenium.remote.RemoteWebDriver log
WARNING: Executing: getElementSize [a8c8e1665f0be27516a1ded5a79fbd3a, getElementSize {id=0.639971228563875-17}]
May 09, 2019 1:10:29 PM org.openqa.selenium.remote.RemoteWebDriver log
WARNING: Executed: [a8c8e1665f0be27516a1ded5a79fbd3a, getElementSize {id=0.639971228563875-17}]
May 09, 2019 1:10:29 PM org.openqa.selenium.remote.RemoteWebDriver log
WARNING: Executing: getElementTagName [a8c8e1665f0be27516a1ded5a79fbd3a, getElementTagName {id=0.639971228563875-17}]
May 09, 2019 1:10:29 PM org.openqa.selenium.remote.RemoteWebDriver log
WARNING: Executed: [a8c8e1665f0be27516a1ded5a79fbd3a, getElementTagName {id=0.639971228563875-17}]
May 09, 2019 1:10:29 PM org.openqa.selenium.remote.RemoteWebDriver log
WARNING: Executing: clickElement [a8c8e1665f0be27516a1ded5a79fbd3a, clickElement {id=0.639971228563875-17}]
May 09, 2019 1:10:29 PM org.openqa.selenium.remote.RemoteWebDriver log
WARNING: Executed: [a8c8e1665f0be27516a1ded5a79fbd3a, clickElement {id=0.639971228563875-17}]
May 09, 2019 1:10:29 PM org.openqa.selenium.remote.RemoteWebDriver log
WARNING: Executing: getCurrentUrl [a8c8e1665f0be27516a1ded5a79fbd3a, getCurrentUrl {}]
May 09, 2019 1:10:29 PM org.openqa.selenium.remote.RemoteWebDriver log
WARNING: Executed: [a8c8e1665f0be27516a1ded5a79fbd3a, getCurrentUrl {}]
May 09, 2019 1:10:29 PM org.openqa.selenium.remote.RemoteWebDriver log
WARNING: Executing: findElement [a8c8e1665f0be27516a1ded5a79fbd3a, findElement {using=css selector, value=div.kanban}]
May 09, 2019 1:10:31 PM org.openqa.selenium.remote.RemoteWebDriver log
WARNING: Executed: [a8c8e1665f0be27516a1ded5a79fbd3a, findElement {using=css selector, value=div.kanban}]
May 09, 2019 1:10:31 PM org.openqa.selenium.remote.RemoteWebDriver log
WARNING: Executing: getCurrentUrl [a8c8e1665f0be27516a1ded5a79fbd3a, getCurrentUrl {}]
May 09, 2019 1:10:31 PM org.openqa.selenium.remote.RemoteWebDriver log
WARNING: Executed: [a8c8e1665f0be27516a1ded5a79fbd3a, getCurrentUrl {}]
May 09, 2019 1:10:31 PM org.openqa.selenium.remote.RemoteWebDriver log
WARNING: Executing: findElements [a8c8e1665f0be27516a1ded5a79fbd3a, findElements {using=class name, value=kanbanColumnElementTitle}]
May 09, 2019 1:10:31 PM org.openqa.selenium.remote.RemoteWebDriver log
WARNING: Executed: [a8c8e1665f0be27516a1ded5a79fbd3a, findElements {using=class name, value=kanbanColumnElementTitle}]
May 09, 2019 1:10:31 PM org.openqa.selenium.remote.RemoteWebDriver log
WARNING: Executing: findElement [a8c8e1665f0be27516a1ded5a79fbd3a, findElement {using=css selector, value=div[title='Filter and Sort']}]
May 09, 2019 1:10:31 PM org.openqa.selenium.remote.RemoteWebDriver log
WARNING: Executed: [a8c8e1665f0be27516a1ded5a79fbd3a, findElement {using=css selector, value=div[title='Filter and Sort']}]
May 09, 2019 1:10:31 PM org.openqa.selenium.remote.RemoteWebDriver log
WARNING: Executing: isElementDisplayed [a8c8e1665f0be27516a1ded5a79fbd3a, isElementDisplayed {id=0.639971228563875-71}]
May 09, 2019 1:10:31 PM org.openqa.selenium.remote.RemoteWebDriver log
WARNING: Executed: [a8c8e1665f0be27516a1ded5a79fbd3a, isElementDisplayed {id=0.639971228563875-71}]
May 09, 2019 1:10:31 PM org.openqa.selenium.remote.RemoteWebDriver log
WARNING: Executing: isElementEnabled [a8c8e1665f0be27516a1ded5a79fbd3a, isElementEnabled {id=0.639971228563875-71}]
May 09, 2019 1:10:31 PM org.openqa.selenium.remote.RemoteWebDriver log
WARNING: Executed: [a8c8e1665f0be27516a1ded5a79fbd3a, isElementEnabled {id=0.639971228563875-71}]
May 09, 2019 1:10:31 PM org.openqa.selenium.remote.RemoteWebDriver log
WARNING: Executing: clickElement [a8c8e1665f0be27516a1ded5a79fbd3a, clickElement {id=0.639971228563875-71}]
May 09, 2019 1:10:31 PM org.openqa.selenium.remote.RemoteWebDriver log
WARNING: Executed: [a8c8e1665f0be27516a1ded5a79fbd3a, clickElement {id=0.639971228563875-71}]
May 09, 2019 1:10:31 PM org.openqa.selenium.remote.RemoteWebDriver log
WARNING: Executing: findElement [a8c8e1665f0be27516a1ded5a79fbd3a, findElement {using=tag name, value=body}]
May 09, 2019 1:10:31 PM org.openqa.selenium.remote.RemoteWebDriver log
WARNING: Executed: [a8c8e1665f0be27516a1ded5a79fbd3a, findElement {using=tag name, value=body}]
May 09, 2019 1:10:31 PM org.openqa.selenium.remote.RemoteWebDriver log
WARNING: Executing: getElementText [a8c8e1665f0be27516a1ded5a79fbd3a, getElementText {id=0.639971228563875-2}]
May 09, 2019 1:10:34 PM org.openqa.selenium.remote.RemoteWebDriver log
WARNING: Executed: [a8c8e1665f0be27516a1ded5a79fbd3a, getElementText {id=0.639971228563875-2}]
May 09, 2019 1:10:35 PM org.openqa.selenium.remote.RemoteWebDriver log
WARNING: Executing: findElement [a8c8e1665f0be27516a1ded5a79fbd3a, findElement {using=tag name, value=body}]
May 09, 2019 1:10:35 PM org.openqa.selenium.remote.RemoteWebDriver log
WARNING: Executed: [a8c8e1665f0be27516a1ded5a79fbd3a, findElement {using=tag name, value=body}]
May 09, 2019 1:10:35 PM org.openqa.selenium.remote.RemoteWebDriver log
WARNING: Executing: getElementText [a8c8e1665f0be27516a1ded5a79fbd3a, getElementText {id=0.639971228563875-2}]
May 09, 2019 1:10:38 PM org.openqa.selenium.remote.RemoteWebDriver log
WARNING: Executed: [a8c8e1665f0be27516a1ded5a79fbd3a, getElementText {id=0.639971228563875-2}]
May 09, 2019 1:10:38 PM org.openqa.selenium.remote.RemoteWebDriver log
WARNING: Executing: findElement [a8c8e1665f0be27516a1ded5a79fbd3a, findElement {using=css selector, value=label.filterByAutomatedTriaged}]
May 09, 2019 1:10:38 PM org.openqa.selenium.remote.RemoteWebDriver log
WARNING: Executed: [a8c8e1665f0be27516a1ded5a79fbd3a, findElement {using=css selector, value=label.filterByAutomatedTriaged}]
May 09, 2019 1:10:38 PM org.openqa.selenium.remote.RemoteWebDriver log
WARNING: Executing: isElementDisplayed [a8c8e1665f0be27516a1ded5a79fbd3a, isElementDisplayed {id=0.639971228563875-72}]
May 09, 2019 1:10:38 PM org.openqa.selenium.remote.RemoteWebDriver log
WARNING: Executed: [a8c8e1665f0be27516a1ded5a79fbd3a, isElementDisplayed {id=0.639971228563875-72}]
May 09, 2019 1:10:38 PM org.openqa.selenium.remote.RemoteWebDriver log
WARNING: Executing: isElementEnabled [a8c8e1665f0be27516a1ded5a79fbd3a, isElementEnabled {id=0.639971228563875-72}]
May 09, 2019 1:10:38 PM org.openqa.selenium.remote.RemoteWebDriver log
WARNING: Executed: [a8c8e1665f0be27516a1ded5a79fbd3a, isElementEnabled {id=0.639971228563875-72}]
May 09, 2019 1:10:38 PM org.openqa.selenium.remote.RemoteWebDriver log
WARNING: Executing: clickElement [a8c8e1665f0be27516a1ded5a79fbd3a, clickElement {id=0.639971228563875-72}]
May 09, 2019 1:10:39 PM org.openqa.selenium.remote.RemoteWebDriver log
WARNING: Executed: [a8c8e1665f0be27516a1ded5a79fbd3a, clickElement {id=0.639971228563875-72}]
May 09, 2019 1:10:39 PM org.openqa.selenium.remote.RemoteWebDriver log
WARNING: Executing: findElement [a8c8e1665f0be27516a1ded5a79fbd3a, findElement {using=tag name, value=body}]
May 09, 2019 1:10:39 PM org.openqa.selenium.remote.RemoteWebDriver log
WARNING: Executed: [a8c8e1665f0be27516a1ded5a79fbd3a, findElement {using=tag name, value=body}]
May 09, 2019 1:10:39 PM org.openqa.selenium.remote.RemoteWebDriver log
WARNING: Executing: getElementText [a8c8e1665f0be27516a1ded5a79fbd3a, getElementText {id=0.639971228563875-2}]
May 09, 2019 1:10:42 PM org.openqa.selenium.remote.RemoteWebDriver log
WARNING: Executed: [a8c8e1665f0be27516a1ded5a79fbd3a, getElementText {id=0.639971228563875-2}]
May 09, 2019 1:10:43 PM org.openqa.selenium.remote.RemoteWebDriver log
WARNING: Executing: findElement [a8c8e1665f0be27516a1ded5a79fbd3a, findElement {using=tag name, value=body}]
May 09, 2019 1:10:43 PM org.openqa.selenium.remote.RemoteWebDriver log
WARNING: Executed: [a8c8e1665f0be27516a1ded5a79fbd3a, findElement {using=tag name, value=body}]
May 09, 2019 1:10:43 PM org.openqa.selenium.remote.RemoteWebDriver log
WARNING: Executing: getElementText [a8c8e1665f0be27516a1ded5a79fbd3a, getElementText {id=0.639971228563875-2}]
May 09, 2019 1:10:46 PM org.openqa.selenium.remote.RemoteWebDriver log
WARNING: Executed: [a8c8e1665f0be27516a1ded5a79fbd3a, getElementText {id=0.639971228563875-2}]
May 09, 2019 1:10:46 PM org.openqa.selenium.remote.RemoteWebDriver log
WARNING: Executing: findElements [a8c8e1665f0be27516a1ded5a79fbd3a, findElements {using=class name, value=kanbanColumnElementTitle}]
May 09, 2019 1:10:46 PM org.openqa.selenium.remote.RemoteWebDriver log
WARNING: Executed: [a8c8e1665f0be27516a1ded5a79fbd3a, findElements {using=class name, value=kanbanColumnElementTitle}]
]]></system-err>
  </testcase>
  <testcase name="testFilterByBugsOnly" classname="com.clarolab.KanbanTest" time="17.282"/>
  <testcase name="testSortByName" classname="com.clarolab.KanbanTest" time="28.857"/>
  <testcase name="changeContainer" classname="com.clarolab.DashboardTest" time="10.697"/>
  <testcase name="gotoDashboard" classname="com.clarolab.DashboardTest" time="7.104"/>
  <testcase name="testNavigation" classname="com.clarolab.DashboardTest" time="10.215"/>
  <testcase name="testUpdateAssignee" classname="com.clarolab.DashboardTest" time="17.065">
    <failure message="Timed out after 10 seconds: Failure in verifyElementPresented: element 'By.className: homeRoot' never became presented after 10 seconds!
Build info: version: '2.45.0', revision: '5017cb8e7ca8e37638dc3091b2440b90a1d8686f', time: '2015-02-27 09:10:26'
System info: host: '6888e31d0e98', ip: '172.17.0.9', os.name: 'Linux', os.arch: 'amd64', os.version: '4.15.0-29-generic', java.version: '1.8.0_212'
Driver info: org.openqa.selenium.remote.RemoteWebDriver
Capabilities [{mobileEmulationEnabled=false, timeouts={implicit=0, pageLoad=300000, script=30000}, hasTouchScreen=false, platform=LINUX, acceptSslCerts=false, goog:chromeOptions={debuggerAddress=localhost:42111}, acceptInsecureCerts=false, webStorageEnabled=true, browserName=chrome, takesScreenshot=true, javascriptEnabled=true, setWindowRect=true, unexpectedAlertBehaviour=ignore, applicationCacheEnabled=false, rotatable=false, networkConnectionEnabled=false, chrome={chromedriverVersion=73.0.3683.68 (47787ec04b6e38e22703e856e101e840b65afe72), userDataDir=/tmp/.com.google.Chrome.g8mpKg}, takesHeapSnapshot=true, pageLoadStrategy=normal, strictFileInteractability=false, databaseEnabled=false, handlesAlerts=true, version=73.0.3683.86, browserConnectionEnabled=false, proxy={}, nativeEvents=true, webdriver.remote.sessionid=07dbafb5f5579f317effc1c0f66f9567, locationContextEnabled=true, cssSelectorsEnabled=true}]
Session ID: 07dbafb5f5579f317effc1c0f66f9567" type="org.openqa.selenium.TimeoutException">org.openqa.selenium.TimeoutException: 
Timed out after 10 seconds: Failure in verifyElementPresented: element 'By.className: homeRoot' never became presented after 10 seconds!
Build info: version: '2.45.0', revision: '5017cb8e7ca8e37638dc3091b2440b90a1d8686f', time: '2015-02-27 09:10:26'
System info: host: '6888e31d0e98', ip: '172.17.0.9', os.name: 'Linux', os.arch: 'amd64', os.version: '4.15.0-29-generic', java.version: '1.8.0_212'
Driver info: org.openqa.selenium.remote.RemoteWebDriver
Capabilities [{mobileEmulationEnabled=false, timeouts={implicit=0, pageLoad=300000, script=30000}, hasTouchScreen=false, platform=LINUX, acceptSslCerts=false, goog:chromeOptions={debuggerAddress=localhost:42111}, acceptInsecureCerts=false, webStorageEnabled=true, browserName=chrome, takesScreenshot=true, javascriptEnabled=true, setWindowRect=true, unexpectedAlertBehaviour=ignore, applicationCacheEnabled=false, rotatable=false, networkConnectionEnabled=false, chrome={chromedriverVersion=73.0.3683.68 (47787ec04b6e38e22703e856e101e840b65afe72), userDataDir=/tmp/.com.google.Chrome.g8mpKg}, takesHeapSnapshot=true, pageLoadStrategy=normal, strictFileInteractability=false, databaseEnabled=false, handlesAlerts=true, version=73.0.3683.86, browserConnectionEnabled=false, proxy={}, nativeEvents=true, webdriver.remote.sessionid=07dbafb5f5579f317effc1c0f66f9567, locationContextEnabled=true, cssSelectorsEnabled=true}]
Session ID: 07dbafb5f5579f317effc1c0f66f9567
	at com.clarolab.DashboardTest.testUpdateAssignee(DashboardTest.java:47)
Caused by: org.openqa.selenium.NoSuchElementException: 
no such element: Unable to locate element: {"method":"class name","selector":"homeRoot"}
  (Session info: chrome=73.0.3683.86)
  (Driver info: chromedriver=73.0.3683.68 (47787ec04b6e38e22703e856e101e840b65afe72),platform=Linux 4.15.0-29-generic x86_64) (WARNING: The server did not provide any stacktrace information)
Command duration or timeout: 2.03 seconds
For documentation on this error, please visit: http://seleniumhq.org/exceptions/no_such_element.html
Build info: version: '2.45.0', revision: '5017cb8e7ca8e37638dc3091b2440b90a1d8686f', time: '2015-02-27 09:10:26'
System info: host: '6888e31d0e98', ip: '172.17.0.9', os.name: 'Linux', os.arch: 'amd64', os.version: '4.15.0-29-generic', java.version: '1.8.0_212'
Driver info: org.openqa.selenium.remote.RemoteWebDriver
Capabilities [{mobileEmulationEnabled=false, timeouts={implicit=0, pageLoad=300000, script=30000}, hasTouchScreen=false, platform=LINUX, acceptSslCerts=false, goog:chromeOptions={debuggerAddress=localhost:42111}, acceptInsecureCerts=false, webStorageEnabled=true, browserName=chrome, takesScreenshot=true, javascriptEnabled=true, setWindowRect=true, unexpectedAlertBehaviour=ignore, applicationCacheEnabled=false, rotatable=false, networkConnectionEnabled=false, chrome={chromedriverVersion=73.0.3683.68 (47787ec04b6e38e22703e856e101e840b65afe72), userDataDir=/tmp/.com.google.Chrome.g8mpKg}, takesHeapSnapshot=true, pageLoadStrategy=normal, strictFileInteractability=false, databaseEnabled=false, handlesAlerts=true, version=73.0.3683.86, browserConnectionEnabled=false, proxy={}, nativeEvents=true, webdriver.remote.sessionid=07dbafb5f5579f317effc1c0f66f9567, locationContextEnabled=true, cssSelectorsEnabled=true}]
Session ID: 07dbafb5f5579f317effc1c0f66f9567
*** Element info: {Using=class name, value=homeRoot}
	at com.clarolab.DashboardTest.testUpdateAssignee(DashboardTest.java:47)
</failure>
    <system-err><![CDATA[May 09, 2019 1:12:16 PM org.openqa.selenium.remote.RemoteWebDriver log
WARNING: Executing: screenshot [b3cb0a5da1c0a277ad011276fc39ca95, screenshot {}]
May 09, 2019 1:12:16 PM org.openqa.selenium.remote.RemoteWebDriver log
WARNING: Executed: [b3cb0a5da1c0a277ad011276fc39ca95, screenshot {}]
May 09, 2019 1:12:16 PM org.openqa.selenium.remote.RemoteWebDriver log
WARNING: Executing: getCurrentUrl [b3cb0a5da1c0a277ad011276fc39ca95, getCurrentUrl {}]
May 09, 2019 1:12:16 PM org.openqa.selenium.remote.RemoteWebDriver log
WARNING: Executed: [b3cb0a5da1c0a277ad011276fc39ca95, getCurrentUrl {}]
May 09, 2019 1:12:16 PM com.clarolab.BaseTest takeScreenShot
INFO: Screenshot of http://tdev.clarolab.com/Dashboard/Container/6479 taken: screenshot440062.png
May 09, 2019 1:12:16 PM org.openqa.selenium.remote.RemoteWebDriver log
WARNING: Executing: deleteAllCookies [b3cb0a5da1c0a277ad011276fc39ca95, deleteAllCookies {}]
May 09, 2019 1:12:16 PM org.openqa.selenium.remote.RemoteWebDriver log
WARNING: Executed: [b3cb0a5da1c0a277ad011276fc39ca95, deleteAllCookies {}]
May 09, 2019 1:12:16 PM org.openqa.selenium.remote.RemoteWebDriver log
WARNING: Executing: quit [b3cb0a5da1c0a277ad011276fc39ca95, quit {}]
May 09, 2019 1:12:16 PM org.openqa.selenium.remote.RemoteWebDriver log
WARNING: Executed: [b3cb0a5da1c0a277ad011276fc39ca95, quit {}]
May 09, 2019 1:12:16 PM org.openqa.selenium.remote.RemoteWebDriver log
WARNING: Executing: quit [null, quit {}]
May 09, 2019 1:12:16 PM org.openqa.selenium.remote.RemoteWebDriver log
WARNING: Executed: [null, quit {}]
May 09, 2019 1:12:16 PM org.openqa.selenium.remote.RemoteWebDriver log
WARNING: Executing: setTimeout [07dbafb5f5579f317effc1c0f66f9567, setTimeout {type=page load, ms=80000}]
May 09, 2019 1:12:16 PM org.openqa.selenium.remote.RemoteWebDriver log
WARNING: Executed: [07dbafb5f5579f317effc1c0f66f9567, setTimeout {type=page load, ms=80000}]
May 09, 2019 1:12:16 PM org.openqa.selenium.remote.RemoteWebDriver log
WARNING: Executing: implicitlyWait [07dbafb5f5579f317effc1c0f66f9567, implicitlyWait {ms=2000}]
May 09, 2019 1:12:16 PM org.openqa.selenium.remote.RemoteWebDriver log
WARNING: Executed: [07dbafb5f5579f317effc1c0f66f9567, implicitlyWait {ms=2000}]
May 09, 2019 1:12:16 PM org.openqa.selenium.remote.RemoteWebDriver log
WARNING: Executing: get [07dbafb5f5579f317effc1c0f66f9567, get {url=http://tdev.clarolab.com/}]
May 09, 2019 1:12:17 PM org.openqa.selenium.remote.RemoteWebDriver log
WARNING: Executed: [07dbafb5f5579f317effc1c0f66f9567, get {url=http://tdev.clarolab.com/}]
May 09, 2019 1:12:17 PM org.openqa.selenium.remote.RemoteWebDriver log
WARNING: Executing: getCurrentUrl [07dbafb5f5579f317effc1c0f66f9567, getCurrentUrl {}]
May 09, 2019 1:12:17 PM org.openqa.selenium.remote.RemoteWebDriver log
WARNING: Executed: [07dbafb5f5579f317effc1c0f66f9567, getCurrentUrl {}]
May 09, 2019 1:12:17 PM org.openqa.selenium.remote.RemoteWebDriver log
WARNING: Executing: getCurrentUrl [07dbafb5f5579f317effc1c0f66f9567, getCurrentUrl {}]
May 09, 2019 1:12:17 PM org.openqa.selenium.remote.RemoteWebDriver log
WARNING: Executed: [07dbafb5f5579f317effc1c0f66f9567, getCurrentUrl {}]
May 09, 2019 1:12:17 PM org.openqa.selenium.remote.RemoteWebDriver log
WARNING: Executing: findElement [07dbafb5f5579f317effc1c0f66f9567, findElement {using=id, value=loginForm}]
May 09, 2019 1:12:17 PM org.openqa.selenium.remote.RemoteWebDriver log
WARNING: Executed: [07dbafb5f5579f317effc1c0f66f9567, findElement {using=id, value=loginForm}]
May 09, 2019 1:12:17 PM org.openqa.selenium.remote.RemoteWebDriver log
WARNING: Executing: findElement [07dbafb5f5579f317effc1c0f66f9567, findElement {using=tag name, value=body}]
May 09, 2019 1:12:17 PM org.openqa.selenium.remote.RemoteWebDriver log
WARNING: Executed: [07dbafb5f5579f317effc1c0f66f9567, findElement {using=tag name, value=body}]
May 09, 2019 1:12:17 PM org.openqa.selenium.remote.RemoteWebDriver log
WARNING: Executing: getElementText [07dbafb5f5579f317effc1c0f66f9567, getElementText {id=0.549411504688645-2}]
May 09, 2019 1:12:17 PM org.openqa.selenium.remote.RemoteWebDriver log
WARNING: Executed: [07dbafb5f5579f317effc1c0f66f9567, getElementText {id=0.549411504688645-2}]
May 09, 2019 1:12:18 PM org.openqa.selenium.remote.RemoteWebDriver log
WARNING: Executing: findElement [07dbafb5f5579f317effc1c0f66f9567, findElement {using=tag name, value=body}]
May 09, 2019 1:12:18 PM org.openqa.selenium.remote.RemoteWebDriver log
WARNING: Executed: [07dbafb5f5579f317effc1c0f66f9567, findElement {using=tag name, value=body}]
May 09, 2019 1:12:18 PM org.openqa.selenium.remote.RemoteWebDriver log
WARNING: Executing: getElementText [07dbafb5f5579f317effc1c0f66f9567, getElementText {id=0.549411504688645-2}]
May 09, 2019 1:12:18 PM org.openqa.selenium.remote.RemoteWebDriver log
WARNING: Executed: [07dbafb5f5579f317effc1c0f66f9567, getElementText {id=0.549411504688645-2}]
May 09, 2019 1:12:19 PM org.openqa.selenium.remote.RemoteWebDriver log
WARNING: Executing: findElement [07dbafb5f5579f317effc1c0f66f9567, findElement {using=tag name, value=body}]
May 09, 2019 1:12:19 PM org.openqa.selenium.remote.RemoteWebDriver log
WARNING: Executed: [07dbafb5f5579f317effc1c0f66f9567, findElement {using=tag name, value=body}]
May 09, 2019 1:12:19 PM org.openqa.selenium.remote.RemoteWebDriver log
WARNING: Executing: getElementText [07dbafb5f5579f317effc1c0f66f9567, getElementText {id=0.549411504688645-2}]
May 09, 2019 1:12:19 PM org.openqa.selenium.remote.RemoteWebDriver log
WARNING: Executed: [07dbafb5f5579f317effc1c0f66f9567, getElementText {id=0.549411504688645-2}]
May 09, 2019 1:12:19 PM org.openqa.selenium.remote.RemoteWebDriver log
WARNING: Executing: findElement [07dbafb5f5579f317effc1c0f66f9567, findElement {using=id, value=internalLoginSubmit}]
May 09, 2019 1:12:19 PM org.openqa.selenium.remote.RemoteWebDriver log
WARNING: Executed: [07dbafb5f5579f317effc1c0f66f9567, findElement {using=id, value=internalLoginSubmit}]
May 09, 2019 1:12:19 PM org.openqa.selenium.remote.RemoteWebDriver log
WARNING: Executing: isElementDisplayed [07dbafb5f5579f317effc1c0f66f9567, isElementDisplayed {id=0.549411504688645-3}]
May 09, 2019 1:12:19 PM org.openqa.selenium.remote.RemoteWebDriver log
WARNING: Executed: [07dbafb5f5579f317effc1c0f66f9567, isElementDisplayed {id=0.549411504688645-3}]
May 09, 2019 1:12:19 PM org.openqa.selenium.remote.RemoteWebDriver log
WARNING: Executing: isElementEnabled [07dbafb5f5579f317effc1c0f66f9567, isElementEnabled {id=0.549411504688645-3}]
May 09, 2019 1:12:19 PM org.openqa.selenium.remote.RemoteWebDriver log
WARNING: Executed: [07dbafb5f5579f317effc1c0f66f9567, isElementEnabled {id=0.549411504688645-3}]
May 09, 2019 1:12:19 PM org.openqa.selenium.remote.RemoteWebDriver log
WARNING: Executing: findElement [07dbafb5f5579f317effc1c0f66f9567, findElement {using=id, value=email}]
May 09, 2019 1:12:19 PM org.openqa.selenium.remote.RemoteWebDriver log
WARNING: Executed: [07dbafb5f5579f317effc1c0f66f9567, findElement {using=id, value=email}]
May 09, 2019 1:12:19 PM org.openqa.selenium.remote.RemoteWebDriver log
WARNING: Executing: getElementTagName [07dbafb5f5579f317effc1c0f66f9567, getElementTagName {id=0.549411504688645-4}]
May 09, 2019 1:12:19 PM org.openqa.selenium.remote.RemoteWebDriver log
WARNING: Executed: [07dbafb5f5579f317effc1c0f66f9567, getElementTagName {id=0.549411504688645-4}]
May 09, 2019 1:12:19 PM org.openqa.selenium.remote.RemoteWebDriver log
WARNING: Executing: sendKeysToElement [07dbafb5f5579f317effc1c0f66f9567, sendKeysToElement {id=0.549411504688645-4, value=[Ljava.lang.CharSequence;@1941a8ff}]
May 09, 2019 1:12:19 PM org.openqa.selenium.remote.RemoteWebDriver log
WARNING: Executed: [07dbafb5f5579f317effc1c0f66f9567, sendKeysToElement {id=0.549411504688645-4, value=[Ljava.lang.CharSequence;@1941a8ff}]
May 09, 2019 1:12:19 PM org.openqa.selenium.remote.RemoteWebDriver log
WARNING: Executing: sendKeysToElement [07dbafb5f5579f317effc1c0f66f9567, sendKeysToElement {id=0.549411504688645-4, value=[Ljava.lang.CharSequence;@22d7b4f8}]
May 09, 2019 1:12:19 PM org.openqa.selenium.remote.RemoteWebDriver log
WARNING: Executed: [07dbafb5f5579f317effc1c0f66f9567, sendKeysToElement {id=0.549411504688645-4, value=[Ljava.lang.CharSequence;@22d7b4f8}]
May 09, 2019 1:12:19 PM org.openqa.selenium.remote.RemoteWebDriver log
WARNING: Executing: sendKeysToElement [07dbafb5f5579f317effc1c0f66f9567, sendKeysToElement {id=0.549411504688645-4, value=[Ljava.lang.CharSequence;@149dd36b}]
May 09, 2019 1:12:19 PM org.openqa.selenium.remote.RemoteWebDriver log
WARNING: Executed: [07dbafb5f5579f317effc1c0f66f9567, sendKeysToElement {id=0.549411504688645-4, value=[Ljava.lang.CharSequence;@149dd36b}]
May 09, 2019 1:12:19 PM org.openqa.selenium.remote.RemoteWebDriver log
WARNING: Executing: sendKeysToElement [07dbafb5f5579f317effc1c0f66f9567, sendKeysToElement {id=0.549411504688645-4, value=[Ljava.lang.CharSequence;@38831718}]
May 09, 2019 1:12:19 PM org.openqa.selenium.remote.RemoteWebDriver log
WARNING: Executed: [07dbafb5f5579f317effc1c0f66f9567, sendKeysToElement {id=0.549411504688645-4, value=[Ljava.lang.CharSequence;@38831718}]
May 09, 2019 1:12:19 PM org.openqa.selenium.remote.RemoteWebDriver log
WARNING: Executing: sendKeysToElement [07dbafb5f5579f317effc1c0f66f9567, sendKeysToElement {id=0.549411504688645-4, value=[Ljava.lang.CharSequence;@2c1156a7}]
May 09, 2019 1:12:19 PM org.openqa.selenium.remote.RemoteWebDriver log
WARNING: Executed: [07dbafb5f5579f317effc1c0f66f9567, sendKeysToElement {id=0.549411504688645-4, value=[Ljava.lang.CharSequence;@2c1156a7}]
May 09, 2019 1:12:19 PM org.openqa.selenium.remote.RemoteWebDriver log
WARNING: Executing: sendKeysToElement [07dbafb5f5579f317effc1c0f66f9567, sendKeysToElement {id=0.549411504688645-4, value=[Ljava.lang.CharSequence;@33fe57a9}]
May 09, 2019 1:12:19 PM org.openqa.selenium.remote.RemoteWebDriver log
WARNING: Executed: [07dbafb5f5579f317effc1c0f66f9567, sendKeysToElement {id=0.549411504688645-4, value=[Ljava.lang.CharSequence;@33fe57a9}]
May 09, 2019 1:12:19 PM org.openqa.selenium.remote.RemoteWebDriver log
WARNING: Executing: sendKeysToElement [07dbafb5f5579f317effc1c0f66f9567, sendKeysToElement {id=0.549411504688645-4, value=[Ljava.lang.CharSequence;@4982cc36}]
May 09, 2019 1:12:19 PM org.openqa.selenium.remote.RemoteWebDriver log
WARNING: Executed: [07dbafb5f5579f317effc1c0f66f9567, sendKeysToElement {id=0.549411504688645-4, value=[Ljava.lang.CharSequence;@4982cc36}]
May 09, 2019 1:12:19 PM org.openqa.selenium.remote.RemoteWebDriver log
WARNING: Executing: sendKeysToElement [07dbafb5f5579f317effc1c0f66f9567, sendKeysToElement {id=0.549411504688645-4, value=[Ljava.lang.CharSequence;@691939c9}]
May 09, 2019 1:12:19 PM org.openqa.selenium.remote.RemoteWebDriver log
WARNING: Executed: [07dbafb5f5579f317effc1c0f66f9567, sendKeysToElement {id=0.549411504688645-4, value=[Ljava.lang.CharSequence;@691939c9}]
May 09, 2019 1:12:20 PM org.openqa.selenium.remote.RemoteWebDriver log
WARNING: Executing: sendKeysToElement [07dbafb5f5579f317effc1c0f66f9567, sendKeysToElement {id=0.549411504688645-4, value=[Ljava.lang.CharSequence;@4f1bfe23}]
May 09, 2019 1:12:20 PM org.openqa.selenium.remote.RemoteWebDriver log
WARNING: Executed: [07dbafb5f5579f317effc1c0f66f9567, sendKeysToElement {id=0.549411504688645-4, value=[Ljava.lang.CharSequence;@4f1bfe23}]
May 09, 2019 1:12:20 PM org.openqa.selenium.remote.RemoteWebDriver log
WARNING: Executing: sendKeysToElement [07dbafb5f5579f317effc1c0f66f9567, sendKeysToElement {id=0.549411504688645-4, value=[Ljava.lang.CharSequence;@e19bb76}]
May 09, 2019 1:12:20 PM org.openqa.selenium.remote.RemoteWebDriver log
WARNING: Executed: [07dbafb5f5579f317effc1c0f66f9567, sendKeysToElement {id=0.549411504688645-4, value=[Ljava.lang.CharSequence;@e19bb76}]
May 09, 2019 1:12:20 PM org.openqa.selenium.remote.RemoteWebDriver log
WARNING: Executing: sendKeysToElement [07dbafb5f5579f317effc1c0f66f9567, sendKeysToElement {id=0.549411504688645-4, value=[Ljava.lang.CharSequence;@512535ff}]
May 09, 2019 1:12:20 PM org.openqa.selenium.remote.RemoteWebDriver log
WARNING: Executed: [07dbafb5f5579f317effc1c0f66f9567, sendKeysToElement {id=0.549411504688645-4, value=[Ljava.lang.CharSequence;@512535ff}]
May 09, 2019 1:12:20 PM org.openqa.selenium.remote.RemoteWebDriver log
WARNING: Executing: sendKeysToElement [07dbafb5f5579f317effc1c0f66f9567, sendKeysToElement {id=0.549411504688645-4, value=[Ljava.lang.CharSequence;@71529963}]
May 09, 2019 1:12:20 PM org.openqa.selenium.remote.RemoteWebDriver log
WARNING: Executed: [07dbafb5f5579f317effc1c0f66f9567, sendKeysToElement {id=0.549411504688645-4, value=[Ljava.lang.CharSequence;@71529963}]
May 09, 2019 1:12:20 PM org.openqa.selenium.remote.RemoteWebDriver log
WARNING: Executing: sendKeysToElement [07dbafb5f5579f317effc1c0f66f9567, sendKeysToElement {id=0.549411504688645-4, value=[Ljava.lang.CharSequence;@61a88b8c}]
May 09, 2019 1:12:20 PM org.openqa.selenium.remote.RemoteWebDriver log
WARNING: Executed: [07dbafb5f5579f317effc1c0f66f9567, sendKeysToElement {id=0.549411504688645-4, value=[Ljava.lang.CharSequence;@61a88b8c}]
May 09, 2019 1:12:20 PM org.openqa.selenium.remote.RemoteWebDriver log
WARNING: Executing: sendKeysToElement [07dbafb5f5579f317effc1c0f66f9567, sendKeysToElement {id=0.549411504688645-4, value=[Ljava.lang.CharSequence;@22295ec4}]
May 09, 2019 1:12:20 PM org.openqa.selenium.remote.RemoteWebDriver log
WARNING: Executed: [07dbafb5f5579f317effc1c0f66f9567, sendKeysToElement {id=0.549411504688645-4, value=[Ljava.lang.CharSequence;@22295ec4}]
May 09, 2019 1:12:20 PM org.openqa.selenium.remote.RemoteWebDriver log
WARNING: Executing: sendKeysToElement [07dbafb5f5579f317effc1c0f66f9567, sendKeysToElement {id=0.549411504688645-4, value=[Ljava.lang.CharSequence;@5adb0db3}]
May 09, 2019 1:12:20 PM org.openqa.selenium.remote.RemoteWebDriver log
WARNING: Executed: [07dbafb5f5579f317effc1c0f66f9567, sendKeysToElement {id=0.549411504688645-4, value=[Ljava.lang.CharSequence;@5adb0db3}]
May 09, 2019 1:12:20 PM org.openqa.selenium.remote.RemoteWebDriver log
WARNING: Executing: sendKeysToElement [07dbafb5f5579f317effc1c0f66f9567, sendKeysToElement {id=0.549411504688645-4, value=[Ljava.lang.CharSequence;@3f270e0a}]
May 09, 2019 1:12:20 PM org.openqa.selenium.remote.RemoteWebDriver log
WARNING: Executed: [07dbafb5f5579f317effc1c0f66f9567, sendKeysToElement {id=0.549411504688645-4, value=[Ljava.lang.CharSequence;@3f270e0a}]
May 09, 2019 1:12:20 PM org.openqa.selenium.remote.RemoteWebDriver log
WARNING: Executing: sendKeysToElement [07dbafb5f5579f317effc1c0f66f9567, sendKeysToElement {id=0.549411504688645-4, value=[Ljava.lang.CharSequence;@1a760689}]
May 09, 2019 1:12:20 PM org.openqa.selenium.remote.RemoteWebDriver log
WARNING: Executed: [07dbafb5f5579f317effc1c0f66f9567, sendKeysToElement {id=0.549411504688645-4, value=[Ljava.lang.CharSequence;@1a760689}]
May 09, 2019 1:12:20 PM org.openqa.selenium.remote.RemoteWebDriver log
WARNING: Executing: findElement [07dbafb5f5579f317effc1c0f66f9567, findElement {using=id, value=password}]
May 09, 2019 1:12:20 PM org.openqa.selenium.remote.RemoteWebDriver log
WARNING: Executed: [07dbafb5f5579f317effc1c0f66f9567, findElement {using=id, value=password}]
May 09, 2019 1:12:20 PM org.openqa.selenium.remote.RemoteWebDriver log
WARNING: Executing: getElementTagName [07dbafb5f5579f317effc1c0f66f9567, getElementTagName {id=0.549411504688645-5}]
May 09, 2019 1:12:20 PM org.openqa.selenium.remote.RemoteWebDriver log
WARNING: Executed: [07dbafb5f5579f317effc1c0f66f9567, getElementTagName {id=0.549411504688645-5}]
May 09, 2019 1:12:20 PM org.openqa.selenium.remote.RemoteWebDriver log
WARNING: Executing: sendKeysToElement [07dbafb5f5579f317effc1c0f66f9567, sendKeysToElement {id=0.549411504688645-5, value=[Ljava.lang.CharSequence;@7241a47d}]
May 09, 2019 1:12:21 PM org.openqa.selenium.remote.RemoteWebDriver log
WARNING: Executed: [07dbafb5f5579f317effc1c0f66f9567, sendKeysToElement {id=0.549411504688645-5, value=[Ljava.lang.CharSequence;@7241a47d}]
May 09, 2019 1:12:21 PM org.openqa.selenium.remote.RemoteWebDriver log
WARNING: Executing: sendKeysToElement [07dbafb5f5579f317effc1c0f66f9567, sendKeysToElement {id=0.549411504688645-5, value=[Ljava.lang.CharSequence;@70f59913}]
May 09, 2019 1:12:21 PM org.openqa.selenium.remote.RemoteWebDriver log
WARNING: Executed: [07dbafb5f5579f317effc1c0f66f9567, sendKeysToElement {id=0.549411504688645-5, value=[Ljava.lang.CharSequence;@70f59913}]
May 09, 2019 1:12:21 PM org.openqa.selenium.remote.RemoteWebDriver log
WARNING: Executing: sendKeysToElement [07dbafb5f5579f317effc1c0f66f9567, sendKeysToElement {id=0.549411504688645-5, value=[Ljava.lang.CharSequence;@77258e59}]
May 09, 2019 1:12:21 PM org.openqa.selenium.remote.RemoteWebDriver log
WARNING: Executed: [07dbafb5f5579f317effc1c0f66f9567, sendKeysToElement {id=0.549411504688645-5, value=[Ljava.lang.CharSequence;@77258e59}]
May 09, 2019 1:12:21 PM org.openqa.selenium.remote.RemoteWebDriver log
WARNING: Executing: sendKeysToElement [07dbafb5f5579f317effc1c0f66f9567, sendKeysToElement {id=0.549411504688645-5, value=[Ljava.lang.CharSequence;@5dcd8c7a}]
May 09, 2019 1:12:21 PM org.openqa.selenium.remote.RemoteWebDriver log
WARNING: Executed: [07dbafb5f5579f317effc1c0f66f9567, sendKeysToElement {id=0.549411504688645-5, value=[Ljava.lang.CharSequence;@5dcd8c7a}]
May 09, 2019 1:12:21 PM org.openqa.selenium.remote.RemoteWebDriver log
WARNING: Executing: sendKeysToElement [07dbafb5f5579f317effc1c0f66f9567, sendKeysToElement {id=0.549411504688645-5, value=[Ljava.lang.CharSequence;@2250b9f2}]
May 09, 2019 1:12:21 PM org.openqa.selenium.remote.RemoteWebDriver log
WARNING: Executed: [07dbafb5f5579f317effc1c0f66f9567, sendKeysToElement {id=0.549411504688645-5, value=[Ljava.lang.CharSequence;@2250b9f2}]
May 09, 2019 1:12:21 PM org.openqa.selenium.remote.RemoteWebDriver log
WARNING: Executing: sendKeysToElement [07dbafb5f5579f317effc1c0f66f9567, sendKeysToElement {id=0.549411504688645-5, value=[Ljava.lang.CharSequence;@7e3181aa}]
May 09, 2019 1:12:21 PM org.openqa.selenium.remote.RemoteWebDriver log
WARNING: Executed: [07dbafb5f5579f317effc1c0f66f9567, sendKeysToElement {id=0.549411504688645-5, value=[Ljava.lang.CharSequence;@7e3181aa}]
May 09, 2019 1:12:21 PM org.openqa.selenium.remote.RemoteWebDriver log
WARNING: Executing: findElement [07dbafb5f5579f317effc1c0f66f9567, findElement {using=tag name, value=body}]
May 09, 2019 1:12:21 PM org.openqa.selenium.remote.RemoteWebDriver log
WARNING: Executed: [07dbafb5f5579f317effc1c0f66f9567, findElement {using=tag name, value=body}]
May 09, 2019 1:12:21 PM org.openqa.selenium.remote.RemoteWebDriver log
WARNING: Executing: getElementText [07dbafb5f5579f317effc1c0f66f9567, getElementText {id=0.549411504688645-2}]
May 09, 2019 1:12:21 PM org.openqa.selenium.remote.RemoteWebDriver log
WARNING: Executed: [07dbafb5f5579f317effc1c0f66f9567, getElementText {id=0.549411504688645-2}]
May 09, 2019 1:12:21 PM org.openqa.selenium.remote.RemoteWebDriver log
WARNING: Executing: findElement [07dbafb5f5579f317effc1c0f66f9567, findElement {using=tag name, value=body}]
May 09, 2019 1:12:22 PM org.openqa.selenium.remote.RemoteWebDriver log
WARNING: Executed: [07dbafb5f5579f317effc1c0f66f9567, findElement {using=tag name, value=body}]
May 09, 2019 1:12:22 PM org.openqa.selenium.remote.RemoteWebDriver log
WARNING: Executing: getElementText [07dbafb5f5579f317effc1c0f66f9567, getElementText {id=0.549411504688645-2}]
May 09, 2019 1:12:22 PM org.openqa.selenium.remote.RemoteWebDriver log
WARNING: Executed: [07dbafb5f5579f317effc1c0f66f9567, getElementText {id=0.549411504688645-2}]
May 09, 2019 1:12:22 PM org.openqa.selenium.remote.RemoteWebDriver log
WARNING: Executing: findElement [07dbafb5f5579f317effc1c0f66f9567, findElement {using=tag name, value=body}]
May 09, 2019 1:12:22 PM org.openqa.selenium.remote.RemoteWebDriver log
WARNING: Executed: [07dbafb5f5579f317effc1c0f66f9567, findElement {using=tag name, value=body}]
May 09, 2019 1:12:22 PM org.openqa.selenium.remote.RemoteWebDriver log
WARNING: Executing: getElementText [07dbafb5f5579f317effc1c0f66f9567, getElementText {id=0.549411504688645-2}]
May 09, 2019 1:12:22 PM org.openqa.selenium.remote.RemoteWebDriver log
WARNING: Executed: [07dbafb5f5579f317effc1c0f66f9567, getElementText {id=0.549411504688645-2}]
May 09, 2019 1:12:22 PM org.openqa.selenium.remote.RemoteWebDriver log
WARNING: Executing: findElement [07dbafb5f5579f317effc1c0f66f9567, findElement {using=id, value=internalLoginSubmit}]
May 09, 2019 1:12:22 PM org.openqa.selenium.remote.RemoteWebDriver log
WARNING: Executed: [07dbafb5f5579f317effc1c0f66f9567, findElement {using=id, value=internalLoginSubmit}]
May 09, 2019 1:12:22 PM org.openqa.selenium.remote.RemoteWebDriver log
WARNING: Executing: isElementDisplayed [07dbafb5f5579f317effc1c0f66f9567, isElementDisplayed {id=0.549411504688645-3}]
May 09, 2019 1:12:22 PM org.openqa.selenium.remote.RemoteWebDriver log
WARNING: Executed: [07dbafb5f5579f317effc1c0f66f9567, isElementDisplayed {id=0.549411504688645-3}]
May 09, 2019 1:12:22 PM org.openqa.selenium.remote.RemoteWebDriver log
WARNING: Executing: isElementEnabled [07dbafb5f5579f317effc1c0f66f9567, isElementEnabled {id=0.549411504688645-3}]
May 09, 2019 1:12:22 PM org.openqa.selenium.remote.RemoteWebDriver log
WARNING: Executed: [07dbafb5f5579f317effc1c0f66f9567, isElementEnabled {id=0.549411504688645-3}]
May 09, 2019 1:12:22 PM org.openqa.selenium.remote.RemoteWebDriver log
WARNING: Executing: clickElement [07dbafb5f5579f317effc1c0f66f9567, clickElement {id=0.549411504688645-3}]
May 09, 2019 1:12:22 PM org.openqa.selenium.remote.RemoteWebDriver log
WARNING: Executed: [07dbafb5f5579f317effc1c0f66f9567, clickElement {id=0.549411504688645-3}]
May 09, 2019 1:12:22 PM org.openqa.selenium.remote.RemoteWebDriver log
WARNING: Executing: getCurrentUrl [07dbafb5f5579f317effc1c0f66f9567, getCurrentUrl {}]
May 09, 2019 1:12:22 PM org.openqa.selenium.remote.RemoteWebDriver log
WARNING: Executed: [07dbafb5f5579f317effc1c0f66f9567, getCurrentUrl {}]
May 09, 2019 1:12:22 PM org.openqa.selenium.remote.RemoteWebDriver log
WARNING: Executing: findElement [07dbafb5f5579f317effc1c0f66f9567, findElement {using=class name, value=homeRoot}]
May 09, 2019 1:12:24 PM org.openqa.selenium.remote.RemoteWebDriver log
WARNING: Executed: [07dbafb5f5579f317effc1c0f66f9567, findElement {using=class name, value=homeRoot}]
May 09, 2019 1:12:25 PM org.openqa.selenium.remote.RemoteWebDriver log
WARNING: Executing: findElement [07dbafb5f5579f317effc1c0f66f9567, findElement {using=class name, value=homeRoot}]
May 09, 2019 1:12:27 PM org.openqa.selenium.remote.RemoteWebDriver log
WARNING: Executed: [07dbafb5f5579f317effc1c0f66f9567, findElement {using=class name, value=homeRoot}]
May 09, 2019 1:12:27 PM org.openqa.selenium.remote.RemoteWebDriver log
WARNING: Executing: findElement [07dbafb5f5579f317effc1c0f66f9567, findElement {using=class name, value=homeRoot}]
May 09, 2019 1:12:29 PM org.openqa.selenium.remote.RemoteWebDriver log
WARNING: Executed: [07dbafb5f5579f317effc1c0f66f9567, findElement {using=class name, value=homeRoot}]
May 09, 2019 1:12:30 PM org.openqa.selenium.remote.RemoteWebDriver log
WARNING: Executing: findElement [07dbafb5f5579f317effc1c0f66f9567, findElement {using=class name, value=homeRoot}]
May 09, 2019 1:12:32 PM org.openqa.selenium.remote.RemoteWebDriver log
WARNING: Executed: [07dbafb5f5579f317effc1c0f66f9567, findElement {using=class name, value=homeRoot}]
May 09, 2019 1:12:32 PM org.openqa.selenium.remote.RemoteWebDriver log
WARNING: Executing: findElement [07dbafb5f5579f317effc1c0f66f9567, findElement {using=class name, value=homeRoot}]
May 09, 2019 1:12:34 PM org.openqa.selenium.remote.RemoteWebDriver log
WARNING: Executed: [07dbafb5f5579f317effc1c0f66f9567, findElement {using=class name, value=homeRoot}]
]]></system-err>
  </testcase>
  <testcase name="updateJobPriority" classname="com.clarolab.DashboardTest" time="17.053"/>
  <testcase name="testCommentSave" classname="com.clarolab.TriageTest" time="12.178">
    <failure message="Timed out after 10 seconds: Failure in verifyElementPresented: element 'By.id: loginForm' never became presented after 10 seconds!
Build info: version: '2.45.0', revision: '5017cb8e7ca8e37638dc3091b2440b90a1d8686f', time: '2015-02-27 09:10:26'
System info: host: '6888e31d0e98', ip: '172.17.0.9', os.name: 'Linux', os.arch: 'amd64', os.version: '4.15.0-29-generic', java.version: '1.8.0_212'
Driver info: org.openqa.selenium.remote.RemoteWebDriver
Capabilities [{mobileEmulationEnabled=false, timeouts={implicit=0, pageLoad=300000, script=30000}, hasTouchScreen=false, platform=LINUX, acceptSslCerts=false, goog:chromeOptions={debuggerAddress=localhost:44849}, acceptInsecureCerts=false, webStorageEnabled=true, browserName=chrome, takesScreenshot=true, javascriptEnabled=true, setWindowRect=true, unexpectedAlertBehaviour=ignore, applicationCacheEnabled=false, rotatable=false, networkConnectionEnabled=false, chrome={chromedriverVersion=73.0.3683.68 (47787ec04b6e38e22703e856e101e840b65afe72), userDataDir=/tmp/.com.google.Chrome.MI6Pdv}, takesHeapSnapshot=true, pageLoadStrategy=normal, strictFileInteractability=false, databaseEnabled=false, handlesAlerts=true, version=73.0.3683.86, browserConnectionEnabled=false, proxy={}, nativeEvents=true, webdriver.remote.sessionid=e4ca3b9b6527c07cd659704a5e1af268, locationContextEnabled=true, cssSelectorsEnabled=true}]
Session ID: e4ca3b9b6527c07cd659704a5e1af268" type="org.openqa.selenium.TimeoutException">org.openqa.selenium.TimeoutException: 
Timed out after 10 seconds: Failure in verifyElementPresented: element 'By.id: loginForm' never became presented after 10 seconds!
Build info: version: '2.45.0', revision: '5017cb8e7ca8e37638dc3091b2440b90a1d8686f', time: '2015-02-27 09:10:26'
System info: host: '6888e31d0e98', ip: '172.17.0.9', os.name: 'Linux', os.arch: 'amd64', os.version: '4.15.0-29-generic', java.version: '1.8.0_212'
Driver info: org.openqa.selenium.remote.RemoteWebDriver
Capabilities [{mobileEmulationEnabled=false, timeouts={implicit=0, pageLoad=300000, script=30000}, hasTouchScreen=false, platform=LINUX, acceptSslCerts=false, goog:chromeOptions={debuggerAddress=localhost:44849}, acceptInsecureCerts=false, webStorageEnabled=true, browserName=chrome, takesScreenshot=true, javascriptEnabled=true, setWindowRect=true, unexpectedAlertBehaviour=ignore, applicationCacheEnabled=false, rotatable=false, networkConnectionEnabled=false, chrome={chromedriverVersion=73.0.3683.68 (47787ec04b6e38e22703e856e101e840b65afe72), userDataDir=/tmp/.com.google.Chrome.MI6Pdv}, takesHeapSnapshot=true, pageLoadStrategy=normal, strictFileInteractability=false, databaseEnabled=false, handlesAlerts=true, version=73.0.3683.86, browserConnectionEnabled=false, proxy={}, nativeEvents=true, webdriver.remote.sessionid=e4ca3b9b6527c07cd659704a5e1af268, locationContextEnabled=true, cssSelectorsEnabled=true}]
Session ID: e4ca3b9b6527c07cd659704a5e1af268
	at com.clarolab.TriageTest.login(TriageTest.java:76)
	at com.clarolab.TriageTest.testCommentSave(TriageTest.java:63)
Caused by: org.openqa.selenium.NoSuchElementException: 
no such element: Unable to locate element: {"method":"id","selector":"loginForm"}
  (Session info: chrome=73.0.3683.86)
  (Driver info: chromedriver=73.0.3683.68 (47787ec04b6e38e22703e856e101e840b65afe72),platform=Linux 4.15.0-29-generic x86_64) (WARNING: The server did not provide any stacktrace information)
Command duration or timeout: 2.01 seconds
For documentation on this error, please visit: http://seleniumhq.org/exceptions/no_such_element.html
Build info: version: '2.45.0', revision: '5017cb8e7ca8e37638dc3091b2440b90a1d8686f', time: '2015-02-27 09:10:26'
System info: host: '6888e31d0e98', ip: '172.17.0.9', os.name: 'Linux', os.arch: 'amd64', os.version: '4.15.0-29-generic', java.version: '1.8.0_212'
Driver info: org.openqa.selenium.remote.RemoteWebDriver
Capabilities [{mobileEmulationEnabled=false, timeouts={implicit=0, pageLoad=300000, script=30000}, hasTouchScreen=false, platform=LINUX, acceptSslCerts=false, goog:chromeOptions={debuggerAddress=localhost:44849}, acceptInsecureCerts=false, webStorageEnabled=true, browserName=chrome, takesScreenshot=true, javascriptEnabled=true, setWindowRect=true, unexpectedAlertBehaviour=ignore, applicationCacheEnabled=false, rotatable=false, networkConnectionEnabled=false, chrome={chromedriverVersion=73.0.3683.68 (47787ec04b6e38e22703e856e101e840b65afe72), userDataDir=/tmp/.com.google.Chrome.MI6Pdv}, takesHeapSnapshot=true, pageLoadStrategy=normal, strictFileInteractability=false, databaseEnabled=false, handlesAlerts=true, version=73.0.3683.86, browserConnectionEnabled=false, proxy={}, nativeEvents=true, webdriver.remote.sessionid=e4ca3b9b6527c07cd659704a5e1af268, locationContextEnabled=true, cssSelectorsEnabled=true}]
Session ID: e4ca3b9b6527c07cd659704a5e1af268
*** Element info: {Using=id, value=loginForm}
	at com.clarolab.TriageTest.login(TriageTest.java:76)
	at com.clarolab.TriageTest.testCommentSave(TriageTest.java:63)
</failure>
    <system-err><![CDATA[May 09, 2019 1:12:53 PM org.openqa.selenium.remote.RemoteWebDriver log
WARNING: Executing: screenshot [809468a2f76472b3ef1b99b7a68ac7be, screenshot {}]
May 09, 2019 1:12:54 PM org.openqa.selenium.remote.RemoteWebDriver log
WARNING: Executed: [809468a2f76472b3ef1b99b7a68ac7be, screenshot {}]
May 09, 2019 1:12:54 PM org.openqa.selenium.remote.RemoteWebDriver log
WARNING: Executing: getCurrentUrl [809468a2f76472b3ef1b99b7a68ac7be, getCurrentUrl {}]
May 09, 2019 1:12:54 PM org.openqa.selenium.remote.RemoteWebDriver log
WARNING: Executed: [809468a2f76472b3ef1b99b7a68ac7be, getCurrentUrl {}]
May 09, 2019 1:12:54 PM com.clarolab.BaseTest takeScreenShot
INFO: Screenshot of http://tdev.clarolab.com/Dashboard/Container/5795 taken: screenshot394482.png
May 09, 2019 1:12:54 PM org.openqa.selenium.remote.RemoteWebDriver log
WARNING: Executing: deleteAllCookies [809468a2f76472b3ef1b99b7a68ac7be, deleteAllCookies {}]
May 09, 2019 1:12:54 PM org.openqa.selenium.remote.RemoteWebDriver log
WARNING: Executed: [809468a2f76472b3ef1b99b7a68ac7be, deleteAllCookies {}]
May 09, 2019 1:12:54 PM org.openqa.selenium.remote.RemoteWebDriver log
WARNING: Executing: quit [809468a2f76472b3ef1b99b7a68ac7be, quit {}]
May 09, 2019 1:12:54 PM org.openqa.selenium.remote.RemoteWebDriver log
WARNING: Executed: [809468a2f76472b3ef1b99b7a68ac7be, quit {}]
May 09, 2019 1:12:54 PM org.openqa.selenium.remote.RemoteWebDriver log
WARNING: Executing: quit [null, quit {}]
May 09, 2019 1:12:54 PM org.openqa.selenium.remote.RemoteWebDriver log
WARNING: Executed: [null, quit {}]
May 09, 2019 1:12:54 PM org.openqa.selenium.remote.RemoteWebDriver log
WARNING: Executing: setTimeout [e4ca3b9b6527c07cd659704a5e1af268, setTimeout {type=page load, ms=80000}]
May 09, 2019 1:12:54 PM org.openqa.selenium.remote.RemoteWebDriver log
WARNING: Executed: [e4ca3b9b6527c07cd659704a5e1af268, setTimeout {type=page load, ms=80000}]
May 09, 2019 1:12:54 PM org.openqa.selenium.remote.RemoteWebDriver log
WARNING: Executing: implicitlyWait [e4ca3b9b6527c07cd659704a5e1af268, implicitlyWait {ms=2000}]
May 09, 2019 1:12:54 PM org.openqa.selenium.remote.RemoteWebDriver log
WARNING: Executed: [e4ca3b9b6527c07cd659704a5e1af268, implicitlyWait {ms=2000}]
May 09, 2019 1:12:54 PM org.openqa.selenium.remote.RemoteWebDriver log
WARNING: Executing: get [e4ca3b9b6527c07cd659704a5e1af268, get {url=http://tdev.clarolab.com/}]
May 09, 2019 1:12:55 PM org.openqa.selenium.remote.RemoteWebDriver log
WARNING: Executed: [e4ca3b9b6527c07cd659704a5e1af268, get {url=http://tdev.clarolab.com/}]
May 09, 2019 1:12:55 PM org.openqa.selenium.remote.RemoteWebDriver log
WARNING: Executing: getCurrentUrl [e4ca3b9b6527c07cd659704a5e1af268, getCurrentUrl {}]
May 09, 2019 1:12:55 PM org.openqa.selenium.remote.RemoteWebDriver log
WARNING: Executed: [e4ca3b9b6527c07cd659704a5e1af268, getCurrentUrl {}]
May 09, 2019 1:12:55 PM org.openqa.selenium.remote.RemoteWebDriver log
WARNING: Executing: getCurrentUrl [e4ca3b9b6527c07cd659704a5e1af268, getCurrentUrl {}]
May 09, 2019 1:12:55 PM org.openqa.selenium.remote.RemoteWebDriver log
WARNING: Executed: [e4ca3b9b6527c07cd659704a5e1af268, getCurrentUrl {}]
May 09, 2019 1:12:55 PM org.openqa.selenium.remote.RemoteWebDriver log
WARNING: Executing: findElement [e4ca3b9b6527c07cd659704a5e1af268, findElement {using=id, value=loginForm}]
May 09, 2019 1:12:57 PM org.openqa.selenium.remote.RemoteWebDriver log
WARNING: Executed: [e4ca3b9b6527c07cd659704a5e1af268, findElement {using=id, value=loginForm}]
May 09, 2019 1:12:58 PM org.openqa.selenium.remote.RemoteWebDriver log
WARNING: Executing: findElement [e4ca3b9b6527c07cd659704a5e1af268, findElement {using=id, value=loginForm}]
May 09, 2019 1:13:00 PM org.openqa.selenium.remote.RemoteWebDriver log
WARNING: Executed: [e4ca3b9b6527c07cd659704a5e1af268, findElement {using=id, value=loginForm}]
May 09, 2019 1:13:00 PM org.openqa.selenium.remote.RemoteWebDriver log
WARNING: Executing: findElement [e4ca3b9b6527c07cd659704a5e1af268, findElement {using=id, value=loginForm}]
May 09, 2019 1:13:02 PM org.openqa.selenium.remote.RemoteWebDriver log
WARNING: Executed: [e4ca3b9b6527c07cd659704a5e1af268, findElement {using=id, value=loginForm}]
May 09, 2019 1:13:03 PM org.openqa.selenium.remote.RemoteWebDriver log
WARNING: Executing: findElement [e4ca3b9b6527c07cd659704a5e1af268, findElement {using=id, value=loginForm}]
May 09, 2019 1:13:05 PM org.openqa.selenium.remote.RemoteWebDriver log
WARNING: Executed: [e4ca3b9b6527c07cd659704a5e1af268, findElement {using=id, value=loginForm}]
May 09, 2019 1:13:05 PM org.openqa.selenium.remote.RemoteWebDriver log
WARNING: Executing: findElement [e4ca3b9b6527c07cd659704a5e1af268, findElement {using=id, value=loginForm}]
May 09, 2019 1:13:08 PM org.openqa.selenium.remote.RemoteWebDriver log
WARNING: Executed: [e4ca3b9b6527c07cd659704a5e1af268, findElement {using=id, value=loginForm}]
]]></system-err>
  </testcase>
  <testcase name="testOptionsSave" classname="com.clarolab.TriageTest" time="39.382">
    <failure message="Timed out after 20 seconds: Failure in findElementContainingTextWithWait: never found text 'Delete User test' in element with locator 'By.cssSelector: div[data-testcase-triage-category='FAIL'] li.kanbanColumnElementTitle' with timeout of 20 seconds
Build info: version: '2.45.0', revision: '5017cb8e7ca8e37638dc3091b2440b90a1d8686f', time: '2015-02-27 09:10:26'
System info: host: '6888e31d0e98', ip: '172.17.0.9', os.name: 'Linux', os.arch: 'amd64', os.version: '4.15.0-29-generic', java.version: '1.8.0_212'
Driver info: org.openqa.selenium.remote.RemoteWebDriver
Capabilities [{mobileEmulationEnabled=false, timeouts={implicit=0, pageLoad=300000, script=30000}, hasTouchScreen=false, platform=LINUX, acceptSslCerts=false, goog:chromeOptions={debuggerAddress=localhost:42417}, acceptInsecureCerts=false, webStorageEnabled=true, browserName=chrome, takesScreenshot=true, javascriptEnabled=true, setWindowRect=true, unexpectedAlertBehaviour=ignore, applicationCacheEnabled=false, rotatable=false, networkConnectionEnabled=false, chrome={chromedriverVersion=73.0.3683.68 (47787ec04b6e38e22703e856e101e840b65afe72), userDataDir=/tmp/.com.google.Chrome.aHjbQf}, takesHeapSnapshot=true, pageLoadStrategy=normal, strictFileInteractability=false, databaseEnabled=false, handlesAlerts=true, version=73.0.3683.86, browserConnectionEnabled=false, proxy={}, nativeEvents=true, webdriver.remote.sessionid=417c8bf3a449dc7e97021febd21b134c, locationContextEnabled=true, cssSelectorsEnabled=true}]
Session ID: 417c8bf3a449dc7e97021febd21b134c" type="org.openqa.selenium.TimeoutException">org.openqa.selenium.TimeoutException: 
Timed out after 20 seconds: Failure in findElementContainingTextWithWait: never found text 'Delete User test' in element with locator 'By.cssSelector: div[data-testcase-triage-category='FAIL'] li.kanbanColumnElementTitle' with timeout of 20 seconds
Build info: version: '2.45.0', revision: '5017cb8e7ca8e37638dc3091b2440b90a1d8686f', time: '2015-02-27 09:10:26'
System info: host: '6888e31d0e98', ip: '172.17.0.9', os.name: 'Linux', os.arch: 'amd64', os.version: '4.15.0-29-generic', java.version: '1.8.0_212'
Driver info: org.openqa.selenium.remote.RemoteWebDriver
Capabilities [{mobileEmulationEnabled=false, timeouts={implicit=0, pageLoad=300000, script=30000}, hasTouchScreen=false, platform=LINUX, acceptSslCerts=false, goog:chromeOptions={debuggerAddress=localhost:42417}, acceptInsecureCerts=false, webStorageEnabled=true, browserName=chrome, takesScreenshot=true, javascriptEnabled=true, setWindowRect=true, unexpectedAlertBehaviour=ignore, applicationCacheEnabled=false, rotatable=false, networkConnectionEnabled=false, chrome={chromedriverVersion=73.0.3683.68 (47787ec04b6e38e22703e856e101e840b65afe72), userDataDir=/tmp/.com.google.Chrome.aHjbQf}, takesHeapSnapshot=true, pageLoadStrategy=normal, strictFileInteractability=false, databaseEnabled=false, handlesAlerts=true, version=73.0.3683.86, browserConnectionEnabled=false, proxy={}, nativeEvents=true, webdriver.remote.sessionid=417c8bf3a449dc7e97021febd21b134c, locationContextEnabled=true, cssSelectorsEnabled=true}]
Session ID: 417c8bf3a449dc7e97021febd21b134c
	at com.clarolab.TriageTest.testOptionsSave(TriageTest.java:36)
</failure>
    <system-err><![CDATA[May 09, 2019 1:13:08 PM org.openqa.selenium.remote.RemoteWebDriver log
WARNING: Executing: screenshot [e4ca3b9b6527c07cd659704a5e1af268, screenshot {}]
May 09, 2019 1:13:08 PM org.openqa.selenium.remote.RemoteWebDriver log
WARNING: Executed: [e4ca3b9b6527c07cd659704a5e1af268, screenshot {}]
May 09, 2019 1:13:08 PM org.openqa.selenium.remote.RemoteWebDriver log
WARNING: Executing: getCurrentUrl [e4ca3b9b6527c07cd659704a5e1af268, getCurrentUrl {}]
May 09, 2019 1:13:08 PM org.openqa.selenium.remote.RemoteWebDriver log
WARNING: Executed: [e4ca3b9b6527c07cd659704a5e1af268, getCurrentUrl {}]
May 09, 2019 1:13:08 PM com.clarolab.BaseTest takeScreenShot
INFO: Screenshot of http://tdev.clarolab.com/ taken: screenshot971780.png
May 09, 2019 1:13:08 PM org.openqa.selenium.remote.RemoteWebDriver log
WARNING: Executing: deleteAllCookies [e4ca3b9b6527c07cd659704a5e1af268, deleteAllCookies {}]
May 09, 2019 1:13:08 PM org.openqa.selenium.remote.RemoteWebDriver log
WARNING: Executed: [e4ca3b9b6527c07cd659704a5e1af268, deleteAllCookies {}]
May 09, 2019 1:13:08 PM org.openqa.selenium.remote.RemoteWebDriver log
WARNING: Executing: quit [e4ca3b9b6527c07cd659704a5e1af268, quit {}]
May 09, 2019 1:13:08 PM org.openqa.selenium.remote.RemoteWebDriver log
WARNING: Executed: [e4ca3b9b6527c07cd659704a5e1af268, quit {}]
May 09, 2019 1:13:08 PM org.openqa.selenium.remote.RemoteWebDriver log
WARNING: Executing: quit [null, quit {}]
May 09, 2019 1:13:08 PM org.openqa.selenium.remote.RemoteWebDriver log
WARNING: Executed: [null, quit {}]
May 09, 2019 1:13:08 PM org.openqa.selenium.remote.RemoteWebDriver log
WARNING: Executing: setTimeout [417c8bf3a449dc7e97021febd21b134c, setTimeout {type=page load, ms=80000}]
May 09, 2019 1:13:08 PM org.openqa.selenium.remote.RemoteWebDriver log
WARNING: Executed: [417c8bf3a449dc7e97021febd21b134c, setTimeout {type=page load, ms=80000}]
May 09, 2019 1:13:08 PM org.openqa.selenium.remote.RemoteWebDriver log
WARNING: Executing: implicitlyWait [417c8bf3a449dc7e97021febd21b134c, implicitlyWait {ms=2000}]
May 09, 2019 1:13:08 PM org.openqa.selenium.remote.RemoteWebDriver log
WARNING: Executed: [417c8bf3a449dc7e97021febd21b134c, implicitlyWait {ms=2000}]
May 09, 2019 1:13:08 PM org.openqa.selenium.remote.RemoteWebDriver log
WARNING: Executing: get [417c8bf3a449dc7e97021febd21b134c, get {url=http://tdev.clarolab.com/}]
May 09, 2019 1:13:10 PM org.openqa.selenium.remote.RemoteWebDriver log
WARNING: Executed: [417c8bf3a449dc7e97021febd21b134c, get {url=http://tdev.clarolab.com/}]
May 09, 2019 1:13:10 PM org.openqa.selenium.remote.RemoteWebDriver log
WARNING: Executing: getCurrentUrl [417c8bf3a449dc7e97021febd21b134c, getCurrentUrl {}]
May 09, 2019 1:13:10 PM org.openqa.selenium.remote.RemoteWebDriver log
WARNING: Executed: [417c8bf3a449dc7e97021febd21b134c, getCurrentUrl {}]
May 09, 2019 1:13:10 PM org.openqa.selenium.remote.RemoteWebDriver log
WARNING: Executing: getCurrentUrl [417c8bf3a449dc7e97021febd21b134c, getCurrentUrl {}]
May 09, 2019 1:13:10 PM org.openqa.selenium.remote.RemoteWebDriver log
WARNING: Executed: [417c8bf3a449dc7e97021febd21b134c, getCurrentUrl {}]
May 09, 2019 1:13:10 PM org.openqa.selenium.remote.RemoteWebDriver log
WARNING: Executing: findElement [417c8bf3a449dc7e97021febd21b134c, findElement {using=id, value=loginForm}]
May 09, 2019 1:13:10 PM org.openqa.selenium.remote.RemoteWebDriver log
WARNING: Executed: [417c8bf3a449dc7e97021febd21b134c, findElement {using=id, value=loginForm}]
May 09, 2019 1:13:10 PM org.openqa.selenium.remote.RemoteWebDriver log
WARNING: Executing: findElement [417c8bf3a449dc7e97021febd21b134c, findElement {using=tag name, value=body}]
May 09, 2019 1:13:10 PM org.openqa.selenium.remote.RemoteWebDriver log
WARNING: Executed: [417c8bf3a449dc7e97021febd21b134c, findElement {using=tag name, value=body}]
May 09, 2019 1:13:10 PM org.openqa.selenium.remote.RemoteWebDriver log
WARNING: Executing: getElementText [417c8bf3a449dc7e97021febd21b134c, getElementText {id=0.7432501381974899-2}]
May 09, 2019 1:13:10 PM org.openqa.selenium.remote.RemoteWebDriver log
WARNING: Executed: [417c8bf3a449dc7e97021febd21b134c, getElementText {id=0.7432501381974899-2}]
May 09, 2019 1:13:11 PM org.openqa.selenium.remote.RemoteWebDriver log
WARNING: Executing: findElement [417c8bf3a449dc7e97021febd21b134c, findElement {using=tag name, value=body}]
May 09, 2019 1:13:11 PM org.openqa.selenium.remote.RemoteWebDriver log
WARNING: Executed: [417c8bf3a449dc7e97021febd21b134c, findElement {using=tag name, value=body}]
May 09, 2019 1:13:11 PM org.openqa.selenium.remote.RemoteWebDriver log
WARNING: Executing: getElementText [417c8bf3a449dc7e97021febd21b134c, getElementText {id=0.7432501381974899-2}]
May 09, 2019 1:13:11 PM org.openqa.selenium.remote.RemoteWebDriver log
WARNING: Executed: [417c8bf3a449dc7e97021febd21b134c, getElementText {id=0.7432501381974899-2}]
May 09, 2019 1:13:12 PM org.openqa.selenium.remote.RemoteWebDriver log
WARNING: Executing: findElement [417c8bf3a449dc7e97021febd21b134c, findElement {using=tag name, value=body}]
May 09, 2019 1:13:12 PM org.openqa.selenium.remote.RemoteWebDriver log
WARNING: Executed: [417c8bf3a449dc7e97021febd21b134c, findElement {using=tag name, value=body}]
May 09, 2019 1:13:12 PM org.openqa.selenium.remote.RemoteWebDriver log
WARNING: Executing: getElementText [417c8bf3a449dc7e97021febd21b134c, getElementText {id=0.7432501381974899-2}]
May 09, 2019 1:13:12 PM org.openqa.selenium.remote.RemoteWebDriver log
WARNING: Executed: [417c8bf3a449dc7e97021febd21b134c, getElementText {id=0.7432501381974899-2}]
May 09, 2019 1:13:12 PM org.openqa.selenium.remote.RemoteWebDriver log
WARNING: Executing: findElement [417c8bf3a449dc7e97021febd21b134c, findElement {using=id, value=internalLoginSubmit}]
May 09, 2019 1:13:12 PM org.openqa.selenium.remote.RemoteWebDriver log
WARNING: Executed: [417c8bf3a449dc7e97021febd21b134c, findElement {using=id, value=internalLoginSubmit}]
May 09, 2019 1:13:12 PM org.openqa.selenium.remote.RemoteWebDriver log
WARNING: Executing: isElementDisplayed [417c8bf3a449dc7e97021febd21b134c, isElementDisplayed {id=0.7432501381974899-3}]
May 09, 2019 1:13:12 PM org.openqa.selenium.remote.RemoteWebDriver log
WARNING: Executed: [417c8bf3a449dc7e97021febd21b134c, isElementDisplayed {id=0.7432501381974899-3}]
May 09, 2019 1:13:12 PM org.openqa.selenium.remote.RemoteWebDriver log
WARNING: Executing: isElementEnabled [417c8bf3a449dc7e97021febd21b134c, isElementEnabled {id=0.7432501381974899-3}]
May 09, 2019 1:13:12 PM org.openqa.selenium.remote.RemoteWebDriver log
WARNING: Executed: [417c8bf3a449dc7e97021febd21b134c, isElementEnabled {id=0.7432501381974899-3}]
May 09, 2019 1:13:12 PM org.openqa.selenium.remote.RemoteWebDriver log
WARNING: Executing: findElement [417c8bf3a449dc7e97021febd21b134c, findElement {using=id, value=email}]
May 09, 2019 1:13:12 PM org.openqa.selenium.remote.RemoteWebDriver log
WARNING: Executed: [417c8bf3a449dc7e97021febd21b134c, findElement {using=id, value=email}]
May 09, 2019 1:13:12 PM org.openqa.selenium.remote.RemoteWebDriver log
WARNING: Executing: getElementTagName [417c8bf3a449dc7e97021febd21b134c, getElementTagName {id=0.7432501381974899-4}]
May 09, 2019 1:13:12 PM org.openqa.selenium.remote.RemoteWebDriver log
WARNING: Executed: [417c8bf3a449dc7e97021febd21b134c, getElementTagName {id=0.7432501381974899-4}]
May 09, 2019 1:13:12 PM org.openqa.selenium.remote.RemoteWebDriver log
WARNING: Executing: sendKeysToElement [417c8bf3a449dc7e97021febd21b134c, sendKeysToElement {id=0.7432501381974899-4, value=[Ljava.lang.CharSequence;@12ed9db6}]
May 09, 2019 1:13:12 PM org.openqa.selenium.remote.RemoteWebDriver log
WARNING: Executed: [417c8bf3a449dc7e97021febd21b134c, sendKeysToElement {id=0.7432501381974899-4, value=[Ljava.lang.CharSequence;@12ed9db6}]
May 09, 2019 1:13:12 PM org.openqa.selenium.remote.RemoteWebDriver log
WARNING: Executing: sendKeysToElement [417c8bf3a449dc7e97021febd21b134c, sendKeysToElement {id=0.7432501381974899-4, value=[Ljava.lang.CharSequence;@4ff4357f}]
May 09, 2019 1:13:12 PM org.openqa.selenium.remote.RemoteWebDriver log
WARNING: Executed: [417c8bf3a449dc7e97021febd21b134c, sendKeysToElement {id=0.7432501381974899-4, value=[Ljava.lang.CharSequence;@4ff4357f}]
May 09, 2019 1:13:12 PM org.openqa.selenium.remote.RemoteWebDriver log
WARNING: Executing: sendKeysToElement [417c8bf3a449dc7e97021febd21b134c, sendKeysToElement {id=0.7432501381974899-4, value=[Ljava.lang.CharSequence;@49cb9cb5}]
May 09, 2019 1:13:12 PM org.openqa.selenium.remote.RemoteWebDriver log
WARNING: Executed: [417c8bf3a449dc7e97021febd21b134c, sendKeysToElement {id=0.7432501381974899-4, value=[Ljava.lang.CharSequence;@49cb9cb5}]
May 09, 2019 1:13:12 PM org.openqa.selenium.remote.RemoteWebDriver log
WARNING: Executing: sendKeysToElement [417c8bf3a449dc7e97021febd21b134c, sendKeysToElement {id=0.7432501381974899-4, value=[Ljava.lang.CharSequence;@55322aab}]
May 09, 2019 1:13:12 PM org.openqa.selenium.remote.RemoteWebDriver log
WARNING: Executed: [417c8bf3a449dc7e97021febd21b134c, sendKeysToElement {id=0.7432501381974899-4, value=[Ljava.lang.CharSequence;@55322aab}]
May 09, 2019 1:13:12 PM org.openqa.selenium.remote.RemoteWebDriver log
WARNING: Executing: sendKeysToElement [417c8bf3a449dc7e97021febd21b134c, sendKeysToElement {id=0.7432501381974899-4, value=[Ljava.lang.CharSequence;@2b4c1d96}]
May 09, 2019 1:13:12 PM org.openqa.selenium.remote.RemoteWebDriver log
WARNING: Executed: [417c8bf3a449dc7e97021febd21b134c, sendKeysToElement {id=0.7432501381974899-4, value=[Ljava.lang.CharSequence;@2b4c1d96}]
May 09, 2019 1:13:12 PM org.openqa.selenium.remote.RemoteWebDriver log
WARNING: Executing: sendKeysToElement [417c8bf3a449dc7e97021febd21b134c, sendKeysToElement {id=0.7432501381974899-4, value=[Ljava.lang.CharSequence;@45fd9a4d}]
May 09, 2019 1:13:12 PM org.openqa.selenium.remote.RemoteWebDriver log
WARNING: Executed: [417c8bf3a449dc7e97021febd21b134c, sendKeysToElement {id=0.7432501381974899-4, value=[Ljava.lang.CharSequence;@45fd9a4d}]
May 09, 2019 1:13:12 PM org.openqa.selenium.remote.RemoteWebDriver log
WARNING: Executing: sendKeysToElement [417c8bf3a449dc7e97021febd21b134c, sendKeysToElement {id=0.7432501381974899-4, value=[Ljava.lang.CharSequence;@50468873}]
May 09, 2019 1:13:12 PM org.openqa.selenium.remote.RemoteWebDriver log
WARNING: Executed: [417c8bf3a449dc7e97021febd21b134c, sendKeysToElement {id=0.7432501381974899-4, value=[Ljava.lang.CharSequence;@50468873}]
May 09, 2019 1:13:12 PM org.openqa.selenium.remote.RemoteWebDriver log
WARNING: Executing: sendKeysToElement [417c8bf3a449dc7e97021febd21b134c, sendKeysToElement {id=0.7432501381974899-4, value=[Ljava.lang.CharSequence;@146587a2}]
May 09, 2019 1:13:12 PM org.openqa.selenium.remote.RemoteWebDriver log
WARNING: Executed: [417c8bf3a449dc7e97021febd21b134c, sendKeysToElement {id=0.7432501381974899-4, value=[Ljava.lang.CharSequence;@146587a2}]
May 09, 2019 1:13:12 PM org.openqa.selenium.remote.RemoteWebDriver log
WARNING: Executing: sendKeysToElement [417c8bf3a449dc7e97021febd21b134c, sendKeysToElement {id=0.7432501381974899-4, value=[Ljava.lang.CharSequence;@5f0e9815}]
May 09, 2019 1:13:12 PM org.openqa.selenium.remote.RemoteWebDriver log
WARNING: Executed: [417c8bf3a449dc7e97021febd21b134c, sendKeysToElement {id=0.7432501381974899-4, value=[Ljava.lang.CharSequence;@5f0e9815}]
May 09, 2019 1:13:13 PM org.openqa.selenium.remote.RemoteWebDriver log
WARNING: Executing: sendKeysToElement [417c8bf3a449dc7e97021febd21b134c, sendKeysToElement {id=0.7432501381974899-4, value=[Ljava.lang.CharSequence;@76884e4b}]
May 09, 2019 1:13:13 PM org.openqa.selenium.remote.RemoteWebDriver log
WARNING: Executed: [417c8bf3a449dc7e97021febd21b134c, sendKeysToElement {id=0.7432501381974899-4, value=[Ljava.lang.CharSequence;@76884e4b}]
May 09, 2019 1:13:13 PM org.openqa.selenium.remote.RemoteWebDriver log
WARNING: Executing: sendKeysToElement [417c8bf3a449dc7e97021febd21b134c, sendKeysToElement {id=0.7432501381974899-4, value=[Ljava.lang.CharSequence;@126945f9}]
May 09, 2019 1:13:13 PM org.openqa.selenium.remote.RemoteWebDriver log
WARNING: Executed: [417c8bf3a449dc7e97021febd21b134c, sendKeysToElement {id=0.7432501381974899-4, value=[Ljava.lang.CharSequence;@126945f9}]
May 09, 2019 1:13:13 PM org.openqa.selenium.remote.RemoteWebDriver log
WARNING: Executing: sendKeysToElement [417c8bf3a449dc7e97021febd21b134c, sendKeysToElement {id=0.7432501381974899-4, value=[Ljava.lang.CharSequence;@2a898881}]
May 09, 2019 1:13:13 PM org.openqa.selenium.remote.RemoteWebDriver log
WARNING: Executed: [417c8bf3a449dc7e97021febd21b134c, sendKeysToElement {id=0.7432501381974899-4, value=[Ljava.lang.CharSequence;@2a898881}]
May 09, 2019 1:13:13 PM org.openqa.selenium.remote.RemoteWebDriver log
WARNING: Executing: sendKeysToElement [417c8bf3a449dc7e97021febd21b134c, sendKeysToElement {id=0.7432501381974899-4, value=[Ljava.lang.CharSequence;@16c63f5}]
May 09, 2019 1:13:13 PM org.openqa.selenium.remote.RemoteWebDriver log
WARNING: Executed: [417c8bf3a449dc7e97021febd21b134c, sendKeysToElement {id=0.7432501381974899-4, value=[Ljava.lang.CharSequence;@16c63f5}]
May 09, 2019 1:13:13 PM org.openqa.selenium.remote.RemoteWebDriver log
WARNING: Executing: sendKeysToElement [417c8bf3a449dc7e97021febd21b134c, sendKeysToElement {id=0.7432501381974899-4, value=[Ljava.lang.CharSequence;@35229f85}]
May 09, 2019 1:13:13 PM org.openqa.selenium.remote.RemoteWebDriver log
WARNING: Executed: [417c8bf3a449dc7e97021febd21b134c, sendKeysToElement {id=0.7432501381974899-4, value=[Ljava.lang.CharSequence;@35229f85}]
May 09, 2019 1:13:13 PM org.openqa.selenium.remote.RemoteWebDriver log
WARNING: Executing: sendKeysToElement [417c8bf3a449dc7e97021febd21b134c, sendKeysToElement {id=0.7432501381974899-4, value=[Ljava.lang.CharSequence;@6d3c5255}]
May 09, 2019 1:13:13 PM org.openqa.selenium.remote.RemoteWebDriver log
WARNING: Executed: [417c8bf3a449dc7e97021febd21b134c, sendKeysToElement {id=0.7432501381974899-4, value=[Ljava.lang.CharSequence;@6d3c5255}]
May 09, 2019 1:13:13 PM org.openqa.selenium.remote.RemoteWebDriver log
WARNING: Executing: sendKeysToElement [417c8bf3a449dc7e97021febd21b134c, sendKeysToElement {id=0.7432501381974899-4, value=[Ljava.lang.CharSequence;@b1712f3}]
May 09, 2019 1:13:13 PM org.openqa.selenium.remote.RemoteWebDriver log
WARNING: Executed: [417c8bf3a449dc7e97021febd21b134c, sendKeysToElement {id=0.7432501381974899-4, value=[Ljava.lang.CharSequence;@b1712f3}]
May 09, 2019 1:13:13 PM org.openqa.selenium.remote.RemoteWebDriver log
WARNING: Executing: sendKeysToElement [417c8bf3a449dc7e97021febd21b134c, sendKeysToElement {id=0.7432501381974899-4, value=[Ljava.lang.CharSequence;@6986bbaf}]
May 09, 2019 1:13:13 PM org.openqa.selenium.remote.RemoteWebDriver log
WARNING: Executed: [417c8bf3a449dc7e97021febd21b134c, sendKeysToElement {id=0.7432501381974899-4, value=[Ljava.lang.CharSequence;@6986bbaf}]
May 09, 2019 1:13:13 PM org.openqa.selenium.remote.RemoteWebDriver log
WARNING: Executing: findElement [417c8bf3a449dc7e97021febd21b134c, findElement {using=id, value=password}]
May 09, 2019 1:13:13 PM org.openqa.selenium.remote.RemoteWebDriver log
WARNING: Executed: [417c8bf3a449dc7e97021febd21b134c, findElement {using=id, value=password}]
May 09, 2019 1:13:13 PM org.openqa.selenium.remote.RemoteWebDriver log
WARNING: Executing: getElementTagName [417c8bf3a449dc7e97021febd21b134c, getElementTagName {id=0.7432501381974899-5}]
May 09, 2019 1:13:13 PM org.openqa.selenium.remote.RemoteWebDriver log
WARNING: Executed: [417c8bf3a449dc7e97021febd21b134c, getElementTagName {id=0.7432501381974899-5}]
May 09, 2019 1:13:13 PM org.openqa.selenium.remote.RemoteWebDriver log
WARNING: Executing: sendKeysToElement [417c8bf3a449dc7e97021febd21b134c, sendKeysToElement {id=0.7432501381974899-5, value=[Ljava.lang.CharSequence;@4879dfad}]
May 09, 2019 1:13:13 PM org.openqa.selenium.remote.RemoteWebDriver log
WARNING: Executed: [417c8bf3a449dc7e97021febd21b134c, sendKeysToElement {id=0.7432501381974899-5, value=[Ljava.lang.CharSequence;@4879dfad}]
May 09, 2019 1:13:13 PM org.openqa.selenium.remote.RemoteWebDriver log
WARNING: Executing: sendKeysToElement [417c8bf3a449dc7e97021febd21b134c, sendKeysToElement {id=0.7432501381974899-5, value=[Ljava.lang.CharSequence;@4758820d}]
May 09, 2019 1:13:13 PM org.openqa.selenium.remote.RemoteWebDriver log
WARNING: Executed: [417c8bf3a449dc7e97021febd21b134c, sendKeysToElement {id=0.7432501381974899-5, value=[Ljava.lang.CharSequence;@4758820d}]
May 09, 2019 1:13:13 PM org.openqa.selenium.remote.RemoteWebDriver log
WARNING: Executing: sendKeysToElement [417c8bf3a449dc7e97021febd21b134c, sendKeysToElement {id=0.7432501381974899-5, value=[Ljava.lang.CharSequence;@74eb909f}]
May 09, 2019 1:13:13 PM org.openqa.selenium.remote.RemoteWebDriver log
WARNING: Executed: [417c8bf3a449dc7e97021febd21b134c, sendKeysToElement {id=0.7432501381974899-5, value=[Ljava.lang.CharSequence;@74eb909f}]
May 09, 2019 1:13:13 PM org.openqa.selenium.remote.RemoteWebDriver log
WARNING: Executing: sendKeysToElement [417c8bf3a449dc7e97021febd21b134c, sendKeysToElement {id=0.7432501381974899-5, value=[Ljava.lang.CharSequence;@28ec166e}]
May 09, 2019 1:13:13 PM org.openqa.selenium.remote.RemoteWebDriver log
WARNING: Executed: [417c8bf3a449dc7e97021febd21b134c, sendKeysToElement {id=0.7432501381974899-5, value=[Ljava.lang.CharSequence;@28ec166e}]
May 09, 2019 1:13:14 PM org.openqa.selenium.remote.RemoteWebDriver log
WARNING: Executing: sendKeysToElement [417c8bf3a449dc7e97021febd21b134c, sendKeysToElement {id=0.7432501381974899-5, value=[Ljava.lang.CharSequence;@2eee3069}]
May 09, 2019 1:13:14 PM org.openqa.selenium.remote.RemoteWebDriver log
WARNING: Executed: [417c8bf3a449dc7e97021febd21b134c, sendKeysToElement {id=0.7432501381974899-5, value=[Ljava.lang.CharSequence;@2eee3069}]
May 09, 2019 1:13:14 PM org.openqa.selenium.remote.RemoteWebDriver log
WARNING: Executing: sendKeysToElement [417c8bf3a449dc7e97021febd21b134c, sendKeysToElement {id=0.7432501381974899-5, value=[Ljava.lang.CharSequence;@2da59753}]
May 09, 2019 1:13:14 PM org.openqa.selenium.remote.RemoteWebDriver log
WARNING: Executed: [417c8bf3a449dc7e97021febd21b134c, sendKeysToElement {id=0.7432501381974899-5, value=[Ljava.lang.CharSequence;@2da59753}]
May 09, 2019 1:13:14 PM org.openqa.selenium.remote.RemoteWebDriver log
WARNING: Executing: findElement [417c8bf3a449dc7e97021febd21b134c, findElement {using=tag name, value=body}]
May 09, 2019 1:13:14 PM org.openqa.selenium.remote.RemoteWebDriver log
WARNING: Executed: [417c8bf3a449dc7e97021febd21b134c, findElement {using=tag name, value=body}]
May 09, 2019 1:13:14 PM org.openqa.selenium.remote.RemoteWebDriver log
WARNING: Executing: getElementText [417c8bf3a449dc7e97021febd21b134c, getElementText {id=0.7432501381974899-2}]
May 09, 2019 1:13:14 PM org.openqa.selenium.remote.RemoteWebDriver log
WARNING: Executed: [417c8bf3a449dc7e97021febd21b134c, getElementText {id=0.7432501381974899-2}]
May 09, 2019 1:13:14 PM org.openqa.selenium.remote.RemoteWebDriver log
WARNING: Executing: findElement [417c8bf3a449dc7e97021febd21b134c, findElement {using=tag name, value=body}]
May 09, 2019 1:13:14 PM org.openqa.selenium.remote.RemoteWebDriver log
WARNING: Executed: [417c8bf3a449dc7e97021febd21b134c, findElement {using=tag name, value=body}]
May 09, 2019 1:13:14 PM org.openqa.selenium.remote.RemoteWebDriver log
WARNING: Executing: getElementText [417c8bf3a449dc7e97021febd21b134c, getElementText {id=0.7432501381974899-2}]
May 09, 2019 1:13:14 PM org.openqa.selenium.remote.RemoteWebDriver log
WARNING: Executed: [417c8bf3a449dc7e97021febd21b134c, getElementText {id=0.7432501381974899-2}]
May 09, 2019 1:13:15 PM org.openqa.selenium.remote.RemoteWebDriver log
WARNING: Executing: findElement [417c8bf3a449dc7e97021febd21b134c, findElement {using=tag name, value=body}]
May 09, 2019 1:13:15 PM org.openqa.selenium.remote.RemoteWebDriver log
WARNING: Executed: [417c8bf3a449dc7e97021febd21b134c, findElement {using=tag name, value=body}]
May 09, 2019 1:13:15 PM org.openqa.selenium.remote.RemoteWebDriver log
WARNING: Executing: getElementText [417c8bf3a449dc7e97021febd21b134c, getElementText {id=0.7432501381974899-2}]
May 09, 2019 1:13:15 PM org.openqa.selenium.remote.RemoteWebDriver log
WARNING: Executed: [417c8bf3a449dc7e97021febd21b134c, getElementText {id=0.7432501381974899-2}]
May 09, 2019 1:13:15 PM org.openqa.selenium.remote.RemoteWebDriver log
WARNING: Executing: findElement [417c8bf3a449dc7e97021febd21b134c, findElement {using=id, value=internalLoginSubmit}]
May 09, 2019 1:13:15 PM org.openqa.selenium.remote.RemoteWebDriver log
WARNING: Executed: [417c8bf3a449dc7e97021febd21b134c, findElement {using=id, value=internalLoginSubmit}]
May 09, 2019 1:13:15 PM org.openqa.selenium.remote.RemoteWebDriver log
WARNING: Executing: isElementDisplayed [417c8bf3a449dc7e97021febd21b134c, isElementDisplayed {id=0.7432501381974899-3}]
May 09, 2019 1:13:15 PM org.openqa.selenium.remote.RemoteWebDriver log
WARNING: Executed: [417c8bf3a449dc7e97021febd21b134c, isElementDisplayed {id=0.7432501381974899-3}]
May 09, 2019 1:13:15 PM org.openqa.selenium.remote.RemoteWebDriver log
WARNING: Executing: isElementEnabled [417c8bf3a449dc7e97021febd21b134c, isElementEnabled {id=0.7432501381974899-3}]
May 09, 2019 1:13:15 PM org.openqa.selenium.remote.RemoteWebDriver log
WARNING: Executed: [417c8bf3a449dc7e97021febd21b134c, isElementEnabled {id=0.7432501381974899-3}]
May 09, 2019 1:13:15 PM org.openqa.selenium.remote.RemoteWebDriver log
WARNING: Executing: clickElement [417c8bf3a449dc7e97021febd21b134c, clickElement {id=0.7432501381974899-3}]
May 09, 2019 1:13:15 PM org.openqa.selenium.remote.RemoteWebDriver log
WARNING: Executed: [417c8bf3a449dc7e97021febd21b134c, clickElement {id=0.7432501381974899-3}]
May 09, 2019 1:13:15 PM org.openqa.selenium.remote.RemoteWebDriver log
WARNING: Executing: getCurrentUrl [417c8bf3a449dc7e97021febd21b134c, getCurrentUrl {}]
May 09, 2019 1:13:15 PM org.openqa.selenium.remote.RemoteWebDriver log
WARNING: Executed: [417c8bf3a449dc7e97021febd21b134c, getCurrentUrl {}]
May 09, 2019 1:13:15 PM org.openqa.selenium.remote.RemoteWebDriver log
WARNING: Executing: findElement [417c8bf3a449dc7e97021febd21b134c, findElement {using=class name, value=homeRoot}]
May 09, 2019 1:13:15 PM org.openqa.selenium.remote.RemoteWebDriver log
WARNING: Executed: [417c8bf3a449dc7e97021febd21b134c, findElement {using=class name, value=homeRoot}]
May 09, 2019 1:13:15 PM org.openqa.selenium.remote.RemoteWebDriver log
WARNING: Executing: findElement [417c8bf3a449dc7e97021febd21b134c, findElement {using=tag name, value=body}]
May 09, 2019 1:13:15 PM org.openqa.selenium.remote.RemoteWebDriver log
WARNING: Executed: [417c8bf3a449dc7e97021febd21b134c, findElement {using=tag name, value=body}]
May 09, 2019 1:13:15 PM org.openqa.selenium.remote.RemoteWebDriver log
WARNING: Executing: getElementText [417c8bf3a449dc7e97021febd21b134c, getElementText {id=0.7432501381974899-2}]
May 09, 2019 1:13:15 PM org.openqa.selenium.remote.RemoteWebDriver log
WARNING: Executed: [417c8bf3a449dc7e97021febd21b134c, getElementText {id=0.7432501381974899-2}]
May 09, 2019 1:13:16 PM org.openqa.selenium.remote.RemoteWebDriver log
WARNING: Executing: findElement [417c8bf3a449dc7e97021febd21b134c, findElement {using=tag name, value=body}]
May 09, 2019 1:13:16 PM org.openqa.selenium.remote.RemoteWebDriver log
WARNING: Executed: [417c8bf3a449dc7e97021febd21b134c, findElement {using=tag name, value=body}]
May 09, 2019 1:13:16 PM org.openqa.selenium.remote.RemoteWebDriver log
WARNING: Executing: getElementText [417c8bf3a449dc7e97021febd21b134c, getElementText {id=0.7432501381974899-2}]
May 09, 2019 1:13:16 PM org.openqa.selenium.remote.RemoteWebDriver log
WARNING: Executed: [417c8bf3a449dc7e97021febd21b134c, getElementText {id=0.7432501381974899-2}]
May 09, 2019 1:13:16 PM org.openqa.selenium.remote.RemoteWebDriver log
WARNING: Executing: findElement [417c8bf3a449dc7e97021febd21b134c, findElement {using=tag name, value=body}]
May 09, 2019 1:13:16 PM org.openqa.selenium.remote.RemoteWebDriver log
WARNING: Executed: [417c8bf3a449dc7e97021febd21b134c, findElement {using=tag name, value=body}]
May 09, 2019 1:13:16 PM org.openqa.selenium.remote.RemoteWebDriver log
WARNING: Executing: getElementText [417c8bf3a449dc7e97021febd21b134c, getElementText {id=0.7432501381974899-2}]
May 09, 2019 1:13:17 PM org.openqa.selenium.remote.RemoteWebDriver log
WARNING: Executed: [417c8bf3a449dc7e97021febd21b134c, getElementText {id=0.7432501381974899-2}]
May 09, 2019 1:13:17 PM org.openqa.selenium.remote.RemoteWebDriver log
WARNING: Executing: findElement [417c8bf3a449dc7e97021febd21b134c, findElement {using=tag name, value=body}]
May 09, 2019 1:13:17 PM org.openqa.selenium.remote.RemoteWebDriver log
WARNING: Executed: [417c8bf3a449dc7e97021febd21b134c, findElement {using=tag name, value=body}]
May 09, 2019 1:13:17 PM org.openqa.selenium.remote.RemoteWebDriver log
WARNING: Executing: getElementText [417c8bf3a449dc7e97021febd21b134c, getElementText {id=0.7432501381974899-2}]
May 09, 2019 1:13:17 PM org.openqa.selenium.remote.RemoteWebDriver log
WARNING: Executed: [417c8bf3a449dc7e97021febd21b134c, getElementText {id=0.7432501381974899-2}]
May 09, 2019 1:13:17 PM org.openqa.selenium.remote.RemoteWebDriver log
WARNING: Executing: findElements [417c8bf3a449dc7e97021febd21b134c, findElements {using=css selector, value=tr.jobsTableRow}]
May 09, 2019 1:13:17 PM org.openqa.selenium.remote.RemoteWebDriver log
WARNING: Executed: [417c8bf3a449dc7e97021febd21b134c, findElements {using=css selector, value=tr.jobsTableRow}]
May 09, 2019 1:13:17 PM org.openqa.selenium.remote.RemoteWebDriver log
WARNING: Executing: isElementDisplayed [417c8bf3a449dc7e97021febd21b134c, isElementDisplayed {id=0.7432501381974899-7}]
May 09, 2019 1:13:17 PM org.openqa.selenium.remote.RemoteWebDriver log
WARNING: Executed: [417c8bf3a449dc7e97021febd21b134c, isElementDisplayed {id=0.7432501381974899-7}]
May 09, 2019 1:13:17 PM org.openqa.selenium.remote.RemoteWebDriver log
WARNING: Executing: isElementDisplayed [417c8bf3a449dc7e97021febd21b134c, isElementDisplayed {id=0.7432501381974899-8}]
May 09, 2019 1:13:17 PM org.openqa.selenium.remote.RemoteWebDriver log
WARNING: Executed: [417c8bf3a449dc7e97021febd21b134c, isElementDisplayed {id=0.7432501381974899-8}]
May 09, 2019 1:13:17 PM org.openqa.selenium.remote.RemoteWebDriver log
WARNING: Executing: isElementDisplayed [417c8bf3a449dc7e97021febd21b134c, isElementDisplayed {id=0.7432501381974899-9}]
May 09, 2019 1:13:17 PM org.openqa.selenium.remote.RemoteWebDriver log
WARNING: Executed: [417c8bf3a449dc7e97021febd21b134c, isElementDisplayed {id=0.7432501381974899-9}]
May 09, 2019 1:13:17 PM org.openqa.selenium.remote.RemoteWebDriver log
WARNING: Executing: isElementDisplayed [417c8bf3a449dc7e97021febd21b134c, isElementDisplayed {id=0.7432501381974899-10}]
May 09, 2019 1:13:17 PM org.openqa.selenium.remote.RemoteWebDriver log
WARNING: Executed: [417c8bf3a449dc7e97021febd21b134c, isElementDisplayed {id=0.7432501381974899-10}]
May 09, 2019 1:13:17 PM org.openqa.selenium.remote.RemoteWebDriver log
WARNING: Executing: isElementDisplayed [417c8bf3a449dc7e97021febd21b134c, isElementDisplayed {id=0.7432501381974899-11}]
May 09, 2019 1:13:17 PM org.openqa.selenium.remote.RemoteWebDriver log
WARNING: Executed: [417c8bf3a449dc7e97021febd21b134c, isElementDisplayed {id=0.7432501381974899-11}]
May 09, 2019 1:13:17 PM org.openqa.selenium.remote.RemoteWebDriver log
WARNING: Executing: isElementDisplayed [417c8bf3a449dc7e97021febd21b134c, isElementDisplayed {id=0.7432501381974899-12}]
May 09, 2019 1:13:17 PM org.openqa.selenium.remote.RemoteWebDriver log
WARNING: Executed: [417c8bf3a449dc7e97021febd21b134c, isElementDisplayed {id=0.7432501381974899-12}]
May 09, 2019 1:13:17 PM org.openqa.selenium.remote.RemoteWebDriver log
WARNING: Executing: isElementDisplayed [417c8bf3a449dc7e97021febd21b134c, isElementDisplayed {id=0.7432501381974899-13}]
May 09, 2019 1:13:17 PM org.openqa.selenium.remote.RemoteWebDriver log
WARNING: Executed: [417c8bf3a449dc7e97021febd21b134c, isElementDisplayed {id=0.7432501381974899-13}]
May 09, 2019 1:13:17 PM org.openqa.selenium.remote.RemoteWebDriver log
WARNING: Executing: findChildElement [417c8bf3a449dc7e97021febd21b134c, findChildElement {id=0.7432501381974899-7, using=css selector, value=td.jobStatusTableCell div div:first-child}]
May 09, 2019 1:13:17 PM org.openqa.selenium.remote.RemoteWebDriver log
WARNING: Executed: [417c8bf3a449dc7e97021febd21b134c, findChildElement {id=0.7432501381974899-7, using=css selector, value=td.jobStatusTableCell div div:first-child}]
May 09, 2019 1:13:17 PM org.openqa.selenium.remote.RemoteWebDriver log
WARNING: Executing: getElementText [417c8bf3a449dc7e97021febd21b134c, getElementText {id=0.7432501381974899-14}]
May 09, 2019 1:13:17 PM org.openqa.selenium.remote.RemoteWebDriver log
WARNING: Executed: [417c8bf3a449dc7e97021febd21b134c, getElementText {id=0.7432501381974899-14}]
May 09, 2019 1:13:17 PM org.openqa.selenium.remote.RemoteWebDriver log
WARNING: Executing: findChildElement [417c8bf3a449dc7e97021febd21b134c, findChildElement {id=0.7432501381974899-8, using=css selector, value=td.jobStatusTableCell div div:first-child}]
May 09, 2019 1:13:17 PM org.openqa.selenium.remote.RemoteWebDriver log
WARNING: Executed: [417c8bf3a449dc7e97021febd21b134c, findChildElement {id=0.7432501381974899-8, using=css selector, value=td.jobStatusTableCell div div:first-child}]
May 09, 2019 1:13:17 PM org.openqa.selenium.remote.RemoteWebDriver log
WARNING: Executing: getElementText [417c8bf3a449dc7e97021febd21b134c, getElementText {id=0.7432501381974899-15}]
May 09, 2019 1:13:18 PM org.openqa.selenium.remote.RemoteWebDriver log
WARNING: Executed: [417c8bf3a449dc7e97021febd21b134c, getElementText {id=0.7432501381974899-15}]
May 09, 2019 1:13:18 PM org.openqa.selenium.remote.RemoteWebDriver log
WARNING: Executing: findChildElement [417c8bf3a449dc7e97021febd21b134c, findChildElement {id=0.7432501381974899-9, using=css selector, value=td.jobStatusTableCell div div:first-child}]
May 09, 2019 1:13:18 PM org.openqa.selenium.remote.RemoteWebDriver log
WARNING: Executed: [417c8bf3a449dc7e97021febd21b134c, findChildElement {id=0.7432501381974899-9, using=css selector, value=td.jobStatusTableCell div div:first-child}]
May 09, 2019 1:13:18 PM org.openqa.selenium.remote.RemoteWebDriver log
WARNING: Executing: getElementText [417c8bf3a449dc7e97021febd21b134c, getElementText {id=0.7432501381974899-16}]
May 09, 2019 1:13:18 PM org.openqa.selenium.remote.RemoteWebDriver log
WARNING: Executed: [417c8bf3a449dc7e97021febd21b134c, getElementText {id=0.7432501381974899-16}]
May 09, 2019 1:13:18 PM org.openqa.selenium.remote.RemoteWebDriver log
WARNING: Executing: findChildElement [417c8bf3a449dc7e97021febd21b134c, findChildElement {id=0.7432501381974899-9, using=css selector, value=td div}]
May 09, 2019 1:13:18 PM org.openqa.selenium.remote.RemoteWebDriver log
WARNING: Executed: [417c8bf3a449dc7e97021febd21b134c, findChildElement {id=0.7432501381974899-9, using=css selector, value=td div}]
May 09, 2019 1:13:18 PM org.openqa.selenium.remote.RemoteWebDriver log
WARNING: Executing: isElementDisplayed [417c8bf3a449dc7e97021febd21b134c, isElementDisplayed {id=0.7432501381974899-17}]
May 09, 2019 1:13:18 PM org.openqa.selenium.remote.RemoteWebDriver log
WARNING: Executed: [417c8bf3a449dc7e97021febd21b134c, isElementDisplayed {id=0.7432501381974899-17}]
May 09, 2019 1:13:18 PM org.openqa.selenium.remote.RemoteWebDriver log
WARNING: Executing: getElementSize [417c8bf3a449dc7e97021febd21b134c, getElementSize {id=0.7432501381974899-17}]
May 09, 2019 1:13:18 PM org.openqa.selenium.remote.RemoteWebDriver log
WARNING: Executed: [417c8bf3a449dc7e97021febd21b134c, getElementSize {id=0.7432501381974899-17}]
May 09, 2019 1:13:18 PM org.openqa.selenium.remote.RemoteWebDriver log
WARNING: Executing: getElementSize [417c8bf3a449dc7e97021febd21b134c, getElementSize {id=0.7432501381974899-17}]
May 09, 2019 1:13:18 PM org.openqa.selenium.remote.RemoteWebDriver log
WARNING: Executed: [417c8bf3a449dc7e97021febd21b134c, getElementSize {id=0.7432501381974899-17}]
May 09, 2019 1:13:18 PM org.openqa.selenium.remote.RemoteWebDriver log
WARNING: Executing: getElementTagName [417c8bf3a449dc7e97021febd21b134c, getElementTagName {id=0.7432501381974899-17}]
May 09, 2019 1:13:18 PM org.openqa.selenium.remote.RemoteWebDriver log
WARNING: Executed: [417c8bf3a449dc7e97021febd21b134c, getElementTagName {id=0.7432501381974899-17}]
May 09, 2019 1:13:18 PM org.openqa.selenium.remote.RemoteWebDriver log
WARNING: Executing: clickElement [417c8bf3a449dc7e97021febd21b134c, clickElement {id=0.7432501381974899-17}]
May 09, 2019 1:13:18 PM org.openqa.selenium.remote.RemoteWebDriver log
WARNING: Executed: [417c8bf3a449dc7e97021febd21b134c, clickElement {id=0.7432501381974899-17}]
May 09, 2019 1:13:18 PM org.openqa.selenium.remote.RemoteWebDriver log
WARNING: Executing: getCurrentUrl [417c8bf3a449dc7e97021febd21b134c, getCurrentUrl {}]
May 09, 2019 1:13:18 PM org.openqa.selenium.remote.RemoteWebDriver log
WARNING: Executed: [417c8bf3a449dc7e97021febd21b134c, getCurrentUrl {}]
May 09, 2019 1:13:18 PM org.openqa.selenium.remote.RemoteWebDriver log
WARNING: Executing: findElement [417c8bf3a449dc7e97021febd21b134c, findElement {using=css selector, value=div.kanban}]
May 09, 2019 1:13:18 PM org.openqa.selenium.remote.RemoteWebDriver log
WARNING: Executed: [417c8bf3a449dc7e97021febd21b134c, findElement {using=css selector, value=div.kanban}]
May 09, 2019 1:13:18 PM org.openqa.selenium.remote.RemoteWebDriver log
WARNING: Executing: getCurrentUrl [417c8bf3a449dc7e97021febd21b134c, getCurrentUrl {}]
May 09, 2019 1:13:18 PM org.openqa.selenium.remote.RemoteWebDriver log
WARNING: Executed: [417c8bf3a449dc7e97021febd21b134c, getCurrentUrl {}]
May 09, 2019 1:13:18 PM org.openqa.selenium.remote.RemoteWebDriver log
WARNING: Executing: findElements [417c8bf3a449dc7e97021febd21b134c, findElements {using=css selector, value=div[data-testcase-triage-category='FAIL'] li.kanbanColumnElementTitle}]
May 09, 2019 1:13:18 PM org.openqa.selenium.remote.RemoteWebDriver log
WARNING: Executed: [417c8bf3a449dc7e97021febd21b134c, findElements {using=css selector, value=div[data-testcase-triage-category='FAIL'] li.kanbanColumnElementTitle}]
May 09, 2019 1:13:18 PM org.openqa.selenium.remote.RemoteWebDriver log
WARNING: Executing: isElementDisplayed [417c8bf3a449dc7e97021febd21b134c, isElementDisplayed {id=0.7432501381974899-19}]
May 09, 2019 1:13:18 PM org.openqa.selenium.remote.RemoteWebDriver log
WARNING: Executed: [417c8bf3a449dc7e97021febd21b134c, isElementDisplayed {id=0.7432501381974899-19}]
May 09, 2019 1:13:18 PM org.openqa.selenium.remote.RemoteWebDriver log
WARNING: Executing: isElementDisplayed [417c8bf3a449dc7e97021febd21b134c, isElementDisplayed {id=0.7432501381974899-20}]
May 09, 2019 1:13:18 PM org.openqa.selenium.remote.RemoteWebDriver log
WARNING: Executed: [417c8bf3a449dc7e97021febd21b134c, isElementDisplayed {id=0.7432501381974899-20}]
May 09, 2019 1:13:18 PM org.openqa.selenium.remote.RemoteWebDriver log
WARNING: Executing: isElementDisplayed [417c8bf3a449dc7e97021febd21b134c, isElementDisplayed {id=0.7432501381974899-21}]
May 09, 2019 1:13:18 PM org.openqa.selenium.remote.RemoteWebDriver log
WARNING: Executed: [417c8bf3a449dc7e97021febd21b134c, isElementDisplayed {id=0.7432501381974899-21}]
May 09, 2019 1:13:18 PM org.openqa.selenium.remote.RemoteWebDriver log
WARNING: Executing: isElementDisplayed [417c8bf3a449dc7e97021febd21b134c, isElementDisplayed {id=0.7432501381974899-22}]
May 09, 2019 1:13:18 PM org.openqa.selenium.remote.RemoteWebDriver log
WARNING: Executed: [417c8bf3a449dc7e97021febd21b134c, isElementDisplayed {id=0.7432501381974899-22}]
May 09, 2019 1:13:18 PM org.openqa.selenium.remote.RemoteWebDriver log
WARNING: Executing: isElementDisplayed [417c8bf3a449dc7e97021febd21b134c, isElementDisplayed {id=0.7432501381974899-23}]
May 09, 2019 1:13:18 PM org.openqa.selenium.remote.RemoteWebDriver log
WARNING: Executed: [417c8bf3a449dc7e97021febd21b134c, isElementDisplayed {id=0.7432501381974899-23}]
May 09, 2019 1:13:18 PM org.openqa.selenium.remote.RemoteWebDriver log
WARNING: Executing: isElementDisplayed [417c8bf3a449dc7e97021febd21b134c, isElementDisplayed {id=0.7432501381974899-24}]
May 09, 2019 1:13:18 PM org.openqa.selenium.remote.RemoteWebDriver log
WARNING: Executed: [417c8bf3a449dc7e97021febd21b134c, isElementDisplayed {id=0.7432501381974899-24}]
May 09, 2019 1:13:18 PM org.openqa.selenium.remote.RemoteWebDriver log
WARNING: Executing: isElementDisplayed [417c8bf3a449dc7e97021febd21b134c, isElementDisplayed {id=0.7432501381974899-25}]
May 09, 2019 1:13:18 PM org.openqa.selenium.remote.RemoteWebDriver log
WARNING: Executed: [417c8bf3a449dc7e97021febd21b134c, isElementDisplayed {id=0.7432501381974899-25}]
May 09, 2019 1:13:18 PM org.openqa.selenium.remote.RemoteWebDriver log
WARNING: Executing: isElementDisplayed [417c8bf3a449dc7e97021febd21b134c, isElementDisplayed {id=0.7432501381974899-26}]
May 09, 2019 1:13:18 PM org.openqa.selenium.remote.RemoteWebDriver log
WARNING: Executed: [417c8bf3a449dc7e97021febd21b134c, isElementDisplayed {id=0.7432501381974899-26}]
May 09, 2019 1:13:18 PM org.openqa.selenium.remote.RemoteWebDriver log
WARNING: Executing: isElementDisplayed [417c8bf3a449dc7e97021febd21b134c, isElementDisplayed {id=0.7432501381974899-27}]
May 09, 2019 1:13:18 PM org.openqa.selenium.remote.RemoteWebDriver log
WARNING: Executed: [417c8bf3a449dc7e97021febd21b134c, isElementDisplayed {id=0.7432501381974899-27}]
May 09, 2019 1:13:18 PM org.openqa.selenium.remote.RemoteWebDriver log
WARNING: Executing: isElementDisplayed [417c8bf3a449dc7e97021febd21b134c, isElementDisplayed {id=0.7432501381974899-28}]
May 09, 2019 1:13:18 PM org.openqa.selenium.remote.RemoteWebDriver log
WARNING: Executed: [417c8bf3a449dc7e97021febd21b134c, isElementDisplayed {id=0.7432501381974899-28}]
May 09, 2019 1:13:18 PM org.openqa.selenium.remote.RemoteWebDriver log
WARNING: Executing: isElementDisplayed [417c8bf3a449dc7e97021febd21b134c, isElementDisplayed {id=0.7432501381974899-29}]
May 09, 2019 1:13:18 PM org.openqa.selenium.remote.RemoteWebDriver log
WARNING: Executed: [417c8bf3a449dc7e97021febd21b134c, isElementDisplayed {id=0.7432501381974899-29}]
May 09, 2019 1:13:18 PM org.openqa.selenium.remote.RemoteWebDriver log
WARNING: Executing: isElementDisplayed [417c8bf3a449dc7e97021febd21b134c, isElementDisplayed {id=0.7432501381974899-30}]
May 09, 2019 1:13:18 PM org.openqa.selenium.remote.RemoteWebDriver log
WARNING: Executed: [417c8bf3a449dc7e97021febd21b134c, isElementDisplayed {id=0.7432501381974899-30}]
May 09, 2019 1:13:18 PM org.openqa.selenium.remote.RemoteWebDriver log
WARNING: Executing: isElementDisplayed [417c8bf3a449dc7e97021febd21b134c, isElementDisplayed {id=0.7432501381974899-31}]
May 09, 2019 1:13:18 PM org.openqa.selenium.remote.RemoteWebDriver log
WARNING: Executed: [417c8bf3a449dc7e97021febd21b134c, isElementDisplayed {id=0.7432501381974899-31}]
May 09, 2019 1:13:18 PM org.openqa.selenium.remote.RemoteWebDriver log
WARNING: Executing: isElementDisplayed [417c8bf3a449dc7e97021febd21b134c, isElementDisplayed {id=0.7432501381974899-32}]
May 09, 2019 1:13:18 PM org.openqa.selenium.remote.RemoteWebDriver log
WARNING: Executed: [417c8bf3a449dc7e97021febd21b134c, isElementDisplayed {id=0.7432501381974899-32}]
May 09, 2019 1:13:18 PM org.openqa.selenium.remote.RemoteWebDriver log
WARNING: Executing: isElementDisplayed [417c8bf3a449dc7e97021febd21b134c, isElementDisplayed {id=0.7432501381974899-33}]
May 09, 2019 1:13:18 PM org.openqa.selenium.remote.RemoteWebDriver log
WARNING: Executed: [417c8bf3a449dc7e97021febd21b134c, isElementDisplayed {id=0.7432501381974899-33}]
May 09, 2019 1:13:18 PM org.openqa.selenium.remote.RemoteWebDriver log
WARNING: Executing: isElementDisplayed [417c8bf3a449dc7e97021febd21b134c, isElementDisplayed {id=0.7432501381974899-34}]
May 09, 2019 1:13:18 PM org.openqa.selenium.remote.RemoteWebDriver log
WARNING: Executed: [417c8bf3a449dc7e97021febd21b134c, isElementDisplayed {id=0.7432501381974899-34}]
May 09, 2019 1:13:18 PM org.openqa.selenium.remote.RemoteWebDriver log
WARNING: Executing: isElementDisplayed [417c8bf3a449dc7e97021febd21b134c, isElementDisplayed {id=0.7432501381974899-35}]
May 09, 2019 1:13:18 PM org.openqa.selenium.remote.RemoteWebDriver log
WARNING: Executed: [417c8bf3a449dc7e97021febd21b134c, isElementDisplayed {id=0.7432501381974899-35}]
May 09, 2019 1:13:18 PM org.openqa.selenium.remote.RemoteWebDriver log
WARNING: Executing: isElementDisplayed [417c8bf3a449dc7e97021febd21b134c, isElementDisplayed {id=0.7432501381974899-36}]
May 09, 2019 1:13:18 PM org.openqa.selenium.remote.RemoteWebDriver log
WARNING: Executed: [417c8bf3a449dc7e97021febd21b134c, isElementDisplayed {id=0.7432501381974899-36}]
May 09, 2019 1:13:18 PM org.openqa.selenium.remote.RemoteWebDriver log
WARNING: Executing: isElementDisplayed [417c8bf3a449dc7e97021febd21b134c, isElementDisplayed {id=0.7432501381974899-37}]
May 09, 2019 1:13:18 PM org.openqa.selenium.remote.RemoteWebDriver log
WARNING: Executed: [417c8bf3a449dc7e97021febd21b134c, isElementDisplayed {id=0.7432501381974899-37}]
May 09, 2019 1:13:18 PM org.openqa.selenium.remote.RemoteWebDriver log
WARNING: Executing: isElementDisplayed [417c8bf3a449dc7e97021febd21b134c, isElementDisplayed {id=0.7432501381974899-38}]
May 09, 2019 1:13:18 PM org.openqa.selenium.remote.RemoteWebDriver log
WARNING: Executed: [417c8bf3a449dc7e97021febd21b134c, isElementDisplayed {id=0.7432501381974899-38}]
May 09, 2019 1:13:18 PM org.openqa.selenium.remote.RemoteWebDriver log
WARNING: Executing: isElementDisplayed [417c8bf3a449dc7e97021febd21b134c, isElementDisplayed {id=0.7432501381974899-39}]
May 09, 2019 1:13:18 PM org.openqa.selenium.remote.RemoteWebDriver log
WARNING: Executed: [417c8bf3a449dc7e97021febd21b134c, isElementDisplayed {id=0.7432501381974899-39}]
May 09, 2019 1:13:18 PM org.openqa.selenium.remote.RemoteWebDriver log
WARNING: Executing: isElementDisplayed [417c8bf3a449dc7e97021febd21b134c, isElementDisplayed {id=0.7432501381974899-40}]
May 09, 2019 1:13:18 PM org.openqa.selenium.remote.RemoteWebDriver log
WARNING: Executed: [417c8bf3a449dc7e97021febd21b134c, isElementDisplayed {id=0.7432501381974899-40}]
May 09, 2019 1:13:18 PM org.openqa.selenium.remote.RemoteWebDriver log
WARNING: Executing: isElementDisplayed [417c8bf3a449dc7e97021febd21b134c, isElementDisplayed {id=0.7432501381974899-41}]
May 09, 2019 1:13:18 PM org.openqa.selenium.remote.RemoteWebDriver log
WARNING: Executed: [417c8bf3a449dc7e97021febd21b134c, isElementDisplayed {id=0.7432501381974899-41}]
May 09, 2019 1:13:18 PM org.openqa.selenium.remote.RemoteWebDriver log
WARNING: Executing: isElementDisplayed [417c8bf3a449dc7e97021febd21b134c, isElementDisplayed {id=0.7432501381974899-42}]
May 09, 2019 1:13:19 PM org.openqa.selenium.remote.RemoteWebDriver log
WARNING: Executed: [417c8bf3a449dc7e97021febd21b134c, isElementDisplayed {id=0.7432501381974899-42}]
May 09, 2019 1:13:19 PM org.openqa.selenium.remote.RemoteWebDriver log
WARNING: Executing: isElementDisplayed [417c8bf3a449dc7e97021febd21b134c, isElementDisplayed {id=0.7432501381974899-43}]
May 09, 2019 1:13:19 PM org.openqa.selenium.remote.RemoteWebDriver log
WARNING: Executed: [417c8bf3a449dc7e97021febd21b134c, isElementDisplayed {id=0.7432501381974899-43}]
May 09, 2019 1:13:19 PM org.openqa.selenium.remote.RemoteWebDriver log
WARNING: Executing: isElementDisplayed [417c8bf3a449dc7e97021febd21b134c, isElementDisplayed {id=0.7432501381974899-44}]
May 09, 2019 1:13:19 PM org.openqa.selenium.remote.RemoteWebDriver log
WARNING: Executed: [417c8bf3a449dc7e97021febd21b134c, isElementDisplayed {id=0.7432501381974899-44}]
May 09, 2019 1:13:19 PM org.openqa.selenium.remote.RemoteWebDriver log
WARNING: Executing: isElementDisplayed [417c8bf3a449dc7e97021febd21b134c, isElementDisplayed {id=0.7432501381974899-45}]
May 09, 2019 1:13:19 PM org.openqa.selenium.remote.RemoteWebDriver log
WARNING: Executed: [417c8bf3a449dc7e97021febd21b134c, isElementDisplayed {id=0.7432501381974899-45}]
May 09, 2019 1:13:19 PM org.openqa.selenium.remote.RemoteWebDriver log
WARNING: Executing: isElementDisplayed [417c8bf3a449dc7e97021febd21b134c, isElementDisplayed {id=0.7432501381974899-46}]
May 09, 2019 1:13:19 PM org.openqa.selenium.remote.RemoteWebDriver log
WARNING: Executed: [417c8bf3a449dc7e97021febd21b134c, isElementDisplayed {id=0.7432501381974899-46}]
May 09, 2019 1:13:19 PM org.openqa.selenium.remote.RemoteWebDriver log
WARNING: Executing: isElementDisplayed [417c8bf3a449dc7e97021febd21b134c, isElementDisplayed {id=0.7432501381974899-47}]
May 09, 2019 1:13:19 PM org.openqa.selenium.remote.RemoteWebDriver log
WARNING: Executed: [417c8bf3a449dc7e97021febd21b134c, isElementDisplayed {id=0.7432501381974899-47}]
May 09, 2019 1:13:19 PM org.openqa.selenium.remote.RemoteWebDriver log
WARNING: Executing: isElementDisplayed [417c8bf3a449dc7e97021febd21b134c, isElementDisplayed {id=0.7432501381974899-48}]
May 09, 2019 1:13:19 PM org.openqa.selenium.remote.RemoteWebDriver log
WARNING: Executed: [417c8bf3a449dc7e97021febd21b134c, isElementDisplayed {id=0.7432501381974899-48}]
May 09, 2019 1:13:19 PM org.openqa.selenium.remote.RemoteWebDriver log
WARNING: Executing: isElementDisplayed [417c8bf3a449dc7e97021febd21b134c, isElementDisplayed {id=0.7432501381974899-49}]
May 09, 2019 1:13:19 PM org.openqa.selenium.remote.RemoteWebDriver log
WARNING: Executed: [417c8bf3a449dc7e97021febd21b134c, isElementDisplayed {id=0.7432501381974899-49}]
May 09, 2019 1:13:19 PM org.openqa.selenium.remote.RemoteWebDriver log
WARNING: Executing: isElementDisplayed [417c8bf3a449dc7e97021febd21b134c, isElementDisplayed {id=0.7432501381974899-50}]
May 09, 2019 1:13:19 PM org.openqa.selenium.remote.RemoteWebDriver log
WARNING: Executed: [417c8bf3a449dc7e97021febd21b134c, isElementDisplayed {id=0.7432501381974899-50}]
May 09, 2019 1:13:19 PM org.openqa.selenium.remote.RemoteWebDriver log
WARNING: Executing: isElementDisplayed [417c8bf3a449dc7e97021febd21b134c, isElementDisplayed {id=0.7432501381974899-51}]
May 09, 2019 1:13:19 PM org.openqa.selenium.remote.RemoteWebDriver log
WARNING: Executed: [417c8bf3a449dc7e97021febd21b134c, isElementDisplayed {id=0.7432501381974899-51}]
May 09, 2019 1:13:19 PM org.openqa.selenium.remote.RemoteWebDriver log
WARNING: Executing: isElementDisplayed [417c8bf3a449dc7e97021febd21b134c, isElementDisplayed {id=0.7432501381974899-52}]
May 09, 2019 1:13:19 PM org.openqa.selenium.remote.RemoteWebDriver log
WARNING: Executed: [417c8bf3a449dc7e97021febd21b134c, isElementDisplayed {id=0.7432501381974899-52}]
May 09, 2019 1:13:19 PM org.openqa.selenium.remote.RemoteWebDriver log
WARNING: Executing: isElementDisplayed [417c8bf3a449dc7e97021febd21b134c, isElementDisplayed {id=0.7432501381974899-53}]
May 09, 2019 1:13:19 PM org.openqa.selenium.remote.RemoteWebDriver log
WARNING: Executed: [417c8bf3a449dc7e97021febd21b134c, isElementDisplayed {id=0.7432501381974899-53}]
May 09, 2019 1:13:19 PM org.openqa.selenium.remote.RemoteWebDriver log
WARNING: Executing: isElementDisplayed [417c8bf3a449dc7e97021febd21b134c, isElementDisplayed {id=0.7432501381974899-54}]
May 09, 2019 1:13:19 PM org.openqa.selenium.remote.RemoteWebDriver log
WARNING: Executed: [417c8bf3a449dc7e97021febd21b134c, isElementDisplayed {id=0.7432501381974899-54}]
May 09, 2019 1:13:19 PM org.openqa.selenium.remote.RemoteWebDriver log
WARNING: Executing: isElementDisplayed [417c8bf3a449dc7e97021febd21b134c, isElementDisplayed {id=0.7432501381974899-55}]
May 09, 2019 1:13:19 PM org.openqa.selenium.remote.RemoteWebDriver log
WARNING: Executed: [417c8bf3a449dc7e97021febd21b134c, isElementDisplayed {id=0.7432501381974899-55}]
May 09, 2019 1:13:19 PM org.openqa.selenium.remote.RemoteWebDriver log
WARNING: Executing: isElementDisplayed [417c8bf3a449dc7e97021febd21b134c, isElementDisplayed {id=0.7432501381974899-56}]
May 09, 2019 1:13:19 PM org.openqa.selenium.remote.RemoteWebDriver log
WARNING: Executed: [417c8bf3a449dc7e97021febd21b134c, isElementDisplayed {id=0.7432501381974899-56}]
May 09, 2019 1:13:19 PM org.openqa.selenium.remote.RemoteWebDriver log
WARNING: Executing: isElementDisplayed [417c8bf3a449dc7e97021febd21b134c, isElementDisplayed {id=0.7432501381974899-57}]
May 09, 2019 1:13:19 PM org.openqa.selenium.remote.RemoteWebDriver log
WARNING: Executed: [417c8bf3a449dc7e97021febd21b134c, isElementDisplayed {id=0.7432501381974899-57}]
May 09, 2019 1:13:19 PM org.openqa.selenium.remote.RemoteWebDriver log
WARNING: Executing: isElementDisplayed [417c8bf3a449dc7e97021febd21b134c, isElementDisplayed {id=0.7432501381974899-58}]
May 09, 2019 1:13:19 PM org.openqa.selenium.remote.RemoteWebDriver log
WARNING: Executed: [417c8bf3a449dc7e97021febd21b134c, isElementDisplayed {id=0.7432501381974899-58}]
May 09, 2019 1:13:19 PM org.openqa.selenium.remote.RemoteWebDriver log
WARNING: Executing: isElementDisplayed [417c8bf3a449dc7e97021febd21b134c, isElementDisplayed {id=0.7432501381974899-59}]
May 09, 2019 1:13:19 PM org.openqa.selenium.remote.RemoteWebDriver log
WARNING: Executed: [417c8bf3a449dc7e97021febd21b134c, isElementDisplayed {id=0.7432501381974899-59}]
May 09, 2019 1:13:19 PM org.openqa.selenium.remote.RemoteWebDriver log
WARNING: Executing: isElementDisplayed [417c8bf3a449dc7e97021febd21b134c, isElementDisplayed {id=0.7432501381974899-60}]
May 09, 2019 1:13:19 PM org.openqa.selenium.remote.RemoteWebDriver log
WARNING: Executed: [417c8bf3a449dc7e97021febd21b134c, isElementDisplayed {id=0.7432501381974899-60}]
May 09, 2019 1:13:19 PM org.openqa.selenium.remote.RemoteWebDriver log
WARNING: Executing: isElementDisplayed [417c8bf3a449dc7e97021febd21b134c, isElementDisplayed {id=0.7432501381974899-61}]
May 09, 2019 1:13:19 PM org.openqa.selenium.remote.RemoteWebDriver log
WARNING: Executed: [417c8bf3a449dc7e97021febd21b134c, isElementDisplayed {id=0.7432501381974899-61}]
May 09, 2019 1:13:19 PM org.openqa.selenium.remote.RemoteWebDriver log
WARNING: Executing: isElementDisplayed [417c8bf3a449dc7e97021febd21b134c, isElementDisplayed {id=0.7432501381974899-62}]
May 09, 2019 1:13:19 PM org.openqa.selenium.remote.RemoteWebDriver log
WARNING: Executed: [417c8bf3a449dc7e97021febd21b134c, isElementDisplayed {id=0.7432501381974899-62}]
May 09, 2019 1:13:19 PM org.openqa.selenium.remote.RemoteWebDriver log
WARNING: Executing: isElementDisplayed [417c8bf3a449dc7e97021febd21b134c, isElementDisplayed {id=0.7432501381974899-63}]
May 09, 2019 1:13:19 PM org.openqa.selenium.remote.RemoteWebDriver log
WARNING: Executed: [417c8bf3a449dc7e97021febd21b134c, isElementDisplayed {id=0.7432501381974899-63}]
May 09, 2019 1:13:19 PM org.openqa.selenium.remote.RemoteWebDriver log
WARNING: Executing: isElementDisplayed [417c8bf3a449dc7e97021febd21b134c, isElementDisplayed {id=0.7432501381974899-64}]
May 09, 2019 1:13:19 PM org.openqa.selenium.remote.RemoteWebDriver log
WARNING: Executed: [417c8bf3a449dc7e97021febd21b134c, isElementDisplayed {id=0.7432501381974899-64}]
May 09, 2019 1:13:19 PM org.openqa.selenium.remote.RemoteWebDriver log
WARNING: Executing: isElementDisplayed [417c8bf3a449dc7e97021febd21b134c, isElementDisplayed {id=0.7432501381974899-65}]
May 09, 2019 1:13:19 PM org.openqa.selenium.remote.RemoteWebDriver log
WARNING: Executed: [417c8bf3a449dc7e97021febd21b134c, isElementDisplayed {id=0.7432501381974899-65}]
May 09, 2019 1:13:19 PM org.openqa.selenium.remote.RemoteWebDriver log
WARNING: Executing: isElementDisplayed [417c8bf3a449dc7e97021febd21b134c, isElementDisplayed {id=0.7432501381974899-66}]
May 09, 2019 1:13:19 PM org.openqa.selenium.remote.RemoteWebDriver log
WARNING: Executed: [417c8bf3a449dc7e97021febd21b134c, isElementDisplayed {id=0.7432501381974899-66}]
May 09, 2019 1:13:19 PM org.openqa.selenium.remote.RemoteWebDriver log
WARNING: Executing: isElementDisplayed [417c8bf3a449dc7e97021febd21b134c, isElementDisplayed {id=0.7432501381974899-67}]
May 09, 2019 1:13:19 PM org.openqa.selenium.remote.RemoteWebDriver log
WARNING: Executed: [417c8bf3a449dc7e97021febd21b134c, isElementDisplayed {id=0.7432501381974899-67}]
May 09, 2019 1:13:19 PM org.openqa.selenium.remote.RemoteWebDriver log
WARNING: Executing: isElementDisplayed [417c8bf3a449dc7e97021febd21b134c, isElementDisplayed {id=0.7432501381974899-68}]
May 09, 2019 1:13:19 PM org.openqa.selenium.remote.RemoteWebDriver log
WARNING: Executed: [417c8bf3a449dc7e97021febd21b134c, isElementDisplayed {id=0.7432501381974899-68}]
May 09, 2019 1:13:19 PM org.openqa.selenium.remote.RemoteWebDriver log
WARNING: Executing: isElementDisplayed [417c8bf3a449dc7e97021febd21b134c, isElementDisplayed {id=0.7432501381974899-69}]
May 09, 2019 1:13:19 PM org.openqa.selenium.remote.RemoteWebDriver log
WARNING: Executed: [417c8bf3a449dc7e97021febd21b134c, isElementDisplayed {id=0.7432501381974899-69}]
May 09, 2019 1:13:19 PM org.openqa.selenium.remote.RemoteWebDriver log
WARNING: Executing: isElementDisplayed [417c8bf3a449dc7e97021febd21b134c, isElementDisplayed {id=0.7432501381974899-70}]
May 09, 2019 1:13:19 PM org.openqa.selenium.remote.RemoteWebDriver log
WARNING: Executed: [417c8bf3a449dc7e97021febd21b134c, isElementDisplayed {id=0.7432501381974899-70}]
May 09, 2019 1:13:19 PM org.openqa.selenium.remote.RemoteWebDriver log
WARNING: Executing: getElementText [417c8bf3a449dc7e97021febd21b134c, getElementText {id=0.7432501381974899-19}]
May 09, 2019 1:13:19 PM org.openqa.selenium.remote.RemoteWebDriver log
WARNING: Executed: [417c8bf3a449dc7e97021febd21b134c, getElementText {id=0.7432501381974899-19}]
May 09, 2019 1:13:19 PM org.openqa.selenium.remote.RemoteWebDriver log
WARNING: Executing: findElement [417c8bf3a449dc7e97021febd21b134c, findElement {using=tag name, value=body}]
May 09, 2019 1:13:19 PM org.openqa.selenium.remote.RemoteWebDriver log
WARNING: Executed: [417c8bf3a449dc7e97021febd21b134c, findElement {using=tag name, value=body}]
May 09, 2019 1:13:19 PM org.openqa.selenium.remote.RemoteWebDriver log
WARNING: Executing: getElementText [417c8bf3a449dc7e97021febd21b134c, getElementText {id=0.7432501381974899-2}]
May 09, 2019 1:13:20 PM org.openqa.selenium.remote.RemoteWebDriver log
WARNING: Executed: [417c8bf3a449dc7e97021febd21b134c, getElementText {id=0.7432501381974899-2}]
May 09, 2019 1:13:20 PM org.openqa.selenium.remote.RemoteWebDriver log
WARNING: Executing: findElement [417c8bf3a449dc7e97021febd21b134c, findElement {using=tag name, value=body}]
May 09, 2019 1:13:21 PM org.openqa.selenium.remote.RemoteWebDriver log
WARNING: Executed: [417c8bf3a449dc7e97021febd21b134c, findElement {using=tag name, value=body}]
May 09, 2019 1:13:21 PM org.openqa.selenium.remote.RemoteWebDriver log
WARNING: Executing: getElementText [417c8bf3a449dc7e97021febd21b134c, getElementText {id=0.7432501381974899-2}]
May 09, 2019 1:13:21 PM org.openqa.selenium.remote.RemoteWebDriver log
WARNING: Executed: [417c8bf3a449dc7e97021febd21b134c, getElementText {id=0.7432501381974899-2}]
May 09, 2019 1:13:21 PM org.openqa.selenium.remote.RemoteWebDriver log
WARNING: Executing: findElements [417c8bf3a449dc7e97021febd21b134c, findElements {using=css selector, value=div[data-testcase-triage-category='FAIL'] li.kanbanColumnElementTitle}]
May 09, 2019 1:13:21 PM org.openqa.selenium.remote.RemoteWebDriver log
WARNING: Executed: [417c8bf3a449dc7e97021febd21b134c, findElements {using=css selector, value=div[data-testcase-triage-category='FAIL'] li.kanbanColumnElementTitle}]
May 09, 2019 1:13:21 PM org.openqa.selenium.remote.RemoteWebDriver log
WARNING: Executing: getElementText [417c8bf3a449dc7e97021febd21b134c, getElementText {id=0.7432501381974899-19}]
May 09, 2019 1:13:21 PM org.openqa.selenium.remote.RemoteWebDriver log
WARNING: Executed: [417c8bf3a449dc7e97021febd21b134c, getElementText {id=0.7432501381974899-19}]
May 09, 2019 1:13:21 PM org.openqa.selenium.remote.RemoteWebDriver log
WARNING: Executing: clickElement [417c8bf3a449dc7e97021febd21b134c, clickElement {id=0.7432501381974899-19}]
May 09, 2019 1:13:22 PM org.openqa.selenium.remote.RemoteWebDriver log
WARNING: Executed: [417c8bf3a449dc7e97021febd21b134c, clickElement {id=0.7432501381974899-19}]
May 09, 2019 1:13:22 PM org.openqa.selenium.remote.RemoteWebDriver log
WARNING: Executing: getCurrentUrl [417c8bf3a449dc7e97021febd21b134c, getCurrentUrl {}]
May 09, 2019 1:13:22 PM org.openqa.selenium.remote.RemoteWebDriver log
WARNING: Executed: [417c8bf3a449dc7e97021febd21b134c, getCurrentUrl {}]
May 09, 2019 1:13:22 PM org.openqa.selenium.remote.RemoteWebDriver log
WARNING: Executing: findElement [417c8bf3a449dc7e97021febd21b134c, findElement {using=class name, value=homeRoot}]
May 09, 2019 1:13:22 PM org.openqa.selenium.remote.RemoteWebDriver log
WARNING: Executed: [417c8bf3a449dc7e97021febd21b134c, findElement {using=class name, value=homeRoot}]
May 09, 2019 1:13:22 PM org.openqa.selenium.remote.RemoteWebDriver log
WARNING: Executing: findElement [417c8bf3a449dc7e97021febd21b134c, findElement {using=tag name, value=body}]
May 09, 2019 1:13:22 PM org.openqa.selenium.remote.RemoteWebDriver log
WARNING: Executed: [417c8bf3a449dc7e97021febd21b134c, findElement {using=tag name, value=body}]
May 09, 2019 1:13:22 PM org.openqa.selenium.remote.RemoteWebDriver log
WARNING: Executing: getElementText [417c8bf3a449dc7e97021febd21b134c, getElementText {id=0.7432501381974899-2}]
May 09, 2019 1:13:22 PM org.openqa.selenium.remote.RemoteWebDriver log
WARNING: Executed: [417c8bf3a449dc7e97021febd21b134c, getElementText {id=0.7432501381974899-2}]
May 09, 2019 1:13:22 PM org.openqa.selenium.remote.RemoteWebDriver log
WARNING: Executing: findElement [417c8bf3a449dc7e97021febd21b134c, findElement {using=tag name, value=body}]
May 09, 2019 1:13:22 PM org.openqa.selenium.remote.RemoteWebDriver log
WARNING: Executed: [417c8bf3a449dc7e97021febd21b134c, findElement {using=tag name, value=body}]
May 09, 2019 1:13:22 PM org.openqa.selenium.remote.RemoteWebDriver log
WARNING: Executing: getElementText [417c8bf3a449dc7e97021febd21b134c, getElementText {id=0.7432501381974899-2}]
May 09, 2019 1:13:23 PM org.openqa.selenium.remote.RemoteWebDriver log
WARNING: Executed: [417c8bf3a449dc7e97021febd21b134c, getElementText {id=0.7432501381974899-2}]
May 09, 2019 1:13:23 PM org.openqa.selenium.remote.RemoteWebDriver log
WARNING: Executing: findElement [417c8bf3a449dc7e97021febd21b134c, findElement {using=tag name, value=body}]
May 09, 2019 1:13:23 PM org.openqa.selenium.remote.RemoteWebDriver log
WARNING: Executed: [417c8bf3a449dc7e97021febd21b134c, findElement {using=tag name, value=body}]
May 09, 2019 1:13:23 PM org.openqa.selenium.remote.RemoteWebDriver log
WARNING: Executing: getElementText [417c8bf3a449dc7e97021febd21b134c, getElementText {id=0.7432501381974899-2}]
May 09, 2019 1:13:23 PM org.openqa.selenium.remote.RemoteWebDriver log
WARNING: Executed: [417c8bf3a449dc7e97021febd21b134c, getElementText {id=0.7432501381974899-2}]
May 09, 2019 1:13:24 PM org.openqa.selenium.remote.RemoteWebDriver log
WARNING: Executing: findElement [417c8bf3a449dc7e97021febd21b134c, findElement {using=tag name, value=body}]
May 09, 2019 1:13:24 PM org.openqa.selenium.remote.RemoteWebDriver log
WARNING: Executed: [417c8bf3a449dc7e97021febd21b134c, findElement {using=tag name, value=body}]
May 09, 2019 1:13:24 PM org.openqa.selenium.remote.RemoteWebDriver log
WARNING: Executing: getElementText [417c8bf3a449dc7e97021febd21b134c, getElementText {id=0.7432501381974899-2}]
May 09, 2019 1:13:24 PM org.openqa.selenium.remote.RemoteWebDriver log
WARNING: Executed: [417c8bf3a449dc7e97021febd21b134c, getElementText {id=0.7432501381974899-2}]
May 09, 2019 1:13:24 PM org.openqa.selenium.remote.RemoteWebDriver log
WARNING: Executing: findElements [417c8bf3a449dc7e97021febd21b134c, findElements {using=class name, value=TriageDialogRadio}]
May 09, 2019 1:13:24 PM org.openqa.selenium.remote.RemoteWebDriver log
WARNING: Executed: [417c8bf3a449dc7e97021febd21b134c, findElements {using=class name, value=TriageDialogRadio}]
May 09, 2019 1:13:24 PM org.openqa.selenium.remote.RemoteWebDriver log
WARNING: Executing: isElementDisplayed [417c8bf3a449dc7e97021febd21b134c, isElementDisplayed {id=0.7432501381974899-71}]
May 09, 2019 1:13:24 PM org.openqa.selenium.remote.RemoteWebDriver log
WARNING: Executed: [417c8bf3a449dc7e97021febd21b134c, isElementDisplayed {id=0.7432501381974899-71}]
May 09, 2019 1:13:24 PM org.openqa.selenium.remote.RemoteWebDriver log
WARNING: Executing: isElementDisplayed [417c8bf3a449dc7e97021febd21b134c, isElementDisplayed {id=0.7432501381974899-72}]
May 09, 2019 1:13:24 PM org.openqa.selenium.remote.RemoteWebDriver log
WARNING: Executed: [417c8bf3a449dc7e97021febd21b134c, isElementDisplayed {id=0.7432501381974899-72}]
May 09, 2019 1:13:24 PM org.openqa.selenium.remote.RemoteWebDriver log
WARNING: Executing: isElementDisplayed [417c8bf3a449dc7e97021febd21b134c, isElementDisplayed {id=0.7432501381974899-73}]
May 09, 2019 1:13:24 PM org.openqa.selenium.remote.RemoteWebDriver log
WARNING: Executed: [417c8bf3a449dc7e97021febd21b134c, isElementDisplayed {id=0.7432501381974899-73}]
May 09, 2019 1:13:24 PM org.openqa.selenium.remote.RemoteWebDriver log
WARNING: Executing: isElementDisplayed [417c8bf3a449dc7e97021febd21b134c, isElementDisplayed {id=0.7432501381974899-74}]
May 09, 2019 1:13:24 PM org.openqa.selenium.remote.RemoteWebDriver log
WARNING: Executed: [417c8bf3a449dc7e97021febd21b134c, isElementDisplayed {id=0.7432501381974899-74}]
May 09, 2019 1:13:24 PM org.openqa.selenium.remote.RemoteWebDriver log
WARNING: Executing: isElementDisplayed [417c8bf3a449dc7e97021febd21b134c, isElementDisplayed {id=0.7432501381974899-75}]
May 09, 2019 1:13:24 PM org.openqa.selenium.remote.RemoteWebDriver log
WARNING: Executed: [417c8bf3a449dc7e97021febd21b134c, isElementDisplayed {id=0.7432501381974899-75}]
May 09, 2019 1:13:24 PM org.openqa.selenium.remote.RemoteWebDriver log
WARNING: Executing: isElementDisplayed [417c8bf3a449dc7e97021febd21b134c, isElementDisplayed {id=0.7432501381974899-76}]
May 09, 2019 1:13:24 PM org.openqa.selenium.remote.RemoteWebDriver log
WARNING: Executed: [417c8bf3a449dc7e97021febd21b134c, isElementDisplayed {id=0.7432501381974899-76}]
May 09, 2019 1:13:24 PM org.openqa.selenium.remote.RemoteWebDriver log
WARNING: Executing: isElementDisplayed [417c8bf3a449dc7e97021febd21b134c, isElementDisplayed {id=0.7432501381974899-77}]
May 09, 2019 1:13:24 PM org.openqa.selenium.remote.RemoteWebDriver log
WARNING: Executed: [417c8bf3a449dc7e97021febd21b134c, isElementDisplayed {id=0.7432501381974899-77}]
May 09, 2019 1:13:24 PM org.openqa.selenium.remote.RemoteWebDriver log
WARNING: Executing: isElementDisplayed [417c8bf3a449dc7e97021febd21b134c, isElementDisplayed {id=0.7432501381974899-78}]
May 09, 2019 1:13:24 PM org.openqa.selenium.remote.RemoteWebDriver log
WARNING: Executed: [417c8bf3a449dc7e97021febd21b134c, isElementDisplayed {id=0.7432501381974899-78}]
May 09, 2019 1:13:24 PM org.openqa.selenium.remote.RemoteWebDriver log
WARNING: Executing: clickElement [417c8bf3a449dc7e97021febd21b134c, clickElement {id=0.7432501381974899-71}]
May 09, 2019 1:13:25 PM org.openqa.selenium.remote.RemoteWebDriver log
WARNING: Executed: [417c8bf3a449dc7e97021febd21b134c, clickElement {id=0.7432501381974899-71}]
May 09, 2019 1:13:25 PM org.openqa.selenium.remote.RemoteWebDriver log
WARNING: Executing: findElements [417c8bf3a449dc7e97021febd21b134c, findElements {using=class name, value=TriageDialogRadio}]
May 09, 2019 1:13:25 PM org.openqa.selenium.remote.RemoteWebDriver log
WARNING: Executed: [417c8bf3a449dc7e97021febd21b134c, findElements {using=class name, value=TriageDialogRadio}]
May 09, 2019 1:13:25 PM org.openqa.selenium.remote.RemoteWebDriver log
WARNING: Executing: isElementDisplayed [417c8bf3a449dc7e97021febd21b134c, isElementDisplayed {id=0.7432501381974899-71}]
May 09, 2019 1:13:25 PM org.openqa.selenium.remote.RemoteWebDriver log
WARNING: Executed: [417c8bf3a449dc7e97021febd21b134c, isElementDisplayed {id=0.7432501381974899-71}]
May 09, 2019 1:13:25 PM org.openqa.selenium.remote.RemoteWebDriver log
WARNING: Executing: isElementDisplayed [417c8bf3a449dc7e97021febd21b134c, isElementDisplayed {id=0.7432501381974899-72}]
May 09, 2019 1:13:25 PM org.openqa.selenium.remote.RemoteWebDriver log
WARNING: Executed: [417c8bf3a449dc7e97021febd21b134c, isElementDisplayed {id=0.7432501381974899-72}]
May 09, 2019 1:13:25 PM org.openqa.selenium.remote.RemoteWebDriver log
WARNING: Executing: isElementDisplayed [417c8bf3a449dc7e97021febd21b134c, isElementDisplayed {id=0.7432501381974899-73}]
May 09, 2019 1:13:25 PM org.openqa.selenium.remote.RemoteWebDriver log
WARNING: Executed: [417c8bf3a449dc7e97021febd21b134c, isElementDisplayed {id=0.7432501381974899-73}]
May 09, 2019 1:13:25 PM org.openqa.selenium.remote.RemoteWebDriver log
WARNING: Executing: isElementDisplayed [417c8bf3a449dc7e97021febd21b134c, isElementDisplayed {id=0.7432501381974899-74}]
May 09, 2019 1:13:25 PM org.openqa.selenium.remote.RemoteWebDriver log
WARNING: Executed: [417c8bf3a449dc7e97021febd21b134c, isElementDisplayed {id=0.7432501381974899-74}]
May 09, 2019 1:13:25 PM org.openqa.selenium.remote.RemoteWebDriver log
WARNING: Executing: isElementDisplayed [417c8bf3a449dc7e97021febd21b134c, isElementDisplayed {id=0.7432501381974899-75}]
May 09, 2019 1:13:25 PM org.openqa.selenium.remote.RemoteWebDriver log
WARNING: Executed: [417c8bf3a449dc7e97021febd21b134c, isElementDisplayed {id=0.7432501381974899-75}]
May 09, 2019 1:13:25 PM org.openqa.selenium.remote.RemoteWebDriver log
WARNING: Executing: isElementDisplayed [417c8bf3a449dc7e97021febd21b134c, isElementDisplayed {id=0.7432501381974899-76}]
May 09, 2019 1:13:25 PM org.openqa.selenium.remote.RemoteWebDriver log
WARNING: Executed: [417c8bf3a449dc7e97021febd21b134c, isElementDisplayed {id=0.7432501381974899-76}]
May 09, 2019 1:13:25 PM org.openqa.selenium.remote.RemoteWebDriver log
WARNING: Executing: isElementDisplayed [417c8bf3a449dc7e97021febd21b134c, isElementDisplayed {id=0.7432501381974899-77}]
May 09, 2019 1:13:25 PM org.openqa.selenium.remote.RemoteWebDriver log
WARNING: Executed: [417c8bf3a449dc7e97021febd21b134c, isElementDisplayed {id=0.7432501381974899-77}]
May 09, 2019 1:13:25 PM org.openqa.selenium.remote.RemoteWebDriver log
WARNING: Executing: isElementDisplayed [417c8bf3a449dc7e97021febd21b134c, isElementDisplayed {id=0.7432501381974899-78}]
May 09, 2019 1:13:25 PM org.openqa.selenium.remote.RemoteWebDriver log
WARNING: Executed: [417c8bf3a449dc7e97021febd21b134c, isElementDisplayed {id=0.7432501381974899-78}]
May 09, 2019 1:13:25 PM org.openqa.selenium.remote.RemoteWebDriver log
WARNING: Executing: clickElement [417c8bf3a449dc7e97021febd21b134c, clickElement {id=0.7432501381974899-75}]
May 09, 2019 1:13:25 PM org.openqa.selenium.remote.RemoteWebDriver log
WARNING: Executed: [417c8bf3a449dc7e97021febd21b134c, clickElement {id=0.7432501381974899-75}]
May 09, 2019 1:13:25 PM org.openqa.selenium.remote.RemoteWebDriver log
WARNING: Executing: findElement [417c8bf3a449dc7e97021febd21b134c, findElement {using=tag name, value=body}]
May 09, 2019 1:13:25 PM org.openqa.selenium.remote.RemoteWebDriver log
WARNING: Executed: [417c8bf3a449dc7e97021febd21b134c, findElement {using=tag name, value=body}]
May 09, 2019 1:13:25 PM org.openqa.selenium.remote.RemoteWebDriver log
WARNING: Executing: getElementText [417c8bf3a449dc7e97021febd21b134c, getElementText {id=0.7432501381974899-2}]
May 09, 2019 1:13:25 PM org.openqa.selenium.remote.RemoteWebDriver log
WARNING: Executed: [417c8bf3a449dc7e97021febd21b134c, getElementText {id=0.7432501381974899-2}]
May 09, 2019 1:13:26 PM org.openqa.selenium.remote.RemoteWebDriver log
WARNING: Executing: findElement [417c8bf3a449dc7e97021febd21b134c, findElement {using=tag name, value=body}]
May 09, 2019 1:13:26 PM org.openqa.selenium.remote.RemoteWebDriver log
WARNING: Executed: [417c8bf3a449dc7e97021febd21b134c, findElement {using=tag name, value=body}]
May 09, 2019 1:13:26 PM org.openqa.selenium.remote.RemoteWebDriver log
WARNING: Executing: getElementText [417c8bf3a449dc7e97021febd21b134c, getElementText {id=0.7432501381974899-2}]
May 09, 2019 1:13:26 PM org.openqa.selenium.remote.RemoteWebDriver log
WARNING: Executed: [417c8bf3a449dc7e97021febd21b134c, getElementText {id=0.7432501381974899-2}]
May 09, 2019 1:13:27 PM org.openqa.selenium.remote.RemoteWebDriver log
WARNING: Executing: findElement [417c8bf3a449dc7e97021febd21b134c, findElement {using=tag name, value=body}]
May 09, 2019 1:13:27 PM org.openqa.selenium.remote.RemoteWebDriver log
WARNING: Executed: [417c8bf3a449dc7e97021febd21b134c, findElement {using=tag name, value=body}]
May 09, 2019 1:13:27 PM org.openqa.selenium.remote.RemoteWebDriver log
WARNING: Executing: getElementText [417c8bf3a449dc7e97021febd21b134c, getElementText {id=0.7432501381974899-2}]
May 09, 2019 1:13:27 PM org.openqa.selenium.remote.RemoteWebDriver log
WARNING: Executed: [417c8bf3a449dc7e97021febd21b134c, getElementText {id=0.7432501381974899-2}]
May 09, 2019 1:13:27 PM org.openqa.selenium.remote.RemoteWebDriver log
WARNING: Executing: findElement [417c8bf3a449dc7e97021febd21b134c, findElement {using=css selector, value=button#save}]
May 09, 2019 1:13:27 PM org.openqa.selenium.remote.RemoteWebDriver log
WARNING: Executed: [417c8bf3a449dc7e97021febd21b134c, findElement {using=css selector, value=button#save}]
May 09, 2019 1:13:27 PM org.openqa.selenium.remote.RemoteWebDriver log
WARNING: Executing: isElementDisplayed [417c8bf3a449dc7e97021febd21b134c, isElementDisplayed {id=0.7432501381974899-79}]
May 09, 2019 1:13:27 PM org.openqa.selenium.remote.RemoteWebDriver log
WARNING: Executed: [417c8bf3a449dc7e97021febd21b134c, isElementDisplayed {id=0.7432501381974899-79}]
May 09, 2019 1:13:27 PM org.openqa.selenium.remote.RemoteWebDriver log
WARNING: Executing: isElementEnabled [417c8bf3a449dc7e97021febd21b134c, isElementEnabled {id=0.7432501381974899-79}]
May 09, 2019 1:13:27 PM org.openqa.selenium.remote.RemoteWebDriver log
WARNING: Executed: [417c8bf3a449dc7e97021febd21b134c, isElementEnabled {id=0.7432501381974899-79}]
May 09, 2019 1:13:27 PM org.openqa.selenium.remote.RemoteWebDriver log
WARNING: Executing: clickElement [417c8bf3a449dc7e97021febd21b134c, clickElement {id=0.7432501381974899-79}]
May 09, 2019 1:13:27 PM org.openqa.selenium.remote.RemoteWebDriver log
WARNING: Executed: [417c8bf3a449dc7e97021febd21b134c, clickElement {id=0.7432501381974899-79}]
May 09, 2019 1:13:27 PM org.openqa.selenium.remote.RemoteWebDriver log
WARNING: Executing: findElement [417c8bf3a449dc7e97021febd21b134c, findElement {using=tag name, value=body}]
May 09, 2019 1:13:27 PM org.openqa.selenium.remote.RemoteWebDriver log
WARNING: Executed: [417c8bf3a449dc7e97021febd21b134c, findElement {using=tag name, value=body}]
May 09, 2019 1:13:27 PM org.openqa.selenium.remote.RemoteWebDriver log
WARNING: Executing: getElementText [417c8bf3a449dc7e97021febd21b134c, getElementText {id=0.7432501381974899-2}]
May 09, 2019 1:13:27 PM org.openqa.selenium.remote.RemoteWebDriver log
WARNING: Executed: [417c8bf3a449dc7e97021febd21b134c, getElementText {id=0.7432501381974899-2}]
May 09, 2019 1:13:28 PM org.openqa.selenium.remote.RemoteWebDriver log
WARNING: Executing: findElement [417c8bf3a449dc7e97021febd21b134c, findElement {using=tag name, value=body}]
May 09, 2019 1:13:28 PM org.openqa.selenium.remote.RemoteWebDriver log
WARNING: Executed: [417c8bf3a449dc7e97021febd21b134c, findElement {using=tag name, value=body}]
May 09, 2019 1:13:28 PM org.openqa.selenium.remote.RemoteWebDriver log
WARNING: Executing: getElementText [417c8bf3a449dc7e97021febd21b134c, getElementText {id=0.7432501381974899-2}]
May 09, 2019 1:13:28 PM org.openqa.selenium.remote.RemoteWebDriver log
WARNING: Executed: [417c8bf3a449dc7e97021febd21b134c, getElementText {id=0.7432501381974899-2}]
May 09, 2019 1:13:29 PM org.openqa.selenium.remote.RemoteWebDriver log
WARNING: Executing: findElement [417c8bf3a449dc7e97021febd21b134c, findElement {using=tag name, value=body}]
May 09, 2019 1:13:29 PM org.openqa.selenium.remote.RemoteWebDriver log
WARNING: Executed: [417c8bf3a449dc7e97021febd21b134c, findElement {using=tag name, value=body}]
May 09, 2019 1:13:29 PM org.openqa.selenium.remote.RemoteWebDriver log
WARNING: Executing: getElementText [417c8bf3a449dc7e97021febd21b134c, getElementText {id=0.7432501381974899-2}]
May 09, 2019 1:13:29 PM org.openqa.selenium.remote.RemoteWebDriver log
WARNING: Executed: [417c8bf3a449dc7e97021febd21b134c, getElementText {id=0.7432501381974899-2}]
May 09, 2019 1:13:29 PM org.openqa.selenium.remote.RemoteWebDriver log
WARNING: Executing: findElements [417c8bf3a449dc7e97021febd21b134c, findElements {using=css selector, value=div[data-testcase-triage-category='FAIL'] li.kanbanColumnElementTitle}]
May 09, 2019 1:13:31 PM org.openqa.selenium.remote.RemoteWebDriver log
WARNING: Executed: [417c8bf3a449dc7e97021febd21b134c, findElements {using=css selector, value=div[data-testcase-triage-category='FAIL'] li.kanbanColumnElementTitle}]
May 09, 2019 1:13:33 PM org.openqa.selenium.remote.RemoteWebDriver log
WARNING: Executing: findElements [417c8bf3a449dc7e97021febd21b134c, findElements {using=css selector, value=div[data-testcase-triage-category='FAIL'] li.kanbanColumnElementTitle}]
May 09, 2019 1:13:35 PM org.openqa.selenium.remote.RemoteWebDriver log
WARNING: Executed: [417c8bf3a449dc7e97021febd21b134c, findElements {using=css selector, value=div[data-testcase-triage-category='FAIL'] li.kanbanColumnElementTitle}]
May 09, 2019 1:13:36 PM org.openqa.selenium.remote.RemoteWebDriver log
WARNING: Executing: findElements [417c8bf3a449dc7e97021febd21b134c, findElements {using=css selector, value=div[data-testcase-triage-category='FAIL'] li.kanbanColumnElementTitle}]
May 09, 2019 1:13:38 PM org.openqa.selenium.remote.RemoteWebDriver log
WARNING: Executed: [417c8bf3a449dc7e97021febd21b134c, findElements {using=css selector, value=div[data-testcase-triage-category='FAIL'] li.kanbanColumnElementTitle}]
May 09, 2019 1:13:40 PM org.openqa.selenium.remote.RemoteWebDriver log
WARNING: Executing: findElements [417c8bf3a449dc7e97021febd21b134c, findElements {using=css selector, value=div[data-testcase-triage-category='FAIL'] li.kanbanColumnElementTitle}]
May 09, 2019 1:13:42 PM org.openqa.selenium.remote.RemoteWebDriver log
WARNING: Executed: [417c8bf3a449dc7e97021febd21b134c, findElements {using=css selector, value=div[data-testcase-triage-category='FAIL'] li.kanbanColumnElementTitle}]
May 09, 2019 1:13:43 PM org.openqa.selenium.remote.RemoteWebDriver log
WARNING: Executing: findElements [417c8bf3a449dc7e97021febd21b134c, findElements {using=css selector, value=div[data-testcase-triage-category='FAIL'] li.kanbanColumnElementTitle}]
May 09, 2019 1:13:45 PM org.openqa.selenium.remote.RemoteWebDriver log
WARNING: Executed: [417c8bf3a449dc7e97021febd21b134c, findElements {using=css selector, value=div[data-testcase-triage-category='FAIL'] li.kanbanColumnElementTitle}]
May 09, 2019 1:13:47 PM org.openqa.selenium.remote.RemoteWebDriver log
WARNING: Executing: findElements [417c8bf3a449dc7e97021febd21b134c, findElements {using=css selector, value=div[data-testcase-triage-category='FAIL'] li.kanbanColumnElementTitle}]
May 09, 2019 1:13:49 PM org.openqa.selenium.remote.RemoteWebDriver log
WARNING: Executed: [417c8bf3a449dc7e97021febd21b134c, findElements {using=css selector, value=div[data-testcase-triage-category='FAIL'] li.kanbanColumnElementTitle}]
]]></system-err>
  </testcase>
  <testcase name="testProductBugSave" classname="com.clarolab.TriageTest" time="38.035">
    <failure message="Timed out after 20 seconds: Failure in findElementContainingTextWithWait: never found text 'Delete User test' in element with locator 'By.cssSelector: div[data-testcase-triage-category='FAIL'] li.kanbanColumnElementTitle' with timeout of 20 seconds
Build info: version: '2.45.0', revision: '5017cb8e7ca8e37638dc3091b2440b90a1d8686f', time: '2015-02-27 09:10:26'
System info: host: '6888e31d0e98', ip: '172.17.0.9', os.name: 'Linux', os.arch: 'amd64', os.version: '4.15.0-29-generic', java.version: '1.8.0_212'
Driver info: org.openqa.selenium.remote.RemoteWebDriver
Capabilities [{mobileEmulationEnabled=false, timeouts={implicit=0, pageLoad=300000, script=30000}, hasTouchScreen=false, platform=LINUX, acceptSslCerts=false, goog:chromeOptions={debuggerAddress=localhost:46789}, acceptInsecureCerts=false, webStorageEnabled=true, browserName=chrome, takesScreenshot=true, javascriptEnabled=true, setWindowRect=true, unexpectedAlertBehaviour=ignore, applicationCacheEnabled=false, rotatable=false, networkConnectionEnabled=false, chrome={chromedriverVersion=73.0.3683.68 (47787ec04b6e38e22703e856e101e840b65afe72), userDataDir=/tmp/.com.google.Chrome.G5R5Em}, takesHeapSnapshot=true, pageLoadStrategy=normal, strictFileInteractability=false, databaseEnabled=false, handlesAlerts=true, version=73.0.3683.86, browserConnectionEnabled=false, proxy={}, nativeEvents=true, webdriver.remote.sessionid=50eb4b01e7a7c147f1b0907155cb26fe, locationContextEnabled=true, cssSelectorsEnabled=true}]
Session ID: 50eb4b01e7a7c147f1b0907155cb26fe" type="org.openqa.selenium.TimeoutException">org.openqa.selenium.TimeoutException: 
Timed out after 20 seconds: Failure in findElementContainingTextWithWait: never found text 'Delete User test' in element with locator 'By.cssSelector: div[data-testcase-triage-category='FAIL'] li.kanbanColumnElementTitle' with timeout of 20 seconds
Build info: version: '2.45.0', revision: '5017cb8e7ca8e37638dc3091b2440b90a1d8686f', time: '2015-02-27 09:10:26'
System info: host: '6888e31d0e98', ip: '172.17.0.9', os.name: 'Linux', os.arch: 'amd64', os.version: '4.15.0-29-generic', java.version: '1.8.0_212'
Driver info: org.openqa.selenium.remote.RemoteWebDriver
Capabilities [{mobileEmulationEnabled=false, timeouts={implicit=0, pageLoad=300000, script=30000}, hasTouchScreen=false, platform=LINUX, acceptSslCerts=false, goog:chromeOptions={debuggerAddress=localhost:46789}, acceptInsecureCerts=false, webStorageEnabled=true, browserName=chrome, takesScreenshot=true, javascriptEnabled=true, setWindowRect=true, unexpectedAlertBehaviour=ignore, applicationCacheEnabled=false, rotatable=false, networkConnectionEnabled=false, chrome={chromedriverVersion=73.0.3683.68 (47787ec04b6e38e22703e856e101e840b65afe72), userDataDir=/tmp/.com.google.Chrome.G5R5Em}, takesHeapSnapshot=true, pageLoadStrategy=normal, strictFileInteractability=false, databaseEnabled=false, handlesAlerts=true, version=73.0.3683.86, browserConnectionEnabled=false, proxy={}, nativeEvents=true, webdriver.remote.sessionid=50eb4b01e7a7c147f1b0907155cb26fe, locationContextEnabled=true, cssSelectorsEnabled=true}]
Session ID: 50eb4b01e7a7c147f1b0907155cb26fe
	at com.clarolab.TriageTest.testProductBugSave(TriageTest.java:57)
</failure>
    <system-err><![CDATA[May 09, 2019 1:13:50 PM org.openqa.selenium.remote.RemoteWebDriver log
WARNING: Executing: screenshot [417c8bf3a449dc7e97021febd21b134c, screenshot {}]
May 09, 2019 1:13:50 PM org.openqa.selenium.remote.RemoteWebDriver log
WARNING: Executed: [417c8bf3a449dc7e97021febd21b134c, screenshot {}]
May 09, 2019 1:13:50 PM org.openqa.selenium.remote.RemoteWebDriver log
WARNING: Executing: getCurrentUrl [417c8bf3a449dc7e97021febd21b134c, getCurrentUrl {}]
May 09, 2019 1:13:50 PM org.openqa.selenium.remote.RemoteWebDriver log
WARNING: Executed: [417c8bf3a449dc7e97021febd21b134c, getCurrentUrl {}]
May 09, 2019 1:13:50 PM com.clarolab.BaseTest takeScreenShot
INFO: Screenshot of http://tdev.clarolab.com/Test/6004/Triage taken: screenshot57323.png
May 09, 2019 1:13:50 PM org.openqa.selenium.remote.RemoteWebDriver log
WARNING: Executing: deleteAllCookies [417c8bf3a449dc7e97021febd21b134c, deleteAllCookies {}]
May 09, 2019 1:13:50 PM org.openqa.selenium.remote.RemoteWebDriver log
WARNING: Executed: [417c8bf3a449dc7e97021febd21b134c, deleteAllCookies {}]
May 09, 2019 1:13:50 PM org.openqa.selenium.remote.RemoteWebDriver log
WARNING: Executing: quit [417c8bf3a449dc7e97021febd21b134c, quit {}]
May 09, 2019 1:13:50 PM org.openqa.selenium.remote.RemoteWebDriver log
WARNING: Executed: [417c8bf3a449dc7e97021febd21b134c, quit {}]
May 09, 2019 1:13:50 PM org.openqa.selenium.remote.RemoteWebDriver log
WARNING: Executing: quit [null, quit {}]
May 09, 2019 1:13:50 PM org.openqa.selenium.remote.RemoteWebDriver log
WARNING: Executed: [null, quit {}]
May 09, 2019 1:13:51 PM org.openqa.selenium.remote.RemoteWebDriver log
WARNING: Executing: setTimeout [50eb4b01e7a7c147f1b0907155cb26fe, setTimeout {type=page load, ms=80000}]
May 09, 2019 1:13:51 PM org.openqa.selenium.remote.RemoteWebDriver log
WARNING: Executed: [50eb4b01e7a7c147f1b0907155cb26fe, setTimeout {type=page load, ms=80000}]
May 09, 2019 1:13:51 PM org.openqa.selenium.remote.RemoteWebDriver log
WARNING: Executing: implicitlyWait [50eb4b01e7a7c147f1b0907155cb26fe, implicitlyWait {ms=2000}]
May 09, 2019 1:13:51 PM org.openqa.selenium.remote.RemoteWebDriver log
WARNING: Executed: [50eb4b01e7a7c147f1b0907155cb26fe, implicitlyWait {ms=2000}]
May 09, 2019 1:13:51 PM org.openqa.selenium.remote.RemoteWebDriver log
WARNING: Executing: get [50eb4b01e7a7c147f1b0907155cb26fe, get {url=http://tdev.clarolab.com/}]
May 09, 2019 1:13:52 PM org.openqa.selenium.remote.RemoteWebDriver log
WARNING: Executed: [50eb4b01e7a7c147f1b0907155cb26fe, get {url=http://tdev.clarolab.com/}]
May 09, 2019 1:13:52 PM org.openqa.selenium.remote.RemoteWebDriver log
WARNING: Executing: getCurrentUrl [50eb4b01e7a7c147f1b0907155cb26fe, getCurrentUrl {}]
May 09, 2019 1:13:52 PM org.openqa.selenium.remote.RemoteWebDriver log
WARNING: Executed: [50eb4b01e7a7c147f1b0907155cb26fe, getCurrentUrl {}]
May 09, 2019 1:13:52 PM org.openqa.selenium.remote.RemoteWebDriver log
WARNING: Executing: getCurrentUrl [50eb4b01e7a7c147f1b0907155cb26fe, getCurrentUrl {}]
May 09, 2019 1:13:52 PM org.openqa.selenium.remote.RemoteWebDriver log
WARNING: Executed: [50eb4b01e7a7c147f1b0907155cb26fe, getCurrentUrl {}]
May 09, 2019 1:13:52 PM org.openqa.selenium.remote.RemoteWebDriver log
WARNING: Executing: findElement [50eb4b01e7a7c147f1b0907155cb26fe, findElement {using=id, value=loginForm}]
May 09, 2019 1:13:52 PM org.openqa.selenium.remote.RemoteWebDriver log
WARNING: Executed: [50eb4b01e7a7c147f1b0907155cb26fe, findElement {using=id, value=loginForm}]
May 09, 2019 1:13:52 PM org.openqa.selenium.remote.RemoteWebDriver log
WARNING: Executing: findElement [50eb4b01e7a7c147f1b0907155cb26fe, findElement {using=tag name, value=body}]
May 09, 2019 1:13:52 PM org.openqa.selenium.remote.RemoteWebDriver log
WARNING: Executed: [50eb4b01e7a7c147f1b0907155cb26fe, findElement {using=tag name, value=body}]
May 09, 2019 1:13:52 PM org.openqa.selenium.remote.RemoteWebDriver log
WARNING: Executing: getElementText [50eb4b01e7a7c147f1b0907155cb26fe, getElementText {id=0.6989334507937821-2}]
May 09, 2019 1:13:52 PM org.openqa.selenium.remote.RemoteWebDriver log
WARNING: Executed: [50eb4b01e7a7c147f1b0907155cb26fe, getElementText {id=0.6989334507937821-2}]
May 09, 2019 1:13:53 PM org.openqa.selenium.remote.RemoteWebDriver log
WARNING: Executing: findElement [50eb4b01e7a7c147f1b0907155cb26fe, findElement {using=tag name, value=body}]
May 09, 2019 1:13:53 PM org.openqa.selenium.remote.RemoteWebDriver log
WARNING: Executed: [50eb4b01e7a7c147f1b0907155cb26fe, findElement {using=tag name, value=body}]
May 09, 2019 1:13:53 PM org.openqa.selenium.remote.RemoteWebDriver log
WARNING: Executing: getElementText [50eb4b01e7a7c147f1b0907155cb26fe, getElementText {id=0.6989334507937821-2}]
May 09, 2019 1:13:53 PM org.openqa.selenium.remote.RemoteWebDriver log
WARNING: Executed: [50eb4b01e7a7c147f1b0907155cb26fe, getElementText {id=0.6989334507937821-2}]
May 09, 2019 1:13:53 PM org.openqa.selenium.remote.RemoteWebDriver log
WARNING: Executing: findElement [50eb4b01e7a7c147f1b0907155cb26fe, findElement {using=tag name, value=body}]
May 09, 2019 1:13:53 PM org.openqa.selenium.remote.RemoteWebDriver log
WARNING: Executed: [50eb4b01e7a7c147f1b0907155cb26fe, findElement {using=tag name, value=body}]
May 09, 2019 1:13:53 PM org.openqa.selenium.remote.RemoteWebDriver log
WARNING: Executing: getElementText [50eb4b01e7a7c147f1b0907155cb26fe, getElementText {id=0.6989334507937821-2}]
May 09, 2019 1:13:53 PM org.openqa.selenium.remote.RemoteWebDriver log
WARNING: Executed: [50eb4b01e7a7c147f1b0907155cb26fe, getElementText {id=0.6989334507937821-2}]
May 09, 2019 1:13:53 PM org.openqa.selenium.remote.RemoteWebDriver log
WARNING: Executing: findElement [50eb4b01e7a7c147f1b0907155cb26fe, findElement {using=id, value=internalLoginSubmit}]
May 09, 2019 1:13:53 PM org.openqa.selenium.remote.RemoteWebDriver log
WARNING: Executed: [50eb4b01e7a7c147f1b0907155cb26fe, findElement {using=id, value=internalLoginSubmit}]
May 09, 2019 1:13:53 PM org.openqa.selenium.remote.RemoteWebDriver log
WARNING: Executing: isElementDisplayed [50eb4b01e7a7c147f1b0907155cb26fe, isElementDisplayed {id=0.6989334507937821-3}]
May 09, 2019 1:13:53 PM org.openqa.selenium.remote.RemoteWebDriver log
WARNING: Executed: [50eb4b01e7a7c147f1b0907155cb26fe, isElementDisplayed {id=0.6989334507937821-3}]
May 09, 2019 1:13:53 PM org.openqa.selenium.remote.RemoteWebDriver log
WARNING: Executing: isElementEnabled [50eb4b01e7a7c147f1b0907155cb26fe, isElementEnabled {id=0.6989334507937821-3}]
May 09, 2019 1:13:53 PM org.openqa.selenium.remote.RemoteWebDriver log
WARNING: Executed: [50eb4b01e7a7c147f1b0907155cb26fe, isElementEnabled {id=0.6989334507937821-3}]
May 09, 2019 1:13:53 PM org.openqa.selenium.remote.RemoteWebDriver log
WARNING: Executing: findElement [50eb4b01e7a7c147f1b0907155cb26fe, findElement {using=id, value=email}]
May 09, 2019 1:13:53 PM org.openqa.selenium.remote.RemoteWebDriver log
WARNING: Executed: [50eb4b01e7a7c147f1b0907155cb26fe, findElement {using=id, value=email}]
May 09, 2019 1:13:53 PM org.openqa.selenium.remote.RemoteWebDriver log
WARNING: Executing: getElementTagName [50eb4b01e7a7c147f1b0907155cb26fe, getElementTagName {id=0.6989334507937821-4}]
May 09, 2019 1:13:53 PM org.openqa.selenium.remote.RemoteWebDriver log
WARNING: Executed: [50eb4b01e7a7c147f1b0907155cb26fe, getElementTagName {id=0.6989334507937821-4}]
May 09, 2019 1:13:53 PM org.openqa.selenium.remote.RemoteWebDriver log
WARNING: Executing: sendKeysToElement [50eb4b01e7a7c147f1b0907155cb26fe, sendKeysToElement {id=0.6989334507937821-4, value=[Ljava.lang.CharSequence;@2826f61}]
May 09, 2019 1:13:53 PM org.openqa.selenium.remote.RemoteWebDriver log
WARNING: Executed: [50eb4b01e7a7c147f1b0907155cb26fe, sendKeysToElement {id=0.6989334507937821-4, value=[Ljava.lang.CharSequence;@2826f61}]
May 09, 2019 1:13:53 PM org.openqa.selenium.remote.RemoteWebDriver log
WARNING: Executing: sendKeysToElement [50eb4b01e7a7c147f1b0907155cb26fe, sendKeysToElement {id=0.6989334507937821-4, value=[Ljava.lang.CharSequence;@62727399}]
May 09, 2019 1:13:53 PM org.openqa.selenium.remote.RemoteWebDriver log
WARNING: Executed: [50eb4b01e7a7c147f1b0907155cb26fe, sendKeysToElement {id=0.6989334507937821-4, value=[Ljava.lang.CharSequence;@62727399}]
May 09, 2019 1:13:53 PM org.openqa.selenium.remote.RemoteWebDriver log
WARNING: Executing: sendKeysToElement [50eb4b01e7a7c147f1b0907155cb26fe, sendKeysToElement {id=0.6989334507937821-4, value=[Ljava.lang.CharSequence;@4d9ac0b4}]
May 09, 2019 1:13:53 PM org.openqa.selenium.remote.RemoteWebDriver log
WARNING: Executed: [50eb4b01e7a7c147f1b0907155cb26fe, sendKeysToElement {id=0.6989334507937821-4, value=[Ljava.lang.CharSequence;@4d9ac0b4}]
May 09, 2019 1:13:54 PM org.openqa.selenium.remote.RemoteWebDriver log
WARNING: Executing: sendKeysToElement [50eb4b01e7a7c147f1b0907155cb26fe, sendKeysToElement {id=0.6989334507937821-4, value=[Ljava.lang.CharSequence;@130dca52}]
May 09, 2019 1:13:54 PM org.openqa.selenium.remote.RemoteWebDriver log
WARNING: Executed: [50eb4b01e7a7c147f1b0907155cb26fe, sendKeysToElement {id=0.6989334507937821-4, value=[Ljava.lang.CharSequence;@130dca52}]
May 09, 2019 1:13:54 PM org.openqa.selenium.remote.RemoteWebDriver log
WARNING: Executing: sendKeysToElement [50eb4b01e7a7c147f1b0907155cb26fe, sendKeysToElement {id=0.6989334507937821-4, value=[Ljava.lang.CharSequence;@2654635}]
May 09, 2019 1:13:54 PM org.openqa.selenium.remote.RemoteWebDriver log
WARNING: Executed: [50eb4b01e7a7c147f1b0907155cb26fe, sendKeysToElement {id=0.6989334507937821-4, value=[Ljava.lang.CharSequence;@2654635}]
May 09, 2019 1:13:54 PM org.openqa.selenium.remote.RemoteWebDriver log
WARNING: Executing: sendKeysToElement [50eb4b01e7a7c147f1b0907155cb26fe, sendKeysToElement {id=0.6989334507937821-4, value=[Ljava.lang.CharSequence;@737a135b}]
May 09, 2019 1:13:54 PM org.openqa.selenium.remote.RemoteWebDriver log
WARNING: Executed: [50eb4b01e7a7c147f1b0907155cb26fe, sendKeysToElement {id=0.6989334507937821-4, value=[Ljava.lang.CharSequence;@737a135b}]
May 09, 2019 1:13:54 PM org.openqa.selenium.remote.RemoteWebDriver log
WARNING: Executing: sendKeysToElement [50eb4b01e7a7c147f1b0907155cb26fe, sendKeysToElement {id=0.6989334507937821-4, value=[Ljava.lang.CharSequence;@687ef2e0}]
May 09, 2019 1:13:54 PM org.openqa.selenium.remote.RemoteWebDriver log
WARNING: Executed: [50eb4b01e7a7c147f1b0907155cb26fe, sendKeysToElement {id=0.6989334507937821-4, value=[Ljava.lang.CharSequence;@687ef2e0}]
May 09, 2019 1:13:54 PM org.openqa.selenium.remote.RemoteWebDriver log
WARNING: Executing: sendKeysToElement [50eb4b01e7a7c147f1b0907155cb26fe, sendKeysToElement {id=0.6989334507937821-4, value=[Ljava.lang.CharSequence;@15dcfae7}]
May 09, 2019 1:13:54 PM org.openqa.selenium.remote.RemoteWebDriver log
WARNING: Executed: [50eb4b01e7a7c147f1b0907155cb26fe, sendKeysToElement {id=0.6989334507937821-4, value=[Ljava.lang.CharSequence;@15dcfae7}]
May 09, 2019 1:13:54 PM org.openqa.selenium.remote.RemoteWebDriver log
WARNING: Executing: sendKeysToElement [50eb4b01e7a7c147f1b0907155cb26fe, sendKeysToElement {id=0.6989334507937821-4, value=[Ljava.lang.CharSequence;@3da05287}]
May 09, 2019 1:13:54 PM org.openqa.selenium.remote.RemoteWebDriver log
WARNING: Executed: [50eb4b01e7a7c147f1b0907155cb26fe, sendKeysToElement {id=0.6989334507937821-4, value=[Ljava.lang.CharSequence;@3da05287}]
May 09, 2019 1:13:54 PM org.openqa.selenium.remote.RemoteWebDriver log
WARNING: Executing: sendKeysToElement [50eb4b01e7a7c147f1b0907155cb26fe, sendKeysToElement {id=0.6989334507937821-4, value=[Ljava.lang.CharSequence;@1e636ea3}]
May 09, 2019 1:13:54 PM org.openqa.selenium.remote.RemoteWebDriver log
WARNING: Executed: [50eb4b01e7a7c147f1b0907155cb26fe, sendKeysToElement {id=0.6989334507937821-4, value=[Ljava.lang.CharSequence;@1e636ea3}]
May 09, 2019 1:13:54 PM org.openqa.selenium.remote.RemoteWebDriver log
WARNING: Executing: sendKeysToElement [50eb4b01e7a7c147f1b0907155cb26fe, sendKeysToElement {id=0.6989334507937821-4, value=[Ljava.lang.CharSequence;@115667d}]
May 09, 2019 1:13:54 PM org.openqa.selenium.remote.RemoteWebDriver log
WARNING: Executed: [50eb4b01e7a7c147f1b0907155cb26fe, sendKeysToElement {id=0.6989334507937821-4, value=[Ljava.lang.CharSequence;@115667d}]
May 09, 2019 1:13:54 PM org.openqa.selenium.remote.RemoteWebDriver log
WARNING: Executing: sendKeysToElement [50eb4b01e7a7c147f1b0907155cb26fe, sendKeysToElement {id=0.6989334507937821-4, value=[Ljava.lang.CharSequence;@736caf7a}]
May 09, 2019 1:13:54 PM org.openqa.selenium.remote.RemoteWebDriver log
WARNING: Executed: [50eb4b01e7a7c147f1b0907155cb26fe, sendKeysToElement {id=0.6989334507937821-4, value=[Ljava.lang.CharSequence;@736caf7a}]
May 09, 2019 1:13:54 PM org.openqa.selenium.remote.RemoteWebDriver log
WARNING: Executing: sendKeysToElement [50eb4b01e7a7c147f1b0907155cb26fe, sendKeysToElement {id=0.6989334507937821-4, value=[Ljava.lang.CharSequence;@4ce7fffa}]
May 09, 2019 1:13:55 PM org.openqa.selenium.remote.RemoteWebDriver log
WARNING: Executed: [50eb4b01e7a7c147f1b0907155cb26fe, sendKeysToElement {id=0.6989334507937821-4, value=[Ljava.lang.CharSequence;@4ce7fffa}]
May 09, 2019 1:13:55 PM org.openqa.selenium.remote.RemoteWebDriver log
WARNING: Executing: sendKeysToElement [50eb4b01e7a7c147f1b0907155cb26fe, sendKeysToElement {id=0.6989334507937821-4, value=[Ljava.lang.CharSequence;@497486b3}]
May 09, 2019 1:13:55 PM org.openqa.selenium.remote.RemoteWebDriver log
WARNING: Executed: [50eb4b01e7a7c147f1b0907155cb26fe, sendKeysToElement {id=0.6989334507937821-4, value=[Ljava.lang.CharSequence;@497486b3}]
May 09, 2019 1:13:55 PM org.openqa.selenium.remote.RemoteWebDriver log
WARNING: Executing: sendKeysToElement [50eb4b01e7a7c147f1b0907155cb26fe, sendKeysToElement {id=0.6989334507937821-4, value=[Ljava.lang.CharSequence;@63f8276e}]
May 09, 2019 1:13:55 PM org.openqa.selenium.remote.RemoteWebDriver log
WARNING: Executed: [50eb4b01e7a7c147f1b0907155cb26fe, sendKeysToElement {id=0.6989334507937821-4, value=[Ljava.lang.CharSequence;@63f8276e}]
May 09, 2019 1:13:55 PM org.openqa.selenium.remote.RemoteWebDriver log
WARNING: Executing: sendKeysToElement [50eb4b01e7a7c147f1b0907155cb26fe, sendKeysToElement {id=0.6989334507937821-4, value=[Ljava.lang.CharSequence;@75f95314}]
May 09, 2019 1:13:55 PM org.openqa.selenium.remote.RemoteWebDriver log
WARNING: Executed: [50eb4b01e7a7c147f1b0907155cb26fe, sendKeysToElement {id=0.6989334507937821-4, value=[Ljava.lang.CharSequence;@75f95314}]
May 09, 2019 1:13:55 PM org.openqa.selenium.remote.RemoteWebDriver log
WARNING: Executing: sendKeysToElement [50eb4b01e7a7c147f1b0907155cb26fe, sendKeysToElement {id=0.6989334507937821-4, value=[Ljava.lang.CharSequence;@6127a7e}]
May 09, 2019 1:13:55 PM org.openqa.selenium.remote.RemoteWebDriver log
WARNING: Executed: [50eb4b01e7a7c147f1b0907155cb26fe, sendKeysToElement {id=0.6989334507937821-4, value=[Ljava.lang.CharSequence;@6127a7e}]
May 09, 2019 1:13:55 PM org.openqa.selenium.remote.RemoteWebDriver log
WARNING: Executing: findElement [50eb4b01e7a7c147f1b0907155cb26fe, findElement {using=id, value=password}]
May 09, 2019 1:13:55 PM org.openqa.selenium.remote.RemoteWebDriver log
WARNING: Executed: [50eb4b01e7a7c147f1b0907155cb26fe, findElement {using=id, value=password}]
May 09, 2019 1:13:55 PM org.openqa.selenium.remote.RemoteWebDriver log
WARNING: Executing: getElementTagName [50eb4b01e7a7c147f1b0907155cb26fe, getElementTagName {id=0.6989334507937821-5}]
May 09, 2019 1:13:55 PM org.openqa.selenium.remote.RemoteWebDriver log
WARNING: Executed: [50eb4b01e7a7c147f1b0907155cb26fe, getElementTagName {id=0.6989334507937821-5}]
May 09, 2019 1:13:55 PM org.openqa.selenium.remote.RemoteWebDriver log
WARNING: Executing: sendKeysToElement [50eb4b01e7a7c147f1b0907155cb26fe, sendKeysToElement {id=0.6989334507937821-5, value=[Ljava.lang.CharSequence;@6bbe2511}]
May 09, 2019 1:13:55 PM org.openqa.selenium.remote.RemoteWebDriver log
WARNING: Executed: [50eb4b01e7a7c147f1b0907155cb26fe, sendKeysToElement {id=0.6989334507937821-5, value=[Ljava.lang.CharSequence;@6bbe2511}]
May 09, 2019 1:13:55 PM org.openqa.selenium.remote.RemoteWebDriver log
WARNING: Executing: sendKeysToElement [50eb4b01e7a7c147f1b0907155cb26fe, sendKeysToElement {id=0.6989334507937821-5, value=[Ljava.lang.CharSequence;@495fac5f}]
May 09, 2019 1:13:55 PM org.openqa.selenium.remote.RemoteWebDriver log
WARNING: Executed: [50eb4b01e7a7c147f1b0907155cb26fe, sendKeysToElement {id=0.6989334507937821-5, value=[Ljava.lang.CharSequence;@495fac5f}]
May 09, 2019 1:13:55 PM org.openqa.selenium.remote.RemoteWebDriver log
WARNING: Executing: sendKeysToElement [50eb4b01e7a7c147f1b0907155cb26fe, sendKeysToElement {id=0.6989334507937821-5, value=[Ljava.lang.CharSequence;@76012793}]
May 09, 2019 1:13:55 PM org.openqa.selenium.remote.RemoteWebDriver log
WARNING: Executed: [50eb4b01e7a7c147f1b0907155cb26fe, sendKeysToElement {id=0.6989334507937821-5, value=[Ljava.lang.CharSequence;@76012793}]
May 09, 2019 1:13:55 PM org.openqa.selenium.remote.RemoteWebDriver log
WARNING: Executing: sendKeysToElement [50eb4b01e7a7c147f1b0907155cb26fe, sendKeysToElement {id=0.6989334507937821-5, value=[Ljava.lang.CharSequence;@635572a7}]
May 09, 2019 1:13:55 PM org.openqa.selenium.remote.RemoteWebDriver log
WARNING: Executed: [50eb4b01e7a7c147f1b0907155cb26fe, sendKeysToElement {id=0.6989334507937821-5, value=[Ljava.lang.CharSequence;@635572a7}]
May 09, 2019 1:13:55 PM org.openqa.selenium.remote.RemoteWebDriver log
WARNING: Executing: sendKeysToElement [50eb4b01e7a7c147f1b0907155cb26fe, sendKeysToElement {id=0.6989334507937821-5, value=[Ljava.lang.CharSequence;@79d94571}]
May 09, 2019 1:13:55 PM org.openqa.selenium.remote.RemoteWebDriver log
WARNING: Executed: [50eb4b01e7a7c147f1b0907155cb26fe, sendKeysToElement {id=0.6989334507937821-5, value=[Ljava.lang.CharSequence;@79d94571}]
May 09, 2019 1:13:55 PM org.openqa.selenium.remote.RemoteWebDriver log
WARNING: Executing: sendKeysToElement [50eb4b01e7a7c147f1b0907155cb26fe, sendKeysToElement {id=0.6989334507937821-5, value=[Ljava.lang.CharSequence;@4dd02341}]
May 09, 2019 1:13:55 PM org.openqa.selenium.remote.RemoteWebDriver log
WARNING: Executed: [50eb4b01e7a7c147f1b0907155cb26fe, sendKeysToElement {id=0.6989334507937821-5, value=[Ljava.lang.CharSequence;@4dd02341}]
May 09, 2019 1:13:56 PM org.openqa.selenium.remote.RemoteWebDriver log
WARNING: Executing: findElement [50eb4b01e7a7c147f1b0907155cb26fe, findElement {using=tag name, value=body}]
May 09, 2019 1:13:56 PM org.openqa.selenium.remote.RemoteWebDriver log
WARNING: Executed: [50eb4b01e7a7c147f1b0907155cb26fe, findElement {using=tag name, value=body}]
May 09, 2019 1:13:56 PM org.openqa.selenium.remote.RemoteWebDriver log
WARNING: Executing: getElementText [50eb4b01e7a7c147f1b0907155cb26fe, getElementText {id=0.6989334507937821-2}]
May 09, 2019 1:13:56 PM org.openqa.selenium.remote.RemoteWebDriver log
WARNING: Executed: [50eb4b01e7a7c147f1b0907155cb26fe, getElementText {id=0.6989334507937821-2}]
May 09, 2019 1:13:56 PM org.openqa.selenium.remote.RemoteWebDriver log
WARNING: Executing: findElement [50eb4b01e7a7c147f1b0907155cb26fe, findElement {using=tag name, value=body}]
May 09, 2019 1:13:56 PM org.openqa.selenium.remote.RemoteWebDriver log
WARNING: Executed: [50eb4b01e7a7c147f1b0907155cb26fe, findElement {using=tag name, value=body}]
May 09, 2019 1:13:56 PM org.openqa.selenium.remote.RemoteWebDriver log
WARNING: Executing: getElementText [50eb4b01e7a7c147f1b0907155cb26fe, getElementText {id=0.6989334507937821-2}]
May 09, 2019 1:13:56 PM org.openqa.selenium.remote.RemoteWebDriver log
WARNING: Executed: [50eb4b01e7a7c147f1b0907155cb26fe, getElementText {id=0.6989334507937821-2}]
May 09, 2019 1:13:57 PM org.openqa.selenium.remote.RemoteWebDriver log
WARNING: Executing: findElement [50eb4b01e7a7c147f1b0907155cb26fe, findElement {using=tag name, value=body}]
May 09, 2019 1:13:57 PM org.openqa.selenium.remote.RemoteWebDriver log
WARNING: Executed: [50eb4b01e7a7c147f1b0907155cb26fe, findElement {using=tag name, value=body}]
May 09, 2019 1:13:57 PM org.openqa.selenium.remote.RemoteWebDriver log
WARNING: Executing: getElementText [50eb4b01e7a7c147f1b0907155cb26fe, getElementText {id=0.6989334507937821-2}]
May 09, 2019 1:13:57 PM org.openqa.selenium.remote.RemoteWebDriver log
WARNING: Executed: [50eb4b01e7a7c147f1b0907155cb26fe, getElementText {id=0.6989334507937821-2}]
May 09, 2019 1:13:57 PM org.openqa.selenium.remote.RemoteWebDriver log
WARNING: Executing: findElement [50eb4b01e7a7c147f1b0907155cb26fe, findElement {using=id, value=internalLoginSubmit}]
May 09, 2019 1:13:57 PM org.openqa.selenium.remote.RemoteWebDriver log
WARNING: Executed: [50eb4b01e7a7c147f1b0907155cb26fe, findElement {using=id, value=internalLoginSubmit}]
May 09, 2019 1:13:57 PM org.openqa.selenium.remote.RemoteWebDriver log
WARNING: Executing: isElementDisplayed [50eb4b01e7a7c147f1b0907155cb26fe, isElementDisplayed {id=0.6989334507937821-3}]
May 09, 2019 1:13:57 PM org.openqa.selenium.remote.RemoteWebDriver log
WARNING: Executed: [50eb4b01e7a7c147f1b0907155cb26fe, isElementDisplayed {id=0.6989334507937821-3}]
May 09, 2019 1:13:57 PM org.openqa.selenium.remote.RemoteWebDriver log
WARNING: Executing: isElementEnabled [50eb4b01e7a7c147f1b0907155cb26fe, isElementEnabled {id=0.6989334507937821-3}]
May 09, 2019 1:13:57 PM org.openqa.selenium.remote.RemoteWebDriver log
WARNING: Executed: [50eb4b01e7a7c147f1b0907155cb26fe, isElementEnabled {id=0.6989334507937821-3}]
May 09, 2019 1:13:57 PM org.openqa.selenium.remote.RemoteWebDriver log
WARNING: Executing: clickElement [50eb4b01e7a7c147f1b0907155cb26fe, clickElement {id=0.6989334507937821-3}]
May 09, 2019 1:13:57 PM org.openqa.selenium.remote.RemoteWebDriver log
WARNING: Executed: [50eb4b01e7a7c147f1b0907155cb26fe, clickElement {id=0.6989334507937821-3}]
May 09, 2019 1:13:57 PM org.openqa.selenium.remote.RemoteWebDriver log
WARNING: Executing: getCurrentUrl [50eb4b01e7a7c147f1b0907155cb26fe, getCurrentUrl {}]
May 09, 2019 1:13:57 PM org.openqa.selenium.remote.RemoteWebDriver log
WARNING: Executed: [50eb4b01e7a7c147f1b0907155cb26fe, getCurrentUrl {}]
May 09, 2019 1:13:57 PM org.openqa.selenium.remote.RemoteWebDriver log
WARNING: Executing: findElement [50eb4b01e7a7c147f1b0907155cb26fe, findElement {using=class name, value=homeRoot}]
May 09, 2019 1:13:57 PM org.openqa.selenium.remote.RemoteWebDriver log
WARNING: Executed: [50eb4b01e7a7c147f1b0907155cb26fe, findElement {using=class name, value=homeRoot}]
May 09, 2019 1:13:57 PM org.openqa.selenium.remote.RemoteWebDriver log
WARNING: Executing: findElement [50eb4b01e7a7c147f1b0907155cb26fe, findElement {using=tag name, value=body}]
May 09, 2019 1:13:57 PM org.openqa.selenium.remote.RemoteWebDriver log
WARNING: Executed: [50eb4b01e7a7c147f1b0907155cb26fe, findElement {using=tag name, value=body}]
May 09, 2019 1:13:57 PM org.openqa.selenium.remote.RemoteWebDriver log
WARNING: Executing: getElementText [50eb4b01e7a7c147f1b0907155cb26fe, getElementText {id=0.6989334507937821-2}]
May 09, 2019 1:13:57 PM org.openqa.selenium.remote.RemoteWebDriver log
WARNING: Executed: [50eb4b01e7a7c147f1b0907155cb26fe, getElementText {id=0.6989334507937821-2}]
May 09, 2019 1:13:57 PM org.openqa.selenium.remote.RemoteWebDriver log
WARNING: Executing: findElement [50eb4b01e7a7c147f1b0907155cb26fe, findElement {using=tag name, value=body}]
May 09, 2019 1:13:58 PM org.openqa.selenium.remote.RemoteWebDriver log
WARNING: Executed: [50eb4b01e7a7c147f1b0907155cb26fe, findElement {using=tag name, value=body}]
May 09, 2019 1:13:58 PM org.openqa.selenium.remote.RemoteWebDriver log
WARNING: Executing: getElementText [50eb4b01e7a7c147f1b0907155cb26fe, getElementText {id=0.6989334507937821-2}]
May 09, 2019 1:13:58 PM org.openqa.selenium.remote.RemoteWebDriver log
WARNING: Executed: [50eb4b01e7a7c147f1b0907155cb26fe, getElementText {id=0.6989334507937821-2}]
May 09, 2019 1:13:58 PM org.openqa.selenium.remote.RemoteWebDriver log
WARNING: Executing: findElement [50eb4b01e7a7c147f1b0907155cb26fe, findElement {using=tag name, value=body}]
May 09, 2019 1:13:58 PM org.openqa.selenium.remote.RemoteWebDriver log
WARNING: Executed: [50eb4b01e7a7c147f1b0907155cb26fe, findElement {using=tag name, value=body}]
May 09, 2019 1:13:58 PM org.openqa.selenium.remote.RemoteWebDriver log
WARNING: Executing: getElementText [50eb4b01e7a7c147f1b0907155cb26fe, getElementText {id=0.6989334507937821-2}]
May 09, 2019 1:13:58 PM org.openqa.selenium.remote.RemoteWebDriver log
WARNING: Executed: [50eb4b01e7a7c147f1b0907155cb26fe, getElementText {id=0.6989334507937821-2}]
May 09, 2019 1:13:59 PM org.openqa.selenium.remote.RemoteWebDriver log
WARNING: Executing: findElement [50eb4b01e7a7c147f1b0907155cb26fe, findElement {using=tag name, value=body}]
May 09, 2019 1:13:59 PM org.openqa.selenium.remote.RemoteWebDriver log
WARNING: Executed: [50eb4b01e7a7c147f1b0907155cb26fe, findElement {using=tag name, value=body}]
May 09, 2019 1:13:59 PM org.openqa.selenium.remote.RemoteWebDriver log
WARNING: Executing: getElementText [50eb4b01e7a7c147f1b0907155cb26fe, getElementText {id=0.6989334507937821-2}]
May 09, 2019 1:13:59 PM org.openqa.selenium.remote.RemoteWebDriver log
WARNING: Executed: [50eb4b01e7a7c147f1b0907155cb26fe, getElementText {id=0.6989334507937821-2}]
May 09, 2019 1:13:59 PM org.openqa.selenium.remote.RemoteWebDriver log
WARNING: Executing: findElements [50eb4b01e7a7c147f1b0907155cb26fe, findElements {using=css selector, value=tr.jobsTableRow}]
May 09, 2019 1:13:59 PM org.openqa.selenium.remote.RemoteWebDriver log
WARNING: Executed: [50eb4b01e7a7c147f1b0907155cb26fe, findElements {using=css selector, value=tr.jobsTableRow}]
May 09, 2019 1:13:59 PM org.openqa.selenium.remote.RemoteWebDriver log
WARNING: Executing: isElementDisplayed [50eb4b01e7a7c147f1b0907155cb26fe, isElementDisplayed {id=0.6989334507937821-7}]
May 09, 2019 1:13:59 PM org.openqa.selenium.remote.RemoteWebDriver log
WARNING: Executed: [50eb4b01e7a7c147f1b0907155cb26fe, isElementDisplayed {id=0.6989334507937821-7}]
May 09, 2019 1:13:59 PM org.openqa.selenium.remote.RemoteWebDriver log
WARNING: Executing: isElementDisplayed [50eb4b01e7a7c147f1b0907155cb26fe, isElementDisplayed {id=0.6989334507937821-8}]
May 09, 2019 1:13:59 PM org.openqa.selenium.remote.RemoteWebDriver log
WARNING: Executed: [50eb4b01e7a7c147f1b0907155cb26fe, isElementDisplayed {id=0.6989334507937821-8}]
May 09, 2019 1:13:59 PM org.openqa.selenium.remote.RemoteWebDriver log
WARNING: Executing: isElementDisplayed [50eb4b01e7a7c147f1b0907155cb26fe, isElementDisplayed {id=0.6989334507937821-9}]
May 09, 2019 1:13:59 PM org.openqa.selenium.remote.RemoteWebDriver log
WARNING: Executed: [50eb4b01e7a7c147f1b0907155cb26fe, isElementDisplayed {id=0.6989334507937821-9}]
May 09, 2019 1:13:59 PM org.openqa.selenium.remote.RemoteWebDriver log
WARNING: Executing: isElementDisplayed [50eb4b01e7a7c147f1b0907155cb26fe, isElementDisplayed {id=0.6989334507937821-10}]
May 09, 2019 1:13:59 PM org.openqa.selenium.remote.RemoteWebDriver log
WARNING: Executed: [50eb4b01e7a7c147f1b0907155cb26fe, isElementDisplayed {id=0.6989334507937821-10}]
May 09, 2019 1:13:59 PM org.openqa.selenium.remote.RemoteWebDriver log
WARNING: Executing: isElementDisplayed [50eb4b01e7a7c147f1b0907155cb26fe, isElementDisplayed {id=0.6989334507937821-11}]
May 09, 2019 1:13:59 PM org.openqa.selenium.remote.RemoteWebDriver log
WARNING: Executed: [50eb4b01e7a7c147f1b0907155cb26fe, isElementDisplayed {id=0.6989334507937821-11}]
May 09, 2019 1:13:59 PM org.openqa.selenium.remote.RemoteWebDriver log
WARNING: Executing: isElementDisplayed [50eb4b01e7a7c147f1b0907155cb26fe, isElementDisplayed {id=0.6989334507937821-12}]
May 09, 2019 1:13:59 PM org.openqa.selenium.remote.RemoteWebDriver log
WARNING: Executed: [50eb4b01e7a7c147f1b0907155cb26fe, isElementDisplayed {id=0.6989334507937821-12}]
May 09, 2019 1:13:59 PM org.openqa.selenium.remote.RemoteWebDriver log
WARNING: Executing: isElementDisplayed [50eb4b01e7a7c147f1b0907155cb26fe, isElementDisplayed {id=0.6989334507937821-13}]
May 09, 2019 1:13:59 PM org.openqa.selenium.remote.RemoteWebDriver log
WARNING: Executed: [50eb4b01e7a7c147f1b0907155cb26fe, isElementDisplayed {id=0.6989334507937821-13}]
May 09, 2019 1:13:59 PM org.openqa.selenium.remote.RemoteWebDriver log
WARNING: Executing: findChildElement [50eb4b01e7a7c147f1b0907155cb26fe, findChildElement {id=0.6989334507937821-7, using=css selector, value=td.jobStatusTableCell div div:first-child}]
May 09, 2019 1:13:59 PM org.openqa.selenium.remote.RemoteWebDriver log
WARNING: Executed: [50eb4b01e7a7c147f1b0907155cb26fe, findChildElement {id=0.6989334507937821-7, using=css selector, value=td.jobStatusTableCell div div:first-child}]
May 09, 2019 1:13:59 PM org.openqa.selenium.remote.RemoteWebDriver log
WARNING: Executing: getElementText [50eb4b01e7a7c147f1b0907155cb26fe, getElementText {id=0.6989334507937821-14}]
May 09, 2019 1:13:59 PM org.openqa.selenium.remote.RemoteWebDriver log
WARNING: Executed: [50eb4b01e7a7c147f1b0907155cb26fe, getElementText {id=0.6989334507937821-14}]
May 09, 2019 1:13:59 PM org.openqa.selenium.remote.RemoteWebDriver log
WARNING: Executing: findChildElement [50eb4b01e7a7c147f1b0907155cb26fe, findChildElement {id=0.6989334507937821-8, using=css selector, value=td.jobStatusTableCell div div:first-child}]
May 09, 2019 1:13:59 PM org.openqa.selenium.remote.RemoteWebDriver log
WARNING: Executed: [50eb4b01e7a7c147f1b0907155cb26fe, findChildElement {id=0.6989334507937821-8, using=css selector, value=td.jobStatusTableCell div div:first-child}]
May 09, 2019 1:13:59 PM org.openqa.selenium.remote.RemoteWebDriver log
WARNING: Executing: getElementText [50eb4b01e7a7c147f1b0907155cb26fe, getElementText {id=0.6989334507937821-15}]
May 09, 2019 1:13:59 PM org.openqa.selenium.remote.RemoteWebDriver log
WARNING: Executed: [50eb4b01e7a7c147f1b0907155cb26fe, getElementText {id=0.6989334507937821-15}]
May 09, 2019 1:13:59 PM org.openqa.selenium.remote.RemoteWebDriver log
WARNING: Executing: findChildElement [50eb4b01e7a7c147f1b0907155cb26fe, findChildElement {id=0.6989334507937821-9, using=css selector, value=td.jobStatusTableCell div div:first-child}]
May 09, 2019 1:13:59 PM org.openqa.selenium.remote.RemoteWebDriver log
WARNING: Executed: [50eb4b01e7a7c147f1b0907155cb26fe, findChildElement {id=0.6989334507937821-9, using=css selector, value=td.jobStatusTableCell div div:first-child}]
May 09, 2019 1:13:59 PM org.openqa.selenium.remote.RemoteWebDriver log
WARNING: Executing: getElementText [50eb4b01e7a7c147f1b0907155cb26fe, getElementText {id=0.6989334507937821-16}]
May 09, 2019 1:13:59 PM org.openqa.selenium.remote.RemoteWebDriver log
WARNING: Executed: [50eb4b01e7a7c147f1b0907155cb26fe, getElementText {id=0.6989334507937821-16}]
May 09, 2019 1:13:59 PM org.openqa.selenium.remote.RemoteWebDriver log
WARNING: Executing: findChildElement [50eb4b01e7a7c147f1b0907155cb26fe, findChildElement {id=0.6989334507937821-9, using=css selector, value=td div}]
May 09, 2019 1:13:59 PM org.openqa.selenium.remote.RemoteWebDriver log
WARNING: Executed: [50eb4b01e7a7c147f1b0907155cb26fe, findChildElement {id=0.6989334507937821-9, using=css selector, value=td div}]
May 09, 2019 1:13:59 PM org.openqa.selenium.remote.RemoteWebDriver log
WARNING: Executing: isElementDisplayed [50eb4b01e7a7c147f1b0907155cb26fe, isElementDisplayed {id=0.6989334507937821-17}]
May 09, 2019 1:13:59 PM org.openqa.selenium.remote.RemoteWebDriver log
WARNING: Executed: [50eb4b01e7a7c147f1b0907155cb26fe, isElementDisplayed {id=0.6989334507937821-17}]
May 09, 2019 1:13:59 PM org.openqa.selenium.remote.RemoteWebDriver log
WARNING: Executing: getElementSize [50eb4b01e7a7c147f1b0907155cb26fe, getElementSize {id=0.6989334507937821-17}]
May 09, 2019 1:13:59 PM org.openqa.selenium.remote.RemoteWebDriver log
WARNING: Executed: [50eb4b01e7a7c147f1b0907155cb26fe, getElementSize {id=0.6989334507937821-17}]
May 09, 2019 1:13:59 PM org.openqa.selenium.remote.RemoteWebDriver log
WARNING: Executing: getElementSize [50eb4b01e7a7c147f1b0907155cb26fe, getElementSize {id=0.6989334507937821-17}]
May 09, 2019 1:13:59 PM org.openqa.selenium.remote.RemoteWebDriver log
WARNING: Executed: [50eb4b01e7a7c147f1b0907155cb26fe, getElementSize {id=0.6989334507937821-17}]
May 09, 2019 1:13:59 PM org.openqa.selenium.remote.RemoteWebDriver log
WARNING: Executing: getElementTagName [50eb4b01e7a7c147f1b0907155cb26fe, getElementTagName {id=0.6989334507937821-17}]
May 09, 2019 1:13:59 PM org.openqa.selenium.remote.RemoteWebDriver log
WARNING: Executed: [50eb4b01e7a7c147f1b0907155cb26fe, getElementTagName {id=0.6989334507937821-17}]
May 09, 2019 1:13:59 PM org.openqa.selenium.remote.RemoteWebDriver log
WARNING: Executing: clickElement [50eb4b01e7a7c147f1b0907155cb26fe, clickElement {id=0.6989334507937821-17}]
May 09, 2019 1:13:59 PM org.openqa.selenium.remote.RemoteWebDriver log
WARNING: Executed: [50eb4b01e7a7c147f1b0907155cb26fe, clickElement {id=0.6989334507937821-17}]
May 09, 2019 1:13:59 PM org.openqa.selenium.remote.RemoteWebDriver log
WARNING: Executing: getCurrentUrl [50eb4b01e7a7c147f1b0907155cb26fe, getCurrentUrl {}]
May 09, 2019 1:13:59 PM org.openqa.selenium.remote.RemoteWebDriver log
WARNING: Executed: [50eb4b01e7a7c147f1b0907155cb26fe, getCurrentUrl {}]
May 09, 2019 1:13:59 PM org.openqa.selenium.remote.RemoteWebDriver log
WARNING: Executing: findElement [50eb4b01e7a7c147f1b0907155cb26fe, findElement {using=css selector, value=div.kanban}]
May 09, 2019 1:14:00 PM org.openqa.selenium.remote.RemoteWebDriver log
WARNING: Executed: [50eb4b01e7a7c147f1b0907155cb26fe, findElement {using=css selector, value=div.kanban}]
May 09, 2019 1:14:00 PM org.openqa.selenium.remote.RemoteWebDriver log
WARNING: Executing: getCurrentUrl [50eb4b01e7a7c147f1b0907155cb26fe, getCurrentUrl {}]
May 09, 2019 1:14:00 PM org.openqa.selenium.remote.RemoteWebDriver log
WARNING: Executed: [50eb4b01e7a7c147f1b0907155cb26fe, getCurrentUrl {}]
May 09, 2019 1:14:00 PM org.openqa.selenium.remote.RemoteWebDriver log
WARNING: Executing: findElements [50eb4b01e7a7c147f1b0907155cb26fe, findElements {using=css selector, value=div[data-testcase-triage-category='FAIL'] li.kanbanColumnElementTitle}]
May 09, 2019 1:14:00 PM org.openqa.selenium.remote.RemoteWebDriver log
WARNING: Executed: [50eb4b01e7a7c147f1b0907155cb26fe, findElements {using=css selector, value=div[data-testcase-triage-category='FAIL'] li.kanbanColumnElementTitle}]
May 09, 2019 1:14:00 PM org.openqa.selenium.remote.RemoteWebDriver log
WARNING: Executing: isElementDisplayed [50eb4b01e7a7c147f1b0907155cb26fe, isElementDisplayed {id=0.6989334507937821-19}]
May 09, 2019 1:14:00 PM org.openqa.selenium.remote.RemoteWebDriver log
WARNING: Executed: [50eb4b01e7a7c147f1b0907155cb26fe, isElementDisplayed {id=0.6989334507937821-19}]
May 09, 2019 1:14:00 PM org.openqa.selenium.remote.RemoteWebDriver log
WARNING: Executing: isElementDisplayed [50eb4b01e7a7c147f1b0907155cb26fe, isElementDisplayed {id=0.6989334507937821-20}]
May 09, 2019 1:14:00 PM org.openqa.selenium.remote.RemoteWebDriver log
WARNING: Executed: [50eb4b01e7a7c147f1b0907155cb26fe, isElementDisplayed {id=0.6989334507937821-20}]
May 09, 2019 1:14:00 PM org.openqa.selenium.remote.RemoteWebDriver log
WARNING: Executing: isElementDisplayed [50eb4b01e7a7c147f1b0907155cb26fe, isElementDisplayed {id=0.6989334507937821-21}]
May 09, 2019 1:14:00 PM org.openqa.selenium.remote.RemoteWebDriver log
WARNING: Executed: [50eb4b01e7a7c147f1b0907155cb26fe, isElementDisplayed {id=0.6989334507937821-21}]
May 09, 2019 1:14:00 PM org.openqa.selenium.remote.RemoteWebDriver log
WARNING: Executing: isElementDisplayed [50eb4b01e7a7c147f1b0907155cb26fe, isElementDisplayed {id=0.6989334507937821-22}]
May 09, 2019 1:14:00 PM org.openqa.selenium.remote.RemoteWebDriver log
WARNING: Executed: [50eb4b01e7a7c147f1b0907155cb26fe, isElementDisplayed {id=0.6989334507937821-22}]
May 09, 2019 1:14:00 PM org.openqa.selenium.remote.RemoteWebDriver log
WARNING: Executing: isElementDisplayed [50eb4b01e7a7c147f1b0907155cb26fe, isElementDisplayed {id=0.6989334507937821-23}]
May 09, 2019 1:14:00 PM org.openqa.selenium.remote.RemoteWebDriver log
WARNING: Executed: [50eb4b01e7a7c147f1b0907155cb26fe, isElementDisplayed {id=0.6989334507937821-23}]
May 09, 2019 1:14:00 PM org.openqa.selenium.remote.RemoteWebDriver log
WARNING: Executing: isElementDisplayed [50eb4b01e7a7c147f1b0907155cb26fe, isElementDisplayed {id=0.6989334507937821-24}]
May 09, 2019 1:14:00 PM org.openqa.selenium.remote.RemoteWebDriver log
WARNING: Executed: [50eb4b01e7a7c147f1b0907155cb26fe, isElementDisplayed {id=0.6989334507937821-24}]
May 09, 2019 1:14:00 PM org.openqa.selenium.remote.RemoteWebDriver log
WARNING: Executing: isElementDisplayed [50eb4b01e7a7c147f1b0907155cb26fe, isElementDisplayed {id=0.6989334507937821-25}]
May 09, 2019 1:14:00 PM org.openqa.selenium.remote.RemoteWebDriver log
WARNING: Executed: [50eb4b01e7a7c147f1b0907155cb26fe, isElementDisplayed {id=0.6989334507937821-25}]
May 09, 2019 1:14:00 PM org.openqa.selenium.remote.RemoteWebDriver log
WARNING: Executing: isElementDisplayed [50eb4b01e7a7c147f1b0907155cb26fe, isElementDisplayed {id=0.6989334507937821-26}]
May 09, 2019 1:14:00 PM org.openqa.selenium.remote.RemoteWebDriver log
WARNING: Executed: [50eb4b01e7a7c147f1b0907155cb26fe, isElementDisplayed {id=0.6989334507937821-26}]
May 09, 2019 1:14:00 PM org.openqa.selenium.remote.RemoteWebDriver log
WARNING: Executing: isElementDisplayed [50eb4b01e7a7c147f1b0907155cb26fe, isElementDisplayed {id=0.6989334507937821-27}]
May 09, 2019 1:14:00 PM org.openqa.selenium.remote.RemoteWebDriver log
WARNING: Executed: [50eb4b01e7a7c147f1b0907155cb26fe, isElementDisplayed {id=0.6989334507937821-27}]
May 09, 2019 1:14:00 PM org.openqa.selenium.remote.RemoteWebDriver log
WARNING: Executing: isElementDisplayed [50eb4b01e7a7c147f1b0907155cb26fe, isElementDisplayed {id=0.6989334507937821-28}]
May 09, 2019 1:14:00 PM org.openqa.selenium.remote.RemoteWebDriver log
WARNING: Executed: [50eb4b01e7a7c147f1b0907155cb26fe, isElementDisplayed {id=0.6989334507937821-28}]
May 09, 2019 1:14:00 PM org.openqa.selenium.remote.RemoteWebDriver log
WARNING: Executing: isElementDisplayed [50eb4b01e7a7c147f1b0907155cb26fe, isElementDisplayed {id=0.6989334507937821-29}]
May 09, 2019 1:14:00 PM org.openqa.selenium.remote.RemoteWebDriver log
WARNING: Executed: [50eb4b01e7a7c147f1b0907155cb26fe, isElementDisplayed {id=0.6989334507937821-29}]
May 09, 2019 1:14:00 PM org.openqa.selenium.remote.RemoteWebDriver log
WARNING: Executing: isElementDisplayed [50eb4b01e7a7c147f1b0907155cb26fe, isElementDisplayed {id=0.6989334507937821-30}]
May 09, 2019 1:14:00 PM org.openqa.selenium.remote.RemoteWebDriver log
WARNING: Executed: [50eb4b01e7a7c147f1b0907155cb26fe, isElementDisplayed {id=0.6989334507937821-30}]
May 09, 2019 1:14:00 PM org.openqa.selenium.remote.RemoteWebDriver log
WARNING: Executing: isElementDisplayed [50eb4b01e7a7c147f1b0907155cb26fe, isElementDisplayed {id=0.6989334507937821-31}]
May 09, 2019 1:14:00 PM org.openqa.selenium.remote.RemoteWebDriver log
WARNING: Executed: [50eb4b01e7a7c147f1b0907155cb26fe, isElementDisplayed {id=0.6989334507937821-31}]
May 09, 2019 1:14:00 PM org.openqa.selenium.remote.RemoteWebDriver log
WARNING: Executing: isElementDisplayed [50eb4b01e7a7c147f1b0907155cb26fe, isElementDisplayed {id=0.6989334507937821-32}]
May 09, 2019 1:14:00 PM org.openqa.selenium.remote.RemoteWebDriver log
WARNING: Executed: [50eb4b01e7a7c147f1b0907155cb26fe, isElementDisplayed {id=0.6989334507937821-32}]
May 09, 2019 1:14:00 PM org.openqa.selenium.remote.RemoteWebDriver log
WARNING: Executing: isElementDisplayed [50eb4b01e7a7c147f1b0907155cb26fe, isElementDisplayed {id=0.6989334507937821-33}]
May 09, 2019 1:14:00 PM org.openqa.selenium.remote.RemoteWebDriver log
WARNING: Executed: [50eb4b01e7a7c147f1b0907155cb26fe, isElementDisplayed {id=0.6989334507937821-33}]
May 09, 2019 1:14:00 PM org.openqa.selenium.remote.RemoteWebDriver log
WARNING: Executing: isElementDisplayed [50eb4b01e7a7c147f1b0907155cb26fe, isElementDisplayed {id=0.6989334507937821-34}]
May 09, 2019 1:14:00 PM org.openqa.selenium.remote.RemoteWebDriver log
WARNING: Executed: [50eb4b01e7a7c147f1b0907155cb26fe, isElementDisplayed {id=0.6989334507937821-34}]
May 09, 2019 1:14:00 PM org.openqa.selenium.remote.RemoteWebDriver log
WARNING: Executing: isElementDisplayed [50eb4b01e7a7c147f1b0907155cb26fe, isElementDisplayed {id=0.6989334507937821-35}]
May 09, 2019 1:14:00 PM org.openqa.selenium.remote.RemoteWebDriver log
WARNING: Executed: [50eb4b01e7a7c147f1b0907155cb26fe, isElementDisplayed {id=0.6989334507937821-35}]
May 09, 2019 1:14:00 PM org.openqa.selenium.remote.RemoteWebDriver log
WARNING: Executing: isElementDisplayed [50eb4b01e7a7c147f1b0907155cb26fe, isElementDisplayed {id=0.6989334507937821-36}]
May 09, 2019 1:14:00 PM org.openqa.selenium.remote.RemoteWebDriver log
WARNING: Executed: [50eb4b01e7a7c147f1b0907155cb26fe, isElementDisplayed {id=0.6989334507937821-36}]
May 09, 2019 1:14:00 PM org.openqa.selenium.remote.RemoteWebDriver log
WARNING: Executing: isElementDisplayed [50eb4b01e7a7c147f1b0907155cb26fe, isElementDisplayed {id=0.6989334507937821-37}]
May 09, 2019 1:14:00 PM org.openqa.selenium.remote.RemoteWebDriver log
WARNING: Executed: [50eb4b01e7a7c147f1b0907155cb26fe, isElementDisplayed {id=0.6989334507937821-37}]
May 09, 2019 1:14:00 PM org.openqa.selenium.remote.RemoteWebDriver log
WARNING: Executing: isElementDisplayed [50eb4b01e7a7c147f1b0907155cb26fe, isElementDisplayed {id=0.6989334507937821-38}]
May 09, 2019 1:14:00 PM org.openqa.selenium.remote.RemoteWebDriver log
WARNING: Executed: [50eb4b01e7a7c147f1b0907155cb26fe, isElementDisplayed {id=0.6989334507937821-38}]
May 09, 2019 1:14:00 PM org.openqa.selenium.remote.RemoteWebDriver log
WARNING: Executing: isElementDisplayed [50eb4b01e7a7c147f1b0907155cb26fe, isElementDisplayed {id=0.6989334507937821-39}]
May 09, 2019 1:14:00 PM org.openqa.selenium.remote.RemoteWebDriver log
WARNING: Executed: [50eb4b01e7a7c147f1b0907155cb26fe, isElementDisplayed {id=0.6989334507937821-39}]
May 09, 2019 1:14:00 PM org.openqa.selenium.remote.RemoteWebDriver log
WARNING: Executing: isElementDisplayed [50eb4b01e7a7c147f1b0907155cb26fe, isElementDisplayed {id=0.6989334507937821-40}]
May 09, 2019 1:14:00 PM org.openqa.selenium.remote.RemoteWebDriver log
WARNING: Executed: [50eb4b01e7a7c147f1b0907155cb26fe, isElementDisplayed {id=0.6989334507937821-40}]
May 09, 2019 1:14:00 PM org.openqa.selenium.remote.RemoteWebDriver log
WARNING: Executing: isElementDisplayed [50eb4b01e7a7c147f1b0907155cb26fe, isElementDisplayed {id=0.6989334507937821-41}]
May 09, 2019 1:14:00 PM org.openqa.selenium.remote.RemoteWebDriver log
WARNING: Executed: [50eb4b01e7a7c147f1b0907155cb26fe, isElementDisplayed {id=0.6989334507937821-41}]
May 09, 2019 1:14:00 PM org.openqa.selenium.remote.RemoteWebDriver log
WARNING: Executing: isElementDisplayed [50eb4b01e7a7c147f1b0907155cb26fe, isElementDisplayed {id=0.6989334507937821-42}]
May 09, 2019 1:14:00 PM org.openqa.selenium.remote.RemoteWebDriver log
WARNING: Executed: [50eb4b01e7a7c147f1b0907155cb26fe, isElementDisplayed {id=0.6989334507937821-42}]
May 09, 2019 1:14:00 PM org.openqa.selenium.remote.RemoteWebDriver log
WARNING: Executing: isElementDisplayed [50eb4b01e7a7c147f1b0907155cb26fe, isElementDisplayed {id=0.6989334507937821-43}]
May 09, 2019 1:14:00 PM org.openqa.selenium.remote.RemoteWebDriver log
WARNING: Executed: [50eb4b01e7a7c147f1b0907155cb26fe, isElementDisplayed {id=0.6989334507937821-43}]
May 09, 2019 1:14:00 PM org.openqa.selenium.remote.RemoteWebDriver log
WARNING: Executing: isElementDisplayed [50eb4b01e7a7c147f1b0907155cb26fe, isElementDisplayed {id=0.6989334507937821-44}]
May 09, 2019 1:14:00 PM org.openqa.selenium.remote.RemoteWebDriver log
WARNING: Executed: [50eb4b01e7a7c147f1b0907155cb26fe, isElementDisplayed {id=0.6989334507937821-44}]
May 09, 2019 1:14:00 PM org.openqa.selenium.remote.RemoteWebDriver log
WARNING: Executing: isElementDisplayed [50eb4b01e7a7c147f1b0907155cb26fe, isElementDisplayed {id=0.6989334507937821-45}]
May 09, 2019 1:14:00 PM org.openqa.selenium.remote.RemoteWebDriver log
WARNING: Executed: [50eb4b01e7a7c147f1b0907155cb26fe, isElementDisplayed {id=0.6989334507937821-45}]
May 09, 2019 1:14:00 PM org.openqa.selenium.remote.RemoteWebDriver log
WARNING: Executing: isElementDisplayed [50eb4b01e7a7c147f1b0907155cb26fe, isElementDisplayed {id=0.6989334507937821-46}]
May 09, 2019 1:14:00 PM org.openqa.selenium.remote.RemoteWebDriver log
WARNING: Executed: [50eb4b01e7a7c147f1b0907155cb26fe, isElementDisplayed {id=0.6989334507937821-46}]
May 09, 2019 1:14:00 PM org.openqa.selenium.remote.RemoteWebDriver log
WARNING: Executing: isElementDisplayed [50eb4b01e7a7c147f1b0907155cb26fe, isElementDisplayed {id=0.6989334507937821-47}]
May 09, 2019 1:14:00 PM org.openqa.selenium.remote.RemoteWebDriver log
WARNING: Executed: [50eb4b01e7a7c147f1b0907155cb26fe, isElementDisplayed {id=0.6989334507937821-47}]
May 09, 2019 1:14:00 PM org.openqa.selenium.remote.RemoteWebDriver log
WARNING: Executing: isElementDisplayed [50eb4b01e7a7c147f1b0907155cb26fe, isElementDisplayed {id=0.6989334507937821-48}]
May 09, 2019 1:14:00 PM org.openqa.selenium.remote.RemoteWebDriver log
WARNING: Executed: [50eb4b01e7a7c147f1b0907155cb26fe, isElementDisplayed {id=0.6989334507937821-48}]
May 09, 2019 1:14:00 PM org.openqa.selenium.remote.RemoteWebDriver log
WARNING: Executing: isElementDisplayed [50eb4b01e7a7c147f1b0907155cb26fe, isElementDisplayed {id=0.6989334507937821-49}]
May 09, 2019 1:14:00 PM org.openqa.selenium.remote.RemoteWebDriver log
WARNING: Executed: [50eb4b01e7a7c147f1b0907155cb26fe, isElementDisplayed {id=0.6989334507937821-49}]
May 09, 2019 1:14:00 PM org.openqa.selenium.remote.RemoteWebDriver log
WARNING: Executing: isElementDisplayed [50eb4b01e7a7c147f1b0907155cb26fe, isElementDisplayed {id=0.6989334507937821-50}]
May 09, 2019 1:14:01 PM org.openqa.selenium.remote.RemoteWebDriver log
WARNING: Executed: [50eb4b01e7a7c147f1b0907155cb26fe, isElementDisplayed {id=0.6989334507937821-50}]
May 09, 2019 1:14:01 PM org.openqa.selenium.remote.RemoteWebDriver log
WARNING: Executing: isElementDisplayed [50eb4b01e7a7c147f1b0907155cb26fe, isElementDisplayed {id=0.6989334507937821-51}]
May 09, 2019 1:14:01 PM org.openqa.selenium.remote.RemoteWebDriver log
WARNING: Executed: [50eb4b01e7a7c147f1b0907155cb26fe, isElementDisplayed {id=0.6989334507937821-51}]
May 09, 2019 1:14:01 PM org.openqa.selenium.remote.RemoteWebDriver log
WARNING: Executing: isElementDisplayed [50eb4b01e7a7c147f1b0907155cb26fe, isElementDisplayed {id=0.6989334507937821-52}]
May 09, 2019 1:14:01 PM org.openqa.selenium.remote.RemoteWebDriver log
WARNING: Executed: [50eb4b01e7a7c147f1b0907155cb26fe, isElementDisplayed {id=0.6989334507937821-52}]
May 09, 2019 1:14:01 PM org.openqa.selenium.remote.RemoteWebDriver log
WARNING: Executing: isElementDisplayed [50eb4b01e7a7c147f1b0907155cb26fe, isElementDisplayed {id=0.6989334507937821-53}]
May 09, 2019 1:14:01 PM org.openqa.selenium.remote.RemoteWebDriver log
WARNING: Executed: [50eb4b01e7a7c147f1b0907155cb26fe, isElementDisplayed {id=0.6989334507937821-53}]
May 09, 2019 1:14:01 PM org.openqa.selenium.remote.RemoteWebDriver log
WARNING: Executing: isElementDisplayed [50eb4b01e7a7c147f1b0907155cb26fe, isElementDisplayed {id=0.6989334507937821-54}]
May 09, 2019 1:14:01 PM org.openqa.selenium.remote.RemoteWebDriver log
WARNING: Executed: [50eb4b01e7a7c147f1b0907155cb26fe, isElementDisplayed {id=0.6989334507937821-54}]
May 09, 2019 1:14:01 PM org.openqa.selenium.remote.RemoteWebDriver log
WARNING: Executing: isElementDisplayed [50eb4b01e7a7c147f1b0907155cb26fe, isElementDisplayed {id=0.6989334507937821-55}]
May 09, 2019 1:14:01 PM org.openqa.selenium.remote.RemoteWebDriver log
WARNING: Executed: [50eb4b01e7a7c147f1b0907155cb26fe, isElementDisplayed {id=0.6989334507937821-55}]
May 09, 2019 1:14:01 PM org.openqa.selenium.remote.RemoteWebDriver log
WARNING: Executing: isElementDisplayed [50eb4b01e7a7c147f1b0907155cb26fe, isElementDisplayed {id=0.6989334507937821-56}]
May 09, 2019 1:14:01 PM org.openqa.selenium.remote.RemoteWebDriver log
WARNING: Executed: [50eb4b01e7a7c147f1b0907155cb26fe, isElementDisplayed {id=0.6989334507937821-56}]
May 09, 2019 1:14:01 PM org.openqa.selenium.remote.RemoteWebDriver log
WARNING: Executing: isElementDisplayed [50eb4b01e7a7c147f1b0907155cb26fe, isElementDisplayed {id=0.6989334507937821-57}]
May 09, 2019 1:14:01 PM org.openqa.selenium.remote.RemoteWebDriver log
WARNING: Executed: [50eb4b01e7a7c147f1b0907155cb26fe, isElementDisplayed {id=0.6989334507937821-57}]
May 09, 2019 1:14:01 PM org.openqa.selenium.remote.RemoteWebDriver log
WARNING: Executing: isElementDisplayed [50eb4b01e7a7c147f1b0907155cb26fe, isElementDisplayed {id=0.6989334507937821-58}]
May 09, 2019 1:14:01 PM org.openqa.selenium.remote.RemoteWebDriver log
WARNING: Executed: [50eb4b01e7a7c147f1b0907155cb26fe, isElementDisplayed {id=0.6989334507937821-58}]
May 09, 2019 1:14:01 PM org.openqa.selenium.remote.RemoteWebDriver log
WARNING: Executing: isElementDisplayed [50eb4b01e7a7c147f1b0907155cb26fe, isElementDisplayed {id=0.6989334507937821-59}]
May 09, 2019 1:14:01 PM org.openqa.selenium.remote.RemoteWebDriver log
WARNING: Executed: [50eb4b01e7a7c147f1b0907155cb26fe, isElementDisplayed {id=0.6989334507937821-59}]
May 09, 2019 1:14:01 PM org.openqa.selenium.remote.RemoteWebDriver log
WARNING: Executing: isElementDisplayed [50eb4b01e7a7c147f1b0907155cb26fe, isElementDisplayed {id=0.6989334507937821-60}]
May 09, 2019 1:14:01 PM org.openqa.selenium.remote.RemoteWebDriver log
WARNING: Executed: [50eb4b01e7a7c147f1b0907155cb26fe, isElementDisplayed {id=0.6989334507937821-60}]
May 09, 2019 1:14:01 PM org.openqa.selenium.remote.RemoteWebDriver log
WARNING: Executing: isElementDisplayed [50eb4b01e7a7c147f1b0907155cb26fe, isElementDisplayed {id=0.6989334507937821-61}]
May 09, 2019 1:14:01 PM org.openqa.selenium.remote.RemoteWebDriver log
WARNING: Executed: [50eb4b01e7a7c147f1b0907155cb26fe, isElementDisplayed {id=0.6989334507937821-61}]
May 09, 2019 1:14:01 PM org.openqa.selenium.remote.RemoteWebDriver log
WARNING: Executing: isElementDisplayed [50eb4b01e7a7c147f1b0907155cb26fe, isElementDisplayed {id=0.6989334507937821-62}]
May 09, 2019 1:14:01 PM org.openqa.selenium.remote.RemoteWebDriver log
WARNING: Executed: [50eb4b01e7a7c147f1b0907155cb26fe, isElementDisplayed {id=0.6989334507937821-62}]
May 09, 2019 1:14:01 PM org.openqa.selenium.remote.RemoteWebDriver log
WARNING: Executing: isElementDisplayed [50eb4b01e7a7c147f1b0907155cb26fe, isElementDisplayed {id=0.6989334507937821-63}]
May 09, 2019 1:14:01 PM org.openqa.selenium.remote.RemoteWebDriver log
WARNING: Executed: [50eb4b01e7a7c147f1b0907155cb26fe, isElementDisplayed {id=0.6989334507937821-63}]
May 09, 2019 1:14:01 PM org.openqa.selenium.remote.RemoteWebDriver log
WARNING: Executing: isElementDisplayed [50eb4b01e7a7c147f1b0907155cb26fe, isElementDisplayed {id=0.6989334507937821-64}]
May 09, 2019 1:14:01 PM org.openqa.selenium.remote.RemoteWebDriver log
WARNING: Executed: [50eb4b01e7a7c147f1b0907155cb26fe, isElementDisplayed {id=0.6989334507937821-64}]
May 09, 2019 1:14:01 PM org.openqa.selenium.remote.RemoteWebDriver log
WARNING: Executing: isElementDisplayed [50eb4b01e7a7c147f1b0907155cb26fe, isElementDisplayed {id=0.6989334507937821-65}]
May 09, 2019 1:14:01 PM org.openqa.selenium.remote.RemoteWebDriver log
WARNING: Executed: [50eb4b01e7a7c147f1b0907155cb26fe, isElementDisplayed {id=0.6989334507937821-65}]
May 09, 2019 1:14:01 PM org.openqa.selenium.remote.RemoteWebDriver log
WARNING: Executing: isElementDisplayed [50eb4b01e7a7c147f1b0907155cb26fe, isElementDisplayed {id=0.6989334507937821-66}]
May 09, 2019 1:14:01 PM org.openqa.selenium.remote.RemoteWebDriver log
WARNING: Executed: [50eb4b01e7a7c147f1b0907155cb26fe, isElementDisplayed {id=0.6989334507937821-66}]
May 09, 2019 1:14:01 PM org.openqa.selenium.remote.RemoteWebDriver log
WARNING: Executing: isElementDisplayed [50eb4b01e7a7c147f1b0907155cb26fe, isElementDisplayed {id=0.6989334507937821-67}]
May 09, 2019 1:14:01 PM org.openqa.selenium.remote.RemoteWebDriver log
WARNING: Executed: [50eb4b01e7a7c147f1b0907155cb26fe, isElementDisplayed {id=0.6989334507937821-67}]
May 09, 2019 1:14:01 PM org.openqa.selenium.remote.RemoteWebDriver log
WARNING: Executing: isElementDisplayed [50eb4b01e7a7c147f1b0907155cb26fe, isElementDisplayed {id=0.6989334507937821-68}]
May 09, 2019 1:14:01 PM org.openqa.selenium.remote.RemoteWebDriver log
WARNING: Executed: [50eb4b01e7a7c147f1b0907155cb26fe, isElementDisplayed {id=0.6989334507937821-68}]
May 09, 2019 1:14:01 PM org.openqa.selenium.remote.RemoteWebDriver log
WARNING: Executing: isElementDisplayed [50eb4b01e7a7c147f1b0907155cb26fe, isElementDisplayed {id=0.6989334507937821-69}]
May 09, 2019 1:14:01 PM org.openqa.selenium.remote.RemoteWebDriver log
WARNING: Executed: [50eb4b01e7a7c147f1b0907155cb26fe, isElementDisplayed {id=0.6989334507937821-69}]
May 09, 2019 1:14:01 PM org.openqa.selenium.remote.RemoteWebDriver log
WARNING: Executing: isElementDisplayed [50eb4b01e7a7c147f1b0907155cb26fe, isElementDisplayed {id=0.6989334507937821-70}]
May 09, 2019 1:14:01 PM org.openqa.selenium.remote.RemoteWebDriver log
WARNING: Executed: [50eb4b01e7a7c147f1b0907155cb26fe, isElementDisplayed {id=0.6989334507937821-70}]
May 09, 2019 1:14:01 PM org.openqa.selenium.remote.RemoteWebDriver log
WARNING: Executing: getElementText [50eb4b01e7a7c147f1b0907155cb26fe, getElementText {id=0.6989334507937821-19}]
May 09, 2019 1:14:01 PM org.openqa.selenium.remote.RemoteWebDriver log
WARNING: Executed: [50eb4b01e7a7c147f1b0907155cb26fe, getElementText {id=0.6989334507937821-19}]
May 09, 2019 1:14:01 PM org.openqa.selenium.remote.RemoteWebDriver log
WARNING: Executing: findElement [50eb4b01e7a7c147f1b0907155cb26fe, findElement {using=tag name, value=body}]
May 09, 2019 1:14:01 PM org.openqa.selenium.remote.RemoteWebDriver log
WARNING: Executed: [50eb4b01e7a7c147f1b0907155cb26fe, findElement {using=tag name, value=body}]
May 09, 2019 1:14:01 PM org.openqa.selenium.remote.RemoteWebDriver log
WARNING: Executing: getElementText [50eb4b01e7a7c147f1b0907155cb26fe, getElementText {id=0.6989334507937821-2}]
May 09, 2019 1:14:02 PM org.openqa.selenium.remote.RemoteWebDriver log
WARNING: Executed: [50eb4b01e7a7c147f1b0907155cb26fe, getElementText {id=0.6989334507937821-2}]
May 09, 2019 1:14:02 PM org.openqa.selenium.remote.RemoteWebDriver log
WARNING: Executing: findElement [50eb4b01e7a7c147f1b0907155cb26fe, findElement {using=tag name, value=body}]
May 09, 2019 1:14:02 PM org.openqa.selenium.remote.RemoteWebDriver log
WARNING: Executed: [50eb4b01e7a7c147f1b0907155cb26fe, findElement {using=tag name, value=body}]
May 09, 2019 1:14:02 PM org.openqa.selenium.remote.RemoteWebDriver log
WARNING: Executing: getElementText [50eb4b01e7a7c147f1b0907155cb26fe, getElementText {id=0.6989334507937821-2}]
May 09, 2019 1:14:03 PM org.openqa.selenium.remote.RemoteWebDriver log
WARNING: Executed: [50eb4b01e7a7c147f1b0907155cb26fe, getElementText {id=0.6989334507937821-2}]
May 09, 2019 1:14:03 PM org.openqa.selenium.remote.RemoteWebDriver log
WARNING: Executing: findElements [50eb4b01e7a7c147f1b0907155cb26fe, findElements {using=css selector, value=div[data-testcase-triage-category='FAIL'] li.kanbanColumnElementTitle}]
May 09, 2019 1:14:03 PM org.openqa.selenium.remote.RemoteWebDriver log
WARNING: Executed: [50eb4b01e7a7c147f1b0907155cb26fe, findElements {using=css selector, value=div[data-testcase-triage-category='FAIL'] li.kanbanColumnElementTitle}]
May 09, 2019 1:14:03 PM org.openqa.selenium.remote.RemoteWebDriver log
WARNING: Executing: getElementText [50eb4b01e7a7c147f1b0907155cb26fe, getElementText {id=0.6989334507937821-19}]
May 09, 2019 1:14:03 PM org.openqa.selenium.remote.RemoteWebDriver log
WARNING: Executed: [50eb4b01e7a7c147f1b0907155cb26fe, getElementText {id=0.6989334507937821-19}]
May 09, 2019 1:14:03 PM org.openqa.selenium.remote.RemoteWebDriver log
WARNING: Executing: clickElement [50eb4b01e7a7c147f1b0907155cb26fe, clickElement {id=0.6989334507937821-19}]
May 09, 2019 1:14:03 PM org.openqa.selenium.remote.RemoteWebDriver log
WARNING: Executed: [50eb4b01e7a7c147f1b0907155cb26fe, clickElement {id=0.6989334507937821-19}]
May 09, 2019 1:14:03 PM org.openqa.selenium.remote.RemoteWebDriver log
WARNING: Executing: getCurrentUrl [50eb4b01e7a7c147f1b0907155cb26fe, getCurrentUrl {}]
May 09, 2019 1:14:03 PM org.openqa.selenium.remote.RemoteWebDriver log
WARNING: Executed: [50eb4b01e7a7c147f1b0907155cb26fe, getCurrentUrl {}]
May 09, 2019 1:14:03 PM org.openqa.selenium.remote.RemoteWebDriver log
WARNING: Executing: findElement [50eb4b01e7a7c147f1b0907155cb26fe, findElement {using=class name, value=homeRoot}]
May 09, 2019 1:14:03 PM org.openqa.selenium.remote.RemoteWebDriver log
WARNING: Executed: [50eb4b01e7a7c147f1b0907155cb26fe, findElement {using=class name, value=homeRoot}]
May 09, 2019 1:14:03 PM org.openqa.selenium.remote.RemoteWebDriver log
WARNING: Executing: findElement [50eb4b01e7a7c147f1b0907155cb26fe, findElement {using=tag name, value=body}]
May 09, 2019 1:14:03 PM org.openqa.selenium.remote.RemoteWebDriver log
WARNING: Executed: [50eb4b01e7a7c147f1b0907155cb26fe, findElement {using=tag name, value=body}]
May 09, 2019 1:14:03 PM org.openqa.selenium.remote.RemoteWebDriver log
WARNING: Executing: getElementText [50eb4b01e7a7c147f1b0907155cb26fe, getElementText {id=0.6989334507937821-2}]
May 09, 2019 1:14:03 PM org.openqa.selenium.remote.RemoteWebDriver log
WARNING: Executed: [50eb4b01e7a7c147f1b0907155cb26fe, getElementText {id=0.6989334507937821-2}]
May 09, 2019 1:14:04 PM org.openqa.selenium.remote.RemoteWebDriver log
WARNING: Executing: findElement [50eb4b01e7a7c147f1b0907155cb26fe, findElement {using=tag name, value=body}]
May 09, 2019 1:14:04 PM org.openqa.selenium.remote.RemoteWebDriver log
WARNING: Executed: [50eb4b01e7a7c147f1b0907155cb26fe, findElement {using=tag name, value=body}]
May 09, 2019 1:14:04 PM org.openqa.selenium.remote.RemoteWebDriver log
WARNING: Executing: getElementText [50eb4b01e7a7c147f1b0907155cb26fe, getElementText {id=0.6989334507937821-2}]
May 09, 2019 1:14:04 PM org.openqa.selenium.remote.RemoteWebDriver log
WARNING: Executed: [50eb4b01e7a7c147f1b0907155cb26fe, getElementText {id=0.6989334507937821-2}]
May 09, 2019 1:14:05 PM org.openqa.selenium.remote.RemoteWebDriver log
WARNING: Executing: findElement [50eb4b01e7a7c147f1b0907155cb26fe, findElement {using=tag name, value=body}]
May 09, 2019 1:14:05 PM org.openqa.selenium.remote.RemoteWebDriver log
WARNING: Executed: [50eb4b01e7a7c147f1b0907155cb26fe, findElement {using=tag name, value=body}]
May 09, 2019 1:14:05 PM org.openqa.selenium.remote.RemoteWebDriver log
WARNING: Executing: getElementText [50eb4b01e7a7c147f1b0907155cb26fe, getElementText {id=0.6989334507937821-2}]
May 09, 2019 1:14:05 PM org.openqa.selenium.remote.RemoteWebDriver log
WARNING: Executed: [50eb4b01e7a7c147f1b0907155cb26fe, getElementText {id=0.6989334507937821-2}]
May 09, 2019 1:14:06 PM org.openqa.selenium.remote.RemoteWebDriver log
WARNING: Executing: findElement [50eb4b01e7a7c147f1b0907155cb26fe, findElement {using=tag name, value=body}]
May 09, 2019 1:14:06 PM org.openqa.selenium.remote.RemoteWebDriver log
WARNING: Executed: [50eb4b01e7a7c147f1b0907155cb26fe, findElement {using=tag name, value=body}]
May 09, 2019 1:14:06 PM org.openqa.selenium.remote.RemoteWebDriver log
WARNING: Executing: getElementText [50eb4b01e7a7c147f1b0907155cb26fe, getElementText {id=0.6989334507937821-2}]
May 09, 2019 1:14:06 PM org.openqa.selenium.remote.RemoteWebDriver log
WARNING: Executed: [50eb4b01e7a7c147f1b0907155cb26fe, getElementText {id=0.6989334507937821-2}]
May 09, 2019 1:14:06 PM org.openqa.selenium.remote.RemoteWebDriver log
WARNING: Executing: findElements [50eb4b01e7a7c147f1b0907155cb26fe, findElements {using=name, value=url}]
May 09, 2019 1:14:06 PM org.openqa.selenium.remote.RemoteWebDriver log
WARNING: Executed: [50eb4b01e7a7c147f1b0907155cb26fe, findElements {using=name, value=url}]
May 09, 2019 1:14:06 PM org.openqa.selenium.remote.RemoteWebDriver log
WARNING: Executing: isElementDisplayed [50eb4b01e7a7c147f1b0907155cb26fe, isElementDisplayed {id=0.6989334507937821-71}]
May 09, 2019 1:14:06 PM org.openqa.selenium.remote.RemoteWebDriver log
WARNING: Executed: [50eb4b01e7a7c147f1b0907155cb26fe, isElementDisplayed {id=0.6989334507937821-71}]
May 09, 2019 1:14:06 PM org.openqa.selenium.remote.RemoteWebDriver log
WARNING: Executing: getElementAttribute [50eb4b01e7a7c147f1b0907155cb26fe, getElementAttribute {id=0.6989334507937821-71, name=value}]
May 09, 2019 1:14:06 PM org.openqa.selenium.remote.RemoteWebDriver log
WARNING: Executed: [50eb4b01e7a7c147f1b0907155cb26fe, getElementAttribute {id=0.6989334507937821-71, name=value}]
May 09, 2019 1:14:06 PM org.openqa.selenium.remote.RemoteWebDriver log
WARNING: Executing: findElements [50eb4b01e7a7c147f1b0907155cb26fe, findElements {using=class name, value=TriageDialogRadio}]
May 09, 2019 1:14:06 PM org.openqa.selenium.remote.RemoteWebDriver log
WARNING: Executed: [50eb4b01e7a7c147f1b0907155cb26fe, findElements {using=class name, value=TriageDialogRadio}]
May 09, 2019 1:14:06 PM org.openqa.selenium.remote.RemoteWebDriver log
WARNING: Executing: isElementDisplayed [50eb4b01e7a7c147f1b0907155cb26fe, isElementDisplayed {id=0.6989334507937821-72}]
May 09, 2019 1:14:06 PM org.openqa.selenium.remote.RemoteWebDriver log
WARNING: Executed: [50eb4b01e7a7c147f1b0907155cb26fe, isElementDisplayed {id=0.6989334507937821-72}]
May 09, 2019 1:14:06 PM org.openqa.selenium.remote.RemoteWebDriver log
WARNING: Executing: isElementDisplayed [50eb4b01e7a7c147f1b0907155cb26fe, isElementDisplayed {id=0.6989334507937821-73}]
May 09, 2019 1:14:06 PM org.openqa.selenium.remote.RemoteWebDriver log
WARNING: Executed: [50eb4b01e7a7c147f1b0907155cb26fe, isElementDisplayed {id=0.6989334507937821-73}]
May 09, 2019 1:14:06 PM org.openqa.selenium.remote.RemoteWebDriver log
WARNING: Executing: isElementDisplayed [50eb4b01e7a7c147f1b0907155cb26fe, isElementDisplayed {id=0.6989334507937821-74}]
May 09, 2019 1:14:06 PM org.openqa.selenium.remote.RemoteWebDriver log
WARNING: Executed: [50eb4b01e7a7c147f1b0907155cb26fe, isElementDisplayed {id=0.6989334507937821-74}]
May 09, 2019 1:14:06 PM org.openqa.selenium.remote.RemoteWebDriver log
WARNING: Executing: isElementDisplayed [50eb4b01e7a7c147f1b0907155cb26fe, isElementDisplayed {id=0.6989334507937821-75}]
May 09, 2019 1:14:06 PM org.openqa.selenium.remote.RemoteWebDriver log
WARNING: Executed: [50eb4b01e7a7c147f1b0907155cb26fe, isElementDisplayed {id=0.6989334507937821-75}]
May 09, 2019 1:14:06 PM org.openqa.selenium.remote.RemoteWebDriver log
WARNING: Executing: isElementDisplayed [50eb4b01e7a7c147f1b0907155cb26fe, isElementDisplayed {id=0.6989334507937821-76}]
May 09, 2019 1:14:06 PM org.openqa.selenium.remote.RemoteWebDriver log
WARNING: Executed: [50eb4b01e7a7c147f1b0907155cb26fe, isElementDisplayed {id=0.6989334507937821-76}]
May 09, 2019 1:14:06 PM org.openqa.selenium.remote.RemoteWebDriver log
WARNING: Executing: isElementDisplayed [50eb4b01e7a7c147f1b0907155cb26fe, isElementDisplayed {id=0.6989334507937821-77}]
May 09, 2019 1:14:06 PM org.openqa.selenium.remote.RemoteWebDriver log
WARNING: Executed: [50eb4b01e7a7c147f1b0907155cb26fe, isElementDisplayed {id=0.6989334507937821-77}]
May 09, 2019 1:14:06 PM org.openqa.selenium.remote.RemoteWebDriver log
WARNING: Executing: isElementDisplayed [50eb4b01e7a7c147f1b0907155cb26fe, isElementDisplayed {id=0.6989334507937821-78}]
May 09, 2019 1:14:07 PM org.openqa.selenium.remote.RemoteWebDriver log
WARNING: Executed: [50eb4b01e7a7c147f1b0907155cb26fe, isElementDisplayed {id=0.6989334507937821-78}]
May 09, 2019 1:14:07 PM org.openqa.selenium.remote.RemoteWebDriver log
WARNING: Executing: isElementDisplayed [50eb4b01e7a7c147f1b0907155cb26fe, isElementDisplayed {id=0.6989334507937821-79}]
May 09, 2019 1:14:07 PM org.openqa.selenium.remote.RemoteWebDriver log
WARNING: Executed: [50eb4b01e7a7c147f1b0907155cb26fe, isElementDisplayed {id=0.6989334507937821-79}]
May 09, 2019 1:14:07 PM org.openqa.selenium.remote.RemoteWebDriver log
WARNING: Executing: clickElement [50eb4b01e7a7c147f1b0907155cb26fe, clickElement {id=0.6989334507937821-75}]
May 09, 2019 1:14:07 PM org.openqa.selenium.remote.RemoteWebDriver log
WARNING: Executed: [50eb4b01e7a7c147f1b0907155cb26fe, clickElement {id=0.6989334507937821-75}]
May 09, 2019 1:14:07 PM org.openqa.selenium.remote.RemoteWebDriver log
WARNING: Executing: findElements [50eb4b01e7a7c147f1b0907155cb26fe, findElements {using=name, value=url}]
May 09, 2019 1:14:07 PM org.openqa.selenium.remote.RemoteWebDriver log
WARNING: Executed: [50eb4b01e7a7c147f1b0907155cb26fe, findElements {using=name, value=url}]
May 09, 2019 1:14:07 PM org.openqa.selenium.remote.RemoteWebDriver log
WARNING: Executing: isElementDisplayed [50eb4b01e7a7c147f1b0907155cb26fe, isElementDisplayed {id=0.6989334507937821-71}]
May 09, 2019 1:14:07 PM org.openqa.selenium.remote.RemoteWebDriver log
WARNING: Executed: [50eb4b01e7a7c147f1b0907155cb26fe, isElementDisplayed {id=0.6989334507937821-71}]
May 09, 2019 1:14:07 PM org.openqa.selenium.remote.RemoteWebDriver log
WARNING: Executing: getElementAttribute [50eb4b01e7a7c147f1b0907155cb26fe, getElementAttribute {id=0.6989334507937821-71, name=value}]
May 09, 2019 1:14:07 PM org.openqa.selenium.remote.RemoteWebDriver log
WARNING: Executed: [50eb4b01e7a7c147f1b0907155cb26fe, getElementAttribute {id=0.6989334507937821-71, name=value}]
May 09, 2019 1:14:07 PM org.openqa.selenium.remote.RemoteWebDriver log
WARNING: Executing: findElement [50eb4b01e7a7c147f1b0907155cb26fe, findElement {using=name, value=url}]
May 09, 2019 1:14:07 PM org.openqa.selenium.remote.RemoteWebDriver log
WARNING: Executed: [50eb4b01e7a7c147f1b0907155cb26fe, findElement {using=name, value=url}]
May 09, 2019 1:14:07 PM org.openqa.selenium.remote.RemoteWebDriver log
WARNING: Executing: sendKeysToElement [50eb4b01e7a7c147f1b0907155cb26fe, sendKeysToElement {id=0.6989334507937821-71, value=[Ljava.lang.CharSequence;@3212a8d7}]
May 09, 2019 1:14:07 PM org.openqa.selenium.remote.RemoteWebDriver log
WARNING: Executed: [50eb4b01e7a7c147f1b0907155cb26fe, sendKeysToElement {id=0.6989334507937821-71, value=[Ljava.lang.CharSequence;@3212a8d7}]
May 09, 2019 1:14:07 PM org.openqa.selenium.remote.RemoteWebDriver log
WARNING: Executing: findElement [50eb4b01e7a7c147f1b0907155cb26fe, findElement {using=css selector, value=button#save}]
May 09, 2019 1:14:07 PM org.openqa.selenium.remote.RemoteWebDriver log
WARNING: Executed: [50eb4b01e7a7c147f1b0907155cb26fe, findElement {using=css selector, value=button#save}]
May 09, 2019 1:14:07 PM org.openqa.selenium.remote.RemoteWebDriver log
WARNING: Executing: isElementDisplayed [50eb4b01e7a7c147f1b0907155cb26fe, isElementDisplayed {id=0.6989334507937821-80}]
May 09, 2019 1:14:07 PM org.openqa.selenium.remote.RemoteWebDriver log
WARNING: Executed: [50eb4b01e7a7c147f1b0907155cb26fe, isElementDisplayed {id=0.6989334507937821-80}]
May 09, 2019 1:14:07 PM org.openqa.selenium.remote.RemoteWebDriver log
WARNING: Executing: isElementEnabled [50eb4b01e7a7c147f1b0907155cb26fe, isElementEnabled {id=0.6989334507937821-80}]
May 09, 2019 1:14:07 PM org.openqa.selenium.remote.RemoteWebDriver log
WARNING: Executed: [50eb4b01e7a7c147f1b0907155cb26fe, isElementEnabled {id=0.6989334507937821-80}]
May 09, 2019 1:14:07 PM org.openqa.selenium.remote.RemoteWebDriver log
WARNING: Executing: clickElement [50eb4b01e7a7c147f1b0907155cb26fe, clickElement {id=0.6989334507937821-80}]
May 09, 2019 1:14:07 PM org.openqa.selenium.remote.RemoteWebDriver log
WARNING: Executed: [50eb4b01e7a7c147f1b0907155cb26fe, clickElement {id=0.6989334507937821-80}]
May 09, 2019 1:14:07 PM org.openqa.selenium.remote.RemoteWebDriver log
WARNING: Executing: findElement [50eb4b01e7a7c147f1b0907155cb26fe, findElement {using=tag name, value=body}]
May 09, 2019 1:14:07 PM org.openqa.selenium.remote.RemoteWebDriver log
WARNING: Executed: [50eb4b01e7a7c147f1b0907155cb26fe, findElement {using=tag name, value=body}]
May 09, 2019 1:14:07 PM org.openqa.selenium.remote.RemoteWebDriver log
WARNING: Executing: getElementText [50eb4b01e7a7c147f1b0907155cb26fe, getElementText {id=0.6989334507937821-2}]
May 09, 2019 1:14:07 PM org.openqa.selenium.remote.RemoteWebDriver log
WARNING: Executed: [50eb4b01e7a7c147f1b0907155cb26fe, getElementText {id=0.6989334507937821-2}]
May 09, 2019 1:14:08 PM org.openqa.selenium.remote.RemoteWebDriver log
WARNING: Executing: findElement [50eb4b01e7a7c147f1b0907155cb26fe, findElement {using=tag name, value=body}]
May 09, 2019 1:14:08 PM org.openqa.selenium.remote.RemoteWebDriver log
WARNING: Executed: [50eb4b01e7a7c147f1b0907155cb26fe, findElement {using=tag name, value=body}]
May 09, 2019 1:14:08 PM org.openqa.selenium.remote.RemoteWebDriver log
WARNING: Executing: getElementText [50eb4b01e7a7c147f1b0907155cb26fe, getElementText {id=0.6989334507937821-2}]
May 09, 2019 1:14:08 PM org.openqa.selenium.remote.RemoteWebDriver log
WARNING: Executed: [50eb4b01e7a7c147f1b0907155cb26fe, getElementText {id=0.6989334507937821-2}]
May 09, 2019 1:14:09 PM org.openqa.selenium.remote.RemoteWebDriver log
WARNING: Executing: findElement [50eb4b01e7a7c147f1b0907155cb26fe, findElement {using=tag name, value=body}]
May 09, 2019 1:14:09 PM org.openqa.selenium.remote.RemoteWebDriver log
WARNING: Executed: [50eb4b01e7a7c147f1b0907155cb26fe, findElement {using=tag name, value=body}]
May 09, 2019 1:14:09 PM org.openqa.selenium.remote.RemoteWebDriver log
WARNING: Executing: getElementText [50eb4b01e7a7c147f1b0907155cb26fe, getElementText {id=0.6989334507937821-2}]
May 09, 2019 1:14:09 PM org.openqa.selenium.remote.RemoteWebDriver log
WARNING: Executed: [50eb4b01e7a7c147f1b0907155cb26fe, getElementText {id=0.6989334507937821-2}]
May 09, 2019 1:14:09 PM org.openqa.selenium.remote.RemoteWebDriver log
WARNING: Executing: findElements [50eb4b01e7a7c147f1b0907155cb26fe, findElements {using=css selector, value=div[data-testcase-triage-category='FAIL'] li.kanbanColumnElementTitle}]
May 09, 2019 1:14:11 PM org.openqa.selenium.remote.RemoteWebDriver log
WARNING: Executed: [50eb4b01e7a7c147f1b0907155cb26fe, findElements {using=css selector, value=div[data-testcase-triage-category='FAIL'] li.kanbanColumnElementTitle}]
May 09, 2019 1:14:13 PM org.openqa.selenium.remote.RemoteWebDriver log
WARNING: Executing: findElements [50eb4b01e7a7c147f1b0907155cb26fe, findElements {using=css selector, value=div[data-testcase-triage-category='FAIL'] li.kanbanColumnElementTitle}]
May 09, 2019 1:14:15 PM org.openqa.selenium.remote.RemoteWebDriver log
WARNING: Executed: [50eb4b01e7a7c147f1b0907155cb26fe, findElements {using=css selector, value=div[data-testcase-triage-category='FAIL'] li.kanbanColumnElementTitle}]
May 09, 2019 1:14:16 PM org.openqa.selenium.remote.RemoteWebDriver log
WARNING: Executing: findElements [50eb4b01e7a7c147f1b0907155cb26fe, findElements {using=css selector, value=div[data-testcase-triage-category='FAIL'] li.kanbanColumnElementTitle}]
May 09, 2019 1:14:18 PM org.openqa.selenium.remote.RemoteWebDriver log
WARNING: Executed: [50eb4b01e7a7c147f1b0907155cb26fe, findElements {using=css selector, value=div[data-testcase-triage-category='FAIL'] li.kanbanColumnElementTitle}]
May 09, 2019 1:14:20 PM org.openqa.selenium.remote.RemoteWebDriver log
WARNING: Executing: findElements [50eb4b01e7a7c147f1b0907155cb26fe, findElements {using=css selector, value=div[data-testcase-triage-category='FAIL'] li.kanbanColumnElementTitle}]
May 09, 2019 1:14:22 PM org.openqa.selenium.remote.RemoteWebDriver log
WARNING: Executed: [50eb4b01e7a7c147f1b0907155cb26fe, findElements {using=css selector, value=div[data-testcase-triage-category='FAIL'] li.kanbanColumnElementTitle}]
May 09, 2019 1:14:23 PM org.openqa.selenium.remote.RemoteWebDriver log
WARNING: Executing: findElements [50eb4b01e7a7c147f1b0907155cb26fe, findElements {using=css selector, value=div[data-testcase-triage-category='FAIL'] li.kanbanColumnElementTitle}]
May 09, 2019 1:14:25 PM org.openqa.selenium.remote.RemoteWebDriver log
WARNING: Executed: [50eb4b01e7a7c147f1b0907155cb26fe, findElements {using=css selector, value=div[data-testcase-triage-category='FAIL'] li.kanbanColumnElementTitle}]
May 09, 2019 1:14:27 PM org.openqa.selenium.remote.RemoteWebDriver log
WARNING: Executing: findElements [50eb4b01e7a7c147f1b0907155cb26fe, findElements {using=css selector, value=div[data-testcase-triage-category='FAIL'] li.kanbanColumnElementTitle}]
May 09, 2019 1:14:29 PM org.openqa.selenium.remote.RemoteWebDriver log
WARNING: Executed: [50eb4b01e7a7c147f1b0907155cb26fe, findElements {using=css selector, value=div[data-testcase-triage-category='FAIL'] li.kanbanColumnElementTitle}]
]]></system-err>
  </testcase>
  <testcase name="testProductBugUrl" classname="com.clarolab.TriageTest" time="22.213"/>
  <testcase name="testAssignedToMe" classname="com.clarolab.AutomationIssuesTest" time="20.965"/>
  <testcase name="testCancelCleanNote" classname="com.clarolab.AutomationIssuesTest" time="11.982"/>
  <testcase name="testCreateAutomaticPriority" classname="com.clarolab.AutomationIssuesTest" time="23.334">
    <failure message="Timed out after 5 seconds: Element 'By.cssSelector: button#triage' never became clickable after '5' seconds
Build info: version: '2.45.0', revision: '5017cb8e7ca8e37638dc3091b2440b90a1d8686f', time: '2015-02-27 09:10:26'
System info: host: '6888e31d0e98', ip: '172.17.0.9', os.name: 'Linux', os.arch: 'amd64', os.version: '4.15.0-29-generic', java.version: '1.8.0_212'
Driver info: org.openqa.selenium.remote.RemoteWebDriver
Capabilities [{mobileEmulationEnabled=false, timeouts={implicit=0, pageLoad=300000, script=30000}, hasTouchScreen=false, platform=LINUX, acceptSslCerts=false, goog:chromeOptions={debuggerAddress=localhost:42903}, acceptInsecureCerts=false, webStorageEnabled=true, browserName=chrome, takesScreenshot=true, javascriptEnabled=true, setWindowRect=true, unexpectedAlertBehaviour=ignore, applicationCacheEnabled=false, rotatable=false, networkConnectionEnabled=false, chrome={chromedriverVersion=73.0.3683.68 (47787ec04b6e38e22703e856e101e840b65afe72), userDataDir=/tmp/.com.google.Chrome.RCwo9I}, takesHeapSnapshot=true, pageLoadStrategy=normal, strictFileInteractability=false, databaseEnabled=false, handlesAlerts=true, version=73.0.3683.86, browserConnectionEnabled=false, proxy={}, nativeEvents=true, webdriver.remote.sessionid=d37a2e0572949ea8b2c4c0787656de0c, locationContextEnabled=true, cssSelectorsEnabled=true}]
Session ID: d37a2e0572949ea8b2c4c0787656de0c" type="org.openqa.selenium.TimeoutException">org.openqa.selenium.TimeoutException: 
Timed out after 5 seconds: Element 'By.cssSelector: button#triage' never became clickable after '5' seconds
Build info: version: '2.45.0', revision: '5017cb8e7ca8e37638dc3091b2440b90a1d8686f', time: '2015-02-27 09:10:26'
System info: host: '6888e31d0e98', ip: '172.17.0.9', os.name: 'Linux', os.arch: 'amd64', os.version: '4.15.0-29-generic', java.version: '1.8.0_212'
Driver info: org.openqa.selenium.remote.RemoteWebDriver
Capabilities [{mobileEmulationEnabled=false, timeouts={implicit=0, pageLoad=300000, script=30000}, hasTouchScreen=false, platform=LINUX, acceptSslCerts=false, goog:chromeOptions={debuggerAddress=localhost:42903}, acceptInsecureCerts=false, webStorageEnabled=true, browserName=chrome, takesScreenshot=true, javascriptEnabled=true, setWindowRect=true, unexpectedAlertBehaviour=ignore, applicationCacheEnabled=false, rotatable=false, networkConnectionEnabled=false, chrome={chromedriverVersion=73.0.3683.68 (47787ec04b6e38e22703e856e101e840b65afe72), userDataDir=/tmp/.com.google.Chrome.RCwo9I}, takesHeapSnapshot=true, pageLoadStrategy=normal, strictFileInteractability=false, databaseEnabled=false, handlesAlerts=true, version=73.0.3683.86, browserConnectionEnabled=false, proxy={}, nativeEvents=true, webdriver.remote.sessionid=d37a2e0572949ea8b2c4c0787656de0c, locationContextEnabled=true, cssSelectorsEnabled=true}]
Session ID: d37a2e0572949ea8b2c4c0787656de0c
	at com.clarolab.AutomationIssuesTest.testCreateAutomaticPriority(AutomationIssuesTest.java:92)
</failure>
    <system-err><![CDATA[May 09, 2019 1:15:34 PM org.openqa.selenium.remote.RemoteWebDriver log
WARNING: Executing: screenshot [45da48d2bfc7cd23ffa5b7929a9bbf0f, screenshot {}]
May 09, 2019 1:15:34 PM org.openqa.selenium.remote.RemoteWebDriver log
WARNING: Executed: [45da48d2bfc7cd23ffa5b7929a9bbf0f, screenshot {}]
May 09, 2019 1:15:34 PM org.openqa.selenium.remote.RemoteWebDriver log
WARNING: Executing: getCurrentUrl [45da48d2bfc7cd23ffa5b7929a9bbf0f, getCurrentUrl {}]
May 09, 2019 1:15:34 PM org.openqa.selenium.remote.RemoteWebDriver log
WARNING: Executed: [45da48d2bfc7cd23ffa5b7929a9bbf0f, getCurrentUrl {}]
May 09, 2019 1:15:34 PM com.clarolab.BaseTest takeScreenShot
INFO: Screenshot of http://tdev.clarolab.com/AutomationIssues/ taken: screenshot580627.png
May 09, 2019 1:15:34 PM org.openqa.selenium.remote.RemoteWebDriver log
WARNING: Executing: deleteAllCookies [45da48d2bfc7cd23ffa5b7929a9bbf0f, deleteAllCookies {}]
May 09, 2019 1:15:34 PM org.openqa.selenium.remote.RemoteWebDriver log
WARNING: Executed: [45da48d2bfc7cd23ffa5b7929a9bbf0f, deleteAllCookies {}]
May 09, 2019 1:15:34 PM org.openqa.selenium.remote.RemoteWebDriver log
WARNING: Executing: quit [45da48d2bfc7cd23ffa5b7929a9bbf0f, quit {}]
May 09, 2019 1:15:34 PM org.openqa.selenium.remote.RemoteWebDriver log
WARNING: Executed: [45da48d2bfc7cd23ffa5b7929a9bbf0f, quit {}]
May 09, 2019 1:15:34 PM org.openqa.selenium.remote.RemoteWebDriver log
WARNING: Executing: quit [null, quit {}]
May 09, 2019 1:15:34 PM org.openqa.selenium.remote.RemoteWebDriver log
WARNING: Executed: [null, quit {}]
May 09, 2019 1:15:35 PM org.openqa.selenium.remote.RemoteWebDriver log
WARNING: Executing: setTimeout [d37a2e0572949ea8b2c4c0787656de0c, setTimeout {type=page load, ms=80000}]
May 09, 2019 1:15:35 PM org.openqa.selenium.remote.RemoteWebDriver log
WARNING: Executed: [d37a2e0572949ea8b2c4c0787656de0c, setTimeout {type=page load, ms=80000}]
May 09, 2019 1:15:35 PM org.openqa.selenium.remote.RemoteWebDriver log
WARNING: Executing: implicitlyWait [d37a2e0572949ea8b2c4c0787656de0c, implicitlyWait {ms=2000}]
May 09, 2019 1:15:35 PM org.openqa.selenium.remote.RemoteWebDriver log
WARNING: Executed: [d37a2e0572949ea8b2c4c0787656de0c, implicitlyWait {ms=2000}]
May 09, 2019 1:15:35 PM org.openqa.selenium.remote.RemoteWebDriver log
WARNING: Executing: get [d37a2e0572949ea8b2c4c0787656de0c, get {url=http://tdev.clarolab.com/}]
May 09, 2019 1:15:36 PM org.openqa.selenium.remote.RemoteWebDriver log
WARNING: Executed: [d37a2e0572949ea8b2c4c0787656de0c, get {url=http://tdev.clarolab.com/}]
May 09, 2019 1:15:36 PM org.openqa.selenium.remote.RemoteWebDriver log
WARNING: Executing: getCurrentUrl [d37a2e0572949ea8b2c4c0787656de0c, getCurrentUrl {}]
May 09, 2019 1:15:36 PM org.openqa.selenium.remote.RemoteWebDriver log
WARNING: Executed: [d37a2e0572949ea8b2c4c0787656de0c, getCurrentUrl {}]
May 09, 2019 1:15:36 PM org.openqa.selenium.remote.RemoteWebDriver log
WARNING: Executing: getCurrentUrl [d37a2e0572949ea8b2c4c0787656de0c, getCurrentUrl {}]
May 09, 2019 1:15:36 PM org.openqa.selenium.remote.RemoteWebDriver log
WARNING: Executed: [d37a2e0572949ea8b2c4c0787656de0c, getCurrentUrl {}]
May 09, 2019 1:15:36 PM org.openqa.selenium.remote.RemoteWebDriver log
WARNING: Executing: findElement [d37a2e0572949ea8b2c4c0787656de0c, findElement {using=id, value=loginForm}]
May 09, 2019 1:15:36 PM org.openqa.selenium.remote.RemoteWebDriver log
WARNING: Executed: [d37a2e0572949ea8b2c4c0787656de0c, findElement {using=id, value=loginForm}]
May 09, 2019 1:15:36 PM org.openqa.selenium.remote.RemoteWebDriver log
WARNING: Executing: findElement [d37a2e0572949ea8b2c4c0787656de0c, findElement {using=tag name, value=body}]
May 09, 2019 1:15:36 PM org.openqa.selenium.remote.RemoteWebDriver log
WARNING: Executed: [d37a2e0572949ea8b2c4c0787656de0c, findElement {using=tag name, value=body}]
May 09, 2019 1:15:36 PM org.openqa.selenium.remote.RemoteWebDriver log
WARNING: Executing: getElementText [d37a2e0572949ea8b2c4c0787656de0c, getElementText {id=0.33406877545139535-2}]
May 09, 2019 1:15:36 PM org.openqa.selenium.remote.RemoteWebDriver log
WARNING: Executed: [d37a2e0572949ea8b2c4c0787656de0c, getElementText {id=0.33406877545139535-2}]
May 09, 2019 1:15:37 PM org.openqa.selenium.remote.RemoteWebDriver log
WARNING: Executing: findElement [d37a2e0572949ea8b2c4c0787656de0c, findElement {using=tag name, value=body}]
May 09, 2019 1:15:37 PM org.openqa.selenium.remote.RemoteWebDriver log
WARNING: Executed: [d37a2e0572949ea8b2c4c0787656de0c, findElement {using=tag name, value=body}]
May 09, 2019 1:15:37 PM org.openqa.selenium.remote.RemoteWebDriver log
WARNING: Executing: getElementText [d37a2e0572949ea8b2c4c0787656de0c, getElementText {id=0.33406877545139535-2}]
May 09, 2019 1:15:37 PM org.openqa.selenium.remote.RemoteWebDriver log
WARNING: Executed: [d37a2e0572949ea8b2c4c0787656de0c, getElementText {id=0.33406877545139535-2}]
May 09, 2019 1:15:37 PM org.openqa.selenium.remote.RemoteWebDriver log
WARNING: Executing: findElement [d37a2e0572949ea8b2c4c0787656de0c, findElement {using=tag name, value=body}]
May 09, 2019 1:15:37 PM org.openqa.selenium.remote.RemoteWebDriver log
WARNING: Executed: [d37a2e0572949ea8b2c4c0787656de0c, findElement {using=tag name, value=body}]
May 09, 2019 1:15:37 PM org.openqa.selenium.remote.RemoteWebDriver log
WARNING: Executing: getElementText [d37a2e0572949ea8b2c4c0787656de0c, getElementText {id=0.33406877545139535-2}]
May 09, 2019 1:15:37 PM org.openqa.selenium.remote.RemoteWebDriver log
WARNING: Executed: [d37a2e0572949ea8b2c4c0787656de0c, getElementText {id=0.33406877545139535-2}]
May 09, 2019 1:15:37 PM org.openqa.selenium.remote.RemoteWebDriver log
WARNING: Executing: findElement [d37a2e0572949ea8b2c4c0787656de0c, findElement {using=id, value=internalLoginSubmit}]
May 09, 2019 1:15:37 PM org.openqa.selenium.remote.RemoteWebDriver log
WARNING: Executed: [d37a2e0572949ea8b2c4c0787656de0c, findElement {using=id, value=internalLoginSubmit}]
May 09, 2019 1:15:37 PM org.openqa.selenium.remote.RemoteWebDriver log
WARNING: Executing: isElementDisplayed [d37a2e0572949ea8b2c4c0787656de0c, isElementDisplayed {id=0.33406877545139535-3}]
May 09, 2019 1:15:37 PM org.openqa.selenium.remote.RemoteWebDriver log
WARNING: Executed: [d37a2e0572949ea8b2c4c0787656de0c, isElementDisplayed {id=0.33406877545139535-3}]
May 09, 2019 1:15:37 PM org.openqa.selenium.remote.RemoteWebDriver log
WARNING: Executing: isElementEnabled [d37a2e0572949ea8b2c4c0787656de0c, isElementEnabled {id=0.33406877545139535-3}]
May 09, 2019 1:15:37 PM org.openqa.selenium.remote.RemoteWebDriver log
WARNING: Executed: [d37a2e0572949ea8b2c4c0787656de0c, isElementEnabled {id=0.33406877545139535-3}]
May 09, 2019 1:15:37 PM org.openqa.selenium.remote.RemoteWebDriver log
WARNING: Executing: findElement [d37a2e0572949ea8b2c4c0787656de0c, findElement {using=id, value=email}]
May 09, 2019 1:15:37 PM org.openqa.selenium.remote.RemoteWebDriver log
WARNING: Executed: [d37a2e0572949ea8b2c4c0787656de0c, findElement {using=id, value=email}]
May 09, 2019 1:15:37 PM org.openqa.selenium.remote.RemoteWebDriver log
WARNING: Executing: getElementTagName [d37a2e0572949ea8b2c4c0787656de0c, getElementTagName {id=0.33406877545139535-4}]
May 09, 2019 1:15:37 PM org.openqa.selenium.remote.RemoteWebDriver log
WARNING: Executed: [d37a2e0572949ea8b2c4c0787656de0c, getElementTagName {id=0.33406877545139535-4}]
May 09, 2019 1:15:37 PM org.openqa.selenium.remote.RemoteWebDriver log
WARNING: Executing: sendKeysToElement [d37a2e0572949ea8b2c4c0787656de0c, sendKeysToElement {id=0.33406877545139535-4, value=[Ljava.lang.CharSequence;@56f0cc85}]
May 09, 2019 1:15:37 PM org.openqa.selenium.remote.RemoteWebDriver log
WARNING: Executed: [d37a2e0572949ea8b2c4c0787656de0c, sendKeysToElement {id=0.33406877545139535-4, value=[Ljava.lang.CharSequence;@56f0cc85}]
May 09, 2019 1:15:37 PM org.openqa.selenium.remote.RemoteWebDriver log
WARNING: Executing: sendKeysToElement [d37a2e0572949ea8b2c4c0787656de0c, sendKeysToElement {id=0.33406877545139535-4, value=[Ljava.lang.CharSequence;@62e20a76}]
May 09, 2019 1:15:37 PM org.openqa.selenium.remote.RemoteWebDriver log
WARNING: Executed: [d37a2e0572949ea8b2c4c0787656de0c, sendKeysToElement {id=0.33406877545139535-4, value=[Ljava.lang.CharSequence;@62e20a76}]
May 09, 2019 1:15:38 PM org.openqa.selenium.remote.RemoteWebDriver log
WARNING: Executing: sendKeysToElement [d37a2e0572949ea8b2c4c0787656de0c, sendKeysToElement {id=0.33406877545139535-4, value=[Ljava.lang.CharSequence;@2cc44ad}]
May 09, 2019 1:15:38 PM org.openqa.selenium.remote.RemoteWebDriver log
WARNING: Executed: [d37a2e0572949ea8b2c4c0787656de0c, sendKeysToElement {id=0.33406877545139535-4, value=[Ljava.lang.CharSequence;@2cc44ad}]
May 09, 2019 1:15:38 PM org.openqa.selenium.remote.RemoteWebDriver log
WARNING: Executing: sendKeysToElement [d37a2e0572949ea8b2c4c0787656de0c, sendKeysToElement {id=0.33406877545139535-4, value=[Ljava.lang.CharSequence;@44b3606b}]
May 09, 2019 1:15:38 PM org.openqa.selenium.remote.RemoteWebDriver log
WARNING: Executed: [d37a2e0572949ea8b2c4c0787656de0c, sendKeysToElement {id=0.33406877545139535-4, value=[Ljava.lang.CharSequence;@44b3606b}]
May 09, 2019 1:15:38 PM org.openqa.selenium.remote.RemoteWebDriver log
WARNING: Executing: sendKeysToElement [d37a2e0572949ea8b2c4c0787656de0c, sendKeysToElement {id=0.33406877545139535-4, value=[Ljava.lang.CharSequence;@1477089c}]
May 09, 2019 1:15:38 PM org.openqa.selenium.remote.RemoteWebDriver log
WARNING: Executed: [d37a2e0572949ea8b2c4c0787656de0c, sendKeysToElement {id=0.33406877545139535-4, value=[Ljava.lang.CharSequence;@1477089c}]
May 09, 2019 1:15:38 PM org.openqa.selenium.remote.RemoteWebDriver log
WARNING: Executing: sendKeysToElement [d37a2e0572949ea8b2c4c0787656de0c, sendKeysToElement {id=0.33406877545139535-4, value=[Ljava.lang.CharSequence;@663411de}]
May 09, 2019 1:15:38 PM org.openqa.selenium.remote.RemoteWebDriver log
WARNING: Executed: [d37a2e0572949ea8b2c4c0787656de0c, sendKeysToElement {id=0.33406877545139535-4, value=[Ljava.lang.CharSequence;@663411de}]
May 09, 2019 1:15:38 PM org.openqa.selenium.remote.RemoteWebDriver log
WARNING: Executing: sendKeysToElement [d37a2e0572949ea8b2c4c0787656de0c, sendKeysToElement {id=0.33406877545139535-4, value=[Ljava.lang.CharSequence;@63dd899}]
May 09, 2019 1:15:38 PM org.openqa.selenium.remote.RemoteWebDriver log
WARNING: Executed: [d37a2e0572949ea8b2c4c0787656de0c, sendKeysToElement {id=0.33406877545139535-4, value=[Ljava.lang.CharSequence;@63dd899}]
May 09, 2019 1:15:38 PM org.openqa.selenium.remote.RemoteWebDriver log
WARNING: Executing: sendKeysToElement [d37a2e0572949ea8b2c4c0787656de0c, sendKeysToElement {id=0.33406877545139535-4, value=[Ljava.lang.CharSequence;@59d2400d}]
May 09, 2019 1:15:38 PM org.openqa.selenium.remote.RemoteWebDriver log
WARNING: Executed: [d37a2e0572949ea8b2c4c0787656de0c, sendKeysToElement {id=0.33406877545139535-4, value=[Ljava.lang.CharSequence;@59d2400d}]
May 09, 2019 1:15:38 PM org.openqa.selenium.remote.RemoteWebDriver log
WARNING: Executing: sendKeysToElement [d37a2e0572949ea8b2c4c0787656de0c, sendKeysToElement {id=0.33406877545139535-4, value=[Ljava.lang.CharSequence;@75cd8043}]
May 09, 2019 1:15:38 PM org.openqa.selenium.remote.RemoteWebDriver log
WARNING: Executed: [d37a2e0572949ea8b2c4c0787656de0c, sendKeysToElement {id=0.33406877545139535-4, value=[Ljava.lang.CharSequence;@75cd8043}]
May 09, 2019 1:15:38 PM org.openqa.selenium.remote.RemoteWebDriver log
WARNING: Executing: sendKeysToElement [d37a2e0572949ea8b2c4c0787656de0c, sendKeysToElement {id=0.33406877545139535-4, value=[Ljava.lang.CharSequence;@33b1c5c5}]
May 09, 2019 1:15:38 PM org.openqa.selenium.remote.RemoteWebDriver log
WARNING: Executed: [d37a2e0572949ea8b2c4c0787656de0c, sendKeysToElement {id=0.33406877545139535-4, value=[Ljava.lang.CharSequence;@33b1c5c5}]
May 09, 2019 1:15:38 PM org.openqa.selenium.remote.RemoteWebDriver log
WARNING: Executing: sendKeysToElement [d37a2e0572949ea8b2c4c0787656de0c, sendKeysToElement {id=0.33406877545139535-4, value=[Ljava.lang.CharSequence;@5b202a3a}]
May 09, 2019 1:15:38 PM org.openqa.selenium.remote.RemoteWebDriver log
WARNING: Executed: [d37a2e0572949ea8b2c4c0787656de0c, sendKeysToElement {id=0.33406877545139535-4, value=[Ljava.lang.CharSequence;@5b202a3a}]
May 09, 2019 1:15:38 PM org.openqa.selenium.remote.RemoteWebDriver log
WARNING: Executing: sendKeysToElement [d37a2e0572949ea8b2c4c0787656de0c, sendKeysToElement {id=0.33406877545139535-4, value=[Ljava.lang.CharSequence;@10b9db7b}]
May 09, 2019 1:15:38 PM org.openqa.selenium.remote.RemoteWebDriver log
WARNING: Executed: [d37a2e0572949ea8b2c4c0787656de0c, sendKeysToElement {id=0.33406877545139535-4, value=[Ljava.lang.CharSequence;@10b9db7b}]
May 09, 2019 1:15:39 PM org.openqa.selenium.remote.RemoteWebDriver log
WARNING: Executing: sendKeysToElement [d37a2e0572949ea8b2c4c0787656de0c, sendKeysToElement {id=0.33406877545139535-4, value=[Ljava.lang.CharSequence;@9ef8eb7}]
May 09, 2019 1:15:39 PM org.openqa.selenium.remote.RemoteWebDriver log
WARNING: Executed: [d37a2e0572949ea8b2c4c0787656de0c, sendKeysToElement {id=0.33406877545139535-4, value=[Ljava.lang.CharSequence;@9ef8eb7}]
May 09, 2019 1:15:39 PM org.openqa.selenium.remote.RemoteWebDriver log
WARNING: Executing: sendKeysToElement [d37a2e0572949ea8b2c4c0787656de0c, sendKeysToElement {id=0.33406877545139535-4, value=[Ljava.lang.CharSequence;@34cdeda2}]
May 09, 2019 1:15:39 PM org.openqa.selenium.remote.RemoteWebDriver log
WARNING: Executed: [d37a2e0572949ea8b2c4c0787656de0c, sendKeysToElement {id=0.33406877545139535-4, value=[Ljava.lang.CharSequence;@34cdeda2}]
May 09, 2019 1:15:39 PM org.openqa.selenium.remote.RemoteWebDriver log
WARNING: Executing: sendKeysToElement [d37a2e0572949ea8b2c4c0787656de0c, sendKeysToElement {id=0.33406877545139535-4, value=[Ljava.lang.CharSequence;@6ee660fb}]
May 09, 2019 1:15:39 PM org.openqa.selenium.remote.RemoteWebDriver log
WARNING: Executed: [d37a2e0572949ea8b2c4c0787656de0c, sendKeysToElement {id=0.33406877545139535-4, value=[Ljava.lang.CharSequence;@6ee660fb}]
May 09, 2019 1:15:39 PM org.openqa.selenium.remote.RemoteWebDriver log
WARNING: Executing: sendKeysToElement [d37a2e0572949ea8b2c4c0787656de0c, sendKeysToElement {id=0.33406877545139535-4, value=[Ljava.lang.CharSequence;@305a0c5f}]
May 09, 2019 1:15:39 PM org.openqa.selenium.remote.RemoteWebDriver log
WARNING: Executed: [d37a2e0572949ea8b2c4c0787656de0c, sendKeysToElement {id=0.33406877545139535-4, value=[Ljava.lang.CharSequence;@305a0c5f}]
May 09, 2019 1:15:39 PM org.openqa.selenium.remote.RemoteWebDriver log
WARNING: Executing: sendKeysToElement [d37a2e0572949ea8b2c4c0787656de0c, sendKeysToElement {id=0.33406877545139535-4, value=[Ljava.lang.CharSequence;@4535b6d5}]
May 09, 2019 1:15:39 PM org.openqa.selenium.remote.RemoteWebDriver log
WARNING: Executed: [d37a2e0572949ea8b2c4c0787656de0c, sendKeysToElement {id=0.33406877545139535-4, value=[Ljava.lang.CharSequence;@4535b6d5}]
May 09, 2019 1:15:39 PM org.openqa.selenium.remote.RemoteWebDriver log
WARNING: Executing: findElement [d37a2e0572949ea8b2c4c0787656de0c, findElement {using=id, value=password}]
May 09, 2019 1:15:39 PM org.openqa.selenium.remote.RemoteWebDriver log
WARNING: Executed: [d37a2e0572949ea8b2c4c0787656de0c, findElement {using=id, value=password}]
May 09, 2019 1:15:39 PM org.openqa.selenium.remote.RemoteWebDriver log
WARNING: Executing: getElementTagName [d37a2e0572949ea8b2c4c0787656de0c, getElementTagName {id=0.33406877545139535-5}]
May 09, 2019 1:15:39 PM org.openqa.selenium.remote.RemoteWebDriver log
WARNING: Executed: [d37a2e0572949ea8b2c4c0787656de0c, getElementTagName {id=0.33406877545139535-5}]
May 09, 2019 1:15:39 PM org.openqa.selenium.remote.RemoteWebDriver log
WARNING: Executing: sendKeysToElement [d37a2e0572949ea8b2c4c0787656de0c, sendKeysToElement {id=0.33406877545139535-5, value=[Ljava.lang.CharSequence;@1ecee32c}]
May 09, 2019 1:15:39 PM org.openqa.selenium.remote.RemoteWebDriver log
WARNING: Executed: [d37a2e0572949ea8b2c4c0787656de0c, sendKeysToElement {id=0.33406877545139535-5, value=[Ljava.lang.CharSequence;@1ecee32c}]
May 09, 2019 1:15:39 PM org.openqa.selenium.remote.RemoteWebDriver log
WARNING: Executing: sendKeysToElement [d37a2e0572949ea8b2c4c0787656de0c, sendKeysToElement {id=0.33406877545139535-5, value=[Ljava.lang.CharSequence;@4372b9b6}]
May 09, 2019 1:15:39 PM org.openqa.selenium.remote.RemoteWebDriver log
WARNING: Executed: [d37a2e0572949ea8b2c4c0787656de0c, sendKeysToElement {id=0.33406877545139535-5, value=[Ljava.lang.CharSequence;@4372b9b6}]
May 09, 2019 1:15:39 PM org.openqa.selenium.remote.RemoteWebDriver log
WARNING: Executing: sendKeysToElement [d37a2e0572949ea8b2c4c0787656de0c, sendKeysToElement {id=0.33406877545139535-5, value=[Ljava.lang.CharSequence;@232a7d73}]
May 09, 2019 1:15:39 PM org.openqa.selenium.remote.RemoteWebDriver log
WARNING: Executed: [d37a2e0572949ea8b2c4c0787656de0c, sendKeysToElement {id=0.33406877545139535-5, value=[Ljava.lang.CharSequence;@232a7d73}]
May 09, 2019 1:15:39 PM org.openqa.selenium.remote.RemoteWebDriver log
WARNING: Executing: sendKeysToElement [d37a2e0572949ea8b2c4c0787656de0c, sendKeysToElement {id=0.33406877545139535-5, value=[Ljava.lang.CharSequence;@4b41e4dd}]
May 09, 2019 1:15:39 PM org.openqa.selenium.remote.RemoteWebDriver log
WARNING: Executed: [d37a2e0572949ea8b2c4c0787656de0c, sendKeysToElement {id=0.33406877545139535-5, value=[Ljava.lang.CharSequence;@4b41e4dd}]
May 09, 2019 1:15:39 PM org.openqa.selenium.remote.RemoteWebDriver log
WARNING: Executing: sendKeysToElement [d37a2e0572949ea8b2c4c0787656de0c, sendKeysToElement {id=0.33406877545139535-5, value=[Ljava.lang.CharSequence;@22ffa91a}]
May 09, 2019 1:15:39 PM org.openqa.selenium.remote.RemoteWebDriver log
WARNING: Executed: [d37a2e0572949ea8b2c4c0787656de0c, sendKeysToElement {id=0.33406877545139535-5, value=[Ljava.lang.CharSequence;@22ffa91a}]
May 09, 2019 1:15:39 PM org.openqa.selenium.remote.RemoteWebDriver log
WARNING: Executing: sendKeysToElement [d37a2e0572949ea8b2c4c0787656de0c, sendKeysToElement {id=0.33406877545139535-5, value=[Ljava.lang.CharSequence;@74960bfa}]
May 09, 2019 1:15:39 PM org.openqa.selenium.remote.RemoteWebDriver log
WARNING: Executed: [d37a2e0572949ea8b2c4c0787656de0c, sendKeysToElement {id=0.33406877545139535-5, value=[Ljava.lang.CharSequence;@74960bfa}]
May 09, 2019 1:15:40 PM org.openqa.selenium.remote.RemoteWebDriver log
WARNING: Executing: findElement [d37a2e0572949ea8b2c4c0787656de0c, findElement {using=tag name, value=body}]
May 09, 2019 1:15:40 PM org.openqa.selenium.remote.RemoteWebDriver log
WARNING: Executed: [d37a2e0572949ea8b2c4c0787656de0c, findElement {using=tag name, value=body}]
May 09, 2019 1:15:40 PM org.openqa.selenium.remote.RemoteWebDriver log
WARNING: Executing: getElementText [d37a2e0572949ea8b2c4c0787656de0c, getElementText {id=0.33406877545139535-2}]
May 09, 2019 1:15:40 PM org.openqa.selenium.remote.RemoteWebDriver log
WARNING: Executed: [d37a2e0572949ea8b2c4c0787656de0c, getElementText {id=0.33406877545139535-2}]
May 09, 2019 1:15:40 PM org.openqa.selenium.remote.RemoteWebDriver log
WARNING: Executing: findElement [d37a2e0572949ea8b2c4c0787656de0c, findElement {using=tag name, value=body}]
May 09, 2019 1:15:40 PM org.openqa.selenium.remote.RemoteWebDriver log
WARNING: Executed: [d37a2e0572949ea8b2c4c0787656de0c, findElement {using=tag name, value=body}]
May 09, 2019 1:15:40 PM org.openqa.selenium.remote.RemoteWebDriver log
WARNING: Executing: getElementText [d37a2e0572949ea8b2c4c0787656de0c, getElementText {id=0.33406877545139535-2}]
May 09, 2019 1:15:40 PM org.openqa.selenium.remote.RemoteWebDriver log
WARNING: Executed: [d37a2e0572949ea8b2c4c0787656de0c, getElementText {id=0.33406877545139535-2}]
May 09, 2019 1:15:41 PM org.openqa.selenium.remote.RemoteWebDriver log
WARNING: Executing: findElement [d37a2e0572949ea8b2c4c0787656de0c, findElement {using=tag name, value=body}]
May 09, 2019 1:15:41 PM org.openqa.selenium.remote.RemoteWebDriver log
WARNING: Executed: [d37a2e0572949ea8b2c4c0787656de0c, findElement {using=tag name, value=body}]
May 09, 2019 1:15:41 PM org.openqa.selenium.remote.RemoteWebDriver log
WARNING: Executing: getElementText [d37a2e0572949ea8b2c4c0787656de0c, getElementText {id=0.33406877545139535-2}]
May 09, 2019 1:15:41 PM org.openqa.selenium.remote.RemoteWebDriver log
WARNING: Executed: [d37a2e0572949ea8b2c4c0787656de0c, getElementText {id=0.33406877545139535-2}]
May 09, 2019 1:15:41 PM org.openqa.selenium.remote.RemoteWebDriver log
WARNING: Executing: findElement [d37a2e0572949ea8b2c4c0787656de0c, findElement {using=id, value=internalLoginSubmit}]
May 09, 2019 1:15:41 PM org.openqa.selenium.remote.RemoteWebDriver log
WARNING: Executed: [d37a2e0572949ea8b2c4c0787656de0c, findElement {using=id, value=internalLoginSubmit}]
May 09, 2019 1:15:41 PM org.openqa.selenium.remote.RemoteWebDriver log
WARNING: Executing: isElementDisplayed [d37a2e0572949ea8b2c4c0787656de0c, isElementDisplayed {id=0.33406877545139535-3}]
May 09, 2019 1:15:41 PM org.openqa.selenium.remote.RemoteWebDriver log
WARNING: Executed: [d37a2e0572949ea8b2c4c0787656de0c, isElementDisplayed {id=0.33406877545139535-3}]
May 09, 2019 1:15:41 PM org.openqa.selenium.remote.RemoteWebDriver log
WARNING: Executing: isElementEnabled [d37a2e0572949ea8b2c4c0787656de0c, isElementEnabled {id=0.33406877545139535-3}]
May 09, 2019 1:15:41 PM org.openqa.selenium.remote.RemoteWebDriver log
WARNING: Executed: [d37a2e0572949ea8b2c4c0787656de0c, isElementEnabled {id=0.33406877545139535-3}]
May 09, 2019 1:15:41 PM org.openqa.selenium.remote.RemoteWebDriver log
WARNING: Executing: clickElement [d37a2e0572949ea8b2c4c0787656de0c, clickElement {id=0.33406877545139535-3}]
May 09, 2019 1:15:41 PM org.openqa.selenium.remote.RemoteWebDriver log
WARNING: Executed: [d37a2e0572949ea8b2c4c0787656de0c, clickElement {id=0.33406877545139535-3}]
May 09, 2019 1:15:41 PM org.openqa.selenium.remote.RemoteWebDriver log
WARNING: Executing: getCurrentUrl [d37a2e0572949ea8b2c4c0787656de0c, getCurrentUrl {}]
May 09, 2019 1:15:41 PM org.openqa.selenium.remote.RemoteWebDriver log
WARNING: Executed: [d37a2e0572949ea8b2c4c0787656de0c, getCurrentUrl {}]
May 09, 2019 1:15:41 PM org.openqa.selenium.remote.RemoteWebDriver log
WARNING: Executing: getCurrentUrl [d37a2e0572949ea8b2c4c0787656de0c, getCurrentUrl {}]
May 09, 2019 1:15:41 PM org.openqa.selenium.remote.RemoteWebDriver log
WARNING: Executed: [d37a2e0572949ea8b2c4c0787656de0c, getCurrentUrl {}]
May 09, 2019 1:15:41 PM org.openqa.selenium.remote.RemoteWebDriver log
WARNING: Executing: findElement [d37a2e0572949ea8b2c4c0787656de0c, findElement {using=class name, value=homeRoot}]
May 09, 2019 1:15:42 PM org.openqa.selenium.remote.RemoteWebDriver log
WARNING: Executed: [d37a2e0572949ea8b2c4c0787656de0c, findElement {using=class name, value=homeRoot}]
May 09, 2019 1:15:42 PM org.openqa.selenium.remote.RemoteWebDriver log
WARNING: Executing: findElement [d37a2e0572949ea8b2c4c0787656de0c, findElement {using=tag name, value=body}]
May 09, 2019 1:15:42 PM org.openqa.selenium.remote.RemoteWebDriver log
WARNING: Executed: [d37a2e0572949ea8b2c4c0787656de0c, findElement {using=tag name, value=body}]
May 09, 2019 1:15:42 PM org.openqa.selenium.remote.RemoteWebDriver log
WARNING: Executing: getElementText [d37a2e0572949ea8b2c4c0787656de0c, getElementText {id=0.33406877545139535-2}]
May 09, 2019 1:15:42 PM org.openqa.selenium.remote.RemoteWebDriver log
WARNING: Executed: [d37a2e0572949ea8b2c4c0787656de0c, getElementText {id=0.33406877545139535-2}]
May 09, 2019 1:15:43 PM org.openqa.selenium.remote.RemoteWebDriver log
WARNING: Executing: findElement [d37a2e0572949ea8b2c4c0787656de0c, findElement {using=tag name, value=body}]
May 09, 2019 1:15:43 PM org.openqa.selenium.remote.RemoteWebDriver log
WARNING: Executed: [d37a2e0572949ea8b2c4c0787656de0c, findElement {using=tag name, value=body}]
May 09, 2019 1:15:43 PM org.openqa.selenium.remote.RemoteWebDriver log
WARNING: Executing: getElementText [d37a2e0572949ea8b2c4c0787656de0c, getElementText {id=0.33406877545139535-2}]
May 09, 2019 1:15:43 PM org.openqa.selenium.remote.RemoteWebDriver log
WARNING: Executed: [d37a2e0572949ea8b2c4c0787656de0c, getElementText {id=0.33406877545139535-2}]
May 09, 2019 1:15:43 PM org.openqa.selenium.remote.RemoteWebDriver log
WARNING: Executing: findElement [d37a2e0572949ea8b2c4c0787656de0c, findElement {using=tag name, value=body}]
May 09, 2019 1:15:43 PM org.openqa.selenium.remote.RemoteWebDriver log
WARNING: Executed: [d37a2e0572949ea8b2c4c0787656de0c, findElement {using=tag name, value=body}]
May 09, 2019 1:15:43 PM org.openqa.selenium.remote.RemoteWebDriver log
WARNING: Executing: getElementText [d37a2e0572949ea8b2c4c0787656de0c, getElementText {id=0.33406877545139535-2}]
May 09, 2019 1:15:43 PM org.openqa.selenium.remote.RemoteWebDriver log
WARNING: Executed: [d37a2e0572949ea8b2c4c0787656de0c, getElementText {id=0.33406877545139535-2}]
May 09, 2019 1:15:44 PM org.openqa.selenium.remote.RemoteWebDriver log
WARNING: Executing: findElement [d37a2e0572949ea8b2c4c0787656de0c, findElement {using=tag name, value=body}]
May 09, 2019 1:15:44 PM org.openqa.selenium.remote.RemoteWebDriver log
WARNING: Executed: [d37a2e0572949ea8b2c4c0787656de0c, findElement {using=tag name, value=body}]
May 09, 2019 1:15:44 PM org.openqa.selenium.remote.RemoteWebDriver log
WARNING: Executing: getElementText [d37a2e0572949ea8b2c4c0787656de0c, getElementText {id=0.33406877545139535-2}]
May 09, 2019 1:15:44 PM org.openqa.selenium.remote.RemoteWebDriver log
WARNING: Executed: [d37a2e0572949ea8b2c4c0787656de0c, getElementText {id=0.33406877545139535-2}]
May 09, 2019 1:15:44 PM org.openqa.selenium.remote.RemoteWebDriver log
WARNING: Executing: findElements [d37a2e0572949ea8b2c4c0787656de0c, findElements {using=css selector, value=tr.jobsTableRow}]
May 09, 2019 1:15:44 PM org.openqa.selenium.remote.RemoteWebDriver log
WARNING: Executed: [d37a2e0572949ea8b2c4c0787656de0c, findElements {using=css selector, value=tr.jobsTableRow}]
May 09, 2019 1:15:44 PM org.openqa.selenium.remote.RemoteWebDriver log
WARNING: Executing: isElementDisplayed [d37a2e0572949ea8b2c4c0787656de0c, isElementDisplayed {id=0.33406877545139535-7}]
May 09, 2019 1:15:44 PM org.openqa.selenium.remote.RemoteWebDriver log
WARNING: Executed: [d37a2e0572949ea8b2c4c0787656de0c, isElementDisplayed {id=0.33406877545139535-7}]
May 09, 2019 1:15:44 PM org.openqa.selenium.remote.RemoteWebDriver log
WARNING: Executing: isElementDisplayed [d37a2e0572949ea8b2c4c0787656de0c, isElementDisplayed {id=0.33406877545139535-8}]
May 09, 2019 1:15:44 PM org.openqa.selenium.remote.RemoteWebDriver log
WARNING: Executed: [d37a2e0572949ea8b2c4c0787656de0c, isElementDisplayed {id=0.33406877545139535-8}]
May 09, 2019 1:15:44 PM org.openqa.selenium.remote.RemoteWebDriver log
WARNING: Executing: isElementDisplayed [d37a2e0572949ea8b2c4c0787656de0c, isElementDisplayed {id=0.33406877545139535-9}]
May 09, 2019 1:15:44 PM org.openqa.selenium.remote.RemoteWebDriver log
WARNING: Executed: [d37a2e0572949ea8b2c4c0787656de0c, isElementDisplayed {id=0.33406877545139535-9}]
May 09, 2019 1:15:44 PM org.openqa.selenium.remote.RemoteWebDriver log
WARNING: Executing: isElementDisplayed [d37a2e0572949ea8b2c4c0787656de0c, isElementDisplayed {id=0.33406877545139535-10}]
May 09, 2019 1:15:44 PM org.openqa.selenium.remote.RemoteWebDriver log
WARNING: Executed: [d37a2e0572949ea8b2c4c0787656de0c, isElementDisplayed {id=0.33406877545139535-10}]
May 09, 2019 1:15:44 PM org.openqa.selenium.remote.RemoteWebDriver log
WARNING: Executing: isElementDisplayed [d37a2e0572949ea8b2c4c0787656de0c, isElementDisplayed {id=0.33406877545139535-11}]
May 09, 2019 1:15:44 PM org.openqa.selenium.remote.RemoteWebDriver log
WARNING: Executed: [d37a2e0572949ea8b2c4c0787656de0c, isElementDisplayed {id=0.33406877545139535-11}]
May 09, 2019 1:15:44 PM org.openqa.selenium.remote.RemoteWebDriver log
WARNING: Executing: isElementDisplayed [d37a2e0572949ea8b2c4c0787656de0c, isElementDisplayed {id=0.33406877545139535-12}]
May 09, 2019 1:15:44 PM org.openqa.selenium.remote.RemoteWebDriver log
WARNING: Executed: [d37a2e0572949ea8b2c4c0787656de0c, isElementDisplayed {id=0.33406877545139535-12}]
May 09, 2019 1:15:44 PM org.openqa.selenium.remote.RemoteWebDriver log
WARNING: Executing: isElementDisplayed [d37a2e0572949ea8b2c4c0787656de0c, isElementDisplayed {id=0.33406877545139535-13}]
May 09, 2019 1:15:44 PM org.openqa.selenium.remote.RemoteWebDriver log
WARNING: Executed: [d37a2e0572949ea8b2c4c0787656de0c, isElementDisplayed {id=0.33406877545139535-13}]
May 09, 2019 1:15:44 PM org.openqa.selenium.remote.RemoteWebDriver log
WARNING: Executing: findChildElement [d37a2e0572949ea8b2c4c0787656de0c, findChildElement {id=0.33406877545139535-7, using=css selector, value=td.jobStatusTableCell div div:first-child}]
May 09, 2019 1:15:44 PM org.openqa.selenium.remote.RemoteWebDriver log
WARNING: Executed: [d37a2e0572949ea8b2c4c0787656de0c, findChildElement {id=0.33406877545139535-7, using=css selector, value=td.jobStatusTableCell div div:first-child}]
May 09, 2019 1:15:44 PM org.openqa.selenium.remote.RemoteWebDriver log
WARNING: Executing: getElementText [d37a2e0572949ea8b2c4c0787656de0c, getElementText {id=0.33406877545139535-14}]
May 09, 2019 1:15:44 PM org.openqa.selenium.remote.RemoteWebDriver log
WARNING: Executed: [d37a2e0572949ea8b2c4c0787656de0c, getElementText {id=0.33406877545139535-14}]
May 09, 2019 1:15:44 PM org.openqa.selenium.remote.RemoteWebDriver log
WARNING: Executing: findChildElement [d37a2e0572949ea8b2c4c0787656de0c, findChildElement {id=0.33406877545139535-8, using=css selector, value=td.jobStatusTableCell div div:first-child}]
May 09, 2019 1:15:44 PM org.openqa.selenium.remote.RemoteWebDriver log
WARNING: Executed: [d37a2e0572949ea8b2c4c0787656de0c, findChildElement {id=0.33406877545139535-8, using=css selector, value=td.jobStatusTableCell div div:first-child}]
May 09, 2019 1:15:44 PM org.openqa.selenium.remote.RemoteWebDriver log
WARNING: Executing: getElementText [d37a2e0572949ea8b2c4c0787656de0c, getElementText {id=0.33406877545139535-15}]
May 09, 2019 1:15:44 PM org.openqa.selenium.remote.RemoteWebDriver log
WARNING: Executed: [d37a2e0572949ea8b2c4c0787656de0c, getElementText {id=0.33406877545139535-15}]
May 09, 2019 1:15:44 PM org.openqa.selenium.remote.RemoteWebDriver log
WARNING: Executing: findChildElement [d37a2e0572949ea8b2c4c0787656de0c, findChildElement {id=0.33406877545139535-9, using=css selector, value=td.jobStatusTableCell div div:first-child}]
May 09, 2019 1:15:44 PM org.openqa.selenium.remote.RemoteWebDriver log
WARNING: Executed: [d37a2e0572949ea8b2c4c0787656de0c, findChildElement {id=0.33406877545139535-9, using=css selector, value=td.jobStatusTableCell div div:first-child}]
May 09, 2019 1:15:44 PM org.openqa.selenium.remote.RemoteWebDriver log
WARNING: Executing: getElementText [d37a2e0572949ea8b2c4c0787656de0c, getElementText {id=0.33406877545139535-16}]
May 09, 2019 1:15:44 PM org.openqa.selenium.remote.RemoteWebDriver log
WARNING: Executed: [d37a2e0572949ea8b2c4c0787656de0c, getElementText {id=0.33406877545139535-16}]
May 09, 2019 1:15:44 PM org.openqa.selenium.remote.RemoteWebDriver log
WARNING: Executing: findChildElement [d37a2e0572949ea8b2c4c0787656de0c, findChildElement {id=0.33406877545139535-9, using=css selector, value=td div}]
May 09, 2019 1:15:44 PM org.openqa.selenium.remote.RemoteWebDriver log
WARNING: Executed: [d37a2e0572949ea8b2c4c0787656de0c, findChildElement {id=0.33406877545139535-9, using=css selector, value=td div}]
May 09, 2019 1:15:44 PM org.openqa.selenium.remote.RemoteWebDriver log
WARNING: Executing: isElementDisplayed [d37a2e0572949ea8b2c4c0787656de0c, isElementDisplayed {id=0.33406877545139535-17}]
May 09, 2019 1:15:44 PM org.openqa.selenium.remote.RemoteWebDriver log
WARNING: Executed: [d37a2e0572949ea8b2c4c0787656de0c, isElementDisplayed {id=0.33406877545139535-17}]
May 09, 2019 1:15:44 PM org.openqa.selenium.remote.RemoteWebDriver log
WARNING: Executing: getElementSize [d37a2e0572949ea8b2c4c0787656de0c, getElementSize {id=0.33406877545139535-17}]
May 09, 2019 1:15:44 PM org.openqa.selenium.remote.RemoteWebDriver log
WARNING: Executed: [d37a2e0572949ea8b2c4c0787656de0c, getElementSize {id=0.33406877545139535-17}]
May 09, 2019 1:15:44 PM org.openqa.selenium.remote.RemoteWebDriver log
WARNING: Executing: getElementSize [d37a2e0572949ea8b2c4c0787656de0c, getElementSize {id=0.33406877545139535-17}]
May 09, 2019 1:15:44 PM org.openqa.selenium.remote.RemoteWebDriver log
WARNING: Executed: [d37a2e0572949ea8b2c4c0787656de0c, getElementSize {id=0.33406877545139535-17}]
May 09, 2019 1:15:44 PM org.openqa.selenium.remote.RemoteWebDriver log
WARNING: Executing: getElementTagName [d37a2e0572949ea8b2c4c0787656de0c, getElementTagName {id=0.33406877545139535-17}]
May 09, 2019 1:15:44 PM org.openqa.selenium.remote.RemoteWebDriver log
WARNING: Executed: [d37a2e0572949ea8b2c4c0787656de0c, getElementTagName {id=0.33406877545139535-17}]
May 09, 2019 1:15:44 PM org.openqa.selenium.remote.RemoteWebDriver log
WARNING: Executing: clickElement [d37a2e0572949ea8b2c4c0787656de0c, clickElement {id=0.33406877545139535-17}]
May 09, 2019 1:15:45 PM org.openqa.selenium.remote.RemoteWebDriver log
WARNING: Executed: [d37a2e0572949ea8b2c4c0787656de0c, clickElement {id=0.33406877545139535-17}]
May 09, 2019 1:15:45 PM org.openqa.selenium.remote.RemoteWebDriver log
WARNING: Executing: getCurrentUrl [d37a2e0572949ea8b2c4c0787656de0c, getCurrentUrl {}]
May 09, 2019 1:15:45 PM org.openqa.selenium.remote.RemoteWebDriver log
WARNING: Executed: [d37a2e0572949ea8b2c4c0787656de0c, getCurrentUrl {}]
May 09, 2019 1:15:45 PM org.openqa.selenium.remote.RemoteWebDriver log
WARNING: Executing: findElement [d37a2e0572949ea8b2c4c0787656de0c, findElement {using=css selector, value=div.kanban}]
May 09, 2019 1:15:46 PM org.openqa.selenium.remote.RemoteWebDriver log
WARNING: Executed: [d37a2e0572949ea8b2c4c0787656de0c, findElement {using=css selector, value=div.kanban}]
May 09, 2019 1:15:46 PM org.openqa.selenium.remote.RemoteWebDriver log
WARNING: Executing: getCurrentUrl [d37a2e0572949ea8b2c4c0787656de0c, getCurrentUrl {}]
May 09, 2019 1:15:46 PM org.openqa.selenium.remote.RemoteWebDriver log
WARNING: Executed: [d37a2e0572949ea8b2c4c0787656de0c, getCurrentUrl {}]
May 09, 2019 1:15:46 PM org.openqa.selenium.remote.RemoteWebDriver log
WARNING: Executing: findElements [d37a2e0572949ea8b2c4c0787656de0c, findElements {using=css selector, value=div[data-testcase-triage-category='FAIL'] li.kanbanColumnElementTitle}]
May 09, 2019 1:15:46 PM org.openqa.selenium.remote.RemoteWebDriver log
WARNING: Executed: [d37a2e0572949ea8b2c4c0787656de0c, findElements {using=css selector, value=div[data-testcase-triage-category='FAIL'] li.kanbanColumnElementTitle}]
May 09, 2019 1:15:46 PM org.openqa.selenium.remote.RemoteWebDriver log
WARNING: Executing: isElementDisplayed [d37a2e0572949ea8b2c4c0787656de0c, isElementDisplayed {id=0.33406877545139535-19}]
May 09, 2019 1:15:46 PM org.openqa.selenium.remote.RemoteWebDriver log
WARNING: Executed: [d37a2e0572949ea8b2c4c0787656de0c, isElementDisplayed {id=0.33406877545139535-19}]
May 09, 2019 1:15:46 PM org.openqa.selenium.remote.RemoteWebDriver log
WARNING: Executing: isElementDisplayed [d37a2e0572949ea8b2c4c0787656de0c, isElementDisplayed {id=0.33406877545139535-20}]
May 09, 2019 1:15:46 PM org.openqa.selenium.remote.RemoteWebDriver log
WARNING: Executed: [d37a2e0572949ea8b2c4c0787656de0c, isElementDisplayed {id=0.33406877545139535-20}]
May 09, 2019 1:15:46 PM org.openqa.selenium.remote.RemoteWebDriver log
WARNING: Executing: isElementDisplayed [d37a2e0572949ea8b2c4c0787656de0c, isElementDisplayed {id=0.33406877545139535-21}]
May 09, 2019 1:15:46 PM org.openqa.selenium.remote.RemoteWebDriver log
WARNING: Executed: [d37a2e0572949ea8b2c4c0787656de0c, isElementDisplayed {id=0.33406877545139535-21}]
May 09, 2019 1:15:46 PM org.openqa.selenium.remote.RemoteWebDriver log
WARNING: Executing: isElementDisplayed [d37a2e0572949ea8b2c4c0787656de0c, isElementDisplayed {id=0.33406877545139535-22}]
May 09, 2019 1:15:46 PM org.openqa.selenium.remote.RemoteWebDriver log
WARNING: Executed: [d37a2e0572949ea8b2c4c0787656de0c, isElementDisplayed {id=0.33406877545139535-22}]
May 09, 2019 1:15:46 PM org.openqa.selenium.remote.RemoteWebDriver log
WARNING: Executing: isElementDisplayed [d37a2e0572949ea8b2c4c0787656de0c, isElementDisplayed {id=0.33406877545139535-23}]
May 09, 2019 1:15:46 PM org.openqa.selenium.remote.RemoteWebDriver log
WARNING: Executed: [d37a2e0572949ea8b2c4c0787656de0c, isElementDisplayed {id=0.33406877545139535-23}]
May 09, 2019 1:15:46 PM org.openqa.selenium.remote.RemoteWebDriver log
WARNING: Executing: isElementDisplayed [d37a2e0572949ea8b2c4c0787656de0c, isElementDisplayed {id=0.33406877545139535-24}]
May 09, 2019 1:15:46 PM org.openqa.selenium.remote.RemoteWebDriver log
WARNING: Executed: [d37a2e0572949ea8b2c4c0787656de0c, isElementDisplayed {id=0.33406877545139535-24}]
May 09, 2019 1:15:46 PM org.openqa.selenium.remote.RemoteWebDriver log
WARNING: Executing: isElementDisplayed [d37a2e0572949ea8b2c4c0787656de0c, isElementDisplayed {id=0.33406877545139535-25}]
May 09, 2019 1:15:46 PM org.openqa.selenium.remote.RemoteWebDriver log
WARNING: Executed: [d37a2e0572949ea8b2c4c0787656de0c, isElementDisplayed {id=0.33406877545139535-25}]
May 09, 2019 1:15:46 PM org.openqa.selenium.remote.RemoteWebDriver log
WARNING: Executing: isElementDisplayed [d37a2e0572949ea8b2c4c0787656de0c, isElementDisplayed {id=0.33406877545139535-26}]
May 09, 2019 1:15:46 PM org.openqa.selenium.remote.RemoteWebDriver log
WARNING: Executed: [d37a2e0572949ea8b2c4c0787656de0c, isElementDisplayed {id=0.33406877545139535-26}]
May 09, 2019 1:15:46 PM org.openqa.selenium.remote.RemoteWebDriver log
WARNING: Executing: isElementDisplayed [d37a2e0572949ea8b2c4c0787656de0c, isElementDisplayed {id=0.33406877545139535-27}]
May 09, 2019 1:15:46 PM org.openqa.selenium.remote.RemoteWebDriver log
WARNING: Executed: [d37a2e0572949ea8b2c4c0787656de0c, isElementDisplayed {id=0.33406877545139535-27}]
May 09, 2019 1:15:46 PM org.openqa.selenium.remote.RemoteWebDriver log
WARNING: Executing: isElementDisplayed [d37a2e0572949ea8b2c4c0787656de0c, isElementDisplayed {id=0.33406877545139535-28}]
May 09, 2019 1:15:46 PM org.openqa.selenium.remote.RemoteWebDriver log
WARNING: Executed: [d37a2e0572949ea8b2c4c0787656de0c, isElementDisplayed {id=0.33406877545139535-28}]
May 09, 2019 1:15:46 PM org.openqa.selenium.remote.RemoteWebDriver log
WARNING: Executing: isElementDisplayed [d37a2e0572949ea8b2c4c0787656de0c, isElementDisplayed {id=0.33406877545139535-29}]
May 09, 2019 1:15:46 PM org.openqa.selenium.remote.RemoteWebDriver log
WARNING: Executed: [d37a2e0572949ea8b2c4c0787656de0c, isElementDisplayed {id=0.33406877545139535-29}]
May 09, 2019 1:15:46 PM org.openqa.selenium.remote.RemoteWebDriver log
WARNING: Executing: isElementDisplayed [d37a2e0572949ea8b2c4c0787656de0c, isElementDisplayed {id=0.33406877545139535-30}]
May 09, 2019 1:15:46 PM org.openqa.selenium.remote.RemoteWebDriver log
WARNING: Executed: [d37a2e0572949ea8b2c4c0787656de0c, isElementDisplayed {id=0.33406877545139535-30}]
May 09, 2019 1:15:46 PM org.openqa.selenium.remote.RemoteWebDriver log
WARNING: Executing: isElementDisplayed [d37a2e0572949ea8b2c4c0787656de0c, isElementDisplayed {id=0.33406877545139535-31}]
May 09, 2019 1:15:46 PM org.openqa.selenium.remote.RemoteWebDriver log
WARNING: Executed: [d37a2e0572949ea8b2c4c0787656de0c, isElementDisplayed {id=0.33406877545139535-31}]
May 09, 2019 1:15:46 PM org.openqa.selenium.remote.RemoteWebDriver log
WARNING: Executing: isElementDisplayed [d37a2e0572949ea8b2c4c0787656de0c, isElementDisplayed {id=0.33406877545139535-32}]
May 09, 2019 1:15:46 PM org.openqa.selenium.remote.RemoteWebDriver log
WARNING: Executed: [d37a2e0572949ea8b2c4c0787656de0c, isElementDisplayed {id=0.33406877545139535-32}]
May 09, 2019 1:15:46 PM org.openqa.selenium.remote.RemoteWebDriver log
WARNING: Executing: isElementDisplayed [d37a2e0572949ea8b2c4c0787656de0c, isElementDisplayed {id=0.33406877545139535-33}]
May 09, 2019 1:15:46 PM org.openqa.selenium.remote.RemoteWebDriver log
WARNING: Executed: [d37a2e0572949ea8b2c4c0787656de0c, isElementDisplayed {id=0.33406877545139535-33}]
May 09, 2019 1:15:46 PM org.openqa.selenium.remote.RemoteWebDriver log
WARNING: Executing: isElementDisplayed [d37a2e0572949ea8b2c4c0787656de0c, isElementDisplayed {id=0.33406877545139535-34}]
May 09, 2019 1:15:46 PM org.openqa.selenium.remote.RemoteWebDriver log
WARNING: Executed: [d37a2e0572949ea8b2c4c0787656de0c, isElementDisplayed {id=0.33406877545139535-34}]
May 09, 2019 1:15:46 PM org.openqa.selenium.remote.RemoteWebDriver log
WARNING: Executing: isElementDisplayed [d37a2e0572949ea8b2c4c0787656de0c, isElementDisplayed {id=0.33406877545139535-35}]
May 09, 2019 1:15:46 PM org.openqa.selenium.remote.RemoteWebDriver log
WARNING: Executed: [d37a2e0572949ea8b2c4c0787656de0c, isElementDisplayed {id=0.33406877545139535-35}]
May 09, 2019 1:15:46 PM org.openqa.selenium.remote.RemoteWebDriver log
WARNING: Executing: isElementDisplayed [d37a2e0572949ea8b2c4c0787656de0c, isElementDisplayed {id=0.33406877545139535-36}]
May 09, 2019 1:15:46 PM org.openqa.selenium.remote.RemoteWebDriver log
WARNING: Executed: [d37a2e0572949ea8b2c4c0787656de0c, isElementDisplayed {id=0.33406877545139535-36}]
May 09, 2019 1:15:46 PM org.openqa.selenium.remote.RemoteWebDriver log
WARNING: Executing: isElementDisplayed [d37a2e0572949ea8b2c4c0787656de0c, isElementDisplayed {id=0.33406877545139535-37}]
May 09, 2019 1:15:46 PM org.openqa.selenium.remote.RemoteWebDriver log
WARNING: Executed: [d37a2e0572949ea8b2c4c0787656de0c, isElementDisplayed {id=0.33406877545139535-37}]
May 09, 2019 1:15:46 PM org.openqa.selenium.remote.RemoteWebDriver log
WARNING: Executing: isElementDisplayed [d37a2e0572949ea8b2c4c0787656de0c, isElementDisplayed {id=0.33406877545139535-38}]
May 09, 2019 1:15:46 PM org.openqa.selenium.remote.RemoteWebDriver log
WARNING: Executed: [d37a2e0572949ea8b2c4c0787656de0c, isElementDisplayed {id=0.33406877545139535-38}]
May 09, 2019 1:15:46 PM org.openqa.selenium.remote.RemoteWebDriver log
WARNING: Executing: isElementDisplayed [d37a2e0572949ea8b2c4c0787656de0c, isElementDisplayed {id=0.33406877545139535-39}]
May 09, 2019 1:15:46 PM org.openqa.selenium.remote.RemoteWebDriver log
WARNING: Executed: [d37a2e0572949ea8b2c4c0787656de0c, isElementDisplayed {id=0.33406877545139535-39}]
May 09, 2019 1:15:46 PM org.openqa.selenium.remote.RemoteWebDriver log
WARNING: Executing: isElementDisplayed [d37a2e0572949ea8b2c4c0787656de0c, isElementDisplayed {id=0.33406877545139535-40}]
May 09, 2019 1:15:46 PM org.openqa.selenium.remote.RemoteWebDriver log
WARNING: Executed: [d37a2e0572949ea8b2c4c0787656de0c, isElementDisplayed {id=0.33406877545139535-40}]
May 09, 2019 1:15:46 PM org.openqa.selenium.remote.RemoteWebDriver log
WARNING: Executing: isElementDisplayed [d37a2e0572949ea8b2c4c0787656de0c, isElementDisplayed {id=0.33406877545139535-41}]
May 09, 2019 1:15:46 PM org.openqa.selenium.remote.RemoteWebDriver log
WARNING: Executed: [d37a2e0572949ea8b2c4c0787656de0c, isElementDisplayed {id=0.33406877545139535-41}]
May 09, 2019 1:15:46 PM org.openqa.selenium.remote.RemoteWebDriver log
WARNING: Executing: isElementDisplayed [d37a2e0572949ea8b2c4c0787656de0c, isElementDisplayed {id=0.33406877545139535-42}]
May 09, 2019 1:15:46 PM org.openqa.selenium.remote.RemoteWebDriver log
WARNING: Executed: [d37a2e0572949ea8b2c4c0787656de0c, isElementDisplayed {id=0.33406877545139535-42}]
May 09, 2019 1:15:46 PM org.openqa.selenium.remote.RemoteWebDriver log
WARNING: Executing: isElementDisplayed [d37a2e0572949ea8b2c4c0787656de0c, isElementDisplayed {id=0.33406877545139535-43}]
May 09, 2019 1:15:46 PM org.openqa.selenium.remote.RemoteWebDriver log
WARNING: Executed: [d37a2e0572949ea8b2c4c0787656de0c, isElementDisplayed {id=0.33406877545139535-43}]
May 09, 2019 1:15:46 PM org.openqa.selenium.remote.RemoteWebDriver log
WARNING: Executing: isElementDisplayed [d37a2e0572949ea8b2c4c0787656de0c, isElementDisplayed {id=0.33406877545139535-44}]
May 09, 2019 1:15:46 PM org.openqa.selenium.remote.RemoteWebDriver log
WARNING: Executed: [d37a2e0572949ea8b2c4c0787656de0c, isElementDisplayed {id=0.33406877545139535-44}]
May 09, 2019 1:15:46 PM org.openqa.selenium.remote.RemoteWebDriver log
WARNING: Executing: isElementDisplayed [d37a2e0572949ea8b2c4c0787656de0c, isElementDisplayed {id=0.33406877545139535-45}]
May 09, 2019 1:15:46 PM org.openqa.selenium.remote.RemoteWebDriver log
WARNING: Executed: [d37a2e0572949ea8b2c4c0787656de0c, isElementDisplayed {id=0.33406877545139535-45}]
May 09, 2019 1:15:46 PM org.openqa.selenium.remote.RemoteWebDriver log
WARNING: Executing: isElementDisplayed [d37a2e0572949ea8b2c4c0787656de0c, isElementDisplayed {id=0.33406877545139535-46}]
May 09, 2019 1:15:46 PM org.openqa.selenium.remote.RemoteWebDriver log
WARNING: Executed: [d37a2e0572949ea8b2c4c0787656de0c, isElementDisplayed {id=0.33406877545139535-46}]
May 09, 2019 1:15:46 PM org.openqa.selenium.remote.RemoteWebDriver log
WARNING: Executing: isElementDisplayed [d37a2e0572949ea8b2c4c0787656de0c, isElementDisplayed {id=0.33406877545139535-47}]
May 09, 2019 1:15:46 PM org.openqa.selenium.remote.RemoteWebDriver log
WARNING: Executed: [d37a2e0572949ea8b2c4c0787656de0c, isElementDisplayed {id=0.33406877545139535-47}]
May 09, 2019 1:15:46 PM org.openqa.selenium.remote.RemoteWebDriver log
WARNING: Executing: isElementDisplayed [d37a2e0572949ea8b2c4c0787656de0c, isElementDisplayed {id=0.33406877545139535-48}]
May 09, 2019 1:15:47 PM org.openqa.selenium.remote.RemoteWebDriver log
WARNING: Executed: [d37a2e0572949ea8b2c4c0787656de0c, isElementDisplayed {id=0.33406877545139535-48}]
May 09, 2019 1:15:47 PM org.openqa.selenium.remote.RemoteWebDriver log
WARNING: Executing: isElementDisplayed [d37a2e0572949ea8b2c4c0787656de0c, isElementDisplayed {id=0.33406877545139535-49}]
May 09, 2019 1:15:47 PM org.openqa.selenium.remote.RemoteWebDriver log
WARNING: Executed: [d37a2e0572949ea8b2c4c0787656de0c, isElementDisplayed {id=0.33406877545139535-49}]
May 09, 2019 1:15:47 PM org.openqa.selenium.remote.RemoteWebDriver log
WARNING: Executing: isElementDisplayed [d37a2e0572949ea8b2c4c0787656de0c, isElementDisplayed {id=0.33406877545139535-50}]
May 09, 2019 1:15:47 PM org.openqa.selenium.remote.RemoteWebDriver log
WARNING: Executed: [d37a2e0572949ea8b2c4c0787656de0c, isElementDisplayed {id=0.33406877545139535-50}]
May 09, 2019 1:15:47 PM org.openqa.selenium.remote.RemoteWebDriver log
WARNING: Executing: isElementDisplayed [d37a2e0572949ea8b2c4c0787656de0c, isElementDisplayed {id=0.33406877545139535-51}]
May 09, 2019 1:15:47 PM org.openqa.selenium.remote.RemoteWebDriver log
WARNING: Executed: [d37a2e0572949ea8b2c4c0787656de0c, isElementDisplayed {id=0.33406877545139535-51}]
May 09, 2019 1:15:47 PM org.openqa.selenium.remote.RemoteWebDriver log
WARNING: Executing: isElementDisplayed [d37a2e0572949ea8b2c4c0787656de0c, isElementDisplayed {id=0.33406877545139535-52}]
May 09, 2019 1:15:47 PM org.openqa.selenium.remote.RemoteWebDriver log
WARNING: Executed: [d37a2e0572949ea8b2c4c0787656de0c, isElementDisplayed {id=0.33406877545139535-52}]
May 09, 2019 1:15:47 PM org.openqa.selenium.remote.RemoteWebDriver log
WARNING: Executing: isElementDisplayed [d37a2e0572949ea8b2c4c0787656de0c, isElementDisplayed {id=0.33406877545139535-53}]
May 09, 2019 1:15:47 PM org.openqa.selenium.remote.RemoteWebDriver log
WARNING: Executed: [d37a2e0572949ea8b2c4c0787656de0c, isElementDisplayed {id=0.33406877545139535-53}]
May 09, 2019 1:15:47 PM org.openqa.selenium.remote.RemoteWebDriver log
WARNING: Executing: isElementDisplayed [d37a2e0572949ea8b2c4c0787656de0c, isElementDisplayed {id=0.33406877545139535-54}]
May 09, 2019 1:15:47 PM org.openqa.selenium.remote.RemoteWebDriver log
WARNING: Executed: [d37a2e0572949ea8b2c4c0787656de0c, isElementDisplayed {id=0.33406877545139535-54}]
May 09, 2019 1:15:47 PM org.openqa.selenium.remote.RemoteWebDriver log
WARNING: Executing: isElementDisplayed [d37a2e0572949ea8b2c4c0787656de0c, isElementDisplayed {id=0.33406877545139535-55}]
May 09, 2019 1:15:47 PM org.openqa.selenium.remote.RemoteWebDriver log
WARNING: Executed: [d37a2e0572949ea8b2c4c0787656de0c, isElementDisplayed {id=0.33406877545139535-55}]
May 09, 2019 1:15:47 PM org.openqa.selenium.remote.RemoteWebDriver log
WARNING: Executing: isElementDisplayed [d37a2e0572949ea8b2c4c0787656de0c, isElementDisplayed {id=0.33406877545139535-56}]
May 09, 2019 1:15:47 PM org.openqa.selenium.remote.RemoteWebDriver log
WARNING: Executed: [d37a2e0572949ea8b2c4c0787656de0c, isElementDisplayed {id=0.33406877545139535-56}]
May 09, 2019 1:15:47 PM org.openqa.selenium.remote.RemoteWebDriver log
WARNING: Executing: isElementDisplayed [d37a2e0572949ea8b2c4c0787656de0c, isElementDisplayed {id=0.33406877545139535-57}]
May 09, 2019 1:15:47 PM org.openqa.selenium.remote.RemoteWebDriver log
WARNING: Executed: [d37a2e0572949ea8b2c4c0787656de0c, isElementDisplayed {id=0.33406877545139535-57}]
May 09, 2019 1:15:47 PM org.openqa.selenium.remote.RemoteWebDriver log
WARNING: Executing: isElementDisplayed [d37a2e0572949ea8b2c4c0787656de0c, isElementDisplayed {id=0.33406877545139535-58}]
May 09, 2019 1:15:47 PM org.openqa.selenium.remote.RemoteWebDriver log
WARNING: Executed: [d37a2e0572949ea8b2c4c0787656de0c, isElementDisplayed {id=0.33406877545139535-58}]
May 09, 2019 1:15:47 PM org.openqa.selenium.remote.RemoteWebDriver log
WARNING: Executing: isElementDisplayed [d37a2e0572949ea8b2c4c0787656de0c, isElementDisplayed {id=0.33406877545139535-59}]
May 09, 2019 1:15:47 PM org.openqa.selenium.remote.RemoteWebDriver log
WARNING: Executed: [d37a2e0572949ea8b2c4c0787656de0c, isElementDisplayed {id=0.33406877545139535-59}]
May 09, 2019 1:15:47 PM org.openqa.selenium.remote.RemoteWebDriver log
WARNING: Executing: isElementDisplayed [d37a2e0572949ea8b2c4c0787656de0c, isElementDisplayed {id=0.33406877545139535-60}]
May 09, 2019 1:15:47 PM org.openqa.selenium.remote.RemoteWebDriver log
WARNING: Executed: [d37a2e0572949ea8b2c4c0787656de0c, isElementDisplayed {id=0.33406877545139535-60}]
May 09, 2019 1:15:47 PM org.openqa.selenium.remote.RemoteWebDriver log
WARNING: Executing: isElementDisplayed [d37a2e0572949ea8b2c4c0787656de0c, isElementDisplayed {id=0.33406877545139535-61}]
May 09, 2019 1:15:47 PM org.openqa.selenium.remote.RemoteWebDriver log
WARNING: Executed: [d37a2e0572949ea8b2c4c0787656de0c, isElementDisplayed {id=0.33406877545139535-61}]
May 09, 2019 1:15:47 PM org.openqa.selenium.remote.RemoteWebDriver log
WARNING: Executing: isElementDisplayed [d37a2e0572949ea8b2c4c0787656de0c, isElementDisplayed {id=0.33406877545139535-62}]
May 09, 2019 1:15:47 PM org.openqa.selenium.remote.RemoteWebDriver log
WARNING: Executed: [d37a2e0572949ea8b2c4c0787656de0c, isElementDisplayed {id=0.33406877545139535-62}]
May 09, 2019 1:15:47 PM org.openqa.selenium.remote.RemoteWebDriver log
WARNING: Executing: isElementDisplayed [d37a2e0572949ea8b2c4c0787656de0c, isElementDisplayed {id=0.33406877545139535-63}]
May 09, 2019 1:15:47 PM org.openqa.selenium.remote.RemoteWebDriver log
WARNING: Executed: [d37a2e0572949ea8b2c4c0787656de0c, isElementDisplayed {id=0.33406877545139535-63}]
May 09, 2019 1:15:47 PM org.openqa.selenium.remote.RemoteWebDriver log
WARNING: Executing: isElementDisplayed [d37a2e0572949ea8b2c4c0787656de0c, isElementDisplayed {id=0.33406877545139535-64}]
May 09, 2019 1:15:47 PM org.openqa.selenium.remote.RemoteWebDriver log
WARNING: Executed: [d37a2e0572949ea8b2c4c0787656de0c, isElementDisplayed {id=0.33406877545139535-64}]
May 09, 2019 1:15:47 PM org.openqa.selenium.remote.RemoteWebDriver log
WARNING: Executing: isElementDisplayed [d37a2e0572949ea8b2c4c0787656de0c, isElementDisplayed {id=0.33406877545139535-65}]
May 09, 2019 1:15:47 PM org.openqa.selenium.remote.RemoteWebDriver log
WARNING: Executed: [d37a2e0572949ea8b2c4c0787656de0c, isElementDisplayed {id=0.33406877545139535-65}]
May 09, 2019 1:15:47 PM org.openqa.selenium.remote.RemoteWebDriver log
WARNING: Executing: isElementDisplayed [d37a2e0572949ea8b2c4c0787656de0c, isElementDisplayed {id=0.33406877545139535-66}]
May 09, 2019 1:15:47 PM org.openqa.selenium.remote.RemoteWebDriver log
WARNING: Executed: [d37a2e0572949ea8b2c4c0787656de0c, isElementDisplayed {id=0.33406877545139535-66}]
May 09, 2019 1:15:47 PM org.openqa.selenium.remote.RemoteWebDriver log
WARNING: Executing: isElementDisplayed [d37a2e0572949ea8b2c4c0787656de0c, isElementDisplayed {id=0.33406877545139535-67}]
May 09, 2019 1:15:47 PM org.openqa.selenium.remote.RemoteWebDriver log
WARNING: Executed: [d37a2e0572949ea8b2c4c0787656de0c, isElementDisplayed {id=0.33406877545139535-67}]
May 09, 2019 1:15:47 PM org.openqa.selenium.remote.RemoteWebDriver log
WARNING: Executing: isElementDisplayed [d37a2e0572949ea8b2c4c0787656de0c, isElementDisplayed {id=0.33406877545139535-68}]
May 09, 2019 1:15:47 PM org.openqa.selenium.remote.RemoteWebDriver log
WARNING: Executed: [d37a2e0572949ea8b2c4c0787656de0c, isElementDisplayed {id=0.33406877545139535-68}]
May 09, 2019 1:15:47 PM org.openqa.selenium.remote.RemoteWebDriver log
WARNING: Executing: isElementDisplayed [d37a2e0572949ea8b2c4c0787656de0c, isElementDisplayed {id=0.33406877545139535-69}]
May 09, 2019 1:15:47 PM org.openqa.selenium.remote.RemoteWebDriver log
WARNING: Executed: [d37a2e0572949ea8b2c4c0787656de0c, isElementDisplayed {id=0.33406877545139535-69}]
May 09, 2019 1:15:47 PM org.openqa.selenium.remote.RemoteWebDriver log
WARNING: Executing: isElementDisplayed [d37a2e0572949ea8b2c4c0787656de0c, isElementDisplayed {id=0.33406877545139535-70}]
May 09, 2019 1:15:47 PM org.openqa.selenium.remote.RemoteWebDriver log
WARNING: Executed: [d37a2e0572949ea8b2c4c0787656de0c, isElementDisplayed {id=0.33406877545139535-70}]
May 09, 2019 1:15:47 PM org.openqa.selenium.remote.RemoteWebDriver log
WARNING: Executing: getElementText [d37a2e0572949ea8b2c4c0787656de0c, getElementText {id=0.33406877545139535-19}]
May 09, 2019 1:15:47 PM org.openqa.selenium.remote.RemoteWebDriver log
WARNING: Executed: [d37a2e0572949ea8b2c4c0787656de0c, getElementText {id=0.33406877545139535-19}]
May 09, 2019 1:15:47 PM org.openqa.selenium.remote.RemoteWebDriver log
WARNING: Executing: findElement [d37a2e0572949ea8b2c4c0787656de0c, findElement {using=tag name, value=body}]
May 09, 2019 1:15:47 PM org.openqa.selenium.remote.RemoteWebDriver log
WARNING: Executed: [d37a2e0572949ea8b2c4c0787656de0c, findElement {using=tag name, value=body}]
May 09, 2019 1:15:47 PM org.openqa.selenium.remote.RemoteWebDriver log
WARNING: Executing: getElementText [d37a2e0572949ea8b2c4c0787656de0c, getElementText {id=0.33406877545139535-2}]
May 09, 2019 1:15:48 PM org.openqa.selenium.remote.RemoteWebDriver log
WARNING: Executed: [d37a2e0572949ea8b2c4c0787656de0c, getElementText {id=0.33406877545139535-2}]
May 09, 2019 1:15:48 PM org.openqa.selenium.remote.RemoteWebDriver log
WARNING: Executing: findElement [d37a2e0572949ea8b2c4c0787656de0c, findElement {using=tag name, value=body}]
May 09, 2019 1:15:48 PM org.openqa.selenium.remote.RemoteWebDriver log
WARNING: Executed: [d37a2e0572949ea8b2c4c0787656de0c, findElement {using=tag name, value=body}]
May 09, 2019 1:15:48 PM org.openqa.selenium.remote.RemoteWebDriver log
WARNING: Executing: getElementText [d37a2e0572949ea8b2c4c0787656de0c, getElementText {id=0.33406877545139535-2}]
May 09, 2019 1:15:49 PM org.openqa.selenium.remote.RemoteWebDriver log
WARNING: Executed: [d37a2e0572949ea8b2c4c0787656de0c, getElementText {id=0.33406877545139535-2}]
May 09, 2019 1:15:49 PM org.openqa.selenium.remote.RemoteWebDriver log
WARNING: Executing: findElements [d37a2e0572949ea8b2c4c0787656de0c, findElements {using=css selector, value=div[data-testcase-triage-category='FAIL'] li.kanbanColumnElementTitle}]
May 09, 2019 1:15:49 PM org.openqa.selenium.remote.RemoteWebDriver log
WARNING: Executed: [d37a2e0572949ea8b2c4c0787656de0c, findElements {using=css selector, value=div[data-testcase-triage-category='FAIL'] li.kanbanColumnElementTitle}]
May 09, 2019 1:15:49 PM org.openqa.selenium.remote.RemoteWebDriver log
WARNING: Executing: getElementText [d37a2e0572949ea8b2c4c0787656de0c, getElementText {id=0.33406877545139535-19}]
May 09, 2019 1:15:49 PM org.openqa.selenium.remote.RemoteWebDriver log
WARNING: Executed: [d37a2e0572949ea8b2c4c0787656de0c, getElementText {id=0.33406877545139535-19}]
May 09, 2019 1:15:49 PM org.openqa.selenium.remote.RemoteWebDriver log
WARNING: Executing: clickElement [d37a2e0572949ea8b2c4c0787656de0c, clickElement {id=0.33406877545139535-19}]
May 09, 2019 1:15:49 PM org.openqa.selenium.remote.RemoteWebDriver log
WARNING: Executed: [d37a2e0572949ea8b2c4c0787656de0c, clickElement {id=0.33406877545139535-19}]
May 09, 2019 1:15:49 PM org.openqa.selenium.remote.RemoteWebDriver log
WARNING: Executing: getCurrentUrl [d37a2e0572949ea8b2c4c0787656de0c, getCurrentUrl {}]
May 09, 2019 1:15:49 PM org.openqa.selenium.remote.RemoteWebDriver log
WARNING: Executed: [d37a2e0572949ea8b2c4c0787656de0c, getCurrentUrl {}]
May 09, 2019 1:15:49 PM org.openqa.selenium.remote.RemoteWebDriver log
WARNING: Executing: findElement [d37a2e0572949ea8b2c4c0787656de0c, findElement {using=class name, value=homeRoot}]
May 09, 2019 1:15:49 PM org.openqa.selenium.remote.RemoteWebDriver log
WARNING: Executed: [d37a2e0572949ea8b2c4c0787656de0c, findElement {using=class name, value=homeRoot}]
May 09, 2019 1:15:49 PM org.openqa.selenium.remote.RemoteWebDriver log
WARNING: Executing: findElement [d37a2e0572949ea8b2c4c0787656de0c, findElement {using=tag name, value=body}]
May 09, 2019 1:15:49 PM org.openqa.selenium.remote.RemoteWebDriver log
WARNING: Executed: [d37a2e0572949ea8b2c4c0787656de0c, findElement {using=tag name, value=body}]
May 09, 2019 1:15:49 PM org.openqa.selenium.remote.RemoteWebDriver log
WARNING: Executing: getElementText [d37a2e0572949ea8b2c4c0787656de0c, getElementText {id=0.33406877545139535-2}]
May 09, 2019 1:15:49 PM org.openqa.selenium.remote.RemoteWebDriver log
WARNING: Executed: [d37a2e0572949ea8b2c4c0787656de0c, getElementText {id=0.33406877545139535-2}]
May 09, 2019 1:15:50 PM org.openqa.selenium.remote.RemoteWebDriver log
WARNING: Executing: findElement [d37a2e0572949ea8b2c4c0787656de0c, findElement {using=tag name, value=body}]
May 09, 2019 1:15:50 PM org.openqa.selenium.remote.RemoteWebDriver log
WARNING: Executed: [d37a2e0572949ea8b2c4c0787656de0c, findElement {using=tag name, value=body}]
May 09, 2019 1:15:50 PM org.openqa.selenium.remote.RemoteWebDriver log
WARNING: Executing: getElementText [d37a2e0572949ea8b2c4c0787656de0c, getElementText {id=0.33406877545139535-2}]
May 09, 2019 1:15:50 PM org.openqa.selenium.remote.RemoteWebDriver log
WARNING: Executed: [d37a2e0572949ea8b2c4c0787656de0c, getElementText {id=0.33406877545139535-2}]
May 09, 2019 1:15:50 PM org.openqa.selenium.remote.RemoteWebDriver log
WARNING: Executing: findElement [d37a2e0572949ea8b2c4c0787656de0c, findElement {using=tag name, value=body}]
May 09, 2019 1:15:51 PM org.openqa.selenium.remote.RemoteWebDriver log
WARNING: Executed: [d37a2e0572949ea8b2c4c0787656de0c, findElement {using=tag name, value=body}]
May 09, 2019 1:15:51 PM org.openqa.selenium.remote.RemoteWebDriver log
WARNING: Executing: getElementText [d37a2e0572949ea8b2c4c0787656de0c, getElementText {id=0.33406877545139535-2}]
May 09, 2019 1:15:51 PM org.openqa.selenium.remote.RemoteWebDriver log
WARNING: Executed: [d37a2e0572949ea8b2c4c0787656de0c, getElementText {id=0.33406877545139535-2}]
May 09, 2019 1:15:52 PM org.openqa.selenium.remote.RemoteWebDriver log
WARNING: Executing: findElement [d37a2e0572949ea8b2c4c0787656de0c, findElement {using=tag name, value=body}]
May 09, 2019 1:15:52 PM org.openqa.selenium.remote.RemoteWebDriver log
WARNING: Executed: [d37a2e0572949ea8b2c4c0787656de0c, findElement {using=tag name, value=body}]
May 09, 2019 1:15:52 PM org.openqa.selenium.remote.RemoteWebDriver log
WARNING: Executing: getElementText [d37a2e0572949ea8b2c4c0787656de0c, getElementText {id=0.33406877545139535-2}]
May 09, 2019 1:15:52 PM org.openqa.selenium.remote.RemoteWebDriver log
WARNING: Executed: [d37a2e0572949ea8b2c4c0787656de0c, getElementText {id=0.33406877545139535-2}]
May 09, 2019 1:15:52 PM org.openqa.selenium.remote.RemoteWebDriver log
WARNING: Executing: findElement [d37a2e0572949ea8b2c4c0787656de0c, findElement {using=tag name, value=body}]
May 09, 2019 1:15:52 PM org.openqa.selenium.remote.RemoteWebDriver log
WARNING: Executed: [d37a2e0572949ea8b2c4c0787656de0c, findElement {using=tag name, value=body}]
May 09, 2019 1:15:52 PM org.openqa.selenium.remote.RemoteWebDriver log
WARNING: Executing: getElementText [d37a2e0572949ea8b2c4c0787656de0c, getElementText {id=0.33406877545139535-2}]
May 09, 2019 1:15:53 PM org.openqa.selenium.remote.RemoteWebDriver log
WARNING: Executed: [d37a2e0572949ea8b2c4c0787656de0c, getElementText {id=0.33406877545139535-2}]
May 09, 2019 1:15:53 PM org.openqa.selenium.remote.RemoteWebDriver log
WARNING: Executing: findElement [d37a2e0572949ea8b2c4c0787656de0c, findElement {using=tag name, value=body}]
May 09, 2019 1:15:53 PM org.openqa.selenium.remote.RemoteWebDriver log
WARNING: Executed: [d37a2e0572949ea8b2c4c0787656de0c, findElement {using=tag name, value=body}]
May 09, 2019 1:15:53 PM org.openqa.selenium.remote.RemoteWebDriver log
WARNING: Executing: getElementText [d37a2e0572949ea8b2c4c0787656de0c, getElementText {id=0.33406877545139535-2}]
May 09, 2019 1:15:54 PM org.openqa.selenium.remote.RemoteWebDriver log
WARNING: Executed: [d37a2e0572949ea8b2c4c0787656de0c, getElementText {id=0.33406877545139535-2}]
May 09, 2019 1:15:54 PM org.openqa.selenium.remote.RemoteWebDriver log
WARNING: Executing: findElement [d37a2e0572949ea8b2c4c0787656de0c, findElement {using=css selector, value=button#triage}]
May 09, 2019 1:15:54 PM org.openqa.selenium.remote.RemoteWebDriver log
WARNING: Executed: [d37a2e0572949ea8b2c4c0787656de0c, findElement {using=css selector, value=button#triage}]
May 09, 2019 1:15:54 PM org.openqa.selenium.remote.RemoteWebDriver log
WARNING: Executing: isElementDisplayed [d37a2e0572949ea8b2c4c0787656de0c, isElementDisplayed {id=0.33406877545139535-71}]
May 09, 2019 1:15:54 PM org.openqa.selenium.remote.RemoteWebDriver log
WARNING: Executed: [d37a2e0572949ea8b2c4c0787656de0c, isElementDisplayed {id=0.33406877545139535-71}]
May 09, 2019 1:15:54 PM org.openqa.selenium.remote.RemoteWebDriver log
WARNING: Executing: isElementEnabled [d37a2e0572949ea8b2c4c0787656de0c, isElementEnabled {id=0.33406877545139535-71}]
May 09, 2019 1:15:54 PM org.openqa.selenium.remote.RemoteWebDriver log
WARNING: Executed: [d37a2e0572949ea8b2c4c0787656de0c, isElementEnabled {id=0.33406877545139535-71}]
May 09, 2019 1:15:54 PM org.openqa.selenium.remote.RemoteWebDriver log
WARNING: Executing: findElement [d37a2e0572949ea8b2c4c0787656de0c, findElement {using=css selector, value=button#triage}]
May 09, 2019 1:15:54 PM org.openqa.selenium.remote.RemoteWebDriver log
WARNING: Executed: [d37a2e0572949ea8b2c4c0787656de0c, findElement {using=css selector, value=button#triage}]
May 09, 2019 1:15:54 PM org.openqa.selenium.remote.RemoteWebDriver log
WARNING: Executing: isElementDisplayed [d37a2e0572949ea8b2c4c0787656de0c, isElementDisplayed {id=0.33406877545139535-71}]
May 09, 2019 1:15:54 PM org.openqa.selenium.remote.RemoteWebDriver log
WARNING: Executed: [d37a2e0572949ea8b2c4c0787656de0c, isElementDisplayed {id=0.33406877545139535-71}]
May 09, 2019 1:15:54 PM org.openqa.selenium.remote.RemoteWebDriver log
WARNING: Executing: isElementEnabled [d37a2e0572949ea8b2c4c0787656de0c, isElementEnabled {id=0.33406877545139535-71}]
May 09, 2019 1:15:54 PM org.openqa.selenium.remote.RemoteWebDriver log
WARNING: Executed: [d37a2e0572949ea8b2c4c0787656de0c, isElementEnabled {id=0.33406877545139535-71}]
May 09, 2019 1:15:55 PM org.openqa.selenium.remote.RemoteWebDriver log
WARNING: Executing: findElement [d37a2e0572949ea8b2c4c0787656de0c, findElement {using=css selector, value=button#triage}]
May 09, 2019 1:15:55 PM org.openqa.selenium.remote.RemoteWebDriver log
WARNING: Executed: [d37a2e0572949ea8b2c4c0787656de0c, findElement {using=css selector, value=button#triage}]
May 09, 2019 1:15:55 PM org.openqa.selenium.remote.RemoteWebDriver log
WARNING: Executing: isElementDisplayed [d37a2e0572949ea8b2c4c0787656de0c, isElementDisplayed {id=0.33406877545139535-71}]
May 09, 2019 1:15:55 PM org.openqa.selenium.remote.RemoteWebDriver log
WARNING: Executed: [d37a2e0572949ea8b2c4c0787656de0c, isElementDisplayed {id=0.33406877545139535-71}]
May 09, 2019 1:15:55 PM org.openqa.selenium.remote.RemoteWebDriver log
WARNING: Executing: isElementEnabled [d37a2e0572949ea8b2c4c0787656de0c, isElementEnabled {id=0.33406877545139535-71}]
May 09, 2019 1:15:55 PM org.openqa.selenium.remote.RemoteWebDriver log
WARNING: Executed: [d37a2e0572949ea8b2c4c0787656de0c, isElementEnabled {id=0.33406877545139535-71}]
May 09, 2019 1:15:55 PM org.openqa.selenium.remote.RemoteWebDriver log
WARNING: Executing: findElement [d37a2e0572949ea8b2c4c0787656de0c, findElement {using=css selector, value=button#triage}]
May 09, 2019 1:15:56 PM org.openqa.selenium.remote.RemoteWebDriver log
WARNING: Executed: [d37a2e0572949ea8b2c4c0787656de0c, findElement {using=css selector, value=button#triage}]
May 09, 2019 1:15:56 PM org.openqa.selenium.remote.RemoteWebDriver log
WARNING: Executing: isElementDisplayed [d37a2e0572949ea8b2c4c0787656de0c, isElementDisplayed {id=0.33406877545139535-71}]
May 09, 2019 1:15:56 PM org.openqa.selenium.remote.RemoteWebDriver log
WARNING: Executed: [d37a2e0572949ea8b2c4c0787656de0c, isElementDisplayed {id=0.33406877545139535-71}]
May 09, 2019 1:15:56 PM org.openqa.selenium.remote.RemoteWebDriver log
WARNING: Executing: isElementEnabled [d37a2e0572949ea8b2c4c0787656de0c, isElementEnabled {id=0.33406877545139535-71}]
May 09, 2019 1:15:56 PM org.openqa.selenium.remote.RemoteWebDriver log
WARNING: Executed: [d37a2e0572949ea8b2c4c0787656de0c, isElementEnabled {id=0.33406877545139535-71}]
May 09, 2019 1:15:56 PM org.openqa.selenium.remote.RemoteWebDriver log
WARNING: Executing: findElement [d37a2e0572949ea8b2c4c0787656de0c, findElement {using=css selector, value=button#triage}]
May 09, 2019 1:15:56 PM org.openqa.selenium.remote.RemoteWebDriver log
WARNING: Executed: [d37a2e0572949ea8b2c4c0787656de0c, findElement {using=css selector, value=button#triage}]
May 09, 2019 1:15:56 PM org.openqa.selenium.remote.RemoteWebDriver log
WARNING: Executing: isElementDisplayed [d37a2e0572949ea8b2c4c0787656de0c, isElementDisplayed {id=0.33406877545139535-71}]
May 09, 2019 1:15:56 PM org.openqa.selenium.remote.RemoteWebDriver log
WARNING: Executed: [d37a2e0572949ea8b2c4c0787656de0c, isElementDisplayed {id=0.33406877545139535-71}]
May 09, 2019 1:15:56 PM org.openqa.selenium.remote.RemoteWebDriver log
WARNING: Executing: isElementEnabled [d37a2e0572949ea8b2c4c0787656de0c, isElementEnabled {id=0.33406877545139535-71}]
May 09, 2019 1:15:56 PM org.openqa.selenium.remote.RemoteWebDriver log
WARNING: Executed: [d37a2e0572949ea8b2c4c0787656de0c, isElementEnabled {id=0.33406877545139535-71}]
May 09, 2019 1:15:57 PM org.openqa.selenium.remote.RemoteWebDriver log
WARNING: Executing: findElement [d37a2e0572949ea8b2c4c0787656de0c, findElement {using=css selector, value=button#triage}]
May 09, 2019 1:15:57 PM org.openqa.selenium.remote.RemoteWebDriver log
WARNING: Executed: [d37a2e0572949ea8b2c4c0787656de0c, findElement {using=css selector, value=button#triage}]
May 09, 2019 1:15:57 PM org.openqa.selenium.remote.RemoteWebDriver log
WARNING: Executing: isElementDisplayed [d37a2e0572949ea8b2c4c0787656de0c, isElementDisplayed {id=0.33406877545139535-71}]
May 09, 2019 1:15:57 PM org.openqa.selenium.remote.RemoteWebDriver log
WARNING: Executed: [d37a2e0572949ea8b2c4c0787656de0c, isElementDisplayed {id=0.33406877545139535-71}]
May 09, 2019 1:15:57 PM org.openqa.selenium.remote.RemoteWebDriver log
WARNING: Executing: isElementEnabled [d37a2e0572949ea8b2c4c0787656de0c, isElementEnabled {id=0.33406877545139535-71}]
May 09, 2019 1:15:57 PM org.openqa.selenium.remote.RemoteWebDriver log
WARNING: Executed: [d37a2e0572949ea8b2c4c0787656de0c, isElementEnabled {id=0.33406877545139535-71}]
May 09, 2019 1:15:57 PM org.openqa.selenium.remote.RemoteWebDriver log
WARNING: Executing: findElement [d37a2e0572949ea8b2c4c0787656de0c, findElement {using=css selector, value=button#triage}]
May 09, 2019 1:15:57 PM org.openqa.selenium.remote.RemoteWebDriver log
WARNING: Executed: [d37a2e0572949ea8b2c4c0787656de0c, findElement {using=css selector, value=button#triage}]
May 09, 2019 1:15:57 PM org.openqa.selenium.remote.RemoteWebDriver log
WARNING: Executing: isElementDisplayed [d37a2e0572949ea8b2c4c0787656de0c, isElementDisplayed {id=0.33406877545139535-71}]
May 09, 2019 1:15:57 PM org.openqa.selenium.remote.RemoteWebDriver log
WARNING: Executed: [d37a2e0572949ea8b2c4c0787656de0c, isElementDisplayed {id=0.33406877545139535-71}]
May 09, 2019 1:15:57 PM org.openqa.selenium.remote.RemoteWebDriver log
WARNING: Executing: isElementEnabled [d37a2e0572949ea8b2c4c0787656de0c, isElementEnabled {id=0.33406877545139535-71}]
May 09, 2019 1:15:57 PM org.openqa.selenium.remote.RemoteWebDriver log
WARNING: Executed: [d37a2e0572949ea8b2c4c0787656de0c, isElementEnabled {id=0.33406877545139535-71}]
May 09, 2019 1:15:58 PM org.openqa.selenium.remote.RemoteWebDriver log
WARNING: Executing: findElement [d37a2e0572949ea8b2c4c0787656de0c, findElement {using=css selector, value=button#triage}]
May 09, 2019 1:15:58 PM org.openqa.selenium.remote.RemoteWebDriver log
WARNING: Executed: [d37a2e0572949ea8b2c4c0787656de0c, findElement {using=css selector, value=button#triage}]
May 09, 2019 1:15:58 PM org.openqa.selenium.remote.RemoteWebDriver log
WARNING: Executing: isElementDisplayed [d37a2e0572949ea8b2c4c0787656de0c, isElementDisplayed {id=0.33406877545139535-71}]
May 09, 2019 1:15:58 PM org.openqa.selenium.remote.RemoteWebDriver log
WARNING: Executed: [d37a2e0572949ea8b2c4c0787656de0c, isElementDisplayed {id=0.33406877545139535-71}]
May 09, 2019 1:15:58 PM org.openqa.selenium.remote.RemoteWebDriver log
WARNING: Executing: isElementEnabled [d37a2e0572949ea8b2c4c0787656de0c, isElementEnabled {id=0.33406877545139535-71}]
May 09, 2019 1:15:58 PM org.openqa.selenium.remote.RemoteWebDriver log
WARNING: Executed: [d37a2e0572949ea8b2c4c0787656de0c, isElementEnabled {id=0.33406877545139535-71}]
May 09, 2019 1:15:58 PM org.openqa.selenium.remote.RemoteWebDriver log
WARNING: Executing: findElement [d37a2e0572949ea8b2c4c0787656de0c, findElement {using=css selector, value=button#triage}]
May 09, 2019 1:15:58 PM org.openqa.selenium.remote.RemoteWebDriver log
WARNING: Executed: [d37a2e0572949ea8b2c4c0787656de0c, findElement {using=css selector, value=button#triage}]
May 09, 2019 1:15:58 PM org.openqa.selenium.remote.RemoteWebDriver log
WARNING: Executing: isElementDisplayed [d37a2e0572949ea8b2c4c0787656de0c, isElementDisplayed {id=0.33406877545139535-71}]
May 09, 2019 1:15:58 PM org.openqa.selenium.remote.RemoteWebDriver log
WARNING: Executed: [d37a2e0572949ea8b2c4c0787656de0c, isElementDisplayed {id=0.33406877545139535-71}]
May 09, 2019 1:15:58 PM org.openqa.selenium.remote.RemoteWebDriver log
WARNING: Executing: isElementEnabled [d37a2e0572949ea8b2c4c0787656de0c, isElementEnabled {id=0.33406877545139535-71}]
May 09, 2019 1:15:58 PM org.openqa.selenium.remote.RemoteWebDriver log
WARNING: Executed: [d37a2e0572949ea8b2c4c0787656de0c, isElementEnabled {id=0.33406877545139535-71}]
May 09, 2019 1:15:59 PM org.openqa.selenium.remote.RemoteWebDriver log
WARNING: Executing: findElement [d37a2e0572949ea8b2c4c0787656de0c, findElement {using=css selector, value=button#triage}]
May 09, 2019 1:15:59 PM org.openqa.selenium.remote.RemoteWebDriver log
WARNING: Executed: [d37a2e0572949ea8b2c4c0787656de0c, findElement {using=css selector, value=button#triage}]
May 09, 2019 1:15:59 PM org.openqa.selenium.remote.RemoteWebDriver log
WARNING: Executing: isElementDisplayed [d37a2e0572949ea8b2c4c0787656de0c, isElementDisplayed {id=0.33406877545139535-71}]
May 09, 2019 1:15:59 PM org.openqa.selenium.remote.RemoteWebDriver log
WARNING: Executed: [d37a2e0572949ea8b2c4c0787656de0c, isElementDisplayed {id=0.33406877545139535-71}]
May 09, 2019 1:15:59 PM org.openqa.selenium.remote.RemoteWebDriver log
WARNING: Executing: isElementEnabled [d37a2e0572949ea8b2c4c0787656de0c, isElementEnabled {id=0.33406877545139535-71}]
May 09, 2019 1:15:59 PM org.openqa.selenium.remote.RemoteWebDriver log
WARNING: Executed: [d37a2e0572949ea8b2c4c0787656de0c, isElementEnabled {id=0.33406877545139535-71}]
May 09, 2019 1:15:59 PM org.openqa.selenium.remote.RemoteWebDriver log
WARNING: Executing: findElement [d37a2e0572949ea8b2c4c0787656de0c, findElement {using=css selector, value=button#triage}]
May 09, 2019 1:15:59 PM org.openqa.selenium.remote.RemoteWebDriver log
WARNING: Executed: [d37a2e0572949ea8b2c4c0787656de0c, findElement {using=css selector, value=button#triage}]
May 09, 2019 1:15:59 PM org.openqa.selenium.remote.RemoteWebDriver log
WARNING: Executing: isElementDisplayed [d37a2e0572949ea8b2c4c0787656de0c, isElementDisplayed {id=0.33406877545139535-71}]
May 09, 2019 1:15:59 PM org.openqa.selenium.remote.RemoteWebDriver log
WARNING: Executed: [d37a2e0572949ea8b2c4c0787656de0c, isElementDisplayed {id=0.33406877545139535-71}]
May 09, 2019 1:15:59 PM org.openqa.selenium.remote.RemoteWebDriver log
WARNING: Executing: isElementEnabled [d37a2e0572949ea8b2c4c0787656de0c, isElementEnabled {id=0.33406877545139535-71}]
May 09, 2019 1:15:59 PM org.openqa.selenium.remote.RemoteWebDriver log
WARNING: Executed: [d37a2e0572949ea8b2c4c0787656de0c, isElementEnabled {id=0.33406877545139535-71}]
]]></system-err>
  </testcase>
  <testcase name="testCreateHighPriority" classname="com.clarolab.AutomationIssuesTest" time="20.758">
    <failure message="Timed out after 5 seconds: Element 'By.cssSelector: button#triage' never became clickable after '5' seconds
Build info: version: '2.45.0', revision: '5017cb8e7ca8e37638dc3091b2440b90a1d8686f', time: '2015-02-27 09:10:26'
System info: host: '6888e31d0e98', ip: '172.17.0.9', os.name: 'Linux', os.arch: 'amd64', os.version: '4.15.0-29-generic', java.version: '1.8.0_212'
Driver info: org.openqa.selenium.remote.RemoteWebDriver
Capabilities [{mobileEmulationEnabled=false, timeouts={implicit=0, pageLoad=300000, script=30000}, hasTouchScreen=false, platform=LINUX, acceptSslCerts=false, goog:chromeOptions={debuggerAddress=localhost:42671}, acceptInsecureCerts=false, webStorageEnabled=true, browserName=chrome, takesScreenshot=true, javascriptEnabled=true, setWindowRect=true, unexpectedAlertBehaviour=ignore, applicationCacheEnabled=false, rotatable=false, networkConnectionEnabled=false, chrome={chromedriverVersion=73.0.3683.68 (47787ec04b6e38e22703e856e101e840b65afe72), userDataDir=/tmp/.com.google.Chrome.NCLXqR}, takesHeapSnapshot=true, pageLoadStrategy=normal, strictFileInteractability=false, databaseEnabled=false, handlesAlerts=true, version=73.0.3683.86, browserConnectionEnabled=false, proxy={}, nativeEvents=true, webdriver.remote.sessionid=a888c94550e1c34de1cb15fa51bd8d2e, locationContextEnabled=true, cssSelectorsEnabled=true}]
Session ID: a888c94550e1c34de1cb15fa51bd8d2e" type="org.openqa.selenium.TimeoutException">org.openqa.selenium.TimeoutException: 
Timed out after 5 seconds: Element 'By.cssSelector: button#triage' never became clickable after '5' seconds
Build info: version: '2.45.0', revision: '5017cb8e7ca8e37638dc3091b2440b90a1d8686f', time: '2015-02-27 09:10:26'
System info: host: '6888e31d0e98', ip: '172.17.0.9', os.name: 'Linux', os.arch: 'amd64', os.version: '4.15.0-29-generic', java.version: '1.8.0_212'
Driver info: org.openqa.selenium.remote.RemoteWebDriver
Capabilities [{mobileEmulationEnabled=false, timeouts={implicit=0, pageLoad=300000, script=30000}, hasTouchScreen=false, platform=LINUX, acceptSslCerts=false, goog:chromeOptions={debuggerAddress=localhost:42671}, acceptInsecureCerts=false, webStorageEnabled=true, browserName=chrome, takesScreenshot=true, javascriptEnabled=true, setWindowRect=true, unexpectedAlertBehaviour=ignore, applicationCacheEnabled=false, rotatable=false, networkConnectionEnabled=false, chrome={chromedriverVersion=73.0.3683.68 (47787ec04b6e38e22703e856e101e840b65afe72), userDataDir=/tmp/.com.google.Chrome.NCLXqR}, takesHeapSnapshot=true, pageLoadStrategy=normal, strictFileInteractability=false, databaseEnabled=false, handlesAlerts=true, version=73.0.3683.86, browserConnectionEnabled=false, proxy={}, nativeEvents=true, webdriver.remote.sessionid=a888c94550e1c34de1cb15fa51bd8d2e, locationContextEnabled=true, cssSelectorsEnabled=true}]
Session ID: a888c94550e1c34de1cb15fa51bd8d2e
	at com.clarolab.AutomationIssuesTest.testCreateHighPriority(AutomationIssuesTest.java:27)
</failure>
    <system-err><![CDATA[May 09, 2019 1:15:59 PM org.openqa.selenium.remote.RemoteWebDriver log
WARNING: Executing: screenshot [d37a2e0572949ea8b2c4c0787656de0c, screenshot {}]
May 09, 2019 1:16:00 PM org.openqa.selenium.remote.RemoteWebDriver log
WARNING: Executed: [d37a2e0572949ea8b2c4c0787656de0c, screenshot {}]
May 09, 2019 1:16:00 PM org.openqa.selenium.remote.RemoteWebDriver log
WARNING: Executing: getCurrentUrl [d37a2e0572949ea8b2c4c0787656de0c, getCurrentUrl {}]
May 09, 2019 1:16:00 PM org.openqa.selenium.remote.RemoteWebDriver log
WARNING: Executed: [d37a2e0572949ea8b2c4c0787656de0c, getCurrentUrl {}]
May 09, 2019 1:16:00 PM com.clarolab.BaseTest takeScreenShot
INFO: Screenshot of http://tdev.clarolab.com/Test/6004/Triage taken: screenshot93874.png
May 09, 2019 1:16:00 PM org.openqa.selenium.remote.RemoteWebDriver log
WARNING: Executing: deleteAllCookies [d37a2e0572949ea8b2c4c0787656de0c, deleteAllCookies {}]
May 09, 2019 1:16:00 PM org.openqa.selenium.remote.RemoteWebDriver log
WARNING: Executed: [d37a2e0572949ea8b2c4c0787656de0c, deleteAllCookies {}]
May 09, 2019 1:16:00 PM org.openqa.selenium.remote.RemoteWebDriver log
WARNING: Executing: quit [d37a2e0572949ea8b2c4c0787656de0c, quit {}]
May 09, 2019 1:16:00 PM org.openqa.selenium.remote.RemoteWebDriver log
WARNING: Executed: [d37a2e0572949ea8b2c4c0787656de0c, quit {}]
May 09, 2019 1:16:00 PM org.openqa.selenium.remote.RemoteWebDriver log
WARNING: Executing: quit [null, quit {}]
May 09, 2019 1:16:00 PM org.openqa.selenium.remote.RemoteWebDriver log
WARNING: Executed: [null, quit {}]
May 09, 2019 1:16:00 PM org.openqa.selenium.remote.RemoteWebDriver log
WARNING: Executing: setTimeout [a888c94550e1c34de1cb15fa51bd8d2e, setTimeout {type=page load, ms=80000}]
May 09, 2019 1:16:00 PM org.openqa.selenium.remote.RemoteWebDriver log
WARNING: Executed: [a888c94550e1c34de1cb15fa51bd8d2e, setTimeout {type=page load, ms=80000}]
May 09, 2019 1:16:00 PM org.openqa.selenium.remote.RemoteWebDriver log
WARNING: Executing: implicitlyWait [a888c94550e1c34de1cb15fa51bd8d2e, implicitlyWait {ms=2000}]
May 09, 2019 1:16:00 PM org.openqa.selenium.remote.RemoteWebDriver log
WARNING: Executed: [a888c94550e1c34de1cb15fa51bd8d2e, implicitlyWait {ms=2000}]
May 09, 2019 1:16:00 PM org.openqa.selenium.remote.RemoteWebDriver log
WARNING: Executing: get [a888c94550e1c34de1cb15fa51bd8d2e, get {url=http://tdev.clarolab.com/}]
May 09, 2019 1:16:02 PM org.openqa.selenium.remote.RemoteWebDriver log
WARNING: Executed: [a888c94550e1c34de1cb15fa51bd8d2e, get {url=http://tdev.clarolab.com/}]
May 09, 2019 1:16:02 PM org.openqa.selenium.remote.RemoteWebDriver log
WARNING: Executing: getCurrentUrl [a888c94550e1c34de1cb15fa51bd8d2e, getCurrentUrl {}]
May 09, 2019 1:16:02 PM org.openqa.selenium.remote.RemoteWebDriver log
WARNING: Executed: [a888c94550e1c34de1cb15fa51bd8d2e, getCurrentUrl {}]
May 09, 2019 1:16:02 PM org.openqa.selenium.remote.RemoteWebDriver log
WARNING: Executing: getCurrentUrl [a888c94550e1c34de1cb15fa51bd8d2e, getCurrentUrl {}]
May 09, 2019 1:16:02 PM org.openqa.selenium.remote.RemoteWebDriver log
WARNING: Executed: [a888c94550e1c34de1cb15fa51bd8d2e, getCurrentUrl {}]
May 09, 2019 1:16:02 PM org.openqa.selenium.remote.RemoteWebDriver log
WARNING: Executing: findElement [a888c94550e1c34de1cb15fa51bd8d2e, findElement {using=id, value=loginForm}]
May 09, 2019 1:16:03 PM org.openqa.selenium.remote.RemoteWebDriver log
WARNING: Executed: [a888c94550e1c34de1cb15fa51bd8d2e, findElement {using=id, value=loginForm}]
May 09, 2019 1:16:03 PM org.openqa.selenium.remote.RemoteWebDriver log
WARNING: Executing: findElement [a888c94550e1c34de1cb15fa51bd8d2e, findElement {using=tag name, value=body}]
May 09, 2019 1:16:03 PM org.openqa.selenium.remote.RemoteWebDriver log
WARNING: Executed: [a888c94550e1c34de1cb15fa51bd8d2e, findElement {using=tag name, value=body}]
May 09, 2019 1:16:03 PM org.openqa.selenium.remote.RemoteWebDriver log
WARNING: Executing: getElementText [a888c94550e1c34de1cb15fa51bd8d2e, getElementText {id=0.4176510208987809-2}]
May 09, 2019 1:16:03 PM org.openqa.selenium.remote.RemoteWebDriver log
WARNING: Executed: [a888c94550e1c34de1cb15fa51bd8d2e, getElementText {id=0.4176510208987809-2}]
May 09, 2019 1:16:03 PM org.openqa.selenium.remote.RemoteWebDriver log
WARNING: Executing: findElement [a888c94550e1c34de1cb15fa51bd8d2e, findElement {using=tag name, value=body}]
May 09, 2019 1:16:03 PM org.openqa.selenium.remote.RemoteWebDriver log
WARNING: Executed: [a888c94550e1c34de1cb15fa51bd8d2e, findElement {using=tag name, value=body}]
May 09, 2019 1:16:03 PM org.openqa.selenium.remote.RemoteWebDriver log
WARNING: Executing: getElementText [a888c94550e1c34de1cb15fa51bd8d2e, getElementText {id=0.4176510208987809-2}]
May 09, 2019 1:16:03 PM org.openqa.selenium.remote.RemoteWebDriver log
WARNING: Executed: [a888c94550e1c34de1cb15fa51bd8d2e, getElementText {id=0.4176510208987809-2}]
May 09, 2019 1:16:04 PM org.openqa.selenium.remote.RemoteWebDriver log
WARNING: Executing: findElement [a888c94550e1c34de1cb15fa51bd8d2e, findElement {using=tag name, value=body}]
May 09, 2019 1:16:04 PM org.openqa.selenium.remote.RemoteWebDriver log
WARNING: Executed: [a888c94550e1c34de1cb15fa51bd8d2e, findElement {using=tag name, value=body}]
May 09, 2019 1:16:04 PM org.openqa.selenium.remote.RemoteWebDriver log
WARNING: Executing: getElementText [a888c94550e1c34de1cb15fa51bd8d2e, getElementText {id=0.4176510208987809-2}]
May 09, 2019 1:16:04 PM org.openqa.selenium.remote.RemoteWebDriver log
WARNING: Executed: [a888c94550e1c34de1cb15fa51bd8d2e, getElementText {id=0.4176510208987809-2}]
May 09, 2019 1:16:04 PM org.openqa.selenium.remote.RemoteWebDriver log
WARNING: Executing: findElement [a888c94550e1c34de1cb15fa51bd8d2e, findElement {using=id, value=internalLoginSubmit}]
May 09, 2019 1:16:04 PM org.openqa.selenium.remote.RemoteWebDriver log
WARNING: Executed: [a888c94550e1c34de1cb15fa51bd8d2e, findElement {using=id, value=internalLoginSubmit}]
May 09, 2019 1:16:04 PM org.openqa.selenium.remote.RemoteWebDriver log
WARNING: Executing: isElementDisplayed [a888c94550e1c34de1cb15fa51bd8d2e, isElementDisplayed {id=0.4176510208987809-3}]
May 09, 2019 1:16:04 PM org.openqa.selenium.remote.RemoteWebDriver log
WARNING: Executed: [a888c94550e1c34de1cb15fa51bd8d2e, isElementDisplayed {id=0.4176510208987809-3}]
May 09, 2019 1:16:04 PM org.openqa.selenium.remote.RemoteWebDriver log
WARNING: Executing: isElementEnabled [a888c94550e1c34de1cb15fa51bd8d2e, isElementEnabled {id=0.4176510208987809-3}]
May 09, 2019 1:16:04 PM org.openqa.selenium.remote.RemoteWebDriver log
WARNING: Executed: [a888c94550e1c34de1cb15fa51bd8d2e, isElementEnabled {id=0.4176510208987809-3}]
May 09, 2019 1:16:04 PM org.openqa.selenium.remote.RemoteWebDriver log
WARNING: Executing: findElement [a888c94550e1c34de1cb15fa51bd8d2e, findElement {using=id, value=email}]
May 09, 2019 1:16:04 PM org.openqa.selenium.remote.RemoteWebDriver log
WARNING: Executed: [a888c94550e1c34de1cb15fa51bd8d2e, findElement {using=id, value=email}]
May 09, 2019 1:16:04 PM org.openqa.selenium.remote.RemoteWebDriver log
WARNING: Executing: getElementTagName [a888c94550e1c34de1cb15fa51bd8d2e, getElementTagName {id=0.4176510208987809-4}]
May 09, 2019 1:16:04 PM org.openqa.selenium.remote.RemoteWebDriver log
WARNING: Executed: [a888c94550e1c34de1cb15fa51bd8d2e, getElementTagName {id=0.4176510208987809-4}]
May 09, 2019 1:16:04 PM org.openqa.selenium.remote.RemoteWebDriver log
WARNING: Executing: sendKeysToElement [a888c94550e1c34de1cb15fa51bd8d2e, sendKeysToElement {id=0.4176510208987809-4, value=[Ljava.lang.CharSequence;@66746f57}]
May 09, 2019 1:16:04 PM org.openqa.selenium.remote.RemoteWebDriver log
WARNING: Executed: [a888c94550e1c34de1cb15fa51bd8d2e, sendKeysToElement {id=0.4176510208987809-4, value=[Ljava.lang.CharSequence;@66746f57}]
May 09, 2019 1:16:04 PM org.openqa.selenium.remote.RemoteWebDriver log
WARNING: Executing: sendKeysToElement [a888c94550e1c34de1cb15fa51bd8d2e, sendKeysToElement {id=0.4176510208987809-4, value=[Ljava.lang.CharSequence;@447a020}]
May 09, 2019 1:16:04 PM org.openqa.selenium.remote.RemoteWebDriver log
WARNING: Executed: [a888c94550e1c34de1cb15fa51bd8d2e, sendKeysToElement {id=0.4176510208987809-4, value=[Ljava.lang.CharSequence;@447a020}]
May 09, 2019 1:16:04 PM org.openqa.selenium.remote.RemoteWebDriver log
WARNING: Executing: sendKeysToElement [a888c94550e1c34de1cb15fa51bd8d2e, sendKeysToElement {id=0.4176510208987809-4, value=[Ljava.lang.CharSequence;@7f36662c}]
May 09, 2019 1:16:04 PM org.openqa.selenium.remote.RemoteWebDriver log
WARNING: Executed: [a888c94550e1c34de1cb15fa51bd8d2e, sendKeysToElement {id=0.4176510208987809-4, value=[Ljava.lang.CharSequence;@7f36662c}]
May 09, 2019 1:16:04 PM org.openqa.selenium.remote.RemoteWebDriver log
WARNING: Executing: sendKeysToElement [a888c94550e1c34de1cb15fa51bd8d2e, sendKeysToElement {id=0.4176510208987809-4, value=[Ljava.lang.CharSequence;@28e8dde3}]
May 09, 2019 1:16:04 PM org.openqa.selenium.remote.RemoteWebDriver log
WARNING: Executed: [a888c94550e1c34de1cb15fa51bd8d2e, sendKeysToElement {id=0.4176510208987809-4, value=[Ljava.lang.CharSequence;@28e8dde3}]
May 09, 2019 1:16:04 PM org.openqa.selenium.remote.RemoteWebDriver log
WARNING: Executing: sendKeysToElement [a888c94550e1c34de1cb15fa51bd8d2e, sendKeysToElement {id=0.4176510208987809-4, value=[Ljava.lang.CharSequence;@6d23017e}]
May 09, 2019 1:16:04 PM org.openqa.selenium.remote.RemoteWebDriver log
WARNING: Executed: [a888c94550e1c34de1cb15fa51bd8d2e, sendKeysToElement {id=0.4176510208987809-4, value=[Ljava.lang.CharSequence;@6d23017e}]
May 09, 2019 1:16:04 PM org.openqa.selenium.remote.RemoteWebDriver log
WARNING: Executing: sendKeysToElement [a888c94550e1c34de1cb15fa51bd8d2e, sendKeysToElement {id=0.4176510208987809-4, value=[Ljava.lang.CharSequence;@54dcfa5a}]
May 09, 2019 1:16:04 PM org.openqa.selenium.remote.RemoteWebDriver log
WARNING: Executed: [a888c94550e1c34de1cb15fa51bd8d2e, sendKeysToElement {id=0.4176510208987809-4, value=[Ljava.lang.CharSequence;@54dcfa5a}]
May 09, 2019 1:16:04 PM org.openqa.selenium.remote.RemoteWebDriver log
WARNING: Executing: sendKeysToElement [a888c94550e1c34de1cb15fa51bd8d2e, sendKeysToElement {id=0.4176510208987809-4, value=[Ljava.lang.CharSequence;@1817f1eb}]
May 09, 2019 1:16:05 PM org.openqa.selenium.remote.RemoteWebDriver log
WARNING: Executed: [a888c94550e1c34de1cb15fa51bd8d2e, sendKeysToElement {id=0.4176510208987809-4, value=[Ljava.lang.CharSequence;@1817f1eb}]
May 09, 2019 1:16:05 PM org.openqa.selenium.remote.RemoteWebDriver log
WARNING: Executing: sendKeysToElement [a888c94550e1c34de1cb15fa51bd8d2e, sendKeysToElement {id=0.4176510208987809-4, value=[Ljava.lang.CharSequence;@767e20cf}]
May 09, 2019 1:16:05 PM org.openqa.selenium.remote.RemoteWebDriver log
WARNING: Executed: [a888c94550e1c34de1cb15fa51bd8d2e, sendKeysToElement {id=0.4176510208987809-4, value=[Ljava.lang.CharSequence;@767e20cf}]
May 09, 2019 1:16:05 PM org.openqa.selenium.remote.RemoteWebDriver log
WARNING: Executing: sendKeysToElement [a888c94550e1c34de1cb15fa51bd8d2e, sendKeysToElement {id=0.4176510208987809-4, value=[Ljava.lang.CharSequence;@3a3e78f}]
May 09, 2019 1:16:05 PM org.openqa.selenium.remote.RemoteWebDriver log
WARNING: Executed: [a888c94550e1c34de1cb15fa51bd8d2e, sendKeysToElement {id=0.4176510208987809-4, value=[Ljava.lang.CharSequence;@3a3e78f}]
May 09, 2019 1:16:05 PM org.openqa.selenium.remote.RemoteWebDriver log
WARNING: Executing: sendKeysToElement [a888c94550e1c34de1cb15fa51bd8d2e, sendKeysToElement {id=0.4176510208987809-4, value=[Ljava.lang.CharSequence;@301ec38b}]
May 09, 2019 1:16:05 PM org.openqa.selenium.remote.RemoteWebDriver log
WARNING: Executed: [a888c94550e1c34de1cb15fa51bd8d2e, sendKeysToElement {id=0.4176510208987809-4, value=[Ljava.lang.CharSequence;@301ec38b}]
May 09, 2019 1:16:05 PM org.openqa.selenium.remote.RemoteWebDriver log
WARNING: Executing: sendKeysToElement [a888c94550e1c34de1cb15fa51bd8d2e, sendKeysToElement {id=0.4176510208987809-4, value=[Ljava.lang.CharSequence;@17a1e4ca}]
May 09, 2019 1:16:05 PM org.openqa.selenium.remote.RemoteWebDriver log
WARNING: Executed: [a888c94550e1c34de1cb15fa51bd8d2e, sendKeysToElement {id=0.4176510208987809-4, value=[Ljava.lang.CharSequence;@17a1e4ca}]
May 09, 2019 1:16:05 PM org.openqa.selenium.remote.RemoteWebDriver log
WARNING: Executing: sendKeysToElement [a888c94550e1c34de1cb15fa51bd8d2e, sendKeysToElement {id=0.4176510208987809-4, value=[Ljava.lang.CharSequence;@10ded6a9}]
May 09, 2019 1:16:05 PM org.openqa.selenium.remote.RemoteWebDriver log
WARNING: Executed: [a888c94550e1c34de1cb15fa51bd8d2e, sendKeysToElement {id=0.4176510208987809-4, value=[Ljava.lang.CharSequence;@10ded6a9}]
May 09, 2019 1:16:05 PM org.openqa.selenium.remote.RemoteWebDriver log
WARNING: Executing: sendKeysToElement [a888c94550e1c34de1cb15fa51bd8d2e, sendKeysToElement {id=0.4176510208987809-4, value=[Ljava.lang.CharSequence;@c5dc4a2}]
May 09, 2019 1:16:05 PM org.openqa.selenium.remote.RemoteWebDriver log
WARNING: Executed: [a888c94550e1c34de1cb15fa51bd8d2e, sendKeysToElement {id=0.4176510208987809-4, value=[Ljava.lang.CharSequence;@c5dc4a2}]
May 09, 2019 1:16:05 PM org.openqa.selenium.remote.RemoteWebDriver log
WARNING: Executing: sendKeysToElement [a888c94550e1c34de1cb15fa51bd8d2e, sendKeysToElement {id=0.4176510208987809-4, value=[Ljava.lang.CharSequence;@4a194c39}]
May 09, 2019 1:16:05 PM org.openqa.selenium.remote.RemoteWebDriver log
WARNING: Executed: [a888c94550e1c34de1cb15fa51bd8d2e, sendKeysToElement {id=0.4176510208987809-4, value=[Ljava.lang.CharSequence;@4a194c39}]
May 09, 2019 1:16:05 PM org.openqa.selenium.remote.RemoteWebDriver log
WARNING: Executing: sendKeysToElement [a888c94550e1c34de1cb15fa51bd8d2e, sendKeysToElement {id=0.4176510208987809-4, value=[Ljava.lang.CharSequence;@52066604}]
May 09, 2019 1:16:05 PM org.openqa.selenium.remote.RemoteWebDriver log
WARNING: Executed: [a888c94550e1c34de1cb15fa51bd8d2e, sendKeysToElement {id=0.4176510208987809-4, value=[Ljava.lang.CharSequence;@52066604}]
May 09, 2019 1:16:05 PM org.openqa.selenium.remote.RemoteWebDriver log
WARNING: Executing: sendKeysToElement [a888c94550e1c34de1cb15fa51bd8d2e, sendKeysToElement {id=0.4176510208987809-4, value=[Ljava.lang.CharSequence;@340b9973}]
May 09, 2019 1:16:05 PM org.openqa.selenium.remote.RemoteWebDriver log
WARNING: Executed: [a888c94550e1c34de1cb15fa51bd8d2e, sendKeysToElement {id=0.4176510208987809-4, value=[Ljava.lang.CharSequence;@340b9973}]
May 09, 2019 1:16:05 PM org.openqa.selenium.remote.RemoteWebDriver log
WARNING: Executing: sendKeysToElement [a888c94550e1c34de1cb15fa51bd8d2e, sendKeysToElement {id=0.4176510208987809-4, value=[Ljava.lang.CharSequence;@56113384}]
May 09, 2019 1:16:05 PM org.openqa.selenium.remote.RemoteWebDriver log
WARNING: Executed: [a888c94550e1c34de1cb15fa51bd8d2e, sendKeysToElement {id=0.4176510208987809-4, value=[Ljava.lang.CharSequence;@56113384}]
May 09, 2019 1:16:05 PM org.openqa.selenium.remote.RemoteWebDriver log
WARNING: Executing: findElement [a888c94550e1c34de1cb15fa51bd8d2e, findElement {using=id, value=password}]
May 09, 2019 1:16:05 PM org.openqa.selenium.remote.RemoteWebDriver log
WARNING: Executed: [a888c94550e1c34de1cb15fa51bd8d2e, findElement {using=id, value=password}]
May 09, 2019 1:16:05 PM org.openqa.selenium.remote.RemoteWebDriver log
WARNING: Executing: getElementTagName [a888c94550e1c34de1cb15fa51bd8d2e, getElementTagName {id=0.4176510208987809-5}]
May 09, 2019 1:16:05 PM org.openqa.selenium.remote.RemoteWebDriver log
WARNING: Executed: [a888c94550e1c34de1cb15fa51bd8d2e, getElementTagName {id=0.4176510208987809-5}]
May 09, 2019 1:16:05 PM org.openqa.selenium.remote.RemoteWebDriver log
WARNING: Executing: sendKeysToElement [a888c94550e1c34de1cb15fa51bd8d2e, sendKeysToElement {id=0.4176510208987809-5, value=[Ljava.lang.CharSequence;@5669c5fb}]
May 09, 2019 1:16:05 PM org.openqa.selenium.remote.RemoteWebDriver log
WARNING: Executed: [a888c94550e1c34de1cb15fa51bd8d2e, sendKeysToElement {id=0.4176510208987809-5, value=[Ljava.lang.CharSequence;@5669c5fb}]
May 09, 2019 1:16:05 PM org.openqa.selenium.remote.RemoteWebDriver log
WARNING: Executing: sendKeysToElement [a888c94550e1c34de1cb15fa51bd8d2e, sendKeysToElement {id=0.4176510208987809-5, value=[Ljava.lang.CharSequence;@373ebf74}]
May 09, 2019 1:16:06 PM org.openqa.selenium.remote.RemoteWebDriver log
WARNING: Executed: [a888c94550e1c34de1cb15fa51bd8d2e, sendKeysToElement {id=0.4176510208987809-5, value=[Ljava.lang.CharSequence;@373ebf74}]
May 09, 2019 1:16:06 PM org.openqa.selenium.remote.RemoteWebDriver log
WARNING: Executing: sendKeysToElement [a888c94550e1c34de1cb15fa51bd8d2e, sendKeysToElement {id=0.4176510208987809-5, value=[Ljava.lang.CharSequence;@5f9678e1}]
May 09, 2019 1:16:06 PM org.openqa.selenium.remote.RemoteWebDriver log
WARNING: Executed: [a888c94550e1c34de1cb15fa51bd8d2e, sendKeysToElement {id=0.4176510208987809-5, value=[Ljava.lang.CharSequence;@5f9678e1}]
May 09, 2019 1:16:06 PM org.openqa.selenium.remote.RemoteWebDriver log
WARNING: Executing: sendKeysToElement [a888c94550e1c34de1cb15fa51bd8d2e, sendKeysToElement {id=0.4176510208987809-5, value=[Ljava.lang.CharSequence;@c4ed84}]
May 09, 2019 1:16:06 PM org.openqa.selenium.remote.RemoteWebDriver log
WARNING: Executed: [a888c94550e1c34de1cb15fa51bd8d2e, sendKeysToElement {id=0.4176510208987809-5, value=[Ljava.lang.CharSequence;@c4ed84}]
May 09, 2019 1:16:06 PM org.openqa.selenium.remote.RemoteWebDriver log
WARNING: Executing: sendKeysToElement [a888c94550e1c34de1cb15fa51bd8d2e, sendKeysToElement {id=0.4176510208987809-5, value=[Ljava.lang.CharSequence;@189aa67a}]
May 09, 2019 1:16:06 PM org.openqa.selenium.remote.RemoteWebDriver log
WARNING: Executed: [a888c94550e1c34de1cb15fa51bd8d2e, sendKeysToElement {id=0.4176510208987809-5, value=[Ljava.lang.CharSequence;@189aa67a}]
May 09, 2019 1:16:06 PM org.openqa.selenium.remote.RemoteWebDriver log
WARNING: Executing: sendKeysToElement [a888c94550e1c34de1cb15fa51bd8d2e, sendKeysToElement {id=0.4176510208987809-5, value=[Ljava.lang.CharSequence;@5a9d6f02}]
May 09, 2019 1:16:06 PM org.openqa.selenium.remote.RemoteWebDriver log
WARNING: Executed: [a888c94550e1c34de1cb15fa51bd8d2e, sendKeysToElement {id=0.4176510208987809-5, value=[Ljava.lang.CharSequence;@5a9d6f02}]
May 09, 2019 1:16:06 PM org.openqa.selenium.remote.RemoteWebDriver log
WARNING: Executing: findElement [a888c94550e1c34de1cb15fa51bd8d2e, findElement {using=tag name, value=body}]
May 09, 2019 1:16:06 PM org.openqa.selenium.remote.RemoteWebDriver log
WARNING: Executed: [a888c94550e1c34de1cb15fa51bd8d2e, findElement {using=tag name, value=body}]
May 09, 2019 1:16:06 PM org.openqa.selenium.remote.RemoteWebDriver log
WARNING: Executing: getElementText [a888c94550e1c34de1cb15fa51bd8d2e, getElementText {id=0.4176510208987809-2}]
May 09, 2019 1:16:06 PM org.openqa.selenium.remote.RemoteWebDriver log
WARNING: Executed: [a888c94550e1c34de1cb15fa51bd8d2e, getElementText {id=0.4176510208987809-2}]
May 09, 2019 1:16:06 PM org.openqa.selenium.remote.RemoteWebDriver log
WARNING: Executing: findElement [a888c94550e1c34de1cb15fa51bd8d2e, findElement {using=tag name, value=body}]
May 09, 2019 1:16:07 PM org.openqa.selenium.remote.RemoteWebDriver log
WARNING: Executed: [a888c94550e1c34de1cb15fa51bd8d2e, findElement {using=tag name, value=body}]
May 09, 2019 1:16:07 PM org.openqa.selenium.remote.RemoteWebDriver log
WARNING: Executing: getElementText [a888c94550e1c34de1cb15fa51bd8d2e, getElementText {id=0.4176510208987809-2}]
May 09, 2019 1:16:07 PM org.openqa.selenium.remote.RemoteWebDriver log
WARNING: Executed: [a888c94550e1c34de1cb15fa51bd8d2e, getElementText {id=0.4176510208987809-2}]
May 09, 2019 1:16:07 PM org.openqa.selenium.remote.RemoteWebDriver log
WARNING: Executing: findElement [a888c94550e1c34de1cb15fa51bd8d2e, findElement {using=tag name, value=body}]
May 09, 2019 1:16:07 PM org.openqa.selenium.remote.RemoteWebDriver log
WARNING: Executed: [a888c94550e1c34de1cb15fa51bd8d2e, findElement {using=tag name, value=body}]
May 09, 2019 1:16:07 PM org.openqa.selenium.remote.RemoteWebDriver log
WARNING: Executing: getElementText [a888c94550e1c34de1cb15fa51bd8d2e, getElementText {id=0.4176510208987809-2}]
May 09, 2019 1:16:07 PM org.openqa.selenium.remote.RemoteWebDriver log
WARNING: Executed: [a888c94550e1c34de1cb15fa51bd8d2e, getElementText {id=0.4176510208987809-2}]
May 09, 2019 1:16:07 PM org.openqa.selenium.remote.RemoteWebDriver log
WARNING: Executing: findElement [a888c94550e1c34de1cb15fa51bd8d2e, findElement {using=id, value=internalLoginSubmit}]
May 09, 2019 1:16:07 PM org.openqa.selenium.remote.RemoteWebDriver log
WARNING: Executed: [a888c94550e1c34de1cb15fa51bd8d2e, findElement {using=id, value=internalLoginSubmit}]
May 09, 2019 1:16:07 PM org.openqa.selenium.remote.RemoteWebDriver log
WARNING: Executing: isElementDisplayed [a888c94550e1c34de1cb15fa51bd8d2e, isElementDisplayed {id=0.4176510208987809-3}]
May 09, 2019 1:16:07 PM org.openqa.selenium.remote.RemoteWebDriver log
WARNING: Executed: [a888c94550e1c34de1cb15fa51bd8d2e, isElementDisplayed {id=0.4176510208987809-3}]
May 09, 2019 1:16:07 PM org.openqa.selenium.remote.RemoteWebDriver log
WARNING: Executing: isElementEnabled [a888c94550e1c34de1cb15fa51bd8d2e, isElementEnabled {id=0.4176510208987809-3}]
May 09, 2019 1:16:07 PM org.openqa.selenium.remote.RemoteWebDriver log
WARNING: Executed: [a888c94550e1c34de1cb15fa51bd8d2e, isElementEnabled {id=0.4176510208987809-3}]
May 09, 2019 1:16:07 PM org.openqa.selenium.remote.RemoteWebDriver log
WARNING: Executing: clickElement [a888c94550e1c34de1cb15fa51bd8d2e, clickElement {id=0.4176510208987809-3}]
May 09, 2019 1:16:07 PM org.openqa.selenium.remote.RemoteWebDriver log
WARNING: Executed: [a888c94550e1c34de1cb15fa51bd8d2e, clickElement {id=0.4176510208987809-3}]
May 09, 2019 1:16:07 PM org.openqa.selenium.remote.RemoteWebDriver log
WARNING: Executing: getCurrentUrl [a888c94550e1c34de1cb15fa51bd8d2e, getCurrentUrl {}]
May 09, 2019 1:16:07 PM org.openqa.selenium.remote.RemoteWebDriver log
WARNING: Executed: [a888c94550e1c34de1cb15fa51bd8d2e, getCurrentUrl {}]
May 09, 2019 1:16:07 PM org.openqa.selenium.remote.RemoteWebDriver log
WARNING: Executing: getCurrentUrl [a888c94550e1c34de1cb15fa51bd8d2e, getCurrentUrl {}]
May 09, 2019 1:16:07 PM org.openqa.selenium.remote.RemoteWebDriver log
WARNING: Executed: [a888c94550e1c34de1cb15fa51bd8d2e, getCurrentUrl {}]
May 09, 2019 1:16:07 PM org.openqa.selenium.remote.RemoteWebDriver log
WARNING: Executing: findElement [a888c94550e1c34de1cb15fa51bd8d2e, findElement {using=class name, value=homeRoot}]
May 09, 2019 1:16:07 PM org.openqa.selenium.remote.RemoteWebDriver log
WARNING: Executed: [a888c94550e1c34de1cb15fa51bd8d2e, findElement {using=class name, value=homeRoot}]
May 09, 2019 1:16:07 PM org.openqa.selenium.remote.RemoteWebDriver log
WARNING: Executing: findElement [a888c94550e1c34de1cb15fa51bd8d2e, findElement {using=tag name, value=body}]
May 09, 2019 1:16:07 PM org.openqa.selenium.remote.RemoteWebDriver log
WARNING: Executed: [a888c94550e1c34de1cb15fa51bd8d2e, findElement {using=tag name, value=body}]
May 09, 2019 1:16:07 PM org.openqa.selenium.remote.RemoteWebDriver log
WARNING: Executing: getElementText [a888c94550e1c34de1cb15fa51bd8d2e, getElementText {id=0.4176510208987809-2}]
May 09, 2019 1:16:07 PM org.openqa.selenium.remote.RemoteWebDriver log
WARNING: Executed: [a888c94550e1c34de1cb15fa51bd8d2e, getElementText {id=0.4176510208987809-2}]
May 09, 2019 1:16:08 PM org.openqa.selenium.remote.RemoteWebDriver log
WARNING: Executing: findElement [a888c94550e1c34de1cb15fa51bd8d2e, findElement {using=tag name, value=body}]
May 09, 2019 1:16:08 PM org.openqa.selenium.remote.RemoteWebDriver log
WARNING: Executed: [a888c94550e1c34de1cb15fa51bd8d2e, findElement {using=tag name, value=body}]
May 09, 2019 1:16:08 PM org.openqa.selenium.remote.RemoteWebDriver log
WARNING: Executing: getElementText [a888c94550e1c34de1cb15fa51bd8d2e, getElementText {id=0.4176510208987809-2}]
May 09, 2019 1:16:08 PM org.openqa.selenium.remote.RemoteWebDriver log
WARNING: Executed: [a888c94550e1c34de1cb15fa51bd8d2e, getElementText {id=0.4176510208987809-2}]
May 09, 2019 1:16:09 PM org.openqa.selenium.remote.RemoteWebDriver log
WARNING: Executing: findElement [a888c94550e1c34de1cb15fa51bd8d2e, findElement {using=tag name, value=body}]
May 09, 2019 1:16:09 PM org.openqa.selenium.remote.RemoteWebDriver log
WARNING: Executed: [a888c94550e1c34de1cb15fa51bd8d2e, findElement {using=tag name, value=body}]
May 09, 2019 1:16:09 PM org.openqa.selenium.remote.RemoteWebDriver log
WARNING: Executing: getElementText [a888c94550e1c34de1cb15fa51bd8d2e, getElementText {id=0.4176510208987809-2}]
May 09, 2019 1:16:09 PM org.openqa.selenium.remote.RemoteWebDriver log
WARNING: Executed: [a888c94550e1c34de1cb15fa51bd8d2e, getElementText {id=0.4176510208987809-2}]
May 09, 2019 1:16:09 PM org.openqa.selenium.remote.RemoteWebDriver log
WARNING: Executing: findElement [a888c94550e1c34de1cb15fa51bd8d2e, findElement {using=tag name, value=body}]
May 09, 2019 1:16:09 PM org.openqa.selenium.remote.RemoteWebDriver log
WARNING: Executed: [a888c94550e1c34de1cb15fa51bd8d2e, findElement {using=tag name, value=body}]
May 09, 2019 1:16:09 PM org.openqa.selenium.remote.RemoteWebDriver log
WARNING: Executing: getElementText [a888c94550e1c34de1cb15fa51bd8d2e, getElementText {id=0.4176510208987809-2}]
May 09, 2019 1:16:10 PM org.openqa.selenium.remote.RemoteWebDriver log
WARNING: Executed: [a888c94550e1c34de1cb15fa51bd8d2e, getElementText {id=0.4176510208987809-2}]
May 09, 2019 1:16:10 PM org.openqa.selenium.remote.RemoteWebDriver log
WARNING: Executing: findElements [a888c94550e1c34de1cb15fa51bd8d2e, findElements {using=css selector, value=tr.jobsTableRow}]
May 09, 2019 1:16:10 PM org.openqa.selenium.remote.RemoteWebDriver log
WARNING: Executed: [a888c94550e1c34de1cb15fa51bd8d2e, findElements {using=css selector, value=tr.jobsTableRow}]
May 09, 2019 1:16:10 PM org.openqa.selenium.remote.RemoteWebDriver log
WARNING: Executing: isElementDisplayed [a888c94550e1c34de1cb15fa51bd8d2e, isElementDisplayed {id=0.4176510208987809-7}]
May 09, 2019 1:16:10 PM org.openqa.selenium.remote.RemoteWebDriver log
WARNING: Executed: [a888c94550e1c34de1cb15fa51bd8d2e, isElementDisplayed {id=0.4176510208987809-7}]
May 09, 2019 1:16:10 PM org.openqa.selenium.remote.RemoteWebDriver log
WARNING: Executing: isElementDisplayed [a888c94550e1c34de1cb15fa51bd8d2e, isElementDisplayed {id=0.4176510208987809-8}]
May 09, 2019 1:16:10 PM org.openqa.selenium.remote.RemoteWebDriver log
WARNING: Executed: [a888c94550e1c34de1cb15fa51bd8d2e, isElementDisplayed {id=0.4176510208987809-8}]
May 09, 2019 1:16:10 PM org.openqa.selenium.remote.RemoteWebDriver log
WARNING: Executing: isElementDisplayed [a888c94550e1c34de1cb15fa51bd8d2e, isElementDisplayed {id=0.4176510208987809-9}]
May 09, 2019 1:16:10 PM org.openqa.selenium.remote.RemoteWebDriver log
WARNING: Executed: [a888c94550e1c34de1cb15fa51bd8d2e, isElementDisplayed {id=0.4176510208987809-9}]
May 09, 2019 1:16:10 PM org.openqa.selenium.remote.RemoteWebDriver log
WARNING: Executing: isElementDisplayed [a888c94550e1c34de1cb15fa51bd8d2e, isElementDisplayed {id=0.4176510208987809-10}]
May 09, 2019 1:16:10 PM org.openqa.selenium.remote.RemoteWebDriver log
WARNING: Executed: [a888c94550e1c34de1cb15fa51bd8d2e, isElementDisplayed {id=0.4176510208987809-10}]
May 09, 2019 1:16:10 PM org.openqa.selenium.remote.RemoteWebDriver log
WARNING: Executing: isElementDisplayed [a888c94550e1c34de1cb15fa51bd8d2e, isElementDisplayed {id=0.4176510208987809-11}]
May 09, 2019 1:16:10 PM org.openqa.selenium.remote.RemoteWebDriver log
WARNING: Executed: [a888c94550e1c34de1cb15fa51bd8d2e, isElementDisplayed {id=0.4176510208987809-11}]
May 09, 2019 1:16:10 PM org.openqa.selenium.remote.RemoteWebDriver log
WARNING: Executing: isElementDisplayed [a888c94550e1c34de1cb15fa51bd8d2e, isElementDisplayed {id=0.4176510208987809-12}]
May 09, 2019 1:16:10 PM org.openqa.selenium.remote.RemoteWebDriver log
WARNING: Executed: [a888c94550e1c34de1cb15fa51bd8d2e, isElementDisplayed {id=0.4176510208987809-12}]
May 09, 2019 1:16:10 PM org.openqa.selenium.remote.RemoteWebDriver log
WARNING: Executing: isElementDisplayed [a888c94550e1c34de1cb15fa51bd8d2e, isElementDisplayed {id=0.4176510208987809-13}]
May 09, 2019 1:16:10 PM org.openqa.selenium.remote.RemoteWebDriver log
WARNING: Executed: [a888c94550e1c34de1cb15fa51bd8d2e, isElementDisplayed {id=0.4176510208987809-13}]
May 09, 2019 1:16:10 PM org.openqa.selenium.remote.RemoteWebDriver log
WARNING: Executing: findChildElement [a888c94550e1c34de1cb15fa51bd8d2e, findChildElement {id=0.4176510208987809-7, using=css selector, value=td.jobStatusTableCell div div:first-child}]
May 09, 2019 1:16:10 PM org.openqa.selenium.remote.RemoteWebDriver log
WARNING: Executed: [a888c94550e1c34de1cb15fa51bd8d2e, findChildElement {id=0.4176510208987809-7, using=css selector, value=td.jobStatusTableCell div div:first-child}]
May 09, 2019 1:16:10 PM org.openqa.selenium.remote.RemoteWebDriver log
WARNING: Executing: getElementText [a888c94550e1c34de1cb15fa51bd8d2e, getElementText {id=0.4176510208987809-14}]
May 09, 2019 1:16:10 PM org.openqa.selenium.remote.RemoteWebDriver log
WARNING: Executed: [a888c94550e1c34de1cb15fa51bd8d2e, getElementText {id=0.4176510208987809-14}]
May 09, 2019 1:16:10 PM org.openqa.selenium.remote.RemoteWebDriver log
WARNING: Executing: findChildElement [a888c94550e1c34de1cb15fa51bd8d2e, findChildElement {id=0.4176510208987809-8, using=css selector, value=td.jobStatusTableCell div div:first-child}]
May 09, 2019 1:16:10 PM org.openqa.selenium.remote.RemoteWebDriver log
WARNING: Executed: [a888c94550e1c34de1cb15fa51bd8d2e, findChildElement {id=0.4176510208987809-8, using=css selector, value=td.jobStatusTableCell div div:first-child}]
May 09, 2019 1:16:10 PM org.openqa.selenium.remote.RemoteWebDriver log
WARNING: Executing: getElementText [a888c94550e1c34de1cb15fa51bd8d2e, getElementText {id=0.4176510208987809-15}]
May 09, 2019 1:16:10 PM org.openqa.selenium.remote.RemoteWebDriver log
WARNING: Executed: [a888c94550e1c34de1cb15fa51bd8d2e, getElementText {id=0.4176510208987809-15}]
May 09, 2019 1:16:10 PM org.openqa.selenium.remote.RemoteWebDriver log
WARNING: Executing: findChildElement [a888c94550e1c34de1cb15fa51bd8d2e, findChildElement {id=0.4176510208987809-9, using=css selector, value=td.jobStatusTableCell div div:first-child}]
May 09, 2019 1:16:10 PM org.openqa.selenium.remote.RemoteWebDriver log
WARNING: Executed: [a888c94550e1c34de1cb15fa51bd8d2e, findChildElement {id=0.4176510208987809-9, using=css selector, value=td.jobStatusTableCell div div:first-child}]
May 09, 2019 1:16:10 PM org.openqa.selenium.remote.RemoteWebDriver log
WARNING: Executing: getElementText [a888c94550e1c34de1cb15fa51bd8d2e, getElementText {id=0.4176510208987809-16}]
May 09, 2019 1:16:10 PM org.openqa.selenium.remote.RemoteWebDriver log
WARNING: Executed: [a888c94550e1c34de1cb15fa51bd8d2e, getElementText {id=0.4176510208987809-16}]
May 09, 2019 1:16:10 PM org.openqa.selenium.remote.RemoteWebDriver log
WARNING: Executing: findChildElement [a888c94550e1c34de1cb15fa51bd8d2e, findChildElement {id=0.4176510208987809-9, using=css selector, value=td div}]
May 09, 2019 1:16:10 PM org.openqa.selenium.remote.RemoteWebDriver log
WARNING: Executed: [a888c94550e1c34de1cb15fa51bd8d2e, findChildElement {id=0.4176510208987809-9, using=css selector, value=td div}]
May 09, 2019 1:16:10 PM org.openqa.selenium.remote.RemoteWebDriver log
WARNING: Executing: isElementDisplayed [a888c94550e1c34de1cb15fa51bd8d2e, isElementDisplayed {id=0.4176510208987809-17}]
May 09, 2019 1:16:10 PM org.openqa.selenium.remote.RemoteWebDriver log
WARNING: Executed: [a888c94550e1c34de1cb15fa51bd8d2e, isElementDisplayed {id=0.4176510208987809-17}]
May 09, 2019 1:16:10 PM org.openqa.selenium.remote.RemoteWebDriver log
WARNING: Executing: getElementSize [a888c94550e1c34de1cb15fa51bd8d2e, getElementSize {id=0.4176510208987809-17}]
May 09, 2019 1:16:10 PM org.openqa.selenium.remote.RemoteWebDriver log
WARNING: Executed: [a888c94550e1c34de1cb15fa51bd8d2e, getElementSize {id=0.4176510208987809-17}]
May 09, 2019 1:16:10 PM org.openqa.selenium.remote.RemoteWebDriver log
WARNING: Executing: getElementSize [a888c94550e1c34de1cb15fa51bd8d2e, getElementSize {id=0.4176510208987809-17}]
May 09, 2019 1:16:10 PM org.openqa.selenium.remote.RemoteWebDriver log
WARNING: Executed: [a888c94550e1c34de1cb15fa51bd8d2e, getElementSize {id=0.4176510208987809-17}]
May 09, 2019 1:16:10 PM org.openqa.selenium.remote.RemoteWebDriver log
WARNING: Executing: getElementTagName [a888c94550e1c34de1cb15fa51bd8d2e, getElementTagName {id=0.4176510208987809-17}]
May 09, 2019 1:16:10 PM org.openqa.selenium.remote.RemoteWebDriver log
WARNING: Executed: [a888c94550e1c34de1cb15fa51bd8d2e, getElementTagName {id=0.4176510208987809-17}]
May 09, 2019 1:16:10 PM org.openqa.selenium.remote.RemoteWebDriver log
WARNING: Executing: clickElement [a888c94550e1c34de1cb15fa51bd8d2e, clickElement {id=0.4176510208987809-17}]
May 09, 2019 1:16:10 PM org.openqa.selenium.remote.RemoteWebDriver log
WARNING: Executed: [a888c94550e1c34de1cb15fa51bd8d2e, clickElement {id=0.4176510208987809-17}]
May 09, 2019 1:16:10 PM org.openqa.selenium.remote.RemoteWebDriver log
WARNING: Executing: getCurrentUrl [a888c94550e1c34de1cb15fa51bd8d2e, getCurrentUrl {}]
May 09, 2019 1:16:10 PM org.openqa.selenium.remote.RemoteWebDriver log
WARNING: Executed: [a888c94550e1c34de1cb15fa51bd8d2e, getCurrentUrl {}]
May 09, 2019 1:16:10 PM org.openqa.selenium.remote.RemoteWebDriver log
WARNING: Executing: findElement [a888c94550e1c34de1cb15fa51bd8d2e, findElement {using=css selector, value=div.kanban}]
May 09, 2019 1:16:10 PM org.openqa.selenium.remote.RemoteWebDriver log
WARNING: Executed: [a888c94550e1c34de1cb15fa51bd8d2e, findElement {using=css selector, value=div.kanban}]
May 09, 2019 1:16:10 PM org.openqa.selenium.remote.RemoteWebDriver log
WARNING: Executing: getCurrentUrl [a888c94550e1c34de1cb15fa51bd8d2e, getCurrentUrl {}]
May 09, 2019 1:16:10 PM org.openqa.selenium.remote.RemoteWebDriver log
WARNING: Executed: [a888c94550e1c34de1cb15fa51bd8d2e, getCurrentUrl {}]
May 09, 2019 1:16:10 PM org.openqa.selenium.remote.RemoteWebDriver log
WARNING: Executing: findElements [a888c94550e1c34de1cb15fa51bd8d2e, findElements {using=css selector, value=div[data-testcase-triage-category='FAIL'] li.kanbanColumnElementTitle}]
May 09, 2019 1:16:10 PM org.openqa.selenium.remote.RemoteWebDriver log
WARNING: Executed: [a888c94550e1c34de1cb15fa51bd8d2e, findElements {using=css selector, value=div[data-testcase-triage-category='FAIL'] li.kanbanColumnElementTitle}]
May 09, 2019 1:16:10 PM org.openqa.selenium.remote.RemoteWebDriver log
WARNING: Executing: isElementDisplayed [a888c94550e1c34de1cb15fa51bd8d2e, isElementDisplayed {id=0.4176510208987809-19}]
May 09, 2019 1:16:10 PM org.openqa.selenium.remote.RemoteWebDriver log
WARNING: Executed: [a888c94550e1c34de1cb15fa51bd8d2e, isElementDisplayed {id=0.4176510208987809-19}]
May 09, 2019 1:16:10 PM org.openqa.selenium.remote.RemoteWebDriver log
WARNING: Executing: isElementDisplayed [a888c94550e1c34de1cb15fa51bd8d2e, isElementDisplayed {id=0.4176510208987809-20}]
May 09, 2019 1:16:10 PM org.openqa.selenium.remote.RemoteWebDriver log
WARNING: Executed: [a888c94550e1c34de1cb15fa51bd8d2e, isElementDisplayed {id=0.4176510208987809-20}]
May 09, 2019 1:16:10 PM org.openqa.selenium.remote.RemoteWebDriver log
WARNING: Executing: isElementDisplayed [a888c94550e1c34de1cb15fa51bd8d2e, isElementDisplayed {id=0.4176510208987809-21}]
May 09, 2019 1:16:10 PM org.openqa.selenium.remote.RemoteWebDriver log
WARNING: Executed: [a888c94550e1c34de1cb15fa51bd8d2e, isElementDisplayed {id=0.4176510208987809-21}]
May 09, 2019 1:16:10 PM org.openqa.selenium.remote.RemoteWebDriver log
WARNING: Executing: isElementDisplayed [a888c94550e1c34de1cb15fa51bd8d2e, isElementDisplayed {id=0.4176510208987809-22}]
May 09, 2019 1:16:11 PM org.openqa.selenium.remote.RemoteWebDriver log
WARNING: Executed: [a888c94550e1c34de1cb15fa51bd8d2e, isElementDisplayed {id=0.4176510208987809-22}]
May 09, 2019 1:16:11 PM org.openqa.selenium.remote.RemoteWebDriver log
WARNING: Executing: isElementDisplayed [a888c94550e1c34de1cb15fa51bd8d2e, isElementDisplayed {id=0.4176510208987809-23}]
May 09, 2019 1:16:11 PM org.openqa.selenium.remote.RemoteWebDriver log
WARNING: Executed: [a888c94550e1c34de1cb15fa51bd8d2e, isElementDisplayed {id=0.4176510208987809-23}]
May 09, 2019 1:16:11 PM org.openqa.selenium.remote.RemoteWebDriver log
WARNING: Executing: isElementDisplayed [a888c94550e1c34de1cb15fa51bd8d2e, isElementDisplayed {id=0.4176510208987809-24}]
May 09, 2019 1:16:11 PM org.openqa.selenium.remote.RemoteWebDriver log
WARNING: Executed: [a888c94550e1c34de1cb15fa51bd8d2e, isElementDisplayed {id=0.4176510208987809-24}]
May 09, 2019 1:16:11 PM org.openqa.selenium.remote.RemoteWebDriver log
WARNING: Executing: isElementDisplayed [a888c94550e1c34de1cb15fa51bd8d2e, isElementDisplayed {id=0.4176510208987809-25}]
May 09, 2019 1:16:11 PM org.openqa.selenium.remote.RemoteWebDriver log
WARNING: Executed: [a888c94550e1c34de1cb15fa51bd8d2e, isElementDisplayed {id=0.4176510208987809-25}]
May 09, 2019 1:16:11 PM org.openqa.selenium.remote.RemoteWebDriver log
WARNING: Executing: isElementDisplayed [a888c94550e1c34de1cb15fa51bd8d2e, isElementDisplayed {id=0.4176510208987809-26}]
May 09, 2019 1:16:11 PM org.openqa.selenium.remote.RemoteWebDriver log
WARNING: Executed: [a888c94550e1c34de1cb15fa51bd8d2e, isElementDisplayed {id=0.4176510208987809-26}]
May 09, 2019 1:16:11 PM org.openqa.selenium.remote.RemoteWebDriver log
WARNING: Executing: isElementDisplayed [a888c94550e1c34de1cb15fa51bd8d2e, isElementDisplayed {id=0.4176510208987809-27}]
May 09, 2019 1:16:11 PM org.openqa.selenium.remote.RemoteWebDriver log
WARNING: Executed: [a888c94550e1c34de1cb15fa51bd8d2e, isElementDisplayed {id=0.4176510208987809-27}]
May 09, 2019 1:16:11 PM org.openqa.selenium.remote.RemoteWebDriver log
WARNING: Executing: isElementDisplayed [a888c94550e1c34de1cb15fa51bd8d2e, isElementDisplayed {id=0.4176510208987809-28}]
May 09, 2019 1:16:11 PM org.openqa.selenium.remote.RemoteWebDriver log
WARNING: Executed: [a888c94550e1c34de1cb15fa51bd8d2e, isElementDisplayed {id=0.4176510208987809-28}]
May 09, 2019 1:16:11 PM org.openqa.selenium.remote.RemoteWebDriver log
WARNING: Executing: isElementDisplayed [a888c94550e1c34de1cb15fa51bd8d2e, isElementDisplayed {id=0.4176510208987809-29}]
May 09, 2019 1:16:11 PM org.openqa.selenium.remote.RemoteWebDriver log
WARNING: Executed: [a888c94550e1c34de1cb15fa51bd8d2e, isElementDisplayed {id=0.4176510208987809-29}]
May 09, 2019 1:16:11 PM org.openqa.selenium.remote.RemoteWebDriver log
WARNING: Executing: isElementDisplayed [a888c94550e1c34de1cb15fa51bd8d2e, isElementDisplayed {id=0.4176510208987809-30}]
May 09, 2019 1:16:11 PM org.openqa.selenium.remote.RemoteWebDriver log
WARNING: Executed: [a888c94550e1c34de1cb15fa51bd8d2e, isElementDisplayed {id=0.4176510208987809-30}]
May 09, 2019 1:16:11 PM org.openqa.selenium.remote.RemoteWebDriver log
WARNING: Executing: isElementDisplayed [a888c94550e1c34de1cb15fa51bd8d2e, isElementDisplayed {id=0.4176510208987809-31}]
May 09, 2019 1:16:11 PM org.openqa.selenium.remote.RemoteWebDriver log
WARNING: Executed: [a888c94550e1c34de1cb15fa51bd8d2e, isElementDisplayed {id=0.4176510208987809-31}]
May 09, 2019 1:16:11 PM org.openqa.selenium.remote.RemoteWebDriver log
WARNING: Executing: isElementDisplayed [a888c94550e1c34de1cb15fa51bd8d2e, isElementDisplayed {id=0.4176510208987809-32}]
May 09, 2019 1:16:11 PM org.openqa.selenium.remote.RemoteWebDriver log
WARNING: Executed: [a888c94550e1c34de1cb15fa51bd8d2e, isElementDisplayed {id=0.4176510208987809-32}]
May 09, 2019 1:16:11 PM org.openqa.selenium.remote.RemoteWebDriver log
WARNING: Executing: isElementDisplayed [a888c94550e1c34de1cb15fa51bd8d2e, isElementDisplayed {id=0.4176510208987809-33}]
May 09, 2019 1:16:11 PM org.openqa.selenium.remote.RemoteWebDriver log
WARNING: Executed: [a888c94550e1c34de1cb15fa51bd8d2e, isElementDisplayed {id=0.4176510208987809-33}]
May 09, 2019 1:16:11 PM org.openqa.selenium.remote.RemoteWebDriver log
WARNING: Executing: isElementDisplayed [a888c94550e1c34de1cb15fa51bd8d2e, isElementDisplayed {id=0.4176510208987809-34}]
May 09, 2019 1:16:11 PM org.openqa.selenium.remote.RemoteWebDriver log
WARNING: Executed: [a888c94550e1c34de1cb15fa51bd8d2e, isElementDisplayed {id=0.4176510208987809-34}]
May 09, 2019 1:16:11 PM org.openqa.selenium.remote.RemoteWebDriver log
WARNING: Executing: isElementDisplayed [a888c94550e1c34de1cb15fa51bd8d2e, isElementDisplayed {id=0.4176510208987809-35}]
May 09, 2019 1:16:11 PM org.openqa.selenium.remote.RemoteWebDriver log
WARNING: Executed: [a888c94550e1c34de1cb15fa51bd8d2e, isElementDisplayed {id=0.4176510208987809-35}]
May 09, 2019 1:16:11 PM org.openqa.selenium.remote.RemoteWebDriver log
WARNING: Executing: isElementDisplayed [a888c94550e1c34de1cb15fa51bd8d2e, isElementDisplayed {id=0.4176510208987809-36}]
May 09, 2019 1:16:11 PM org.openqa.selenium.remote.RemoteWebDriver log
WARNING: Executed: [a888c94550e1c34de1cb15fa51bd8d2e, isElementDisplayed {id=0.4176510208987809-36}]
May 09, 2019 1:16:11 PM org.openqa.selenium.remote.RemoteWebDriver log
WARNING: Executing: isElementDisplayed [a888c94550e1c34de1cb15fa51bd8d2e, isElementDisplayed {id=0.4176510208987809-37}]
May 09, 2019 1:16:11 PM org.openqa.selenium.remote.RemoteWebDriver log
WARNING: Executed: [a888c94550e1c34de1cb15fa51bd8d2e, isElementDisplayed {id=0.4176510208987809-37}]
May 09, 2019 1:16:11 PM org.openqa.selenium.remote.RemoteWebDriver log
WARNING: Executing: isElementDisplayed [a888c94550e1c34de1cb15fa51bd8d2e, isElementDisplayed {id=0.4176510208987809-38}]
May 09, 2019 1:16:11 PM org.openqa.selenium.remote.RemoteWebDriver log
WARNING: Executed: [a888c94550e1c34de1cb15fa51bd8d2e, isElementDisplayed {id=0.4176510208987809-38}]
May 09, 2019 1:16:11 PM org.openqa.selenium.remote.RemoteWebDriver log
WARNING: Executing: isElementDisplayed [a888c94550e1c34de1cb15fa51bd8d2e, isElementDisplayed {id=0.4176510208987809-39}]
May 09, 2019 1:16:11 PM org.openqa.selenium.remote.RemoteWebDriver log
WARNING: Executed: [a888c94550e1c34de1cb15fa51bd8d2e, isElementDisplayed {id=0.4176510208987809-39}]
May 09, 2019 1:16:11 PM org.openqa.selenium.remote.RemoteWebDriver log
WARNING: Executing: isElementDisplayed [a888c94550e1c34de1cb15fa51bd8d2e, isElementDisplayed {id=0.4176510208987809-40}]
May 09, 2019 1:16:11 PM org.openqa.selenium.remote.RemoteWebDriver log
WARNING: Executed: [a888c94550e1c34de1cb15fa51bd8d2e, isElementDisplayed {id=0.4176510208987809-40}]
May 09, 2019 1:16:11 PM org.openqa.selenium.remote.RemoteWebDriver log
WARNING: Executing: isElementDisplayed [a888c94550e1c34de1cb15fa51bd8d2e, isElementDisplayed {id=0.4176510208987809-41}]
May 09, 2019 1:16:11 PM org.openqa.selenium.remote.RemoteWebDriver log
WARNING: Executed: [a888c94550e1c34de1cb15fa51bd8d2e, isElementDisplayed {id=0.4176510208987809-41}]
May 09, 2019 1:16:11 PM org.openqa.selenium.remote.RemoteWebDriver log
WARNING: Executing: isElementDisplayed [a888c94550e1c34de1cb15fa51bd8d2e, isElementDisplayed {id=0.4176510208987809-42}]
May 09, 2019 1:16:11 PM org.openqa.selenium.remote.RemoteWebDriver log
WARNING: Executed: [a888c94550e1c34de1cb15fa51bd8d2e, isElementDisplayed {id=0.4176510208987809-42}]
May 09, 2019 1:16:11 PM org.openqa.selenium.remote.RemoteWebDriver log
WARNING: Executing: isElementDisplayed [a888c94550e1c34de1cb15fa51bd8d2e, isElementDisplayed {id=0.4176510208987809-43}]
May 09, 2019 1:16:11 PM org.openqa.selenium.remote.RemoteWebDriver log
WARNING: Executed: [a888c94550e1c34de1cb15fa51bd8d2e, isElementDisplayed {id=0.4176510208987809-43}]
May 09, 2019 1:16:11 PM org.openqa.selenium.remote.RemoteWebDriver log
WARNING: Executing: isElementDisplayed [a888c94550e1c34de1cb15fa51bd8d2e, isElementDisplayed {id=0.4176510208987809-44}]
May 09, 2019 1:16:11 PM org.openqa.selenium.remote.RemoteWebDriver log
WARNING: Executed: [a888c94550e1c34de1cb15fa51bd8d2e, isElementDisplayed {id=0.4176510208987809-44}]
May 09, 2019 1:16:11 PM org.openqa.selenium.remote.RemoteWebDriver log
WARNING: Executing: isElementDisplayed [a888c94550e1c34de1cb15fa51bd8d2e, isElementDisplayed {id=0.4176510208987809-45}]
May 09, 2019 1:16:11 PM org.openqa.selenium.remote.RemoteWebDriver log
WARNING: Executed: [a888c94550e1c34de1cb15fa51bd8d2e, isElementDisplayed {id=0.4176510208987809-45}]
May 09, 2019 1:16:11 PM org.openqa.selenium.remote.RemoteWebDriver log
WARNING: Executing: isElementDisplayed [a888c94550e1c34de1cb15fa51bd8d2e, isElementDisplayed {id=0.4176510208987809-46}]
May 09, 2019 1:16:11 PM org.openqa.selenium.remote.RemoteWebDriver log
WARNING: Executed: [a888c94550e1c34de1cb15fa51bd8d2e, isElementDisplayed {id=0.4176510208987809-46}]
May 09, 2019 1:16:11 PM org.openqa.selenium.remote.RemoteWebDriver log
WARNING: Executing: isElementDisplayed [a888c94550e1c34de1cb15fa51bd8d2e, isElementDisplayed {id=0.4176510208987809-47}]
May 09, 2019 1:16:11 PM org.openqa.selenium.remote.RemoteWebDriver log
WARNING: Executed: [a888c94550e1c34de1cb15fa51bd8d2e, isElementDisplayed {id=0.4176510208987809-47}]
May 09, 2019 1:16:11 PM org.openqa.selenium.remote.RemoteWebDriver log
WARNING: Executing: isElementDisplayed [a888c94550e1c34de1cb15fa51bd8d2e, isElementDisplayed {id=0.4176510208987809-48}]
May 09, 2019 1:16:11 PM org.openqa.selenium.remote.RemoteWebDriver log
WARNING: Executed: [a888c94550e1c34de1cb15fa51bd8d2e, isElementDisplayed {id=0.4176510208987809-48}]
May 09, 2019 1:16:11 PM org.openqa.selenium.remote.RemoteWebDriver log
WARNING: Executing: isElementDisplayed [a888c94550e1c34de1cb15fa51bd8d2e, isElementDisplayed {id=0.4176510208987809-49}]
May 09, 2019 1:16:11 PM org.openqa.selenium.remote.RemoteWebDriver log
WARNING: Executed: [a888c94550e1c34de1cb15fa51bd8d2e, isElementDisplayed {id=0.4176510208987809-49}]
May 09, 2019 1:16:11 PM org.openqa.selenium.remote.RemoteWebDriver log
WARNING: Executing: isElementDisplayed [a888c94550e1c34de1cb15fa51bd8d2e, isElementDisplayed {id=0.4176510208987809-50}]
May 09, 2019 1:16:11 PM org.openqa.selenium.remote.RemoteWebDriver log
WARNING: Executed: [a888c94550e1c34de1cb15fa51bd8d2e, isElementDisplayed {id=0.4176510208987809-50}]
May 09, 2019 1:16:11 PM org.openqa.selenium.remote.RemoteWebDriver log
WARNING: Executing: isElementDisplayed [a888c94550e1c34de1cb15fa51bd8d2e, isElementDisplayed {id=0.4176510208987809-51}]
May 09, 2019 1:16:11 PM org.openqa.selenium.remote.RemoteWebDriver log
WARNING: Executed: [a888c94550e1c34de1cb15fa51bd8d2e, isElementDisplayed {id=0.4176510208987809-51}]
May 09, 2019 1:16:11 PM org.openqa.selenium.remote.RemoteWebDriver log
WARNING: Executing: isElementDisplayed [a888c94550e1c34de1cb15fa51bd8d2e, isElementDisplayed {id=0.4176510208987809-52}]
May 09, 2019 1:16:11 PM org.openqa.selenium.remote.RemoteWebDriver log
WARNING: Executed: [a888c94550e1c34de1cb15fa51bd8d2e, isElementDisplayed {id=0.4176510208987809-52}]
May 09, 2019 1:16:11 PM org.openqa.selenium.remote.RemoteWebDriver log
WARNING: Executing: isElementDisplayed [a888c94550e1c34de1cb15fa51bd8d2e, isElementDisplayed {id=0.4176510208987809-53}]
May 09, 2019 1:16:11 PM org.openqa.selenium.remote.RemoteWebDriver log
WARNING: Executed: [a888c94550e1c34de1cb15fa51bd8d2e, isElementDisplayed {id=0.4176510208987809-53}]
May 09, 2019 1:16:11 PM org.openqa.selenium.remote.RemoteWebDriver log
WARNING: Executing: isElementDisplayed [a888c94550e1c34de1cb15fa51bd8d2e, isElementDisplayed {id=0.4176510208987809-54}]
May 09, 2019 1:16:11 PM org.openqa.selenium.remote.RemoteWebDriver log
WARNING: Executed: [a888c94550e1c34de1cb15fa51bd8d2e, isElementDisplayed {id=0.4176510208987809-54}]
May 09, 2019 1:16:11 PM org.openqa.selenium.remote.RemoteWebDriver log
WARNING: Executing: isElementDisplayed [a888c94550e1c34de1cb15fa51bd8d2e, isElementDisplayed {id=0.4176510208987809-55}]
May 09, 2019 1:16:11 PM org.openqa.selenium.remote.RemoteWebDriver log
WARNING: Executed: [a888c94550e1c34de1cb15fa51bd8d2e, isElementDisplayed {id=0.4176510208987809-55}]
May 09, 2019 1:16:11 PM org.openqa.selenium.remote.RemoteWebDriver log
WARNING: Executing: isElementDisplayed [a888c94550e1c34de1cb15fa51bd8d2e, isElementDisplayed {id=0.4176510208987809-56}]
May 09, 2019 1:16:11 PM org.openqa.selenium.remote.RemoteWebDriver log
WARNING: Executed: [a888c94550e1c34de1cb15fa51bd8d2e, isElementDisplayed {id=0.4176510208987809-56}]
May 09, 2019 1:16:11 PM org.openqa.selenium.remote.RemoteWebDriver log
WARNING: Executing: isElementDisplayed [a888c94550e1c34de1cb15fa51bd8d2e, isElementDisplayed {id=0.4176510208987809-57}]
May 09, 2019 1:16:11 PM org.openqa.selenium.remote.RemoteWebDriver log
WARNING: Executed: [a888c94550e1c34de1cb15fa51bd8d2e, isElementDisplayed {id=0.4176510208987809-57}]
May 09, 2019 1:16:11 PM org.openqa.selenium.remote.RemoteWebDriver log
WARNING: Executing: isElementDisplayed [a888c94550e1c34de1cb15fa51bd8d2e, isElementDisplayed {id=0.4176510208987809-58}]
May 09, 2019 1:16:11 PM org.openqa.selenium.remote.RemoteWebDriver log
WARNING: Executed: [a888c94550e1c34de1cb15fa51bd8d2e, isElementDisplayed {id=0.4176510208987809-58}]
May 09, 2019 1:16:11 PM org.openqa.selenium.remote.RemoteWebDriver log
WARNING: Executing: isElementDisplayed [a888c94550e1c34de1cb15fa51bd8d2e, isElementDisplayed {id=0.4176510208987809-59}]
May 09, 2019 1:16:11 PM org.openqa.selenium.remote.RemoteWebDriver log
WARNING: Executed: [a888c94550e1c34de1cb15fa51bd8d2e, isElementDisplayed {id=0.4176510208987809-59}]
May 09, 2019 1:16:11 PM org.openqa.selenium.remote.RemoteWebDriver log
WARNING: Executing: isElementDisplayed [a888c94550e1c34de1cb15fa51bd8d2e, isElementDisplayed {id=0.4176510208987809-60}]
May 09, 2019 1:16:11 PM org.openqa.selenium.remote.RemoteWebDriver log
WARNING: Executed: [a888c94550e1c34de1cb15fa51bd8d2e, isElementDisplayed {id=0.4176510208987809-60}]
May 09, 2019 1:16:11 PM org.openqa.selenium.remote.RemoteWebDriver log
WARNING: Executing: isElementDisplayed [a888c94550e1c34de1cb15fa51bd8d2e, isElementDisplayed {id=0.4176510208987809-61}]
May 09, 2019 1:16:11 PM org.openqa.selenium.remote.RemoteWebDriver log
WARNING: Executed: [a888c94550e1c34de1cb15fa51bd8d2e, isElementDisplayed {id=0.4176510208987809-61}]
May 09, 2019 1:16:11 PM org.openqa.selenium.remote.RemoteWebDriver log
WARNING: Executing: isElementDisplayed [a888c94550e1c34de1cb15fa51bd8d2e, isElementDisplayed {id=0.4176510208987809-62}]
May 09, 2019 1:16:11 PM org.openqa.selenium.remote.RemoteWebDriver log
WARNING: Executed: [a888c94550e1c34de1cb15fa51bd8d2e, isElementDisplayed {id=0.4176510208987809-62}]
May 09, 2019 1:16:11 PM org.openqa.selenium.remote.RemoteWebDriver log
WARNING: Executing: isElementDisplayed [a888c94550e1c34de1cb15fa51bd8d2e, isElementDisplayed {id=0.4176510208987809-63}]
May 09, 2019 1:16:11 PM org.openqa.selenium.remote.RemoteWebDriver log
WARNING: Executed: [a888c94550e1c34de1cb15fa51bd8d2e, isElementDisplayed {id=0.4176510208987809-63}]
May 09, 2019 1:16:11 PM org.openqa.selenium.remote.RemoteWebDriver log
WARNING: Executing: isElementDisplayed [a888c94550e1c34de1cb15fa51bd8d2e, isElementDisplayed {id=0.4176510208987809-64}]
May 09, 2019 1:16:11 PM org.openqa.selenium.remote.RemoteWebDriver log
WARNING: Executed: [a888c94550e1c34de1cb15fa51bd8d2e, isElementDisplayed {id=0.4176510208987809-64}]
May 09, 2019 1:16:11 PM org.openqa.selenium.remote.RemoteWebDriver log
WARNING: Executing: isElementDisplayed [a888c94550e1c34de1cb15fa51bd8d2e, isElementDisplayed {id=0.4176510208987809-65}]
May 09, 2019 1:16:11 PM org.openqa.selenium.remote.RemoteWebDriver log
WARNING: Executed: [a888c94550e1c34de1cb15fa51bd8d2e, isElementDisplayed {id=0.4176510208987809-65}]
May 09, 2019 1:16:11 PM org.openqa.selenium.remote.RemoteWebDriver log
WARNING: Executing: isElementDisplayed [a888c94550e1c34de1cb15fa51bd8d2e, isElementDisplayed {id=0.4176510208987809-66}]
May 09, 2019 1:16:11 PM org.openqa.selenium.remote.RemoteWebDriver log
WARNING: Executed: [a888c94550e1c34de1cb15fa51bd8d2e, isElementDisplayed {id=0.4176510208987809-66}]
May 09, 2019 1:16:11 PM org.openqa.selenium.remote.RemoteWebDriver log
WARNING: Executing: isElementDisplayed [a888c94550e1c34de1cb15fa51bd8d2e, isElementDisplayed {id=0.4176510208987809-67}]
May 09, 2019 1:16:11 PM org.openqa.selenium.remote.RemoteWebDriver log
WARNING: Executed: [a888c94550e1c34de1cb15fa51bd8d2e, isElementDisplayed {id=0.4176510208987809-67}]
May 09, 2019 1:16:11 PM org.openqa.selenium.remote.RemoteWebDriver log
WARNING: Executing: isElementDisplayed [a888c94550e1c34de1cb15fa51bd8d2e, isElementDisplayed {id=0.4176510208987809-68}]
May 09, 2019 1:16:11 PM org.openqa.selenium.remote.RemoteWebDriver log
WARNING: Executed: [a888c94550e1c34de1cb15fa51bd8d2e, isElementDisplayed {id=0.4176510208987809-68}]
May 09, 2019 1:16:11 PM org.openqa.selenium.remote.RemoteWebDriver log
WARNING: Executing: isElementDisplayed [a888c94550e1c34de1cb15fa51bd8d2e, isElementDisplayed {id=0.4176510208987809-69}]
May 09, 2019 1:16:11 PM org.openqa.selenium.remote.RemoteWebDriver log
WARNING: Executed: [a888c94550e1c34de1cb15fa51bd8d2e, isElementDisplayed {id=0.4176510208987809-69}]
May 09, 2019 1:16:11 PM org.openqa.selenium.remote.RemoteWebDriver log
WARNING: Executing: isElementDisplayed [a888c94550e1c34de1cb15fa51bd8d2e, isElementDisplayed {id=0.4176510208987809-70}]
May 09, 2019 1:16:11 PM org.openqa.selenium.remote.RemoteWebDriver log
WARNING: Executed: [a888c94550e1c34de1cb15fa51bd8d2e, isElementDisplayed {id=0.4176510208987809-70}]
May 09, 2019 1:16:11 PM org.openqa.selenium.remote.RemoteWebDriver log
WARNING: Executing: getElementText [a888c94550e1c34de1cb15fa51bd8d2e, getElementText {id=0.4176510208987809-19}]
May 09, 2019 1:16:11 PM org.openqa.selenium.remote.RemoteWebDriver log
WARNING: Executed: [a888c94550e1c34de1cb15fa51bd8d2e, getElementText {id=0.4176510208987809-19}]
May 09, 2019 1:16:11 PM org.openqa.selenium.remote.RemoteWebDriver log
WARNING: Executing: findElement [a888c94550e1c34de1cb15fa51bd8d2e, findElement {using=tag name, value=body}]
May 09, 2019 1:16:11 PM org.openqa.selenium.remote.RemoteWebDriver log
WARNING: Executed: [a888c94550e1c34de1cb15fa51bd8d2e, findElement {using=tag name, value=body}]
May 09, 2019 1:16:11 PM org.openqa.selenium.remote.RemoteWebDriver log
WARNING: Executing: getElementText [a888c94550e1c34de1cb15fa51bd8d2e, getElementText {id=0.4176510208987809-2}]
May 09, 2019 1:16:12 PM org.openqa.selenium.remote.RemoteWebDriver log
WARNING: Executed: [a888c94550e1c34de1cb15fa51bd8d2e, getElementText {id=0.4176510208987809-2}]
May 09, 2019 1:16:13 PM org.openqa.selenium.remote.RemoteWebDriver log
WARNING: Executing: findElement [a888c94550e1c34de1cb15fa51bd8d2e, findElement {using=tag name, value=body}]
May 09, 2019 1:16:13 PM org.openqa.selenium.remote.RemoteWebDriver log
WARNING: Executed: [a888c94550e1c34de1cb15fa51bd8d2e, findElement {using=tag name, value=body}]
May 09, 2019 1:16:13 PM org.openqa.selenium.remote.RemoteWebDriver log
WARNING: Executing: getElementText [a888c94550e1c34de1cb15fa51bd8d2e, getElementText {id=0.4176510208987809-2}]
May 09, 2019 1:16:13 PM org.openqa.selenium.remote.RemoteWebDriver log
WARNING: Executed: [a888c94550e1c34de1cb15fa51bd8d2e, getElementText {id=0.4176510208987809-2}]
May 09, 2019 1:16:13 PM org.openqa.selenium.remote.RemoteWebDriver log
WARNING: Executing: findElements [a888c94550e1c34de1cb15fa51bd8d2e, findElements {using=css selector, value=div[data-testcase-triage-category='FAIL'] li.kanbanColumnElementTitle}]
May 09, 2019 1:16:13 PM org.openqa.selenium.remote.RemoteWebDriver log
WARNING: Executed: [a888c94550e1c34de1cb15fa51bd8d2e, findElements {using=css selector, value=div[data-testcase-triage-category='FAIL'] li.kanbanColumnElementTitle}]
May 09, 2019 1:16:13 PM org.openqa.selenium.remote.RemoteWebDriver log
WARNING: Executing: getElementText [a888c94550e1c34de1cb15fa51bd8d2e, getElementText {id=0.4176510208987809-19}]
May 09, 2019 1:16:13 PM org.openqa.selenium.remote.RemoteWebDriver log
WARNING: Executed: [a888c94550e1c34de1cb15fa51bd8d2e, getElementText {id=0.4176510208987809-19}]
May 09, 2019 1:16:13 PM org.openqa.selenium.remote.RemoteWebDriver log
WARNING: Executing: clickElement [a888c94550e1c34de1cb15fa51bd8d2e, clickElement {id=0.4176510208987809-19}]
May 09, 2019 1:16:13 PM org.openqa.selenium.remote.RemoteWebDriver log
WARNING: Executed: [a888c94550e1c34de1cb15fa51bd8d2e, clickElement {id=0.4176510208987809-19}]
May 09, 2019 1:16:13 PM org.openqa.selenium.remote.RemoteWebDriver log
WARNING: Executing: getCurrentUrl [a888c94550e1c34de1cb15fa51bd8d2e, getCurrentUrl {}]
May 09, 2019 1:16:13 PM org.openqa.selenium.remote.RemoteWebDriver log
WARNING: Executed: [a888c94550e1c34de1cb15fa51bd8d2e, getCurrentUrl {}]
May 09, 2019 1:16:13 PM org.openqa.selenium.remote.RemoteWebDriver log
WARNING: Executing: findElement [a888c94550e1c34de1cb15fa51bd8d2e, findElement {using=class name, value=homeRoot}]
May 09, 2019 1:16:14 PM org.openqa.selenium.remote.RemoteWebDriver log
WARNING: Executed: [a888c94550e1c34de1cb15fa51bd8d2e, findElement {using=class name, value=homeRoot}]
May 09, 2019 1:16:14 PM org.openqa.selenium.remote.RemoteWebDriver log
WARNING: Executing: findElement [a888c94550e1c34de1cb15fa51bd8d2e, findElement {using=xpath, value=//div[starts-with(text(), 'Automatic')]}]
May 09, 2019 1:16:14 PM org.openqa.selenium.remote.RemoteWebDriver log
WARNING: Executed: [a888c94550e1c34de1cb15fa51bd8d2e, findElement {using=xpath, value=//div[starts-with(text(), 'Automatic')]}]
May 09, 2019 1:16:14 PM org.openqa.selenium.remote.RemoteWebDriver log
WARNING: Executing: isElementDisplayed [a888c94550e1c34de1cb15fa51bd8d2e, isElementDisplayed {id=0.4176510208987809-71}]
May 09, 2019 1:16:14 PM org.openqa.selenium.remote.RemoteWebDriver log
WARNING: Executed: [a888c94550e1c34de1cb15fa51bd8d2e, isElementDisplayed {id=0.4176510208987809-71}]
May 09, 2019 1:16:14 PM org.openqa.selenium.remote.RemoteWebDriver log
WARNING: Executing: isElementEnabled [a888c94550e1c34de1cb15fa51bd8d2e, isElementEnabled {id=0.4176510208987809-71}]
May 09, 2019 1:16:14 PM org.openqa.selenium.remote.RemoteWebDriver log
WARNING: Executed: [a888c94550e1c34de1cb15fa51bd8d2e, isElementEnabled {id=0.4176510208987809-71}]
May 09, 2019 1:16:14 PM org.openqa.selenium.remote.RemoteWebDriver log
WARNING: Executing: clickElement [a888c94550e1c34de1cb15fa51bd8d2e, clickElement {id=0.4176510208987809-71}]
May 09, 2019 1:16:14 PM org.openqa.selenium.remote.RemoteWebDriver log
WARNING: Executed: [a888c94550e1c34de1cb15fa51bd8d2e, clickElement {id=0.4176510208987809-71}]
May 09, 2019 1:16:14 PM org.openqa.selenium.remote.RemoteWebDriver log
WARNING: Executing: findElements [a888c94550e1c34de1cb15fa51bd8d2e, findElements {using=css selector, value=li[data-value='HIGH']}]
May 09, 2019 1:16:14 PM org.openqa.selenium.remote.RemoteWebDriver log
WARNING: Executed: [a888c94550e1c34de1cb15fa51bd8d2e, findElements {using=css selector, value=li[data-value='HIGH']}]
May 09, 2019 1:16:14 PM org.openqa.selenium.remote.RemoteWebDriver log
WARNING: Executing: isElementDisplayed [a888c94550e1c34de1cb15fa51bd8d2e, isElementDisplayed {id=0.4176510208987809-72}]
May 09, 2019 1:16:14 PM org.openqa.selenium.remote.RemoteWebDriver log
WARNING: Executed: [a888c94550e1c34de1cb15fa51bd8d2e, isElementDisplayed {id=0.4176510208987809-72}]
May 09, 2019 1:16:14 PM org.openqa.selenium.remote.RemoteWebDriver log
WARNING: Executing: getElementSize [a888c94550e1c34de1cb15fa51bd8d2e, getElementSize {id=0.4176510208987809-72}]
May 09, 2019 1:16:14 PM org.openqa.selenium.remote.RemoteWebDriver log
WARNING: Executed: [a888c94550e1c34de1cb15fa51bd8d2e, getElementSize {id=0.4176510208987809-72}]
May 09, 2019 1:16:14 PM org.openqa.selenium.remote.RemoteWebDriver log
WARNING: Executing: getElementSize [a888c94550e1c34de1cb15fa51bd8d2e, getElementSize {id=0.4176510208987809-72}]
May 09, 2019 1:16:14 PM org.openqa.selenium.remote.RemoteWebDriver log
WARNING: Executed: [a888c94550e1c34de1cb15fa51bd8d2e, getElementSize {id=0.4176510208987809-72}]
May 09, 2019 1:16:14 PM org.openqa.selenium.remote.RemoteWebDriver log
WARNING: Executing: findElement [a888c94550e1c34de1cb15fa51bd8d2e, findElement {using=css selector, value=li[data-value='HIGH']}]
May 09, 2019 1:16:14 PM org.openqa.selenium.remote.RemoteWebDriver log
WARNING: Executed: [a888c94550e1c34de1cb15fa51bd8d2e, findElement {using=css selector, value=li[data-value='HIGH']}]
May 09, 2019 1:16:14 PM org.openqa.selenium.remote.RemoteWebDriver log
WARNING: Executing: isElementDisplayed [a888c94550e1c34de1cb15fa51bd8d2e, isElementDisplayed {id=0.4176510208987809-72}]
May 09, 2019 1:16:14 PM org.openqa.selenium.remote.RemoteWebDriver log
WARNING: Executed: [a888c94550e1c34de1cb15fa51bd8d2e, isElementDisplayed {id=0.4176510208987809-72}]
May 09, 2019 1:16:14 PM org.openqa.selenium.remote.RemoteWebDriver log
WARNING: Executing: isElementEnabled [a888c94550e1c34de1cb15fa51bd8d2e, isElementEnabled {id=0.4176510208987809-72}]
May 09, 2019 1:16:14 PM org.openqa.selenium.remote.RemoteWebDriver log
WARNING: Executed: [a888c94550e1c34de1cb15fa51bd8d2e, isElementEnabled {id=0.4176510208987809-72}]
May 09, 2019 1:16:14 PM org.openqa.selenium.remote.RemoteWebDriver log
WARNING: Executing: clickElement [a888c94550e1c34de1cb15fa51bd8d2e, clickElement {id=0.4176510208987809-72}]
May 09, 2019 1:16:14 PM org.openqa.selenium.remote.RemoteWebDriver log
WARNING: Executed: [a888c94550e1c34de1cb15fa51bd8d2e, clickElement {id=0.4176510208987809-72}]
May 09, 2019 1:16:14 PM org.openqa.selenium.remote.RemoteWebDriver log
WARNING: Executing: findElement [a888c94550e1c34de1cb15fa51bd8d2e, findElement {using=tag name, value=body}]
May 09, 2019 1:16:14 PM org.openqa.selenium.remote.RemoteWebDriver log
WARNING: Executed: [a888c94550e1c34de1cb15fa51bd8d2e, findElement {using=tag name, value=body}]
May 09, 2019 1:16:14 PM org.openqa.selenium.remote.RemoteWebDriver log
WARNING: Executing: getElementText [a888c94550e1c34de1cb15fa51bd8d2e, getElementText {id=0.4176510208987809-2}]
May 09, 2019 1:16:15 PM org.openqa.selenium.remote.RemoteWebDriver log
WARNING: Executed: [a888c94550e1c34de1cb15fa51bd8d2e, getElementText {id=0.4176510208987809-2}]
May 09, 2019 1:16:15 PM org.openqa.selenium.remote.RemoteWebDriver log
WARNING: Executing: findElement [a888c94550e1c34de1cb15fa51bd8d2e, findElement {using=tag name, value=body}]
May 09, 2019 1:16:15 PM org.openqa.selenium.remote.RemoteWebDriver log
WARNING: Executed: [a888c94550e1c34de1cb15fa51bd8d2e, findElement {using=tag name, value=body}]
May 09, 2019 1:16:15 PM org.openqa.selenium.remote.RemoteWebDriver log
WARNING: Executing: getElementText [a888c94550e1c34de1cb15fa51bd8d2e, getElementText {id=0.4176510208987809-2}]
May 09, 2019 1:16:15 PM org.openqa.selenium.remote.RemoteWebDriver log
WARNING: Executed: [a888c94550e1c34de1cb15fa51bd8d2e, getElementText {id=0.4176510208987809-2}]
May 09, 2019 1:16:16 PM org.openqa.selenium.remote.RemoteWebDriver log
WARNING: Executing: findElement [a888c94550e1c34de1cb15fa51bd8d2e, findElement {using=tag name, value=body}]
May 09, 2019 1:16:16 PM org.openqa.selenium.remote.RemoteWebDriver log
WARNING: Executed: [a888c94550e1c34de1cb15fa51bd8d2e, findElement {using=tag name, value=body}]
May 09, 2019 1:16:16 PM org.openqa.selenium.remote.RemoteWebDriver log
WARNING: Executing: getElementText [a888c94550e1c34de1cb15fa51bd8d2e, getElementText {id=0.4176510208987809-2}]
May 09, 2019 1:16:16 PM org.openqa.selenium.remote.RemoteWebDriver log
WARNING: Executed: [a888c94550e1c34de1cb15fa51bd8d2e, getElementText {id=0.4176510208987809-2}]
May 09, 2019 1:16:17 PM org.openqa.selenium.remote.RemoteWebDriver log
WARNING: Executing: findElement [a888c94550e1c34de1cb15fa51bd8d2e, findElement {using=tag name, value=body}]
May 09, 2019 1:16:17 PM org.openqa.selenium.remote.RemoteWebDriver log
WARNING: Executed: [a888c94550e1c34de1cb15fa51bd8d2e, findElement {using=tag name, value=body}]
May 09, 2019 1:16:17 PM org.openqa.selenium.remote.RemoteWebDriver log
WARNING: Executing: getElementText [a888c94550e1c34de1cb15fa51bd8d2e, getElementText {id=0.4176510208987809-2}]
May 09, 2019 1:16:17 PM org.openqa.selenium.remote.RemoteWebDriver log
WARNING: Executed: [a888c94550e1c34de1cb15fa51bd8d2e, getElementText {id=0.4176510208987809-2}]
May 09, 2019 1:16:17 PM org.openqa.selenium.remote.RemoteWebDriver log
WARNING: Executing: findElement [a888c94550e1c34de1cb15fa51bd8d2e, findElement {using=css selector, value=button#triage}]
May 09, 2019 1:16:17 PM org.openqa.selenium.remote.RemoteWebDriver log
WARNING: Executed: [a888c94550e1c34de1cb15fa51bd8d2e, findElement {using=css selector, value=button#triage}]
May 09, 2019 1:16:17 PM org.openqa.selenium.remote.RemoteWebDriver log
WARNING: Executing: isElementDisplayed [a888c94550e1c34de1cb15fa51bd8d2e, isElementDisplayed {id=0.4176510208987809-73}]
May 09, 2019 1:16:17 PM org.openqa.selenium.remote.RemoteWebDriver log
WARNING: Executed: [a888c94550e1c34de1cb15fa51bd8d2e, isElementDisplayed {id=0.4176510208987809-73}]
May 09, 2019 1:16:17 PM org.openqa.selenium.remote.RemoteWebDriver log
WARNING: Executing: isElementEnabled [a888c94550e1c34de1cb15fa51bd8d2e, isElementEnabled {id=0.4176510208987809-73}]
May 09, 2019 1:16:17 PM org.openqa.selenium.remote.RemoteWebDriver log
WARNING: Executed: [a888c94550e1c34de1cb15fa51bd8d2e, isElementEnabled {id=0.4176510208987809-73}]
May 09, 2019 1:16:18 PM org.openqa.selenium.remote.RemoteWebDriver log
WARNING: Executing: findElement [a888c94550e1c34de1cb15fa51bd8d2e, findElement {using=css selector, value=button#triage}]
May 09, 2019 1:16:18 PM org.openqa.selenium.remote.RemoteWebDriver log
WARNING: Executed: [a888c94550e1c34de1cb15fa51bd8d2e, findElement {using=css selector, value=button#triage}]
May 09, 2019 1:16:18 PM org.openqa.selenium.remote.RemoteWebDriver log
WARNING: Executing: isElementDisplayed [a888c94550e1c34de1cb15fa51bd8d2e, isElementDisplayed {id=0.4176510208987809-73}]
May 09, 2019 1:16:18 PM org.openqa.selenium.remote.RemoteWebDriver log
WARNING: Executed: [a888c94550e1c34de1cb15fa51bd8d2e, isElementDisplayed {id=0.4176510208987809-73}]
May 09, 2019 1:16:18 PM org.openqa.selenium.remote.RemoteWebDriver log
WARNING: Executing: isElementEnabled [a888c94550e1c34de1cb15fa51bd8d2e, isElementEnabled {id=0.4176510208987809-73}]
May 09, 2019 1:16:18 PM org.openqa.selenium.remote.RemoteWebDriver log
WARNING: Executed: [a888c94550e1c34de1cb15fa51bd8d2e, isElementEnabled {id=0.4176510208987809-73}]
May 09, 2019 1:16:18 PM org.openqa.selenium.remote.RemoteWebDriver log
WARNING: Executing: findElement [a888c94550e1c34de1cb15fa51bd8d2e, findElement {using=css selector, value=button#triage}]
May 09, 2019 1:16:18 PM org.openqa.selenium.remote.RemoteWebDriver log
WARNING: Executed: [a888c94550e1c34de1cb15fa51bd8d2e, findElement {using=css selector, value=button#triage}]
May 09, 2019 1:16:18 PM org.openqa.selenium.remote.RemoteWebDriver log
WARNING: Executing: isElementDisplayed [a888c94550e1c34de1cb15fa51bd8d2e, isElementDisplayed {id=0.4176510208987809-73}]
May 09, 2019 1:16:18 PM org.openqa.selenium.remote.RemoteWebDriver log
WARNING: Executed: [a888c94550e1c34de1cb15fa51bd8d2e, isElementDisplayed {id=0.4176510208987809-73}]
May 09, 2019 1:16:18 PM org.openqa.selenium.remote.RemoteWebDriver log
WARNING: Executing: isElementEnabled [a888c94550e1c34de1cb15fa51bd8d2e, isElementEnabled {id=0.4176510208987809-73}]
May 09, 2019 1:16:18 PM org.openqa.selenium.remote.RemoteWebDriver log
WARNING: Executed: [a888c94550e1c34de1cb15fa51bd8d2e, isElementEnabled {id=0.4176510208987809-73}]
May 09, 2019 1:16:19 PM org.openqa.selenium.remote.RemoteWebDriver log
WARNING: Executing: findElement [a888c94550e1c34de1cb15fa51bd8d2e, findElement {using=css selector, value=button#triage}]
May 09, 2019 1:16:19 PM org.openqa.selenium.remote.RemoteWebDriver log
WARNING: Executed: [a888c94550e1c34de1cb15fa51bd8d2e, findElement {using=css selector, value=button#triage}]
May 09, 2019 1:16:19 PM org.openqa.selenium.remote.RemoteWebDriver log
WARNING: Executing: isElementDisplayed [a888c94550e1c34de1cb15fa51bd8d2e, isElementDisplayed {id=0.4176510208987809-73}]
May 09, 2019 1:16:19 PM org.openqa.selenium.remote.RemoteWebDriver log
WARNING: Executed: [a888c94550e1c34de1cb15fa51bd8d2e, isElementDisplayed {id=0.4176510208987809-73}]
May 09, 2019 1:16:19 PM org.openqa.selenium.remote.RemoteWebDriver log
WARNING: Executing: isElementEnabled [a888c94550e1c34de1cb15fa51bd8d2e, isElementEnabled {id=0.4176510208987809-73}]
May 09, 2019 1:16:19 PM org.openqa.selenium.remote.RemoteWebDriver log
WARNING: Executed: [a888c94550e1c34de1cb15fa51bd8d2e, isElementEnabled {id=0.4176510208987809-73}]
May 09, 2019 1:16:19 PM org.openqa.selenium.remote.RemoteWebDriver log
WARNING: Executing: findElement [a888c94550e1c34de1cb15fa51bd8d2e, findElement {using=css selector, value=button#triage}]
May 09, 2019 1:16:19 PM org.openqa.selenium.remote.RemoteWebDriver log
WARNING: Executed: [a888c94550e1c34de1cb15fa51bd8d2e, findElement {using=css selector, value=button#triage}]
May 09, 2019 1:16:19 PM org.openqa.selenium.remote.RemoteWebDriver log
WARNING: Executing: isElementDisplayed [a888c94550e1c34de1cb15fa51bd8d2e, isElementDisplayed {id=0.4176510208987809-73}]
May 09, 2019 1:16:19 PM org.openqa.selenium.remote.RemoteWebDriver log
WARNING: Executed: [a888c94550e1c34de1cb15fa51bd8d2e, isElementDisplayed {id=0.4176510208987809-73}]
May 09, 2019 1:16:19 PM org.openqa.selenium.remote.RemoteWebDriver log
WARNING: Executing: isElementEnabled [a888c94550e1c34de1cb15fa51bd8d2e, isElementEnabled {id=0.4176510208987809-73}]
May 09, 2019 1:16:19 PM org.openqa.selenium.remote.RemoteWebDriver log
WARNING: Executed: [a888c94550e1c34de1cb15fa51bd8d2e, isElementEnabled {id=0.4176510208987809-73}]
May 09, 2019 1:16:20 PM org.openqa.selenium.remote.RemoteWebDriver log
WARNING: Executing: findElement [a888c94550e1c34de1cb15fa51bd8d2e, findElement {using=css selector, value=button#triage}]
May 09, 2019 1:16:20 PM org.openqa.selenium.remote.RemoteWebDriver log
WARNING: Executed: [a888c94550e1c34de1cb15fa51bd8d2e, findElement {using=css selector, value=button#triage}]
May 09, 2019 1:16:20 PM org.openqa.selenium.remote.RemoteWebDriver log
WARNING: Executing: isElementDisplayed [a888c94550e1c34de1cb15fa51bd8d2e, isElementDisplayed {id=0.4176510208987809-73}]
May 09, 2019 1:16:20 PM org.openqa.selenium.remote.RemoteWebDriver log
WARNING: Executed: [a888c94550e1c34de1cb15fa51bd8d2e, isElementDisplayed {id=0.4176510208987809-73}]
May 09, 2019 1:16:20 PM org.openqa.selenium.remote.RemoteWebDriver log
WARNING: Executing: isElementEnabled [a888c94550e1c34de1cb15fa51bd8d2e, isElementEnabled {id=0.4176510208987809-73}]
May 09, 2019 1:16:20 PM org.openqa.selenium.remote.RemoteWebDriver log
WARNING: Executed: [a888c94550e1c34de1cb15fa51bd8d2e, isElementEnabled {id=0.4176510208987809-73}]
May 09, 2019 1:16:20 PM org.openqa.selenium.remote.RemoteWebDriver log
WARNING: Executing: findElement [a888c94550e1c34de1cb15fa51bd8d2e, findElement {using=css selector, value=button#triage}]
May 09, 2019 1:16:20 PM org.openqa.selenium.remote.RemoteWebDriver log
WARNING: Executed: [a888c94550e1c34de1cb15fa51bd8d2e, findElement {using=css selector, value=button#triage}]
May 09, 2019 1:16:20 PM org.openqa.selenium.remote.RemoteWebDriver log
WARNING: Executing: isElementDisplayed [a888c94550e1c34de1cb15fa51bd8d2e, isElementDisplayed {id=0.4176510208987809-73}]
May 09, 2019 1:16:20 PM org.openqa.selenium.remote.RemoteWebDriver log
WARNING: Executed: [a888c94550e1c34de1cb15fa51bd8d2e, isElementDisplayed {id=0.4176510208987809-73}]
May 09, 2019 1:16:20 PM org.openqa.selenium.remote.RemoteWebDriver log
WARNING: Executing: isElementEnabled [a888c94550e1c34de1cb15fa51bd8d2e, isElementEnabled {id=0.4176510208987809-73}]
May 09, 2019 1:16:20 PM org.openqa.selenium.remote.RemoteWebDriver log
WARNING: Executed: [a888c94550e1c34de1cb15fa51bd8d2e, isElementEnabled {id=0.4176510208987809-73}]
May 09, 2019 1:16:21 PM org.openqa.selenium.remote.RemoteWebDriver log
WARNING: Executing: findElement [a888c94550e1c34de1cb15fa51bd8d2e, findElement {using=css selector, value=button#triage}]
May 09, 2019 1:16:21 PM org.openqa.selenium.remote.RemoteWebDriver log
WARNING: Executed: [a888c94550e1c34de1cb15fa51bd8d2e, findElement {using=css selector, value=button#triage}]
May 09, 2019 1:16:21 PM org.openqa.selenium.remote.RemoteWebDriver log
WARNING: Executing: isElementDisplayed [a888c94550e1c34de1cb15fa51bd8d2e, isElementDisplayed {id=0.4176510208987809-73}]
May 09, 2019 1:16:21 PM org.openqa.selenium.remote.RemoteWebDriver log
WARNING: Executed: [a888c94550e1c34de1cb15fa51bd8d2e, isElementDisplayed {id=0.4176510208987809-73}]
May 09, 2019 1:16:21 PM org.openqa.selenium.remote.RemoteWebDriver log
WARNING: Executing: isElementEnabled [a888c94550e1c34de1cb15fa51bd8d2e, isElementEnabled {id=0.4176510208987809-73}]
May 09, 2019 1:16:21 PM org.openqa.selenium.remote.RemoteWebDriver log
WARNING: Executed: [a888c94550e1c34de1cb15fa51bd8d2e, isElementEnabled {id=0.4176510208987809-73}]
May 09, 2019 1:16:21 PM org.openqa.selenium.remote.RemoteWebDriver log
WARNING: Executing: findElement [a888c94550e1c34de1cb15fa51bd8d2e, findElement {using=css selector, value=button#triage}]
May 09, 2019 1:16:21 PM org.openqa.selenium.remote.RemoteWebDriver log
WARNING: Executed: [a888c94550e1c34de1cb15fa51bd8d2e, findElement {using=css selector, value=button#triage}]
May 09, 2019 1:16:21 PM org.openqa.selenium.remote.RemoteWebDriver log
WARNING: Executing: isElementDisplayed [a888c94550e1c34de1cb15fa51bd8d2e, isElementDisplayed {id=0.4176510208987809-73}]
May 09, 2019 1:16:21 PM org.openqa.selenium.remote.RemoteWebDriver log
WARNING: Executed: [a888c94550e1c34de1cb15fa51bd8d2e, isElementDisplayed {id=0.4176510208987809-73}]
May 09, 2019 1:16:21 PM org.openqa.selenium.remote.RemoteWebDriver log
WARNING: Executing: isElementEnabled [a888c94550e1c34de1cb15fa51bd8d2e, isElementEnabled {id=0.4176510208987809-73}]
May 09, 2019 1:16:22 PM org.openqa.selenium.remote.RemoteWebDriver log
WARNING: Executed: [a888c94550e1c34de1cb15fa51bd8d2e, isElementEnabled {id=0.4176510208987809-73}]
May 09, 2019 1:16:22 PM org.openqa.selenium.remote.RemoteWebDriver log
WARNING: Executing: findElement [a888c94550e1c34de1cb15fa51bd8d2e, findElement {using=css selector, value=button#triage}]
May 09, 2019 1:16:22 PM org.openqa.selenium.remote.RemoteWebDriver log
WARNING: Executed: [a888c94550e1c34de1cb15fa51bd8d2e, findElement {using=css selector, value=button#triage}]
May 09, 2019 1:16:22 PM org.openqa.selenium.remote.RemoteWebDriver log
WARNING: Executing: isElementDisplayed [a888c94550e1c34de1cb15fa51bd8d2e, isElementDisplayed {id=0.4176510208987809-73}]
May 09, 2019 1:16:22 PM org.openqa.selenium.remote.RemoteWebDriver log
WARNING: Executed: [a888c94550e1c34de1cb15fa51bd8d2e, isElementDisplayed {id=0.4176510208987809-73}]
May 09, 2019 1:16:22 PM org.openqa.selenium.remote.RemoteWebDriver log
WARNING: Executing: isElementEnabled [a888c94550e1c34de1cb15fa51bd8d2e, isElementEnabled {id=0.4176510208987809-73}]
May 09, 2019 1:16:22 PM org.openqa.selenium.remote.RemoteWebDriver log
WARNING: Executed: [a888c94550e1c34de1cb15fa51bd8d2e, isElementEnabled {id=0.4176510208987809-73}]
May 09, 2019 1:16:23 PM org.openqa.selenium.remote.RemoteWebDriver log
WARNING: Executing: findElement [a888c94550e1c34de1cb15fa51bd8d2e, findElement {using=css selector, value=button#triage}]
May 09, 2019 1:16:23 PM org.openqa.selenium.remote.RemoteWebDriver log
WARNING: Executed: [a888c94550e1c34de1cb15fa51bd8d2e, findElement {using=css selector, value=button#triage}]
May 09, 2019 1:16:23 PM org.openqa.selenium.remote.RemoteWebDriver log
WARNING: Executing: isElementDisplayed [a888c94550e1c34de1cb15fa51bd8d2e, isElementDisplayed {id=0.4176510208987809-73}]
May 09, 2019 1:16:23 PM org.openqa.selenium.remote.RemoteWebDriver log
WARNING: Executed: [a888c94550e1c34de1cb15fa51bd8d2e, isElementDisplayed {id=0.4176510208987809-73}]
May 09, 2019 1:16:23 PM org.openqa.selenium.remote.RemoteWebDriver log
WARNING: Executing: isElementEnabled [a888c94550e1c34de1cb15fa51bd8d2e, isElementEnabled {id=0.4176510208987809-73}]
May 09, 2019 1:16:23 PM org.openqa.selenium.remote.RemoteWebDriver log
WARNING: Executed: [a888c94550e1c34de1cb15fa51bd8d2e, isElementEnabled {id=0.4176510208987809-73}]
]]></system-err>
  </testcase>
  <testcase name="testCreateLowPriority" classname="com.clarolab.AutomationIssuesTest" time="21.494">
    <failure message="Timed out after 5 seconds: Element 'By.cssSelector: button#triage' never became clickable after '5' seconds
Build info: version: '2.45.0', revision: '5017cb8e7ca8e37638dc3091b2440b90a1d8686f', time: '2015-02-27 09:10:26'
System info: host: '6888e31d0e98', ip: '172.17.0.9', os.name: 'Linux', os.arch: 'amd64', os.version: '4.15.0-29-generic', java.version: '1.8.0_212'
Driver info: org.openqa.selenium.remote.RemoteWebDriver
Capabilities [{mobileEmulationEnabled=false, timeouts={implicit=0, pageLoad=300000, script=30000}, hasTouchScreen=false, platform=LINUX, acceptSslCerts=false, goog:chromeOptions={debuggerAddress=localhost:46151}, acceptInsecureCerts=false, webStorageEnabled=true, browserName=chrome, takesScreenshot=true, javascriptEnabled=true, setWindowRect=true, unexpectedAlertBehaviour=ignore, applicationCacheEnabled=false, rotatable=false, networkConnectionEnabled=false, chrome={chromedriverVersion=73.0.3683.68 (47787ec04b6e38e22703e856e101e840b65afe72), userDataDir=/tmp/.com.google.Chrome.iFMNti}, takesHeapSnapshot=true, pageLoadStrategy=normal, strictFileInteractability=false, databaseEnabled=false, handlesAlerts=true, version=73.0.3683.86, browserConnectionEnabled=false, proxy={}, nativeEvents=true, webdriver.remote.sessionid=5e131c183a733a14993f835fc837944a, locationContextEnabled=true, cssSelectorsEnabled=true}]
Session ID: 5e131c183a733a14993f835fc837944a" type="org.openqa.selenium.TimeoutException">org.openqa.selenium.TimeoutException: 
Timed out after 5 seconds: Element 'By.cssSelector: button#triage' never became clickable after '5' seconds
Build info: version: '2.45.0', revision: '5017cb8e7ca8e37638dc3091b2440b90a1d8686f', time: '2015-02-27 09:10:26'
System info: host: '6888e31d0e98', ip: '172.17.0.9', os.name: 'Linux', os.arch: 'amd64', os.version: '4.15.0-29-generic', java.version: '1.8.0_212'
Driver info: org.openqa.selenium.remote.RemoteWebDriver
Capabilities [{mobileEmulationEnabled=false, timeouts={implicit=0, pageLoad=300000, script=30000}, hasTouchScreen=false, platform=LINUX, acceptSslCerts=false, goog:chromeOptions={debuggerAddress=localhost:46151}, acceptInsecureCerts=false, webStorageEnabled=true, browserName=chrome, takesScreenshot=true, javascriptEnabled=true, setWindowRect=true, unexpectedAlertBehaviour=ignore, applicationCacheEnabled=false, rotatable=false, networkConnectionEnabled=false, chrome={chromedriverVersion=73.0.3683.68 (47787ec04b6e38e22703e856e101e840b65afe72), userDataDir=/tmp/.com.google.Chrome.iFMNti}, takesHeapSnapshot=true, pageLoadStrategy=normal, strictFileInteractability=false, databaseEnabled=false, handlesAlerts=true, version=73.0.3683.86, browserConnectionEnabled=false, proxy={}, nativeEvents=true, webdriver.remote.sessionid=5e131c183a733a14993f835fc837944a, locationContextEnabled=true, cssSelectorsEnabled=true}]
Session ID: 5e131c183a733a14993f835fc837944a
	at com.clarolab.AutomationIssuesTest.testCreateLowPriority(AutomationIssuesTest.java:75)
</failure>
    <system-err><![CDATA[May 09, 2019 1:16:23 PM org.openqa.selenium.remote.RemoteWebDriver log
WARNING: Executing: screenshot [a888c94550e1c34de1cb15fa51bd8d2e, screenshot {}]
May 09, 2019 1:16:23 PM org.openqa.selenium.remote.RemoteWebDriver log
WARNING: Executed: [a888c94550e1c34de1cb15fa51bd8d2e, screenshot {}]
May 09, 2019 1:16:23 PM org.openqa.selenium.remote.RemoteWebDriver log
WARNING: Executing: getCurrentUrl [a888c94550e1c34de1cb15fa51bd8d2e, getCurrentUrl {}]
May 09, 2019 1:16:23 PM org.openqa.selenium.remote.RemoteWebDriver log
WARNING: Executed: [a888c94550e1c34de1cb15fa51bd8d2e, getCurrentUrl {}]
May 09, 2019 1:16:23 PM com.clarolab.BaseTest takeScreenShot
INFO: Screenshot of http://tdev.clarolab.com/Test/6004/Triage taken: screenshot247418.png
May 09, 2019 1:16:23 PM org.openqa.selenium.remote.RemoteWebDriver log
WARNING: Executing: deleteAllCookies [a888c94550e1c34de1cb15fa51bd8d2e, deleteAllCookies {}]
May 09, 2019 1:16:23 PM org.openqa.selenium.remote.RemoteWebDriver log
WARNING: Executed: [a888c94550e1c34de1cb15fa51bd8d2e, deleteAllCookies {}]
May 09, 2019 1:16:23 PM org.openqa.selenium.remote.RemoteWebDriver log
WARNING: Executing: quit [a888c94550e1c34de1cb15fa51bd8d2e, quit {}]
May 09, 2019 1:16:23 PM org.openqa.selenium.remote.RemoteWebDriver log
WARNING: Executed: [a888c94550e1c34de1cb15fa51bd8d2e, quit {}]
May 09, 2019 1:16:23 PM org.openqa.selenium.remote.RemoteWebDriver log
WARNING: Executing: quit [null, quit {}]
May 09, 2019 1:16:23 PM org.openqa.selenium.remote.RemoteWebDriver log
WARNING: Executed: [null, quit {}]
May 09, 2019 1:16:23 PM org.openqa.selenium.remote.RemoteWebDriver log
WARNING: Executing: setTimeout [5e131c183a733a14993f835fc837944a, setTimeout {type=page load, ms=80000}]
May 09, 2019 1:16:23 PM org.openqa.selenium.remote.RemoteWebDriver log
WARNING: Executed: [5e131c183a733a14993f835fc837944a, setTimeout {type=page load, ms=80000}]
May 09, 2019 1:16:23 PM org.openqa.selenium.remote.RemoteWebDriver log
WARNING: Executing: implicitlyWait [5e131c183a733a14993f835fc837944a, implicitlyWait {ms=2000}]
May 09, 2019 1:16:23 PM org.openqa.selenium.remote.RemoteWebDriver log
WARNING: Executed: [5e131c183a733a14993f835fc837944a, implicitlyWait {ms=2000}]
May 09, 2019 1:16:23 PM org.openqa.selenium.remote.RemoteWebDriver log
WARNING: Executing: get [5e131c183a733a14993f835fc837944a, get {url=http://tdev.clarolab.com/}]
May 09, 2019 1:16:25 PM org.openqa.selenium.remote.RemoteWebDriver log
WARNING: Executed: [5e131c183a733a14993f835fc837944a, get {url=http://tdev.clarolab.com/}]
May 09, 2019 1:16:25 PM org.openqa.selenium.remote.RemoteWebDriver log
WARNING: Executing: getCurrentUrl [5e131c183a733a14993f835fc837944a, getCurrentUrl {}]
May 09, 2019 1:16:25 PM org.openqa.selenium.remote.RemoteWebDriver log
WARNING: Executed: [5e131c183a733a14993f835fc837944a, getCurrentUrl {}]
May 09, 2019 1:16:25 PM org.openqa.selenium.remote.RemoteWebDriver log
WARNING: Executing: getCurrentUrl [5e131c183a733a14993f835fc837944a, getCurrentUrl {}]
May 09, 2019 1:16:25 PM org.openqa.selenium.remote.RemoteWebDriver log
WARNING: Executed: [5e131c183a733a14993f835fc837944a, getCurrentUrl {}]
May 09, 2019 1:16:25 PM org.openqa.selenium.remote.RemoteWebDriver log
WARNING: Executing: findElement [5e131c183a733a14993f835fc837944a, findElement {using=id, value=loginForm}]
May 09, 2019 1:16:25 PM org.openqa.selenium.remote.RemoteWebDriver log
WARNING: Executed: [5e131c183a733a14993f835fc837944a, findElement {using=id, value=loginForm}]
May 09, 2019 1:16:25 PM org.openqa.selenium.remote.RemoteWebDriver log
WARNING: Executing: findElement [5e131c183a733a14993f835fc837944a, findElement {using=tag name, value=body}]
May 09, 2019 1:16:25 PM org.openqa.selenium.remote.RemoteWebDriver log
WARNING: Executed: [5e131c183a733a14993f835fc837944a, findElement {using=tag name, value=body}]
May 09, 2019 1:16:25 PM org.openqa.selenium.remote.RemoteWebDriver log
WARNING: Executing: getElementText [5e131c183a733a14993f835fc837944a, getElementText {id=0.39711670994307546-2}]
May 09, 2019 1:16:25 PM org.openqa.selenium.remote.RemoteWebDriver log
WARNING: Executed: [5e131c183a733a14993f835fc837944a, getElementText {id=0.39711670994307546-2}]
May 09, 2019 1:16:25 PM org.openqa.selenium.remote.RemoteWebDriver log
WARNING: Executing: findElement [5e131c183a733a14993f835fc837944a, findElement {using=tag name, value=body}]
May 09, 2019 1:16:25 PM org.openqa.selenium.remote.RemoteWebDriver log
WARNING: Executed: [5e131c183a733a14993f835fc837944a, findElement {using=tag name, value=body}]
May 09, 2019 1:16:25 PM org.openqa.selenium.remote.RemoteWebDriver log
WARNING: Executing: getElementText [5e131c183a733a14993f835fc837944a, getElementText {id=0.39711670994307546-2}]
May 09, 2019 1:16:25 PM org.openqa.selenium.remote.RemoteWebDriver log
WARNING: Executed: [5e131c183a733a14993f835fc837944a, getElementText {id=0.39711670994307546-2}]
May 09, 2019 1:16:26 PM org.openqa.selenium.remote.RemoteWebDriver log
WARNING: Executing: findElement [5e131c183a733a14993f835fc837944a, findElement {using=tag name, value=body}]
May 09, 2019 1:16:26 PM org.openqa.selenium.remote.RemoteWebDriver log
WARNING: Executed: [5e131c183a733a14993f835fc837944a, findElement {using=tag name, value=body}]
May 09, 2019 1:16:26 PM org.openqa.selenium.remote.RemoteWebDriver log
WARNING: Executing: getElementText [5e131c183a733a14993f835fc837944a, getElementText {id=0.39711670994307546-2}]
May 09, 2019 1:16:26 PM org.openqa.selenium.remote.RemoteWebDriver log
WARNING: Executed: [5e131c183a733a14993f835fc837944a, getElementText {id=0.39711670994307546-2}]
May 09, 2019 1:16:26 PM org.openqa.selenium.remote.RemoteWebDriver log
WARNING: Executing: findElement [5e131c183a733a14993f835fc837944a, findElement {using=id, value=internalLoginSubmit}]
May 09, 2019 1:16:26 PM org.openqa.selenium.remote.RemoteWebDriver log
WARNING: Executed: [5e131c183a733a14993f835fc837944a, findElement {using=id, value=internalLoginSubmit}]
May 09, 2019 1:16:26 PM org.openqa.selenium.remote.RemoteWebDriver log
WARNING: Executing: isElementDisplayed [5e131c183a733a14993f835fc837944a, isElementDisplayed {id=0.39711670994307546-3}]
May 09, 2019 1:16:26 PM org.openqa.selenium.remote.RemoteWebDriver log
WARNING: Executed: [5e131c183a733a14993f835fc837944a, isElementDisplayed {id=0.39711670994307546-3}]
May 09, 2019 1:16:26 PM org.openqa.selenium.remote.RemoteWebDriver log
WARNING: Executing: isElementEnabled [5e131c183a733a14993f835fc837944a, isElementEnabled {id=0.39711670994307546-3}]
May 09, 2019 1:16:26 PM org.openqa.selenium.remote.RemoteWebDriver log
WARNING: Executed: [5e131c183a733a14993f835fc837944a, isElementEnabled {id=0.39711670994307546-3}]
May 09, 2019 1:16:26 PM org.openqa.selenium.remote.RemoteWebDriver log
WARNING: Executing: findElement [5e131c183a733a14993f835fc837944a, findElement {using=id, value=email}]
May 09, 2019 1:16:26 PM org.openqa.selenium.remote.RemoteWebDriver log
WARNING: Executed: [5e131c183a733a14993f835fc837944a, findElement {using=id, value=email}]
May 09, 2019 1:16:26 PM org.openqa.selenium.remote.RemoteWebDriver log
WARNING: Executing: getElementTagName [5e131c183a733a14993f835fc837944a, getElementTagName {id=0.39711670994307546-4}]
May 09, 2019 1:16:26 PM org.openqa.selenium.remote.RemoteWebDriver log
WARNING: Executed: [5e131c183a733a14993f835fc837944a, getElementTagName {id=0.39711670994307546-4}]
May 09, 2019 1:16:26 PM org.openqa.selenium.remote.RemoteWebDriver log
WARNING: Executing: sendKeysToElement [5e131c183a733a14993f835fc837944a, sendKeysToElement {id=0.39711670994307546-4, value=[Ljava.lang.CharSequence;@59252cb6}]
May 09, 2019 1:16:26 PM org.openqa.selenium.remote.RemoteWebDriver log
WARNING: Executed: [5e131c183a733a14993f835fc837944a, sendKeysToElement {id=0.39711670994307546-4, value=[Ljava.lang.CharSequence;@59252cb6}]
May 09, 2019 1:16:26 PM org.openqa.selenium.remote.RemoteWebDriver log
WARNING: Executing: sendKeysToElement [5e131c183a733a14993f835fc837944a, sendKeysToElement {id=0.39711670994307546-4, value=[Ljava.lang.CharSequence;@31d0e481}]
May 09, 2019 1:16:26 PM org.openqa.selenium.remote.RemoteWebDriver log
WARNING: Executed: [5e131c183a733a14993f835fc837944a, sendKeysToElement {id=0.39711670994307546-4, value=[Ljava.lang.CharSequence;@31d0e481}]
May 09, 2019 1:16:26 PM org.openqa.selenium.remote.RemoteWebDriver log
WARNING: Executing: sendKeysToElement [5e131c183a733a14993f835fc837944a, sendKeysToElement {id=0.39711670994307546-4, value=[Ljava.lang.CharSequence;@3243b914}]
May 09, 2019 1:16:26 PM org.openqa.selenium.remote.RemoteWebDriver log
WARNING: Executed: [5e131c183a733a14993f835fc837944a, sendKeysToElement {id=0.39711670994307546-4, value=[Ljava.lang.CharSequence;@3243b914}]
May 09, 2019 1:16:26 PM org.openqa.selenium.remote.RemoteWebDriver log
WARNING: Executing: sendKeysToElement [5e131c183a733a14993f835fc837944a, sendKeysToElement {id=0.39711670994307546-4, value=[Ljava.lang.CharSequence;@241e8ea6}]
May 09, 2019 1:16:26 PM org.openqa.selenium.remote.RemoteWebDriver log
WARNING: Executed: [5e131c183a733a14993f835fc837944a, sendKeysToElement {id=0.39711670994307546-4, value=[Ljava.lang.CharSequence;@241e8ea6}]
May 09, 2019 1:16:26 PM org.openqa.selenium.remote.RemoteWebDriver log
WARNING: Executing: sendKeysToElement [5e131c183a733a14993f835fc837944a, sendKeysToElement {id=0.39711670994307546-4, value=[Ljava.lang.CharSequence;@542e560f}]
May 09, 2019 1:16:26 PM org.openqa.selenium.remote.RemoteWebDriver log
WARNING: Executed: [5e131c183a733a14993f835fc837944a, sendKeysToElement {id=0.39711670994307546-4, value=[Ljava.lang.CharSequence;@542e560f}]
May 09, 2019 1:16:26 PM org.openqa.selenium.remote.RemoteWebDriver log
WARNING: Executing: sendKeysToElement [5e131c183a733a14993f835fc837944a, sendKeysToElement {id=0.39711670994307546-4, value=[Ljava.lang.CharSequence;@626c44e7}]
May 09, 2019 1:16:26 PM org.openqa.selenium.remote.RemoteWebDriver log
WARNING: Executed: [5e131c183a733a14993f835fc837944a, sendKeysToElement {id=0.39711670994307546-4, value=[Ljava.lang.CharSequence;@626c44e7}]
May 09, 2019 1:16:26 PM org.openqa.selenium.remote.RemoteWebDriver log
WARNING: Executing: sendKeysToElement [5e131c183a733a14993f835fc837944a, sendKeysToElement {id=0.39711670994307546-4, value=[Ljava.lang.CharSequence;@4dc8caa7}]
May 09, 2019 1:16:26 PM org.openqa.selenium.remote.RemoteWebDriver log
WARNING: Executed: [5e131c183a733a14993f835fc837944a, sendKeysToElement {id=0.39711670994307546-4, value=[Ljava.lang.CharSequence;@4dc8caa7}]
May 09, 2019 1:16:26 PM org.openqa.selenium.remote.RemoteWebDriver log
WARNING: Executing: sendKeysToElement [5e131c183a733a14993f835fc837944a, sendKeysToElement {id=0.39711670994307546-4, value=[Ljava.lang.CharSequence;@1d730606}]
May 09, 2019 1:16:27 PM org.openqa.selenium.remote.RemoteWebDriver log
WARNING: Executed: [5e131c183a733a14993f835fc837944a, sendKeysToElement {id=0.39711670994307546-4, value=[Ljava.lang.CharSequence;@1d730606}]
May 09, 2019 1:16:27 PM org.openqa.selenium.remote.RemoteWebDriver log
WARNING: Executing: sendKeysToElement [5e131c183a733a14993f835fc837944a, sendKeysToElement {id=0.39711670994307546-4, value=[Ljava.lang.CharSequence;@3bcbb589}]
May 09, 2019 1:16:27 PM org.openqa.selenium.remote.RemoteWebDriver log
WARNING: Executed: [5e131c183a733a14993f835fc837944a, sendKeysToElement {id=0.39711670994307546-4, value=[Ljava.lang.CharSequence;@3bcbb589}]
May 09, 2019 1:16:27 PM org.openqa.selenium.remote.RemoteWebDriver log
WARNING: Executing: sendKeysToElement [5e131c183a733a14993f835fc837944a, sendKeysToElement {id=0.39711670994307546-4, value=[Ljava.lang.CharSequence;@3b00856b}]
May 09, 2019 1:16:27 PM org.openqa.selenium.remote.RemoteWebDriver log
WARNING: Executed: [5e131c183a733a14993f835fc837944a, sendKeysToElement {id=0.39711670994307546-4, value=[Ljava.lang.CharSequence;@3b00856b}]
May 09, 2019 1:16:27 PM org.openqa.selenium.remote.RemoteWebDriver log
WARNING: Executing: sendKeysToElement [5e131c183a733a14993f835fc837944a, sendKeysToElement {id=0.39711670994307546-4, value=[Ljava.lang.CharSequence;@3016fd5e}]
May 09, 2019 1:16:27 PM org.openqa.selenium.remote.RemoteWebDriver log
WARNING: Executed: [5e131c183a733a14993f835fc837944a, sendKeysToElement {id=0.39711670994307546-4, value=[Ljava.lang.CharSequence;@3016fd5e}]
May 09, 2019 1:16:27 PM org.openqa.selenium.remote.RemoteWebDriver log
WARNING: Executing: sendKeysToElement [5e131c183a733a14993f835fc837944a, sendKeysToElement {id=0.39711670994307546-4, value=[Ljava.lang.CharSequence;@35d08e6c}]
May 09, 2019 1:16:27 PM org.openqa.selenium.remote.RemoteWebDriver log
WARNING: Executed: [5e131c183a733a14993f835fc837944a, sendKeysToElement {id=0.39711670994307546-4, value=[Ljava.lang.CharSequence;@35d08e6c}]
May 09, 2019 1:16:27 PM org.openqa.selenium.remote.RemoteWebDriver log
WARNING: Executing: sendKeysToElement [5e131c183a733a14993f835fc837944a, sendKeysToElement {id=0.39711670994307546-4, value=[Ljava.lang.CharSequence;@53d102a2}]
May 09, 2019 1:16:27 PM org.openqa.selenium.remote.RemoteWebDriver log
WARNING: Executed: [5e131c183a733a14993f835fc837944a, sendKeysToElement {id=0.39711670994307546-4, value=[Ljava.lang.CharSequence;@53d102a2}]
May 09, 2019 1:16:27 PM org.openqa.selenium.remote.RemoteWebDriver log
WARNING: Executing: sendKeysToElement [5e131c183a733a14993f835fc837944a, sendKeysToElement {id=0.39711670994307546-4, value=[Ljava.lang.CharSequence;@6c45ee6e}]
May 09, 2019 1:16:27 PM org.openqa.selenium.remote.RemoteWebDriver log
WARNING: Executed: [5e131c183a733a14993f835fc837944a, sendKeysToElement {id=0.39711670994307546-4, value=[Ljava.lang.CharSequence;@6c45ee6e}]
May 09, 2019 1:16:27 PM org.openqa.selenium.remote.RemoteWebDriver log
WARNING: Executing: sendKeysToElement [5e131c183a733a14993f835fc837944a, sendKeysToElement {id=0.39711670994307546-4, value=[Ljava.lang.CharSequence;@6b3e12b5}]
May 09, 2019 1:16:27 PM org.openqa.selenium.remote.RemoteWebDriver log
WARNING: Executed: [5e131c183a733a14993f835fc837944a, sendKeysToElement {id=0.39711670994307546-4, value=[Ljava.lang.CharSequence;@6b3e12b5}]
May 09, 2019 1:16:27 PM org.openqa.selenium.remote.RemoteWebDriver log
WARNING: Executing: sendKeysToElement [5e131c183a733a14993f835fc837944a, sendKeysToElement {id=0.39711670994307546-4, value=[Ljava.lang.CharSequence;@5aac4250}]
May 09, 2019 1:16:27 PM org.openqa.selenium.remote.RemoteWebDriver log
WARNING: Executed: [5e131c183a733a14993f835fc837944a, sendKeysToElement {id=0.39711670994307546-4, value=[Ljava.lang.CharSequence;@5aac4250}]
May 09, 2019 1:16:27 PM org.openqa.selenium.remote.RemoteWebDriver log
WARNING: Executing: sendKeysToElement [5e131c183a733a14993f835fc837944a, sendKeysToElement {id=0.39711670994307546-4, value=[Ljava.lang.CharSequence;@1338fb5}]
May 09, 2019 1:16:27 PM org.openqa.selenium.remote.RemoteWebDriver log
WARNING: Executed: [5e131c183a733a14993f835fc837944a, sendKeysToElement {id=0.39711670994307546-4, value=[Ljava.lang.CharSequence;@1338fb5}]
May 09, 2019 1:16:27 PM org.openqa.selenium.remote.RemoteWebDriver log
WARNING: Executing: findElement [5e131c183a733a14993f835fc837944a, findElement {using=id, value=password}]
May 09, 2019 1:16:27 PM org.openqa.selenium.remote.RemoteWebDriver log
WARNING: Executed: [5e131c183a733a14993f835fc837944a, findElement {using=id, value=password}]
May 09, 2019 1:16:27 PM org.openqa.selenium.remote.RemoteWebDriver log
WARNING: Executing: getElementTagName [5e131c183a733a14993f835fc837944a, getElementTagName {id=0.39711670994307546-5}]
May 09, 2019 1:16:27 PM org.openqa.selenium.remote.RemoteWebDriver log
WARNING: Executed: [5e131c183a733a14993f835fc837944a, getElementTagName {id=0.39711670994307546-5}]
May 09, 2019 1:16:27 PM org.openqa.selenium.remote.RemoteWebDriver log
WARNING: Executing: sendKeysToElement [5e131c183a733a14993f835fc837944a, sendKeysToElement {id=0.39711670994307546-5, value=[Ljava.lang.CharSequence;@42463763}]
May 09, 2019 1:16:27 PM org.openqa.selenium.remote.RemoteWebDriver log
WARNING: Executed: [5e131c183a733a14993f835fc837944a, sendKeysToElement {id=0.39711670994307546-5, value=[Ljava.lang.CharSequence;@42463763}]
May 09, 2019 1:16:28 PM org.openqa.selenium.remote.RemoteWebDriver log
WARNING: Executing: sendKeysToElement [5e131c183a733a14993f835fc837944a, sendKeysToElement {id=0.39711670994307546-5, value=[Ljava.lang.CharSequence;@59f63e24}]
May 09, 2019 1:16:28 PM org.openqa.selenium.remote.RemoteWebDriver log
WARNING: Executed: [5e131c183a733a14993f835fc837944a, sendKeysToElement {id=0.39711670994307546-5, value=[Ljava.lang.CharSequence;@59f63e24}]
May 09, 2019 1:16:28 PM org.openqa.selenium.remote.RemoteWebDriver log
WARNING: Executing: sendKeysToElement [5e131c183a733a14993f835fc837944a, sendKeysToElement {id=0.39711670994307546-5, value=[Ljava.lang.CharSequence;@61f05988}]
May 09, 2019 1:16:28 PM org.openqa.selenium.remote.RemoteWebDriver log
WARNING: Executed: [5e131c183a733a14993f835fc837944a, sendKeysToElement {id=0.39711670994307546-5, value=[Ljava.lang.CharSequence;@61f05988}]
May 09, 2019 1:16:28 PM org.openqa.selenium.remote.RemoteWebDriver log
WARNING: Executing: sendKeysToElement [5e131c183a733a14993f835fc837944a, sendKeysToElement {id=0.39711670994307546-5, value=[Ljava.lang.CharSequence;@7ca33c24}]
May 09, 2019 1:16:28 PM org.openqa.selenium.remote.RemoteWebDriver log
WARNING: Executed: [5e131c183a733a14993f835fc837944a, sendKeysToElement {id=0.39711670994307546-5, value=[Ljava.lang.CharSequence;@7ca33c24}]
May 09, 2019 1:16:28 PM org.openqa.selenium.remote.RemoteWebDriver log
WARNING: Executing: sendKeysToElement [5e131c183a733a14993f835fc837944a, sendKeysToElement {id=0.39711670994307546-5, value=[Ljava.lang.CharSequence;@fade1fc}]
May 09, 2019 1:16:28 PM org.openqa.selenium.remote.RemoteWebDriver log
WARNING: Executed: [5e131c183a733a14993f835fc837944a, sendKeysToElement {id=0.39711670994307546-5, value=[Ljava.lang.CharSequence;@fade1fc}]
May 09, 2019 1:16:28 PM org.openqa.selenium.remote.RemoteWebDriver log
WARNING: Executing: sendKeysToElement [5e131c183a733a14993f835fc837944a, sendKeysToElement {id=0.39711670994307546-5, value=[Ljava.lang.CharSequence;@67c2e933}]
May 09, 2019 1:16:28 PM org.openqa.selenium.remote.RemoteWebDriver log
WARNING: Executed: [5e131c183a733a14993f835fc837944a, sendKeysToElement {id=0.39711670994307546-5, value=[Ljava.lang.CharSequence;@67c2e933}]
May 09, 2019 1:16:28 PM org.openqa.selenium.remote.RemoteWebDriver log
WARNING: Executing: findElement [5e131c183a733a14993f835fc837944a, findElement {using=tag name, value=body}]
May 09, 2019 1:16:28 PM org.openqa.selenium.remote.RemoteWebDriver log
WARNING: Executed: [5e131c183a733a14993f835fc837944a, findElement {using=tag name, value=body}]
May 09, 2019 1:16:28 PM org.openqa.selenium.remote.RemoteWebDriver log
WARNING: Executing: getElementText [5e131c183a733a14993f835fc837944a, getElementText {id=0.39711670994307546-2}]
May 09, 2019 1:16:28 PM org.openqa.selenium.remote.RemoteWebDriver log
WARNING: Executed: [5e131c183a733a14993f835fc837944a, getElementText {id=0.39711670994307546-2}]
May 09, 2019 1:16:29 PM org.openqa.selenium.remote.RemoteWebDriver log
WARNING: Executing: findElement [5e131c183a733a14993f835fc837944a, findElement {using=tag name, value=body}]
May 09, 2019 1:16:29 PM org.openqa.selenium.remote.RemoteWebDriver log
WARNING: Executed: [5e131c183a733a14993f835fc837944a, findElement {using=tag name, value=body}]
May 09, 2019 1:16:29 PM org.openqa.selenium.remote.RemoteWebDriver log
WARNING: Executing: getElementText [5e131c183a733a14993f835fc837944a, getElementText {id=0.39711670994307546-2}]
May 09, 2019 1:16:29 PM org.openqa.selenium.remote.RemoteWebDriver log
WARNING: Executed: [5e131c183a733a14993f835fc837944a, getElementText {id=0.39711670994307546-2}]
May 09, 2019 1:16:29 PM org.openqa.selenium.remote.RemoteWebDriver log
WARNING: Executing: findElement [5e131c183a733a14993f835fc837944a, findElement {using=tag name, value=body}]
May 09, 2019 1:16:29 PM org.openqa.selenium.remote.RemoteWebDriver log
WARNING: Executed: [5e131c183a733a14993f835fc837944a, findElement {using=tag name, value=body}]
May 09, 2019 1:16:29 PM org.openqa.selenium.remote.RemoteWebDriver log
WARNING: Executing: getElementText [5e131c183a733a14993f835fc837944a, getElementText {id=0.39711670994307546-2}]
May 09, 2019 1:16:29 PM org.openqa.selenium.remote.RemoteWebDriver log
WARNING: Executed: [5e131c183a733a14993f835fc837944a, getElementText {id=0.39711670994307546-2}]
May 09, 2019 1:16:29 PM org.openqa.selenium.remote.RemoteWebDriver log
WARNING: Executing: findElement [5e131c183a733a14993f835fc837944a, findElement {using=id, value=internalLoginSubmit}]
May 09, 2019 1:16:29 PM org.openqa.selenium.remote.RemoteWebDriver log
WARNING: Executed: [5e131c183a733a14993f835fc837944a, findElement {using=id, value=internalLoginSubmit}]
May 09, 2019 1:16:29 PM org.openqa.selenium.remote.RemoteWebDriver log
WARNING: Executing: isElementDisplayed [5e131c183a733a14993f835fc837944a, isElementDisplayed {id=0.39711670994307546-3}]
May 09, 2019 1:16:29 PM org.openqa.selenium.remote.RemoteWebDriver log
WARNING: Executed: [5e131c183a733a14993f835fc837944a, isElementDisplayed {id=0.39711670994307546-3}]
May 09, 2019 1:16:29 PM org.openqa.selenium.remote.RemoteWebDriver log
WARNING: Executing: isElementEnabled [5e131c183a733a14993f835fc837944a, isElementEnabled {id=0.39711670994307546-3}]
May 09, 2019 1:16:29 PM org.openqa.selenium.remote.RemoteWebDriver log
WARNING: Executed: [5e131c183a733a14993f835fc837944a, isElementEnabled {id=0.39711670994307546-3}]
May 09, 2019 1:16:29 PM org.openqa.selenium.remote.RemoteWebDriver log
WARNING: Executing: clickElement [5e131c183a733a14993f835fc837944a, clickElement {id=0.39711670994307546-3}]
May 09, 2019 1:16:29 PM org.openqa.selenium.remote.RemoteWebDriver log
WARNING: Executed: [5e131c183a733a14993f835fc837944a, clickElement {id=0.39711670994307546-3}]
May 09, 2019 1:16:29 PM org.openqa.selenium.remote.RemoteWebDriver log
WARNING: Executing: getCurrentUrl [5e131c183a733a14993f835fc837944a, getCurrentUrl {}]
May 09, 2019 1:16:29 PM org.openqa.selenium.remote.RemoteWebDriver log
WARNING: Executed: [5e131c183a733a14993f835fc837944a, getCurrentUrl {}]
May 09, 2019 1:16:29 PM org.openqa.selenium.remote.RemoteWebDriver log
WARNING: Executing: getCurrentUrl [5e131c183a733a14993f835fc837944a, getCurrentUrl {}]
May 09, 2019 1:16:29 PM org.openqa.selenium.remote.RemoteWebDriver log
WARNING: Executed: [5e131c183a733a14993f835fc837944a, getCurrentUrl {}]
May 09, 2019 1:16:29 PM org.openqa.selenium.remote.RemoteWebDriver log
WARNING: Executing: findElement [5e131c183a733a14993f835fc837944a, findElement {using=class name, value=homeRoot}]
May 09, 2019 1:16:29 PM org.openqa.selenium.remote.RemoteWebDriver log
WARNING: Executed: [5e131c183a733a14993f835fc837944a, findElement {using=class name, value=homeRoot}]
May 09, 2019 1:16:29 PM org.openqa.selenium.remote.RemoteWebDriver log
WARNING: Executing: findElement [5e131c183a733a14993f835fc837944a, findElement {using=tag name, value=body}]
May 09, 2019 1:16:29 PM org.openqa.selenium.remote.RemoteWebDriver log
WARNING: Executed: [5e131c183a733a14993f835fc837944a, findElement {using=tag name, value=body}]
May 09, 2019 1:16:29 PM org.openqa.selenium.remote.RemoteWebDriver log
WARNING: Executing: getElementText [5e131c183a733a14993f835fc837944a, getElementText {id=0.39711670994307546-2}]
May 09, 2019 1:16:29 PM org.openqa.selenium.remote.RemoteWebDriver log
WARNING: Executed: [5e131c183a733a14993f835fc837944a, getElementText {id=0.39711670994307546-2}]
May 09, 2019 1:16:30 PM org.openqa.selenium.remote.RemoteWebDriver log
WARNING: Executing: findElement [5e131c183a733a14993f835fc837944a, findElement {using=tag name, value=body}]
May 09, 2019 1:16:30 PM org.openqa.selenium.remote.RemoteWebDriver log
WARNING: Executed: [5e131c183a733a14993f835fc837944a, findElement {using=tag name, value=body}]
May 09, 2019 1:16:30 PM org.openqa.selenium.remote.RemoteWebDriver log
WARNING: Executing: getElementText [5e131c183a733a14993f835fc837944a, getElementText {id=0.39711670994307546-2}]
May 09, 2019 1:16:30 PM org.openqa.selenium.remote.RemoteWebDriver log
WARNING: Executed: [5e131c183a733a14993f835fc837944a, getElementText {id=0.39711670994307546-2}]
May 09, 2019 1:16:31 PM org.openqa.selenium.remote.RemoteWebDriver log
WARNING: Executing: findElement [5e131c183a733a14993f835fc837944a, findElement {using=tag name, value=body}]
May 09, 2019 1:16:31 PM org.openqa.selenium.remote.RemoteWebDriver log
WARNING: Executed: [5e131c183a733a14993f835fc837944a, findElement {using=tag name, value=body}]
May 09, 2019 1:16:31 PM org.openqa.selenium.remote.RemoteWebDriver log
WARNING: Executing: getElementText [5e131c183a733a14993f835fc837944a, getElementText {id=0.39711670994307546-2}]
May 09, 2019 1:16:31 PM org.openqa.selenium.remote.RemoteWebDriver log
WARNING: Executed: [5e131c183a733a14993f835fc837944a, getElementText {id=0.39711670994307546-2}]
May 09, 2019 1:16:31 PM org.openqa.selenium.remote.RemoteWebDriver log
WARNING: Executing: findElement [5e131c183a733a14993f835fc837944a, findElement {using=tag name, value=body}]
May 09, 2019 1:16:31 PM org.openqa.selenium.remote.RemoteWebDriver log
WARNING: Executed: [5e131c183a733a14993f835fc837944a, findElement {using=tag name, value=body}]
May 09, 2019 1:16:31 PM org.openqa.selenium.remote.RemoteWebDriver log
WARNING: Executing: getElementText [5e131c183a733a14993f835fc837944a, getElementText {id=0.39711670994307546-2}]
May 09, 2019 1:16:32 PM org.openqa.selenium.remote.RemoteWebDriver log
WARNING: Executed: [5e131c183a733a14993f835fc837944a, getElementText {id=0.39711670994307546-2}]
May 09, 2019 1:16:32 PM org.openqa.selenium.remote.RemoteWebDriver log
WARNING: Executing: findElements [5e131c183a733a14993f835fc837944a, findElements {using=css selector, value=tr.jobsTableRow}]
May 09, 2019 1:16:32 PM org.openqa.selenium.remote.RemoteWebDriver log
WARNING: Executed: [5e131c183a733a14993f835fc837944a, findElements {using=css selector, value=tr.jobsTableRow}]
May 09, 2019 1:16:32 PM org.openqa.selenium.remote.RemoteWebDriver log
WARNING: Executing: isElementDisplayed [5e131c183a733a14993f835fc837944a, isElementDisplayed {id=0.39711670994307546-7}]
May 09, 2019 1:16:32 PM org.openqa.selenium.remote.RemoteWebDriver log
WARNING: Executed: [5e131c183a733a14993f835fc837944a, isElementDisplayed {id=0.39711670994307546-7}]
May 09, 2019 1:16:32 PM org.openqa.selenium.remote.RemoteWebDriver log
WARNING: Executing: isElementDisplayed [5e131c183a733a14993f835fc837944a, isElementDisplayed {id=0.39711670994307546-8}]
May 09, 2019 1:16:32 PM org.openqa.selenium.remote.RemoteWebDriver log
WARNING: Executed: [5e131c183a733a14993f835fc837944a, isElementDisplayed {id=0.39711670994307546-8}]
May 09, 2019 1:16:32 PM org.openqa.selenium.remote.RemoteWebDriver log
WARNING: Executing: isElementDisplayed [5e131c183a733a14993f835fc837944a, isElementDisplayed {id=0.39711670994307546-9}]
May 09, 2019 1:16:32 PM org.openqa.selenium.remote.RemoteWebDriver log
WARNING: Executed: [5e131c183a733a14993f835fc837944a, isElementDisplayed {id=0.39711670994307546-9}]
May 09, 2019 1:16:32 PM org.openqa.selenium.remote.RemoteWebDriver log
WARNING: Executing: isElementDisplayed [5e131c183a733a14993f835fc837944a, isElementDisplayed {id=0.39711670994307546-10}]
May 09, 2019 1:16:32 PM org.openqa.selenium.remote.RemoteWebDriver log
WARNING: Executed: [5e131c183a733a14993f835fc837944a, isElementDisplayed {id=0.39711670994307546-10}]
May 09, 2019 1:16:32 PM org.openqa.selenium.remote.RemoteWebDriver log
WARNING: Executing: isElementDisplayed [5e131c183a733a14993f835fc837944a, isElementDisplayed {id=0.39711670994307546-11}]
May 09, 2019 1:16:32 PM org.openqa.selenium.remote.RemoteWebDriver log
WARNING: Executed: [5e131c183a733a14993f835fc837944a, isElementDisplayed {id=0.39711670994307546-11}]
May 09, 2019 1:16:32 PM org.openqa.selenium.remote.RemoteWebDriver log
WARNING: Executing: isElementDisplayed [5e131c183a733a14993f835fc837944a, isElementDisplayed {id=0.39711670994307546-12}]
May 09, 2019 1:16:32 PM org.openqa.selenium.remote.RemoteWebDriver log
WARNING: Executed: [5e131c183a733a14993f835fc837944a, isElementDisplayed {id=0.39711670994307546-12}]
May 09, 2019 1:16:32 PM org.openqa.selenium.remote.RemoteWebDriver log
WARNING: Executing: isElementDisplayed [5e131c183a733a14993f835fc837944a, isElementDisplayed {id=0.39711670994307546-13}]
May 09, 2019 1:16:32 PM org.openqa.selenium.remote.RemoteWebDriver log
WARNING: Executed: [5e131c183a733a14993f835fc837944a, isElementDisplayed {id=0.39711670994307546-13}]
May 09, 2019 1:16:32 PM org.openqa.selenium.remote.RemoteWebDriver log
WARNING: Executing: findChildElement [5e131c183a733a14993f835fc837944a, findChildElement {id=0.39711670994307546-7, using=css selector, value=td.jobStatusTableCell div div:first-child}]
May 09, 2019 1:16:32 PM org.openqa.selenium.remote.RemoteWebDriver log
WARNING: Executed: [5e131c183a733a14993f835fc837944a, findChildElement {id=0.39711670994307546-7, using=css selector, value=td.jobStatusTableCell div div:first-child}]
May 09, 2019 1:16:32 PM org.openqa.selenium.remote.RemoteWebDriver log
WARNING: Executing: getElementText [5e131c183a733a14993f835fc837944a, getElementText {id=0.39711670994307546-14}]
May 09, 2019 1:16:32 PM org.openqa.selenium.remote.RemoteWebDriver log
WARNING: Executed: [5e131c183a733a14993f835fc837944a, getElementText {id=0.39711670994307546-14}]
May 09, 2019 1:16:32 PM org.openqa.selenium.remote.RemoteWebDriver log
WARNING: Executing: findChildElement [5e131c183a733a14993f835fc837944a, findChildElement {id=0.39711670994307546-8, using=css selector, value=td.jobStatusTableCell div div:first-child}]
May 09, 2019 1:16:32 PM org.openqa.selenium.remote.RemoteWebDriver log
WARNING: Executed: [5e131c183a733a14993f835fc837944a, findChildElement {id=0.39711670994307546-8, using=css selector, value=td.jobStatusTableCell div div:first-child}]
May 09, 2019 1:16:32 PM org.openqa.selenium.remote.RemoteWebDriver log
WARNING: Executing: getElementText [5e131c183a733a14993f835fc837944a, getElementText {id=0.39711670994307546-15}]
May 09, 2019 1:16:32 PM org.openqa.selenium.remote.RemoteWebDriver log
WARNING: Executed: [5e131c183a733a14993f835fc837944a, getElementText {id=0.39711670994307546-15}]
May 09, 2019 1:16:32 PM org.openqa.selenium.remote.RemoteWebDriver log
WARNING: Executing: findChildElement [5e131c183a733a14993f835fc837944a, findChildElement {id=0.39711670994307546-9, using=css selector, value=td.jobStatusTableCell div div:first-child}]
May 09, 2019 1:16:32 PM org.openqa.selenium.remote.RemoteWebDriver log
WARNING: Executed: [5e131c183a733a14993f835fc837944a, findChildElement {id=0.39711670994307546-9, using=css selector, value=td.jobStatusTableCell div div:first-child}]
May 09, 2019 1:16:32 PM org.openqa.selenium.remote.RemoteWebDriver log
WARNING: Executing: getElementText [5e131c183a733a14993f835fc837944a, getElementText {id=0.39711670994307546-16}]
May 09, 2019 1:16:32 PM org.openqa.selenium.remote.RemoteWebDriver log
WARNING: Executed: [5e131c183a733a14993f835fc837944a, getElementText {id=0.39711670994307546-16}]
May 09, 2019 1:16:32 PM org.openqa.selenium.remote.RemoteWebDriver log
WARNING: Executing: findChildElement [5e131c183a733a14993f835fc837944a, findChildElement {id=0.39711670994307546-9, using=css selector, value=td div}]
May 09, 2019 1:16:32 PM org.openqa.selenium.remote.RemoteWebDriver log
WARNING: Executed: [5e131c183a733a14993f835fc837944a, findChildElement {id=0.39711670994307546-9, using=css selector, value=td div}]
May 09, 2019 1:16:32 PM org.openqa.selenium.remote.RemoteWebDriver log
WARNING: Executing: isElementDisplayed [5e131c183a733a14993f835fc837944a, isElementDisplayed {id=0.39711670994307546-17}]
May 09, 2019 1:16:32 PM org.openqa.selenium.remote.RemoteWebDriver log
WARNING: Executed: [5e131c183a733a14993f835fc837944a, isElementDisplayed {id=0.39711670994307546-17}]
May 09, 2019 1:16:32 PM org.openqa.selenium.remote.RemoteWebDriver log
WARNING: Executing: getElementSize [5e131c183a733a14993f835fc837944a, getElementSize {id=0.39711670994307546-17}]
May 09, 2019 1:16:32 PM org.openqa.selenium.remote.RemoteWebDriver log
WARNING: Executed: [5e131c183a733a14993f835fc837944a, getElementSize {id=0.39711670994307546-17}]
May 09, 2019 1:16:32 PM org.openqa.selenium.remote.RemoteWebDriver log
WARNING: Executing: getElementSize [5e131c183a733a14993f835fc837944a, getElementSize {id=0.39711670994307546-17}]
May 09, 2019 1:16:32 PM org.openqa.selenium.remote.RemoteWebDriver log
WARNING: Executed: [5e131c183a733a14993f835fc837944a, getElementSize {id=0.39711670994307546-17}]
May 09, 2019 1:16:32 PM org.openqa.selenium.remote.RemoteWebDriver log
WARNING: Executing: getElementTagName [5e131c183a733a14993f835fc837944a, getElementTagName {id=0.39711670994307546-17}]
May 09, 2019 1:16:32 PM org.openqa.selenium.remote.RemoteWebDriver log
WARNING: Executed: [5e131c183a733a14993f835fc837944a, getElementTagName {id=0.39711670994307546-17}]
May 09, 2019 1:16:32 PM org.openqa.selenium.remote.RemoteWebDriver log
WARNING: Executing: clickElement [5e131c183a733a14993f835fc837944a, clickElement {id=0.39711670994307546-17}]
May 09, 2019 1:16:32 PM org.openqa.selenium.remote.RemoteWebDriver log
WARNING: Executed: [5e131c183a733a14993f835fc837944a, clickElement {id=0.39711670994307546-17}]
May 09, 2019 1:16:32 PM org.openqa.selenium.remote.RemoteWebDriver log
WARNING: Executing: getCurrentUrl [5e131c183a733a14993f835fc837944a, getCurrentUrl {}]
May 09, 2019 1:16:32 PM org.openqa.selenium.remote.RemoteWebDriver log
WARNING: Executed: [5e131c183a733a14993f835fc837944a, getCurrentUrl {}]
May 09, 2019 1:16:32 PM org.openqa.selenium.remote.RemoteWebDriver log
WARNING: Executing: findElement [5e131c183a733a14993f835fc837944a, findElement {using=css selector, value=div.kanban}]
May 09, 2019 1:16:32 PM org.openqa.selenium.remote.RemoteWebDriver log
WARNING: Executed: [5e131c183a733a14993f835fc837944a, findElement {using=css selector, value=div.kanban}]
May 09, 2019 1:16:32 PM org.openqa.selenium.remote.RemoteWebDriver log
WARNING: Executing: getCurrentUrl [5e131c183a733a14993f835fc837944a, getCurrentUrl {}]
May 09, 2019 1:16:32 PM org.openqa.selenium.remote.RemoteWebDriver log
WARNING: Executed: [5e131c183a733a14993f835fc837944a, getCurrentUrl {}]
May 09, 2019 1:16:32 PM org.openqa.selenium.remote.RemoteWebDriver log
WARNING: Executing: findElements [5e131c183a733a14993f835fc837944a, findElements {using=css selector, value=div[data-testcase-triage-category='FAIL'] li.kanbanColumnElementTitle}]
May 09, 2019 1:16:32 PM org.openqa.selenium.remote.RemoteWebDriver log
WARNING: Executed: [5e131c183a733a14993f835fc837944a, findElements {using=css selector, value=div[data-testcase-triage-category='FAIL'] li.kanbanColumnElementTitle}]
May 09, 2019 1:16:32 PM org.openqa.selenium.remote.RemoteWebDriver log
WARNING: Executing: isElementDisplayed [5e131c183a733a14993f835fc837944a, isElementDisplayed {id=0.39711670994307546-19}]
May 09, 2019 1:16:32 PM org.openqa.selenium.remote.RemoteWebDriver log
WARNING: Executed: [5e131c183a733a14993f835fc837944a, isElementDisplayed {id=0.39711670994307546-19}]
May 09, 2019 1:16:32 PM org.openqa.selenium.remote.RemoteWebDriver log
WARNING: Executing: isElementDisplayed [5e131c183a733a14993f835fc837944a, isElementDisplayed {id=0.39711670994307546-20}]
May 09, 2019 1:16:32 PM org.openqa.selenium.remote.RemoteWebDriver log
WARNING: Executed: [5e131c183a733a14993f835fc837944a, isElementDisplayed {id=0.39711670994307546-20}]
May 09, 2019 1:16:32 PM org.openqa.selenium.remote.RemoteWebDriver log
WARNING: Executing: isElementDisplayed [5e131c183a733a14993f835fc837944a, isElementDisplayed {id=0.39711670994307546-21}]
May 09, 2019 1:16:32 PM org.openqa.selenium.remote.RemoteWebDriver log
WARNING: Executed: [5e131c183a733a14993f835fc837944a, isElementDisplayed {id=0.39711670994307546-21}]
May 09, 2019 1:16:32 PM org.openqa.selenium.remote.RemoteWebDriver log
WARNING: Executing: isElementDisplayed [5e131c183a733a14993f835fc837944a, isElementDisplayed {id=0.39711670994307546-22}]
May 09, 2019 1:16:32 PM org.openqa.selenium.remote.RemoteWebDriver log
WARNING: Executed: [5e131c183a733a14993f835fc837944a, isElementDisplayed {id=0.39711670994307546-22}]
May 09, 2019 1:16:32 PM org.openqa.selenium.remote.RemoteWebDriver log
WARNING: Executing: isElementDisplayed [5e131c183a733a14993f835fc837944a, isElementDisplayed {id=0.39711670994307546-23}]
May 09, 2019 1:16:32 PM org.openqa.selenium.remote.RemoteWebDriver log
WARNING: Executed: [5e131c183a733a14993f835fc837944a, isElementDisplayed {id=0.39711670994307546-23}]
May 09, 2019 1:16:32 PM org.openqa.selenium.remote.RemoteWebDriver log
WARNING: Executing: isElementDisplayed [5e131c183a733a14993f835fc837944a, isElementDisplayed {id=0.39711670994307546-24}]
May 09, 2019 1:16:32 PM org.openqa.selenium.remote.RemoteWebDriver log
WARNING: Executed: [5e131c183a733a14993f835fc837944a, isElementDisplayed {id=0.39711670994307546-24}]
May 09, 2019 1:16:32 PM org.openqa.selenium.remote.RemoteWebDriver log
WARNING: Executing: isElementDisplayed [5e131c183a733a14993f835fc837944a, isElementDisplayed {id=0.39711670994307546-25}]
May 09, 2019 1:16:32 PM org.openqa.selenium.remote.RemoteWebDriver log
WARNING: Executed: [5e131c183a733a14993f835fc837944a, isElementDisplayed {id=0.39711670994307546-25}]
May 09, 2019 1:16:32 PM org.openqa.selenium.remote.RemoteWebDriver log
WARNING: Executing: isElementDisplayed [5e131c183a733a14993f835fc837944a, isElementDisplayed {id=0.39711670994307546-26}]
May 09, 2019 1:16:32 PM org.openqa.selenium.remote.RemoteWebDriver log
WARNING: Executed: [5e131c183a733a14993f835fc837944a, isElementDisplayed {id=0.39711670994307546-26}]
May 09, 2019 1:16:32 PM org.openqa.selenium.remote.RemoteWebDriver log
WARNING: Executing: isElementDisplayed [5e131c183a733a14993f835fc837944a, isElementDisplayed {id=0.39711670994307546-27}]
May 09, 2019 1:16:32 PM org.openqa.selenium.remote.RemoteWebDriver log
WARNING: Executed: [5e131c183a733a14993f835fc837944a, isElementDisplayed {id=0.39711670994307546-27}]
May 09, 2019 1:16:32 PM org.openqa.selenium.remote.RemoteWebDriver log
WARNING: Executing: isElementDisplayed [5e131c183a733a14993f835fc837944a, isElementDisplayed {id=0.39711670994307546-28}]
May 09, 2019 1:16:32 PM org.openqa.selenium.remote.RemoteWebDriver log
WARNING: Executed: [5e131c183a733a14993f835fc837944a, isElementDisplayed {id=0.39711670994307546-28}]
May 09, 2019 1:16:32 PM org.openqa.selenium.remote.RemoteWebDriver log
WARNING: Executing: isElementDisplayed [5e131c183a733a14993f835fc837944a, isElementDisplayed {id=0.39711670994307546-29}]
May 09, 2019 1:16:32 PM org.openqa.selenium.remote.RemoteWebDriver log
WARNING: Executed: [5e131c183a733a14993f835fc837944a, isElementDisplayed {id=0.39711670994307546-29}]
May 09, 2019 1:16:32 PM org.openqa.selenium.remote.RemoteWebDriver log
WARNING: Executing: isElementDisplayed [5e131c183a733a14993f835fc837944a, isElementDisplayed {id=0.39711670994307546-30}]
May 09, 2019 1:16:33 PM org.openqa.selenium.remote.RemoteWebDriver log
WARNING: Executed: [5e131c183a733a14993f835fc837944a, isElementDisplayed {id=0.39711670994307546-30}]
May 09, 2019 1:16:33 PM org.openqa.selenium.remote.RemoteWebDriver log
WARNING: Executing: isElementDisplayed [5e131c183a733a14993f835fc837944a, isElementDisplayed {id=0.39711670994307546-31}]
May 09, 2019 1:16:33 PM org.openqa.selenium.remote.RemoteWebDriver log
WARNING: Executed: [5e131c183a733a14993f835fc837944a, isElementDisplayed {id=0.39711670994307546-31}]
May 09, 2019 1:16:33 PM org.openqa.selenium.remote.RemoteWebDriver log
WARNING: Executing: isElementDisplayed [5e131c183a733a14993f835fc837944a, isElementDisplayed {id=0.39711670994307546-32}]
May 09, 2019 1:16:33 PM org.openqa.selenium.remote.RemoteWebDriver log
WARNING: Executed: [5e131c183a733a14993f835fc837944a, isElementDisplayed {id=0.39711670994307546-32}]
May 09, 2019 1:16:33 PM org.openqa.selenium.remote.RemoteWebDriver log
WARNING: Executing: isElementDisplayed [5e131c183a733a14993f835fc837944a, isElementDisplayed {id=0.39711670994307546-33}]
May 09, 2019 1:16:33 PM org.openqa.selenium.remote.RemoteWebDriver log
WARNING: Executed: [5e131c183a733a14993f835fc837944a, isElementDisplayed {id=0.39711670994307546-33}]
May 09, 2019 1:16:33 PM org.openqa.selenium.remote.RemoteWebDriver log
WARNING: Executing: isElementDisplayed [5e131c183a733a14993f835fc837944a, isElementDisplayed {id=0.39711670994307546-34}]
May 09, 2019 1:16:33 PM org.openqa.selenium.remote.RemoteWebDriver log
WARNING: Executed: [5e131c183a733a14993f835fc837944a, isElementDisplayed {id=0.39711670994307546-34}]
May 09, 2019 1:16:33 PM org.openqa.selenium.remote.RemoteWebDriver log
WARNING: Executing: isElementDisplayed [5e131c183a733a14993f835fc837944a, isElementDisplayed {id=0.39711670994307546-35}]
May 09, 2019 1:16:33 PM org.openqa.selenium.remote.RemoteWebDriver log
WARNING: Executed: [5e131c183a733a14993f835fc837944a, isElementDisplayed {id=0.39711670994307546-35}]
May 09, 2019 1:16:33 PM org.openqa.selenium.remote.RemoteWebDriver log
WARNING: Executing: isElementDisplayed [5e131c183a733a14993f835fc837944a, isElementDisplayed {id=0.39711670994307546-36}]
May 09, 2019 1:16:33 PM org.openqa.selenium.remote.RemoteWebDriver log
WARNING: Executed: [5e131c183a733a14993f835fc837944a, isElementDisplayed {id=0.39711670994307546-36}]
May 09, 2019 1:16:33 PM org.openqa.selenium.remote.RemoteWebDriver log
WARNING: Executing: isElementDisplayed [5e131c183a733a14993f835fc837944a, isElementDisplayed {id=0.39711670994307546-37}]
May 09, 2019 1:16:33 PM org.openqa.selenium.remote.RemoteWebDriver log
WARNING: Executed: [5e131c183a733a14993f835fc837944a, isElementDisplayed {id=0.39711670994307546-37}]
May 09, 2019 1:16:33 PM org.openqa.selenium.remote.RemoteWebDriver log
WARNING: Executing: isElementDisplayed [5e131c183a733a14993f835fc837944a, isElementDisplayed {id=0.39711670994307546-38}]
May 09, 2019 1:16:33 PM org.openqa.selenium.remote.RemoteWebDriver log
WARNING: Executed: [5e131c183a733a14993f835fc837944a, isElementDisplayed {id=0.39711670994307546-38}]
May 09, 2019 1:16:33 PM org.openqa.selenium.remote.RemoteWebDriver log
WARNING: Executing: isElementDisplayed [5e131c183a733a14993f835fc837944a, isElementDisplayed {id=0.39711670994307546-39}]
May 09, 2019 1:16:33 PM org.openqa.selenium.remote.RemoteWebDriver log
WARNING: Executed: [5e131c183a733a14993f835fc837944a, isElementDisplayed {id=0.39711670994307546-39}]
May 09, 2019 1:16:33 PM org.openqa.selenium.remote.RemoteWebDriver log
WARNING: Executing: isElementDisplayed [5e131c183a733a14993f835fc837944a, isElementDisplayed {id=0.39711670994307546-40}]
May 09, 2019 1:16:33 PM org.openqa.selenium.remote.RemoteWebDriver log
WARNING: Executed: [5e131c183a733a14993f835fc837944a, isElementDisplayed {id=0.39711670994307546-40}]
May 09, 2019 1:16:33 PM org.openqa.selenium.remote.RemoteWebDriver log
WARNING: Executing: isElementDisplayed [5e131c183a733a14993f835fc837944a, isElementDisplayed {id=0.39711670994307546-41}]
May 09, 2019 1:16:33 PM org.openqa.selenium.remote.RemoteWebDriver log
WARNING: Executed: [5e131c183a733a14993f835fc837944a, isElementDisplayed {id=0.39711670994307546-41}]
May 09, 2019 1:16:33 PM org.openqa.selenium.remote.RemoteWebDriver log
WARNING: Executing: isElementDisplayed [5e131c183a733a14993f835fc837944a, isElementDisplayed {id=0.39711670994307546-42}]
May 09, 2019 1:16:33 PM org.openqa.selenium.remote.RemoteWebDriver log
WARNING: Executed: [5e131c183a733a14993f835fc837944a, isElementDisplayed {id=0.39711670994307546-42}]
May 09, 2019 1:16:33 PM org.openqa.selenium.remote.RemoteWebDriver log
WARNING: Executing: isElementDisplayed [5e131c183a733a14993f835fc837944a, isElementDisplayed {id=0.39711670994307546-43}]
May 09, 2019 1:16:33 PM org.openqa.selenium.remote.RemoteWebDriver log
WARNING: Executed: [5e131c183a733a14993f835fc837944a, isElementDisplayed {id=0.39711670994307546-43}]
May 09, 2019 1:16:33 PM org.openqa.selenium.remote.RemoteWebDriver log
WARNING: Executing: isElementDisplayed [5e131c183a733a14993f835fc837944a, isElementDisplayed {id=0.39711670994307546-44}]
May 09, 2019 1:16:33 PM org.openqa.selenium.remote.RemoteWebDriver log
WARNING: Executed: [5e131c183a733a14993f835fc837944a, isElementDisplayed {id=0.39711670994307546-44}]
May 09, 2019 1:16:33 PM org.openqa.selenium.remote.RemoteWebDriver log
WARNING: Executing: isElementDisplayed [5e131c183a733a14993f835fc837944a, isElementDisplayed {id=0.39711670994307546-45}]
May 09, 2019 1:16:33 PM org.openqa.selenium.remote.RemoteWebDriver log
WARNING: Executed: [5e131c183a733a14993f835fc837944a, isElementDisplayed {id=0.39711670994307546-45}]
May 09, 2019 1:16:33 PM org.openqa.selenium.remote.RemoteWebDriver log
WARNING: Executing: isElementDisplayed [5e131c183a733a14993f835fc837944a, isElementDisplayed {id=0.39711670994307546-46}]
May 09, 2019 1:16:33 PM org.openqa.selenium.remote.RemoteWebDriver log
WARNING: Executed: [5e131c183a733a14993f835fc837944a, isElementDisplayed {id=0.39711670994307546-46}]
May 09, 2019 1:16:33 PM org.openqa.selenium.remote.RemoteWebDriver log
WARNING: Executing: isElementDisplayed [5e131c183a733a14993f835fc837944a, isElementDisplayed {id=0.39711670994307546-47}]
May 09, 2019 1:16:33 PM org.openqa.selenium.remote.RemoteWebDriver log
WARNING: Executed: [5e131c183a733a14993f835fc837944a, isElementDisplayed {id=0.39711670994307546-47}]
May 09, 2019 1:16:33 PM org.openqa.selenium.remote.RemoteWebDriver log
WARNING: Executing: isElementDisplayed [5e131c183a733a14993f835fc837944a, isElementDisplayed {id=0.39711670994307546-48}]
May 09, 2019 1:16:33 PM org.openqa.selenium.remote.RemoteWebDriver log
WARNING: Executed: [5e131c183a733a14993f835fc837944a, isElementDisplayed {id=0.39711670994307546-48}]
May 09, 2019 1:16:33 PM org.openqa.selenium.remote.RemoteWebDriver log
WARNING: Executing: isElementDisplayed [5e131c183a733a14993f835fc837944a, isElementDisplayed {id=0.39711670994307546-49}]
May 09, 2019 1:16:33 PM org.openqa.selenium.remote.RemoteWebDriver log
WARNING: Executed: [5e131c183a733a14993f835fc837944a, isElementDisplayed {id=0.39711670994307546-49}]
May 09, 2019 1:16:33 PM org.openqa.selenium.remote.RemoteWebDriver log
WARNING: Executing: isElementDisplayed [5e131c183a733a14993f835fc837944a, isElementDisplayed {id=0.39711670994307546-50}]
May 09, 2019 1:16:33 PM org.openqa.selenium.remote.RemoteWebDriver log
WARNING: Executed: [5e131c183a733a14993f835fc837944a, isElementDisplayed {id=0.39711670994307546-50}]
May 09, 2019 1:16:33 PM org.openqa.selenium.remote.RemoteWebDriver log
WARNING: Executing: isElementDisplayed [5e131c183a733a14993f835fc837944a, isElementDisplayed {id=0.39711670994307546-51}]
May 09, 2019 1:16:33 PM org.openqa.selenium.remote.RemoteWebDriver log
WARNING: Executed: [5e131c183a733a14993f835fc837944a, isElementDisplayed {id=0.39711670994307546-51}]
May 09, 2019 1:16:33 PM org.openqa.selenium.remote.RemoteWebDriver log
WARNING: Executing: isElementDisplayed [5e131c183a733a14993f835fc837944a, isElementDisplayed {id=0.39711670994307546-52}]
May 09, 2019 1:16:33 PM org.openqa.selenium.remote.RemoteWebDriver log
WARNING: Executed: [5e131c183a733a14993f835fc837944a, isElementDisplayed {id=0.39711670994307546-52}]
May 09, 2019 1:16:33 PM org.openqa.selenium.remote.RemoteWebDriver log
WARNING: Executing: isElementDisplayed [5e131c183a733a14993f835fc837944a, isElementDisplayed {id=0.39711670994307546-53}]
May 09, 2019 1:16:33 PM org.openqa.selenium.remote.RemoteWebDriver log
WARNING: Executed: [5e131c183a733a14993f835fc837944a, isElementDisplayed {id=0.39711670994307546-53}]
May 09, 2019 1:16:33 PM org.openqa.selenium.remote.RemoteWebDriver log
WARNING: Executing: isElementDisplayed [5e131c183a733a14993f835fc837944a, isElementDisplayed {id=0.39711670994307546-54}]
May 09, 2019 1:16:33 PM org.openqa.selenium.remote.RemoteWebDriver log
WARNING: Executed: [5e131c183a733a14993f835fc837944a, isElementDisplayed {id=0.39711670994307546-54}]
May 09, 2019 1:16:33 PM org.openqa.selenium.remote.RemoteWebDriver log
WARNING: Executing: isElementDisplayed [5e131c183a733a14993f835fc837944a, isElementDisplayed {id=0.39711670994307546-55}]
May 09, 2019 1:16:33 PM org.openqa.selenium.remote.RemoteWebDriver log
WARNING: Executed: [5e131c183a733a14993f835fc837944a, isElementDisplayed {id=0.39711670994307546-55}]
May 09, 2019 1:16:33 PM org.openqa.selenium.remote.RemoteWebDriver log
WARNING: Executing: isElementDisplayed [5e131c183a733a14993f835fc837944a, isElementDisplayed {id=0.39711670994307546-56}]
May 09, 2019 1:16:33 PM org.openqa.selenium.remote.RemoteWebDriver log
WARNING: Executed: [5e131c183a733a14993f835fc837944a, isElementDisplayed {id=0.39711670994307546-56}]
May 09, 2019 1:16:33 PM org.openqa.selenium.remote.RemoteWebDriver log
WARNING: Executing: isElementDisplayed [5e131c183a733a14993f835fc837944a, isElementDisplayed {id=0.39711670994307546-57}]
May 09, 2019 1:16:33 PM org.openqa.selenium.remote.RemoteWebDriver log
WARNING: Executed: [5e131c183a733a14993f835fc837944a, isElementDisplayed {id=0.39711670994307546-57}]
May 09, 2019 1:16:33 PM org.openqa.selenium.remote.RemoteWebDriver log
WARNING: Executing: isElementDisplayed [5e131c183a733a14993f835fc837944a, isElementDisplayed {id=0.39711670994307546-58}]
May 09, 2019 1:16:33 PM org.openqa.selenium.remote.RemoteWebDriver log
WARNING: Executed: [5e131c183a733a14993f835fc837944a, isElementDisplayed {id=0.39711670994307546-58}]
May 09, 2019 1:16:33 PM org.openqa.selenium.remote.RemoteWebDriver log
WARNING: Executing: isElementDisplayed [5e131c183a733a14993f835fc837944a, isElementDisplayed {id=0.39711670994307546-59}]
May 09, 2019 1:16:33 PM org.openqa.selenium.remote.RemoteWebDriver log
WARNING: Executed: [5e131c183a733a14993f835fc837944a, isElementDisplayed {id=0.39711670994307546-59}]
May 09, 2019 1:16:33 PM org.openqa.selenium.remote.RemoteWebDriver log
WARNING: Executing: isElementDisplayed [5e131c183a733a14993f835fc837944a, isElementDisplayed {id=0.39711670994307546-60}]
May 09, 2019 1:16:33 PM org.openqa.selenium.remote.RemoteWebDriver log
WARNING: Executed: [5e131c183a733a14993f835fc837944a, isElementDisplayed {id=0.39711670994307546-60}]
May 09, 2019 1:16:33 PM org.openqa.selenium.remote.RemoteWebDriver log
WARNING: Executing: isElementDisplayed [5e131c183a733a14993f835fc837944a, isElementDisplayed {id=0.39711670994307546-61}]
May 09, 2019 1:16:33 PM org.openqa.selenium.remote.RemoteWebDriver log
WARNING: Executed: [5e131c183a733a14993f835fc837944a, isElementDisplayed {id=0.39711670994307546-61}]
May 09, 2019 1:16:33 PM org.openqa.selenium.remote.RemoteWebDriver log
WARNING: Executing: isElementDisplayed [5e131c183a733a14993f835fc837944a, isElementDisplayed {id=0.39711670994307546-62}]
May 09, 2019 1:16:33 PM org.openqa.selenium.remote.RemoteWebDriver log
WARNING: Executed: [5e131c183a733a14993f835fc837944a, isElementDisplayed {id=0.39711670994307546-62}]
May 09, 2019 1:16:33 PM org.openqa.selenium.remote.RemoteWebDriver log
WARNING: Executing: isElementDisplayed [5e131c183a733a14993f835fc837944a, isElementDisplayed {id=0.39711670994307546-63}]
May 09, 2019 1:16:33 PM org.openqa.selenium.remote.RemoteWebDriver log
WARNING: Executed: [5e131c183a733a14993f835fc837944a, isElementDisplayed {id=0.39711670994307546-63}]
May 09, 2019 1:16:33 PM org.openqa.selenium.remote.RemoteWebDriver log
WARNING: Executing: isElementDisplayed [5e131c183a733a14993f835fc837944a, isElementDisplayed {id=0.39711670994307546-64}]
May 09, 2019 1:16:33 PM org.openqa.selenium.remote.RemoteWebDriver log
WARNING: Executed: [5e131c183a733a14993f835fc837944a, isElementDisplayed {id=0.39711670994307546-64}]
May 09, 2019 1:16:33 PM org.openqa.selenium.remote.RemoteWebDriver log
WARNING: Executing: isElementDisplayed [5e131c183a733a14993f835fc837944a, isElementDisplayed {id=0.39711670994307546-65}]
May 09, 2019 1:16:33 PM org.openqa.selenium.remote.RemoteWebDriver log
WARNING: Executed: [5e131c183a733a14993f835fc837944a, isElementDisplayed {id=0.39711670994307546-65}]
May 09, 2019 1:16:33 PM org.openqa.selenium.remote.RemoteWebDriver log
WARNING: Executing: isElementDisplayed [5e131c183a733a14993f835fc837944a, isElementDisplayed {id=0.39711670994307546-66}]
May 09, 2019 1:16:33 PM org.openqa.selenium.remote.RemoteWebDriver log
WARNING: Executed: [5e131c183a733a14993f835fc837944a, isElementDisplayed {id=0.39711670994307546-66}]
May 09, 2019 1:16:33 PM org.openqa.selenium.remote.RemoteWebDriver log
WARNING: Executing: isElementDisplayed [5e131c183a733a14993f835fc837944a, isElementDisplayed {id=0.39711670994307546-67}]
May 09, 2019 1:16:33 PM org.openqa.selenium.remote.RemoteWebDriver log
WARNING: Executed: [5e131c183a733a14993f835fc837944a, isElementDisplayed {id=0.39711670994307546-67}]
May 09, 2019 1:16:33 PM org.openqa.selenium.remote.RemoteWebDriver log
WARNING: Executing: isElementDisplayed [5e131c183a733a14993f835fc837944a, isElementDisplayed {id=0.39711670994307546-68}]
May 09, 2019 1:16:33 PM org.openqa.selenium.remote.RemoteWebDriver log
WARNING: Executed: [5e131c183a733a14993f835fc837944a, isElementDisplayed {id=0.39711670994307546-68}]
May 09, 2019 1:16:33 PM org.openqa.selenium.remote.RemoteWebDriver log
WARNING: Executing: isElementDisplayed [5e131c183a733a14993f835fc837944a, isElementDisplayed {id=0.39711670994307546-69}]
May 09, 2019 1:16:33 PM org.openqa.selenium.remote.RemoteWebDriver log
WARNING: Executed: [5e131c183a733a14993f835fc837944a, isElementDisplayed {id=0.39711670994307546-69}]
May 09, 2019 1:16:33 PM org.openqa.selenium.remote.RemoteWebDriver log
WARNING: Executing: isElementDisplayed [5e131c183a733a14993f835fc837944a, isElementDisplayed {id=0.39711670994307546-70}]
May 09, 2019 1:16:33 PM org.openqa.selenium.remote.RemoteWebDriver log
WARNING: Executed: [5e131c183a733a14993f835fc837944a, isElementDisplayed {id=0.39711670994307546-70}]
May 09, 2019 1:16:33 PM org.openqa.selenium.remote.RemoteWebDriver log
WARNING: Executing: getElementText [5e131c183a733a14993f835fc837944a, getElementText {id=0.39711670994307546-19}]
May 09, 2019 1:16:33 PM org.openqa.selenium.remote.RemoteWebDriver log
WARNING: Executed: [5e131c183a733a14993f835fc837944a, getElementText {id=0.39711670994307546-19}]
May 09, 2019 1:16:33 PM org.openqa.selenium.remote.RemoteWebDriver log
WARNING: Executing: findElement [5e131c183a733a14993f835fc837944a, findElement {using=tag name, value=body}]
May 09, 2019 1:16:33 PM org.openqa.selenium.remote.RemoteWebDriver log
WARNING: Executed: [5e131c183a733a14993f835fc837944a, findElement {using=tag name, value=body}]
May 09, 2019 1:16:33 PM org.openqa.selenium.remote.RemoteWebDriver log
WARNING: Executing: getElementText [5e131c183a733a14993f835fc837944a, getElementText {id=0.39711670994307546-2}]
May 09, 2019 1:16:34 PM org.openqa.selenium.remote.RemoteWebDriver log
WARNING: Executed: [5e131c183a733a14993f835fc837944a, getElementText {id=0.39711670994307546-2}]
May 09, 2019 1:16:35 PM org.openqa.selenium.remote.RemoteWebDriver log
WARNING: Executing: findElement [5e131c183a733a14993f835fc837944a, findElement {using=tag name, value=body}]
May 09, 2019 1:16:35 PM org.openqa.selenium.remote.RemoteWebDriver log
WARNING: Executed: [5e131c183a733a14993f835fc837944a, findElement {using=tag name, value=body}]
May 09, 2019 1:16:35 PM org.openqa.selenium.remote.RemoteWebDriver log
WARNING: Executing: getElementText [5e131c183a733a14993f835fc837944a, getElementText {id=0.39711670994307546-2}]
May 09, 2019 1:16:36 PM org.openqa.selenium.remote.RemoteWebDriver log
WARNING: Executed: [5e131c183a733a14993f835fc837944a, getElementText {id=0.39711670994307546-2}]
May 09, 2019 1:16:36 PM org.openqa.selenium.remote.RemoteWebDriver log
WARNING: Executing: findElements [5e131c183a733a14993f835fc837944a, findElements {using=css selector, value=div[data-testcase-triage-category='FAIL'] li.kanbanColumnElementTitle}]
May 09, 2019 1:16:36 PM org.openqa.selenium.remote.RemoteWebDriver log
WARNING: Executed: [5e131c183a733a14993f835fc837944a, findElements {using=css selector, value=div[data-testcase-triage-category='FAIL'] li.kanbanColumnElementTitle}]
May 09, 2019 1:16:36 PM org.openqa.selenium.remote.RemoteWebDriver log
WARNING: Executing: getElementText [5e131c183a733a14993f835fc837944a, getElementText {id=0.39711670994307546-19}]
May 09, 2019 1:16:36 PM org.openqa.selenium.remote.RemoteWebDriver log
WARNING: Executed: [5e131c183a733a14993f835fc837944a, getElementText {id=0.39711670994307546-19}]
May 09, 2019 1:16:36 PM org.openqa.selenium.remote.RemoteWebDriver log
WARNING: Executing: clickElement [5e131c183a733a14993f835fc837944a, clickElement {id=0.39711670994307546-19}]
May 09, 2019 1:16:36 PM org.openqa.selenium.remote.RemoteWebDriver log
WARNING: Executed: [5e131c183a733a14993f835fc837944a, clickElement {id=0.39711670994307546-19}]
May 09, 2019 1:16:36 PM org.openqa.selenium.remote.RemoteWebDriver log
WARNING: Executing: getCurrentUrl [5e131c183a733a14993f835fc837944a, getCurrentUrl {}]
May 09, 2019 1:16:36 PM org.openqa.selenium.remote.RemoteWebDriver log
WARNING: Executed: [5e131c183a733a14993f835fc837944a, getCurrentUrl {}]
May 09, 2019 1:16:36 PM org.openqa.selenium.remote.RemoteWebDriver log
WARNING: Executing: findElement [5e131c183a733a14993f835fc837944a, findElement {using=class name, value=homeRoot}]
May 09, 2019 1:16:36 PM org.openqa.selenium.remote.RemoteWebDriver log
WARNING: Executed: [5e131c183a733a14993f835fc837944a, findElement {using=class name, value=homeRoot}]
May 09, 2019 1:16:36 PM org.openqa.selenium.remote.RemoteWebDriver log
WARNING: Executing: findElement [5e131c183a733a14993f835fc837944a, findElement {using=xpath, value=//div[starts-with(text(), 'Automatic')]}]
May 09, 2019 1:16:37 PM org.openqa.selenium.remote.RemoteWebDriver log
WARNING: Executed: [5e131c183a733a14993f835fc837944a, findElement {using=xpath, value=//div[starts-with(text(), 'Automatic')]}]
May 09, 2019 1:16:37 PM org.openqa.selenium.remote.RemoteWebDriver log
WARNING: Executing: isElementDisplayed [5e131c183a733a14993f835fc837944a, isElementDisplayed {id=0.39711670994307546-71}]
May 09, 2019 1:16:37 PM org.openqa.selenium.remote.RemoteWebDriver log
WARNING: Executed: [5e131c183a733a14993f835fc837944a, isElementDisplayed {id=0.39711670994307546-71}]
May 09, 2019 1:16:37 PM org.openqa.selenium.remote.RemoteWebDriver log
WARNING: Executing: isElementEnabled [5e131c183a733a14993f835fc837944a, isElementEnabled {id=0.39711670994307546-71}]
May 09, 2019 1:16:37 PM org.openqa.selenium.remote.RemoteWebDriver log
WARNING: Executed: [5e131c183a733a14993f835fc837944a, isElementEnabled {id=0.39711670994307546-71}]
May 09, 2019 1:16:37 PM org.openqa.selenium.remote.RemoteWebDriver log
WARNING: Executing: clickElement [5e131c183a733a14993f835fc837944a, clickElement {id=0.39711670994307546-71}]
May 09, 2019 1:16:37 PM org.openqa.selenium.remote.RemoteWebDriver log
WARNING: Executed: [5e131c183a733a14993f835fc837944a, clickElement {id=0.39711670994307546-71}]
May 09, 2019 1:16:37 PM org.openqa.selenium.remote.RemoteWebDriver log
WARNING: Executing: findElements [5e131c183a733a14993f835fc837944a, findElements {using=css selector, value=li[data-value='LOW']}]
May 09, 2019 1:16:37 PM org.openqa.selenium.remote.RemoteWebDriver log
WARNING: Executed: [5e131c183a733a14993f835fc837944a, findElements {using=css selector, value=li[data-value='LOW']}]
May 09, 2019 1:16:37 PM org.openqa.selenium.remote.RemoteWebDriver log
WARNING: Executing: isElementDisplayed [5e131c183a733a14993f835fc837944a, isElementDisplayed {id=0.39711670994307546-72}]
May 09, 2019 1:16:37 PM org.openqa.selenium.remote.RemoteWebDriver log
WARNING: Executed: [5e131c183a733a14993f835fc837944a, isElementDisplayed {id=0.39711670994307546-72}]
May 09, 2019 1:16:37 PM org.openqa.selenium.remote.RemoteWebDriver log
WARNING: Executing: getElementSize [5e131c183a733a14993f835fc837944a, getElementSize {id=0.39711670994307546-72}]
May 09, 2019 1:16:37 PM org.openqa.selenium.remote.RemoteWebDriver log
WARNING: Executed: [5e131c183a733a14993f835fc837944a, getElementSize {id=0.39711670994307546-72}]
May 09, 2019 1:16:37 PM org.openqa.selenium.remote.RemoteWebDriver log
WARNING: Executing: getElementSize [5e131c183a733a14993f835fc837944a, getElementSize {id=0.39711670994307546-72}]
May 09, 2019 1:16:37 PM org.openqa.selenium.remote.RemoteWebDriver log
WARNING: Executed: [5e131c183a733a14993f835fc837944a, getElementSize {id=0.39711670994307546-72}]
May 09, 2019 1:16:37 PM org.openqa.selenium.remote.RemoteWebDriver log
WARNING: Executing: findElement [5e131c183a733a14993f835fc837944a, findElement {using=css selector, value=li[data-value='LOW']}]
May 09, 2019 1:16:37 PM org.openqa.selenium.remote.RemoteWebDriver log
WARNING: Executed: [5e131c183a733a14993f835fc837944a, findElement {using=css selector, value=li[data-value='LOW']}]
May 09, 2019 1:16:37 PM org.openqa.selenium.remote.RemoteWebDriver log
WARNING: Executing: isElementDisplayed [5e131c183a733a14993f835fc837944a, isElementDisplayed {id=0.39711670994307546-72}]
May 09, 2019 1:16:37 PM org.openqa.selenium.remote.RemoteWebDriver log
WARNING: Executed: [5e131c183a733a14993f835fc837944a, isElementDisplayed {id=0.39711670994307546-72}]
May 09, 2019 1:16:37 PM org.openqa.selenium.remote.RemoteWebDriver log
WARNING: Executing: isElementEnabled [5e131c183a733a14993f835fc837944a, isElementEnabled {id=0.39711670994307546-72}]
May 09, 2019 1:16:37 PM org.openqa.selenium.remote.RemoteWebDriver log
WARNING: Executed: [5e131c183a733a14993f835fc837944a, isElementEnabled {id=0.39711670994307546-72}]
May 09, 2019 1:16:37 PM org.openqa.selenium.remote.RemoteWebDriver log
WARNING: Executing: clickElement [5e131c183a733a14993f835fc837944a, clickElement {id=0.39711670994307546-72}]
May 09, 2019 1:16:37 PM org.openqa.selenium.remote.RemoteWebDriver log
WARNING: Executed: [5e131c183a733a14993f835fc837944a, clickElement {id=0.39711670994307546-72}]
May 09, 2019 1:16:37 PM org.openqa.selenium.remote.RemoteWebDriver log
WARNING: Executing: findElement [5e131c183a733a14993f835fc837944a, findElement {using=tag name, value=body}]
May 09, 2019 1:16:37 PM org.openqa.selenium.remote.RemoteWebDriver log
WARNING: Executed: [5e131c183a733a14993f835fc837944a, findElement {using=tag name, value=body}]
May 09, 2019 1:16:37 PM org.openqa.selenium.remote.RemoteWebDriver log
WARNING: Executing: getElementText [5e131c183a733a14993f835fc837944a, getElementText {id=0.39711670994307546-2}]
May 09, 2019 1:16:38 PM org.openqa.selenium.remote.RemoteWebDriver log
WARNING: Executed: [5e131c183a733a14993f835fc837944a, getElementText {id=0.39711670994307546-2}]
May 09, 2019 1:16:38 PM org.openqa.selenium.remote.RemoteWebDriver log
WARNING: Executing: findElement [5e131c183a733a14993f835fc837944a, findElement {using=tag name, value=body}]
May 09, 2019 1:16:38 PM org.openqa.selenium.remote.RemoteWebDriver log
WARNING: Executed: [5e131c183a733a14993f835fc837944a, findElement {using=tag name, value=body}]
May 09, 2019 1:16:38 PM org.openqa.selenium.remote.RemoteWebDriver log
WARNING: Executing: getElementText [5e131c183a733a14993f835fc837944a, getElementText {id=0.39711670994307546-2}]
May 09, 2019 1:16:39 PM org.openqa.selenium.remote.RemoteWebDriver log
WARNING: Executed: [5e131c183a733a14993f835fc837944a, getElementText {id=0.39711670994307546-2}]
May 09, 2019 1:16:39 PM org.openqa.selenium.remote.RemoteWebDriver log
WARNING: Executing: findElement [5e131c183a733a14993f835fc837944a, findElement {using=tag name, value=body}]
May 09, 2019 1:16:39 PM org.openqa.selenium.remote.RemoteWebDriver log
WARNING: Executed: [5e131c183a733a14993f835fc837944a, findElement {using=tag name, value=body}]
May 09, 2019 1:16:39 PM org.openqa.selenium.remote.RemoteWebDriver log
WARNING: Executing: getElementText [5e131c183a733a14993f835fc837944a, getElementText {id=0.39711670994307546-2}]
May 09, 2019 1:16:40 PM org.openqa.selenium.remote.RemoteWebDriver log
WARNING: Executed: [5e131c183a733a14993f835fc837944a, getElementText {id=0.39711670994307546-2}]
May 09, 2019 1:16:40 PM org.openqa.selenium.remote.RemoteWebDriver log
WARNING: Executing: findElement [5e131c183a733a14993f835fc837944a, findElement {using=tag name, value=body}]
May 09, 2019 1:16:40 PM org.openqa.selenium.remote.RemoteWebDriver log
WARNING: Executed: [5e131c183a733a14993f835fc837944a, findElement {using=tag name, value=body}]
May 09, 2019 1:16:40 PM org.openqa.selenium.remote.RemoteWebDriver log
WARNING: Executing: getElementText [5e131c183a733a14993f835fc837944a, getElementText {id=0.39711670994307546-2}]
May 09, 2019 1:16:41 PM org.openqa.selenium.remote.RemoteWebDriver log
WARNING: Executed: [5e131c183a733a14993f835fc837944a, getElementText {id=0.39711670994307546-2}]
May 09, 2019 1:16:41 PM org.openqa.selenium.remote.RemoteWebDriver log
WARNING: Executing: findElement [5e131c183a733a14993f835fc837944a, findElement {using=css selector, value=button#triage}]
May 09, 2019 1:16:41 PM org.openqa.selenium.remote.RemoteWebDriver log
WARNING: Executed: [5e131c183a733a14993f835fc837944a, findElement {using=css selector, value=button#triage}]
May 09, 2019 1:16:41 PM org.openqa.selenium.remote.RemoteWebDriver log
WARNING: Executing: isElementDisplayed [5e131c183a733a14993f835fc837944a, isElementDisplayed {id=0.39711670994307546-73}]
May 09, 2019 1:16:41 PM org.openqa.selenium.remote.RemoteWebDriver log
WARNING: Executed: [5e131c183a733a14993f835fc837944a, isElementDisplayed {id=0.39711670994307546-73}]
May 09, 2019 1:16:41 PM org.openqa.selenium.remote.RemoteWebDriver log
WARNING: Executing: isElementEnabled [5e131c183a733a14993f835fc837944a, isElementEnabled {id=0.39711670994307546-73}]
May 09, 2019 1:16:41 PM org.openqa.selenium.remote.RemoteWebDriver log
WARNING: Executed: [5e131c183a733a14993f835fc837944a, isElementEnabled {id=0.39711670994307546-73}]
May 09, 2019 1:16:41 PM org.openqa.selenium.remote.RemoteWebDriver log
WARNING: Executing: findElement [5e131c183a733a14993f835fc837944a, findElement {using=css selector, value=button#triage}]
May 09, 2019 1:16:41 PM org.openqa.selenium.remote.RemoteWebDriver log
WARNING: Executed: [5e131c183a733a14993f835fc837944a, findElement {using=css selector, value=button#triage}]
May 09, 2019 1:16:41 PM org.openqa.selenium.remote.RemoteWebDriver log
WARNING: Executing: isElementDisplayed [5e131c183a733a14993f835fc837944a, isElementDisplayed {id=0.39711670994307546-73}]
May 09, 2019 1:16:41 PM org.openqa.selenium.remote.RemoteWebDriver log
WARNING: Executed: [5e131c183a733a14993f835fc837944a, isElementDisplayed {id=0.39711670994307546-73}]
May 09, 2019 1:16:41 PM org.openqa.selenium.remote.RemoteWebDriver log
WARNING: Executing: isElementEnabled [5e131c183a733a14993f835fc837944a, isElementEnabled {id=0.39711670994307546-73}]
May 09, 2019 1:16:41 PM org.openqa.selenium.remote.RemoteWebDriver log
WARNING: Executed: [5e131c183a733a14993f835fc837944a, isElementEnabled {id=0.39711670994307546-73}]
May 09, 2019 1:16:42 PM org.openqa.selenium.remote.RemoteWebDriver log
WARNING: Executing: findElement [5e131c183a733a14993f835fc837944a, findElement {using=css selector, value=button#triage}]
May 09, 2019 1:16:42 PM org.openqa.selenium.remote.RemoteWebDriver log
WARNING: Executed: [5e131c183a733a14993f835fc837944a, findElement {using=css selector, value=button#triage}]
May 09, 2019 1:16:42 PM org.openqa.selenium.remote.RemoteWebDriver log
WARNING: Executing: isElementDisplayed [5e131c183a733a14993f835fc837944a, isElementDisplayed {id=0.39711670994307546-73}]
May 09, 2019 1:16:42 PM org.openqa.selenium.remote.RemoteWebDriver log
WARNING: Executed: [5e131c183a733a14993f835fc837944a, isElementDisplayed {id=0.39711670994307546-73}]
May 09, 2019 1:16:42 PM org.openqa.selenium.remote.RemoteWebDriver log
WARNING: Executing: isElementEnabled [5e131c183a733a14993f835fc837944a, isElementEnabled {id=0.39711670994307546-73}]
May 09, 2019 1:16:42 PM org.openqa.selenium.remote.RemoteWebDriver log
WARNING: Executed: [5e131c183a733a14993f835fc837944a, isElementEnabled {id=0.39711670994307546-73}]
May 09, 2019 1:16:42 PM org.openqa.selenium.remote.RemoteWebDriver log
WARNING: Executing: findElement [5e131c183a733a14993f835fc837944a, findElement {using=css selector, value=button#triage}]
May 09, 2019 1:16:42 PM org.openqa.selenium.remote.RemoteWebDriver log
WARNING: Executed: [5e131c183a733a14993f835fc837944a, findElement {using=css selector, value=button#triage}]
May 09, 2019 1:16:42 PM org.openqa.selenium.remote.RemoteWebDriver log
WARNING: Executing: isElementDisplayed [5e131c183a733a14993f835fc837944a, isElementDisplayed {id=0.39711670994307546-73}]
May 09, 2019 1:16:42 PM org.openqa.selenium.remote.RemoteWebDriver log
WARNING: Executed: [5e131c183a733a14993f835fc837944a, isElementDisplayed {id=0.39711670994307546-73}]
May 09, 2019 1:16:42 PM org.openqa.selenium.remote.RemoteWebDriver log
WARNING: Executing: isElementEnabled [5e131c183a733a14993f835fc837944a, isElementEnabled {id=0.39711670994307546-73}]
May 09, 2019 1:16:42 PM org.openqa.selenium.remote.RemoteWebDriver log
WARNING: Executed: [5e131c183a733a14993f835fc837944a, isElementEnabled {id=0.39711670994307546-73}]
May 09, 2019 1:16:43 PM org.openqa.selenium.remote.RemoteWebDriver log
WARNING: Executing: findElement [5e131c183a733a14993f835fc837944a, findElement {using=css selector, value=button#triage}]
May 09, 2019 1:16:43 PM org.openqa.selenium.remote.RemoteWebDriver log
WARNING: Executed: [5e131c183a733a14993f835fc837944a, findElement {using=css selector, value=button#triage}]
May 09, 2019 1:16:43 PM org.openqa.selenium.remote.RemoteWebDriver log
WARNING: Executing: isElementDisplayed [5e131c183a733a14993f835fc837944a, isElementDisplayed {id=0.39711670994307546-73}]
May 09, 2019 1:16:43 PM org.openqa.selenium.remote.RemoteWebDriver log
WARNING: Executed: [5e131c183a733a14993f835fc837944a, isElementDisplayed {id=0.39711670994307546-73}]
May 09, 2019 1:16:43 PM org.openqa.selenium.remote.RemoteWebDriver log
WARNING: Executing: isElementEnabled [5e131c183a733a14993f835fc837944a, isElementEnabled {id=0.39711670994307546-73}]
May 09, 2019 1:16:43 PM org.openqa.selenium.remote.RemoteWebDriver log
WARNING: Executed: [5e131c183a733a14993f835fc837944a, isElementEnabled {id=0.39711670994307546-73}]
May 09, 2019 1:16:43 PM org.openqa.selenium.remote.RemoteWebDriver log
WARNING: Executing: findElement [5e131c183a733a14993f835fc837944a, findElement {using=css selector, value=button#triage}]
May 09, 2019 1:16:43 PM org.openqa.selenium.remote.RemoteWebDriver log
WARNING: Executed: [5e131c183a733a14993f835fc837944a, findElement {using=css selector, value=button#triage}]
May 09, 2019 1:16:43 PM org.openqa.selenium.remote.RemoteWebDriver log
WARNING: Executing: isElementDisplayed [5e131c183a733a14993f835fc837944a, isElementDisplayed {id=0.39711670994307546-73}]
May 09, 2019 1:16:43 PM org.openqa.selenium.remote.RemoteWebDriver log
WARNING: Executed: [5e131c183a733a14993f835fc837944a, isElementDisplayed {id=0.39711670994307546-73}]
May 09, 2019 1:16:43 PM org.openqa.selenium.remote.RemoteWebDriver log
WARNING: Executing: isElementEnabled [5e131c183a733a14993f835fc837944a, isElementEnabled {id=0.39711670994307546-73}]
May 09, 2019 1:16:43 PM org.openqa.selenium.remote.RemoteWebDriver log
WARNING: Executed: [5e131c183a733a14993f835fc837944a, isElementEnabled {id=0.39711670994307546-73}]
May 09, 2019 1:16:44 PM org.openqa.selenium.remote.RemoteWebDriver log
WARNING: Executing: findElement [5e131c183a733a14993f835fc837944a, findElement {using=css selector, value=button#triage}]
May 09, 2019 1:16:44 PM org.openqa.selenium.remote.RemoteWebDriver log
WARNING: Executed: [5e131c183a733a14993f835fc837944a, findElement {using=css selector, value=button#triage}]
May 09, 2019 1:16:44 PM org.openqa.selenium.remote.RemoteWebDriver log
WARNING: Executing: isElementDisplayed [5e131c183a733a14993f835fc837944a, isElementDisplayed {id=0.39711670994307546-73}]
May 09, 2019 1:16:44 PM org.openqa.selenium.remote.RemoteWebDriver log
WARNING: Executed: [5e131c183a733a14993f835fc837944a, isElementDisplayed {id=0.39711670994307546-73}]
May 09, 2019 1:16:44 PM org.openqa.selenium.remote.RemoteWebDriver log
WARNING: Executing: isElementEnabled [5e131c183a733a14993f835fc837944a, isElementEnabled {id=0.39711670994307546-73}]
May 09, 2019 1:16:44 PM org.openqa.selenium.remote.RemoteWebDriver log
WARNING: Executed: [5e131c183a733a14993f835fc837944a, isElementEnabled {id=0.39711670994307546-73}]
May 09, 2019 1:16:44 PM org.openqa.selenium.remote.RemoteWebDriver log
WARNING: Executing: findElement [5e131c183a733a14993f835fc837944a, findElement {using=css selector, value=button#triage}]
May 09, 2019 1:16:44 PM org.openqa.selenium.remote.RemoteWebDriver log
WARNING: Executed: [5e131c183a733a14993f835fc837944a, findElement {using=css selector, value=button#triage}]
May 09, 2019 1:16:44 PM org.openqa.selenium.remote.RemoteWebDriver log
WARNING: Executing: isElementDisplayed [5e131c183a733a14993f835fc837944a, isElementDisplayed {id=0.39711670994307546-73}]
May 09, 2019 1:16:44 PM org.openqa.selenium.remote.RemoteWebDriver log
WARNING: Executed: [5e131c183a733a14993f835fc837944a, isElementDisplayed {id=0.39711670994307546-73}]
May 09, 2019 1:16:44 PM org.openqa.selenium.remote.RemoteWebDriver log
WARNING: Executing: isElementEnabled [5e131c183a733a14993f835fc837944a, isElementEnabled {id=0.39711670994307546-73}]
May 09, 2019 1:16:44 PM org.openqa.selenium.remote.RemoteWebDriver log
WARNING: Executed: [5e131c183a733a14993f835fc837944a, isElementEnabled {id=0.39711670994307546-73}]
May 09, 2019 1:16:45 PM org.openqa.selenium.remote.RemoteWebDriver log
WARNING: Executing: findElement [5e131c183a733a14993f835fc837944a, findElement {using=css selector, value=button#triage}]
May 09, 2019 1:16:45 PM org.openqa.selenium.remote.RemoteWebDriver log
WARNING: Executed: [5e131c183a733a14993f835fc837944a, findElement {using=css selector, value=button#triage}]
May 09, 2019 1:16:45 PM org.openqa.selenium.remote.RemoteWebDriver log
WARNING: Executing: isElementDisplayed [5e131c183a733a14993f835fc837944a, isElementDisplayed {id=0.39711670994307546-73}]
May 09, 2019 1:16:45 PM org.openqa.selenium.remote.RemoteWebDriver log
WARNING: Executed: [5e131c183a733a14993f835fc837944a, isElementDisplayed {id=0.39711670994307546-73}]
May 09, 2019 1:16:45 PM org.openqa.selenium.remote.RemoteWebDriver log
WARNING: Executing: isElementEnabled [5e131c183a733a14993f835fc837944a, isElementEnabled {id=0.39711670994307546-73}]
May 09, 2019 1:16:45 PM org.openqa.selenium.remote.RemoteWebDriver log
WARNING: Executed: [5e131c183a733a14993f835fc837944a, isElementEnabled {id=0.39711670994307546-73}]
May 09, 2019 1:16:46 PM org.openqa.selenium.remote.RemoteWebDriver log
WARNING: Executing: findElement [5e131c183a733a14993f835fc837944a, findElement {using=css selector, value=button#triage}]
May 09, 2019 1:16:46 PM org.openqa.selenium.remote.RemoteWebDriver log
WARNING: Executed: [5e131c183a733a14993f835fc837944a, findElement {using=css selector, value=button#triage}]
May 09, 2019 1:16:46 PM org.openqa.selenium.remote.RemoteWebDriver log
WARNING: Executing: isElementDisplayed [5e131c183a733a14993f835fc837944a, isElementDisplayed {id=0.39711670994307546-73}]
May 09, 2019 1:16:46 PM org.openqa.selenium.remote.RemoteWebDriver log
WARNING: Executed: [5e131c183a733a14993f835fc837944a, isElementDisplayed {id=0.39711670994307546-73}]
May 09, 2019 1:16:46 PM org.openqa.selenium.remote.RemoteWebDriver log
WARNING: Executing: isElementEnabled [5e131c183a733a14993f835fc837944a, isElementEnabled {id=0.39711670994307546-73}]
May 09, 2019 1:16:46 PM org.openqa.selenium.remote.RemoteWebDriver log
WARNING: Executed: [5e131c183a733a14993f835fc837944a, isElementEnabled {id=0.39711670994307546-73}]
May 09, 2019 1:16:46 PM org.openqa.selenium.remote.RemoteWebDriver log
WARNING: Executing: findElement [5e131c183a733a14993f835fc837944a, findElement {using=css selector, value=button#triage}]
May 09, 2019 1:16:46 PM org.openqa.selenium.remote.RemoteWebDriver log
WARNING: Executed: [5e131c183a733a14993f835fc837944a, findElement {using=css selector, value=button#triage}]
May 09, 2019 1:16:46 PM org.openqa.selenium.remote.RemoteWebDriver log
WARNING: Executing: isElementDisplayed [5e131c183a733a14993f835fc837944a, isElementDisplayed {id=0.39711670994307546-73}]
May 09, 2019 1:16:46 PM org.openqa.selenium.remote.RemoteWebDriver log
WARNING: Executed: [5e131c183a733a14993f835fc837944a, isElementDisplayed {id=0.39711670994307546-73}]
May 09, 2019 1:16:46 PM org.openqa.selenium.remote.RemoteWebDriver log
WARNING: Executing: isElementEnabled [5e131c183a733a14993f835fc837944a, isElementEnabled {id=0.39711670994307546-73}]
May 09, 2019 1:16:46 PM org.openqa.selenium.remote.RemoteWebDriver log
WARNING: Executed: [5e131c183a733a14993f835fc837944a, isElementEnabled {id=0.39711670994307546-73}]
]]></system-err>
  </testcase>
  <testcase name="testCreateMediumPriority" classname="com.clarolab.AutomationIssuesTest" time="20.365">
    <failure message="Timed out after 5 seconds: Element 'By.cssSelector: button#triage' never became clickable after '5' seconds
Build info: version: '2.45.0', revision: '5017cb8e7ca8e37638dc3091b2440b90a1d8686f', time: '2015-02-27 09:10:26'
System info: host: '6888e31d0e98', ip: '172.17.0.9', os.name: 'Linux', os.arch: 'amd64', os.version: '4.15.0-29-generic', java.version: '1.8.0_212'
Driver info: org.openqa.selenium.remote.RemoteWebDriver
Capabilities [{mobileEmulationEnabled=false, timeouts={implicit=0, pageLoad=300000, script=30000}, hasTouchScreen=false, platform=LINUX, acceptSslCerts=false, goog:chromeOptions={debuggerAddress=localhost:44811}, acceptInsecureCerts=false, webStorageEnabled=true, browserName=chrome, takesScreenshot=true, javascriptEnabled=true, setWindowRect=true, unexpectedAlertBehaviour=ignore, applicationCacheEnabled=false, rotatable=false, networkConnectionEnabled=false, chrome={chromedriverVersion=73.0.3683.68 (47787ec04b6e38e22703e856e101e840b65afe72), userDataDir=/tmp/.com.google.Chrome.lQ8sHk}, takesHeapSnapshot=true, pageLoadStrategy=normal, strictFileInteractability=false, databaseEnabled=false, handlesAlerts=true, version=73.0.3683.86, browserConnectionEnabled=false, proxy={}, nativeEvents=true, webdriver.remote.sessionid=cd44c6affba781aa54e7211391473e1e, locationContextEnabled=true, cssSelectorsEnabled=true}]
Session ID: cd44c6affba781aa54e7211391473e1e" type="org.openqa.selenium.TimeoutException">org.openqa.selenium.TimeoutException: 
Timed out after 5 seconds: Element 'By.cssSelector: button#triage' never became clickable after '5' seconds
Build info: version: '2.45.0', revision: '5017cb8e7ca8e37638dc3091b2440b90a1d8686f', time: '2015-02-27 09:10:26'
System info: host: '6888e31d0e98', ip: '172.17.0.9', os.name: 'Linux', os.arch: 'amd64', os.version: '4.15.0-29-generic', java.version: '1.8.0_212'
Driver info: org.openqa.selenium.remote.RemoteWebDriver
Capabilities [{mobileEmulationEnabled=false, timeouts={implicit=0, pageLoad=300000, script=30000}, hasTouchScreen=false, platform=LINUX, acceptSslCerts=false, goog:chromeOptions={debuggerAddress=localhost:44811}, acceptInsecureCerts=false, webStorageEnabled=true, browserName=chrome, takesScreenshot=true, javascriptEnabled=true, setWindowRect=true, unexpectedAlertBehaviour=ignore, applicationCacheEnabled=false, rotatable=false, networkConnectionEnabled=false, chrome={chromedriverVersion=73.0.3683.68 (47787ec04b6e38e22703e856e101e840b65afe72), userDataDir=/tmp/.com.google.Chrome.lQ8sHk}, takesHeapSnapshot=true, pageLoadStrategy=normal, strictFileInteractability=false, databaseEnabled=false, handlesAlerts=true, version=73.0.3683.86, browserConnectionEnabled=false, proxy={}, nativeEvents=true, webdriver.remote.sessionid=cd44c6affba781aa54e7211391473e1e, locationContextEnabled=true, cssSelectorsEnabled=true}]
Session ID: cd44c6affba781aa54e7211391473e1e
	at com.clarolab.AutomationIssuesTest.testCreateMediumPriority(AutomationIssuesTest.java:51)
</failure>
    <system-err><![CDATA[May 09, 2019 1:16:46 PM org.openqa.selenium.remote.RemoteWebDriver log
WARNING: Executing: screenshot [5e131c183a733a14993f835fc837944a, screenshot {}]
May 09, 2019 1:16:47 PM org.openqa.selenium.remote.RemoteWebDriver log
WARNING: Executed: [5e131c183a733a14993f835fc837944a, screenshot {}]
May 09, 2019 1:16:47 PM org.openqa.selenium.remote.RemoteWebDriver log
WARNING: Executing: getCurrentUrl [5e131c183a733a14993f835fc837944a, getCurrentUrl {}]
May 09, 2019 1:16:47 PM org.openqa.selenium.remote.RemoteWebDriver log
WARNING: Executed: [5e131c183a733a14993f835fc837944a, getCurrentUrl {}]
May 09, 2019 1:16:47 PM com.clarolab.BaseTest takeScreenShot
INFO: Screenshot of http://tdev.clarolab.com/Test/6004/Triage taken: screenshot478935.png
May 09, 2019 1:16:47 PM org.openqa.selenium.remote.RemoteWebDriver log
WARNING: Executing: deleteAllCookies [5e131c183a733a14993f835fc837944a, deleteAllCookies {}]
May 09, 2019 1:16:47 PM org.openqa.selenium.remote.RemoteWebDriver log
WARNING: Executed: [5e131c183a733a14993f835fc837944a, deleteAllCookies {}]
May 09, 2019 1:16:47 PM org.openqa.selenium.remote.RemoteWebDriver log
WARNING: Executing: quit [5e131c183a733a14993f835fc837944a, quit {}]
May 09, 2019 1:16:47 PM org.openqa.selenium.remote.RemoteWebDriver log
WARNING: Executed: [5e131c183a733a14993f835fc837944a, quit {}]
May 09, 2019 1:16:47 PM org.openqa.selenium.remote.RemoteWebDriver log
WARNING: Executing: quit [null, quit {}]
May 09, 2019 1:16:47 PM org.openqa.selenium.remote.RemoteWebDriver log
WARNING: Executed: [null, quit {}]
May 09, 2019 1:16:47 PM org.openqa.selenium.remote.RemoteWebDriver log
WARNING: Executing: setTimeout [cd44c6affba781aa54e7211391473e1e, setTimeout {type=page load, ms=80000}]
May 09, 2019 1:16:47 PM org.openqa.selenium.remote.RemoteWebDriver log
WARNING: Executed: [cd44c6affba781aa54e7211391473e1e, setTimeout {type=page load, ms=80000}]
May 09, 2019 1:16:47 PM org.openqa.selenium.remote.RemoteWebDriver log
WARNING: Executing: implicitlyWait [cd44c6affba781aa54e7211391473e1e, implicitlyWait {ms=2000}]
May 09, 2019 1:16:47 PM org.openqa.selenium.remote.RemoteWebDriver log
WARNING: Executed: [cd44c6affba781aa54e7211391473e1e, implicitlyWait {ms=2000}]
May 09, 2019 1:16:47 PM org.openqa.selenium.remote.RemoteWebDriver log
WARNING: Executing: get [cd44c6affba781aa54e7211391473e1e, get {url=http://tdev.clarolab.com/}]
May 09, 2019 1:16:49 PM org.openqa.selenium.remote.RemoteWebDriver log
WARNING: Executed: [cd44c6affba781aa54e7211391473e1e, get {url=http://tdev.clarolab.com/}]
May 09, 2019 1:16:49 PM org.openqa.selenium.remote.RemoteWebDriver log
WARNING: Executing: getCurrentUrl [cd44c6affba781aa54e7211391473e1e, getCurrentUrl {}]
May 09, 2019 1:16:49 PM org.openqa.selenium.remote.RemoteWebDriver log
WARNING: Executed: [cd44c6affba781aa54e7211391473e1e, getCurrentUrl {}]
May 09, 2019 1:16:49 PM org.openqa.selenium.remote.RemoteWebDriver log
WARNING: Executing: getCurrentUrl [cd44c6affba781aa54e7211391473e1e, getCurrentUrl {}]
May 09, 2019 1:16:49 PM org.openqa.selenium.remote.RemoteWebDriver log
WARNING: Executed: [cd44c6affba781aa54e7211391473e1e, getCurrentUrl {}]
May 09, 2019 1:16:49 PM org.openqa.selenium.remote.RemoteWebDriver log
WARNING: Executing: findElement [cd44c6affba781aa54e7211391473e1e, findElement {using=id, value=loginForm}]
May 09, 2019 1:16:49 PM org.openqa.selenium.remote.RemoteWebDriver log
WARNING: Executed: [cd44c6affba781aa54e7211391473e1e, findElement {using=id, value=loginForm}]
May 09, 2019 1:16:49 PM org.openqa.selenium.remote.RemoteWebDriver log
WARNING: Executing: findElement [cd44c6affba781aa54e7211391473e1e, findElement {using=tag name, value=body}]
May 09, 2019 1:16:49 PM org.openqa.selenium.remote.RemoteWebDriver log
WARNING: Executed: [cd44c6affba781aa54e7211391473e1e, findElement {using=tag name, value=body}]
May 09, 2019 1:16:49 PM org.openqa.selenium.remote.RemoteWebDriver log
WARNING: Executing: getElementText [cd44c6affba781aa54e7211391473e1e, getElementText {id=0.606373853551007-2}]
May 09, 2019 1:16:49 PM org.openqa.selenium.remote.RemoteWebDriver log
WARNING: Executed: [cd44c6affba781aa54e7211391473e1e, getElementText {id=0.606373853551007-2}]
May 09, 2019 1:16:50 PM org.openqa.selenium.remote.RemoteWebDriver log
WARNING: Executing: findElement [cd44c6affba781aa54e7211391473e1e, findElement {using=tag name, value=body}]
May 09, 2019 1:16:50 PM org.openqa.selenium.remote.RemoteWebDriver log
WARNING: Executed: [cd44c6affba781aa54e7211391473e1e, findElement {using=tag name, value=body}]
May 09, 2019 1:16:50 PM org.openqa.selenium.remote.RemoteWebDriver log
WARNING: Executing: getElementText [cd44c6affba781aa54e7211391473e1e, getElementText {id=0.606373853551007-2}]
May 09, 2019 1:16:50 PM org.openqa.selenium.remote.RemoteWebDriver log
WARNING: Executed: [cd44c6affba781aa54e7211391473e1e, getElementText {id=0.606373853551007-2}]
May 09, 2019 1:16:51 PM org.openqa.selenium.remote.RemoteWebDriver log
WARNING: Executing: findElement [cd44c6affba781aa54e7211391473e1e, findElement {using=tag name, value=body}]
May 09, 2019 1:16:51 PM org.openqa.selenium.remote.RemoteWebDriver log
WARNING: Executed: [cd44c6affba781aa54e7211391473e1e, findElement {using=tag name, value=body}]
May 09, 2019 1:16:51 PM org.openqa.selenium.remote.RemoteWebDriver log
WARNING: Executing: getElementText [cd44c6affba781aa54e7211391473e1e, getElementText {id=0.606373853551007-2}]
May 09, 2019 1:16:51 PM org.openqa.selenium.remote.RemoteWebDriver log
WARNING: Executed: [cd44c6affba781aa54e7211391473e1e, getElementText {id=0.606373853551007-2}]
May 09, 2019 1:16:51 PM org.openqa.selenium.remote.RemoteWebDriver log
WARNING: Executing: findElement [cd44c6affba781aa54e7211391473e1e, findElement {using=id, value=internalLoginSubmit}]
May 09, 2019 1:16:51 PM org.openqa.selenium.remote.RemoteWebDriver log
WARNING: Executed: [cd44c6affba781aa54e7211391473e1e, findElement {using=id, value=internalLoginSubmit}]
May 09, 2019 1:16:51 PM org.openqa.selenium.remote.RemoteWebDriver log
WARNING: Executing: isElementDisplayed [cd44c6affba781aa54e7211391473e1e, isElementDisplayed {id=0.606373853551007-3}]
May 09, 2019 1:16:51 PM org.openqa.selenium.remote.RemoteWebDriver log
WARNING: Executed: [cd44c6affba781aa54e7211391473e1e, isElementDisplayed {id=0.606373853551007-3}]
May 09, 2019 1:16:51 PM org.openqa.selenium.remote.RemoteWebDriver log
WARNING: Executing: isElementEnabled [cd44c6affba781aa54e7211391473e1e, isElementEnabled {id=0.606373853551007-3}]
May 09, 2019 1:16:51 PM org.openqa.selenium.remote.RemoteWebDriver log
WARNING: Executed: [cd44c6affba781aa54e7211391473e1e, isElementEnabled {id=0.606373853551007-3}]
May 09, 2019 1:16:51 PM org.openqa.selenium.remote.RemoteWebDriver log
WARNING: Executing: findElement [cd44c6affba781aa54e7211391473e1e, findElement {using=id, value=email}]
May 09, 2019 1:16:51 PM org.openqa.selenium.remote.RemoteWebDriver log
WARNING: Executed: [cd44c6affba781aa54e7211391473e1e, findElement {using=id, value=email}]
May 09, 2019 1:16:51 PM org.openqa.selenium.remote.RemoteWebDriver log
WARNING: Executing: getElementTagName [cd44c6affba781aa54e7211391473e1e, getElementTagName {id=0.606373853551007-4}]
May 09, 2019 1:16:51 PM org.openqa.selenium.remote.RemoteWebDriver log
WARNING: Executed: [cd44c6affba781aa54e7211391473e1e, getElementTagName {id=0.606373853551007-4}]
May 09, 2019 1:16:51 PM org.openqa.selenium.remote.RemoteWebDriver log
WARNING: Executing: sendKeysToElement [cd44c6affba781aa54e7211391473e1e, sendKeysToElement {id=0.606373853551007-4, value=[Ljava.lang.CharSequence;@1b765a2c}]
May 09, 2019 1:16:51 PM org.openqa.selenium.remote.RemoteWebDriver log
WARNING: Executed: [cd44c6affba781aa54e7211391473e1e, sendKeysToElement {id=0.606373853551007-4, value=[Ljava.lang.CharSequence;@1b765a2c}]
May 09, 2019 1:16:51 PM org.openqa.selenium.remote.RemoteWebDriver log
WARNING: Executing: sendKeysToElement [cd44c6affba781aa54e7211391473e1e, sendKeysToElement {id=0.606373853551007-4, value=[Ljava.lang.CharSequence;@2e8e8225}]
May 09, 2019 1:16:51 PM org.openqa.selenium.remote.RemoteWebDriver log
WARNING: Executed: [cd44c6affba781aa54e7211391473e1e, sendKeysToElement {id=0.606373853551007-4, value=[Ljava.lang.CharSequence;@2e8e8225}]
May 09, 2019 1:16:51 PM org.openqa.selenium.remote.RemoteWebDriver log
WARNING: Executing: sendKeysToElement [cd44c6affba781aa54e7211391473e1e, sendKeysToElement {id=0.606373853551007-4, value=[Ljava.lang.CharSequence;@6ebf0f36}]
May 09, 2019 1:16:51 PM org.openqa.selenium.remote.RemoteWebDriver log
WARNING: Executed: [cd44c6affba781aa54e7211391473e1e, sendKeysToElement {id=0.606373853551007-4, value=[Ljava.lang.CharSequence;@6ebf0f36}]
May 09, 2019 1:16:51 PM org.openqa.selenium.remote.RemoteWebDriver log
WARNING: Executing: sendKeysToElement [cd44c6affba781aa54e7211391473e1e, sendKeysToElement {id=0.606373853551007-4, value=[Ljava.lang.CharSequence;@18920cc}]
May 09, 2019 1:16:51 PM org.openqa.selenium.remote.RemoteWebDriver log
WARNING: Executed: [cd44c6affba781aa54e7211391473e1e, sendKeysToElement {id=0.606373853551007-4, value=[Ljava.lang.CharSequence;@18920cc}]
May 09, 2019 1:16:51 PM org.openqa.selenium.remote.RemoteWebDriver log
WARNING: Executing: sendKeysToElement [cd44c6affba781aa54e7211391473e1e, sendKeysToElement {id=0.606373853551007-4, value=[Ljava.lang.CharSequence;@2807bdeb}]
May 09, 2019 1:16:51 PM org.openqa.selenium.remote.RemoteWebDriver log
WARNING: Executed: [cd44c6affba781aa54e7211391473e1e, sendKeysToElement {id=0.606373853551007-4, value=[Ljava.lang.CharSequence;@2807bdeb}]
May 09, 2019 1:16:51 PM org.openqa.selenium.remote.RemoteWebDriver log
WARNING: Executing: sendKeysToElement [cd44c6affba781aa54e7211391473e1e, sendKeysToElement {id=0.606373853551007-4, value=[Ljava.lang.CharSequence;@72c28d64}]
May 09, 2019 1:16:51 PM org.openqa.selenium.remote.RemoteWebDriver log
WARNING: Executed: [cd44c6affba781aa54e7211391473e1e, sendKeysToElement {id=0.606373853551007-4, value=[Ljava.lang.CharSequence;@72c28d64}]
May 09, 2019 1:16:51 PM org.openqa.selenium.remote.RemoteWebDriver log
WARNING: Executing: sendKeysToElement [cd44c6affba781aa54e7211391473e1e, sendKeysToElement {id=0.606373853551007-4, value=[Ljava.lang.CharSequence;@6492fab5}]
May 09, 2019 1:16:51 PM org.openqa.selenium.remote.RemoteWebDriver log
WARNING: Executed: [cd44c6affba781aa54e7211391473e1e, sendKeysToElement {id=0.606373853551007-4, value=[Ljava.lang.CharSequence;@6492fab5}]
May 09, 2019 1:16:51 PM org.openqa.selenium.remote.RemoteWebDriver log
WARNING: Executing: sendKeysToElement [cd44c6affba781aa54e7211391473e1e, sendKeysToElement {id=0.606373853551007-4, value=[Ljava.lang.CharSequence;@2c5529ab}]
May 09, 2019 1:16:51 PM org.openqa.selenium.remote.RemoteWebDriver log
WARNING: Executed: [cd44c6affba781aa54e7211391473e1e, sendKeysToElement {id=0.606373853551007-4, value=[Ljava.lang.CharSequence;@2c5529ab}]
May 09, 2019 1:16:51 PM org.openqa.selenium.remote.RemoteWebDriver log
WARNING: Executing: sendKeysToElement [cd44c6affba781aa54e7211391473e1e, sendKeysToElement {id=0.606373853551007-4, value=[Ljava.lang.CharSequence;@39a8312f}]
May 09, 2019 1:16:51 PM org.openqa.selenium.remote.RemoteWebDriver log
WARNING: Executed: [cd44c6affba781aa54e7211391473e1e, sendKeysToElement {id=0.606373853551007-4, value=[Ljava.lang.CharSequence;@39a8312f}]
May 09, 2019 1:16:51 PM org.openqa.selenium.remote.RemoteWebDriver log
WARNING: Executing: sendKeysToElement [cd44c6affba781aa54e7211391473e1e, sendKeysToElement {id=0.606373853551007-4, value=[Ljava.lang.CharSequence;@5f6722d3}]
May 09, 2019 1:16:51 PM org.openqa.selenium.remote.RemoteWebDriver log
WARNING: Executed: [cd44c6affba781aa54e7211391473e1e, sendKeysToElement {id=0.606373853551007-4, value=[Ljava.lang.CharSequence;@5f6722d3}]
May 09, 2019 1:16:52 PM org.openqa.selenium.remote.RemoteWebDriver log
WARNING: Executing: sendKeysToElement [cd44c6affba781aa54e7211391473e1e, sendKeysToElement {id=0.606373853551007-4, value=[Ljava.lang.CharSequence;@2c532cd8}]
May 09, 2019 1:16:52 PM org.openqa.selenium.remote.RemoteWebDriver log
WARNING: Executed: [cd44c6affba781aa54e7211391473e1e, sendKeysToElement {id=0.606373853551007-4, value=[Ljava.lang.CharSequence;@2c532cd8}]
May 09, 2019 1:16:52 PM org.openqa.selenium.remote.RemoteWebDriver log
WARNING: Executing: sendKeysToElement [cd44c6affba781aa54e7211391473e1e, sendKeysToElement {id=0.606373853551007-4, value=[Ljava.lang.CharSequence;@294e5088}]
May 09, 2019 1:16:52 PM org.openqa.selenium.remote.RemoteWebDriver log
WARNING: Executed: [cd44c6affba781aa54e7211391473e1e, sendKeysToElement {id=0.606373853551007-4, value=[Ljava.lang.CharSequence;@294e5088}]
May 09, 2019 1:16:52 PM org.openqa.selenium.remote.RemoteWebDriver log
WARNING: Executing: sendKeysToElement [cd44c6affba781aa54e7211391473e1e, sendKeysToElement {id=0.606373853551007-4, value=[Ljava.lang.CharSequence;@51972dc7}]
May 09, 2019 1:16:52 PM org.openqa.selenium.remote.RemoteWebDriver log
WARNING: Executed: [cd44c6affba781aa54e7211391473e1e, sendKeysToElement {id=0.606373853551007-4, value=[Ljava.lang.CharSequence;@51972dc7}]
May 09, 2019 1:16:52 PM org.openqa.selenium.remote.RemoteWebDriver log
WARNING: Executing: sendKeysToElement [cd44c6affba781aa54e7211391473e1e, sendKeysToElement {id=0.606373853551007-4, value=[Ljava.lang.CharSequence;@3700ec9c}]
May 09, 2019 1:16:52 PM org.openqa.selenium.remote.RemoteWebDriver log
WARNING: Executed: [cd44c6affba781aa54e7211391473e1e, sendKeysToElement {id=0.606373853551007-4, value=[Ljava.lang.CharSequence;@3700ec9c}]
May 09, 2019 1:16:52 PM org.openqa.selenium.remote.RemoteWebDriver log
WARNING: Executing: sendKeysToElement [cd44c6affba781aa54e7211391473e1e, sendKeysToElement {id=0.606373853551007-4, value=[Ljava.lang.CharSequence;@2002348}]
May 09, 2019 1:16:52 PM org.openqa.selenium.remote.RemoteWebDriver log
WARNING: Executed: [cd44c6affba781aa54e7211391473e1e, sendKeysToElement {id=0.606373853551007-4, value=[Ljava.lang.CharSequence;@2002348}]
May 09, 2019 1:16:52 PM org.openqa.selenium.remote.RemoteWebDriver log
WARNING: Executing: sendKeysToElement [cd44c6affba781aa54e7211391473e1e, sendKeysToElement {id=0.606373853551007-4, value=[Ljava.lang.CharSequence;@5911e990}]
May 09, 2019 1:16:52 PM org.openqa.selenium.remote.RemoteWebDriver log
WARNING: Executed: [cd44c6affba781aa54e7211391473e1e, sendKeysToElement {id=0.606373853551007-4, value=[Ljava.lang.CharSequence;@5911e990}]
May 09, 2019 1:16:52 PM org.openqa.selenium.remote.RemoteWebDriver log
WARNING: Executing: sendKeysToElement [cd44c6affba781aa54e7211391473e1e, sendKeysToElement {id=0.606373853551007-4, value=[Ljava.lang.CharSequence;@31000e60}]
May 09, 2019 1:16:52 PM org.openqa.selenium.remote.RemoteWebDriver log
WARNING: Executed: [cd44c6affba781aa54e7211391473e1e, sendKeysToElement {id=0.606373853551007-4, value=[Ljava.lang.CharSequence;@31000e60}]
May 09, 2019 1:16:52 PM org.openqa.selenium.remote.RemoteWebDriver log
WARNING: Executing: findElement [cd44c6affba781aa54e7211391473e1e, findElement {using=id, value=password}]
May 09, 2019 1:16:52 PM org.openqa.selenium.remote.RemoteWebDriver log
WARNING: Executed: [cd44c6affba781aa54e7211391473e1e, findElement {using=id, value=password}]
May 09, 2019 1:16:52 PM org.openqa.selenium.remote.RemoteWebDriver log
WARNING: Executing: getElementTagName [cd44c6affba781aa54e7211391473e1e, getElementTagName {id=0.606373853551007-5}]
May 09, 2019 1:16:52 PM org.openqa.selenium.remote.RemoteWebDriver log
WARNING: Executed: [cd44c6affba781aa54e7211391473e1e, getElementTagName {id=0.606373853551007-5}]
May 09, 2019 1:16:52 PM org.openqa.selenium.remote.RemoteWebDriver log
WARNING: Executing: sendKeysToElement [cd44c6affba781aa54e7211391473e1e, sendKeysToElement {id=0.606373853551007-5, value=[Ljava.lang.CharSequence;@1d470d0}]
May 09, 2019 1:16:52 PM org.openqa.selenium.remote.RemoteWebDriver log
WARNING: Executed: [cd44c6affba781aa54e7211391473e1e, sendKeysToElement {id=0.606373853551007-5, value=[Ljava.lang.CharSequence;@1d470d0}]
May 09, 2019 1:16:52 PM org.openqa.selenium.remote.RemoteWebDriver log
WARNING: Executing: sendKeysToElement [cd44c6affba781aa54e7211391473e1e, sendKeysToElement {id=0.606373853551007-5, value=[Ljava.lang.CharSequence;@24d09c1}]
May 09, 2019 1:16:52 PM org.openqa.selenium.remote.RemoteWebDriver log
WARNING: Executed: [cd44c6affba781aa54e7211391473e1e, sendKeysToElement {id=0.606373853551007-5, value=[Ljava.lang.CharSequence;@24d09c1}]
May 09, 2019 1:16:52 PM org.openqa.selenium.remote.RemoteWebDriver log
WARNING: Executing: sendKeysToElement [cd44c6affba781aa54e7211391473e1e, sendKeysToElement {id=0.606373853551007-5, value=[Ljava.lang.CharSequence;@54c62d71}]
May 09, 2019 1:16:52 PM org.openqa.selenium.remote.RemoteWebDriver log
WARNING: Executed: [cd44c6affba781aa54e7211391473e1e, sendKeysToElement {id=0.606373853551007-5, value=[Ljava.lang.CharSequence;@54c62d71}]
May 09, 2019 1:16:52 PM org.openqa.selenium.remote.RemoteWebDriver log
WARNING: Executing: sendKeysToElement [cd44c6affba781aa54e7211391473e1e, sendKeysToElement {id=0.606373853551007-5, value=[Ljava.lang.CharSequence;@65045a87}]
May 09, 2019 1:16:52 PM org.openqa.selenium.remote.RemoteWebDriver log
WARNING: Executed: [cd44c6affba781aa54e7211391473e1e, sendKeysToElement {id=0.606373853551007-5, value=[Ljava.lang.CharSequence;@65045a87}]
May 09, 2019 1:16:53 PM org.openqa.selenium.remote.RemoteWebDriver log
WARNING: Executing: sendKeysToElement [cd44c6affba781aa54e7211391473e1e, sendKeysToElement {id=0.606373853551007-5, value=[Ljava.lang.CharSequence;@47f4e407}]
May 09, 2019 1:16:53 PM org.openqa.selenium.remote.RemoteWebDriver log
WARNING: Executed: [cd44c6affba781aa54e7211391473e1e, sendKeysToElement {id=0.606373853551007-5, value=[Ljava.lang.CharSequence;@47f4e407}]
May 09, 2019 1:16:53 PM org.openqa.selenium.remote.RemoteWebDriver log
WARNING: Executing: sendKeysToElement [cd44c6affba781aa54e7211391473e1e, sendKeysToElement {id=0.606373853551007-5, value=[Ljava.lang.CharSequence;@2d1dee39}]
May 09, 2019 1:16:53 PM org.openqa.selenium.remote.RemoteWebDriver log
WARNING: Executed: [cd44c6affba781aa54e7211391473e1e, sendKeysToElement {id=0.606373853551007-5, value=[Ljava.lang.CharSequence;@2d1dee39}]
May 09, 2019 1:16:53 PM org.openqa.selenium.remote.RemoteWebDriver log
WARNING: Executing: findElement [cd44c6affba781aa54e7211391473e1e, findElement {using=tag name, value=body}]
May 09, 2019 1:16:53 PM org.openqa.selenium.remote.RemoteWebDriver log
WARNING: Executed: [cd44c6affba781aa54e7211391473e1e, findElement {using=tag name, value=body}]
May 09, 2019 1:16:53 PM org.openqa.selenium.remote.RemoteWebDriver log
WARNING: Executing: getElementText [cd44c6affba781aa54e7211391473e1e, getElementText {id=0.606373853551007-2}]
May 09, 2019 1:16:53 PM org.openqa.selenium.remote.RemoteWebDriver log
WARNING: Executed: [cd44c6affba781aa54e7211391473e1e, getElementText {id=0.606373853551007-2}]
May 09, 2019 1:16:53 PM org.openqa.selenium.remote.RemoteWebDriver log
WARNING: Executing: findElement [cd44c6affba781aa54e7211391473e1e, findElement {using=tag name, value=body}]
May 09, 2019 1:16:53 PM org.openqa.selenium.remote.RemoteWebDriver log
WARNING: Executed: [cd44c6affba781aa54e7211391473e1e, findElement {using=tag name, value=body}]
May 09, 2019 1:16:53 PM org.openqa.selenium.remote.RemoteWebDriver log
WARNING: Executing: getElementText [cd44c6affba781aa54e7211391473e1e, getElementText {id=0.606373853551007-2}]
May 09, 2019 1:16:53 PM org.openqa.selenium.remote.RemoteWebDriver log
WARNING: Executed: [cd44c6affba781aa54e7211391473e1e, getElementText {id=0.606373853551007-2}]
May 09, 2019 1:16:54 PM org.openqa.selenium.remote.RemoteWebDriver log
WARNING: Executing: findElement [cd44c6affba781aa54e7211391473e1e, findElement {using=tag name, value=body}]
May 09, 2019 1:16:54 PM org.openqa.selenium.remote.RemoteWebDriver log
WARNING: Executed: [cd44c6affba781aa54e7211391473e1e, findElement {using=tag name, value=body}]
May 09, 2019 1:16:54 PM org.openqa.selenium.remote.RemoteWebDriver log
WARNING: Executing: getElementText [cd44c6affba781aa54e7211391473e1e, getElementText {id=0.606373853551007-2}]
May 09, 2019 1:16:54 PM org.openqa.selenium.remote.RemoteWebDriver log
WARNING: Executed: [cd44c6affba781aa54e7211391473e1e, getElementText {id=0.606373853551007-2}]
May 09, 2019 1:16:54 PM org.openqa.selenium.remote.RemoteWebDriver log
WARNING: Executing: findElement [cd44c6affba781aa54e7211391473e1e, findElement {using=id, value=internalLoginSubmit}]
May 09, 2019 1:16:54 PM org.openqa.selenium.remote.RemoteWebDriver log
WARNING: Executed: [cd44c6affba781aa54e7211391473e1e, findElement {using=id, value=internalLoginSubmit}]
May 09, 2019 1:16:54 PM org.openqa.selenium.remote.RemoteWebDriver log
WARNING: Executing: isElementDisplayed [cd44c6affba781aa54e7211391473e1e, isElementDisplayed {id=0.606373853551007-3}]
May 09, 2019 1:16:54 PM org.openqa.selenium.remote.RemoteWebDriver log
WARNING: Executed: [cd44c6affba781aa54e7211391473e1e, isElementDisplayed {id=0.606373853551007-3}]
May 09, 2019 1:16:54 PM org.openqa.selenium.remote.RemoteWebDriver log
WARNING: Executing: isElementEnabled [cd44c6affba781aa54e7211391473e1e, isElementEnabled {id=0.606373853551007-3}]
May 09, 2019 1:16:54 PM org.openqa.selenium.remote.RemoteWebDriver log
WARNING: Executed: [cd44c6affba781aa54e7211391473e1e, isElementEnabled {id=0.606373853551007-3}]
May 09, 2019 1:16:54 PM org.openqa.selenium.remote.RemoteWebDriver log
WARNING: Executing: clickElement [cd44c6affba781aa54e7211391473e1e, clickElement {id=0.606373853551007-3}]
May 09, 2019 1:16:54 PM org.openqa.selenium.remote.RemoteWebDriver log
WARNING: Executed: [cd44c6affba781aa54e7211391473e1e, clickElement {id=0.606373853551007-3}]
May 09, 2019 1:16:54 PM org.openqa.selenium.remote.RemoteWebDriver log
WARNING: Executing: getCurrentUrl [cd44c6affba781aa54e7211391473e1e, getCurrentUrl {}]
May 09, 2019 1:16:54 PM org.openqa.selenium.remote.RemoteWebDriver log
WARNING: Executed: [cd44c6affba781aa54e7211391473e1e, getCurrentUrl {}]
May 09, 2019 1:16:54 PM org.openqa.selenium.remote.RemoteWebDriver log
WARNING: Executing: getCurrentUrl [cd44c6affba781aa54e7211391473e1e, getCurrentUrl {}]
May 09, 2019 1:16:54 PM org.openqa.selenium.remote.RemoteWebDriver log
WARNING: Executed: [cd44c6affba781aa54e7211391473e1e, getCurrentUrl {}]
May 09, 2019 1:16:54 PM org.openqa.selenium.remote.RemoteWebDriver log
WARNING: Executing: findElement [cd44c6affba781aa54e7211391473e1e, findElement {using=class name, value=homeRoot}]
May 09, 2019 1:16:54 PM org.openqa.selenium.remote.RemoteWebDriver log
WARNING: Executed: [cd44c6affba781aa54e7211391473e1e, findElement {using=class name, value=homeRoot}]
May 09, 2019 1:16:54 PM org.openqa.selenium.remote.RemoteWebDriver log
WARNING: Executing: findElement [cd44c6affba781aa54e7211391473e1e, findElement {using=tag name, value=body}]
May 09, 2019 1:16:54 PM org.openqa.selenium.remote.RemoteWebDriver log
WARNING: Executed: [cd44c6affba781aa54e7211391473e1e, findElement {using=tag name, value=body}]
May 09, 2019 1:16:54 PM org.openqa.selenium.remote.RemoteWebDriver log
WARNING: Executing: getElementText [cd44c6affba781aa54e7211391473e1e, getElementText {id=0.606373853551007-2}]
May 09, 2019 1:16:54 PM org.openqa.selenium.remote.RemoteWebDriver log
WARNING: Executed: [cd44c6affba781aa54e7211391473e1e, getElementText {id=0.606373853551007-2}]
May 09, 2019 1:16:55 PM org.openqa.selenium.remote.RemoteWebDriver log
WARNING: Executing: findElement [cd44c6affba781aa54e7211391473e1e, findElement {using=tag name, value=body}]
May 09, 2019 1:16:55 PM org.openqa.selenium.remote.RemoteWebDriver log
WARNING: Executed: [cd44c6affba781aa54e7211391473e1e, findElement {using=tag name, value=body}]
May 09, 2019 1:16:55 PM org.openqa.selenium.remote.RemoteWebDriver log
WARNING: Executing: getElementText [cd44c6affba781aa54e7211391473e1e, getElementText {id=0.606373853551007-2}]
May 09, 2019 1:16:55 PM org.openqa.selenium.remote.RemoteWebDriver log
WARNING: Executed: [cd44c6affba781aa54e7211391473e1e, getElementText {id=0.606373853551007-2}]
May 09, 2019 1:16:55 PM org.openqa.selenium.remote.RemoteWebDriver log
WARNING: Executing: findElement [cd44c6affba781aa54e7211391473e1e, findElement {using=tag name, value=body}]
May 09, 2019 1:16:55 PM org.openqa.selenium.remote.RemoteWebDriver log
WARNING: Executed: [cd44c6affba781aa54e7211391473e1e, findElement {using=tag name, value=body}]
May 09, 2019 1:16:55 PM org.openqa.selenium.remote.RemoteWebDriver log
WARNING: Executing: getElementText [cd44c6affba781aa54e7211391473e1e, getElementText {id=0.606373853551007-2}]
May 09, 2019 1:16:56 PM org.openqa.selenium.remote.RemoteWebDriver log
WARNING: Executed: [cd44c6affba781aa54e7211391473e1e, getElementText {id=0.606373853551007-2}]
May 09, 2019 1:16:56 PM org.openqa.selenium.remote.RemoteWebDriver log
WARNING: Executing: findElement [cd44c6affba781aa54e7211391473e1e, findElement {using=tag name, value=body}]
May 09, 2019 1:16:56 PM org.openqa.selenium.remote.RemoteWebDriver log
WARNING: Executed: [cd44c6affba781aa54e7211391473e1e, findElement {using=tag name, value=body}]
May 09, 2019 1:16:56 PM org.openqa.selenium.remote.RemoteWebDriver log
WARNING: Executing: getElementText [cd44c6affba781aa54e7211391473e1e, getElementText {id=0.606373853551007-2}]
May 09, 2019 1:16:56 PM org.openqa.selenium.remote.RemoteWebDriver log
WARNING: Executed: [cd44c6affba781aa54e7211391473e1e, getElementText {id=0.606373853551007-2}]
May 09, 2019 1:16:56 PM org.openqa.selenium.remote.RemoteWebDriver log
WARNING: Executing: findElements [cd44c6affba781aa54e7211391473e1e, findElements {using=css selector, value=tr.jobsTableRow}]
May 09, 2019 1:16:56 PM org.openqa.selenium.remote.RemoteWebDriver log
WARNING: Executed: [cd44c6affba781aa54e7211391473e1e, findElements {using=css selector, value=tr.jobsTableRow}]
May 09, 2019 1:16:56 PM org.openqa.selenium.remote.RemoteWebDriver log
WARNING: Executing: isElementDisplayed [cd44c6affba781aa54e7211391473e1e, isElementDisplayed {id=0.606373853551007-7}]
May 09, 2019 1:16:56 PM org.openqa.selenium.remote.RemoteWebDriver log
WARNING: Executed: [cd44c6affba781aa54e7211391473e1e, isElementDisplayed {id=0.606373853551007-7}]
May 09, 2019 1:16:56 PM org.openqa.selenium.remote.RemoteWebDriver log
WARNING: Executing: isElementDisplayed [cd44c6affba781aa54e7211391473e1e, isElementDisplayed {id=0.606373853551007-8}]
May 09, 2019 1:16:56 PM org.openqa.selenium.remote.RemoteWebDriver log
WARNING: Executed: [cd44c6affba781aa54e7211391473e1e, isElementDisplayed {id=0.606373853551007-8}]
May 09, 2019 1:16:56 PM org.openqa.selenium.remote.RemoteWebDriver log
WARNING: Executing: isElementDisplayed [cd44c6affba781aa54e7211391473e1e, isElementDisplayed {id=0.606373853551007-9}]
May 09, 2019 1:16:56 PM org.openqa.selenium.remote.RemoteWebDriver log
WARNING: Executed: [cd44c6affba781aa54e7211391473e1e, isElementDisplayed {id=0.606373853551007-9}]
May 09, 2019 1:16:56 PM org.openqa.selenium.remote.RemoteWebDriver log
WARNING: Executing: isElementDisplayed [cd44c6affba781aa54e7211391473e1e, isElementDisplayed {id=0.606373853551007-10}]
May 09, 2019 1:16:56 PM org.openqa.selenium.remote.RemoteWebDriver log
WARNING: Executed: [cd44c6affba781aa54e7211391473e1e, isElementDisplayed {id=0.606373853551007-10}]
May 09, 2019 1:16:56 PM org.openqa.selenium.remote.RemoteWebDriver log
WARNING: Executing: isElementDisplayed [cd44c6affba781aa54e7211391473e1e, isElementDisplayed {id=0.606373853551007-11}]
May 09, 2019 1:16:57 PM org.openqa.selenium.remote.RemoteWebDriver log
WARNING: Executed: [cd44c6affba781aa54e7211391473e1e, isElementDisplayed {id=0.606373853551007-11}]
May 09, 2019 1:16:57 PM org.openqa.selenium.remote.RemoteWebDriver log
WARNING: Executing: isElementDisplayed [cd44c6affba781aa54e7211391473e1e, isElementDisplayed {id=0.606373853551007-12}]
May 09, 2019 1:16:57 PM org.openqa.selenium.remote.RemoteWebDriver log
WARNING: Executed: [cd44c6affba781aa54e7211391473e1e, isElementDisplayed {id=0.606373853551007-12}]
May 09, 2019 1:16:57 PM org.openqa.selenium.remote.RemoteWebDriver log
WARNING: Executing: isElementDisplayed [cd44c6affba781aa54e7211391473e1e, isElementDisplayed {id=0.606373853551007-13}]
May 09, 2019 1:16:57 PM org.openqa.selenium.remote.RemoteWebDriver log
WARNING: Executed: [cd44c6affba781aa54e7211391473e1e, isElementDisplayed {id=0.606373853551007-13}]
May 09, 2019 1:16:57 PM org.openqa.selenium.remote.RemoteWebDriver log
WARNING: Executing: findChildElement [cd44c6affba781aa54e7211391473e1e, findChildElement {id=0.606373853551007-7, using=css selector, value=td.jobStatusTableCell div div:first-child}]
May 09, 2019 1:16:57 PM org.openqa.selenium.remote.RemoteWebDriver log
WARNING: Executed: [cd44c6affba781aa54e7211391473e1e, findChildElement {id=0.606373853551007-7, using=css selector, value=td.jobStatusTableCell div div:first-child}]
May 09, 2019 1:16:57 PM org.openqa.selenium.remote.RemoteWebDriver log
WARNING: Executing: getElementText [cd44c6affba781aa54e7211391473e1e, getElementText {id=0.606373853551007-14}]
May 09, 2019 1:16:57 PM org.openqa.selenium.remote.RemoteWebDriver log
WARNING: Executed: [cd44c6affba781aa54e7211391473e1e, getElementText {id=0.606373853551007-14}]
May 09, 2019 1:16:57 PM org.openqa.selenium.remote.RemoteWebDriver log
WARNING: Executing: findChildElement [cd44c6affba781aa54e7211391473e1e, findChildElement {id=0.606373853551007-8, using=css selector, value=td.jobStatusTableCell div div:first-child}]
May 09, 2019 1:16:57 PM org.openqa.selenium.remote.RemoteWebDriver log
WARNING: Executed: [cd44c6affba781aa54e7211391473e1e, findChildElement {id=0.606373853551007-8, using=css selector, value=td.jobStatusTableCell div div:first-child}]
May 09, 2019 1:16:57 PM org.openqa.selenium.remote.RemoteWebDriver log
WARNING: Executing: getElementText [cd44c6affba781aa54e7211391473e1e, getElementText {id=0.606373853551007-15}]
May 09, 2019 1:16:57 PM org.openqa.selenium.remote.RemoteWebDriver log
WARNING: Executed: [cd44c6affba781aa54e7211391473e1e, getElementText {id=0.606373853551007-15}]
May 09, 2019 1:16:57 PM org.openqa.selenium.remote.RemoteWebDriver log
WARNING: Executing: findChildElement [cd44c6affba781aa54e7211391473e1e, findChildElement {id=0.606373853551007-9, using=css selector, value=td.jobStatusTableCell div div:first-child}]
May 09, 2019 1:16:57 PM org.openqa.selenium.remote.RemoteWebDriver log
WARNING: Executed: [cd44c6affba781aa54e7211391473e1e, findChildElement {id=0.606373853551007-9, using=css selector, value=td.jobStatusTableCell div div:first-child}]
May 09, 2019 1:16:57 PM org.openqa.selenium.remote.RemoteWebDriver log
WARNING: Executing: getElementText [cd44c6affba781aa54e7211391473e1e, getElementText {id=0.606373853551007-16}]
May 09, 2019 1:16:57 PM org.openqa.selenium.remote.RemoteWebDriver log
WARNING: Executed: [cd44c6affba781aa54e7211391473e1e, getElementText {id=0.606373853551007-16}]
May 09, 2019 1:16:57 PM org.openqa.selenium.remote.RemoteWebDriver log
WARNING: Executing: findChildElement [cd44c6affba781aa54e7211391473e1e, findChildElement {id=0.606373853551007-9, using=css selector, value=td div}]
May 09, 2019 1:16:57 PM org.openqa.selenium.remote.RemoteWebDriver log
WARNING: Executed: [cd44c6affba781aa54e7211391473e1e, findChildElement {id=0.606373853551007-9, using=css selector, value=td div}]
May 09, 2019 1:16:57 PM org.openqa.selenium.remote.RemoteWebDriver log
WARNING: Executing: isElementDisplayed [cd44c6affba781aa54e7211391473e1e, isElementDisplayed {id=0.606373853551007-17}]
May 09, 2019 1:16:57 PM org.openqa.selenium.remote.RemoteWebDriver log
WARNING: Executed: [cd44c6affba781aa54e7211391473e1e, isElementDisplayed {id=0.606373853551007-17}]
May 09, 2019 1:16:57 PM org.openqa.selenium.remote.RemoteWebDriver log
WARNING: Executing: getElementSize [cd44c6affba781aa54e7211391473e1e, getElementSize {id=0.606373853551007-17}]
May 09, 2019 1:16:57 PM org.openqa.selenium.remote.RemoteWebDriver log
WARNING: Executed: [cd44c6affba781aa54e7211391473e1e, getElementSize {id=0.606373853551007-17}]
May 09, 2019 1:16:57 PM org.openqa.selenium.remote.RemoteWebDriver log
WARNING: Executing: getElementSize [cd44c6affba781aa54e7211391473e1e, getElementSize {id=0.606373853551007-17}]
May 09, 2019 1:16:57 PM org.openqa.selenium.remote.RemoteWebDriver log
WARNING: Executed: [cd44c6affba781aa54e7211391473e1e, getElementSize {id=0.606373853551007-17}]
May 09, 2019 1:16:57 PM org.openqa.selenium.remote.RemoteWebDriver log
WARNING: Executing: getElementTagName [cd44c6affba781aa54e7211391473e1e, getElementTagName {id=0.606373853551007-17}]
May 09, 2019 1:16:57 PM org.openqa.selenium.remote.RemoteWebDriver log
WARNING: Executed: [cd44c6affba781aa54e7211391473e1e, getElementTagName {id=0.606373853551007-17}]
May 09, 2019 1:16:57 PM org.openqa.selenium.remote.RemoteWebDriver log
WARNING: Executing: clickElement [cd44c6affba781aa54e7211391473e1e, clickElement {id=0.606373853551007-17}]
May 09, 2019 1:16:57 PM org.openqa.selenium.remote.RemoteWebDriver log
WARNING: Executed: [cd44c6affba781aa54e7211391473e1e, clickElement {id=0.606373853551007-17}]
May 09, 2019 1:16:57 PM org.openqa.selenium.remote.RemoteWebDriver log
WARNING: Executing: getCurrentUrl [cd44c6affba781aa54e7211391473e1e, getCurrentUrl {}]
May 09, 2019 1:16:57 PM org.openqa.selenium.remote.RemoteWebDriver log
WARNING: Executed: [cd44c6affba781aa54e7211391473e1e, getCurrentUrl {}]
May 09, 2019 1:16:57 PM org.openqa.selenium.remote.RemoteWebDriver log
WARNING: Executing: findElement [cd44c6affba781aa54e7211391473e1e, findElement {using=css selector, value=div.kanban}]
May 09, 2019 1:16:57 PM org.openqa.selenium.remote.RemoteWebDriver log
WARNING: Executed: [cd44c6affba781aa54e7211391473e1e, findElement {using=css selector, value=div.kanban}]
May 09, 2019 1:16:57 PM org.openqa.selenium.remote.RemoteWebDriver log
WARNING: Executing: getCurrentUrl [cd44c6affba781aa54e7211391473e1e, getCurrentUrl {}]
May 09, 2019 1:16:57 PM org.openqa.selenium.remote.RemoteWebDriver log
WARNING: Executed: [cd44c6affba781aa54e7211391473e1e, getCurrentUrl {}]
May 09, 2019 1:16:57 PM org.openqa.selenium.remote.RemoteWebDriver log
WARNING: Executing: findElements [cd44c6affba781aa54e7211391473e1e, findElements {using=css selector, value=div[data-testcase-triage-category='FAIL'] li.kanbanColumnElementTitle}]
May 09, 2019 1:16:57 PM org.openqa.selenium.remote.RemoteWebDriver log
WARNING: Executed: [cd44c6affba781aa54e7211391473e1e, findElements {using=css selector, value=div[data-testcase-triage-category='FAIL'] li.kanbanColumnElementTitle}]
May 09, 2019 1:16:57 PM org.openqa.selenium.remote.RemoteWebDriver log
WARNING: Executing: isElementDisplayed [cd44c6affba781aa54e7211391473e1e, isElementDisplayed {id=0.606373853551007-19}]
May 09, 2019 1:16:57 PM org.openqa.selenium.remote.RemoteWebDriver log
WARNING: Executed: [cd44c6affba781aa54e7211391473e1e, isElementDisplayed {id=0.606373853551007-19}]
May 09, 2019 1:16:57 PM org.openqa.selenium.remote.RemoteWebDriver log
WARNING: Executing: isElementDisplayed [cd44c6affba781aa54e7211391473e1e, isElementDisplayed {id=0.606373853551007-20}]
May 09, 2019 1:16:57 PM org.openqa.selenium.remote.RemoteWebDriver log
WARNING: Executed: [cd44c6affba781aa54e7211391473e1e, isElementDisplayed {id=0.606373853551007-20}]
May 09, 2019 1:16:57 PM org.openqa.selenium.remote.RemoteWebDriver log
WARNING: Executing: isElementDisplayed [cd44c6affba781aa54e7211391473e1e, isElementDisplayed {id=0.606373853551007-21}]
May 09, 2019 1:16:57 PM org.openqa.selenium.remote.RemoteWebDriver log
WARNING: Executed: [cd44c6affba781aa54e7211391473e1e, isElementDisplayed {id=0.606373853551007-21}]
May 09, 2019 1:16:57 PM org.openqa.selenium.remote.RemoteWebDriver log
WARNING: Executing: isElementDisplayed [cd44c6affba781aa54e7211391473e1e, isElementDisplayed {id=0.606373853551007-22}]
May 09, 2019 1:16:57 PM org.openqa.selenium.remote.RemoteWebDriver log
WARNING: Executed: [cd44c6affba781aa54e7211391473e1e, isElementDisplayed {id=0.606373853551007-22}]
May 09, 2019 1:16:57 PM org.openqa.selenium.remote.RemoteWebDriver log
WARNING: Executing: isElementDisplayed [cd44c6affba781aa54e7211391473e1e, isElementDisplayed {id=0.606373853551007-23}]
May 09, 2019 1:16:57 PM org.openqa.selenium.remote.RemoteWebDriver log
WARNING: Executed: [cd44c6affba781aa54e7211391473e1e, isElementDisplayed {id=0.606373853551007-23}]
May 09, 2019 1:16:57 PM org.openqa.selenium.remote.RemoteWebDriver log
WARNING: Executing: isElementDisplayed [cd44c6affba781aa54e7211391473e1e, isElementDisplayed {id=0.606373853551007-24}]
May 09, 2019 1:16:57 PM org.openqa.selenium.remote.RemoteWebDriver log
WARNING: Executed: [cd44c6affba781aa54e7211391473e1e, isElementDisplayed {id=0.606373853551007-24}]
May 09, 2019 1:16:57 PM org.openqa.selenium.remote.RemoteWebDriver log
WARNING: Executing: isElementDisplayed [cd44c6affba781aa54e7211391473e1e, isElementDisplayed {id=0.606373853551007-25}]
May 09, 2019 1:16:57 PM org.openqa.selenium.remote.RemoteWebDriver log
WARNING: Executed: [cd44c6affba781aa54e7211391473e1e, isElementDisplayed {id=0.606373853551007-25}]
May 09, 2019 1:16:57 PM org.openqa.selenium.remote.RemoteWebDriver log
WARNING: Executing: isElementDisplayed [cd44c6affba781aa54e7211391473e1e, isElementDisplayed {id=0.606373853551007-26}]
May 09, 2019 1:16:57 PM org.openqa.selenium.remote.RemoteWebDriver log
WARNING: Executed: [cd44c6affba781aa54e7211391473e1e, isElementDisplayed {id=0.606373853551007-26}]
May 09, 2019 1:16:57 PM org.openqa.selenium.remote.RemoteWebDriver log
WARNING: Executing: isElementDisplayed [cd44c6affba781aa54e7211391473e1e, isElementDisplayed {id=0.606373853551007-27}]
May 09, 2019 1:16:57 PM org.openqa.selenium.remote.RemoteWebDriver log
WARNING: Executed: [cd44c6affba781aa54e7211391473e1e, isElementDisplayed {id=0.606373853551007-27}]
May 09, 2019 1:16:57 PM org.openqa.selenium.remote.RemoteWebDriver log
WARNING: Executing: isElementDisplayed [cd44c6affba781aa54e7211391473e1e, isElementDisplayed {id=0.606373853551007-28}]
May 09, 2019 1:16:57 PM org.openqa.selenium.remote.RemoteWebDriver log
WARNING: Executed: [cd44c6affba781aa54e7211391473e1e, isElementDisplayed {id=0.606373853551007-28}]
May 09, 2019 1:16:57 PM org.openqa.selenium.remote.RemoteWebDriver log
WARNING: Executing: isElementDisplayed [cd44c6affba781aa54e7211391473e1e, isElementDisplayed {id=0.606373853551007-29}]
May 09, 2019 1:16:57 PM org.openqa.selenium.remote.RemoteWebDriver log
WARNING: Executed: [cd44c6affba781aa54e7211391473e1e, isElementDisplayed {id=0.606373853551007-29}]
May 09, 2019 1:16:57 PM org.openqa.selenium.remote.RemoteWebDriver log
WARNING: Executing: isElementDisplayed [cd44c6affba781aa54e7211391473e1e, isElementDisplayed {id=0.606373853551007-30}]
May 09, 2019 1:16:57 PM org.openqa.selenium.remote.RemoteWebDriver log
WARNING: Executed: [cd44c6affba781aa54e7211391473e1e, isElementDisplayed {id=0.606373853551007-30}]
May 09, 2019 1:16:57 PM org.openqa.selenium.remote.RemoteWebDriver log
WARNING: Executing: isElementDisplayed [cd44c6affba781aa54e7211391473e1e, isElementDisplayed {id=0.606373853551007-31}]
May 09, 2019 1:16:57 PM org.openqa.selenium.remote.RemoteWebDriver log
WARNING: Executed: [cd44c6affba781aa54e7211391473e1e, isElementDisplayed {id=0.606373853551007-31}]
May 09, 2019 1:16:57 PM org.openqa.selenium.remote.RemoteWebDriver log
WARNING: Executing: isElementDisplayed [cd44c6affba781aa54e7211391473e1e, isElementDisplayed {id=0.606373853551007-32}]
May 09, 2019 1:16:57 PM org.openqa.selenium.remote.RemoteWebDriver log
WARNING: Executed: [cd44c6affba781aa54e7211391473e1e, isElementDisplayed {id=0.606373853551007-32}]
May 09, 2019 1:16:57 PM org.openqa.selenium.remote.RemoteWebDriver log
WARNING: Executing: isElementDisplayed [cd44c6affba781aa54e7211391473e1e, isElementDisplayed {id=0.606373853551007-33}]
May 09, 2019 1:16:57 PM org.openqa.selenium.remote.RemoteWebDriver log
WARNING: Executed: [cd44c6affba781aa54e7211391473e1e, isElementDisplayed {id=0.606373853551007-33}]
May 09, 2019 1:16:57 PM org.openqa.selenium.remote.RemoteWebDriver log
WARNING: Executing: isElementDisplayed [cd44c6affba781aa54e7211391473e1e, isElementDisplayed {id=0.606373853551007-34}]
May 09, 2019 1:16:57 PM org.openqa.selenium.remote.RemoteWebDriver log
WARNING: Executed: [cd44c6affba781aa54e7211391473e1e, isElementDisplayed {id=0.606373853551007-34}]
May 09, 2019 1:16:57 PM org.openqa.selenium.remote.RemoteWebDriver log
WARNING: Executing: isElementDisplayed [cd44c6affba781aa54e7211391473e1e, isElementDisplayed {id=0.606373853551007-35}]
May 09, 2019 1:16:58 PM org.openqa.selenium.remote.RemoteWebDriver log
WARNING: Executed: [cd44c6affba781aa54e7211391473e1e, isElementDisplayed {id=0.606373853551007-35}]
May 09, 2019 1:16:58 PM org.openqa.selenium.remote.RemoteWebDriver log
WARNING: Executing: isElementDisplayed [cd44c6affba781aa54e7211391473e1e, isElementDisplayed {id=0.606373853551007-36}]
May 09, 2019 1:16:58 PM org.openqa.selenium.remote.RemoteWebDriver log
WARNING: Executed: [cd44c6affba781aa54e7211391473e1e, isElementDisplayed {id=0.606373853551007-36}]
May 09, 2019 1:16:58 PM org.openqa.selenium.remote.RemoteWebDriver log
WARNING: Executing: isElementDisplayed [cd44c6affba781aa54e7211391473e1e, isElementDisplayed {id=0.606373853551007-37}]
May 09, 2019 1:16:58 PM org.openqa.selenium.remote.RemoteWebDriver log
WARNING: Executed: [cd44c6affba781aa54e7211391473e1e, isElementDisplayed {id=0.606373853551007-37}]
May 09, 2019 1:16:58 PM org.openqa.selenium.remote.RemoteWebDriver log
WARNING: Executing: isElementDisplayed [cd44c6affba781aa54e7211391473e1e, isElementDisplayed {id=0.606373853551007-38}]
May 09, 2019 1:16:58 PM org.openqa.selenium.remote.RemoteWebDriver log
WARNING: Executed: [cd44c6affba781aa54e7211391473e1e, isElementDisplayed {id=0.606373853551007-38}]
May 09, 2019 1:16:58 PM org.openqa.selenium.remote.RemoteWebDriver log
WARNING: Executing: isElementDisplayed [cd44c6affba781aa54e7211391473e1e, isElementDisplayed {id=0.606373853551007-39}]
May 09, 2019 1:16:58 PM org.openqa.selenium.remote.RemoteWebDriver log
WARNING: Executed: [cd44c6affba781aa54e7211391473e1e, isElementDisplayed {id=0.606373853551007-39}]
May 09, 2019 1:16:58 PM org.openqa.selenium.remote.RemoteWebDriver log
WARNING: Executing: isElementDisplayed [cd44c6affba781aa54e7211391473e1e, isElementDisplayed {id=0.606373853551007-40}]
May 09, 2019 1:16:58 PM org.openqa.selenium.remote.RemoteWebDriver log
WARNING: Executed: [cd44c6affba781aa54e7211391473e1e, isElementDisplayed {id=0.606373853551007-40}]
May 09, 2019 1:16:58 PM org.openqa.selenium.remote.RemoteWebDriver log
WARNING: Executing: isElementDisplayed [cd44c6affba781aa54e7211391473e1e, isElementDisplayed {id=0.606373853551007-41}]
May 09, 2019 1:16:58 PM org.openqa.selenium.remote.RemoteWebDriver log
WARNING: Executed: [cd44c6affba781aa54e7211391473e1e, isElementDisplayed {id=0.606373853551007-41}]
May 09, 2019 1:16:58 PM org.openqa.selenium.remote.RemoteWebDriver log
WARNING: Executing: isElementDisplayed [cd44c6affba781aa54e7211391473e1e, isElementDisplayed {id=0.606373853551007-42}]
May 09, 2019 1:16:58 PM org.openqa.selenium.remote.RemoteWebDriver log
WARNING: Executed: [cd44c6affba781aa54e7211391473e1e, isElementDisplayed {id=0.606373853551007-42}]
May 09, 2019 1:16:58 PM org.openqa.selenium.remote.RemoteWebDriver log
WARNING: Executing: isElementDisplayed [cd44c6affba781aa54e7211391473e1e, isElementDisplayed {id=0.606373853551007-43}]
May 09, 2019 1:16:58 PM org.openqa.selenium.remote.RemoteWebDriver log
WARNING: Executed: [cd44c6affba781aa54e7211391473e1e, isElementDisplayed {id=0.606373853551007-43}]
May 09, 2019 1:16:58 PM org.openqa.selenium.remote.RemoteWebDriver log
WARNING: Executing: isElementDisplayed [cd44c6affba781aa54e7211391473e1e, isElementDisplayed {id=0.606373853551007-44}]
May 09, 2019 1:16:58 PM org.openqa.selenium.remote.RemoteWebDriver log
WARNING: Executed: [cd44c6affba781aa54e7211391473e1e, isElementDisplayed {id=0.606373853551007-44}]
May 09, 2019 1:16:58 PM org.openqa.selenium.remote.RemoteWebDriver log
WARNING: Executing: isElementDisplayed [cd44c6affba781aa54e7211391473e1e, isElementDisplayed {id=0.606373853551007-45}]
May 09, 2019 1:16:58 PM org.openqa.selenium.remote.RemoteWebDriver log
WARNING: Executed: [cd44c6affba781aa54e7211391473e1e, isElementDisplayed {id=0.606373853551007-45}]
May 09, 2019 1:16:58 PM org.openqa.selenium.remote.RemoteWebDriver log
WARNING: Executing: isElementDisplayed [cd44c6affba781aa54e7211391473e1e, isElementDisplayed {id=0.606373853551007-46}]
May 09, 2019 1:16:58 PM org.openqa.selenium.remote.RemoteWebDriver log
WARNING: Executed: [cd44c6affba781aa54e7211391473e1e, isElementDisplayed {id=0.606373853551007-46}]
May 09, 2019 1:16:58 PM org.openqa.selenium.remote.RemoteWebDriver log
WARNING: Executing: isElementDisplayed [cd44c6affba781aa54e7211391473e1e, isElementDisplayed {id=0.606373853551007-47}]
May 09, 2019 1:16:58 PM org.openqa.selenium.remote.RemoteWebDriver log
WARNING: Executed: [cd44c6affba781aa54e7211391473e1e, isElementDisplayed {id=0.606373853551007-47}]
May 09, 2019 1:16:58 PM org.openqa.selenium.remote.RemoteWebDriver log
WARNING: Executing: isElementDisplayed [cd44c6affba781aa54e7211391473e1e, isElementDisplayed {id=0.606373853551007-48}]
May 09, 2019 1:16:58 PM org.openqa.selenium.remote.RemoteWebDriver log
WARNING: Executed: [cd44c6affba781aa54e7211391473e1e, isElementDisplayed {id=0.606373853551007-48}]
May 09, 2019 1:16:58 PM org.openqa.selenium.remote.RemoteWebDriver log
WARNING: Executing: isElementDisplayed [cd44c6affba781aa54e7211391473e1e, isElementDisplayed {id=0.606373853551007-49}]
May 09, 2019 1:16:58 PM org.openqa.selenium.remote.RemoteWebDriver log
WARNING: Executed: [cd44c6affba781aa54e7211391473e1e, isElementDisplayed {id=0.606373853551007-49}]
May 09, 2019 1:16:58 PM org.openqa.selenium.remote.RemoteWebDriver log
WARNING: Executing: isElementDisplayed [cd44c6affba781aa54e7211391473e1e, isElementDisplayed {id=0.606373853551007-50}]
May 09, 2019 1:16:58 PM org.openqa.selenium.remote.RemoteWebDriver log
WARNING: Executed: [cd44c6affba781aa54e7211391473e1e, isElementDisplayed {id=0.606373853551007-50}]
May 09, 2019 1:16:58 PM org.openqa.selenium.remote.RemoteWebDriver log
WARNING: Executing: isElementDisplayed [cd44c6affba781aa54e7211391473e1e, isElementDisplayed {id=0.606373853551007-51}]
May 09, 2019 1:16:58 PM org.openqa.selenium.remote.RemoteWebDriver log
WARNING: Executed: [cd44c6affba781aa54e7211391473e1e, isElementDisplayed {id=0.606373853551007-51}]
May 09, 2019 1:16:58 PM org.openqa.selenium.remote.RemoteWebDriver log
WARNING: Executing: isElementDisplayed [cd44c6affba781aa54e7211391473e1e, isElementDisplayed {id=0.606373853551007-52}]
May 09, 2019 1:16:58 PM org.openqa.selenium.remote.RemoteWebDriver log
WARNING: Executed: [cd44c6affba781aa54e7211391473e1e, isElementDisplayed {id=0.606373853551007-52}]
May 09, 2019 1:16:58 PM org.openqa.selenium.remote.RemoteWebDriver log
WARNING: Executing: isElementDisplayed [cd44c6affba781aa54e7211391473e1e, isElementDisplayed {id=0.606373853551007-53}]
May 09, 2019 1:16:58 PM org.openqa.selenium.remote.RemoteWebDriver log
WARNING: Executed: [cd44c6affba781aa54e7211391473e1e, isElementDisplayed {id=0.606373853551007-53}]
May 09, 2019 1:16:58 PM org.openqa.selenium.remote.RemoteWebDriver log
WARNING: Executing: isElementDisplayed [cd44c6affba781aa54e7211391473e1e, isElementDisplayed {id=0.606373853551007-54}]
May 09, 2019 1:16:58 PM org.openqa.selenium.remote.RemoteWebDriver log
WARNING: Executed: [cd44c6affba781aa54e7211391473e1e, isElementDisplayed {id=0.606373853551007-54}]
May 09, 2019 1:16:58 PM org.openqa.selenium.remote.RemoteWebDriver log
WARNING: Executing: isElementDisplayed [cd44c6affba781aa54e7211391473e1e, isElementDisplayed {id=0.606373853551007-55}]
May 09, 2019 1:16:58 PM org.openqa.selenium.remote.RemoteWebDriver log
WARNING: Executed: [cd44c6affba781aa54e7211391473e1e, isElementDisplayed {id=0.606373853551007-55}]
May 09, 2019 1:16:58 PM org.openqa.selenium.remote.RemoteWebDriver log
WARNING: Executing: isElementDisplayed [cd44c6affba781aa54e7211391473e1e, isElementDisplayed {id=0.606373853551007-56}]
May 09, 2019 1:16:58 PM org.openqa.selenium.remote.RemoteWebDriver log
WARNING: Executed: [cd44c6affba781aa54e7211391473e1e, isElementDisplayed {id=0.606373853551007-56}]
May 09, 2019 1:16:58 PM org.openqa.selenium.remote.RemoteWebDriver log
WARNING: Executing: isElementDisplayed [cd44c6affba781aa54e7211391473e1e, isElementDisplayed {id=0.606373853551007-57}]
May 09, 2019 1:16:58 PM org.openqa.selenium.remote.RemoteWebDriver log
WARNING: Executed: [cd44c6affba781aa54e7211391473e1e, isElementDisplayed {id=0.606373853551007-57}]
May 09, 2019 1:16:58 PM org.openqa.selenium.remote.RemoteWebDriver log
WARNING: Executing: isElementDisplayed [cd44c6affba781aa54e7211391473e1e, isElementDisplayed {id=0.606373853551007-58}]
May 09, 2019 1:16:58 PM org.openqa.selenium.remote.RemoteWebDriver log
WARNING: Executed: [cd44c6affba781aa54e7211391473e1e, isElementDisplayed {id=0.606373853551007-58}]
May 09, 2019 1:16:58 PM org.openqa.selenium.remote.RemoteWebDriver log
WARNING: Executing: isElementDisplayed [cd44c6affba781aa54e7211391473e1e, isElementDisplayed {id=0.606373853551007-59}]
May 09, 2019 1:16:58 PM org.openqa.selenium.remote.RemoteWebDriver log
WARNING: Executed: [cd44c6affba781aa54e7211391473e1e, isElementDisplayed {id=0.606373853551007-59}]
May 09, 2019 1:16:58 PM org.openqa.selenium.remote.RemoteWebDriver log
WARNING: Executing: isElementDisplayed [cd44c6affba781aa54e7211391473e1e, isElementDisplayed {id=0.606373853551007-60}]
May 09, 2019 1:16:58 PM org.openqa.selenium.remote.RemoteWebDriver log
WARNING: Executed: [cd44c6affba781aa54e7211391473e1e, isElementDisplayed {id=0.606373853551007-60}]
May 09, 2019 1:16:58 PM org.openqa.selenium.remote.RemoteWebDriver log
WARNING: Executing: isElementDisplayed [cd44c6affba781aa54e7211391473e1e, isElementDisplayed {id=0.606373853551007-61}]
May 09, 2019 1:16:58 PM org.openqa.selenium.remote.RemoteWebDriver log
WARNING: Executed: [cd44c6affba781aa54e7211391473e1e, isElementDisplayed {id=0.606373853551007-61}]
May 09, 2019 1:16:58 PM org.openqa.selenium.remote.RemoteWebDriver log
WARNING: Executing: isElementDisplayed [cd44c6affba781aa54e7211391473e1e, isElementDisplayed {id=0.606373853551007-62}]
May 09, 2019 1:16:58 PM org.openqa.selenium.remote.RemoteWebDriver log
WARNING: Executed: [cd44c6affba781aa54e7211391473e1e, isElementDisplayed {id=0.606373853551007-62}]
May 09, 2019 1:16:58 PM org.openqa.selenium.remote.RemoteWebDriver log
WARNING: Executing: isElementDisplayed [cd44c6affba781aa54e7211391473e1e, isElementDisplayed {id=0.606373853551007-63}]
May 09, 2019 1:16:58 PM org.openqa.selenium.remote.RemoteWebDriver log
WARNING: Executed: [cd44c6affba781aa54e7211391473e1e, isElementDisplayed {id=0.606373853551007-63}]
May 09, 2019 1:16:58 PM org.openqa.selenium.remote.RemoteWebDriver log
WARNING: Executing: isElementDisplayed [cd44c6affba781aa54e7211391473e1e, isElementDisplayed {id=0.606373853551007-64}]
May 09, 2019 1:16:58 PM org.openqa.selenium.remote.RemoteWebDriver log
WARNING: Executed: [cd44c6affba781aa54e7211391473e1e, isElementDisplayed {id=0.606373853551007-64}]
May 09, 2019 1:16:58 PM org.openqa.selenium.remote.RemoteWebDriver log
WARNING: Executing: isElementDisplayed [cd44c6affba781aa54e7211391473e1e, isElementDisplayed {id=0.606373853551007-65}]
May 09, 2019 1:16:58 PM org.openqa.selenium.remote.RemoteWebDriver log
WARNING: Executed: [cd44c6affba781aa54e7211391473e1e, isElementDisplayed {id=0.606373853551007-65}]
May 09, 2019 1:16:58 PM org.openqa.selenium.remote.RemoteWebDriver log
WARNING: Executing: isElementDisplayed [cd44c6affba781aa54e7211391473e1e, isElementDisplayed {id=0.606373853551007-66}]
May 09, 2019 1:16:58 PM org.openqa.selenium.remote.RemoteWebDriver log
WARNING: Executed: [cd44c6affba781aa54e7211391473e1e, isElementDisplayed {id=0.606373853551007-66}]
May 09, 2019 1:16:58 PM org.openqa.selenium.remote.RemoteWebDriver log
WARNING: Executing: isElementDisplayed [cd44c6affba781aa54e7211391473e1e, isElementDisplayed {id=0.606373853551007-67}]
May 09, 2019 1:16:58 PM org.openqa.selenium.remote.RemoteWebDriver log
WARNING: Executed: [cd44c6affba781aa54e7211391473e1e, isElementDisplayed {id=0.606373853551007-67}]
May 09, 2019 1:16:58 PM org.openqa.selenium.remote.RemoteWebDriver log
WARNING: Executing: isElementDisplayed [cd44c6affba781aa54e7211391473e1e, isElementDisplayed {id=0.606373853551007-68}]
May 09, 2019 1:16:58 PM org.openqa.selenium.remote.RemoteWebDriver log
WARNING: Executed: [cd44c6affba781aa54e7211391473e1e, isElementDisplayed {id=0.606373853551007-68}]
May 09, 2019 1:16:58 PM org.openqa.selenium.remote.RemoteWebDriver log
WARNING: Executing: isElementDisplayed [cd44c6affba781aa54e7211391473e1e, isElementDisplayed {id=0.606373853551007-69}]
May 09, 2019 1:16:58 PM org.openqa.selenium.remote.RemoteWebDriver log
WARNING: Executed: [cd44c6affba781aa54e7211391473e1e, isElementDisplayed {id=0.606373853551007-69}]
May 09, 2019 1:16:58 PM org.openqa.selenium.remote.RemoteWebDriver log
WARNING: Executing: isElementDisplayed [cd44c6affba781aa54e7211391473e1e, isElementDisplayed {id=0.606373853551007-70}]
May 09, 2019 1:16:58 PM org.openqa.selenium.remote.RemoteWebDriver log
WARNING: Executed: [cd44c6affba781aa54e7211391473e1e, isElementDisplayed {id=0.606373853551007-70}]
May 09, 2019 1:16:58 PM org.openqa.selenium.remote.RemoteWebDriver log
WARNING: Executing: getElementText [cd44c6affba781aa54e7211391473e1e, getElementText {id=0.606373853551007-19}]
May 09, 2019 1:16:58 PM org.openqa.selenium.remote.RemoteWebDriver log
WARNING: Executed: [cd44c6affba781aa54e7211391473e1e, getElementText {id=0.606373853551007-19}]
May 09, 2019 1:16:58 PM org.openqa.selenium.remote.RemoteWebDriver log
WARNING: Executing: findElement [cd44c6affba781aa54e7211391473e1e, findElement {using=tag name, value=body}]
May 09, 2019 1:16:58 PM org.openqa.selenium.remote.RemoteWebDriver log
WARNING: Executed: [cd44c6affba781aa54e7211391473e1e, findElement {using=tag name, value=body}]
May 09, 2019 1:16:58 PM org.openqa.selenium.remote.RemoteWebDriver log
WARNING: Executing: getElementText [cd44c6affba781aa54e7211391473e1e, getElementText {id=0.606373853551007-2}]
May 09, 2019 1:16:59 PM org.openqa.selenium.remote.RemoteWebDriver log
WARNING: Executed: [cd44c6affba781aa54e7211391473e1e, getElementText {id=0.606373853551007-2}]
May 09, 2019 1:17:00 PM org.openqa.selenium.remote.RemoteWebDriver log
WARNING: Executing: findElement [cd44c6affba781aa54e7211391473e1e, findElement {using=tag name, value=body}]
May 09, 2019 1:17:00 PM org.openqa.selenium.remote.RemoteWebDriver log
WARNING: Executed: [cd44c6affba781aa54e7211391473e1e, findElement {using=tag name, value=body}]
May 09, 2019 1:17:00 PM org.openqa.selenium.remote.RemoteWebDriver log
WARNING: Executing: getElementText [cd44c6affba781aa54e7211391473e1e, getElementText {id=0.606373853551007-2}]
May 09, 2019 1:17:00 PM org.openqa.selenium.remote.RemoteWebDriver log
WARNING: Executed: [cd44c6affba781aa54e7211391473e1e, getElementText {id=0.606373853551007-2}]
May 09, 2019 1:17:00 PM org.openqa.selenium.remote.RemoteWebDriver log
WARNING: Executing: findElements [cd44c6affba781aa54e7211391473e1e, findElements {using=css selector, value=div[data-testcase-triage-category='FAIL'] li.kanbanColumnElementTitle}]
May 09, 2019 1:17:01 PM org.openqa.selenium.remote.RemoteWebDriver log
WARNING: Executed: [cd44c6affba781aa54e7211391473e1e, findElements {using=css selector, value=div[data-testcase-triage-category='FAIL'] li.kanbanColumnElementTitle}]
May 09, 2019 1:17:01 PM org.openqa.selenium.remote.RemoteWebDriver log
WARNING: Executing: getElementText [cd44c6affba781aa54e7211391473e1e, getElementText {id=0.606373853551007-19}]
May 09, 2019 1:17:01 PM org.openqa.selenium.remote.RemoteWebDriver log
WARNING: Executed: [cd44c6affba781aa54e7211391473e1e, getElementText {id=0.606373853551007-19}]
May 09, 2019 1:17:01 PM org.openqa.selenium.remote.RemoteWebDriver log
WARNING: Executing: clickElement [cd44c6affba781aa54e7211391473e1e, clickElement {id=0.606373853551007-19}]
May 09, 2019 1:17:01 PM org.openqa.selenium.remote.RemoteWebDriver log
WARNING: Executed: [cd44c6affba781aa54e7211391473e1e, clickElement {id=0.606373853551007-19}]
May 09, 2019 1:17:01 PM org.openqa.selenium.remote.RemoteWebDriver log
WARNING: Executing: getCurrentUrl [cd44c6affba781aa54e7211391473e1e, getCurrentUrl {}]
May 09, 2019 1:17:01 PM org.openqa.selenium.remote.RemoteWebDriver log
WARNING: Executed: [cd44c6affba781aa54e7211391473e1e, getCurrentUrl {}]
May 09, 2019 1:17:01 PM org.openqa.selenium.remote.RemoteWebDriver log
WARNING: Executing: findElement [cd44c6affba781aa54e7211391473e1e, findElement {using=class name, value=homeRoot}]
May 09, 2019 1:17:01 PM org.openqa.selenium.remote.RemoteWebDriver log
WARNING: Executed: [cd44c6affba781aa54e7211391473e1e, findElement {using=class name, value=homeRoot}]
May 09, 2019 1:17:01 PM org.openqa.selenium.remote.RemoteWebDriver log
WARNING: Executing: findElement [cd44c6affba781aa54e7211391473e1e, findElement {using=xpath, value=//div[starts-with(text(), 'Automatic')]}]
May 09, 2019 1:17:01 PM org.openqa.selenium.remote.RemoteWebDriver log
WARNING: Executed: [cd44c6affba781aa54e7211391473e1e, findElement {using=xpath, value=//div[starts-with(text(), 'Automatic')]}]
May 09, 2019 1:17:01 PM org.openqa.selenium.remote.RemoteWebDriver log
WARNING: Executing: isElementDisplayed [cd44c6affba781aa54e7211391473e1e, isElementDisplayed {id=0.606373853551007-71}]
May 09, 2019 1:17:01 PM org.openqa.selenium.remote.RemoteWebDriver log
WARNING: Executed: [cd44c6affba781aa54e7211391473e1e, isElementDisplayed {id=0.606373853551007-71}]
May 09, 2019 1:17:01 PM org.openqa.selenium.remote.RemoteWebDriver log
WARNING: Executing: isElementEnabled [cd44c6affba781aa54e7211391473e1e, isElementEnabled {id=0.606373853551007-71}]
May 09, 2019 1:17:01 PM org.openqa.selenium.remote.RemoteWebDriver log
WARNING: Executed: [cd44c6affba781aa54e7211391473e1e, isElementEnabled {id=0.606373853551007-71}]
May 09, 2019 1:17:01 PM org.openqa.selenium.remote.RemoteWebDriver log
WARNING: Executing: clickElement [cd44c6affba781aa54e7211391473e1e, clickElement {id=0.606373853551007-71}]
May 09, 2019 1:17:01 PM org.openqa.selenium.remote.RemoteWebDriver log
WARNING: Executed: [cd44c6affba781aa54e7211391473e1e, clickElement {id=0.606373853551007-71}]
May 09, 2019 1:17:01 PM org.openqa.selenium.remote.RemoteWebDriver log
WARNING: Executing: findElements [cd44c6affba781aa54e7211391473e1e, findElements {using=css selector, value=li[data-value='MEDIUM']}]
May 09, 2019 1:17:01 PM org.openqa.selenium.remote.RemoteWebDriver log
WARNING: Executed: [cd44c6affba781aa54e7211391473e1e, findElements {using=css selector, value=li[data-value='MEDIUM']}]
May 09, 2019 1:17:01 PM org.openqa.selenium.remote.RemoteWebDriver log
WARNING: Executing: isElementDisplayed [cd44c6affba781aa54e7211391473e1e, isElementDisplayed {id=0.606373853551007-72}]
May 09, 2019 1:17:01 PM org.openqa.selenium.remote.RemoteWebDriver log
WARNING: Executed: [cd44c6affba781aa54e7211391473e1e, isElementDisplayed {id=0.606373853551007-72}]
May 09, 2019 1:17:01 PM org.openqa.selenium.remote.RemoteWebDriver log
WARNING: Executing: getElementSize [cd44c6affba781aa54e7211391473e1e, getElementSize {id=0.606373853551007-72}]
May 09, 2019 1:17:01 PM org.openqa.selenium.remote.RemoteWebDriver log
WARNING: Executed: [cd44c6affba781aa54e7211391473e1e, getElementSize {id=0.606373853551007-72}]
May 09, 2019 1:17:01 PM org.openqa.selenium.remote.RemoteWebDriver log
WARNING: Executing: getElementSize [cd44c6affba781aa54e7211391473e1e, getElementSize {id=0.606373853551007-72}]
May 09, 2019 1:17:01 PM org.openqa.selenium.remote.RemoteWebDriver log
WARNING: Executed: [cd44c6affba781aa54e7211391473e1e, getElementSize {id=0.606373853551007-72}]
May 09, 2019 1:17:01 PM org.openqa.selenium.remote.RemoteWebDriver log
WARNING: Executing: findElement [cd44c6affba781aa54e7211391473e1e, findElement {using=css selector, value=li[data-value='MEDIUM']}]
May 09, 2019 1:17:01 PM org.openqa.selenium.remote.RemoteWebDriver log
WARNING: Executed: [cd44c6affba781aa54e7211391473e1e, findElement {using=css selector, value=li[data-value='MEDIUM']}]
May 09, 2019 1:17:01 PM org.openqa.selenium.remote.RemoteWebDriver log
WARNING: Executing: isElementDisplayed [cd44c6affba781aa54e7211391473e1e, isElementDisplayed {id=0.606373853551007-72}]
May 09, 2019 1:17:01 PM org.openqa.selenium.remote.RemoteWebDriver log
WARNING: Executed: [cd44c6affba781aa54e7211391473e1e, isElementDisplayed {id=0.606373853551007-72}]
May 09, 2019 1:17:01 PM org.openqa.selenium.remote.RemoteWebDriver log
WARNING: Executing: isElementEnabled [cd44c6affba781aa54e7211391473e1e, isElementEnabled {id=0.606373853551007-72}]
May 09, 2019 1:17:01 PM org.openqa.selenium.remote.RemoteWebDriver log
WARNING: Executed: [cd44c6affba781aa54e7211391473e1e, isElementEnabled {id=0.606373853551007-72}]
May 09, 2019 1:17:01 PM org.openqa.selenium.remote.RemoteWebDriver log
WARNING: Executing: clickElement [cd44c6affba781aa54e7211391473e1e, clickElement {id=0.606373853551007-72}]
May 09, 2019 1:17:01 PM org.openqa.selenium.remote.RemoteWebDriver log
WARNING: Executed: [cd44c6affba781aa54e7211391473e1e, clickElement {id=0.606373853551007-72}]
May 09, 2019 1:17:01 PM org.openqa.selenium.remote.RemoteWebDriver log
WARNING: Executing: findElement [cd44c6affba781aa54e7211391473e1e, findElement {using=tag name, value=body}]
May 09, 2019 1:17:01 PM org.openqa.selenium.remote.RemoteWebDriver log
WARNING: Executed: [cd44c6affba781aa54e7211391473e1e, findElement {using=tag name, value=body}]
May 09, 2019 1:17:01 PM org.openqa.selenium.remote.RemoteWebDriver log
WARNING: Executing: getElementText [cd44c6affba781aa54e7211391473e1e, getElementText {id=0.606373853551007-2}]
May 09, 2019 1:17:02 PM org.openqa.selenium.remote.RemoteWebDriver log
WARNING: Executed: [cd44c6affba781aa54e7211391473e1e, getElementText {id=0.606373853551007-2}]
May 09, 2019 1:17:02 PM org.openqa.selenium.remote.RemoteWebDriver log
WARNING: Executing: findElement [cd44c6affba781aa54e7211391473e1e, findElement {using=tag name, value=body}]
May 09, 2019 1:17:02 PM org.openqa.selenium.remote.RemoteWebDriver log
WARNING: Executed: [cd44c6affba781aa54e7211391473e1e, findElement {using=tag name, value=body}]
May 09, 2019 1:17:02 PM org.openqa.selenium.remote.RemoteWebDriver log
WARNING: Executing: getElementText [cd44c6affba781aa54e7211391473e1e, getElementText {id=0.606373853551007-2}]
May 09, 2019 1:17:03 PM org.openqa.selenium.remote.RemoteWebDriver log
WARNING: Executed: [cd44c6affba781aa54e7211391473e1e, getElementText {id=0.606373853551007-2}]
May 09, 2019 1:17:03 PM org.openqa.selenium.remote.RemoteWebDriver log
WARNING: Executing: findElement [cd44c6affba781aa54e7211391473e1e, findElement {using=tag name, value=body}]
May 09, 2019 1:17:03 PM org.openqa.selenium.remote.RemoteWebDriver log
WARNING: Executed: [cd44c6affba781aa54e7211391473e1e, findElement {using=tag name, value=body}]
May 09, 2019 1:17:03 PM org.openqa.selenium.remote.RemoteWebDriver log
WARNING: Executing: getElementText [cd44c6affba781aa54e7211391473e1e, getElementText {id=0.606373853551007-2}]
May 09, 2019 1:17:03 PM org.openqa.selenium.remote.RemoteWebDriver log
WARNING: Executed: [cd44c6affba781aa54e7211391473e1e, getElementText {id=0.606373853551007-2}]
May 09, 2019 1:17:04 PM org.openqa.selenium.remote.RemoteWebDriver log
WARNING: Executing: findElement [cd44c6affba781aa54e7211391473e1e, findElement {using=tag name, value=body}]
May 09, 2019 1:17:04 PM org.openqa.selenium.remote.RemoteWebDriver log
WARNING: Executed: [cd44c6affba781aa54e7211391473e1e, findElement {using=tag name, value=body}]
May 09, 2019 1:17:04 PM org.openqa.selenium.remote.RemoteWebDriver log
WARNING: Executing: getElementText [cd44c6affba781aa54e7211391473e1e, getElementText {id=0.606373853551007-2}]
May 09, 2019 1:17:04 PM org.openqa.selenium.remote.RemoteWebDriver log
WARNING: Executed: [cd44c6affba781aa54e7211391473e1e, getElementText {id=0.606373853551007-2}]
May 09, 2019 1:17:04 PM org.openqa.selenium.remote.RemoteWebDriver log
WARNING: Executing: findElement [cd44c6affba781aa54e7211391473e1e, findElement {using=css selector, value=button#triage}]
May 09, 2019 1:17:04 PM org.openqa.selenium.remote.RemoteWebDriver log
WARNING: Executed: [cd44c6affba781aa54e7211391473e1e, findElement {using=css selector, value=button#triage}]
May 09, 2019 1:17:04 PM org.openqa.selenium.remote.RemoteWebDriver log
WARNING: Executing: isElementDisplayed [cd44c6affba781aa54e7211391473e1e, isElementDisplayed {id=0.606373853551007-73}]
May 09, 2019 1:17:04 PM org.openqa.selenium.remote.RemoteWebDriver log
WARNING: Executed: [cd44c6affba781aa54e7211391473e1e, isElementDisplayed {id=0.606373853551007-73}]
May 09, 2019 1:17:04 PM org.openqa.selenium.remote.RemoteWebDriver log
WARNING: Executing: isElementEnabled [cd44c6affba781aa54e7211391473e1e, isElementEnabled {id=0.606373853551007-73}]
May 09, 2019 1:17:04 PM org.openqa.selenium.remote.RemoteWebDriver log
WARNING: Executed: [cd44c6affba781aa54e7211391473e1e, isElementEnabled {id=0.606373853551007-73}]
May 09, 2019 1:17:05 PM org.openqa.selenium.remote.RemoteWebDriver log
WARNING: Executing: findElement [cd44c6affba781aa54e7211391473e1e, findElement {using=css selector, value=button#triage}]
May 09, 2019 1:17:05 PM org.openqa.selenium.remote.RemoteWebDriver log
WARNING: Executed: [cd44c6affba781aa54e7211391473e1e, findElement {using=css selector, value=button#triage}]
May 09, 2019 1:17:05 PM org.openqa.selenium.remote.RemoteWebDriver log
WARNING: Executing: isElementDisplayed [cd44c6affba781aa54e7211391473e1e, isElementDisplayed {id=0.606373853551007-73}]
May 09, 2019 1:17:05 PM org.openqa.selenium.remote.RemoteWebDriver log
WARNING: Executed: [cd44c6affba781aa54e7211391473e1e, isElementDisplayed {id=0.606373853551007-73}]
May 09, 2019 1:17:05 PM org.openqa.selenium.remote.RemoteWebDriver log
WARNING: Executing: isElementEnabled [cd44c6affba781aa54e7211391473e1e, isElementEnabled {id=0.606373853551007-73}]
May 09, 2019 1:17:05 PM org.openqa.selenium.remote.RemoteWebDriver log
WARNING: Executed: [cd44c6affba781aa54e7211391473e1e, isElementEnabled {id=0.606373853551007-73}]
May 09, 2019 1:17:05 PM org.openqa.selenium.remote.RemoteWebDriver log
WARNING: Executing: findElement [cd44c6affba781aa54e7211391473e1e, findElement {using=css selector, value=button#triage}]
May 09, 2019 1:17:05 PM org.openqa.selenium.remote.RemoteWebDriver log
WARNING: Executed: [cd44c6affba781aa54e7211391473e1e, findElement {using=css selector, value=button#triage}]
May 09, 2019 1:17:05 PM org.openqa.selenium.remote.RemoteWebDriver log
WARNING: Executing: isElementDisplayed [cd44c6affba781aa54e7211391473e1e, isElementDisplayed {id=0.606373853551007-73}]
May 09, 2019 1:17:05 PM org.openqa.selenium.remote.RemoteWebDriver log
WARNING: Executed: [cd44c6affba781aa54e7211391473e1e, isElementDisplayed {id=0.606373853551007-73}]
May 09, 2019 1:17:05 PM org.openqa.selenium.remote.RemoteWebDriver log
WARNING: Executing: isElementEnabled [cd44c6affba781aa54e7211391473e1e, isElementEnabled {id=0.606373853551007-73}]
May 09, 2019 1:17:05 PM org.openqa.selenium.remote.RemoteWebDriver log
WARNING: Executed: [cd44c6affba781aa54e7211391473e1e, isElementEnabled {id=0.606373853551007-73}]
May 09, 2019 1:17:06 PM org.openqa.selenium.remote.RemoteWebDriver log
WARNING: Executing: findElement [cd44c6affba781aa54e7211391473e1e, findElement {using=css selector, value=button#triage}]
May 09, 2019 1:17:06 PM org.openqa.selenium.remote.RemoteWebDriver log
WARNING: Executed: [cd44c6affba781aa54e7211391473e1e, findElement {using=css selector, value=button#triage}]
May 09, 2019 1:17:06 PM org.openqa.selenium.remote.RemoteWebDriver log
WARNING: Executing: isElementDisplayed [cd44c6affba781aa54e7211391473e1e, isElementDisplayed {id=0.606373853551007-73}]
May 09, 2019 1:17:06 PM org.openqa.selenium.remote.RemoteWebDriver log
WARNING: Executed: [cd44c6affba781aa54e7211391473e1e, isElementDisplayed {id=0.606373853551007-73}]
May 09, 2019 1:17:06 PM org.openqa.selenium.remote.RemoteWebDriver log
WARNING: Executing: isElementEnabled [cd44c6affba781aa54e7211391473e1e, isElementEnabled {id=0.606373853551007-73}]
May 09, 2019 1:17:06 PM org.openqa.selenium.remote.RemoteWebDriver log
WARNING: Executed: [cd44c6affba781aa54e7211391473e1e, isElementEnabled {id=0.606373853551007-73}]
May 09, 2019 1:17:06 PM org.openqa.selenium.remote.RemoteWebDriver log
WARNING: Executing: findElement [cd44c6affba781aa54e7211391473e1e, findElement {using=css selector, value=button#triage}]
May 09, 2019 1:17:06 PM org.openqa.selenium.remote.RemoteWebDriver log
WARNING: Executed: [cd44c6affba781aa54e7211391473e1e, findElement {using=css selector, value=button#triage}]
May 09, 2019 1:17:06 PM org.openqa.selenium.remote.RemoteWebDriver log
WARNING: Executing: isElementDisplayed [cd44c6affba781aa54e7211391473e1e, isElementDisplayed {id=0.606373853551007-73}]
May 09, 2019 1:17:06 PM org.openqa.selenium.remote.RemoteWebDriver log
WARNING: Executed: [cd44c6affba781aa54e7211391473e1e, isElementDisplayed {id=0.606373853551007-73}]
May 09, 2019 1:17:06 PM org.openqa.selenium.remote.RemoteWebDriver log
WARNING: Executing: isElementEnabled [cd44c6affba781aa54e7211391473e1e, isElementEnabled {id=0.606373853551007-73}]
May 09, 2019 1:17:06 PM org.openqa.selenium.remote.RemoteWebDriver log
WARNING: Executed: [cd44c6affba781aa54e7211391473e1e, isElementEnabled {id=0.606373853551007-73}]
May 09, 2019 1:17:07 PM org.openqa.selenium.remote.RemoteWebDriver log
WARNING: Executing: findElement [cd44c6affba781aa54e7211391473e1e, findElement {using=css selector, value=button#triage}]
May 09, 2019 1:17:07 PM org.openqa.selenium.remote.RemoteWebDriver log
WARNING: Executed: [cd44c6affba781aa54e7211391473e1e, findElement {using=css selector, value=button#triage}]
May 09, 2019 1:17:07 PM org.openqa.selenium.remote.RemoteWebDriver log
WARNING: Executing: isElementDisplayed [cd44c6affba781aa54e7211391473e1e, isElementDisplayed {id=0.606373853551007-73}]
May 09, 2019 1:17:07 PM org.openqa.selenium.remote.RemoteWebDriver log
WARNING: Executed: [cd44c6affba781aa54e7211391473e1e, isElementDisplayed {id=0.606373853551007-73}]
May 09, 2019 1:17:07 PM org.openqa.selenium.remote.RemoteWebDriver log
WARNING: Executing: isElementEnabled [cd44c6affba781aa54e7211391473e1e, isElementEnabled {id=0.606373853551007-73}]
May 09, 2019 1:17:07 PM org.openqa.selenium.remote.RemoteWebDriver log
WARNING: Executed: [cd44c6affba781aa54e7211391473e1e, isElementEnabled {id=0.606373853551007-73}]
May 09, 2019 1:17:08 PM org.openqa.selenium.remote.RemoteWebDriver log
WARNING: Executing: findElement [cd44c6affba781aa54e7211391473e1e, findElement {using=css selector, value=button#triage}]
May 09, 2019 1:17:08 PM org.openqa.selenium.remote.RemoteWebDriver log
WARNING: Executed: [cd44c6affba781aa54e7211391473e1e, findElement {using=css selector, value=button#triage}]
May 09, 2019 1:17:08 PM org.openqa.selenium.remote.RemoteWebDriver log
WARNING: Executing: isElementDisplayed [cd44c6affba781aa54e7211391473e1e, isElementDisplayed {id=0.606373853551007-73}]
May 09, 2019 1:17:08 PM org.openqa.selenium.remote.RemoteWebDriver log
WARNING: Executed: [cd44c6affba781aa54e7211391473e1e, isElementDisplayed {id=0.606373853551007-73}]
May 09, 2019 1:17:08 PM org.openqa.selenium.remote.RemoteWebDriver log
WARNING: Executing: isElementEnabled [cd44c6affba781aa54e7211391473e1e, isElementEnabled {id=0.606373853551007-73}]
May 09, 2019 1:17:08 PM org.openqa.selenium.remote.RemoteWebDriver log
WARNING: Executed: [cd44c6affba781aa54e7211391473e1e, isElementEnabled {id=0.606373853551007-73}]
May 09, 2019 1:17:08 PM org.openqa.selenium.remote.RemoteWebDriver log
WARNING: Executing: findElement [cd44c6affba781aa54e7211391473e1e, findElement {using=css selector, value=button#triage}]
May 09, 2019 1:17:08 PM org.openqa.selenium.remote.RemoteWebDriver log
WARNING: Executed: [cd44c6affba781aa54e7211391473e1e, findElement {using=css selector, value=button#triage}]
May 09, 2019 1:17:08 PM org.openqa.selenium.remote.RemoteWebDriver log
WARNING: Executing: isElementDisplayed [cd44c6affba781aa54e7211391473e1e, isElementDisplayed {id=0.606373853551007-73}]
May 09, 2019 1:17:08 PM org.openqa.selenium.remote.RemoteWebDriver log
WARNING: Executed: [cd44c6affba781aa54e7211391473e1e, isElementDisplayed {id=0.606373853551007-73}]
May 09, 2019 1:17:08 PM org.openqa.selenium.remote.RemoteWebDriver log
WARNING: Executing: isElementEnabled [cd44c6affba781aa54e7211391473e1e, isElementEnabled {id=0.606373853551007-73}]
May 09, 2019 1:17:08 PM org.openqa.selenium.remote.RemoteWebDriver log
WARNING: Executed: [cd44c6affba781aa54e7211391473e1e, isElementEnabled {id=0.606373853551007-73}]
May 09, 2019 1:17:09 PM org.openqa.selenium.remote.RemoteWebDriver log
WARNING: Executing: findElement [cd44c6affba781aa54e7211391473e1e, findElement {using=css selector, value=button#triage}]
May 09, 2019 1:17:09 PM org.openqa.selenium.remote.RemoteWebDriver log
WARNING: Executed: [cd44c6affba781aa54e7211391473e1e, findElement {using=css selector, value=button#triage}]
May 09, 2019 1:17:09 PM org.openqa.selenium.remote.RemoteWebDriver log
WARNING: Executing: isElementDisplayed [cd44c6affba781aa54e7211391473e1e, isElementDisplayed {id=0.606373853551007-73}]
May 09, 2019 1:17:09 PM org.openqa.selenium.remote.RemoteWebDriver log
WARNING: Executed: [cd44c6affba781aa54e7211391473e1e, isElementDisplayed {id=0.606373853551007-73}]
May 09, 2019 1:17:09 PM org.openqa.selenium.remote.RemoteWebDriver log
WARNING: Executing: isElementEnabled [cd44c6affba781aa54e7211391473e1e, isElementEnabled {id=0.606373853551007-73}]
May 09, 2019 1:17:09 PM org.openqa.selenium.remote.RemoteWebDriver log
WARNING: Executed: [cd44c6affba781aa54e7211391473e1e, isElementEnabled {id=0.606373853551007-73}]
May 09, 2019 1:17:09 PM org.openqa.selenium.remote.RemoteWebDriver log
WARNING: Executing: findElement [cd44c6affba781aa54e7211391473e1e, findElement {using=css selector, value=button#triage}]
May 09, 2019 1:17:09 PM org.openqa.selenium.remote.RemoteWebDriver log
WARNING: Executed: [cd44c6affba781aa54e7211391473e1e, findElement {using=css selector, value=button#triage}]
May 09, 2019 1:17:09 PM org.openqa.selenium.remote.RemoteWebDriver log
WARNING: Executing: isElementDisplayed [cd44c6affba781aa54e7211391473e1e, isElementDisplayed {id=0.606373853551007-73}]
May 09, 2019 1:17:09 PM org.openqa.selenium.remote.RemoteWebDriver log
WARNING: Executed: [cd44c6affba781aa54e7211391473e1e, isElementDisplayed {id=0.606373853551007-73}]
May 09, 2019 1:17:09 PM org.openqa.selenium.remote.RemoteWebDriver log
WARNING: Executing: isElementEnabled [cd44c6affba781aa54e7211391473e1e, isElementEnabled {id=0.606373853551007-73}]
May 09, 2019 1:17:09 PM org.openqa.selenium.remote.RemoteWebDriver log
WARNING: Executed: [cd44c6affba781aa54e7211391473e1e, isElementEnabled {id=0.606373853551007-73}]
May 09, 2019 1:17:10 PM org.openqa.selenium.remote.RemoteWebDriver log
WARNING: Executing: findElement [cd44c6affba781aa54e7211391473e1e, findElement {using=css selector, value=button#triage}]
May 09, 2019 1:17:10 PM org.openqa.selenium.remote.RemoteWebDriver log
WARNING: Executed: [cd44c6affba781aa54e7211391473e1e, findElement {using=css selector, value=button#triage}]
May 09, 2019 1:17:10 PM org.openqa.selenium.remote.RemoteWebDriver log
WARNING: Executing: isElementDisplayed [cd44c6affba781aa54e7211391473e1e, isElementDisplayed {id=0.606373853551007-73}]
May 09, 2019 1:17:10 PM org.openqa.selenium.remote.RemoteWebDriver log
WARNING: Executed: [cd44c6affba781aa54e7211391473e1e, isElementDisplayed {id=0.606373853551007-73}]
May 09, 2019 1:17:10 PM org.openqa.selenium.remote.RemoteWebDriver log
WARNING: Executing: isElementEnabled [cd44c6affba781aa54e7211391473e1e, isElementEnabled {id=0.606373853551007-73}]
May 09, 2019 1:17:10 PM org.openqa.selenium.remote.RemoteWebDriver log
WARNING: Executed: [cd44c6affba781aa54e7211391473e1e, isElementEnabled {id=0.606373853551007-73}]
]]></system-err>
  </testcase>
  <testcase name="testPinned" classname="com.clarolab.AutomationIssuesTest" time="23.084"/>
  <testcase name="testSaveCancelCleanNote" classname="com.clarolab.AutomationIssuesTest" time="12.142"/>
  <testcase name="testShowPassingIssues" classname="com.clarolab.AutomationIssuesTest" time="18.531"/>
  <testcase name="testSortByNewerFirst" classname="com.clarolab.AutomationIssuesTest" time="20.467"/>
  <testcase name="testSortByOlderFirst" classname="com.clarolab.AutomationIssuesTest" time="22.854"/>
  <testcase name="testSortByPriority" classname="com.clarolab.AutomationIssuesTest" time="11.824"/>
  <testcase name="testSortBySuiteName" classname="com.clarolab.AutomationIssuesTest" time="19.605"/>
</testsuite>